<?xml version="1.0" encoding="UTF-8"?>
<testsuite name="mutex.system.MutualExclusionTest" tests="1" skipped="0" failures="0" errors="0" timestamp="2020-03-14T16:06:58" hostname="vadzimko.local" time="6.852">
  <properties/>
  <testcase name="testMutex" classname="mutex.system.MutualExclusionTest" time="6.852"/>
  <system-out><![CDATA[19:06:58.461 [Test worker] INFO System - Starting 5 processes with [ProcessImpl]
inp.1 << 19:06:59.581 [main] INFO Env - Running node 1 out of 5 with ProcessImpl class
inp.1 << 19:06:59.614 [Server-11001] INFO Server - @{1 LISTENING} at port 11001
inp.3 << 19:06:59.667 [main] INFO Env - Running node 3 out of 5 with ProcessImpl class
inp.4 << 19:06:59.679 [main] INFO Env - Running node 4 out of 5 with ProcessImpl class
inp.3 << 19:06:59.691 [Server-11003] INFO Server - @{3 LISTENING} at port 11003
inp.4 << 19:06:59.716 [Server-11004] INFO Server - @{4 LISTENING} at port 11004
inp.2 << 19:06:59.703 [main] INFO Env - Running node 2 out of 5 with ProcessImpl class
inp.2 << 19:06:59.752 [Server-11002] INFO Server - @{2 LISTENING} at port 11002
inp.5 << 19:06:59.777 [main] INFO Env - Running node 5 out of 5 with ProcessImpl class
inp.5 << 19:06:59.787 [Server-11005] INFO Server - @{5 LISTENING} at port 11005
out.1 >> ping
out.2 >> ping
out.3 >> ping
out.4 >> ping
out.5 >> ping
inp.1 << 19:06:59.792 [main] INFO Env - @{1 PONG}
inp.3 << 19:06:59.794 [main] INFO Env - @{3 PONG}
inp.4 << 19:06:59.797 [main] INFO Env - @{4 PONG}
inp.2 << 19:06:59.799 [main] INFO Env - @{2 PONG}
inp.5 << 19:06:59.826 [main] INFO Env - @{5 PONG}
out.1 >> lock
inp.1 << 19:06:59.828 [main] INFO Env - @{1 LOCKED}
out.1 >> unlock
inp.1 << 19:06:59.829 [main] INFO Env - @{1 UNLOCKED}
out.1 >> ping
out.2 >> ping
out.3 >> ping
out.4 >> ping
out.5 >> ping
inp.1 << 19:06:59.831 [main] INFO Env - @{1 PONG}
inp.3 << 19:06:59.833 [main] INFO Env - @{3 PONG}
inp.4 << 19:06:59.833 [main] INFO Env - @{4 PONG}
inp.2 << 19:06:59.835 [main] INFO Env - @{2 PONG}
inp.5 << 19:06:59.837 [main] INFO Env - @{5 PONG}
out.2 >> lock
inp.2 << 19:06:59.869 [main] INFO Env - @{2 SEND 1} Message(Ask)
inp.2 << 19:06:59.869 [main] INFO OutConn - Opening socket to node.1(localhost:11001)
inp.1 << 19:06:59.879 [InConn-127.0.0.1:57925] INFO InConn - Accepted connection from remote process 2 at 127.0.0.1:57925
inp.1 << 19:06:59.894 [main] INFO Env - @{1 RCVD 2} Message(Ask)
inp.1 << 19:06:59.897 [main] INFO Env - @{1 SEND 2} Message(Share)
inp.1 << 19:06:59.897 [main] INFO OutConn - Opening socket to node.2(localhost:11002)
inp.2 << 19:06:59.905 [InConn-127.0.0.1:57926] INFO InConn - Accepted connection from remote process 1 at 127.0.0.1:57926
inp.2 << 19:06:59.907 [main] INFO Env - @{2 RCVD 1} Message(Share)
inp.2 << 19:06:59.908 [main] INFO Env - @{2 LOCKED}
out.2 >> unlock
inp.2 << 19:06:59.909 [main] INFO Env - @{2 UNLOCKED}
out.1 >> ping
out.2 >> ping
out.3 >> ping
out.4 >> ping
out.5 >> ping
inp.1 << 19:06:59.911 [main] INFO Env - @{1 PONG}
inp.3 << 19:06:59.911 [main] INFO Env - @{3 PONG}
inp.4 << 19:06:59.912 [main] INFO Env - @{4 PONG}
inp.2 << 19:06:59.912 [main] INFO Env - @{2 PONG}
inp.5 << 19:06:59.913 [main] INFO Env - @{5 PONG}
out.3 >> lock
inp.3 << 19:06:59.943 [main] INFO Env - @{3 SEND 1} Message(Ask)
inp.3 << 19:06:59.944 [main] INFO OutConn - Opening socket to node.1(localhost:11001)
inp.1 << 19:06:59.957 [InConn-127.0.0.1:57927] INFO InConn - Accepted connection from remote process 3 at 127.0.0.1:57927
inp.1 << 19:06:59.958 [main] INFO Env - @{1 RCVD 3} Message(Ask)
inp.3 << 19:06:59.960 [main] INFO Env - @{3 SEND 2} Message(Ask)
inp.3 << 19:06:59.961 [main] INFO OutConn - Opening socket to node.2(localhost:11002)
inp.1 << 19:06:59.961 [main] INFO Env - @{1 SEND 3} Message(Share)
inp.1 << 19:06:59.961 [main] INFO OutConn - Opening socket to node.3(localhost:11003)
inp.2 << 19:06:59.976 [InConn-127.0.0.1:57929] INFO InConn - Accepted connection from remote process 3 at 127.0.0.1:57929
inp.2 << 19:06:59.976 [main] INFO Env - @{2 RCVD 3} Message(Ask)
inp.3 << 19:06:59.977 [InConn-127.0.0.1:57928] INFO InConn - Accepted connection from remote process 1 at 127.0.0.1:57928
inp.2 << 19:06:59.978 [main] INFO Env - @{2 SEND 3} Message(Share)
inp.2 << 19:06:59.978 [main] INFO OutConn - Opening socket to node.3(localhost:11003)
inp.3 << 19:06:59.980 [main] INFO Env - @{3 RCVD 1} Message(Share)
inp.3 << 19:06:59.980 [InConn-127.0.0.1:57930] INFO InConn - Accepted connection from remote process 2 at 127.0.0.1:57930
inp.3 << 19:06:59.981 [main] INFO Env - @{3 RCVD 2} Message(Share)
inp.3 << 19:06:59.981 [main] INFO Env - @{3 LOCKED}
out.3 >> unlock
inp.3 << 19:06:59.982 [main] INFO Env - @{3 UNLOCKED}
out.1 >> ping
out.2 >> ping
out.3 >> ping
out.4 >> ping
out.5 >> ping
inp.4 << 19:06:59.984 [main] INFO Env - @{4 PONG}
inp.1 << 19:06:59.984 [main] INFO Env - @{1 PONG}
inp.5 << 19:06:59.984 [main] INFO Env - @{5 PONG}
inp.3 << 19:06:59.985 [main] INFO Env - @{3 PONG}
inp.2 << 19:06:59.985 [main] INFO Env - @{2 PONG}
out.4 >> lock
inp.4 << 19:06:59.999 [main] INFO Env - @{4 SEND 1} Message(Ask)
inp.4 << 19:07:00.000 [main] INFO OutConn - Opening socket to node.1(localhost:11001)
inp.1 << 19:07:00.013 [InConn-127.0.0.1:57931] INFO InConn - Accepted connection from remote process 4 at 127.0.0.1:57931
inp.4 << 19:07:00.013 [main] INFO Env - @{4 SEND 2} Message(Ask)
inp.4 << 19:07:00.014 [main] INFO OutConn - Opening socket to node.2(localhost:11002)
inp.2 << 19:07:00.016 [InConn-127.0.0.1:57932] INFO InConn - Accepted connection from remote process 4 at 127.0.0.1:57932
inp.4 << 19:07:00.016 [main] INFO Env - @{4 SEND 3} Message(Ask)
inp.4 << 19:07:00.017 [main] INFO OutConn - Opening socket to node.3(localhost:11003)
inp.3 << 19:07:00.019 [InConn-127.0.0.1:57933] INFO InConn - Accepted connection from remote process 4 at 127.0.0.1:57933
inp.1 << 19:07:00.020 [main] INFO Env - @{1 RCVD 4} Message(Ask)
inp.1 << 19:07:00.021 [main] INFO Env - @{1 SEND 4} Message(Share)
inp.1 << 19:07:00.022 [main] INFO OutConn - Opening socket to node.4(localhost:11004)
inp.2 << 19:07:00.024 [main] INFO Env - @{2 RCVD 4} Message(Ask)
inp.2 << 19:07:00.025 [main] INFO Env - @{2 SEND 4} Message(Share)
inp.2 << 19:07:00.025 [main] INFO OutConn - Opening socket to node.4(localhost:11004)
inp.3 << 19:07:00.027 [main] INFO Env - @{3 RCVD 4} Message(Ask)
inp.4 << 19:07:00.028 [InConn-127.0.0.1:57934] INFO InConn - Accepted connection from remote process 1 at 127.0.0.1:57934
inp.4 << 19:07:00.028 [InConn-127.0.0.1:57935] INFO InConn - Accepted connection from remote process 2 at 127.0.0.1:57935
inp.4 << 19:07:00.029 [main] INFO Env - @{4 RCVD 1} Message(Share)
inp.4 << 19:07:00.029 [main] INFO Env - @{4 RCVD 2} Message(Share)
inp.3 << 19:07:00.030 [main] INFO Env - @{3 SEND 4} Message(Share)
inp.3 << 19:07:00.031 [main] INFO OutConn - Opening socket to node.4(localhost:11004)
inp.4 << 19:07:00.035 [InConn-127.0.0.1:57936] INFO InConn - Accepted connection from remote process 3 at 127.0.0.1:57936
inp.4 << 19:07:00.036 [main] INFO Env - @{4 RCVD 3} Message(Share)
inp.4 << 19:07:00.036 [main] INFO Env - @{4 LOCKED}
out.4 >> unlock
inp.4 << 19:07:00.038 [main] INFO Env - @{4 UNLOCKED}
out.1 >> ping
out.2 >> ping
out.3 >> ping
out.4 >> ping
out.5 >> ping
inp.4 << 19:07:00.048 [main] INFO Env - @{4 PONG}
inp.1 << 19:07:00.051 [main] INFO Env - @{1 PONG}
inp.5 << 19:07:00.052 [main] INFO Env - @{5 PONG}
inp.3 << 19:07:00.054 [main] INFO Env - @{3 PONG}
inp.2 << 19:07:00.055 [main] INFO Env - @{2 PONG}
out.5 >> lock
inp.5 << 19:07:00.080 [main] INFO Env - @{5 SEND 1} Message(Ask)
inp.5 << 19:07:00.080 [main] INFO OutConn - Opening socket to node.1(localhost:11001)
inp.1 << 19:07:00.088 [InConn-127.0.0.1:57937] INFO InConn - Accepted connection from remote process 5 at 127.0.0.1:57937
inp.5 << 19:07:00.088 [main] INFO Env - @{5 SEND 2} Message(Ask)
inp.1 << 19:07:00.088 [main] INFO Env - @{1 RCVD 5} Message(Ask)
inp.5 << 19:07:00.088 [main] INFO OutConn - Opening socket to node.2(localhost:11002)
inp.1 << 19:07:00.088 [main] INFO Env - @{1 SEND 5} Message(Share)
inp.1 << 19:07:00.089 [main] INFO OutConn - Opening socket to node.5(localhost:11005)
inp.2 << 19:07:00.091 [InConn-127.0.0.1:57939] INFO InConn - Accepted connection from remote process 5 at 127.0.0.1:57939
inp.2 << 19:07:00.091 [main] INFO Env - @{2 RCVD 5} Message(Ask)
inp.2 << 19:07:00.091 [main] INFO Env - @{2 SEND 5} Message(Share)
inp.2 << 19:07:00.092 [main] INFO OutConn - Opening socket to node.5(localhost:11005)
inp.5 << 19:07:00.094 [InConn-127.0.0.1:57938] INFO InConn - Accepted connection from remote process 1 at 127.0.0.1:57938
inp.5 << 19:07:00.094 [InConn-127.0.0.1:57940] INFO InConn - Accepted connection from remote process 2 at 127.0.0.1:57940
inp.5 << 19:07:00.094 [main] INFO Env - @{5 SEND 3} Message(Ask)
inp.5 << 19:07:00.095 [main] INFO OutConn - Opening socket to node.3(localhost:11003)
inp.5 << 19:07:00.096 [main] INFO Env - @{5 SEND 4} Message(Ask)
inp.3 << 19:07:00.096 [InConn-127.0.0.1:57941] INFO InConn - Accepted connection from remote process 5 at 127.0.0.1:57941
inp.5 << 19:07:00.096 [main] INFO OutConn - Opening socket to node.4(localhost:11004)
inp.3 << 19:07:00.097 [main] INFO Env - @{3 RCVD 5} Message(Ask)
inp.3 << 19:07:00.097 [main] INFO Env - @{3 SEND 5} Message(Share)
inp.3 << 19:07:00.097 [main] INFO OutConn - Opening socket to node.5(localhost:11005)
inp.5 << 19:07:00.098 [InConn-127.0.0.1:57943] INFO InConn - Accepted connection from remote process 3 at 127.0.0.1:57943
inp.4 << 19:07:00.098 [InConn-127.0.0.1:57942] INFO InConn - Accepted connection from remote process 5 at 127.0.0.1:57942
inp.4 << 19:07:00.099 [main] INFO Env - @{4 RCVD 5} Message(Ask)
inp.4 << 19:07:00.099 [main] INFO Env - @{4 SEND 5} Message(Share)
inp.4 << 19:07:00.099 [main] INFO OutConn - Opening socket to node.5(localhost:11005)
inp.5 << 19:07:00.099 [main] INFO Env - @{5 RCVD 2} Message(Share)
inp.5 << 19:07:00.102 [InConn-127.0.0.1:57944] INFO InConn - Accepted connection from remote process 4 at 127.0.0.1:57944
inp.5 << 19:07:00.102 [main] INFO Env - @{5 RCVD 1} Message(Share)
inp.5 << 19:07:00.103 [main] INFO Env - @{5 RCVD 3} Message(Share)
inp.5 << 19:07:00.104 [main] INFO Env - @{5 RCVD 4} Message(Share)
inp.5 << 19:07:00.105 [main] INFO Env - @{5 LOCKED}
out.5 >> unlock
inp.5 << 19:07:00.107 [main] INFO Env - @{5 UNLOCKED}
out.1 >> ping
out.2 >> ping
out.3 >> ping
out.4 >> ping
out.5 >> ping
inp.1 << 19:07:00.109 [main] INFO Env - @{1 PONG}
inp.2 << 19:07:00.110 [main] INFO Env - @{2 PONG}
inp.4 << 19:07:00.111 [main] INFO Env - @{4 PONG}
inp.3 << 19:07:00.111 [main] INFO Env - @{3 PONG}
inp.5 << 19:07:00.112 [main] INFO Env - @{5 PONG}
out.5 >> lock
out.4 >> lock
out.2 >> lock
out.3 >> lock
out.1 >> lock
inp.1 << 19:07:00.115 [main] INFO Env - @{1 SEND 2} Message(Ask)
inp.1 << 19:07:00.115 [main] INFO Env - @{1 SEND 3} Message(Ask)
inp.1 << 19:07:00.115 [main] INFO Env - @{1 SEND 4} Message(Ask)
inp.1 << 19:07:00.115 [main] INFO Env - @{1 SEND 5} Message(Ask)
inp.4 << 19:07:00.116 [main] INFO Env - @{4 SEND 5} Message(Ask)
inp.4 << 19:07:00.117 [main] INFO Env - @{4 RCVD 1} Message(Ask)
inp.4 << 19:07:00.117 [main] INFO Env - @{4 SEND 1} Message(Share)
inp.4 << 19:07:00.118 [main] INFO Env - @{4 SEND 1} Message(Ask)
inp.1 << 19:07:00.118 [main] INFO Env - @{1 RCVD 4} Message(Share)
inp.1 << 19:07:00.119 [main] INFO Env - @{1 RCVD 4} Message(Ask)
inp.2 << 19:07:00.119 [main] INFO Env - @{2 SEND 3} Message(Ask)
inp.2 << 19:07:00.121 [main] INFO Env - @{2 SEND 4} Message(Ask)
inp.2 << 19:07:00.123 [main] INFO Env - @{2 SEND 5} Message(Ask)
inp.2 << 19:07:00.126 [main] INFO Env - @{2 RCVD 1} Message(Ask)
inp.2 << 19:07:00.129 [main] INFO Env - @{2 SEND 1} Message(Share)
inp.1 << 19:07:00.129 [main] INFO Env - @{1 RCVD 2} Message(Share)
inp.2 << 19:07:00.130 [main] INFO Env - @{2 SEND 1} Message(Ask)
inp.1 << 19:07:00.132 [main] INFO Env - @{1 RCVD 2} Message(Ask)
inp.3 << 19:07:00.133 [main] INFO Env - @{3 SEND 4} Message(Ask)
inp.3 << 19:07:00.135 [main] INFO Env - @{3 SEND 5} Message(Ask)
inp.3 << 19:07:00.142 [main] INFO Env - @{3 RCVD 1} Message(Ask)
inp.3 << 19:07:00.143 [main] INFO Env - @{3 SEND 1} Message(Share)
inp.3 << 19:07:00.143 [main] INFO Env - @{3 SEND 1} Message(Ask)
inp.3 << 19:07:00.143 [main] INFO Env - @{3 RCVD 2} Message(Ask)
inp.3 << 19:07:00.143 [main] INFO Env - @{3 SEND 2} Message(Share)
inp.3 << 19:07:00.143 [main] INFO Env - @{3 SEND 2} Message(Ask)
inp.1 << 19:07:00.144 [main] INFO Env - @{1 RCVD 3} Message(Share)
inp.1 << 19:07:00.144 [main] INFO Env - @{1 RCVD 3} Message(Ask)
inp.4 << 19:07:00.146 [main] INFO Env - @{4 RCVD 2} Message(Ask)
inp.4 << 19:07:00.146 [main] INFO Env - @{4 SEND 2} Message(Share)
inp.4 << 19:07:00.147 [main] INFO Env - @{4 SEND 2} Message(Ask)
inp.2 << 19:07:00.148 [main] INFO Env - @{2 RCVD 3} Message(Share)
inp.2 << 19:07:00.148 [main] INFO Env - @{2 RCVD 3} Message(Ask)
inp.4 << 19:07:00.148 [main] INFO Env - @{4 RCVD 3} Message(Ask)
inp.2 << 19:07:00.148 [main] INFO Env - @{2 RCVD 4} Message(Share)
inp.2 << 19:07:00.149 [main] INFO Env - @{2 RCVD 4} Message(Ask)
inp.4 << 19:07:00.150 [main] INFO Env - @{4 SEND 3} Message(Share)
inp.4 << 19:07:00.151 [main] INFO Env - @{4 SEND 3} Message(Ask)
inp.3 << 19:07:00.152 [main] INFO Env - @{3 RCVD 4} Message(Share)
inp.3 << 19:07:00.152 [main] INFO Env - @{3 RCVD 4} Message(Ask)
inp.5 << 19:07:00.155 [main] INFO Env - @{5 LOCKED}
out.5 >> unlock
inp.5 << 19:07:00.159 [main] INFO Env - @{5 RCVD 1} Message(Ask)
inp.5 << 19:07:00.162 [main] INFO Env - @{5 RCVD 4} Message(Ask)
inp.5 << 19:07:00.163 [main] INFO Env - @{5 RCVD 2} Message(Ask)
inp.5 << 19:07:00.163 [main] INFO Env - @{5 RCVD 3} Message(Ask)
inp.5 << 19:07:00.163 [main] INFO Env - @{5 UNLOCKED}
inp.5 << 19:07:00.163 [main] INFO Env - @{5 SEND 1} Message(Share)
inp.1 << 19:07:00.164 [main] INFO Env - @{1 RCVD 5} Message(Share)
inp.5 << 19:07:00.164 [main] INFO Env - @{5 SEND 2} Message(Share)
inp.1 << 19:07:00.164 [main] INFO Env - @{1 LOCKED}
out.1 >> unlock
inp.1 << 19:07:00.165 [main] INFO Env - @{1 UNLOCKED}
inp.1 << 19:07:00.165 [main] INFO Env - @{1 SEND 2} Message(Share)
inp.1 << 19:07:00.165 [main] INFO Env - @{1 SEND 3} Message(Share)
inp.1 << 19:07:00.166 [main] INFO Env - @{1 SEND 4} Message(Share)
inp.2 << 19:07:00.166 [main] INFO Env - @{2 RCVD 1} Message(Share)
inp.3 << 19:07:00.167 [main] INFO Env - @{3 RCVD 1} Message(Share)
inp.4 << 19:07:00.167 [main] INFO Env - @{4 RCVD 1} Message(Share)
inp.2 << 19:07:00.167 [main] INFO Env - @{2 RCVD 5} Message(Share)
inp.2 << 19:07:00.168 [main] INFO Env - @{2 LOCKED}
out.2 >> unlock
inp.5 << 19:07:00.169 [main] INFO Env - @{5 SEND 3} Message(Share)
inp.2 << 19:07:00.169 [main] INFO Env - @{2 UNLOCKED}
inp.2 << 19:07:00.170 [main] INFO Env - @{2 SEND 3} Message(Share)
inp.2 << 19:07:00.177 [main] INFO Env - @{2 SEND 4} Message(Share)
inp.3 << 19:07:00.176 [main] INFO Env - @{3 RCVD 5} Message(Share)
inp.3 << 19:07:00.177 [main] INFO Env - @{3 RCVD 2} Message(Share)
inp.3 << 19:07:00.180 [main] INFO Env - @{3 LOCKED}
out.3 >> unlock
inp.4 << 19:07:00.181 [main] INFO Env - @{4 RCVD 2} Message(Share)
inp.3 << 19:07:00.188 [main] INFO Env - @{3 UNLOCKED}
inp.3 << 19:07:00.189 [main] INFO Env - @{3 SEND 4} Message(Share)
inp.4 << 19:07:00.190 [main] INFO Env - @{4 RCVD 3} Message(Share)
inp.5 << 19:07:00.191 [main] INFO Env - @{5 SEND 4} Message(Share)
inp.4 << 19:07:00.191 [main] INFO Env - @{4 RCVD 5} Message(Share)
inp.4 << 19:07:00.192 [main] INFO Env - @{4 LOCKED}
out.4 >> unlock
inp.4 << 19:07:00.193 [main] INFO Env - @{4 UNLOCKED}
out.1 >> ping
out.2 >> ping
out.3 >> ping
out.4 >> ping
out.5 >> ping
inp.1 << 19:07:00.195 [main] INFO Env - @{1 PONG}
inp.4 << 19:07:00.197 [main] INFO Env - @{4 PONG}
inp.2 << 19:07:00.197 [main] INFO Env - @{2 PONG}
inp.3 << 19:07:00.198 [main] INFO Env - @{3 PONG}
inp.5 << 19:07:00.199 [main] INFO Env - @{5 PONG}
out.5 >> lock
inp.5 << 19:07:00.200 [main] INFO Env - @{5 SEND 1} Message(Ask)
inp.5 << 19:07:00.200 [main] INFO Env - @{5 SEND 2} Message(Ask)
inp.2 << 19:07:00.200 [main] INFO Env - @{2 RCVD 5} Message(Ask)
inp.1 << 19:07:00.200 [main] INFO Env - @{1 RCVD 5} Message(Ask)
inp.2 << 19:07:00.201 [main] INFO Env - @{2 SEND 5} Message(Share)
inp.1 << 19:07:00.201 [main] INFO Env - @{1 SEND 5} Message(Share)
inp.5 << 19:07:00.201 [main] INFO Env - @{5 SEND 3} Message(Ask)
inp.5 << 19:07:00.202 [main] INFO Env - @{5 SEND 4} Message(Ask)
inp.3 << 19:07:00.202 [main] INFO Env - @{3 RCVD 5} Message(Ask)
inp.3 << 19:07:00.203 [main] INFO Env - @{3 SEND 5} Message(Share)
inp.4 << 19:07:00.203 [main] INFO Env - @{4 RCVD 5} Message(Ask)
inp.4 << 19:07:00.203 [main] INFO Env - @{4 SEND 5} Message(Share)
inp.5 << 19:07:00.204 [main] INFO Env - @{5 RCVD 1} Message(Share)
inp.5 << 19:07:00.204 [main] INFO Env - @{5 RCVD 2} Message(Share)
inp.5 << 19:07:00.204 [main] INFO Env - @{5 RCVD 3} Message(Share)
inp.5 << 19:07:00.204 [main] INFO Env - @{5 RCVD 4} Message(Share)
inp.5 << 19:07:00.204 [main] INFO Env - @{5 LOCKED}
out.5 >> unlock
inp.5 << 19:07:00.211 [main] INFO Env - @{5 UNLOCKED}
out.1 >> ping
out.2 >> ping
out.3 >> ping
out.4 >> ping
out.5 >> ping
inp.1 << 19:07:00.212 [main] INFO Env - @{1 PONG}
inp.2 << 19:07:00.213 [main] INFO Env - @{2 PONG}
inp.3 << 19:07:00.213 [main] INFO Env - @{3 PONG}
inp.4 << 19:07:00.214 [main] INFO Env - @{4 PONG}
inp.5 << 19:07:00.215 [main] INFO Env - @{5 PONG}
out.5 >> lock
inp.5 << 19:07:00.217 [main] INFO Env - @{5 LOCKED}
out.5 >> unlock
inp.5 << 19:07:00.221 [main] INFO Env - @{5 UNLOCKED}
out.1 >> ping
out.2 >> ping
out.3 >> ping
out.4 >> ping
out.5 >> ping
inp.1 << 19:07:00.224 [main] INFO Env - @{1 PONG}
inp.3 << 19:07:00.224 [main] INFO Env - @{3 PONG}
inp.4 << 19:07:00.224 [main] INFO Env - @{4 PONG}
inp.2 << 19:07:00.225 [main] INFO Env - @{2 PONG}
inp.5 << 19:07:00.225 [main] INFO Env - @{5 PONG}
out.5 >> lock
inp.5 << 19:07:00.227 [main] INFO Env - @{5 LOCKED}
out.5 >> unlock
inp.5 << 19:07:00.234 [main] INFO Env - @{5 UNLOCKED}
out.1 >> ping
out.2 >> ping
out.3 >> ping
out.4 >> ping
out.5 >> ping
inp.1 << 19:07:00.236 [main] INFO Env - @{1 PONG}
inp.3 << 19:07:00.236 [main] INFO Env - @{3 PONG}
inp.4 << 19:07:00.236 [main] INFO Env - @{4 PONG}
inp.2 << 19:07:00.237 [main] INFO Env - @{2 PONG}
inp.5 << 19:07:00.238 [main] INFO Env - @{5 PONG}
out.5 >> lock
out.3 >> lock
inp.3 << 19:07:00.257 [main] INFO Env - @{3 SEND 4} Message(Ask)
inp.3 << 19:07:00.259 [main] INFO Env - @{3 SEND 5} Message(Ask)
inp.4 << 19:07:00.260 [main] INFO Env - @{4 RCVD 3} Message(Ask)
inp.4 << 19:07:00.260 [main] INFO Env - @{4 SEND 3} Message(Share)
inp.3 << 19:07:00.260 [main] INFO Env - @{3 RCVD 4} Message(Share)
inp.5 << 19:07:00.257 [main] INFO Env - @{5 LOCKED}
inp.5 << 19:07:00.261 [main] INFO Env - @{5 RCVD 3} Message(Ask)
out.5 >> unlock
inp.5 << 19:07:00.263 [main] INFO Env - @{5 UNLOCKED}
inp.5 << 19:07:00.263 [main] INFO Env - @{5 SEND 3} Message(Share)
inp.3 << 19:07:00.264 [main] INFO Env - @{3 RCVD 5} Message(Share)
inp.3 << 19:07:00.264 [main] INFO Env - @{3 LOCKED}
out.3 >> unlock
inp.3 << 19:07:00.264 [main] INFO Env - @{3 UNLOCKED}
out.1 >> ping
out.2 >> ping
out.3 >> ping
out.4 >> ping
out.5 >> ping
inp.1 << 19:07:00.265 [main] INFO Env - @{1 PONG}
inp.3 << 19:07:00.265 [main] INFO Env - @{3 PONG}
inp.4 << 19:07:00.265 [main] INFO Env - @{4 PONG}
inp.2 << 19:07:00.266 [main] INFO Env - @{2 PONG}
inp.5 << 19:07:00.267 [main] INFO Env - @{5 PONG}
out.5 >> lock
out.3 >> lock
inp.5 << 19:07:00.268 [main] INFO Env - @{5 SEND 3} Message(Ask)
inp.3 << 19:07:00.268 [main] INFO Env - @{3 LOCKED}
inp.3 << 19:07:00.268 [main] INFO Env - @{3 RCVD 5} Message(Ask)
out.3 >> unlock
inp.3 << 19:07:00.270 [main] INFO Env - @{3 UNLOCKED}
inp.3 << 19:07:00.270 [main] INFO Env - @{3 SEND 5} Message(Share)
inp.5 << 19:07:00.271 [main] INFO Env - @{5 RCVD 3} Message(Share)
inp.5 << 19:07:00.271 [main] INFO Env - @{5 LOCKED}
out.5 >> unlock
inp.5 << 19:07:00.271 [main] INFO Env - @{5 UNLOCKED}
out.1 >> ping
out.2 >> ping
out.3 >> ping
out.4 >> ping
out.5 >> ping
inp.1 << 19:07:00.273 [main] INFO Env - @{1 PONG}
inp.3 << 19:07:00.273 [main] INFO Env - @{3 PONG}
inp.4 << 19:07:00.273 [main] INFO Env - @{4 PONG}
inp.2 << 19:07:00.274 [main] INFO Env - @{2 PONG}
inp.5 << 19:07:00.274 [main] INFO Env - @{5 PONG}
out.5 >> lock
out.3 >> lock
inp.3 << 19:07:00.275 [main] INFO Env - @{3 SEND 5} Message(Ask)
inp.5 << 19:07:00.275 [main] INFO Env - @{5 LOCKED}
inp.5 << 19:07:00.275 [main] INFO Env - @{5 RCVD 3} Message(Ask)
out.5 >> unlock
inp.5 << 19:07:00.276 [main] INFO Env - @{5 UNLOCKED}
inp.5 << 19:07:00.276 [main] INFO Env - @{5 SEND 3} Message(Share)
inp.3 << 19:07:00.277 [main] INFO Env - @{3 RCVD 5} Message(Share)
inp.3 << 19:07:00.277 [main] INFO Env - @{3 LOCKED}
out.3 >> unlock
inp.3 << 19:07:00.277 [main] INFO Env - @{3 UNLOCKED}
out.1 >> ping
out.2 >> ping
out.3 >> ping
out.4 >> ping
out.5 >> ping
inp.1 << 19:07:00.278 [main] INFO Env - @{1 PONG}
inp.3 << 19:07:00.278 [main] INFO Env - @{3 PONG}
inp.4 << 19:07:00.279 [main] INFO Env - @{4 PONG}
inp.2 << 19:07:00.279 [main] INFO Env - @{2 PONG}
inp.5 << 19:07:00.279 [main] INFO Env - @{5 PONG}
out.1 >> ping
out.2 >> ping
out.3 >> ping
out.4 >> ping
out.5 >> ping
inp.1 << 19:07:00.280 [main] INFO Env - @{1 PONG}
inp.3 << 19:07:00.280 [main] INFO Env - @{3 PONG}
inp.4 << 19:07:00.280 [main] INFO Env - @{4 PONG}
inp.2 << 19:07:00.281 [main] INFO Env - @{2 PONG}
inp.5 << 19:07:00.281 [main] INFO Env - @{5 PONG}
out.1 >> lock
inp.1 << 19:07:00.282 [main] INFO Env - @{1 SEND 2} Message(Ask)
inp.1 << 19:07:00.282 [main] INFO Env - @{1 SEND 3} Message(Ask)
inp.1 << 19:07:00.283 [main] INFO Env - @{1 SEND 4} Message(Ask)
inp.1 << 19:07:00.283 [main] INFO Env - @{1 SEND 5} Message(Ask)
inp.3 << 19:07:00.284 [main] INFO Env - @{3 RCVD 1} Message(Ask)
inp.3 << 19:07:00.284 [main] INFO Env - @{3 SEND 1} Message(Share)
inp.1 << 19:07:00.284 [main] INFO Env - @{1 RCVD 3} Message(Share)
inp.2 << 19:07:00.285 [main] INFO Env - @{2 RCVD 1} Message(Ask)
inp.4 << 19:07:00.285 [main] INFO Env - @{4 RCVD 1} Message(Ask)
inp.4 << 19:07:00.285 [main] INFO Env - @{4 SEND 1} Message(Share)
inp.1 << 19:07:00.286 [main] INFO Env - @{1 RCVD 4} Message(Share)
inp.2 << 19:07:00.286 [main] INFO Env - @{2 SEND 1} Message(Share)
inp.1 << 19:07:00.287 [main] INFO Env - @{1 RCVD 2} Message(Share)
inp.5 << 19:07:00.290 [main] INFO Env - @{5 RCVD 1} Message(Ask)
inp.5 << 19:07:00.290 [main] INFO Env - @{5 SEND 1} Message(Share)
inp.1 << 19:07:00.290 [main] INFO Env - @{1 RCVD 5} Message(Share)
inp.1 << 19:07:00.291 [main] INFO Env - @{1 LOCKED}
out.1 >> unlock
inp.1 << 19:07:00.292 [main] INFO Env - @{1 UNLOCKED}
out.1 >> ping
out.2 >> ping
out.3 >> ping
out.4 >> ping
out.5 >> ping
inp.1 << 19:07:00.293 [main] INFO Env - @{1 PONG}
inp.3 << 19:07:00.293 [main] INFO Env - @{3 PONG}
inp.4 << 19:07:00.294 [main] INFO Env - @{4 PONG}
inp.2 << 19:07:00.295 [main] INFO Env - @{2 PONG}
inp.5 << 19:07:00.295 [main] INFO Env - @{5 PONG}
out.2 >> lock
inp.2 << 19:07:00.297 [main] INFO Env - @{2 SEND 1} Message(Ask)
inp.1 << 19:07:00.297 [main] INFO Env - @{1 RCVD 2} Message(Ask)
inp.1 << 19:07:00.297 [main] INFO Env - @{1 SEND 2} Message(Share)
inp.2 << 19:07:00.299 [main] INFO Env - @{2 SEND 3} Message(Ask)
inp.3 << 19:07:00.299 [main] INFO Env - @{3 RCVD 2} Message(Ask)
inp.3 << 19:07:00.300 [main] INFO Env - @{3 SEND 2} Message(Share)
inp.2 << 19:07:00.300 [main] INFO Env - @{2 SEND 4} Message(Ask)
inp.2 << 19:07:00.300 [main] INFO Env - @{2 SEND 5} Message(Ask)
inp.2 << 19:07:00.300 [main] INFO Env - @{2 RCVD 1} Message(Share)
inp.2 << 19:07:00.301 [main] INFO Env - @{2 RCVD 3} Message(Share)
inp.4 << 19:07:00.301 [main] INFO Env - @{4 RCVD 2} Message(Ask)
inp.4 << 19:07:00.301 [main] INFO Env - @{4 SEND 2} Message(Share)
inp.2 << 19:07:00.302 [main] INFO Env - @{2 RCVD 4} Message(Share)
inp.5 << 19:07:00.302 [main] INFO Env - @{5 RCVD 2} Message(Ask)
inp.5 << 19:07:00.302 [main] INFO Env - @{5 SEND 2} Message(Share)
inp.2 << 19:07:00.303 [main] INFO Env - @{2 RCVD 5} Message(Share)
inp.2 << 19:07:00.303 [main] INFO Env - @{2 LOCKED}
out.2 >> unlock
inp.2 << 19:07:00.304 [main] INFO Env - @{2 UNLOCKED}
out.1 >> ping
out.2 >> ping
out.3 >> ping
out.4 >> ping
out.5 >> ping
inp.1 << 19:07:00.306 [main] INFO Env - @{1 PONG}
inp.3 << 19:07:00.307 [main] INFO Env - @{3 PONG}
inp.4 << 19:07:00.309 [main] INFO Env - @{4 PONG}
inp.2 << 19:07:00.309 [main] INFO Env - @{2 PONG}
inp.5 << 19:07:00.311 [main] INFO Env - @{5 PONG}
out.3 >> lock
inp.3 << 19:07:00.311 [main] INFO Env - @{3 SEND 1} Message(Ask)
inp.1 << 19:07:00.312 [main] INFO Env - @{1 RCVD 3} Message(Ask)
inp.1 << 19:07:00.313 [main] INFO Env - @{1 SEND 3} Message(Share)
inp.3 << 19:07:00.313 [main] INFO Env - @{3 SEND 2} Message(Ask)
inp.3 << 19:07:00.314 [main] INFO Env - @{3 RCVD 1} Message(Share)
inp.2 << 19:07:00.314 [main] INFO Env - @{2 RCVD 3} Message(Ask)
inp.2 << 19:07:00.314 [main] INFO Env - @{2 SEND 3} Message(Share)
inp.3 << 19:07:00.315 [main] INFO Env - @{3 RCVD 2} Message(Share)
inp.3 << 19:07:00.316 [main] INFO Env - @{3 LOCKED}
out.3 >> unlock
inp.3 << 19:07:00.317 [main] INFO Env - @{3 UNLOCKED}
out.1 >> ping
out.2 >> ping
out.3 >> ping
out.4 >> ping
out.5 >> ping
inp.1 << 19:07:00.318 [main] INFO Env - @{1 PONG}
inp.3 << 19:07:00.318 [main] INFO Env - @{3 PONG}
inp.4 << 19:07:00.319 [main] INFO Env - @{4 PONG}
inp.2 << 19:07:00.320 [main] INFO Env - @{2 PONG}
inp.5 << 19:07:00.320 [main] INFO Env - @{5 PONG}
out.4 >> lock
inp.4 << 19:07:00.322 [main] INFO Env - @{4 SEND 1} Message(Ask)
inp.1 << 19:07:00.322 [main] INFO Env - @{1 RCVD 4} Message(Ask)
inp.1 << 19:07:00.323 [main] INFO Env - @{1 SEND 4} Message(Share)
inp.4 << 19:07:00.324 [main] INFO Env - @{4 SEND 2} Message(Ask)
inp.4 << 19:07:00.324 [main] INFO Env - @{4 SEND 3} Message(Ask)
inp.4 << 19:07:00.324 [main] INFO Env - @{4 SEND 5} Message(Ask)
inp.4 << 19:07:00.324 [main] INFO Env - @{4 RCVD 1} Message(Share)
inp.3 << 19:07:00.325 [main] INFO Env - @{3 RCVD 4} Message(Ask)
inp.3 << 19:07:00.325 [main] INFO Env - @{3 SEND 4} Message(Share)
inp.2 << 19:07:00.325 [main] INFO Env - @{2 RCVD 4} Message(Ask)
inp.2 << 19:07:00.325 [main] INFO Env - @{2 SEND 4} Message(Share)
inp.4 << 19:07:00.326 [main] INFO Env - @{4 RCVD 3} Message(Share)
inp.4 << 19:07:00.326 [main] INFO Env - @{4 RCVD 2} Message(Share)
inp.5 << 19:07:00.326 [main] INFO Env - @{5 RCVD 4} Message(Ask)
inp.5 << 19:07:00.326 [main] INFO Env - @{5 SEND 4} Message(Share)
inp.4 << 19:07:00.327 [main] INFO Env - @{4 RCVD 5} Message(Share)
inp.4 << 19:07:00.327 [main] INFO Env - @{4 LOCKED}
out.4 >> unlock
inp.4 << 19:07:00.328 [main] INFO Env - @{4 UNLOCKED}
out.1 >> ping
out.2 >> ping
out.3 >> ping
out.4 >> ping
out.5 >> ping
inp.1 << 19:07:00.330 [main] INFO Env - @{1 PONG}
inp.3 << 19:07:00.331 [main] INFO Env - @{3 PONG}
inp.4 << 19:07:00.331 [main] INFO Env - @{4 PONG}
inp.2 << 19:07:00.331 [main] INFO Env - @{2 PONG}
inp.5 << 19:07:00.332 [main] INFO Env - @{5 PONG}
out.5 >> lock
inp.5 << 19:07:00.333 [main] INFO Env - @{5 SEND 1} Message(Ask)
inp.5 << 19:07:00.333 [main] INFO Env - @{5 SEND 2} Message(Ask)
inp.1 << 19:07:00.333 [main] INFO Env - @{1 RCVD 5} Message(Ask)
inp.1 << 19:07:00.334 [main] INFO Env - @{1 SEND 5} Message(Share)
inp.2 << 19:07:00.334 [main] INFO Env - @{2 RCVD 5} Message(Ask)
inp.2 << 19:07:00.335 [main] INFO Env - @{2 SEND 5} Message(Share)
inp.5 << 19:07:00.336 [main] INFO Env - @{5 SEND 3} Message(Ask)
inp.5 << 19:07:00.337 [main] INFO Env - @{5 SEND 4} Message(Ask)
inp.5 << 19:07:00.337 [main] INFO Env - @{5 RCVD 1} Message(Share)
inp.5 << 19:07:00.337 [main] INFO Env - @{5 RCVD 2} Message(Share)
inp.3 << 19:07:00.337 [main] INFO Env - @{3 RCVD 5} Message(Ask)
inp.4 << 19:07:00.337 [main] INFO Env - @{4 RCVD 5} Message(Ask)
inp.3 << 19:07:00.338 [main] INFO Env - @{3 SEND 5} Message(Share)
inp.4 << 19:07:00.338 [main] INFO Env - @{4 SEND 5} Message(Share)
inp.5 << 19:07:00.338 [main] INFO Env - @{5 RCVD 3} Message(Share)
inp.5 << 19:07:00.340 [main] INFO Env - @{5 RCVD 4} Message(Share)
inp.5 << 19:07:00.341 [main] INFO Env - @{5 LOCKED}
out.5 >> unlock
inp.5 << 19:07:00.342 [main] INFO Env - @{5 UNLOCKED}
out.1 >> ping
out.2 >> ping
out.3 >> ping
out.4 >> ping
out.5 >> ping
inp.2 << 19:07:00.343 [main] INFO Env - @{2 PONG}
inp.1 << 19:07:00.343 [main] INFO Env - @{1 PONG}
inp.4 << 19:07:00.343 [main] INFO Env - @{4 PONG}
inp.3 << 19:07:00.344 [main] INFO Env - @{3 PONG}
inp.5 << 19:07:00.346 [main] INFO Env - @{5 PONG}
out.5 >> lock
out.1 >> lock
out.4 >> lock
out.3 >> lock
out.2 >> lock
inp.1 << 19:07:00.357 [main] INFO Env - @{1 SEND 2} Message(Ask)
inp.1 << 19:07:00.360 [main] INFO Env - @{1 SEND 3} Message(Ask)
inp.4 << 19:07:00.358 [main] INFO Env - @{4 SEND 5} Message(Ask)
inp.1 << 19:07:00.361 [main] INFO Env - @{1 SEND 4} Message(Ask)
inp.1 << 19:07:00.362 [main] INFO Env - @{1 SEND 5} Message(Ask)
inp.4 << 19:07:00.363 [main] INFO Env - @{4 RCVD 1} Message(Ask)
inp.2 << 19:07:00.363 [main] INFO Env - @{2 RCVD 1} Message(Ask)
inp.4 << 19:07:00.363 [main] INFO Env - @{4 SEND 1} Message(Share)
inp.2 << 19:07:00.363 [main] INFO Env - @{2 SEND 1} Message(Share)
inp.2 << 19:07:00.363 [main] INFO Env - @{2 SEND 1} Message(Ask)
inp.2 << 19:07:00.364 [main] INFO Env - @{2 SEND 3} Message(Ask)
inp.2 << 19:07:00.364 [main] INFO Env - @{2 SEND 4} Message(Ask)
inp.2 << 19:07:00.364 [main] INFO Env - @{2 SEND 5} Message(Ask)
inp.1 << 19:07:00.364 [main] INFO Env - @{1 RCVD 4} Message(Share)
inp.1 << 19:07:00.365 [main] INFO Env - @{1 RCVD 2} Message(Share)
inp.1 << 19:07:00.365 [main] INFO Env - @{1 RCVD 2} Message(Ask)
inp.4 << 19:07:00.365 [main] INFO Env - @{4 SEND 1} Message(Ask)
inp.4 << 19:07:00.365 [main] INFO Env - @{4 RCVD 2} Message(Ask)
inp.4 << 19:07:00.365 [main] INFO Env - @{4 SEND 2} Message(Share)
inp.4 << 19:07:00.365 [main] INFO Env - @{4 SEND 2} Message(Ask)
inp.1 << 19:07:00.366 [main] INFO Env - @{1 RCVD 4} Message(Ask)
inp.2 << 19:07:00.366 [main] INFO Env - @{2 RCVD 4} Message(Share)
inp.2 << 19:07:00.366 [main] INFO Env - @{2 RCVD 4} Message(Ask)
inp.3 << 19:07:00.367 [main] INFO Env - @{3 SEND 4} Message(Ask)
inp.3 << 19:07:00.367 [main] INFO Env - @{3 SEND 5} Message(Ask)
inp.3 << 19:07:00.367 [main] INFO Env - @{3 RCVD 1} Message(Ask)
inp.3 << 19:07:00.367 [main] INFO Env - @{3 SEND 1} Message(Share)
inp.3 << 19:07:00.367 [main] INFO Env - @{3 SEND 1} Message(Ask)
inp.3 << 19:07:00.367 [main] INFO Env - @{3 RCVD 2} Message(Ask)
inp.3 << 19:07:00.367 [main] INFO Env - @{3 SEND 2} Message(Share)
inp.3 << 19:07:00.367 [main] INFO Env - @{3 SEND 2} Message(Ask)
inp.1 << 19:07:00.367 [main] INFO Env - @{1 RCVD 3} Message(Share)
inp.4 << 19:07:00.367 [main] INFO Env - @{4 RCVD 3} Message(Ask)
inp.1 << 19:07:00.368 [main] INFO Env - @{1 RCVD 3} Message(Ask)
inp.4 << 19:07:00.368 [main] INFO Env - @{4 SEND 3} Message(Share)
inp.4 << 19:07:00.368 [main] INFO Env - @{4 SEND 3} Message(Ask)
inp.2 << 19:07:00.368 [main] INFO Env - @{2 RCVD 3} Message(Share)
inp.2 << 19:07:00.369 [main] INFO Env - @{2 RCVD 3} Message(Ask)
inp.3 << 19:07:00.369 [main] INFO Env - @{3 RCVD 4} Message(Share)
inp.3 << 19:07:00.369 [main] INFO Env - @{3 RCVD 4} Message(Ask)
inp.5 << 19:07:00.370 [main] INFO Env - @{5 LOCKED}
inp.5 << 19:07:00.370 [main] INFO Env - @{5 RCVD 4} Message(Ask)
inp.5 << 19:07:00.370 [main] INFO Env - @{5 RCVD 1} Message(Ask)
inp.5 << 19:07:00.370 [main] INFO Env - @{5 RCVD 2} Message(Ask)
inp.5 << 19:07:00.371 [main] INFO Env - @{5 RCVD 3} Message(Ask)
out.5 >> unlock
inp.5 << 19:07:00.371 [main] INFO Env - @{5 UNLOCKED}
inp.5 << 19:07:00.371 [main] INFO Env - @{5 SEND 1} Message(Share)
inp.1 << 19:07:00.372 [main] INFO Env - @{1 RCVD 5} Message(Share)
inp.1 << 19:07:00.372 [main] INFO Env - @{1 LOCKED}
out.1 >> unlock
inp.1 << 19:07:00.374 [main] INFO Env - @{1 UNLOCKED}
inp.1 << 19:07:00.374 [main] INFO Env - @{1 SEND 2} Message(Share)
inp.1 << 19:07:00.374 [main] INFO Env - @{1 SEND 3} Message(Share)
inp.1 << 19:07:00.374 [main] INFO Env - @{1 SEND 4} Message(Share)
inp.5 << 19:07:00.373 [main] INFO Env - @{5 SEND 2} Message(Share)
inp.4 << 19:07:00.374 [main] INFO Env - @{4 RCVD 1} Message(Share)
inp.2 << 19:07:00.374 [main] INFO Env - @{2 RCVD 5} Message(Share)
inp.2 << 19:07:00.375 [main] INFO Env - @{2 RCVD 1} Message(Share)
inp.2 << 19:07:00.375 [main] INFO Env - @{2 LOCKED}
inp.3 << 19:07:00.375 [main] INFO Env - @{3 RCVD 1} Message(Share)
out.2 >> unlock
inp.2 << 19:07:00.376 [main] INFO Env - @{2 UNLOCKED}
inp.2 << 19:07:00.376 [main] INFO Env - @{2 SEND 3} Message(Share)
inp.2 << 19:07:00.377 [main] INFO Env - @{2 SEND 4} Message(Share)
inp.3 << 19:07:00.377 [main] INFO Env - @{3 RCVD 2} Message(Share)
inp.4 << 19:07:00.377 [main] INFO Env - @{4 RCVD 2} Message(Share)
inp.5 << 19:07:00.376 [main] INFO Env - @{5 SEND 3} Message(Share)
inp.3 << 19:07:00.378 [main] INFO Env - @{3 RCVD 5} Message(Share)
inp.5 << 19:07:00.378 [main] INFO Env - @{5 SEND 4} Message(Share)
inp.3 << 19:07:00.378 [main] INFO Env - @{3 LOCKED}
out.3 >> unlock
inp.4 << 19:07:00.378 [main] INFO Env - @{4 RCVD 5} Message(Share)
inp.3 << 19:07:00.379 [main] INFO Env - @{3 UNLOCKED}
inp.3 << 19:07:00.379 [main] INFO Env - @{3 SEND 4} Message(Share)
inp.4 << 19:07:00.379 [main] INFO Env - @{4 RCVD 3} Message(Share)
inp.4 << 19:07:00.379 [main] INFO Env - @{4 LOCKED}
out.4 >> unlock
inp.4 << 19:07:00.380 [main] INFO Env - @{4 UNLOCKED}
out.1 >> ping
out.2 >> ping
out.3 >> ping
out.4 >> ping
inp.1 << 19:07:00.381 [main] INFO Env - @{1 PONG}
inp.2 << 19:07:00.382 [main] INFO Env - @{2 PONG}
out.5 >> ping
inp.4 << 19:07:00.382 [main] INFO Env - @{4 PONG}
inp.3 << 19:07:00.383 [main] INFO Env - @{3 PONG}
inp.5 << 19:07:00.383 [main] INFO Env - @{5 PONG}
out.1 >> lock
inp.1 << 19:07:00.384 [main] INFO Env - @{1 SEND 2} Message(Ask)
inp.1 << 19:07:00.385 [main] INFO Env - @{1 SEND 3} Message(Ask)
inp.1 << 19:07:00.385 [main] INFO Env - @{1 SEND 4} Message(Ask)
inp.4 << 19:07:00.385 [main] INFO Env - @{4 RCVD 1} Message(Ask)
inp.2 << 19:07:00.385 [main] INFO Env - @{2 RCVD 1} Message(Ask)
inp.2 << 19:07:00.386 [main] INFO Env - @{2 SEND 1} Message(Share)
inp.4 << 19:07:00.386 [main] INFO Env - @{4 SEND 1} Message(Share)
inp.1 << 19:07:00.386 [main] INFO Env - @{1 RCVD 4} Message(Share)
inp.1 << 19:07:00.386 [main] INFO Env - @{1 RCVD 2} Message(Share)
inp.3 << 19:07:00.386 [main] INFO Env - @{3 RCVD 1} Message(Ask)
inp.3 << 19:07:00.387 [main] INFO Env - @{3 SEND 1} Message(Share)
inp.1 << 19:07:00.387 [main] INFO Env - @{1 RCVD 3} Message(Share)
inp.1 << 19:07:00.387 [main] INFO Env - @{1 LOCKED}
out.1 >> unlock
inp.1 << 19:07:00.388 [main] INFO Env - @{1 UNLOCKED}
out.1 >> ping
out.2 >> ping
out.3 >> ping
out.4 >> ping
out.5 >> ping
inp.1 << 19:07:00.389 [main] INFO Env - @{1 PONG}
inp.4 << 19:07:00.389 [main] INFO Env - @{4 PONG}
inp.2 << 19:07:00.389 [main] INFO Env - @{2 PONG}
inp.3 << 19:07:00.390 [main] INFO Env - @{3 PONG}
inp.5 << 19:07:00.390 [main] INFO Env - @{5 PONG}
out.1 >> lock
inp.1 << 19:07:00.391 [main] INFO Env - @{1 LOCKED}
out.1 >> unlock
inp.1 << 19:07:00.392 [main] INFO Env - @{1 UNLOCKED}
out.1 >> ping
out.2 >> ping
out.3 >> ping
out.4 >> ping
inp.1 << 19:07:00.393 [main] INFO Env - @{1 PONG}
out.5 >> ping
inp.2 << 19:07:00.393 [main] INFO Env - @{2 PONG}
inp.4 << 19:07:00.393 [main] INFO Env - @{4 PONG}
inp.3 << 19:07:00.394 [main] INFO Env - @{3 PONG}
inp.5 << 19:07:00.394 [main] INFO Env - @{5 PONG}
out.1 >> lock
inp.1 << 19:07:00.395 [main] INFO Env - @{1 LOCKED}
out.1 >> unlock
inp.1 << 19:07:00.396 [main] INFO Env - @{1 UNLOCKED}
out.1 >> ping
inp.1 << 19:07:00.397 [main] INFO Env - @{1 PONG}
out.2 >> ping
out.3 >> ping
out.4 >> ping
out.5 >> ping
inp.4 << 19:07:00.398 [main] INFO Env - @{4 PONG}
inp.2 << 19:07:00.398 [main] INFO Env - @{2 PONG}
inp.3 << 19:07:00.398 [main] INFO Env - @{3 PONG}
inp.5 << 19:07:00.399 [main] INFO Env - @{5 PONG}
out.1 >> lock
out.2 >> lock
inp.1 << 19:07:00.399 [main] INFO Env - @{1 LOCKED}
inp.2 << 19:07:00.400 [main] INFO Env - @{2 SEND 1} Message(Ask)
inp.3 << 19:07:00.400 [main] INFO Env - @{3 RCVD 2} Message(Ask)
inp.4 << 19:07:00.400 [main] INFO Env - @{4 RCVD 2} Message(Ask)
inp.3 << 19:07:00.400 [main] INFO Env - @{3 SEND 2} Message(Share)
inp.4 << 19:07:00.400 [main] INFO Env - @{4 SEND 2} Message(Share)
inp.2 << 19:07:00.400 [main] INFO Env - @{2 SEND 3} Message(Ask)
inp.1 << 19:07:00.400 [main] INFO Env - @{1 RCVD 2} Message(Ask)
out.1 >> unlock
inp.2 << 19:07:00.400 [main] INFO Env - @{2 SEND 4} Message(Ask)
inp.2 << 19:07:00.401 [main] INFO Env - @{2 RCVD 3} Message(Share)
inp.2 << 19:07:00.401 [main] INFO Env - @{2 RCVD 4} Message(Share)
inp.1 << 19:07:00.402 [main] INFO Env - @{1 UNLOCKED}
inp.1 << 19:07:00.402 [main] INFO Env - @{1 SEND 2} Message(Share)
inp.2 << 19:07:00.403 [main] INFO Env - @{2 RCVD 1} Message(Share)
inp.2 << 19:07:00.403 [main] INFO Env - @{2 LOCKED}
out.2 >> unlock
inp.2 << 19:07:00.403 [main] INFO Env - @{2 UNLOCKED}
out.1 >> ping
out.2 >> ping
out.3 >> ping
out.4 >> ping
inp.1 << 19:07:00.404 [main] INFO Env - @{1 PONG}
inp.2 << 19:07:00.404 [main] INFO Env - @{2 PONG}
out.5 >> ping
inp.4 << 19:07:00.405 [main] INFO Env - @{4 PONG}
inp.3 << 19:07:00.405 [main] INFO Env - @{3 PONG}
inp.5 << 19:07:00.407 [main] INFO Env - @{5 PONG}
out.1 >> lock
out.2 >> lock
inp.1 << 19:07:00.407 [main] INFO Env - @{1 SEND 2} Message(Ask)
inp.2 << 19:07:00.408 [main] INFO Env - @{2 LOCKED}
inp.2 << 19:07:00.408 [main] INFO Env - @{2 RCVD 1} Message(Ask)
out.2 >> unlock
inp.2 << 19:07:00.409 [main] INFO Env - @{2 UNLOCKED}
inp.2 << 19:07:00.409 [main] INFO Env - @{2 SEND 1} Message(Share)
inp.1 << 19:07:00.409 [main] INFO Env - @{1 RCVD 2} Message(Share)
inp.1 << 19:07:00.410 [main] INFO Env - @{1 LOCKED}
out.1 >> unlock
inp.1 << 19:07:00.411 [main] INFO Env - @{1 UNLOCKED}
out.1 >> ping
out.2 >> ping
out.3 >> ping
out.4 >> ping
inp.1 << 19:07:00.411 [main] INFO Env - @{1 PONG}
inp.2 << 19:07:00.412 [main] INFO Env - @{2 PONG}
out.5 >> ping
inp.4 << 19:07:00.412 [main] INFO Env - @{4 PONG}
inp.3 << 19:07:00.412 [main] INFO Env - @{3 PONG}
inp.5 << 19:07:00.413 [main] INFO Env - @{5 PONG}
out.1 >> lock
inp.1 << 19:07:00.414 [main] INFO Env - @{1 LOCKED}
out.2 >> lock
out.1 >> unlock
inp.1 << 19:07:00.415 [main] INFO Env - @{1 UNLOCKED}
inp.1 << 19:07:00.415 [main] INFO Env - @{1 RCVD 2} Message(Ask)
inp.1 << 19:07:00.415 [main] INFO Env - @{1 SEND 2} Message(Share)
inp.2 << 19:07:00.415 [main] INFO Env - @{2 SEND 1} Message(Ask)
inp.2 << 19:07:00.415 [main] INFO Env - @{2 RCVD 1} Message(Share)
inp.2 << 19:07:00.415 [main] INFO Env - @{2 LOCKED}
out.2 >> unlock
inp.2 << 19:07:00.416 [main] INFO Env - @{2 UNLOCKED}
out.1 >> ping
out.2 >> ping
out.3 >> ping
out.4 >> ping
inp.1 << 19:07:00.418 [main] INFO Env - @{1 PONG}
inp.2 << 19:07:00.418 [main] INFO Env - @{2 PONG}
inp.4 << 19:07:00.419 [main] INFO Env - @{4 PONG}
out.5 >> ping
inp.3 << 19:07:00.420 [main] INFO Env - @{3 PONG}
inp.5 << 19:07:00.421 [main] INFO Env - @{5 PONG}
out.1 >> ping
out.2 >> ping
out.3 >> ping
out.4 >> ping
out.5 >> ping
inp.1 << 19:07:00.423 [main] INFO Env - @{1 PONG}
inp.4 << 19:07:00.424 [main] INFO Env - @{4 PONG}
inp.2 << 19:07:00.425 [main] INFO Env - @{2 PONG}
inp.3 << 19:07:00.426 [main] INFO Env - @{3 PONG}
inp.5 << 19:07:00.427 [main] INFO Env - @{5 PONG}
out.1 >> lock
inp.1 << 19:07:00.431 [main] INFO Env - @{1 SEND 2} Message(Ask)
inp.2 << 19:07:00.431 [main] INFO Env - @{2 RCVD 1} Message(Ask)
inp.2 << 19:07:00.432 [main] INFO Env - @{2 SEND 1} Message(Share)
inp.1 << 19:07:00.433 [main] INFO Env - @{1 RCVD 2} Message(Share)
inp.1 << 19:07:00.433 [main] INFO Env - @{1 LOCKED}
out.1 >> unlock
inp.1 << 19:07:00.434 [main] INFO Env - @{1 UNLOCKED}
out.1 >> ping
out.2 >> ping
out.3 >> ping
out.4 >> ping
inp.1 << 19:07:00.436 [main] INFO Env - @{1 PONG}
inp.2 << 19:07:00.437 [main] INFO Env - @{2 PONG}
out.5 >> ping
inp.4 << 19:07:00.438 [main] INFO Env - @{4 PONG}
inp.3 << 19:07:00.440 [main] INFO Env - @{3 PONG}
inp.5 << 19:07:00.442 [main] INFO Env - @{5 PONG}
out.2 >> lock
inp.2 << 19:07:00.446 [main] INFO Env - @{2 SEND 1} Message(Ask)
inp.1 << 19:07:00.446 [main] INFO Env - @{1 RCVD 2} Message(Ask)
inp.1 << 19:07:00.446 [main] INFO Env - @{1 SEND 2} Message(Share)
inp.2 << 19:07:00.447 [main] INFO Env - @{2 RCVD 1} Message(Share)
inp.2 << 19:07:00.447 [main] INFO Env - @{2 LOCKED}
out.2 >> unlock
inp.2 << 19:07:00.448 [main] INFO Env - @{2 UNLOCKED}
out.1 >> ping
inp.1 << 19:07:00.449 [main] INFO Env - @{1 PONG}
out.2 >> ping
out.3 >> ping
out.4 >> ping
inp.2 << 19:07:00.454 [main] INFO Env - @{2 PONG}
out.5 >> ping
inp.4 << 19:07:00.458 [main] INFO Env - @{4 PONG}
inp.3 << 19:07:00.459 [main] INFO Env - @{3 PONG}
inp.5 << 19:07:00.459 [main] INFO Env - @{5 PONG}
out.3 >> lock
inp.3 << 19:07:00.461 [main] INFO Env - @{3 SEND 1} Message(Ask)
inp.1 << 19:07:00.462 [main] INFO Env - @{1 RCVD 3} Message(Ask)
inp.1 << 19:07:00.462 [main] INFO Env - @{1 SEND 3} Message(Share)
inp.3 << 19:07:00.462 [main] INFO Env - @{3 SEND 2} Message(Ask)
inp.2 << 19:07:00.464 [main] INFO Env - @{2 RCVD 3} Message(Ask)
inp.3 << 19:07:00.464 [main] INFO Env - @{3 SEND 4} Message(Ask)
inp.4 << 19:07:00.464 [main] INFO Env - @{4 RCVD 3} Message(Ask)
inp.4 << 19:07:00.465 [main] INFO Env - @{4 SEND 3} Message(Share)
inp.3 << 19:07:00.465 [main] INFO Env - @{3 RCVD 1} Message(Share)
inp.3 << 19:07:00.465 [main] INFO Env - @{3 RCVD 4} Message(Share)
inp.2 << 19:07:00.466 [main] INFO Env - @{2 SEND 3} Message(Share)
inp.3 << 19:07:00.468 [main] INFO Env - @{3 RCVD 2} Message(Share)
inp.3 << 19:07:00.468 [main] INFO Env - @{3 LOCKED}
out.3 >> unlock
inp.3 << 19:07:00.469 [main] INFO Env - @{3 UNLOCKED}
out.1 >> ping
out.2 >> ping
out.3 >> ping
out.4 >> ping
out.5 >> ping
inp.4 << 19:07:00.470 [main] INFO Env - @{4 PONG}
inp.1 << 19:07:00.470 [main] INFO Env - @{1 PONG}
inp.3 << 19:07:00.470 [main] INFO Env - @{3 PONG}
inp.2 << 19:07:00.470 [main] INFO Env - @{2 PONG}
inp.5 << 19:07:00.471 [main] INFO Env - @{5 PONG}
out.4 >> lock
inp.4 << 19:07:00.471 [main] INFO Env - @{4 SEND 1} Message(Ask)
inp.4 << 19:07:00.472 [main] INFO Env - @{4 SEND 2} Message(Ask)
inp.4 << 19:07:00.472 [main] INFO Env - @{4 SEND 3} Message(Ask)
inp.1 << 19:07:00.472 [main] INFO Env - @{1 RCVD 4} Message(Ask)
inp.1 << 19:07:00.473 [main] INFO Env - @{1 SEND 4} Message(Share)
inp.4 << 19:07:00.473 [main] INFO Env - @{4 RCVD 1} Message(Share)
inp.2 << 19:07:00.473 [main] INFO Env - @{2 RCVD 4} Message(Ask)
inp.2 << 19:07:00.474 [main] INFO Env - @{2 SEND 4} Message(Share)
inp.4 << 19:07:00.474 [main] INFO Env - @{4 RCVD 2} Message(Share)
inp.3 << 19:07:00.474 [main] INFO Env - @{3 RCVD 4} Message(Ask)
inp.3 << 19:07:00.474 [main] INFO Env - @{3 SEND 4} Message(Share)
inp.4 << 19:07:00.474 [main] INFO Env - @{4 RCVD 3} Message(Share)
inp.4 << 19:07:00.475 [main] INFO Env - @{4 LOCKED}
out.4 >> unlock
inp.4 << 19:07:00.476 [main] INFO Env - @{4 UNLOCKED}
out.1 >> ping
out.2 >> ping
out.3 >> ping
out.4 >> ping
out.5 >> ping
inp.4 << 19:07:00.477 [main] INFO Env - @{4 PONG}
inp.1 << 19:07:00.477 [main] INFO Env - @{1 PONG}
inp.2 << 19:07:00.477 [main] INFO Env - @{2 PONG}
inp.3 << 19:07:00.477 [main] INFO Env - @{3 PONG}
inp.5 << 19:07:00.478 [main] INFO Env - @{5 PONG}
out.5 >> lock
inp.5 << 19:07:00.478 [main] INFO Env - @{5 SEND 1} Message(Ask)
inp.5 << 19:07:00.479 [main] INFO Env - @{5 SEND 2} Message(Ask)
inp.5 << 19:07:00.479 [main] INFO Env - @{5 SEND 3} Message(Ask)
inp.5 << 19:07:00.479 [main] INFO Env - @{5 SEND 4} Message(Ask)
inp.1 << 19:07:00.479 [main] INFO Env - @{1 RCVD 5} Message(Ask)
inp.1 << 19:07:00.479 [main] INFO Env - @{1 SEND 5} Message(Share)
inp.2 << 19:07:00.480 [main] INFO Env - @{2 RCVD 5} Message(Ask)
inp.5 << 19:07:00.480 [main] INFO Env - @{5 RCVD 1} Message(Share)
inp.2 << 19:07:00.480 [main] INFO Env - @{2 SEND 5} Message(Share)
inp.5 << 19:07:00.480 [main] INFO Env - @{5 RCVD 4} Message(Share)
inp.3 << 19:07:00.480 [main] INFO Env - @{3 RCVD 5} Message(Ask)
inp.5 << 19:07:00.480 [main] INFO Env - @{5 RCVD 2} Message(Share)
inp.3 << 19:07:00.480 [main] INFO Env - @{3 SEND 5} Message(Share)
inp.5 << 19:07:00.481 [main] INFO Env - @{5 RCVD 3} Message(Share)
inp.5 << 19:07:00.481 [main] INFO Env - @{5 LOCKED}
inp.4 << 19:07:00.479 [main] INFO Env - @{4 RCVD 5} Message(Ask)
inp.4 << 19:07:00.479 [main] INFO Env - @{4 SEND 5} Message(Share)
out.5 >> unlock
inp.5 << 19:07:00.507 [main] INFO Env - @{5 UNLOCKED}
out.1 >> ping
out.2 >> ping
out.3 >> ping
out.4 >> ping
out.5 >> ping
inp.4 << 19:07:00.513 [main] INFO Env - @{4 PONG}
inp.1 << 19:07:00.513 [main] INFO Env - @{1 PONG}
inp.2 << 19:07:00.513 [main] INFO Env - @{2 PONG}
inp.5 << 19:07:00.513 [main] INFO Env - @{5 PONG}
inp.3 << 19:07:00.513 [main] INFO Env - @{3 PONG}
out.1 >> lock
out.3 >> lock
out.4 >> lock
out.2 >> lock
out.5 >> lock
inp.4 << 19:07:00.514 [main] INFO Env - @{4 SEND 5} Message(Ask)
inp.3 << 19:07:00.515 [main] INFO Env - @{3 SEND 4} Message(Ask)
inp.3 << 19:07:00.515 [main] INFO Env - @{3 SEND 5} Message(Ask)
inp.4 << 19:07:00.515 [main] INFO Env - @{4 RCVD 3} Message(Ask)
inp.4 << 19:07:00.516 [main] INFO Env - @{4 SEND 3} Message(Share)
inp.4 << 19:07:00.516 [main] INFO Env - @{4 SEND 3} Message(Ask)
inp.1 << 19:07:00.516 [main] INFO Env - @{1 SEND 2} Message(Ask)
inp.1 << 19:07:00.516 [main] INFO Env - @{1 SEND 3} Message(Ask)
inp.2 << 19:07:00.517 [main] INFO Env - @{2 SEND 3} Message(Ask)
inp.1 << 19:07:00.517 [main] INFO Env - @{1 SEND 4} Message(Ask)
inp.2 << 19:07:00.517 [main] INFO Env - @{2 SEND 4} Message(Ask)
inp.1 << 19:07:00.517 [main] INFO Env - @{1 SEND 5} Message(Ask)
inp.2 << 19:07:00.517 [main] INFO Env - @{2 SEND 5} Message(Ask)
inp.2 << 19:07:00.517 [main] INFO Env - @{2 RCVD 1} Message(Ask)
inp.2 << 19:07:00.517 [main] INFO Env - @{2 SEND 1} Message(Share)
inp.2 << 19:07:00.517 [main] INFO Env - @{2 SEND 1} Message(Ask)
inp.4 << 19:07:00.517 [main] INFO Env - @{4 RCVD 1} Message(Ask)
inp.4 << 19:07:00.518 [main] INFO Env - @{4 SEND 1} Message(Share)
inp.5 << 19:07:00.518 [main] INFO Env - @{5 LOCKED}
inp.4 << 19:07:00.518 [main] INFO Env - @{4 SEND 1} Message(Ask)
inp.4 << 19:07:00.518 [main] INFO Env - @{4 RCVD 2} Message(Ask)
inp.5 << 19:07:00.518 [main] INFO Env - @{5 RCVD 4} Message(Ask)
inp.4 << 19:07:00.518 [main] INFO Env - @{4 SEND 2} Message(Share)
inp.5 << 19:07:00.518 [main] INFO Env - @{5 RCVD 3} Message(Ask)
inp.1 << 19:07:00.518 [main] INFO Env - @{1 RCVD 2} Message(Share)
inp.5 << 19:07:00.518 [main] INFO Env - @{5 RCVD 1} Message(Ask)
inp.1 << 19:07:00.518 [main] INFO Env - @{1 RCVD 2} Message(Ask)
inp.4 << 19:07:00.519 [main] INFO Env - @{4 SEND 2} Message(Ask)
inp.1 << 19:07:00.519 [main] INFO Env - @{1 RCVD 4} Message(Share)
inp.1 << 19:07:00.519 [main] INFO Env - @{1 RCVD 4} Message(Ask)
inp.2 << 19:07:00.520 [main] INFO Env - @{2 RCVD 4} Message(Share)
inp.3 << 19:07:00.519 [main] INFO Env - @{3 RCVD 4} Message(Share)
inp.3 << 19:07:00.520 [main] INFO Env - @{3 RCVD 4} Message(Ask)
inp.3 << 19:07:00.520 [main] INFO Env - @{3 RCVD 1} Message(Ask)
inp.3 << 19:07:00.520 [main] INFO Env - @{3 SEND 1} Message(Share)
inp.3 << 19:07:00.520 [main] INFO Env - @{3 SEND 1} Message(Ask)
inp.3 << 19:07:00.520 [main] INFO Env - @{3 RCVD 2} Message(Ask)
inp.3 << 19:07:00.520 [main] INFO Env - @{3 SEND 2} Message(Share)
inp.3 << 19:07:00.520 [main] INFO Env - @{3 SEND 2} Message(Ask)
inp.1 << 19:07:00.520 [main] INFO Env - @{1 RCVD 3} Message(Share)
inp.1 << 19:07:00.521 [main] INFO Env - @{1 RCVD 3} Message(Ask)
out.5 >> unlock
inp.5 << 19:07:00.519 [main] INFO Env - @{5 RCVD 2} Message(Ask)
inp.2 << 19:07:00.520 [main] INFO Env - @{2 RCVD 4} Message(Ask)
inp.2 << 19:07:00.521 [main] INFO Env - @{2 RCVD 3} Message(Share)
inp.2 << 19:07:00.521 [main] INFO Env - @{2 RCVD 3} Message(Ask)
inp.5 << 19:07:00.521 [main] INFO Env - @{5 UNLOCKED}
inp.5 << 19:07:00.522 [main] INFO Env - @{5 SEND 1} Message(Share)
inp.5 << 19:07:00.522 [main] INFO Env - @{5 SEND 2} Message(Share)
inp.5 << 19:07:00.522 [main] INFO Env - @{5 SEND 3} Message(Share)
inp.2 << 19:07:00.522 [main] INFO Env - @{2 RCVD 5} Message(Share)
inp.1 << 19:07:00.523 [main] INFO Env - @{1 RCVD 5} Message(Share)
inp.1 << 19:07:00.523 [main] INFO Env - @{1 LOCKED}
inp.5 << 19:07:00.523 [main] INFO Env - @{5 SEND 4} Message(Share)
inp.3 << 19:07:00.523 [main] INFO Env - @{3 RCVD 5} Message(Share)
out.1 >> unlock
inp.4 << 19:07:00.523 [main] INFO Env - @{4 RCVD 5} Message(Share)
inp.1 << 19:07:00.524 [main] INFO Env - @{1 UNLOCKED}
inp.1 << 19:07:00.524 [main] INFO Env - @{1 SEND 2} Message(Share)
inp.1 << 19:07:00.524 [main] INFO Env - @{1 SEND 3} Message(Share)
inp.1 << 19:07:00.524 [main] INFO Env - @{1 SEND 4} Message(Share)
inp.2 << 19:07:00.524 [main] INFO Env - @{2 RCVD 1} Message(Share)
inp.3 << 19:07:00.524 [main] INFO Env - @{3 RCVD 1} Message(Share)
inp.4 << 19:07:00.524 [main] INFO Env - @{4 RCVD 1} Message(Share)
inp.2 << 19:07:00.524 [main] INFO Env - @{2 LOCKED}
out.2 >> unlock
inp.2 << 19:07:00.525 [main] INFO Env - @{2 UNLOCKED}
inp.2 << 19:07:00.525 [main] INFO Env - @{2 SEND 3} Message(Share)
inp.2 << 19:07:00.525 [main] INFO Env - @{2 SEND 4} Message(Share)
inp.3 << 19:07:00.525 [main] INFO Env - @{3 RCVD 2} Message(Share)
inp.4 << 19:07:00.526 [main] INFO Env - @{4 RCVD 2} Message(Share)
inp.3 << 19:07:00.526 [main] INFO Env - @{3 LOCKED}
out.3 >> unlock
inp.3 << 19:07:00.526 [main] INFO Env - @{3 UNLOCKED}
inp.3 << 19:07:00.526 [main] INFO Env - @{3 SEND 4} Message(Share)
inp.4 << 19:07:00.527 [main] INFO Env - @{4 RCVD 3} Message(Share)
inp.4 << 19:07:00.527 [main] INFO Env - @{4 LOCKED}
out.4 >> unlock
inp.4 << 19:07:00.527 [main] INFO Env - @{4 UNLOCKED}
out.1 >> ping
out.2 >> ping
out.3 >> ping
out.4 >> ping
out.5 >> ping
inp.4 << 19:07:00.529 [main] INFO Env - @{4 PONG}
inp.1 << 19:07:00.531 [main] INFO Env - @{1 PONG}
inp.2 << 19:07:00.531 [main] INFO Env - @{2 PONG}
inp.3 << 19:07:00.531 [main] INFO Env - @{3 PONG}
inp.5 << 19:07:00.531 [main] INFO Env - @{5 PONG}
out.5 >> lock
inp.5 << 19:07:00.532 [main] INFO Env - @{5 SEND 1} Message(Ask)
inp.5 << 19:07:00.532 [main] INFO Env - @{5 SEND 2} Message(Ask)
inp.5 << 19:07:00.533 [main] INFO Env - @{5 SEND 3} Message(Ask)
inp.5 << 19:07:00.533 [main] INFO Env - @{5 SEND 4} Message(Ask)
inp.1 << 19:07:00.533 [main] INFO Env - @{1 RCVD 5} Message(Ask)
inp.1 << 19:07:00.533 [main] INFO Env - @{1 SEND 5} Message(Share)
inp.4 << 19:07:00.534 [main] INFO Env - @{4 RCVD 5} Message(Ask)
inp.4 << 19:07:00.534 [main] INFO Env - @{4 SEND 5} Message(Share)
inp.2 << 19:07:00.534 [main] INFO Env - @{2 RCVD 5} Message(Ask)
inp.2 << 19:07:00.534 [main] INFO Env - @{2 SEND 5} Message(Share)
inp.5 << 19:07:00.534 [main] INFO Env - @{5 RCVD 1} Message(Share)
inp.3 << 19:07:00.534 [main] INFO Env - @{3 RCVD 5} Message(Ask)
inp.5 << 19:07:00.534 [main] INFO Env - @{5 RCVD 4} Message(Share)
inp.3 << 19:07:00.534 [main] INFO Env - @{3 SEND 5} Message(Share)
inp.5 << 19:07:00.535 [main] INFO Env - @{5 RCVD 2} Message(Share)
inp.5 << 19:07:00.535 [main] INFO Env - @{5 RCVD 3} Message(Share)
inp.5 << 19:07:00.535 [main] INFO Env - @{5 LOCKED}
out.5 >> unlock
inp.5 << 19:07:00.535 [main] INFO Env - @{5 UNLOCKED}
out.1 >> ping
out.2 >> ping
out.3 >> ping
out.4 >> ping
out.5 >> ping
inp.4 << 19:07:00.537 [main] INFO Env - @{4 PONG}
inp.1 << 19:07:00.537 [main] INFO Env - @{1 PONG}
inp.3 << 19:07:00.537 [main] INFO Env - @{3 PONG}
inp.2 << 19:07:00.537 [main] INFO Env - @{2 PONG}
inp.5 << 19:07:00.538 [main] INFO Env - @{5 PONG}
out.5 >> lock
inp.5 << 19:07:00.539 [main] INFO Env - @{5 LOCKED}
out.5 >> unlock
inp.5 << 19:07:00.539 [main] INFO Env - @{5 UNLOCKED}
out.1 >> ping
out.2 >> ping
out.3 >> ping
out.4 >> ping
inp.1 << 19:07:00.541 [main] INFO Env - @{1 PONG}
inp.2 << 19:07:00.541 [main] INFO Env - @{2 PONG}
inp.4 << 19:07:00.552 [main] INFO Env - @{4 PONG}
out.5 >> ping
inp.3 << 19:07:00.554 [main] INFO Env - @{3 PONG}
inp.5 << 19:07:00.556 [main] INFO Env - @{5 PONG}
out.5 >> lock
inp.5 << 19:07:00.558 [main] INFO Env - @{5 LOCKED}
out.5 >> unlock
inp.5 << 19:07:00.560 [main] INFO Env - @{5 UNLOCKED}
out.1 >> ping
out.2 >> ping
out.3 >> ping
out.4 >> ping
out.5 >> ping
inp.4 << 19:07:00.561 [main] INFO Env - @{4 PONG}
inp.1 << 19:07:00.561 [main] INFO Env - @{1 PONG}
inp.2 << 19:07:00.561 [main] INFO Env - @{2 PONG}
inp.3 << 19:07:00.561 [main] INFO Env - @{3 PONG}
inp.5 << 19:07:00.562 [main] INFO Env - @{5 PONG}
out.5 >> lock
out.1 >> lock
inp.5 << 19:07:00.563 [main] INFO Env - @{5 LOCKED}
out.5 >> unlock
inp.1 << 19:07:00.564 [main] INFO Env - @{1 SEND 2} Message(Ask)
inp.1 << 19:07:00.564 [main] INFO Env - @{1 SEND 3} Message(Ask)
inp.1 << 19:07:00.564 [main] INFO Env - @{1 SEND 4} Message(Ask)
inp.1 << 19:07:00.564 [main] INFO Env - @{1 SEND 5} Message(Ask)
inp.4 << 19:07:00.565 [main] INFO Env - @{4 RCVD 1} Message(Ask)
inp.2 << 19:07:00.564 [main] INFO Env - @{2 RCVD 1} Message(Ask)
inp.5 << 19:07:00.565 [main] INFO Env - @{5 UNLOCKED}
inp.3 << 19:07:00.565 [main] INFO Env - @{3 RCVD 1} Message(Ask)
inp.4 << 19:07:00.565 [main] INFO Env - @{4 SEND 1} Message(Share)
inp.2 << 19:07:00.565 [main] INFO Env - @{2 SEND 1} Message(Share)
inp.3 << 19:07:00.565 [main] INFO Env - @{3 SEND 1} Message(Share)
inp.1 << 19:07:00.565 [main] INFO Env - @{1 RCVD 2} Message(Share)
inp.1 << 19:07:00.566 [main] INFO Env - @{1 RCVD 5} Message(Share)
inp.1 << 19:07:00.566 [main] INFO Env - @{1 RCVD 4} Message(Share)
inp.1 << 19:07:00.566 [main] INFO Env - @{1 RCVD 3} Message(Share)
inp.1 << 19:07:00.566 [main] INFO Env - @{1 LOCKED}
inp.5 << 19:07:00.565 [main] INFO Env - @{5 RCVD 1} Message(Ask)
inp.5 << 19:07:00.565 [main] INFO Env - @{5 SEND 1} Message(Share)
out.1 >> unlock
inp.1 << 19:07:00.569 [main] INFO Env - @{1 UNLOCKED}
out.1 >> ping
out.2 >> ping
out.3 >> ping
out.4 >> ping
out.5 >> ping
inp.1 << 19:07:00.570 [main] INFO Env - @{1 PONG}
inp.2 << 19:07:00.571 [main] INFO Env - @{2 PONG}
inp.4 << 19:07:00.572 [main] INFO Env - @{4 PONG}
inp.3 << 19:07:00.573 [main] INFO Env - @{3 PONG}
inp.5 << 19:07:00.601 [main] INFO Env - @{5 PONG}
out.5 >> lock
out.1 >> lock
inp.1 << 19:07:00.605 [main] INFO Env - @{1 LOCKED}
out.1 >> unlock
inp.5 << 19:07:00.606 [main] INFO Env - @{5 SEND 1} Message(Ask)
inp.1 << 19:07:00.608 [main] INFO Env - @{1 UNLOCKED}
inp.1 << 19:07:00.609 [main] INFO Env - @{1 RCVD 5} Message(Ask)
inp.1 << 19:07:00.609 [main] INFO Env - @{1 SEND 5} Message(Share)
inp.5 << 19:07:00.611 [main] INFO Env - @{5 RCVD 1} Message(Share)
inp.5 << 19:07:00.611 [main] INFO Env - @{5 LOCKED}
out.5 >> unlock
inp.5 << 19:07:00.612 [main] INFO Env - @{5 UNLOCKED}
out.1 >> ping
out.2 >> ping
out.3 >> ping
out.4 >> ping
out.5 >> ping
inp.1 << 19:07:00.613 [main] INFO Env - @{1 PONG}
inp.2 << 19:07:00.613 [main] INFO Env - @{2 PONG}
inp.3 << 19:07:00.615 [main] INFO Env - @{3 PONG}
inp.5 << 19:07:00.615 [main] INFO Env - @{5 PONG}
inp.4 << 19:07:00.615 [main] INFO Env - @{4 PONG}
out.5 >> lock
out.1 >> lock
inp.5 << 19:07:00.616 [main] INFO Env - @{5 LOCKED}
inp.1 << 19:07:00.616 [main] INFO Env - @{1 SEND 5} Message(Ask)
out.5 >> unlock
inp.5 << 19:07:00.616 [main] INFO Env - @{5 RCVD 1} Message(Ask)
inp.1 << 19:07:00.617 [main] INFO Env - @{1 RCVD 5} Message(Share)
inp.5 << 19:07:00.617 [main] INFO Env - @{5 UNLOCKED}
inp.5 << 19:07:00.617 [main] INFO Env - @{5 SEND 1} Message(Share)
inp.1 << 19:07:00.617 [main] INFO Env - @{1 LOCKED}
out.1 >> unlock
inp.1 << 19:07:00.619 [main] INFO Env - @{1 UNLOCKED}
out.1 >> ping
out.2 >> ping
out.3 >> ping
out.4 >> ping
out.5 >> ping
inp.1 << 19:07:00.620 [main] INFO Env - @{1 PONG}
inp.2 << 19:07:00.620 [main] INFO Env - @{2 PONG}
inp.3 << 19:07:00.620 [main] INFO Env - @{3 PONG}
inp.5 << 19:07:00.620 [main] INFO Env - @{5 PONG}
inp.4 << 19:07:00.620 [main] INFO Env - @{4 PONG}
out.1 >> ping
out.2 >> ping
out.3 >> ping
out.4 >> ping
out.5 >> ping
inp.1 << 19:07:00.624 [main] INFO Env - @{1 PONG}
inp.3 << 19:07:00.624 [main] INFO Env - @{3 PONG}
inp.4 << 19:07:00.625 [main] INFO Env - @{4 PONG}
inp.5 << 19:07:00.625 [main] INFO Env - @{5 PONG}
inp.2 << 19:07:00.624 [main] INFO Env - @{2 PONG}
out.1 >> lock
inp.1 << 19:07:00.626 [main] INFO Env - @{1 LOCKED}
out.1 >> unlock
inp.1 << 19:07:00.627 [main] INFO Env - @{1 UNLOCKED}
out.1 >> ping
out.2 >> ping
out.3 >> ping
out.4 >> ping
out.5 >> ping
inp.3 << 19:07:00.628 [main] INFO Env - @{3 PONG}
inp.2 << 19:07:00.629 [main] INFO Env - @{2 PONG}
inp.5 << 19:07:00.629 [main] INFO Env - @{5 PONG}
inp.4 << 19:07:00.629 [main] INFO Env - @{4 PONG}
inp.1 << 19:07:00.628 [main] INFO Env - @{1 PONG}
out.2 >> lock
inp.2 << 19:07:00.630 [main] INFO Env - @{2 SEND 1} Message(Ask)
inp.2 << 19:07:00.631 [main] INFO Env - @{2 SEND 3} Message(Ask)
inp.2 << 19:07:00.631 [main] INFO Env - @{2 SEND 4} Message(Ask)
inp.2 << 19:07:00.631 [main] INFO Env - @{2 SEND 5} Message(Ask)
inp.1 << 19:07:00.631 [main] INFO Env - @{1 RCVD 2} Message(Ask)
inp.3 << 19:07:00.631 [main] INFO Env - @{3 RCVD 2} Message(Ask)
inp.3 << 19:07:00.631 [main] INFO Env - @{3 SEND 2} Message(Share)
inp.1 << 19:07:00.631 [main] INFO Env - @{1 SEND 2} Message(Share)
inp.4 << 19:07:00.632 [main] INFO Env - @{4 RCVD 2} Message(Ask)
inp.5 << 19:07:00.632 [main] INFO Env - @{5 RCVD 2} Message(Ask)
inp.4 << 19:07:00.632 [main] INFO Env - @{4 SEND 2} Message(Share)
inp.5 << 19:07:00.632 [main] INFO Env - @{5 SEND 2} Message(Share)
inp.2 << 19:07:00.632 [main] INFO Env - @{2 RCVD 1} Message(Share)
inp.2 << 19:07:00.632 [main] INFO Env - @{2 RCVD 3} Message(Share)
inp.2 << 19:07:00.632 [main] INFO Env - @{2 RCVD 4} Message(Share)
inp.2 << 19:07:00.633 [main] INFO Env - @{2 RCVD 5} Message(Share)
inp.2 << 19:07:00.633 [main] INFO Env - @{2 LOCKED}
out.2 >> unlock
inp.2 << 19:07:00.633 [main] INFO Env - @{2 UNLOCKED}
out.1 >> ping
out.2 >> ping
out.3 >> ping
out.4 >> ping
out.5 >> ping
inp.1 << 19:07:00.634 [main] INFO Env - @{1 PONG}
inp.2 << 19:07:00.634 [main] INFO Env - @{2 PONG}
inp.3 << 19:07:00.634 [main] INFO Env - @{3 PONG}
inp.4 << 19:07:00.634 [main] INFO Env - @{4 PONG}
inp.5 << 19:07:00.634 [main] INFO Env - @{5 PONG}
out.3 >> lock
inp.3 << 19:07:00.635 [main] INFO Env - @{3 SEND 1} Message(Ask)
inp.3 << 19:07:00.635 [main] INFO Env - @{3 SEND 2} Message(Ask)
inp.3 << 19:07:00.635 [main] INFO Env - @{3 SEND 4} Message(Ask)
inp.3 << 19:07:00.635 [main] INFO Env - @{3 SEND 5} Message(Ask)
inp.1 << 19:07:00.635 [main] INFO Env - @{1 RCVD 3} Message(Ask)
inp.1 << 19:07:00.635 [main] INFO Env - @{1 SEND 3} Message(Share)
inp.2 << 19:07:00.635 [main] INFO Env - @{2 RCVD 3} Message(Ask)
inp.4 << 19:07:00.636 [main] INFO Env - @{4 RCVD 3} Message(Ask)
inp.2 << 19:07:00.636 [main] INFO Env - @{2 SEND 3} Message(Share)
inp.4 << 19:07:00.636 [main] INFO Env - @{4 SEND 3} Message(Share)
inp.5 << 19:07:00.636 [main] INFO Env - @{5 RCVD 3} Message(Ask)
inp.5 << 19:07:00.636 [main] INFO Env - @{5 SEND 3} Message(Share)
inp.3 << 19:07:00.636 [main] INFO Env - @{3 RCVD 1} Message(Share)
inp.3 << 19:07:00.636 [main] INFO Env - @{3 RCVD 2} Message(Share)
inp.3 << 19:07:00.636 [main] INFO Env - @{3 RCVD 4} Message(Share)
inp.3 << 19:07:00.637 [main] INFO Env - @{3 RCVD 5} Message(Share)
inp.3 << 19:07:00.637 [main] INFO Env - @{3 LOCKED}
out.3 >> unlock
inp.3 << 19:07:00.639 [main] INFO Env - @{3 UNLOCKED}
out.1 >> ping
out.2 >> ping
out.3 >> ping
out.4 >> ping
out.5 >> ping
inp.1 << 19:07:00.640 [main] INFO Env - @{1 PONG}
inp.3 << 19:07:00.640 [main] INFO Env - @{3 PONG}
inp.4 << 19:07:00.641 [main] INFO Env - @{4 PONG}
inp.5 << 19:07:00.641 [main] INFO Env - @{5 PONG}
inp.2 << 19:07:00.640 [main] INFO Env - @{2 PONG}
out.4 >> lock
inp.4 << 19:07:00.641 [main] INFO Env - @{4 SEND 1} Message(Ask)
inp.4 << 19:07:00.642 [main] INFO Env - @{4 SEND 2} Message(Ask)
inp.1 << 19:07:00.642 [main] INFO Env - @{1 RCVD 4} Message(Ask)
inp.4 << 19:07:00.642 [main] INFO Env - @{4 SEND 3} Message(Ask)
inp.1 << 19:07:00.642 [main] INFO Env - @{1 SEND 4} Message(Share)
inp.4 << 19:07:00.642 [main] INFO Env - @{4 SEND 5} Message(Ask)
inp.4 << 19:07:00.643 [main] INFO Env - @{4 RCVD 1} Message(Share)
inp.3 << 19:07:00.643 [main] INFO Env - @{3 RCVD 4} Message(Ask)
inp.2 << 19:07:00.643 [main] INFO Env - @{2 RCVD 4} Message(Ask)
inp.3 << 19:07:00.643 [main] INFO Env - @{3 SEND 4} Message(Share)
inp.2 << 19:07:00.643 [main] INFO Env - @{2 SEND 4} Message(Share)
inp.5 << 19:07:00.643 [main] INFO Env - @{5 RCVD 4} Message(Ask)
inp.5 << 19:07:00.643 [main] INFO Env - @{5 SEND 4} Message(Share)
inp.4 << 19:07:00.644 [main] INFO Env - @{4 RCVD 3} Message(Share)
inp.4 << 19:07:00.644 [main] INFO Env - @{4 RCVD 2} Message(Share)
inp.4 << 19:07:00.644 [main] INFO Env - @{4 RCVD 5} Message(Share)
inp.4 << 19:07:00.644 [main] INFO Env - @{4 LOCKED}
out.4 >> unlock
inp.4 << 19:07:00.644 [main] INFO Env - @{4 UNLOCKED}
out.1 >> ping
out.2 >> ping
out.3 >> ping
out.4 >> ping
out.5 >> ping
inp.2 << 19:07:00.645 [main] INFO Env - @{2 PONG}
inp.1 << 19:07:00.645 [main] INFO Env - @{1 PONG}
inp.4 << 19:07:00.645 [main] INFO Env - @{4 PONG}
inp.3 << 19:07:00.646 [main] INFO Env - @{3 PONG}
inp.5 << 19:07:00.646 [main] INFO Env - @{5 PONG}
out.5 >> lock
inp.5 << 19:07:00.646 [main] INFO Env - @{5 SEND 1} Message(Ask)
inp.5 << 19:07:00.646 [main] INFO Env - @{5 SEND 2} Message(Ask)
inp.1 << 19:07:00.646 [main] INFO Env - @{1 RCVD 5} Message(Ask)
inp.1 << 19:07:00.647 [main] INFO Env - @{1 SEND 5} Message(Share)
inp.5 << 19:07:00.647 [main] INFO Env - @{5 SEND 3} Message(Ask)
inp.5 << 19:07:00.647 [main] INFO Env - @{5 SEND 4} Message(Ask)
inp.5 << 19:07:00.647 [main] INFO Env - @{5 RCVD 1} Message(Share)
inp.2 << 19:07:00.647 [main] INFO Env - @{2 RCVD 5} Message(Ask)
inp.3 << 19:07:00.647 [main] INFO Env - @{3 RCVD 5} Message(Ask)
inp.3 << 19:07:00.647 [main] INFO Env - @{3 SEND 5} Message(Share)
inp.2 << 19:07:00.647 [main] INFO Env - @{2 SEND 5} Message(Share)
inp.4 << 19:07:00.648 [main] INFO Env - @{4 RCVD 5} Message(Ask)
inp.4 << 19:07:00.648 [main] INFO Env - @{4 SEND 5} Message(Share)
inp.5 << 19:07:00.648 [main] INFO Env - @{5 RCVD 3} Message(Share)
inp.5 << 19:07:00.648 [main] INFO Env - @{5 RCVD 2} Message(Share)
inp.5 << 19:07:00.648 [main] INFO Env - @{5 RCVD 4} Message(Share)
inp.5 << 19:07:00.649 [main] INFO Env - @{5 LOCKED}
out.5 >> unlock
inp.5 << 19:07:00.649 [main] INFO Env - @{5 UNLOCKED}
out.1 >> ping
out.2 >> ping
out.3 >> ping
out.4 >> ping
out.5 >> ping
inp.1 << 19:07:00.650 [main] INFO Env - @{1 PONG}
inp.2 << 19:07:00.650 [main] INFO Env - @{2 PONG}
inp.4 << 19:07:00.650 [main] INFO Env - @{4 PONG}
inp.3 << 19:07:00.650 [main] INFO Env - @{3 PONG}
inp.5 << 19:07:00.650 [main] INFO Env - @{5 PONG}
out.2 >> lock
out.1 >> lock
out.4 >> lock
out.5 >> lock
out.3 >> lock
inp.4 << 19:07:00.651 [main] INFO Env - @{4 SEND 5} Message(Ask)
inp.1 << 19:07:00.651 [main] INFO Env - @{1 SEND 2} Message(Ask)
inp.2 << 19:07:00.651 [main] INFO Env - @{2 SEND 3} Message(Ask)
inp.3 << 19:07:00.651 [main] INFO Env - @{3 SEND 4} Message(Ask)
inp.3 << 19:07:00.652 [main] INFO Env - @{3 SEND 5} Message(Ask)
inp.3 << 19:07:00.652 [main] INFO Env - @{3 RCVD 2} Message(Ask)
inp.3 << 19:07:00.652 [main] INFO Env - @{3 SEND 2} Message(Share)
inp.5 << 19:07:00.652 [main] INFO Env - @{5 LOCKED}
inp.3 << 19:07:00.652 [main] INFO Env - @{3 SEND 2} Message(Ask)
inp.1 << 19:07:00.652 [main] INFO Env - @{1 SEND 3} Message(Ask)
inp.5 << 19:07:00.652 [main] INFO Env - @{5 RCVD 4} Message(Ask)
inp.5 << 19:07:00.652 [main] INFO Env - @{5 RCVD 3} Message(Ask)
inp.1 << 19:07:00.652 [main] INFO Env - @{1 SEND 4} Message(Ask)
inp.2 << 19:07:00.652 [main] INFO Env - @{2 SEND 4} Message(Ask)
inp.1 << 19:07:00.653 [main] INFO Env - @{1 SEND 5} Message(Ask)
inp.2 << 19:07:00.653 [main] INFO Env - @{2 SEND 5} Message(Ask)
inp.2 << 19:07:00.653 [main] INFO Env - @{2 RCVD 1} Message(Ask)
inp.2 << 19:07:00.653 [main] INFO Env - @{2 SEND 1} Message(Share)
inp.2 << 19:07:00.653 [main] INFO Env - @{2 SEND 1} Message(Ask)
inp.2 << 19:07:00.653 [main] INFO Env - @{2 RCVD 3} Message(Share)
inp.2 << 19:07:00.653 [main] INFO Env - @{2 RCVD 3} Message(Ask)
inp.4 << 19:07:00.653 [main] INFO Env - @{4 RCVD 3} Message(Ask)
out.5 >> unlock
inp.4 << 19:07:00.653 [main] INFO Env - @{4 SEND 3} Message(Share)
inp.3 << 19:07:00.654 [main] INFO Env - @{3 RCVD 1} Message(Ask)
inp.4 << 19:07:00.654 [main] INFO Env - @{4 SEND 3} Message(Ask)
inp.4 << 19:07:00.654 [main] INFO Env - @{4 RCVD 1} Message(Ask)
inp.4 << 19:07:00.654 [main] INFO Env - @{4 SEND 1} Message(Share)
inp.3 << 19:07:00.654 [main] INFO Env - @{3 SEND 1} Message(Share)
inp.4 << 19:07:00.654 [main] INFO Env - @{4 SEND 1} Message(Ask)
inp.4 << 19:07:00.655 [main] INFO Env - @{4 RCVD 2} Message(Ask)
inp.3 << 19:07:00.655 [main] INFO Env - @{3 SEND 1} Message(Ask)
inp.4 << 19:07:00.655 [main] INFO Env - @{4 SEND 2} Message(Share)
inp.4 << 19:07:00.655 [main] INFO Env - @{4 SEND 2} Message(Ask)
inp.3 << 19:07:00.655 [main] INFO Env - @{3 RCVD 4} Message(Share)
inp.5 << 19:07:00.655 [main] INFO Env - @{5 RCVD 1} Message(Ask)
inp.3 << 19:07:00.655 [main] INFO Env - @{3 RCVD 4} Message(Ask)
inp.5 << 19:07:00.655 [main] INFO Env - @{5 RCVD 2} Message(Ask)
inp.5 << 19:07:00.655 [main] INFO Env - @{5 UNLOCKED}
inp.5 << 19:07:00.655 [main] INFO Env - @{5 SEND 1} Message(Share)
inp.5 << 19:07:00.655 [main] INFO Env - @{5 SEND 2} Message(Share)
inp.5 << 19:07:00.656 [main] INFO Env - @{5 SEND 3} Message(Share)
inp.1 << 19:07:00.655 [main] INFO Env - @{1 RCVD 2} Message(Share)
inp.2 << 19:07:00.656 [main] INFO Env - @{2 RCVD 4} Message(Share)
inp.5 << 19:07:00.656 [main] INFO Env - @{5 SEND 4} Message(Share)
inp.2 << 19:07:00.656 [main] INFO Env - @{2 RCVD 4} Message(Ask)
inp.2 << 19:07:00.656 [main] INFO Env - @{2 RCVD 5} Message(Share)
inp.1 << 19:07:00.657 [main] INFO Env - @{1 RCVD 2} Message(Ask)
inp.4 << 19:07:00.657 [main] INFO Env - @{4 RCVD 5} Message(Share)
inp.1 << 19:07:00.657 [main] INFO Env - @{1 RCVD 3} Message(Share)
inp.3 << 19:07:00.657 [main] INFO Env - @{3 RCVD 5} Message(Share)
inp.1 << 19:07:00.657 [main] INFO Env - @{1 RCVD 4} Message(Share)
inp.1 << 19:07:00.657 [main] INFO Env - @{1 RCVD 4} Message(Ask)
inp.1 << 19:07:00.657 [main] INFO Env - @{1 RCVD 3} Message(Ask)
inp.1 << 19:07:00.657 [main] INFO Env - @{1 RCVD 5} Message(Share)
inp.1 << 19:07:00.657 [main] INFO Env - @{1 LOCKED}
out.1 >> unlock
inp.1 << 19:07:00.658 [main] INFO Env - @{1 UNLOCKED}
inp.1 << 19:07:00.658 [main] INFO Env - @{1 SEND 2} Message(Share)
inp.1 << 19:07:00.658 [main] INFO Env - @{1 SEND 3} Message(Share)
inp.1 << 19:07:00.658 [main] INFO Env - @{1 SEND 4} Message(Share)
inp.2 << 19:07:00.659 [main] INFO Env - @{2 RCVD 1} Message(Share)
inp.2 << 19:07:00.659 [main] INFO Env - @{2 LOCKED}
inp.3 << 19:07:00.659 [main] INFO Env - @{3 RCVD 1} Message(Share)
out.2 >> unlock
inp.4 << 19:07:00.659 [main] INFO Env - @{4 RCVD 1} Message(Share)
inp.2 << 19:07:00.660 [main] INFO Env - @{2 UNLOCKED}
inp.2 << 19:07:00.660 [main] INFO Env - @{2 SEND 3} Message(Share)
inp.2 << 19:07:00.660 [main] INFO Env - @{2 SEND 4} Message(Share)
inp.3 << 19:07:00.660 [main] INFO Env - @{3 RCVD 2} Message(Share)
inp.4 << 19:07:00.660 [main] INFO Env - @{4 RCVD 2} Message(Share)
inp.3 << 19:07:00.661 [main] INFO Env - @{3 LOCKED}
out.3 >> unlock
inp.3 << 19:07:00.662 [main] INFO Env - @{3 UNLOCKED}
inp.3 << 19:07:00.662 [main] INFO Env - @{3 SEND 4} Message(Share)
inp.4 << 19:07:00.662 [main] INFO Env - @{4 RCVD 3} Message(Share)
inp.4 << 19:07:00.662 [main] INFO Env - @{4 LOCKED}
out.4 >> unlock
inp.4 << 19:07:00.663 [main] INFO Env - @{4 UNLOCKED}
out.1 >> ping
out.2 >> ping
out.3 >> ping
out.4 >> ping
out.5 >> ping
inp.1 << 19:07:00.664 [main] INFO Env - @{1 PONG}
inp.2 << 19:07:00.664 [main] INFO Env - @{2 PONG}
inp.4 << 19:07:00.664 [main] INFO Env - @{4 PONG}
inp.3 << 19:07:00.664 [main] INFO Env - @{3 PONG}
inp.5 << 19:07:00.665 [main] INFO Env - @{5 PONG}
out.4 >> lock
inp.4 << 19:07:00.665 [main] INFO Env - @{4 LOCKED}
out.4 >> unlock
inp.4 << 19:07:00.666 [main] INFO Env - @{4 UNLOCKED}
out.1 >> ping
out.2 >> ping
out.3 >> ping
out.4 >> ping
out.5 >> ping
inp.1 << 19:07:00.667 [main] INFO Env - @{1 PONG}
inp.3 << 19:07:00.667 [main] INFO Env - @{3 PONG}
inp.5 << 19:07:00.667 [main] INFO Env - @{5 PONG}
inp.4 << 19:07:00.667 [main] INFO Env - @{4 PONG}
inp.2 << 19:07:00.667 [main] INFO Env - @{2 PONG}
out.4 >> lock
inp.4 << 19:07:00.668 [main] INFO Env - @{4 LOCKED}
out.4 >> unlock
inp.4 << 19:07:00.669 [main] INFO Env - @{4 UNLOCKED}
out.1 >> ping
out.2 >> ping
out.3 >> ping
out.4 >> ping
out.5 >> ping
inp.2 << 19:07:00.670 [main] INFO Env - @{2 PONG}
inp.1 << 19:07:00.670 [main] INFO Env - @{1 PONG}
inp.3 << 19:07:00.670 [main] INFO Env - @{3 PONG}
inp.5 << 19:07:00.670 [main] INFO Env - @{5 PONG}
inp.4 << 19:07:00.670 [main] INFO Env - @{4 PONG}
out.4 >> lock
inp.4 << 19:07:00.671 [main] INFO Env - @{4 LOCKED}
out.4 >> unlock
inp.4 << 19:07:00.672 [main] INFO Env - @{4 UNLOCKED}
out.1 >> ping
out.2 >> ping
out.3 >> ping
out.4 >> ping
out.5 >> ping
inp.2 << 19:07:00.673 [main] INFO Env - @{2 PONG}
inp.3 << 19:07:00.673 [main] INFO Env - @{3 PONG}
inp.5 << 19:07:00.674 [main] INFO Env - @{5 PONG}
inp.4 << 19:07:00.674 [main] INFO Env - @{4 PONG}
inp.1 << 19:07:00.673 [main] INFO Env - @{1 PONG}
out.4 >> lock
out.3 >> lock
inp.4 << 19:07:00.675 [main] INFO Env - @{4 LOCKED}
out.4 >> unlock
inp.3 << 19:07:00.675 [main] INFO Env - @{3 SEND 4} Message(Ask)
inp.4 << 19:07:00.675 [main] INFO Env - @{4 UNLOCKED}
inp.4 << 19:07:00.676 [main] INFO Env - @{4 RCVD 3} Message(Ask)
inp.4 << 19:07:00.676 [main] INFO Env - @{4 SEND 3} Message(Share)
inp.3 << 19:07:00.676 [main] INFO Env - @{3 RCVD 4} Message(Share)
inp.3 << 19:07:00.676 [main] INFO Env - @{3 LOCKED}
out.3 >> unlock
inp.3 << 19:07:00.677 [main] INFO Env - @{3 UNLOCKED}
out.1 >> ping
out.2 >> ping
out.3 >> ping
out.4 >> ping
out.5 >> ping
inp.2 << 19:07:00.678 [main] INFO Env - @{2 PONG}
inp.1 << 19:07:00.678 [main] INFO Env - @{1 PONG}
inp.3 << 19:07:00.678 [main] INFO Env - @{3 PONG}
inp.4 << 19:07:00.678 [main] INFO Env - @{4 PONG}
inp.5 << 19:07:00.678 [main] INFO Env - @{5 PONG}
out.4 >> lock
out.3 >> lock
inp.4 << 19:07:00.679 [main] INFO Env - @{4 SEND 3} Message(Ask)
inp.3 << 19:07:00.681 [main] INFO Env - @{3 LOCKED}
inp.3 << 19:07:00.681 [main] INFO Env - @{3 RCVD 4} Message(Ask)
out.3 >> unlock
inp.3 << 19:07:00.682 [main] INFO Env - @{3 UNLOCKED}
inp.3 << 19:07:00.682 [main] INFO Env - @{3 SEND 4} Message(Share)
inp.4 << 19:07:00.682 [main] INFO Env - @{4 RCVD 3} Message(Share)
inp.4 << 19:07:00.682 [main] INFO Env - @{4 LOCKED}
out.4 >> unlock
inp.4 << 19:07:00.683 [main] INFO Env - @{4 UNLOCKED}
out.1 >> ping
out.2 >> ping
out.3 >> ping
out.4 >> ping
out.5 >> ping
inp.1 << 19:07:00.684 [main] INFO Env - @{1 PONG}
inp.3 << 19:07:00.684 [main] INFO Env - @{3 PONG}
inp.2 << 19:07:00.684 [main] INFO Env - @{2 PONG}
inp.4 << 19:07:00.686 [main] INFO Env - @{4 PONG}
inp.5 << 19:07:00.686 [main] INFO Env - @{5 PONG}
out.4 >> lock
out.3 >> lock
inp.4 << 19:07:00.687 [main] INFO Env - @{4 LOCKED}
inp.3 << 19:07:00.687 [main] INFO Env - @{3 SEND 4} Message(Ask)
out.4 >> unlock
inp.4 << 19:07:00.687 [main] INFO Env - @{4 RCVD 3} Message(Ask)
inp.4 << 19:07:00.687 [main] INFO Env - @{4 UNLOCKED}
inp.4 << 19:07:00.687 [main] INFO Env - @{4 SEND 3} Message(Share)
inp.3 << 19:07:00.688 [main] INFO Env - @{3 RCVD 4} Message(Share)
inp.3 << 19:07:00.688 [main] INFO Env - @{3 LOCKED}
out.3 >> unlock
inp.3 << 19:07:00.688 [main] INFO Env - @{3 UNLOCKED}
out.1 >> ping
out.2 >> ping
out.3 >> ping
out.4 >> ping
out.5 >> ping
inp.1 << 19:07:00.689 [main] INFO Env - @{1 PONG}
inp.2 << 19:07:00.689 [main] INFO Env - @{2 PONG}
inp.4 << 19:07:00.689 [main] INFO Env - @{4 PONG}
inp.3 << 19:07:00.689 [main] INFO Env - @{3 PONG}
inp.5 << 19:07:00.690 [main] INFO Env - @{5 PONG}
out.1 >> ping
out.2 >> ping
out.3 >> ping
out.4 >> ping
out.5 >> ping
inp.2 << 19:07:00.691 [main] INFO Env - @{2 PONG}
inp.3 << 19:07:00.691 [main] INFO Env - @{3 PONG}
inp.4 << 19:07:00.691 [main] INFO Env - @{4 PONG}
inp.5 << 19:07:00.691 [main] INFO Env - @{5 PONG}
inp.1 << 19:07:00.691 [main] INFO Env - @{1 PONG}
out.1 >> lock
inp.1 << 19:07:00.692 [main] INFO Env - @{1 SEND 2} Message(Ask)
inp.1 << 19:07:00.692 [main] INFO Env - @{1 SEND 3} Message(Ask)
inp.2 << 19:07:00.692 [main] INFO Env - @{2 RCVD 1} Message(Ask)
inp.2 << 19:07:00.693 [main] INFO Env - @{2 SEND 1} Message(Share)
inp.1 << 19:07:00.693 [main] INFO Env - @{1 SEND 4} Message(Ask)
inp.1 << 19:07:00.693 [main] INFO Env - @{1 RCVD 2} Message(Share)
inp.3 << 19:07:00.693 [main] INFO Env - @{3 RCVD 1} Message(Ask)
inp.4 << 19:07:00.693 [main] INFO Env - @{4 RCVD 1} Message(Ask)
inp.4 << 19:07:00.693 [main] INFO Env - @{4 SEND 1} Message(Share)
inp.3 << 19:07:00.693 [main] INFO Env - @{3 SEND 1} Message(Share)
inp.1 << 19:07:00.694 [main] INFO Env - @{1 RCVD 4} Message(Share)
inp.1 << 19:07:00.694 [main] INFO Env - @{1 RCVD 3} Message(Share)
inp.1 << 19:07:00.694 [main] INFO Env - @{1 LOCKED}
out.1 >> unlock
inp.1 << 19:07:00.695 [main] INFO Env - @{1 UNLOCKED}
out.1 >> ping
out.2 >> ping
out.3 >> ping
out.4 >> ping
out.5 >> ping
inp.1 << 19:07:00.695 [main] INFO Env - @{1 PONG}
inp.2 << 19:07:00.695 [main] INFO Env - @{2 PONG}
inp.3 << 19:07:00.695 [main] INFO Env - @{3 PONG}
inp.4 << 19:07:00.695 [main] INFO Env - @{4 PONG}
inp.5 << 19:07:00.696 [main] INFO Env - @{5 PONG}
out.2 >> lock
inp.2 << 19:07:00.696 [main] INFO Env - @{2 SEND 1} Message(Ask)
inp.2 << 19:07:00.696 [main] INFO Env - @{2 SEND 3} Message(Ask)
inp.2 << 19:07:00.697 [main] INFO Env - @{2 SEND 4} Message(Ask)
inp.1 << 19:07:00.697 [main] INFO Env - @{1 RCVD 2} Message(Ask)
inp.3 << 19:07:00.697 [main] INFO Env - @{3 RCVD 2} Message(Ask)
inp.1 << 19:07:00.697 [main] INFO Env - @{1 SEND 2} Message(Share)
inp.3 << 19:07:00.697 [main] INFO Env - @{3 SEND 2} Message(Share)
inp.4 << 19:07:00.697 [main] INFO Env - @{4 RCVD 2} Message(Ask)
inp.4 << 19:07:00.697 [main] INFO Env - @{4 SEND 2} Message(Share)
inp.2 << 19:07:00.698 [main] INFO Env - @{2 RCVD 1} Message(Share)
inp.2 << 19:07:00.698 [main] INFO Env - @{2 RCVD 3} Message(Share)
inp.2 << 19:07:00.698 [main] INFO Env - @{2 RCVD 4} Message(Share)
inp.2 << 19:07:00.698 [main] INFO Env - @{2 LOCKED}
out.2 >> unlock
inp.2 << 19:07:00.698 [main] INFO Env - @{2 UNLOCKED}
out.1 >> ping
out.2 >> ping
out.3 >> ping
out.4 >> ping
out.5 >> ping
inp.2 << 19:07:00.699 [main] INFO Env - @{2 PONG}
inp.1 << 19:07:00.699 [main] INFO Env - @{1 PONG}
inp.3 << 19:07:00.699 [main] INFO Env - @{3 PONG}
inp.4 << 19:07:00.699 [main] INFO Env - @{4 PONG}
inp.5 << 19:07:00.700 [main] INFO Env - @{5 PONG}
out.3 >> lock
inp.3 << 19:07:00.700 [main] INFO Env - @{3 SEND 1} Message(Ask)
inp.3 << 19:07:00.701 [main] INFO Env - @{3 SEND 2} Message(Ask)
inp.1 << 19:07:00.701 [main] INFO Env - @{1 RCVD 3} Message(Ask)
inp.1 << 19:07:00.701 [main] INFO Env - @{1 SEND 3} Message(Share)
inp.3 << 19:07:00.701 [main] INFO Env - @{3 RCVD 1} Message(Share)
inp.2 << 19:07:00.701 [main] INFO Env - @{2 RCVD 3} Message(Ask)
inp.2 << 19:07:00.701 [main] INFO Env - @{2 SEND 3} Message(Share)
inp.3 << 19:07:00.702 [main] INFO Env - @{3 RCVD 2} Message(Share)
inp.3 << 19:07:00.702 [main] INFO Env - @{3 LOCKED}
out.3 >> unlock
inp.3 << 19:07:00.702 [main] INFO Env - @{3 UNLOCKED}
out.1 >> ping
out.2 >> ping
out.3 >> ping
out.4 >> ping
out.5 >> ping
inp.1 << 19:07:00.703 [main] INFO Env - @{1 PONG}
inp.2 << 19:07:00.703 [main] INFO Env - @{2 PONG}
inp.3 << 19:07:00.703 [main] INFO Env - @{3 PONG}
inp.4 << 19:07:00.703 [main] INFO Env - @{4 PONG}
inp.5 << 19:07:00.704 [main] INFO Env - @{5 PONG}
out.4 >> lock
inp.4 << 19:07:00.704 [main] INFO Env - @{4 SEND 1} Message(Ask)
inp.4 << 19:07:00.705 [main] INFO Env - @{4 SEND 2} Message(Ask)
inp.1 << 19:07:00.705 [main] INFO Env - @{1 RCVD 4} Message(Ask)
inp.1 << 19:07:00.705 [main] INFO Env - @{1 SEND 4} Message(Share)
inp.4 << 19:07:00.705 [main] INFO Env - @{4 SEND 3} Message(Ask)
inp.4 << 19:07:00.705 [main] INFO Env - @{4 RCVD 1} Message(Share)
inp.2 << 19:07:00.705 [main] INFO Env - @{2 RCVD 4} Message(Ask)
inp.2 << 19:07:00.706 [main] INFO Env - @{2 SEND 4} Message(Share)
inp.3 << 19:07:00.706 [main] INFO Env - @{3 RCVD 4} Message(Ask)
inp.3 << 19:07:00.706 [main] INFO Env - @{3 SEND 4} Message(Share)
inp.4 << 19:07:00.706 [main] INFO Env - @{4 RCVD 2} Message(Share)
inp.4 << 19:07:00.706 [main] INFO Env - @{4 RCVD 3} Message(Share)
inp.4 << 19:07:00.706 [main] INFO Env - @{4 LOCKED}
out.4 >> unlock
inp.4 << 19:07:00.707 [main] INFO Env - @{4 UNLOCKED}
out.1 >> ping
out.2 >> ping
out.3 >> ping
out.4 >> ping
out.5 >> ping
inp.1 << 19:07:00.708 [main] INFO Env - @{1 PONG}
inp.2 << 19:07:00.708 [main] INFO Env - @{2 PONG}
inp.4 << 19:07:00.708 [main] INFO Env - @{4 PONG}
inp.3 << 19:07:00.708 [main] INFO Env - @{3 PONG}
inp.5 << 19:07:00.708 [main] INFO Env - @{5 PONG}
out.5 >> lock
inp.5 << 19:07:00.709 [main] INFO Env - @{5 SEND 1} Message(Ask)
inp.5 << 19:07:00.709 [main] INFO Env - @{5 SEND 2} Message(Ask)
inp.5 << 19:07:00.709 [main] INFO Env - @{5 SEND 3} Message(Ask)
inp.1 << 19:07:00.709 [main] INFO Env - @{1 RCVD 5} Message(Ask)
inp.2 << 19:07:00.710 [main] INFO Env - @{2 RCVD 5} Message(Ask)
inp.2 << 19:07:00.710 [main] INFO Env - @{2 SEND 5} Message(Share)
inp.5 << 19:07:00.710 [main] INFO Env - @{5 SEND 4} Message(Ask)
inp.5 << 19:07:00.710 [main] INFO Env - @{5 RCVD 2} Message(Share)
inp.5 << 19:07:00.710 [main] INFO Env - @{5 RCVD 1} Message(Share)
inp.1 << 19:07:00.710 [main] INFO Env - @{1 SEND 5} Message(Share)
inp.3 << 19:07:00.710 [main] INFO Env - @{3 RCVD 5} Message(Ask)
inp.4 << 19:07:00.710 [main] INFO Env - @{4 RCVD 5} Message(Ask)
inp.3 << 19:07:00.710 [main] INFO Env - @{3 SEND 5} Message(Share)
inp.4 << 19:07:00.710 [main] INFO Env - @{4 SEND 5} Message(Share)
inp.5 << 19:07:00.711 [main] INFO Env - @{5 RCVD 3} Message(Share)
inp.5 << 19:07:00.711 [main] INFO Env - @{5 RCVD 4} Message(Share)
inp.5 << 19:07:00.711 [main] INFO Env - @{5 LOCKED}
out.5 >> unlock
inp.5 << 19:07:00.727 [main] INFO Env - @{5 UNLOCKED}
out.1 >> ping
out.2 >> ping
out.3 >> ping
out.4 >> ping
out.5 >> ping
inp.2 << 19:07:00.728 [main] INFO Env - @{2 PONG}
inp.1 << 19:07:00.728 [main] INFO Env - @{1 PONG}
inp.3 << 19:07:00.729 [main] INFO Env - @{3 PONG}
inp.4 << 19:07:00.729 [main] INFO Env - @{4 PONG}
inp.5 << 19:07:00.729 [main] INFO Env - @{5 PONG}
out.2 >> lock
out.4 >> lock
out.5 >> lock
out.3 >> lock
out.1 >> lock
inp.2 << 19:07:00.730 [main] INFO Env - @{2 SEND 3} Message(Ask)
inp.1 << 19:07:00.730 [main] INFO Env - @{1 SEND 2} Message(Ask)
inp.2 << 19:07:00.731 [main] INFO Env - @{2 SEND 4} Message(Ask)
inp.2 << 19:07:00.731 [main] INFO Env - @{2 SEND 5} Message(Ask)
inp.2 << 19:07:00.731 [main] INFO Env - @{2 RCVD 1} Message(Ask)
inp.2 << 19:07:00.731 [main] INFO Env - @{2 SEND 1} Message(Share)
inp.2 << 19:07:00.731 [main] INFO Env - @{2 SEND 1} Message(Ask)
inp.1 << 19:07:00.731 [main] INFO Env - @{1 SEND 3} Message(Ask)
inp.1 << 19:07:00.732 [main] INFO Env - @{1 SEND 4} Message(Ask)
inp.1 << 19:07:00.732 [main] INFO Env - @{1 SEND 5} Message(Ask)
inp.1 << 19:07:00.732 [main] INFO Env - @{1 RCVD 2} Message(Share)
inp.1 << 19:07:00.732 [main] INFO Env - @{1 RCVD 2} Message(Ask)
inp.3 << 19:07:00.733 [main] INFO Env - @{3 SEND 4} Message(Ask)
inp.3 << 19:07:00.733 [main] INFO Env - @{3 SEND 5} Message(Ask)
inp.3 << 19:07:00.733 [main] INFO Env - @{3 RCVD 2} Message(Ask)
inp.3 << 19:07:00.733 [main] INFO Env - @{3 SEND 2} Message(Share)
inp.3 << 19:07:00.733 [main] INFO Env - @{3 SEND 2} Message(Ask)
inp.3 << 19:07:00.733 [main] INFO Env - @{3 RCVD 1} Message(Ask)
inp.3 << 19:07:00.733 [main] INFO Env - @{3 SEND 1} Message(Share)
inp.3 << 19:07:00.734 [main] INFO Env - @{3 SEND 1} Message(Ask)
inp.2 << 19:07:00.733 [main] INFO Env - @{2 RCVD 3} Message(Share)
inp.2 << 19:07:00.734 [main] INFO Env - @{2 RCVD 3} Message(Ask)
inp.1 << 19:07:00.734 [main] INFO Env - @{1 RCVD 3} Message(Share)
inp.1 << 19:07:00.734 [main] INFO Env - @{1 RCVD 3} Message(Ask)
inp.5 << 19:07:00.735 [main] INFO Env - @{5 LOCKED}
out.5 >> unlock
inp.2 << 19:07:00.735 [main] INFO Env - @{2 RCVD 4} Message(Share)
inp.2 << 19:07:00.736 [main] INFO Env - @{2 RCVD 4} Message(Ask)
inp.1 << 19:07:00.736 [main] INFO Env - @{1 RCVD 4} Message(Share)
inp.1 << 19:07:00.736 [main] INFO Env - @{1 RCVD 4} Message(Ask)
inp.4 << 19:07:00.735 [main] INFO Env - @{4 SEND 5} Message(Ask)
inp.4 << 19:07:00.735 [main] INFO Env - @{4 RCVD 2} Message(Ask)
inp.5 << 19:07:00.736 [main] INFO Env - @{5 RCVD 2} Message(Ask)
inp.4 << 19:07:00.735 [main] INFO Env - @{4 SEND 2} Message(Share)
inp.4 << 19:07:00.735 [main] INFO Env - @{4 SEND 2} Message(Ask)
inp.4 << 19:07:00.735 [main] INFO Env - @{4 RCVD 1} Message(Ask)
inp.4 << 19:07:00.736 [main] INFO Env - @{4 SEND 1} Message(Share)
inp.4 << 19:07:00.736 [main] INFO Env - @{4 SEND 1} Message(Ask)
inp.4 << 19:07:00.736 [main] INFO Env - @{4 RCVD 3} Message(Ask)
inp.4 << 19:07:00.736 [main] INFO Env - @{4 SEND 3} Message(Share)
inp.4 << 19:07:00.736 [main] INFO Env - @{4 SEND 3} Message(Ask)
inp.5 << 19:07:00.737 [main] INFO Env - @{5 RCVD 1} Message(Ask)
inp.5 << 19:07:00.737 [main] INFO Env - @{5 RCVD 3} Message(Ask)
inp.5 << 19:07:00.738 [main] INFO Env - @{5 RCVD 4} Message(Ask)
inp.5 << 19:07:00.738 [main] INFO Env - @{5 UNLOCKED}
inp.3 << 19:07:00.738 [main] INFO Env - @{3 RCVD 4} Message(Share)
inp.5 << 19:07:00.738 [main] INFO Env - @{5 SEND 1} Message(Share)
inp.5 << 19:07:00.738 [main] INFO Env - @{5 SEND 2} Message(Share)
inp.5 << 19:07:00.738 [main] INFO Env - @{5 SEND 3} Message(Share)
inp.5 << 19:07:00.738 [main] INFO Env - @{5 SEND 4} Message(Share)
inp.1 << 19:07:00.738 [main] INFO Env - @{1 RCVD 5} Message(Share)
inp.1 << 19:07:00.738 [main] INFO Env - @{1 LOCKED}
inp.2 << 19:07:00.738 [main] INFO Env - @{2 RCVD 5} Message(Share)
out.1 >> unlock
inp.3 << 19:07:00.738 [main] INFO Env - @{3 RCVD 4} Message(Ask)
inp.3 << 19:07:00.739 [main] INFO Env - @{3 RCVD 5} Message(Share)
inp.1 << 19:07:00.739 [main] INFO Env - @{1 UNLOCKED}
inp.1 << 19:07:00.739 [main] INFO Env - @{1 SEND 2} Message(Share)
inp.1 << 19:07:00.739 [main] INFO Env - @{1 SEND 3} Message(Share)
inp.2 << 19:07:00.739 [main] INFO Env - @{2 RCVD 1} Message(Share)
inp.1 << 19:07:00.740 [main] INFO Env - @{1 SEND 4} Message(Share)
inp.2 << 19:07:00.740 [main] INFO Env - @{2 LOCKED}
out.2 >> unlock
inp.4 << 19:07:00.740 [main] INFO Env - @{4 RCVD 5} Message(Share)
inp.4 << 19:07:00.741 [main] INFO Env - @{4 RCVD 1} Message(Share)
inp.2 << 19:07:00.741 [main] INFO Env - @{2 UNLOCKED}
inp.2 << 19:07:00.741 [main] INFO Env - @{2 SEND 3} Message(Share)
inp.2 << 19:07:00.741 [main] INFO Env - @{2 SEND 4} Message(Share)
inp.3 << 19:07:00.741 [main] INFO Env - @{3 RCVD 1} Message(Share)
inp.4 << 19:07:00.741 [main] INFO Env - @{4 RCVD 2} Message(Share)
inp.3 << 19:07:00.742 [main] INFO Env - @{3 RCVD 2} Message(Share)
inp.3 << 19:07:00.742 [main] INFO Env - @{3 LOCKED}
out.3 >> unlock
inp.3 << 19:07:00.742 [main] INFO Env - @{3 UNLOCKED}
inp.3 << 19:07:00.742 [main] INFO Env - @{3 SEND 4} Message(Share)
inp.4 << 19:07:00.743 [main] INFO Env - @{4 RCVD 3} Message(Share)
inp.4 << 19:07:00.743 [main] INFO Env - @{4 LOCKED}
out.4 >> unlock
inp.4 << 19:07:00.743 [main] INFO Env - @{4 UNLOCKED}
out.1 >> ping
out.2 >> ping
out.3 >> ping
out.4 >> ping
out.5 >> ping
inp.1 << 19:07:00.744 [main] INFO Env - @{1 PONG}
inp.2 << 19:07:00.744 [main] INFO Env - @{2 PONG}
inp.4 << 19:07:00.745 [main] INFO Env - @{4 PONG}
inp.5 << 19:07:00.745 [main] INFO Env - @{5 PONG}
inp.3 << 19:07:00.745 [main] INFO Env - @{3 PONG}
out.5 >> lock
inp.5 << 19:07:00.746 [main] INFO Env - @{5 SEND 1} Message(Ask)
inp.1 << 19:07:00.746 [main] INFO Env - @{1 RCVD 5} Message(Ask)
inp.1 << 19:07:00.746 [main] INFO Env - @{1 SEND 5} Message(Share)
inp.5 << 19:07:00.746 [main] INFO Env - @{5 SEND 2} Message(Ask)
inp.5 << 19:07:00.746 [main] INFO Env - @{5 SEND 3} Message(Ask)
inp.5 << 19:07:00.746 [main] INFO Env - @{5 SEND 4} Message(Ask)
inp.2 << 19:07:00.746 [main] INFO Env - @{2 RCVD 5} Message(Ask)
inp.5 << 19:07:00.747 [main] INFO Env - @{5 RCVD 1} Message(Share)
inp.2 << 19:07:00.747 [main] INFO Env - @{2 SEND 5} Message(Share)
inp.5 << 19:07:00.747 [main] INFO Env - @{5 RCVD 2} Message(Share)
inp.4 << 19:07:00.747 [main] INFO Env - @{4 RCVD 5} Message(Ask)
inp.3 << 19:07:00.747 [main] INFO Env - @{3 RCVD 5} Message(Ask)
inp.3 << 19:07:00.747 [main] INFO Env - @{3 SEND 5} Message(Share)
inp.4 << 19:07:00.747 [main] INFO Env - @{4 SEND 5} Message(Share)
inp.5 << 19:07:00.748 [main] INFO Env - @{5 RCVD 3} Message(Share)
inp.5 << 19:07:00.748 [main] INFO Env - @{5 RCVD 4} Message(Share)
inp.5 << 19:07:00.748 [main] INFO Env - @{5 LOCKED}
out.5 >> unlock
inp.5 << 19:07:00.749 [main] INFO Env - @{5 UNLOCKED}
out.1 >> ping
out.2 >> ping
out.3 >> ping
out.4 >> ping
out.5 >> ping
inp.2 << 19:07:00.750 [main] INFO Env - @{2 PONG}
inp.1 << 19:07:00.750 [main] INFO Env - @{1 PONG}
inp.3 << 19:07:00.750 [main] INFO Env - @{3 PONG}
inp.4 << 19:07:00.750 [main] INFO Env - @{4 PONG}
inp.5 << 19:07:00.750 [main] INFO Env - @{5 PONG}
out.5 >> lock
inp.5 << 19:07:00.751 [main] INFO Env - @{5 LOCKED}
out.5 >> unlock
inp.5 << 19:07:00.751 [main] INFO Env - @{5 UNLOCKED}
out.1 >> ping
out.2 >> ping
out.3 >> ping
out.4 >> ping
out.5 >> ping
inp.2 << 19:07:00.752 [main] INFO Env - @{2 PONG}
inp.1 << 19:07:00.752 [main] INFO Env - @{1 PONG}
inp.3 << 19:07:00.753 [main] INFO Env - @{3 PONG}
inp.4 << 19:07:00.754 [main] INFO Env - @{4 PONG}
inp.5 << 19:07:00.754 [main] INFO Env - @{5 PONG}
out.5 >> lock
inp.5 << 19:07:00.755 [main] INFO Env - @{5 LOCKED}
out.5 >> unlock
inp.5 << 19:07:00.755 [main] INFO Env - @{5 UNLOCKED}
out.1 >> ping
out.2 >> ping
out.3 >> ping
out.4 >> ping
out.5 >> ping
inp.2 << 19:07:00.756 [main] INFO Env - @{2 PONG}
inp.1 << 19:07:00.757 [main] INFO Env - @{1 PONG}
inp.3 << 19:07:00.757 [main] INFO Env - @{3 PONG}
inp.4 << 19:07:00.757 [main] INFO Env - @{4 PONG}
inp.5 << 19:07:00.757 [main] INFO Env - @{5 PONG}
out.5 >> lock
out.3 >> lock
inp.3 << 19:07:00.759 [main] INFO Env - @{3 SEND 4} Message(Ask)
inp.5 << 19:07:00.759 [main] INFO Env - @{5 LOCKED}
out.5 >> unlock
inp.3 << 19:07:00.759 [main] INFO Env - @{3 SEND 5} Message(Ask)
inp.4 << 19:07:00.760 [main] INFO Env - @{4 RCVD 3} Message(Ask)
inp.4 << 19:07:00.760 [main] INFO Env - @{4 SEND 3} Message(Share)
inp.5 << 19:07:00.760 [main] INFO Env - @{5 RCVD 3} Message(Ask)
inp.5 << 19:07:00.760 [main] INFO Env - @{5 UNLOCKED}
inp.5 << 19:07:00.760 [main] INFO Env - @{5 SEND 3} Message(Share)
inp.3 << 19:07:00.761 [main] INFO Env - @{3 RCVD 4} Message(Share)
inp.3 << 19:07:00.761 [main] INFO Env - @{3 RCVD 5} Message(Share)
inp.3 << 19:07:00.761 [main] INFO Env - @{3 LOCKED}
out.3 >> unlock
inp.3 << 19:07:00.761 [main] INFO Env - @{3 UNLOCKED}
out.1 >> ping
out.2 >> ping
out.3 >> ping
out.4 >> ping
out.5 >> ping
inp.2 << 19:07:00.762 [main] INFO Env - @{2 PONG}
inp.1 << 19:07:00.762 [main] INFO Env - @{1 PONG}
inp.3 << 19:07:00.763 [main] INFO Env - @{3 PONG}
inp.4 << 19:07:00.763 [main] INFO Env - @{4 PONG}
inp.5 << 19:07:00.763 [main] INFO Env - @{5 PONG}
out.5 >> lock
out.3 >> lock
inp.3 << 19:07:00.764 [main] INFO Env - @{3 LOCKED}
out.3 >> unlock
inp.5 << 19:07:00.764 [main] INFO Env - @{5 SEND 3} Message(Ask)
inp.3 << 19:07:00.765 [main] INFO Env - @{3 RCVD 5} Message(Ask)
inp.3 << 19:07:00.765 [main] INFO Env - @{3 UNLOCKED}
inp.3 << 19:07:00.765 [main] INFO Env - @{3 SEND 5} Message(Share)
inp.5 << 19:07:00.765 [main] INFO Env - @{5 RCVD 3} Message(Share)
inp.5 << 19:07:00.766 [main] INFO Env - @{5 LOCKED}
out.5 >> unlock
inp.5 << 19:07:00.766 [main] INFO Env - @{5 UNLOCKED}
out.1 >> ping
out.2 >> ping
out.3 >> ping
out.4 >> ping
out.5 >> ping
inp.1 << 19:07:00.767 [main] INFO Env - @{1 PONG}
inp.2 << 19:07:00.767 [main] INFO Env - @{2 PONG}
inp.3 << 19:07:00.767 [main] INFO Env - @{3 PONG}
inp.4 << 19:07:00.767 [main] INFO Env - @{4 PONG}
inp.5 << 19:07:00.768 [main] INFO Env - @{5 PONG}
out.5 >> lock
out.3 >> lock
inp.5 << 19:07:00.768 [main] INFO Env - @{5 LOCKED}
out.5 >> unlock
inp.5 << 19:07:00.769 [main] INFO Env - @{5 UNLOCKED}
inp.3 << 19:07:00.769 [main] INFO Env - @{3 SEND 5} Message(Ask)
inp.5 << 19:07:00.769 [main] INFO Env - @{5 RCVD 3} Message(Ask)
inp.5 << 19:07:00.769 [main] INFO Env - @{5 SEND 3} Message(Share)
inp.3 << 19:07:00.770 [main] INFO Env - @{3 RCVD 5} Message(Share)
inp.3 << 19:07:00.770 [main] INFO Env - @{3 LOCKED}
out.3 >> unlock
inp.3 << 19:07:00.771 [main] INFO Env - @{3 UNLOCKED}
out.1 >> ping
out.2 >> ping
out.3 >> ping
out.4 >> ping
inp.1 << 19:07:00.775 [main] INFO Env - @{1 PONG}
out.5 >> ping
inp.2 << 19:07:00.776 [main] INFO Env - @{2 PONG}
inp.3 << 19:07:00.778 [main] INFO Env - @{3 PONG}
inp.4 << 19:07:00.778 [main] INFO Env - @{4 PONG}
inp.5 << 19:07:00.778 [main] INFO Env - @{5 PONG}
out.1 >> ping
out.2 >> ping
out.3 >> ping
out.4 >> ping
out.5 >> ping
inp.2 << 19:07:00.779 [main] INFO Env - @{2 PONG}
inp.1 << 19:07:00.779 [main] INFO Env - @{1 PONG}
inp.4 << 19:07:00.780 [main] INFO Env - @{4 PONG}
inp.3 << 19:07:00.780 [main] INFO Env - @{3 PONG}
inp.5 << 19:07:00.780 [main] INFO Env - @{5 PONG}
out.1 >> lock
inp.1 << 19:07:00.780 [main] INFO Env - @{1 SEND 2} Message(Ask)
inp.1 << 19:07:00.780 [main] INFO Env - @{1 SEND 3} Message(Ask)
inp.1 << 19:07:00.781 [main] INFO Env - @{1 SEND 4} Message(Ask)
inp.1 << 19:07:00.781 [main] INFO Env - @{1 SEND 5} Message(Ask)
inp.2 << 19:07:00.781 [main] INFO Env - @{2 RCVD 1} Message(Ask)
inp.2 << 19:07:00.781 [main] INFO Env - @{2 SEND 1} Message(Share)
inp.1 << 19:07:00.781 [main] INFO Env - @{1 RCVD 2} Message(Share)
inp.3 << 19:07:00.782 [main] INFO Env - @{3 RCVD 1} Message(Ask)
inp.3 << 19:07:00.782 [main] INFO Env - @{3 SEND 1} Message(Share)
inp.4 << 19:07:00.782 [main] INFO Env - @{4 RCVD 1} Message(Ask)
inp.4 << 19:07:00.782 [main] INFO Env - @{4 SEND 1} Message(Share)
inp.1 << 19:07:00.782 [main] INFO Env - @{1 RCVD 3} Message(Share)
inp.1 << 19:07:00.782 [main] INFO Env - @{1 RCVD 4} Message(Share)
inp.5 << 19:07:00.782 [main] INFO Env - @{5 RCVD 1} Message(Ask)
inp.5 << 19:07:00.782 [main] INFO Env - @{5 SEND 1} Message(Share)
inp.1 << 19:07:00.783 [main] INFO Env - @{1 RCVD 5} Message(Share)
inp.1 << 19:07:00.783 [main] INFO Env - @{1 LOCKED}
out.1 >> unlock
inp.1 << 19:07:00.785 [main] INFO Env - @{1 UNLOCKED}
out.1 >> ping
out.2 >> ping
out.3 >> ping
out.4 >> ping
out.5 >> ping
inp.2 << 19:07:00.790 [main] INFO Env - @{2 PONG}
inp.1 << 19:07:00.790 [main] INFO Env - @{1 PONG}
inp.3 << 19:07:00.792 [main] INFO Env - @{3 PONG}
inp.5 << 19:07:00.792 [main] INFO Env - @{5 PONG}
inp.4 << 19:07:00.792 [main] INFO Env - @{4 PONG}
out.2 >> lock
inp.2 << 19:07:00.794 [main] INFO Env - @{2 SEND 1} Message(Ask)
inp.2 << 19:07:00.795 [main] INFO Env - @{2 SEND 3} Message(Ask)
inp.1 << 19:07:00.795 [main] INFO Env - @{1 RCVD 2} Message(Ask)
inp.1 << 19:07:00.795 [main] INFO Env - @{1 SEND 2} Message(Share)
inp.2 << 19:07:00.796 [main] INFO Env - @{2 SEND 4} Message(Ask)
inp.2 << 19:07:00.796 [main] INFO Env - @{2 SEND 5} Message(Ask)
inp.2 << 19:07:00.796 [main] INFO Env - @{2 RCVD 1} Message(Share)
inp.3 << 19:07:00.796 [main] INFO Env - @{3 RCVD 2} Message(Ask)
inp.4 << 19:07:00.797 [main] INFO Env - @{4 RCVD 2} Message(Ask)
inp.3 << 19:07:00.797 [main] INFO Env - @{3 SEND 2} Message(Share)
inp.2 << 19:07:00.797 [main] INFO Env - @{2 RCVD 3} Message(Share)
inp.4 << 19:07:00.797 [main] INFO Env - @{4 SEND 2} Message(Share)
inp.2 << 19:07:00.797 [main] INFO Env - @{2 RCVD 4} Message(Share)
inp.5 << 19:07:00.797 [main] INFO Env - @{5 RCVD 2} Message(Ask)
inp.5 << 19:07:00.798 [main] INFO Env - @{5 SEND 2} Message(Share)
inp.2 << 19:07:00.798 [main] INFO Env - @{2 RCVD 5} Message(Share)
inp.2 << 19:07:00.798 [main] INFO Env - @{2 LOCKED}
out.2 >> unlock
inp.2 << 19:07:00.798 [main] INFO Env - @{2 UNLOCKED}
out.1 >> ping
out.2 >> ping
out.3 >> ping
out.4 >> ping
out.5 >> ping
inp.2 << 19:07:00.799 [main] INFO Env - @{2 PONG}
inp.1 << 19:07:00.799 [main] INFO Env - @{1 PONG}
inp.3 << 19:07:00.800 [main] INFO Env - @{3 PONG}
inp.4 << 19:07:00.800 [main] INFO Env - @{4 PONG}
inp.5 << 19:07:00.800 [main] INFO Env - @{5 PONG}
out.3 >> lock
inp.3 << 19:07:00.801 [main] INFO Env - @{3 SEND 1} Message(Ask)
inp.3 << 19:07:00.801 [main] INFO Env - @{3 SEND 2} Message(Ask)
inp.2 << 19:07:00.801 [main] INFO Env - @{2 RCVD 3} Message(Ask)
inp.2 << 19:07:00.801 [main] INFO Env - @{2 SEND 3} Message(Share)
inp.1 << 19:07:00.801 [main] INFO Env - @{1 RCVD 3} Message(Ask)
inp.1 << 19:07:00.801 [main] INFO Env - @{1 SEND 3} Message(Share)
inp.3 << 19:07:00.802 [main] INFO Env - @{3 RCVD 2} Message(Share)
inp.3 << 19:07:00.802 [main] INFO Env - @{3 RCVD 1} Message(Share)
inp.3 << 19:07:00.802 [main] INFO Env - @{3 LOCKED}
out.3 >> unlock
inp.3 << 19:07:00.803 [main] INFO Env - @{3 UNLOCKED}
out.1 >> ping
out.2 >> ping
out.3 >> ping
out.4 >> ping
out.5 >> ping
inp.1 << 19:07:00.804 [main] INFO Env - @{1 PONG}
inp.2 << 19:07:00.804 [main] INFO Env - @{2 PONG}
inp.4 << 19:07:00.805 [main] INFO Env - @{4 PONG}
inp.5 << 19:07:00.806 [main] INFO Env - @{5 PONG}
inp.3 << 19:07:00.806 [main] INFO Env - @{3 PONG}
out.4 >> lock
inp.4 << 19:07:00.807 [main] INFO Env - @{4 SEND 1} Message(Ask)
inp.1 << 19:07:00.807 [main] INFO Env - @{1 RCVD 4} Message(Ask)
inp.4 << 19:07:00.807 [main] INFO Env - @{4 SEND 2} Message(Ask)
inp.1 << 19:07:00.807 [main] INFO Env - @{1 SEND 4} Message(Share)
inp.4 << 19:07:00.807 [main] INFO Env - @{4 SEND 3} Message(Ask)
inp.4 << 19:07:00.808 [main] INFO Env - @{4 SEND 5} Message(Ask)
inp.4 << 19:07:00.808 [main] INFO Env - @{4 RCVD 1} Message(Share)
inp.2 << 19:07:00.808 [main] INFO Env - @{2 RCVD 4} Message(Ask)
inp.2 << 19:07:00.808 [main] INFO Env - @{2 SEND 4} Message(Share)
inp.5 << 19:07:00.809 [main] INFO Env - @{5 RCVD 4} Message(Ask)
inp.3 << 19:07:00.809 [main] INFO Env - @{3 RCVD 4} Message(Ask)
inp.3 << 19:07:00.809 [main] INFO Env - @{3 SEND 4} Message(Share)
inp.5 << 19:07:00.809 [main] INFO Env - @{5 SEND 4} Message(Share)
inp.4 << 19:07:00.809 [main] INFO Env - @{4 RCVD 2} Message(Share)
inp.4 << 19:07:00.810 [main] INFO Env - @{4 RCVD 3} Message(Share)
inp.4 << 19:07:00.810 [main] INFO Env - @{4 RCVD 5} Message(Share)
inp.4 << 19:07:00.810 [main] INFO Env - @{4 LOCKED}
out.4 >> unlock
inp.4 << 19:07:00.810 [main] INFO Env - @{4 UNLOCKED}
out.1 >> ping
out.2 >> ping
out.3 >> ping
out.4 >> ping
out.5 >> ping
inp.2 << 19:07:00.811 [main] INFO Env - @{2 PONG}
inp.1 << 19:07:00.811 [main] INFO Env - @{1 PONG}
inp.3 << 19:07:00.812 [main] INFO Env - @{3 PONG}
inp.5 << 19:07:00.812 [main] INFO Env - @{5 PONG}
inp.4 << 19:07:00.812 [main] INFO Env - @{4 PONG}
out.5 >> lock
inp.5 << 19:07:00.812 [main] INFO Env - @{5 SEND 1} Message(Ask)
inp.5 << 19:07:00.812 [main] INFO Env - @{5 SEND 2} Message(Ask)
inp.1 << 19:07:00.813 [main] INFO Env - @{1 RCVD 5} Message(Ask)
inp.5 << 19:07:00.813 [main] INFO Env - @{5 SEND 3} Message(Ask)
inp.2 << 19:07:00.813 [main] INFO Env - @{2 RCVD 5} Message(Ask)
inp.5 << 19:07:00.813 [main] INFO Env - @{5 SEND 4} Message(Ask)
inp.2 << 19:07:00.813 [main] INFO Env - @{2 SEND 5} Message(Share)
inp.1 << 19:07:00.813 [main] INFO Env - @{1 SEND 5} Message(Share)
inp.3 << 19:07:00.814 [main] INFO Env - @{3 RCVD 5} Message(Ask)
inp.4 << 19:07:00.814 [main] INFO Env - @{4 RCVD 5} Message(Ask)
inp.5 << 19:07:00.814 [main] INFO Env - @{5 RCVD 1} Message(Share)
inp.3 << 19:07:00.814 [main] INFO Env - @{3 SEND 5} Message(Share)
inp.5 << 19:07:00.814 [main] INFO Env - @{5 RCVD 2} Message(Share)
inp.5 << 19:07:00.814 [main] INFO Env - @{5 RCVD 3} Message(Share)
inp.4 << 19:07:00.814 [main] INFO Env - @{4 SEND 5} Message(Share)
inp.5 << 19:07:00.815 [main] INFO Env - @{5 RCVD 4} Message(Share)
inp.5 << 19:07:00.815 [main] INFO Env - @{5 LOCKED}
out.5 >> unlock
inp.5 << 19:07:00.815 [main] INFO Env - @{5 UNLOCKED}
out.1 >> ping
out.2 >> ping
out.3 >> ping
out.4 >> ping
out.5 >> ping
inp.2 << 19:07:00.816 [main] INFO Env - @{2 PONG}
inp.1 << 19:07:00.816 [main] INFO Env - @{1 PONG}
inp.4 << 19:07:00.816 [main] INFO Env - @{4 PONG}
inp.3 << 19:07:00.816 [main] INFO Env - @{3 PONG}
inp.5 << 19:07:00.817 [main] INFO Env - @{5 PONG}
out.1 >> lock
out.3 >> lock
out.5 >> lock
out.4 >> lock
out.2 >> lock
inp.1 << 19:07:00.817 [main] INFO Env - @{1 SEND 2} Message(Ask)
inp.2 << 19:07:00.818 [main] INFO Env - @{2 SEND 3} Message(Ask)
inp.2 << 19:07:00.818 [main] INFO Env - @{2 SEND 4} Message(Ask)
inp.1 << 19:07:00.818 [main] INFO Env - @{1 SEND 3} Message(Ask)
inp.2 << 19:07:00.818 [main] INFO Env - @{2 SEND 5} Message(Ask)
inp.1 << 19:07:00.818 [main] INFO Env - @{1 SEND 4} Message(Ask)
inp.2 << 19:07:00.818 [main] INFO Env - @{2 RCVD 1} Message(Ask)
inp.2 << 19:07:00.818 [main] INFO Env - @{2 SEND 1} Message(Share)
inp.1 << 19:07:00.818 [main] INFO Env - @{1 SEND 5} Message(Ask)
inp.2 << 19:07:00.818 [main] INFO Env - @{2 SEND 1} Message(Ask)
inp.1 << 19:07:00.819 [main] INFO Env - @{1 RCVD 2} Message(Share)
inp.3 << 19:07:00.819 [main] INFO Env - @{3 SEND 4} Message(Ask)
inp.1 << 19:07:00.819 [main] INFO Env - @{1 RCVD 2} Message(Ask)
inp.5 << 19:07:00.819 [main] INFO Env - @{5 LOCKED}
inp.4 << 19:07:00.819 [main] INFO Env - @{4 SEND 5} Message(Ask)
inp.5 << 19:07:00.819 [main] INFO Env - @{5 RCVD 2} Message(Ask)
inp.4 << 19:07:00.819 [main] INFO Env - @{4 RCVD 2} Message(Ask)
inp.5 << 19:07:00.819 [main] INFO Env - @{5 RCVD 1} Message(Ask)
inp.5 << 19:07:00.819 [main] INFO Env - @{5 RCVD 4} Message(Ask)
out.5 >> unlock
inp.4 << 19:07:00.819 [main] INFO Env - @{4 SEND 2} Message(Share)
inp.3 << 19:07:00.819 [main] INFO Env - @{3 SEND 5} Message(Ask)
inp.4 << 19:07:00.819 [main] INFO Env - @{4 SEND 2} Message(Ask)
inp.3 << 19:07:00.819 [main] INFO Env - @{3 RCVD 2} Message(Ask)
inp.4 << 19:07:00.819 [main] INFO Env - @{4 RCVD 1} Message(Ask)
inp.4 << 19:07:00.819 [main] INFO Env - @{4 SEND 1} Message(Share)
inp.3 << 19:07:00.820 [main] INFO Env - @{3 SEND 2} Message(Share)
inp.4 << 19:07:00.820 [main] INFO Env - @{4 SEND 1} Message(Ask)
inp.3 << 19:07:00.820 [main] INFO Env - @{3 SEND 2} Message(Ask)
inp.3 << 19:07:00.820 [main] INFO Env - @{3 RCVD 1} Message(Ask)
inp.2 << 19:07:00.820 [main] INFO Env - @{2 RCVD 4} Message(Share)
inp.3 << 19:07:00.820 [main] INFO Env - @{3 SEND 1} Message(Share)
inp.4 << 19:07:00.820 [main] INFO Env - @{4 RCVD 3} Message(Ask)
inp.2 << 19:07:00.820 [main] INFO Env - @{2 RCVD 4} Message(Ask)
inp.3 << 19:07:00.820 [main] INFO Env - @{3 SEND 1} Message(Ask)
inp.2 << 19:07:00.820 [main] INFO Env - @{2 RCVD 3} Message(Share)
inp.2 << 19:07:00.820 [main] INFO Env - @{2 RCVD 3} Message(Ask)
inp.1 << 19:07:00.820 [main] INFO Env - @{1 RCVD 4} Message(Share)
inp.1 << 19:07:00.820 [main] INFO Env - @{1 RCVD 4} Message(Ask)
inp.4 << 19:07:00.820 [main] INFO Env - @{4 SEND 3} Message(Share)
inp.4 << 19:07:00.820 [main] INFO Env - @{4 SEND 3} Message(Ask)
inp.1 << 19:07:00.821 [main] INFO Env - @{1 RCVD 3} Message(Share)
inp.1 << 19:07:00.821 [main] INFO Env - @{1 RCVD 3} Message(Ask)
inp.5 << 19:07:00.821 [main] INFO Env - @{5 RCVD 3} Message(Ask)
inp.5 << 19:07:00.822 [main] INFO Env - @{5 UNLOCKED}
inp.5 << 19:07:00.822 [main] INFO Env - @{5 SEND 1} Message(Share)
inp.5 << 19:07:00.822 [main] INFO Env - @{5 SEND 2} Message(Share)
inp.5 << 19:07:00.822 [main] INFO Env - @{5 SEND 3} Message(Share)
inp.5 << 19:07:00.822 [main] INFO Env - @{5 SEND 4} Message(Share)
inp.1 << 19:07:00.822 [main] INFO Env - @{1 RCVD 5} Message(Share)
inp.1 << 19:07:00.823 [main] INFO Env - @{1 LOCKED}
inp.2 << 19:07:00.822 [main] INFO Env - @{2 RCVD 5} Message(Share)
out.1 >> unlock
inp.3 << 19:07:00.823 [main] INFO Env - @{3 RCVD 4} Message(Share)
inp.1 << 19:07:00.823 [main] INFO Env - @{1 UNLOCKED}
inp.1 << 19:07:00.824 [main] INFO Env - @{1 SEND 2} Message(Share)
inp.1 << 19:07:00.824 [main] INFO Env - @{1 SEND 3} Message(Share)
inp.1 << 19:07:00.824 [main] INFO Env - @{1 SEND 4} Message(Share)
inp.2 << 19:07:00.824 [main] INFO Env - @{2 RCVD 1} Message(Share)
inp.2 << 19:07:00.824 [main] INFO Env - @{2 LOCKED}
inp.3 << 19:07:00.823 [main] INFO Env - @{3 RCVD 4} Message(Ask)
inp.3 << 19:07:00.824 [main] INFO Env - @{3 RCVD 5} Message(Share)
out.2 >> unlock
inp.3 << 19:07:00.825 [main] INFO Env - @{3 RCVD 1} Message(Share)
inp.2 << 19:07:00.825 [main] INFO Env - @{2 UNLOCKED}
inp.2 << 19:07:00.825 [main] INFO Env - @{2 SEND 3} Message(Share)
inp.2 << 19:07:00.825 [main] INFO Env - @{2 SEND 4} Message(Share)
inp.4 << 19:07:00.825 [main] INFO Env - @{4 RCVD 5} Message(Share)
inp.4 << 19:07:00.826 [main] INFO Env - @{4 RCVD 1} Message(Share)
inp.4 << 19:07:00.826 [main] INFO Env - @{4 RCVD 2} Message(Share)
inp.3 << 19:07:00.826 [main] INFO Env - @{3 RCVD 2} Message(Share)
inp.3 << 19:07:00.826 [main] INFO Env - @{3 LOCKED}
out.3 >> unlock
inp.3 << 19:07:00.827 [main] INFO Env - @{3 UNLOCKED}
inp.3 << 19:07:00.827 [main] INFO Env - @{3 SEND 4} Message(Share)
inp.4 << 19:07:00.828 [main] INFO Env - @{4 RCVD 3} Message(Share)
inp.4 << 19:07:00.828 [main] INFO Env - @{4 LOCKED}
out.4 >> unlock
inp.4 << 19:07:00.829 [main] INFO Env - @{4 UNLOCKED}
out.1 >> ping
out.2 >> ping
out.3 >> ping
out.4 >> ping
out.5 >> ping
inp.2 << 19:07:00.830 [main] INFO Env - @{2 PONG}
inp.1 << 19:07:00.830 [main] INFO Env - @{1 PONG}
inp.3 << 19:07:00.830 [main] INFO Env - @{3 PONG}
inp.5 << 19:07:00.830 [main] INFO Env - @{5 PONG}
inp.4 << 19:07:00.830 [main] INFO Env - @{4 PONG}
out.5 >> lock
inp.5 << 19:07:00.831 [main] INFO Env - @{5 SEND 1} Message(Ask)
inp.1 << 19:07:00.831 [main] INFO Env - @{1 RCVD 5} Message(Ask)
inp.5 << 19:07:00.831 [main] INFO Env - @{5 SEND 2} Message(Ask)
inp.1 << 19:07:00.831 [main] INFO Env - @{1 SEND 5} Message(Share)
inp.5 << 19:07:00.832 [main] INFO Env - @{5 SEND 3} Message(Ask)
inp.2 << 19:07:00.832 [main] INFO Env - @{2 RCVD 5} Message(Ask)
inp.5 << 19:07:00.832 [main] INFO Env - @{5 SEND 4} Message(Ask)
inp.5 << 19:07:00.832 [main] INFO Env - @{5 RCVD 1} Message(Share)
inp.2 << 19:07:00.832 [main] INFO Env - @{2 SEND 5} Message(Share)
inp.3 << 19:07:00.832 [main] INFO Env - @{3 RCVD 5} Message(Ask)
inp.3 << 19:07:00.832 [main] INFO Env - @{3 SEND 5} Message(Share)
inp.5 << 19:07:00.832 [main] INFO Env - @{5 RCVD 2} Message(Share)
inp.4 << 19:07:00.832 [main] INFO Env - @{4 RCVD 5} Message(Ask)
inp.5 << 19:07:00.833 [main] INFO Env - @{5 RCVD 3} Message(Share)
inp.4 << 19:07:00.833 [main] INFO Env - @{4 SEND 5} Message(Share)
inp.5 << 19:07:00.833 [main] INFO Env - @{5 RCVD 4} Message(Share)
inp.5 << 19:07:00.833 [main] INFO Env - @{5 LOCKED}
out.5 >> unlock
inp.5 << 19:07:00.834 [main] INFO Env - @{5 UNLOCKED}
out.1 >> ping
out.2 >> ping
out.3 >> ping
out.4 >> ping
out.5 >> ping
inp.2 << 19:07:00.835 [main] INFO Env - @{2 PONG}
inp.1 << 19:07:00.835 [main] INFO Env - @{1 PONG}
inp.3 << 19:07:00.836 [main] INFO Env - @{3 PONG}
inp.4 << 19:07:00.836 [main] INFO Env - @{4 PONG}
inp.5 << 19:07:00.836 [main] INFO Env - @{5 PONG}
out.5 >> lock
inp.5 << 19:07:00.837 [main] INFO Env - @{5 LOCKED}
out.5 >> unlock
inp.5 << 19:07:00.838 [main] INFO Env - @{5 UNLOCKED}
out.1 >> ping
out.2 >> ping
out.3 >> ping
out.4 >> ping
out.5 >> ping
inp.1 << 19:07:00.839 [main] INFO Env - @{1 PONG}
inp.4 << 19:07:00.839 [main] INFO Env - @{4 PONG}
inp.3 << 19:07:00.840 [main] INFO Env - @{3 PONG}
inp.5 << 19:07:00.840 [main] INFO Env - @{5 PONG}
inp.2 << 19:07:00.839 [main] INFO Env - @{2 PONG}
out.5 >> lock
inp.5 << 19:07:00.843 [main] INFO Env - @{5 LOCKED}
out.5 >> unlock
inp.5 << 19:07:00.843 [main] INFO Env - @{5 UNLOCKED}
out.1 >> ping
out.2 >> ping
out.3 >> ping
out.4 >> ping
out.5 >> ping
inp.2 << 19:07:00.844 [main] INFO Env - @{2 PONG}
inp.4 << 19:07:00.844 [main] INFO Env - @{4 PONG}
inp.3 << 19:07:00.846 [main] INFO Env - @{3 PONG}
inp.5 << 19:07:00.847 [main] INFO Env - @{5 PONG}
inp.1 << 19:07:00.844 [main] INFO Env - @{1 PONG}
out.5 >> lock
out.2 >> lock
inp.2 << 19:07:00.862 [main] INFO Env - @{2 SEND 3} Message(Ask)
inp.5 << 19:07:00.863 [main] INFO Env - @{5 LOCKED}
inp.2 << 19:07:00.863 [main] INFO Env - @{2 SEND 4} Message(Ask)
inp.2 << 19:07:00.863 [main] INFO Env - @{2 SEND 5} Message(Ask)
out.5 >> unlock
inp.5 << 19:07:00.863 [main] INFO Env - @{5 RCVD 2} Message(Ask)
inp.4 << 19:07:00.863 [main] INFO Env - @{4 RCVD 2} Message(Ask)
inp.4 << 19:07:00.864 [main] INFO Env - @{4 SEND 2} Message(Share)
inp.2 << 19:07:00.864 [main] INFO Env - @{2 RCVD 4} Message(Share)
inp.3 << 19:07:00.864 [main] INFO Env - @{3 RCVD 2} Message(Ask)
inp.3 << 19:07:00.864 [main] INFO Env - @{3 SEND 2} Message(Share)
inp.2 << 19:07:00.864 [main] INFO Env - @{2 RCVD 3} Message(Share)
inp.5 << 19:07:00.864 [main] INFO Env - @{5 UNLOCKED}
inp.5 << 19:07:00.865 [main] INFO Env - @{5 SEND 2} Message(Share)
inp.2 << 19:07:00.865 [main] INFO Env - @{2 RCVD 5} Message(Share)
inp.2 << 19:07:00.865 [main] INFO Env - @{2 LOCKED}
out.2 >> unlock
inp.2 << 19:07:00.865 [main] INFO Env - @{2 UNLOCKED}
out.1 >> ping
out.2 >> ping
out.3 >> ping
out.4 >> ping
out.5 >> ping
inp.1 << 19:07:00.866 [main] INFO Env - @{1 PONG}
inp.2 << 19:07:00.867 [main] INFO Env - @{2 PONG}
inp.4 << 19:07:00.867 [main] INFO Env - @{4 PONG}
inp.3 << 19:07:00.868 [main] INFO Env - @{3 PONG}
inp.5 << 19:07:00.868 [main] INFO Env - @{5 PONG}
out.5 >> lock
out.2 >> lock
inp.2 << 19:07:00.869 [main] INFO Env - @{2 LOCKED}
out.2 >> unlock
inp.2 << 19:07:00.872 [main] INFO Env - @{2 UNLOCKED}
inp.5 << 19:07:00.873 [main] INFO Env - @{5 SEND 2} Message(Ask)
inp.2 << 19:07:00.875 [main] INFO Env - @{2 RCVD 5} Message(Ask)
inp.2 << 19:07:00.876 [main] INFO Env - @{2 SEND 5} Message(Share)
inp.5 << 19:07:00.877 [main] INFO Env - @{5 RCVD 2} Message(Share)
inp.5 << 19:07:00.877 [main] INFO Env - @{5 LOCKED}
out.5 >> unlock
inp.5 << 19:07:00.877 [main] INFO Env - @{5 UNLOCKED}
out.1 >> ping
out.2 >> ping
out.3 >> ping
out.4 >> ping
out.5 >> ping
inp.4 << 19:07:00.878 [main] INFO Env - @{4 PONG}
inp.1 << 19:07:00.878 [main] INFO Env - @{1 PONG}
inp.2 << 19:07:00.878 [main] INFO Env - @{2 PONG}
inp.3 << 19:07:00.879 [main] INFO Env - @{3 PONG}
inp.5 << 19:07:00.880 [main] INFO Env - @{5 PONG}
out.5 >> lock
out.2 >> lock
inp.5 << 19:07:00.880 [main] INFO Env - @{5 LOCKED}
out.5 >> unlock
inp.2 << 19:07:00.880 [main] INFO Env - @{2 SEND 5} Message(Ask)
inp.5 << 19:07:00.880 [main] INFO Env - @{5 UNLOCKED}
inp.5 << 19:07:00.881 [main] INFO Env - @{5 RCVD 2} Message(Ask)
inp.5 << 19:07:00.881 [main] INFO Env - @{5 SEND 2} Message(Share)
inp.2 << 19:07:00.881 [main] INFO Env - @{2 RCVD 5} Message(Share)
inp.2 << 19:07:00.881 [main] INFO Env - @{2 LOCKED}
out.2 >> unlock
inp.2 << 19:07:00.882 [main] INFO Env - @{2 UNLOCKED}
out.1 >> ping
out.2 >> ping
out.3 >> ping
out.4 >> ping
out.5 >> ping
inp.1 << 19:07:00.883 [main] INFO Env - @{1 PONG}
inp.2 << 19:07:00.884 [main] INFO Env - @{2 PONG}
inp.4 << 19:07:00.884 [main] INFO Env - @{4 PONG}
inp.3 << 19:07:00.884 [main] INFO Env - @{3 PONG}
inp.5 << 19:07:00.884 [main] INFO Env - @{5 PONG}
out.1 >> ping
out.2 >> ping
out.3 >> ping
out.4 >> ping
out.5 >> ping
inp.1 << 19:07:00.885 [main] INFO Env - @{1 PONG}
inp.3 << 19:07:00.885 [main] INFO Env - @{3 PONG}
inp.2 << 19:07:00.885 [main] INFO Env - @{2 PONG}
inp.5 << 19:07:00.887 [main] INFO Env - @{5 PONG}
inp.4 << 19:07:00.885 [main] INFO Env - @{4 PONG}
out.1 >> lock
inp.1 << 19:07:00.892 [main] INFO Env - @{1 SEND 2} Message(Ask)
inp.1 << 19:07:00.895 [main] INFO Env - @{1 SEND 3} Message(Ask)
inp.1 << 19:07:00.895 [main] INFO Env - @{1 SEND 4} Message(Ask)
inp.1 << 19:07:00.895 [main] INFO Env - @{1 SEND 5} Message(Ask)
inp.2 << 19:07:00.896 [main] INFO Env - @{2 RCVD 1} Message(Ask)
inp.4 << 19:07:00.896 [main] INFO Env - @{4 RCVD 1} Message(Ask)
inp.2 << 19:07:00.896 [main] INFO Env - @{2 SEND 1} Message(Share)
inp.4 << 19:07:00.898 [main] INFO Env - @{4 SEND 1} Message(Share)
inp.1 << 19:07:00.898 [main] INFO Env - @{1 RCVD 2} Message(Share)
inp.1 << 19:07:00.900 [main] INFO Env - @{1 RCVD 4} Message(Share)
inp.3 << 19:07:00.901 [main] INFO Env - @{3 RCVD 1} Message(Ask)
inp.3 << 19:07:00.902 [main] INFO Env - @{3 SEND 1} Message(Share)
inp.1 << 19:07:00.905 [main] INFO Env - @{1 RCVD 3} Message(Share)
inp.5 << 19:07:00.906 [main] INFO Env - @{5 RCVD 1} Message(Ask)
inp.5 << 19:07:00.908 [main] INFO Env - @{5 SEND 1} Message(Share)
inp.1 << 19:07:00.909 [main] INFO Env - @{1 RCVD 5} Message(Share)
inp.1 << 19:07:00.909 [main] INFO Env - @{1 LOCKED}
out.1 >> unlock
inp.1 << 19:07:00.911 [main] INFO Env - @{1 UNLOCKED}
out.1 >> ping
out.2 >> ping
out.3 >> ping
out.4 >> ping
out.5 >> ping
inp.1 << 19:07:00.912 [main] INFO Env - @{1 PONG}
inp.2 << 19:07:00.912 [main] INFO Env - @{2 PONG}
inp.4 << 19:07:00.912 [main] INFO Env - @{4 PONG}
inp.3 << 19:07:00.913 [main] INFO Env - @{3 PONG}
inp.5 << 19:07:00.913 [main] INFO Env - @{5 PONG}
out.2 >> lock
inp.2 << 19:07:00.913 [main] INFO Env - @{2 SEND 1} Message(Ask)
inp.1 << 19:07:00.914 [main] INFO Env - @{1 RCVD 2} Message(Ask)
inp.1 << 19:07:00.914 [main] INFO Env - @{1 SEND 2} Message(Share)
inp.2 << 19:07:00.914 [main] INFO Env - @{2 RCVD 1} Message(Share)
inp.2 << 19:07:00.914 [main] INFO Env - @{2 LOCKED}
out.2 >> unlock
inp.2 << 19:07:00.915 [main] INFO Env - @{2 UNLOCKED}
out.1 >> ping
out.2 >> ping
out.3 >> ping
out.4 >> ping
out.5 >> ping
inp.2 << 19:07:00.917 [main] INFO Env - @{2 PONG}
inp.4 << 19:07:00.917 [main] INFO Env - @{4 PONG}
inp.3 << 19:07:00.918 [main] INFO Env - @{3 PONG}
inp.5 << 19:07:00.918 [main] INFO Env - @{5 PONG}
inp.1 << 19:07:00.919 [main] INFO Env - @{1 PONG}
out.3 >> lock
inp.3 << 19:07:00.920 [main] INFO Env - @{3 SEND 1} Message(Ask)
inp.3 << 19:07:00.921 [main] INFO Env - @{3 SEND 2} Message(Ask)
inp.3 << 19:07:00.921 [main] INFO Env - @{3 SEND 4} Message(Ask)
inp.3 << 19:07:00.921 [main] INFO Env - @{3 SEND 5} Message(Ask)
inp.1 << 19:07:00.921 [main] INFO Env - @{1 RCVD 3} Message(Ask)
inp.2 << 19:07:00.921 [main] INFO Env - @{2 RCVD 3} Message(Ask)
inp.4 << 19:07:00.922 [main] INFO Env - @{4 RCVD 3} Message(Ask)
inp.1 << 19:07:00.922 [main] INFO Env - @{1 SEND 3} Message(Share)
inp.2 << 19:07:00.922 [main] INFO Env - @{2 SEND 3} Message(Share)
inp.5 << 19:07:00.922 [main] INFO Env - @{5 RCVD 3} Message(Ask)
inp.4 << 19:07:00.922 [main] INFO Env - @{4 SEND 3} Message(Share)
inp.3 << 19:07:00.922 [main] INFO Env - @{3 RCVD 1} Message(Share)
inp.5 << 19:07:00.922 [main] INFO Env - @{5 SEND 3} Message(Share)
inp.3 << 19:07:00.922 [main] INFO Env - @{3 RCVD 2} Message(Share)
inp.3 << 19:07:00.922 [main] INFO Env - @{3 RCVD 4} Message(Share)
inp.3 << 19:07:00.924 [main] INFO Env - @{3 RCVD 5} Message(Share)
inp.3 << 19:07:00.925 [main] INFO Env - @{3 LOCKED}
out.3 >> unlock
inp.3 << 19:07:00.927 [main] INFO Env - @{3 UNLOCKED}
out.1 >> ping
out.2 >> ping
out.3 >> ping
out.4 >> ping
out.5 >> ping
inp.2 << 19:07:00.929 [main] INFO Env - @{2 PONG}
inp.1 << 19:07:00.929 [main] INFO Env - @{1 PONG}
inp.4 << 19:07:00.929 [main] INFO Env - @{4 PONG}
inp.3 << 19:07:00.930 [main] INFO Env - @{3 PONG}
inp.5 << 19:07:00.930 [main] INFO Env - @{5 PONG}
out.4 >> lock
inp.4 << 19:07:00.931 [main] INFO Env - @{4 SEND 1} Message(Ask)
inp.4 << 19:07:00.931 [main] INFO Env - @{4 SEND 2} Message(Ask)
inp.4 << 19:07:00.931 [main] INFO Env - @{4 SEND 3} Message(Ask)
inp.4 << 19:07:00.931 [main] INFO Env - @{4 SEND 5} Message(Ask)
inp.1 << 19:07:00.931 [main] INFO Env - @{1 RCVD 4} Message(Ask)
inp.2 << 19:07:00.932 [main] INFO Env - @{2 RCVD 4} Message(Ask)
inp.1 << 19:07:00.932 [main] INFO Env - @{1 SEND 4} Message(Share)
inp.4 << 19:07:00.934 [main] INFO Env - @{4 RCVD 1} Message(Share)
inp.2 << 19:07:00.934 [main] INFO Env - @{2 SEND 4} Message(Share)
inp.4 << 19:07:00.934 [main] INFO Env - @{4 RCVD 2} Message(Share)
inp.3 << 19:07:00.934 [main] INFO Env - @{3 RCVD 4} Message(Ask)
inp.3 << 19:07:00.934 [main] INFO Env - @{3 SEND 4} Message(Share)
inp.4 << 19:07:00.935 [main] INFO Env - @{4 RCVD 3} Message(Share)
inp.5 << 19:07:00.935 [main] INFO Env - @{5 RCVD 4} Message(Ask)
inp.5 << 19:07:00.935 [main] INFO Env - @{5 SEND 4} Message(Share)
inp.4 << 19:07:00.935 [main] INFO Env - @{4 RCVD 5} Message(Share)
inp.4 << 19:07:00.935 [main] INFO Env - @{4 LOCKED}
out.4 >> unlock
inp.4 << 19:07:00.936 [main] INFO Env - @{4 UNLOCKED}
out.1 >> ping
out.2 >> ping
out.3 >> ping
out.4 >> ping
out.5 >> ping
inp.1 << 19:07:00.939 [main] INFO Env - @{1 PONG}
inp.4 << 19:07:00.941 [main] INFO Env - @{4 PONG}
inp.3 << 19:07:00.943 [main] INFO Env - @{3 PONG}
inp.5 << 19:07:00.943 [main] INFO Env - @{5 PONG}
inp.2 << 19:07:00.946 [main] INFO Env - @{2 PONG}
out.5 >> lock
inp.5 << 19:07:00.947 [main] INFO Env - @{5 SEND 1} Message(Ask)
inp.5 << 19:07:00.947 [main] INFO Env - @{5 SEND 2} Message(Ask)
inp.5 << 19:07:00.947 [main] INFO Env - @{5 SEND 3} Message(Ask)
inp.5 << 19:07:00.947 [main] INFO Env - @{5 SEND 4} Message(Ask)
inp.1 << 19:07:00.947 [main] INFO Env - @{1 RCVD 5} Message(Ask)
inp.2 << 19:07:00.947 [main] INFO Env - @{2 RCVD 5} Message(Ask)
inp.2 << 19:07:00.948 [main] INFO Env - @{2 SEND 5} Message(Share)
inp.1 << 19:07:00.948 [main] INFO Env - @{1 SEND 5} Message(Share)
inp.4 << 19:07:00.948 [main] INFO Env - @{4 RCVD 5} Message(Ask)
inp.5 << 19:07:00.948 [main] INFO Env - @{5 RCVD 2} Message(Share)
inp.3 << 19:07:00.948 [main] INFO Env - @{3 RCVD 5} Message(Ask)
inp.4 << 19:07:00.948 [main] INFO Env - @{4 SEND 5} Message(Share)
inp.3 << 19:07:00.948 [main] INFO Env - @{3 SEND 5} Message(Share)
inp.5 << 19:07:00.948 [main] INFO Env - @{5 RCVD 1} Message(Share)
inp.5 << 19:07:00.948 [main] INFO Env - @{5 RCVD 4} Message(Share)
inp.5 << 19:07:00.948 [main] INFO Env - @{5 RCVD 3} Message(Share)
inp.5 << 19:07:00.948 [main] INFO Env - @{5 LOCKED}
out.5 >> unlock
inp.5 << 19:07:00.949 [main] INFO Env - @{5 UNLOCKED}
out.1 >> ping
out.2 >> ping
out.3 >> ping
out.4 >> ping
out.5 >> ping
inp.1 << 19:07:00.951 [main] INFO Env - @{1 PONG}
inp.2 << 19:07:00.951 [main] INFO Env - @{2 PONG}
inp.4 << 19:07:00.951 [main] INFO Env - @{4 PONG}
inp.3 << 19:07:00.951 [main] INFO Env - @{3 PONG}
inp.5 << 19:07:00.952 [main] INFO Env - @{5 PONG}
out.2 >> lock
out.1 >> lock
out.5 >> lock
out.4 >> lock
out.3 >> lock
inp.5 << 19:07:00.953 [main] INFO Env - @{5 LOCKED}
inp.4 << 19:07:00.953 [main] INFO Env - @{4 SEND 5} Message(Ask)
inp.2 << 19:07:00.953 [main] INFO Env - @{2 SEND 3} Message(Ask)
inp.1 << 19:07:00.953 [main] INFO Env - @{1 SEND 2} Message(Ask)
inp.1 << 19:07:00.953 [main] INFO Env - @{1 SEND 3} Message(Ask)
out.5 >> unlock
inp.1 << 19:07:00.953 [main] INFO Env - @{1 SEND 4} Message(Ask)
inp.1 << 19:07:00.953 [main] INFO Env - @{1 SEND 5} Message(Ask)
inp.2 << 19:07:00.953 [main] INFO Env - @{2 SEND 4} Message(Ask)
inp.2 << 19:07:00.954 [main] INFO Env - @{2 SEND 5} Message(Ask)
inp.4 << 19:07:00.954 [main] INFO Env - @{4 RCVD 1} Message(Ask)
inp.2 << 19:07:00.954 [main] INFO Env - @{2 RCVD 1} Message(Ask)
inp.2 << 19:07:00.954 [main] INFO Env - @{2 SEND 1} Message(Share)
inp.4 << 19:07:00.954 [main] INFO Env - @{4 SEND 1} Message(Share)
inp.2 << 19:07:00.954 [main] INFO Env - @{2 SEND 1} Message(Ask)
inp.4 << 19:07:00.954 [main] INFO Env - @{4 SEND 1} Message(Ask)
inp.4 << 19:07:00.954 [main] INFO Env - @{4 RCVD 2} Message(Ask)
inp.4 << 19:07:00.954 [main] INFO Env - @{4 SEND 2} Message(Share)
inp.4 << 19:07:00.954 [main] INFO Env - @{4 SEND 2} Message(Ask)
inp.1 << 19:07:00.954 [main] INFO Env - @{1 RCVD 2} Message(Share)
inp.5 << 19:07:00.954 [main] INFO Env - @{5 RCVD 4} Message(Ask)
inp.5 << 19:07:00.954 [main] INFO Env - @{5 UNLOCKED}
inp.5 << 19:07:00.955 [main] INFO Env - @{5 SEND 4} Message(Share)
inp.5 << 19:07:00.955 [main] INFO Env - @{5 RCVD 1} Message(Ask)
inp.5 << 19:07:00.955 [main] INFO Env - @{5 SEND 1} Message(Share)
inp.2 << 19:07:00.955 [main] INFO Env - @{2 RCVD 4} Message(Share)
inp.5 << 19:07:00.955 [main] INFO Env - @{5 RCVD 2} Message(Ask)
inp.2 << 19:07:00.955 [main] INFO Env - @{2 RCVD 4} Message(Ask)
inp.5 << 19:07:00.955 [main] INFO Env - @{5 SEND 2} Message(Share)
inp.1 << 19:07:00.955 [main] INFO Env - @{1 RCVD 4} Message(Share)
inp.1 << 19:07:00.955 [main] INFO Env - @{1 RCVD 2} Message(Ask)
inp.1 << 19:07:00.955 [main] INFO Env - @{1 RCVD 4} Message(Ask)
inp.1 << 19:07:00.955 [main] INFO Env - @{1 RCVD 5} Message(Share)
inp.2 << 19:07:00.955 [main] INFO Env - @{2 RCVD 5} Message(Share)
inp.4 << 19:07:00.955 [main] INFO Env - @{4 RCVD 5} Message(Share)
inp.3 << 19:07:00.954 [main] INFO Env - @{3 SEND 4} Message(Ask)
inp.3 << 19:07:00.955 [main] INFO Env - @{3 SEND 5} Message(Ask)
inp.4 << 19:07:00.956 [main] INFO Env - @{4 RCVD 3} Message(Ask)
inp.4 << 19:07:00.956 [main] INFO Env - @{4 SEND 3} Message(Share)
inp.3 << 19:07:00.956 [main] INFO Env - @{3 RCVD 2} Message(Ask)
inp.4 << 19:07:00.956 [main] INFO Env - @{4 SEND 3} Message(Ask)
inp.3 << 19:07:00.956 [main] INFO Env - @{3 SEND 2} Message(Share)
inp.3 << 19:07:00.957 [main] INFO Env - @{3 SEND 2} Message(Ask)
inp.3 << 19:07:00.957 [main] INFO Env - @{3 RCVD 1} Message(Ask)
inp.3 << 19:07:00.957 [main] INFO Env - @{3 SEND 1} Message(Share)
inp.2 << 19:07:00.957 [main] INFO Env - @{2 RCVD 3} Message(Share)
inp.3 << 19:07:00.957 [main] INFO Env - @{3 SEND 1} Message(Ask)
inp.3 << 19:07:00.957 [main] INFO Env - @{3 RCVD 4} Message(Share)
inp.3 << 19:07:00.957 [main] INFO Env - @{3 RCVD 4} Message(Ask)
inp.2 << 19:07:00.957 [main] INFO Env - @{2 RCVD 3} Message(Ask)
inp.1 << 19:07:00.957 [main] INFO Env - @{1 RCVD 3} Message(Share)
inp.1 << 19:07:00.957 [main] INFO Env - @{1 LOCKED}
inp.1 << 19:07:00.957 [main] INFO Env - @{1 RCVD 3} Message(Ask)
inp.5 << 19:07:00.957 [main] INFO Env - @{5 RCVD 3} Message(Ask)
out.1 >> unlock
inp.5 << 19:07:00.958 [main] INFO Env - @{5 SEND 3} Message(Share)
inp.1 << 19:07:00.958 [main] INFO Env - @{1 UNLOCKED}
inp.1 << 19:07:00.958 [main] INFO Env - @{1 SEND 2} Message(Share)
inp.3 << 19:07:00.958 [main] INFO Env - @{3 RCVD 5} Message(Share)
inp.1 << 19:07:00.958 [main] INFO Env - @{1 SEND 3} Message(Share)
inp.1 << 19:07:00.958 [main] INFO Env - @{1 SEND 4} Message(Share)
inp.2 << 19:07:00.958 [main] INFO Env - @{2 RCVD 1} Message(Share)
inp.2 << 19:07:00.959 [main] INFO Env - @{2 LOCKED}
inp.4 << 19:07:00.959 [main] INFO Env - @{4 RCVD 1} Message(Share)
out.2 >> unlock
inp.2 << 19:07:00.959 [main] INFO Env - @{2 UNLOCKED}
inp.2 << 19:07:00.959 [main] INFO Env - @{2 SEND 3} Message(Share)
inp.3 << 19:07:00.959 [main] INFO Env - @{3 RCVD 1} Message(Share)
inp.2 << 19:07:00.959 [main] INFO Env - @{2 SEND 4} Message(Share)
inp.4 << 19:07:00.960 [main] INFO Env - @{4 RCVD 2} Message(Share)
inp.3 << 19:07:00.960 [main] INFO Env - @{3 RCVD 2} Message(Share)
inp.3 << 19:07:00.960 [main] INFO Env - @{3 LOCKED}
out.3 >> unlock
inp.3 << 19:07:00.960 [main] INFO Env - @{3 UNLOCKED}
inp.3 << 19:07:00.961 [main] INFO Env - @{3 SEND 4} Message(Share)
inp.4 << 19:07:00.961 [main] INFO Env - @{4 RCVD 3} Message(Share)
inp.4 << 19:07:00.961 [main] INFO Env - @{4 LOCKED}
out.4 >> unlock
inp.4 << 19:07:00.961 [main] INFO Env - @{4 UNLOCKED}
out.1 >> ping
out.2 >> ping
out.3 >> ping
out.4 >> ping
out.5 >> ping
inp.1 << 19:07:00.962 [main] INFO Env - @{1 PONG}
inp.2 << 19:07:00.962 [main] INFO Env - @{2 PONG}
inp.4 << 19:07:00.963 [main] INFO Env - @{4 PONG}
inp.3 << 19:07:00.963 [main] INFO Env - @{3 PONG}
inp.5 << 19:07:00.964 [main] INFO Env - @{5 PONG}
out.5 >> lock
inp.5 << 19:07:00.966 [main] INFO Env - @{5 SEND 1} Message(Ask)
inp.5 << 19:07:00.966 [main] INFO Env - @{5 SEND 2} Message(Ask)
inp.5 << 19:07:00.966 [main] INFO Env - @{5 SEND 3} Message(Ask)
inp.5 << 19:07:00.967 [main] INFO Env - @{5 SEND 4} Message(Ask)
inp.3 << 19:07:00.970 [main] INFO Env - @{3 RCVD 5} Message(Ask)
inp.1 << 19:07:00.969 [main] INFO Env - @{1 RCVD 5} Message(Ask)
inp.3 << 19:07:00.970 [main] INFO Env - @{3 SEND 5} Message(Share)
inp.1 << 19:07:00.970 [main] INFO Env - @{1 SEND 5} Message(Share)
inp.4 << 19:07:00.971 [main] INFO Env - @{4 RCVD 5} Message(Ask)
inp.4 << 19:07:00.971 [main] INFO Env - @{4 SEND 5} Message(Share)
inp.5 << 19:07:00.971 [main] INFO Env - @{5 RCVD 1} Message(Share)
inp.5 << 19:07:00.971 [main] INFO Env - @{5 RCVD 3} Message(Share)
inp.5 << 19:07:00.971 [main] INFO Env - @{5 RCVD 4} Message(Share)
inp.2 << 19:07:00.972 [main] INFO Env - @{2 RCVD 5} Message(Ask)
inp.2 << 19:07:00.972 [main] INFO Env - @{2 SEND 5} Message(Share)
inp.5 << 19:07:00.974 [main] INFO Env - @{5 RCVD 2} Message(Share)
inp.5 << 19:07:00.974 [main] INFO Env - @{5 LOCKED}
out.5 >> unlock
inp.5 << 19:07:00.975 [main] INFO Env - @{5 UNLOCKED}
out.1 >> ping
out.2 >> ping
out.3 >> ping
out.4 >> ping
out.5 >> ping
inp.1 << 19:07:00.976 [main] INFO Env - @{1 PONG}
inp.3 << 19:07:00.977 [main] INFO Env - @{3 PONG}
inp.4 << 19:07:00.977 [main] INFO Env - @{4 PONG}
inp.5 << 19:07:00.979 [main] INFO Env - @{5 PONG}
inp.2 << 19:07:00.980 [main] INFO Env - @{2 PONG}
out.5 >> lock
inp.5 << 19:07:00.981 [main] INFO Env - @{5 LOCKED}
out.5 >> unlock
inp.5 << 19:07:00.982 [main] INFO Env - @{5 UNLOCKED}
out.1 >> ping
out.2 >> ping
out.3 >> ping
out.4 >> ping
out.5 >> ping
inp.1 << 19:07:00.983 [main] INFO Env - @{1 PONG}
inp.3 << 19:07:00.983 [main] INFO Env - @{3 PONG}
inp.4 << 19:07:00.984 [main] INFO Env - @{4 PONG}
inp.5 << 19:07:00.984 [main] INFO Env - @{5 PONG}
inp.2 << 19:07:00.988 [main] INFO Env - @{2 PONG}
out.5 >> lock
inp.5 << 19:07:00.989 [main] INFO Env - @{5 LOCKED}
out.5 >> unlock
inp.5 << 19:07:00.990 [main] INFO Env - @{5 UNLOCKED}
out.1 >> ping
out.2 >> ping
out.3 >> ping
out.4 >> ping
out.5 >> ping
inp.1 << 19:07:00.992 [main] INFO Env - @{1 PONG}
inp.3 << 19:07:00.992 [main] INFO Env - @{3 PONG}
inp.4 << 19:07:00.992 [main] INFO Env - @{4 PONG}
inp.5 << 19:07:00.992 [main] INFO Env - @{5 PONG}
inp.2 << 19:07:00.992 [main] INFO Env - @{2 PONG}
out.5 >> lock
out.2 >> lock
inp.5 << 19:07:00.993 [main] INFO Env - @{5 LOCKED}
out.5 >> unlock
inp.5 << 19:07:00.994 [main] INFO Env - @{5 UNLOCKED}
inp.2 << 19:07:00.993 [main] INFO Env - @{2 SEND 3} Message(Ask)
inp.3 << 19:07:00.995 [main] INFO Env - @{3 RCVD 2} Message(Ask)
inp.3 << 19:07:00.995 [main] INFO Env - @{3 SEND 2} Message(Share)
inp.2 << 19:07:00.995 [main] INFO Env - @{2 SEND 4} Message(Ask)
inp.4 << 19:07:00.996 [main] INFO Env - @{4 RCVD 2} Message(Ask)
inp.4 << 19:07:00.996 [main] INFO Env - @{4 SEND 2} Message(Share)
inp.2 << 19:07:00.996 [main] INFO Env - @{2 SEND 5} Message(Ask)
inp.5 << 19:07:00.996 [main] INFO Env - @{5 RCVD 2} Message(Ask)
inp.5 << 19:07:00.997 [main] INFO Env - @{5 SEND 2} Message(Share)
inp.2 << 19:07:00.997 [main] INFO Env - @{2 RCVD 3} Message(Share)
inp.2 << 19:07:00.997 [main] INFO Env - @{2 RCVD 4} Message(Share)
inp.2 << 19:07:00.997 [main] INFO Env - @{2 RCVD 5} Message(Share)
inp.2 << 19:07:00.997 [main] INFO Env - @{2 LOCKED}
out.2 >> unlock
inp.2 << 19:07:00.998 [main] INFO Env - @{2 UNLOCKED}
out.1 >> ping
out.2 >> ping
out.3 >> ping
out.4 >> ping
out.5 >> ping
inp.1 << 19:07:00.999 [main] INFO Env - @{1 PONG}
inp.3 << 19:07:00.999 [main] INFO Env - @{3 PONG}
inp.4 << 19:07:01.000 [main] INFO Env - @{4 PONG}
inp.5 << 19:07:01.000 [main] INFO Env - @{5 PONG}
inp.2 << 19:07:01.002 [main] INFO Env - @{2 PONG}
out.5 >> lock
out.2 >> lock
inp.5 << 19:07:01.004 [main] INFO Env - @{5 SEND 2} Message(Ask)
inp.2 << 19:07:01.004 [main] INFO Env - @{2 LOCKED}
inp.2 << 19:07:01.005 [main] INFO Env - @{2 RCVD 5} Message(Ask)
out.2 >> unlock
inp.2 << 19:07:01.005 [main] INFO Env - @{2 UNLOCKED}
inp.2 << 19:07:01.005 [main] INFO Env - @{2 SEND 5} Message(Share)
inp.5 << 19:07:01.006 [main] INFO Env - @{5 RCVD 2} Message(Share)
inp.5 << 19:07:01.006 [main] INFO Env - @{5 LOCKED}
out.5 >> unlock
inp.5 << 19:07:01.006 [main] INFO Env - @{5 UNLOCKED}
out.1 >> ping
out.2 >> ping
out.3 >> ping
out.4 >> ping
out.5 >> ping
inp.1 << 19:07:01.007 [main] INFO Env - @{1 PONG}
inp.3 << 19:07:01.007 [main] INFO Env - @{3 PONG}
inp.4 << 19:07:01.008 [main] INFO Env - @{4 PONG}
inp.5 << 19:07:01.008 [main] INFO Env - @{5 PONG}
inp.2 << 19:07:01.008 [main] INFO Env - @{2 PONG}
out.5 >> lock
out.2 >> lock
inp.5 << 19:07:01.010 [main] INFO Env - @{5 LOCKED}
inp.2 << 19:07:01.010 [main] INFO Env - @{2 SEND 5} Message(Ask)
out.5 >> unlock
inp.5 << 19:07:01.010 [main] INFO Env - @{5 RCVD 2} Message(Ask)
inp.5 << 19:07:01.010 [main] INFO Env - @{5 UNLOCKED}
inp.5 << 19:07:01.010 [main] INFO Env - @{5 SEND 2} Message(Share)
inp.2 << 19:07:01.011 [main] INFO Env - @{2 RCVD 5} Message(Share)
inp.2 << 19:07:01.011 [main] INFO Env - @{2 LOCKED}
out.2 >> unlock
inp.2 << 19:07:01.012 [main] INFO Env - @{2 UNLOCKED}
out.1 >> ping
out.2 >> ping
out.3 >> ping
out.4 >> ping
out.5 >> ping
inp.1 << 19:07:01.013 [main] INFO Env - @{1 PONG}
inp.3 << 19:07:01.014 [main] INFO Env - @{3 PONG}
inp.4 << 19:07:01.014 [main] INFO Env - @{4 PONG}
inp.5 << 19:07:01.014 [main] INFO Env - @{5 PONG}
inp.2 << 19:07:01.016 [main] INFO Env - @{2 PONG}
out.1 >> ping
out.2 >> ping
out.3 >> ping
out.4 >> ping
out.5 >> ping
inp.1 << 19:07:01.018 [main] INFO Env - @{1 PONG}
inp.3 << 19:07:01.018 [main] INFO Env - @{3 PONG}
inp.4 << 19:07:01.018 [main] INFO Env - @{4 PONG}
inp.5 << 19:07:01.018 [main] INFO Env - @{5 PONG}
inp.2 << 19:07:01.019 [main] INFO Env - @{2 PONG}
out.1 >> lock
inp.1 << 19:07:01.019 [main] INFO Env - @{1 SEND 2} Message(Ask)
inp.1 << 19:07:01.020 [main] INFO Env - @{1 SEND 3} Message(Ask)
inp.1 << 19:07:01.020 [main] INFO Env - @{1 SEND 4} Message(Ask)
inp.3 << 19:07:01.020 [main] INFO Env - @{3 RCVD 1} Message(Ask)
inp.3 << 19:07:01.020 [main] INFO Env - @{3 SEND 1} Message(Share)
inp.5 << 19:07:01.021 [main] INFO Env - @{5 RCVD 1} Message(Ask)
inp.5 << 19:07:01.021 [main] INFO Env - @{5 SEND 1} Message(Share)
inp.4 << 19:07:01.021 [main] INFO Env - @{4 RCVD 1} Message(Ask)
inp.4 << 19:07:01.021 [main] INFO Env - @{4 SEND 1} Message(Share)
inp.1 << 19:07:01.020 [main] INFO Env - @{1 SEND 5} Message(Ask)
inp.1 << 19:07:01.021 [main] INFO Env - @{1 RCVD 3} Message(Share)
inp.1 << 19:07:01.022 [main] INFO Env - @{1 RCVD 5} Message(Share)
inp.1 << 19:07:01.022 [main] INFO Env - @{1 RCVD 4} Message(Share)
inp.2 << 19:07:01.024 [main] INFO Env - @{2 RCVD 1} Message(Ask)
inp.2 << 19:07:01.024 [main] INFO Env - @{2 SEND 1} Message(Share)
inp.1 << 19:07:01.025 [main] INFO Env - @{1 RCVD 2} Message(Share)
inp.1 << 19:07:01.025 [main] INFO Env - @{1 LOCKED}
out.1 >> unlock
inp.1 << 19:07:01.025 [main] INFO Env - @{1 UNLOCKED}
out.1 >> ping
out.2 >> ping
out.3 >> ping
out.4 >> ping
out.5 >> ping
inp.1 << 19:07:01.026 [main] INFO Env - @{1 PONG}
inp.3 << 19:07:01.027 [main] INFO Env - @{3 PONG}
inp.4 << 19:07:01.027 [main] INFO Env - @{4 PONG}
inp.5 << 19:07:01.028 [main] INFO Env - @{5 PONG}
inp.2 << 19:07:01.028 [main] INFO Env - @{2 PONG}
out.2 >> lock
inp.2 << 19:07:01.029 [main] INFO Env - @{2 SEND 1} Message(Ask)
inp.1 << 19:07:01.029 [main] INFO Env - @{1 RCVD 2} Message(Ask)
inp.1 << 19:07:01.030 [main] INFO Env - @{1 SEND 2} Message(Share)
inp.2 << 19:07:01.030 [main] INFO Env - @{2 RCVD 1} Message(Share)
inp.2 << 19:07:01.030 [main] INFO Env - @{2 LOCKED}
out.2 >> unlock
inp.2 << 19:07:01.031 [main] INFO Env - @{2 UNLOCKED}
out.1 >> ping
out.2 >> ping
out.3 >> ping
out.4 >> ping
out.5 >> ping
inp.4 << 19:07:01.032 [main] INFO Env - @{4 PONG}
inp.1 << 19:07:01.032 [main] INFO Env - @{1 PONG}
inp.3 << 19:07:01.032 [main] INFO Env - @{3 PONG}
inp.5 << 19:07:01.032 [main] INFO Env - @{5 PONG}
inp.2 << 19:07:01.033 [main] INFO Env - @{2 PONG}
out.3 >> lock
inp.3 << 19:07:01.034 [main] INFO Env - @{3 SEND 1} Message(Ask)
inp.3 << 19:07:01.034 [main] INFO Env - @{3 SEND 2} Message(Ask)
inp.3 << 19:07:01.034 [main] INFO Env - @{3 SEND 4} Message(Ask)
inp.3 << 19:07:01.034 [main] INFO Env - @{3 SEND 5} Message(Ask)
inp.1 << 19:07:01.035 [main] INFO Env - @{1 RCVD 3} Message(Ask)
inp.4 << 19:07:01.035 [main] INFO Env - @{4 RCVD 3} Message(Ask)
inp.1 << 19:07:01.035 [main] INFO Env - @{1 SEND 3} Message(Share)
inp.4 << 19:07:01.035 [main] INFO Env - @{4 SEND 3} Message(Share)
inp.5 << 19:07:01.036 [main] INFO Env - @{5 RCVD 3} Message(Ask)
inp.5 << 19:07:01.036 [main] INFO Env - @{5 SEND 3} Message(Share)
inp.3 << 19:07:01.037 [main] INFO Env - @{3 RCVD 1} Message(Share)
inp.3 << 19:07:01.037 [main] INFO Env - @{3 RCVD 4} Message(Share)
inp.3 << 19:07:01.037 [main] INFO Env - @{3 RCVD 5} Message(Share)
inp.2 << 19:07:01.038 [main] INFO Env - @{2 RCVD 3} Message(Ask)
inp.2 << 19:07:01.038 [main] INFO Env - @{2 SEND 3} Message(Share)
inp.3 << 19:07:01.042 [main] INFO Env - @{3 RCVD 2} Message(Share)
inp.3 << 19:07:01.043 [main] INFO Env - @{3 LOCKED}
out.3 >> unlock
inp.3 << 19:07:01.045 [main] INFO Env - @{3 UNLOCKED}
out.1 >> ping
out.2 >> ping
out.3 >> ping
out.4 >> ping
out.5 >> ping
inp.3 << 19:07:01.047 [main] INFO Env - @{3 PONG}
inp.1 << 19:07:01.047 [main] INFO Env - @{1 PONG}
inp.4 << 19:07:01.047 [main] INFO Env - @{4 PONG}
inp.5 << 19:07:01.047 [main] INFO Env - @{5 PONG}
inp.2 << 19:07:01.064 [main] INFO Env - @{2 PONG}
out.4 >> lock
inp.4 << 19:07:01.065 [main] INFO Env - @{4 SEND 1} Message(Ask)
inp.4 << 19:07:01.065 [main] INFO Env - @{4 SEND 2} Message(Ask)
inp.4 << 19:07:01.065 [main] INFO Env - @{4 SEND 3} Message(Ask)
inp.4 << 19:07:01.066 [main] INFO Env - @{4 SEND 5} Message(Ask)
inp.1 << 19:07:01.066 [main] INFO Env - @{1 RCVD 4} Message(Ask)
inp.1 << 19:07:01.066 [main] INFO Env - @{1 SEND 4} Message(Share)
inp.3 << 19:07:01.066 [main] INFO Env - @{3 RCVD 4} Message(Ask)
inp.3 << 19:07:01.066 [main] INFO Env - @{3 SEND 4} Message(Share)
inp.5 << 19:07:01.066 [main] INFO Env - @{5 RCVD 4} Message(Ask)
inp.5 << 19:07:01.067 [main] INFO Env - @{5 SEND 4} Message(Share)
inp.4 << 19:07:01.069 [main] INFO Env - @{4 RCVD 1} Message(Share)
inp.4 << 19:07:01.069 [main] INFO Env - @{4 RCVD 3} Message(Share)
inp.4 << 19:07:01.069 [main] INFO Env - @{4 RCVD 5} Message(Share)
inp.2 << 19:07:01.070 [main] INFO Env - @{2 RCVD 4} Message(Ask)
inp.2 << 19:07:01.070 [main] INFO Env - @{2 SEND 4} Message(Share)
inp.4 << 19:07:01.071 [main] INFO Env - @{4 RCVD 2} Message(Share)
inp.4 << 19:07:01.071 [main] INFO Env - @{4 LOCKED}
out.4 >> unlock
inp.4 << 19:07:01.072 [main] INFO Env - @{4 UNLOCKED}
out.1 >> ping
out.2 >> ping
out.3 >> ping
out.4 >> ping
out.5 >> ping
inp.1 << 19:07:01.073 [main] INFO Env - @{1 PONG}
inp.3 << 19:07:01.074 [main] INFO Env - @{3 PONG}
inp.4 << 19:07:01.074 [main] INFO Env - @{4 PONG}
inp.5 << 19:07:01.075 [main] INFO Env - @{5 PONG}
inp.2 << 19:07:01.075 [main] INFO Env - @{2 PONG}
out.5 >> lock
inp.5 << 19:07:01.076 [main] INFO Env - @{5 SEND 1} Message(Ask)
inp.5 << 19:07:01.076 [main] INFO Env - @{5 SEND 2} Message(Ask)
inp.5 << 19:07:01.077 [main] INFO Env - @{5 SEND 3} Message(Ask)
inp.5 << 19:07:01.077 [main] INFO Env - @{5 SEND 4} Message(Ask)
inp.1 << 19:07:01.077 [main] INFO Env - @{1 RCVD 5} Message(Ask)
inp.1 << 19:07:01.078 [main] INFO Env - @{1 SEND 5} Message(Share)
inp.3 << 19:07:01.078 [main] INFO Env - @{3 RCVD 5} Message(Ask)
inp.3 << 19:07:01.078 [main] INFO Env - @{3 SEND 5} Message(Share)
inp.4 << 19:07:01.079 [main] INFO Env - @{4 RCVD 5} Message(Ask)
inp.5 << 19:07:01.080 [main] INFO Env - @{5 RCVD 1} Message(Share)
inp.4 << 19:07:01.080 [main] INFO Env - @{4 SEND 5} Message(Share)
inp.5 << 19:07:01.080 [main] INFO Env - @{5 RCVD 3} Message(Share)
inp.5 << 19:07:01.080 [main] INFO Env - @{5 RCVD 4} Message(Share)
inp.2 << 19:07:01.081 [main] INFO Env - @{2 RCVD 5} Message(Ask)
inp.2 << 19:07:01.081 [main] INFO Env - @{2 SEND 5} Message(Share)
inp.5 << 19:07:01.081 [main] INFO Env - @{5 RCVD 2} Message(Share)
inp.5 << 19:07:01.081 [main] INFO Env - @{5 LOCKED}
out.5 >> unlock
inp.5 << 19:07:01.082 [main] INFO Env - @{5 UNLOCKED}
out.1 >> ping
out.2 >> ping
out.3 >> ping
out.4 >> ping
out.5 >> ping
inp.1 << 19:07:01.083 [main] INFO Env - @{1 PONG}
inp.3 << 19:07:01.083 [main] INFO Env - @{3 PONG}
inp.5 << 19:07:01.083 [main] INFO Env - @{5 PONG}
inp.4 << 19:07:01.084 [main] INFO Env - @{4 PONG}
inp.2 << 19:07:01.084 [main] INFO Env - @{2 PONG}
out.1 >> lock
out.3 >> lock
out.2 >> lock
out.5 >> lock
out.4 >> lock
inp.1 << 19:07:01.086 [main] INFO Env - @{1 SEND 2} Message(Ask)
inp.1 << 19:07:01.086 [main] INFO Env - @{1 SEND 3} Message(Ask)
inp.3 << 19:07:01.086 [main] INFO Env - @{3 SEND 4} Message(Ask)
inp.1 << 19:07:01.087 [main] INFO Env - @{1 SEND 4} Message(Ask)
inp.3 << 19:07:01.087 [main] INFO Env - @{3 SEND 5} Message(Ask)
inp.3 << 19:07:01.087 [main] INFO Env - @{3 RCVD 1} Message(Ask)
inp.3 << 19:07:01.087 [main] INFO Env - @{3 SEND 1} Message(Share)
inp.5 << 19:07:01.087 [main] INFO Env - @{5 LOCKED}
out.5 >> unlock
inp.5 << 19:07:01.087 [main] INFO Env - @{5 RCVD 3} Message(Ask)
inp.3 << 19:07:01.087 [main] INFO Env - @{3 SEND 1} Message(Ask)
inp.4 << 19:07:01.088 [main] INFO Env - @{4 SEND 5} Message(Ask)
inp.4 << 19:07:01.088 [main] INFO Env - @{4 RCVD 3} Message(Ask)
inp.4 << 19:07:01.088 [main] INFO Env - @{4 SEND 3} Message(Share)
inp.1 << 19:07:01.088 [main] INFO Env - @{1 SEND 5} Message(Ask)
inp.5 << 19:07:01.089 [main] INFO Env - @{5 UNLOCKED}
inp.1 << 19:07:01.089 [main] INFO Env - @{1 RCVD 3} Message(Share)
inp.5 << 19:07:01.089 [main] INFO Env - @{5 SEND 3} Message(Share)
inp.5 << 19:07:01.089 [main] INFO Env - @{5 RCVD 4} Message(Ask)
inp.5 << 19:07:01.092 [main] INFO Env - @{5 SEND 4} Message(Share)
inp.5 << 19:07:01.092 [main] INFO Env - @{5 RCVD 1} Message(Ask)
inp.5 << 19:07:01.092 [main] INFO Env - @{5 SEND 1} Message(Share)
inp.4 << 19:07:01.090 [main] INFO Env - @{4 SEND 3} Message(Ask)
inp.4 << 19:07:01.091 [main] INFO Env - @{4 RCVD 1} Message(Ask)
inp.4 << 19:07:01.091 [main] INFO Env - @{4 SEND 1} Message(Share)
inp.4 << 19:07:01.091 [main] INFO Env - @{4 SEND 1} Message(Ask)
inp.4 << 19:07:01.092 [main] INFO Env - @{4 RCVD 5} Message(Share)
inp.4 << 19:07:01.094 [main] INFO Env - @{4 RCVD 2} Message(Ask)
inp.4 << 19:07:01.094 [main] INFO Env - @{4 SEND 2} Message(Share)
inp.4 << 19:07:01.094 [main] INFO Env - @{4 SEND 2} Message(Ask)
inp.3 << 19:07:01.091 [main] INFO Env - @{3 RCVD 4} Message(Share)
inp.3 << 19:07:01.091 [main] INFO Env - @{3 RCVD 5} Message(Share)
inp.3 << 19:07:01.091 [main] INFO Env - @{3 RCVD 4} Message(Ask)
inp.3 << 19:07:01.093 [main] INFO Env - @{3 RCVD 2} Message(Ask)
inp.3 << 19:07:01.093 [main] INFO Env - @{3 SEND 2} Message(Share)
inp.3 << 19:07:01.094 [main] INFO Env - @{3 SEND 2} Message(Ask)
inp.1 << 19:07:01.091 [main] INFO Env - @{1 RCVD 3} Message(Ask)
inp.1 << 19:07:01.091 [main] INFO Env - @{1 RCVD 4} Message(Share)
inp.1 << 19:07:01.091 [main] INFO Env - @{1 RCVD 4} Message(Ask)
inp.1 << 19:07:01.093 [main] INFO Env - @{1 RCVD 5} Message(Share)
inp.2 << 19:07:01.093 [main] INFO Env - @{2 SEND 3} Message(Ask)
inp.2 << 19:07:01.094 [main] INFO Env - @{2 SEND 4} Message(Ask)
inp.2 << 19:07:01.105 [main] INFO Env - @{2 SEND 5} Message(Ask)
inp.2 << 19:07:01.105 [main] INFO Env - @{2 RCVD 1} Message(Ask)
inp.2 << 19:07:01.105 [main] INFO Env - @{2 SEND 1} Message(Share)
inp.1 << 19:07:01.105 [main] INFO Env - @{1 RCVD 2} Message(Share)
inp.1 << 19:07:01.106 [main] INFO Env - @{1 LOCKED}
out.1 >> unlock
inp.2 << 19:07:01.106 [main] INFO Env - @{2 SEND 1} Message(Ask)
inp.2 << 19:07:01.106 [main] INFO Env - @{2 RCVD 3} Message(Share)
inp.3 << 19:07:01.107 [main] INFO Env - @{3 RCVD 1} Message(Share)
inp.4 << 19:07:01.107 [main] INFO Env - @{4 RCVD 1} Message(Share)
inp.5 << 19:07:01.107 [main] INFO Env - @{5 RCVD 2} Message(Ask)
inp.5 << 19:07:01.107 [main] INFO Env - @{5 SEND 2} Message(Share)
inp.1 << 19:07:01.106 [main] INFO Env - @{1 UNLOCKED}
inp.1 << 19:07:01.106 [main] INFO Env - @{1 SEND 3} Message(Share)
inp.1 << 19:07:01.106 [main] INFO Env - @{1 SEND 4} Message(Share)
inp.1 << 19:07:01.107 [main] INFO Env - @{1 RCVD 2} Message(Ask)
inp.1 << 19:07:01.107 [main] INFO Env - @{1 SEND 2} Message(Share)
inp.2 << 19:07:01.107 [main] INFO Env - @{2 RCVD 3} Message(Ask)
inp.2 << 19:07:01.107 [main] INFO Env - @{2 RCVD 1} Message(Share)
inp.2 << 19:07:01.107 [main] INFO Env - @{2 RCVD 4} Message(Share)
inp.2 << 19:07:01.107 [main] INFO Env - @{2 RCVD 4} Message(Ask)
inp.2 << 19:07:01.108 [main] INFO Env - @{2 RCVD 5} Message(Share)
inp.2 << 19:07:01.108 [main] INFO Env - @{2 LOCKED}
out.2 >> unlock
inp.2 << 19:07:01.108 [main] INFO Env - @{2 UNLOCKED}
inp.2 << 19:07:01.108 [main] INFO Env - @{2 SEND 3} Message(Share)
inp.2 << 19:07:01.109 [main] INFO Env - @{2 SEND 4} Message(Share)
inp.3 << 19:07:01.109 [main] INFO Env - @{3 RCVD 2} Message(Share)
inp.3 << 19:07:01.109 [main] INFO Env - @{3 LOCKED}
out.3 >> unlock
inp.4 << 19:07:01.110 [main] INFO Env - @{4 RCVD 2} Message(Share)
inp.3 << 19:07:01.110 [main] INFO Env - @{3 UNLOCKED}
inp.3 << 19:07:01.110 [main] INFO Env - @{3 SEND 4} Message(Share)
inp.4 << 19:07:01.110 [main] INFO Env - @{4 RCVD 3} Message(Share)
inp.4 << 19:07:01.110 [main] INFO Env - @{4 LOCKED}
out.4 >> unlock
inp.4 << 19:07:01.111 [main] INFO Env - @{4 UNLOCKED}
out.1 >> ping
out.2 >> ping
out.3 >> ping
out.4 >> ping
out.5 >> ping
inp.4 << 19:07:01.112 [main] INFO Env - @{4 PONG}
inp.3 << 19:07:01.112 [main] INFO Env - @{3 PONG}
inp.2 << 19:07:01.113 [main] INFO Env - @{2 PONG}
inp.5 << 19:07:01.113 [main] INFO Env - @{5 PONG}
inp.1 << 19:07:01.112 [main] INFO Env - @{1 PONG}
out.4 >> lock
inp.4 << 19:07:01.113 [main] INFO Env - @{4 LOCKED}
out.4 >> unlock
inp.4 << 19:07:01.114 [main] INFO Env - @{4 UNLOCKED}
out.1 >> ping
out.2 >> ping
out.3 >> ping
out.4 >> ping
out.5 >> ping
inp.4 << 19:07:01.114 [main] INFO Env - @{4 PONG}
inp.1 << 19:07:01.115 [main] INFO Env - @{1 PONG}
inp.3 << 19:07:01.115 [main] INFO Env - @{3 PONG}
inp.2 << 19:07:01.115 [main] INFO Env - @{2 PONG}
inp.5 << 19:07:01.115 [main] INFO Env - @{5 PONG}
out.4 >> lock
inp.4 << 19:07:01.116 [main] INFO Env - @{4 LOCKED}
out.4 >> unlock
inp.4 << 19:07:01.116 [main] INFO Env - @{4 UNLOCKED}
out.1 >> ping
out.2 >> ping
out.3 >> ping
out.4 >> ping
out.5 >> ping
inp.4 << 19:07:01.117 [main] INFO Env - @{4 PONG}
inp.1 << 19:07:01.117 [main] INFO Env - @{1 PONG}
inp.3 << 19:07:01.117 [main] INFO Env - @{3 PONG}
inp.2 << 19:07:01.118 [main] INFO Env - @{2 PONG}
inp.5 << 19:07:01.118 [main] INFO Env - @{5 PONG}
out.4 >> lock
inp.4 << 19:07:01.118 [main] INFO Env - @{4 LOCKED}
out.4 >> unlock
inp.4 << 19:07:01.119 [main] INFO Env - @{4 UNLOCKED}
out.1 >> ping
out.2 >> ping
out.3 >> ping
out.4 >> ping
out.5 >> ping
inp.4 << 19:07:01.119 [main] INFO Env - @{4 PONG}
inp.1 << 19:07:01.119 [main] INFO Env - @{1 PONG}
inp.3 << 19:07:01.119 [main] INFO Env - @{3 PONG}
inp.2 << 19:07:01.119 [main] INFO Env - @{2 PONG}
inp.5 << 19:07:01.120 [main] INFO Env - @{5 PONG}
out.4 >> lock
out.1 >> lock
inp.4 << 19:07:01.120 [main] INFO Env - @{4 LOCKED}
inp.1 << 19:07:01.120 [main] INFO Env - @{1 SEND 2} Message(Ask)
out.4 >> unlock
inp.1 << 19:07:01.120 [main] INFO Env - @{1 SEND 3} Message(Ask)
inp.4 << 19:07:01.121 [main] INFO Env - @{4 UNLOCKED}
inp.1 << 19:07:01.121 [main] INFO Env - @{1 SEND 4} Message(Ask)
inp.3 << 19:07:01.121 [main] INFO Env - @{3 RCVD 1} Message(Ask)
inp.4 << 19:07:01.121 [main] INFO Env - @{4 RCVD 1} Message(Ask)
inp.3 << 19:07:01.121 [main] INFO Env - @{3 SEND 1} Message(Share)
inp.4 << 19:07:01.121 [main] INFO Env - @{4 SEND 1} Message(Share)
inp.2 << 19:07:01.121 [main] INFO Env - @{2 RCVD 1} Message(Ask)
inp.1 << 19:07:01.121 [main] INFO Env - @{1 RCVD 3} Message(Share)
inp.1 << 19:07:01.121 [main] INFO Env - @{1 RCVD 4} Message(Share)
inp.2 << 19:07:01.121 [main] INFO Env - @{2 SEND 1} Message(Share)
inp.1 << 19:07:01.122 [main] INFO Env - @{1 RCVD 2} Message(Share)
inp.1 << 19:07:01.122 [main] INFO Env - @{1 LOCKED}
out.1 >> unlock
inp.1 << 19:07:01.122 [main] INFO Env - @{1 UNLOCKED}
out.1 >> ping
out.2 >> ping
out.3 >> ping
out.4 >> ping
out.5 >> ping
inp.4 << 19:07:01.123 [main] INFO Env - @{4 PONG}
inp.3 << 19:07:01.123 [main] INFO Env - @{3 PONG}
inp.1 << 19:07:01.124 [main] INFO Env - @{1 PONG}
inp.2 << 19:07:01.124 [main] INFO Env - @{2 PONG}
inp.5 << 19:07:01.124 [main] INFO Env - @{5 PONG}
out.4 >> lock
out.1 >> lock
inp.1 << 19:07:01.124 [main] INFO Env - @{1 LOCKED}
inp.4 << 19:07:01.124 [main] INFO Env - @{4 SEND 1} Message(Ask)
out.1 >> unlock
inp.1 << 19:07:01.124 [main] INFO Env - @{1 RCVD 4} Message(Ask)
inp.1 << 19:07:01.125 [main] INFO Env - @{1 UNLOCKED}
inp.1 << 19:07:01.125 [main] INFO Env - @{1 SEND 4} Message(Share)
inp.4 << 19:07:01.125 [main] INFO Env - @{4 RCVD 1} Message(Share)
inp.4 << 19:07:01.125 [main] INFO Env - @{4 LOCKED}
out.4 >> unlock
inp.4 << 19:07:01.125 [main] INFO Env - @{4 UNLOCKED}
out.1 >> ping
out.2 >> ping
out.3 >> ping
out.4 >> ping
out.5 >> ping
inp.1 << 19:07:01.126 [main] INFO Env - @{1 PONG}
inp.4 << 19:07:01.126 [main] INFO Env - @{4 PONG}
inp.3 << 19:07:01.126 [main] INFO Env - @{3 PONG}
inp.2 << 19:07:01.126 [main] INFO Env - @{2 PONG}
inp.5 << 19:07:01.126 [main] INFO Env - @{5 PONG}
out.4 >> lock
out.1 >> lock
inp.4 << 19:07:01.127 [main] INFO Env - @{4 LOCKED}
out.4 >> unlock
inp.1 << 19:07:01.127 [main] INFO Env - @{1 SEND 4} Message(Ask)
inp.4 << 19:07:01.127 [main] INFO Env - @{4 UNLOCKED}
inp.4 << 19:07:01.127 [main] INFO Env - @{4 RCVD 1} Message(Ask)
inp.4 << 19:07:01.127 [main] INFO Env - @{4 SEND 1} Message(Share)
inp.1 << 19:07:01.127 [main] INFO Env - @{1 RCVD 4} Message(Share)
inp.1 << 19:07:01.127 [main] INFO Env - @{1 LOCKED}
out.1 >> unlock
inp.1 << 19:07:01.128 [main] INFO Env - @{1 UNLOCKED}
out.1 >> ping
out.2 >> ping
out.3 >> ping
out.4 >> ping
out.5 >> ping
inp.1 << 19:07:01.128 [main] INFO Env - @{1 PONG}
inp.3 << 19:07:01.128 [main] INFO Env - @{3 PONG}
inp.2 << 19:07:01.128 [main] INFO Env - @{2 PONG}
inp.5 << 19:07:01.129 [main] INFO Env - @{5 PONG}
inp.4 << 19:07:01.128 [main] INFO Env - @{4 PONG}
out.1 >> ping
out.2 >> ping
out.3 >> ping
out.4 >> ping
out.5 >> ping
inp.4 << 19:07:01.129 [main] INFO Env - @{4 PONG}
inp.1 << 19:07:01.129 [main] INFO Env - @{1 PONG}
inp.3 << 19:07:01.129 [main] INFO Env - @{3 PONG}
inp.5 << 19:07:01.129 [main] INFO Env - @{5 PONG}
inp.2 << 19:07:01.129 [main] INFO Env - @{2 PONG}
out.1 >> lock
inp.1 << 19:07:01.130 [main] INFO Env - @{1 LOCKED}
out.1 >> unlock
inp.1 << 19:07:01.130 [main] INFO Env - @{1 UNLOCKED}
out.1 >> ping
out.2 >> ping
out.3 >> ping
out.4 >> ping
out.5 >> ping
inp.4 << 19:07:01.131 [main] INFO Env - @{4 PONG}
inp.1 << 19:07:01.131 [main] INFO Env - @{1 PONG}
inp.3 << 19:07:01.131 [main] INFO Env - @{3 PONG}
inp.2 << 19:07:01.131 [main] INFO Env - @{2 PONG}
inp.5 << 19:07:01.132 [main] INFO Env - @{5 PONG}
out.2 >> lock
inp.2 << 19:07:01.135 [main] INFO Env - @{2 SEND 1} Message(Ask)
inp.2 << 19:07:01.135 [main] INFO Env - @{2 SEND 3} Message(Ask)
inp.1 << 19:07:01.135 [main] INFO Env - @{1 RCVD 2} Message(Ask)
inp.1 << 19:07:01.135 [main] INFO Env - @{1 SEND 2} Message(Share)
inp.2 << 19:07:01.135 [main] INFO Env - @{2 SEND 4} Message(Ask)
inp.2 << 19:07:01.135 [main] INFO Env - @{2 RCVD 1} Message(Share)
inp.3 << 19:07:01.135 [main] INFO Env - @{3 RCVD 2} Message(Ask)
inp.3 << 19:07:01.136 [main] INFO Env - @{3 SEND 2} Message(Share)
inp.4 << 19:07:01.136 [main] INFO Env - @{4 RCVD 2} Message(Ask)
inp.2 << 19:07:01.136 [main] INFO Env - @{2 RCVD 3} Message(Share)
inp.4 << 19:07:01.136 [main] INFO Env - @{4 SEND 2} Message(Share)
inp.2 << 19:07:01.136 [main] INFO Env - @{2 RCVD 4} Message(Share)
inp.2 << 19:07:01.136 [main] INFO Env - @{2 LOCKED}
out.2 >> unlock
inp.2 << 19:07:01.137 [main] INFO Env - @{2 UNLOCKED}
out.1 >> ping
out.2 >> ping
out.3 >> ping
out.4 >> ping
out.5 >> ping
inp.4 << 19:07:01.138 [main] INFO Env - @{4 PONG}
inp.1 << 19:07:01.138 [main] INFO Env - @{1 PONG}
inp.3 << 19:07:01.138 [main] INFO Env - @{3 PONG}
inp.2 << 19:07:01.138 [main] INFO Env - @{2 PONG}
inp.5 << 19:07:01.138 [main] INFO Env - @{5 PONG}
out.3 >> lock
inp.3 << 19:07:01.139 [main] INFO Env - @{3 SEND 1} Message(Ask)
inp.3 << 19:07:01.139 [main] INFO Env - @{3 SEND 2} Message(Ask)
inp.3 << 19:07:01.139 [main] INFO Env - @{3 SEND 4} Message(Ask)
inp.4 << 19:07:01.140 [main] INFO Env - @{4 RCVD 3} Message(Ask)
inp.1 << 19:07:01.140 [main] INFO Env - @{1 RCVD 3} Message(Ask)
inp.1 << 19:07:01.140 [main] INFO Env - @{1 SEND 3} Message(Share)
inp.4 << 19:07:01.140 [main] INFO Env - @{4 SEND 3} Message(Share)
inp.2 << 19:07:01.140 [main] INFO Env - @{2 RCVD 3} Message(Ask)
inp.3 << 19:07:01.140 [main] INFO Env - @{3 RCVD 4} Message(Share)
inp.3 << 19:07:01.141 [main] INFO Env - @{3 RCVD 1} Message(Share)
inp.3 << 19:07:01.141 [main] INFO Env - @{3 RCVD 2} Message(Share)
inp.3 << 19:07:01.141 [main] INFO Env - @{3 LOCKED}
inp.2 << 19:07:01.140 [main] INFO Env - @{2 SEND 3} Message(Share)
out.3 >> unlock
inp.3 << 19:07:01.141 [main] INFO Env - @{3 UNLOCKED}
out.1 >> ping
out.2 >> ping
out.3 >> ping
out.4 >> ping
out.5 >> ping
inp.4 << 19:07:01.142 [main] INFO Env - @{4 PONG}
inp.1 << 19:07:01.142 [main] INFO Env - @{1 PONG}
inp.3 << 19:07:01.143 [main] INFO Env - @{3 PONG}
inp.2 << 19:07:01.143 [main] INFO Env - @{2 PONG}
inp.5 << 19:07:01.143 [main] INFO Env - @{5 PONG}
out.4 >> lock
inp.4 << 19:07:01.143 [main] INFO Env - @{4 SEND 1} Message(Ask)
inp.4 << 19:07:01.144 [main] INFO Env - @{4 SEND 2} Message(Ask)
inp.4 << 19:07:01.144 [main] INFO Env - @{4 SEND 3} Message(Ask)
inp.1 << 19:07:01.144 [main] INFO Env - @{1 RCVD 4} Message(Ask)
inp.1 << 19:07:01.144 [main] INFO Env - @{1 SEND 4} Message(Share)
inp.2 << 19:07:01.144 [main] INFO Env - @{2 RCVD 4} Message(Ask)
inp.3 << 19:07:01.144 [main] INFO Env - @{3 RCVD 4} Message(Ask)
inp.4 << 19:07:01.144 [main] INFO Env - @{4 RCVD 1} Message(Share)
inp.3 << 19:07:01.145 [main] INFO Env - @{3 SEND 4} Message(Share)
inp.2 << 19:07:01.145 [main] INFO Env - @{2 SEND 4} Message(Share)
inp.4 << 19:07:01.145 [main] INFO Env - @{4 RCVD 3} Message(Share)
inp.4 << 19:07:01.145 [main] INFO Env - @{4 RCVD 2} Message(Share)
inp.4 << 19:07:01.145 [main] INFO Env - @{4 LOCKED}
out.4 >> unlock
inp.4 << 19:07:01.146 [main] INFO Env - @{4 UNLOCKED}
out.1 >> ping
out.2 >> ping
out.3 >> ping
out.4 >> ping
out.5 >> ping
inp.4 << 19:07:01.146 [main] INFO Env - @{4 PONG}
inp.3 << 19:07:01.146 [main] INFO Env - @{3 PONG}
inp.1 << 19:07:01.146 [main] INFO Env - @{1 PONG}
inp.2 << 19:07:01.146 [main] INFO Env - @{2 PONG}
inp.5 << 19:07:01.147 [main] INFO Env - @{5 PONG}
out.5 >> lock
inp.5 << 19:07:01.147 [main] INFO Env - @{5 SEND 1} Message(Ask)
inp.5 << 19:07:01.147 [main] INFO Env - @{5 SEND 2} Message(Ask)
inp.5 << 19:07:01.148 [main] INFO Env - @{5 SEND 3} Message(Ask)
inp.1 << 19:07:01.147 [main] INFO Env - @{1 RCVD 5} Message(Ask)
inp.2 << 19:07:01.148 [main] INFO Env - @{2 RCVD 5} Message(Ask)
inp.1 << 19:07:01.149 [main] INFO Env - @{1 SEND 5} Message(Share)
inp.3 << 19:07:01.149 [main] INFO Env - @{3 RCVD 5} Message(Ask)
inp.3 << 19:07:01.150 [main] INFO Env - @{3 SEND 5} Message(Share)
inp.2 << 19:07:01.148 [main] INFO Env - @{2 SEND 5} Message(Share)
inp.5 << 19:07:01.150 [main] INFO Env - @{5 SEND 4} Message(Ask)
inp.5 << 19:07:01.150 [main] INFO Env - @{5 RCVD 1} Message(Share)
inp.5 << 19:07:01.150 [main] INFO Env - @{5 RCVD 3} Message(Share)
inp.5 << 19:07:01.150 [main] INFO Env - @{5 RCVD 2} Message(Share)
inp.4 << 19:07:01.150 [main] INFO Env - @{4 RCVD 5} Message(Ask)
inp.4 << 19:07:01.150 [main] INFO Env - @{4 SEND 5} Message(Share)
inp.5 << 19:07:01.151 [main] INFO Env - @{5 RCVD 4} Message(Share)
inp.5 << 19:07:01.151 [main] INFO Env - @{5 LOCKED}
out.5 >> unlock
inp.5 << 19:07:01.151 [main] INFO Env - @{5 UNLOCKED}
out.1 >> ping
out.2 >> ping
out.3 >> ping
out.4 >> ping
out.5 >> ping
inp.4 << 19:07:01.152 [main] INFO Env - @{4 PONG}
inp.1 << 19:07:01.152 [main] INFO Env - @{1 PONG}
inp.3 << 19:07:01.152 [main] INFO Env - @{3 PONG}
inp.2 << 19:07:01.152 [main] INFO Env - @{2 PONG}
inp.5 << 19:07:01.152 [main] INFO Env - @{5 PONG}
out.4 >> lock
out.3 >> lock
out.2 >> lock
out.1 >> lock
out.5 >> lock
inp.4 << 19:07:01.153 [main] INFO Env - @{4 SEND 5} Message(Ask)
inp.1 << 19:07:01.154 [main] INFO Env - @{1 SEND 2} Message(Ask)
inp.4 << 19:07:01.154 [main] INFO Env - @{4 RCVD 3} Message(Ask)
inp.5 << 19:07:01.154 [main] INFO Env - @{5 LOCKED}
inp.2 << 19:07:01.154 [main] INFO Env - @{2 SEND 3} Message(Ask)
inp.4 << 19:07:01.154 [main] INFO Env - @{4 SEND 3} Message(Share)
inp.4 << 19:07:01.154 [main] INFO Env - @{4 SEND 3} Message(Ask)
inp.1 << 19:07:01.154 [main] INFO Env - @{1 SEND 3} Message(Ask)
out.5 >> unlock
inp.2 << 19:07:01.154 [main] INFO Env - @{2 SEND 4} Message(Ask)
inp.4 << 19:07:01.154 [main] INFO Env - @{4 RCVD 2} Message(Ask)
inp.4 << 19:07:01.155 [main] INFO Env - @{4 SEND 2} Message(Share)
inp.4 << 19:07:01.155 [main] INFO Env - @{4 SEND 2} Message(Ask)
inp.2 << 19:07:01.155 [main] INFO Env - @{2 SEND 5} Message(Ask)
inp.5 << 19:07:01.155 [main] INFO Env - @{5 RCVD 4} Message(Ask)
inp.4 << 19:07:01.155 [main] INFO Env - @{4 RCVD 1} Message(Ask)
inp.5 << 19:07:01.155 [main] INFO Env - @{5 RCVD 3} Message(Ask)
inp.4 << 19:07:01.155 [main] INFO Env - @{4 SEND 1} Message(Share)
inp.5 << 19:07:01.155 [main] INFO Env - @{5 UNLOCKED}
inp.4 << 19:07:01.155 [main] INFO Env - @{4 SEND 1} Message(Ask)
inp.5 << 19:07:01.155 [main] INFO Env - @{5 SEND 3} Message(Share)
inp.2 << 19:07:01.155 [main] INFO Env - @{2 RCVD 1} Message(Ask)
inp.2 << 19:07:01.156 [main] INFO Env - @{2 SEND 1} Message(Share)
inp.5 << 19:07:01.156 [main] INFO Env - @{5 SEND 4} Message(Share)
inp.5 << 19:07:01.156 [main] INFO Env - @{5 RCVD 1} Message(Ask)
inp.4 << 19:07:01.156 [main] INFO Env - @{4 RCVD 5} Message(Share)
inp.5 << 19:07:01.156 [main] INFO Env - @{5 SEND 1} Message(Share)
inp.5 << 19:07:01.156 [main] INFO Env - @{5 RCVD 2} Message(Ask)
inp.5 << 19:07:01.156 [main] INFO Env - @{5 SEND 2} Message(Share)
inp.2 << 19:07:01.156 [main] INFO Env - @{2 SEND 1} Message(Ask)
inp.3 << 19:07:01.153 [main] INFO Env - @{3 SEND 4} Message(Ask)
inp.3 << 19:07:01.153 [main] INFO Env - @{3 SEND 5} Message(Ask)
inp.3 << 19:07:01.154 [main] INFO Env - @{3 RCVD 4} Message(Share)
inp.3 << 19:07:01.154 [main] INFO Env - @{3 RCVD 2} Message(Ask)
inp.3 << 19:07:01.154 [main] INFO Env - @{3 SEND 2} Message(Share)
inp.2 << 19:07:01.156 [main] INFO Env - @{2 RCVD 3} Message(Share)
inp.2 << 19:07:01.156 [main] INFO Env - @{2 RCVD 3} Message(Ask)
inp.3 << 19:07:01.154 [main] INFO Env - @{3 SEND 2} Message(Ask)
inp.2 << 19:07:01.157 [main] INFO Env - @{2 RCVD 4} Message(Share)
inp.1 << 19:07:01.154 [main] INFO Env - @{1 SEND 4} Message(Ask)
inp.3 << 19:07:01.155 [main] INFO Env - @{3 RCVD 4} Message(Ask)
inp.3 << 19:07:01.155 [main] INFO Env - @{3 RCVD 1} Message(Ask)
inp.3 << 19:07:01.155 [main] INFO Env - @{3 SEND 1} Message(Share)
inp.3 << 19:07:01.155 [main] INFO Env - @{3 SEND 1} Message(Ask)
inp.3 << 19:07:01.155 [main] INFO Env - @{3 RCVD 5} Message(Share)
inp.2 << 19:07:01.157 [main] INFO Env - @{2 RCVD 4} Message(Ask)
inp.2 << 19:07:01.157 [main] INFO Env - @{2 RCVD 5} Message(Share)
inp.1 << 19:07:01.154 [main] INFO Env - @{1 SEND 5} Message(Ask)
inp.1 << 19:07:01.155 [main] INFO Env - @{1 RCVD 4} Message(Share)
inp.1 << 19:07:01.155 [main] INFO Env - @{1 RCVD 3} Message(Share)
inp.1 << 19:07:01.155 [main] INFO Env - @{1 RCVD 4} Message(Ask)
inp.1 << 19:07:01.156 [main] INFO Env - @{1 RCVD 3} Message(Ask)
inp.1 << 19:07:01.156 [main] INFO Env - @{1 RCVD 2} Message(Share)
inp.1 << 19:07:01.156 [main] INFO Env - @{1 RCVD 5} Message(Share)
inp.1 << 19:07:01.156 [main] INFO Env - @{1 LOCKED}
inp.1 << 19:07:01.156 [main] INFO Env - @{1 RCVD 2} Message(Ask)
out.1 >> unlock
inp.1 << 19:07:01.157 [main] INFO Env - @{1 UNLOCKED}
inp.1 << 19:07:01.158 [main] INFO Env - @{1 SEND 2} Message(Share)
inp.1 << 19:07:01.158 [main] INFO Env - @{1 SEND 3} Message(Share)
inp.1 << 19:07:01.158 [main] INFO Env - @{1 SEND 4} Message(Share)
inp.2 << 19:07:01.158 [main] INFO Env - @{2 RCVD 1} Message(Share)
inp.4 << 19:07:01.158 [main] INFO Env - @{4 RCVD 1} Message(Share)
inp.2 << 19:07:01.158 [main] INFO Env - @{2 LOCKED}
inp.3 << 19:07:01.158 [main] INFO Env - @{3 RCVD 1} Message(Share)
out.2 >> unlock
inp.2 << 19:07:01.159 [main] INFO Env - @{2 UNLOCKED}
inp.2 << 19:07:01.159 [main] INFO Env - @{2 SEND 3} Message(Share)
inp.2 << 19:07:01.159 [main] INFO Env - @{2 SEND 4} Message(Share)
inp.3 << 19:07:01.159 [main] INFO Env - @{3 RCVD 2} Message(Share)
inp.3 << 19:07:01.159 [main] INFO Env - @{3 LOCKED}
out.3 >> unlock
inp.4 << 19:07:01.159 [main] INFO Env - @{4 RCVD 2} Message(Share)
inp.3 << 19:07:01.159 [main] INFO Env - @{3 UNLOCKED}
inp.3 << 19:07:01.159 [main] INFO Env - @{3 SEND 4} Message(Share)
inp.4 << 19:07:01.160 [main] INFO Env - @{4 RCVD 3} Message(Share)
inp.4 << 19:07:01.160 [main] INFO Env - @{4 LOCKED}
out.4 >> unlock
inp.4 << 19:07:01.160 [main] INFO Env - @{4 UNLOCKED}
out.1 >> ping
out.2 >> ping
out.3 >> ping
out.4 >> ping
out.5 >> ping
inp.4 << 19:07:01.161 [main] INFO Env - @{4 PONG}
inp.1 << 19:07:01.161 [main] INFO Env - @{1 PONG}
inp.3 << 19:07:01.161 [main] INFO Env - @{3 PONG}
inp.2 << 19:07:01.161 [main] INFO Env - @{2 PONG}
inp.5 << 19:07:01.161 [main] INFO Env - @{5 PONG}
out.4 >> lock
inp.4 << 19:07:01.161 [main] INFO Env - @{4 LOCKED}
out.4 >> unlock
inp.4 << 19:07:01.162 [main] INFO Env - @{4 UNLOCKED}
out.1 >> ping
out.2 >> ping
out.3 >> ping
out.4 >> ping
out.5 >> ping
inp.4 << 19:07:01.163 [main] INFO Env - @{4 PONG}
inp.3 << 19:07:01.163 [main] INFO Env - @{3 PONG}
inp.2 << 19:07:01.163 [main] INFO Env - @{2 PONG}
inp.5 << 19:07:01.163 [main] INFO Env - @{5 PONG}
inp.1 << 19:07:01.163 [main] INFO Env - @{1 PONG}
out.4 >> lock
inp.4 << 19:07:01.164 [main] INFO Env - @{4 LOCKED}
out.4 >> unlock
inp.4 << 19:07:01.164 [main] INFO Env - @{4 UNLOCKED}
out.1 >> ping
out.2 >> ping
out.3 >> ping
out.4 >> ping
out.5 >> ping
inp.4 << 19:07:01.171 [main] INFO Env - @{4 PONG}
inp.1 << 19:07:01.172 [main] INFO Env - @{1 PONG}
inp.3 << 19:07:01.172 [main] INFO Env - @{3 PONG}
inp.2 << 19:07:01.172 [main] INFO Env - @{2 PONG}
inp.5 << 19:07:01.173 [main] INFO Env - @{5 PONG}
out.4 >> lock
inp.4 << 19:07:01.173 [main] INFO Env - @{4 LOCKED}
out.4 >> unlock
inp.4 << 19:07:01.173 [main] INFO Env - @{4 UNLOCKED}
out.1 >> ping
out.2 >> ping
out.3 >> ping
out.4 >> ping
out.5 >> ping
inp.4 << 19:07:01.174 [main] INFO Env - @{4 PONG}
inp.1 << 19:07:01.174 [main] INFO Env - @{1 PONG}
inp.3 << 19:07:01.174 [main] INFO Env - @{3 PONG}
inp.2 << 19:07:01.174 [main] INFO Env - @{2 PONG}
inp.5 << 19:07:01.174 [main] INFO Env - @{5 PONG}
out.4 >> lock
out.1 >> lock
inp.4 << 19:07:01.176 [main] INFO Env - @{4 LOCKED}
inp.1 << 19:07:01.176 [main] INFO Env - @{1 SEND 2} Message(Ask)
out.4 >> unlock
inp.1 << 19:07:01.176 [main] INFO Env - @{1 SEND 3} Message(Ask)
inp.1 << 19:07:01.176 [main] INFO Env - @{1 SEND 4} Message(Ask)
inp.4 << 19:07:01.176 [main] INFO Env - @{4 UNLOCKED}
inp.4 << 19:07:01.177 [main] INFO Env - @{4 RCVD 1} Message(Ask)
inp.4 << 19:07:01.177 [main] INFO Env - @{4 SEND 1} Message(Share)
inp.1 << 19:07:01.177 [main] INFO Env - @{1 RCVD 3} Message(Share)
inp.1 << 19:07:01.177 [main] INFO Env - @{1 RCVD 4} Message(Share)
inp.1 << 19:07:01.177 [main] INFO Env - @{1 RCVD 2} Message(Share)
inp.1 << 19:07:01.177 [main] INFO Env - @{1 LOCKED}
inp.3 << 19:07:01.176 [main] INFO Env - @{3 RCVD 1} Message(Ask)
inp.3 << 19:07:01.177 [main] INFO Env - @{3 SEND 1} Message(Share)
inp.2 << 19:07:01.176 [main] INFO Env - @{2 RCVD 1} Message(Ask)
inp.2 << 19:07:01.177 [main] INFO Env - @{2 SEND 1} Message(Share)
out.1 >> unlock
inp.1 << 19:07:01.179 [main] INFO Env - @{1 UNLOCKED}
out.1 >> ping
out.2 >> ping
out.3 >> ping
out.4 >> ping
out.5 >> ping
inp.4 << 19:07:01.179 [main] INFO Env - @{4 PONG}
inp.1 << 19:07:01.179 [main] INFO Env - @{1 PONG}
inp.3 << 19:07:01.180 [main] INFO Env - @{3 PONG}
inp.2 << 19:07:01.180 [main] INFO Env - @{2 PONG}
inp.5 << 19:07:01.180 [main] INFO Env - @{5 PONG}
out.4 >> lock
out.1 >> lock
inp.4 << 19:07:01.180 [main] INFO Env - @{4 SEND 1} Message(Ask)
inp.1 << 19:07:01.180 [main] INFO Env - @{1 LOCKED}
inp.1 << 19:07:01.181 [main] INFO Env - @{1 RCVD 4} Message(Ask)
out.1 >> unlock
inp.1 << 19:07:01.181 [main] INFO Env - @{1 UNLOCKED}
inp.1 << 19:07:01.181 [main] INFO Env - @{1 SEND 4} Message(Share)
inp.4 << 19:07:01.182 [main] INFO Env - @{4 RCVD 1} Message(Share)
inp.4 << 19:07:01.182 [main] INFO Env - @{4 LOCKED}
out.4 >> unlock
inp.4 << 19:07:01.182 [main] INFO Env - @{4 UNLOCKED}
out.1 >> ping
out.2 >> ping
out.3 >> ping
out.4 >> ping
out.5 >> ping
inp.4 << 19:07:01.183 [main] INFO Env - @{4 PONG}
inp.1 << 19:07:01.183 [main] INFO Env - @{1 PONG}
inp.3 << 19:07:01.183 [main] INFO Env - @{3 PONG}
inp.5 << 19:07:01.183 [main] INFO Env - @{5 PONG}
inp.2 << 19:07:01.183 [main] INFO Env - @{2 PONG}
out.4 >> lock
out.1 >> lock
inp.4 << 19:07:01.186 [main] INFO Env - @{4 LOCKED}
inp.1 << 19:07:01.186 [main] INFO Env - @{1 SEND 4} Message(Ask)
out.4 >> unlock
inp.4 << 19:07:01.188 [main] INFO Env - @{4 RCVD 1} Message(Ask)
inp.4 << 19:07:01.189 [main] INFO Env - @{4 UNLOCKED}
inp.4 << 19:07:01.190 [main] INFO Env - @{4 SEND 1} Message(Share)
inp.1 << 19:07:01.192 [main] INFO Env - @{1 RCVD 4} Message(Share)
inp.1 << 19:07:01.192 [main] INFO Env - @{1 LOCKED}
out.1 >> unlock
inp.1 << 19:07:01.194 [main] INFO Env - @{1 UNLOCKED}
out.1 >> ping
out.2 >> ping
out.3 >> ping
out.4 >> ping
out.5 >> ping
inp.4 << 19:07:01.195 [main] INFO Env - @{4 PONG}
inp.1 << 19:07:01.195 [main] INFO Env - @{1 PONG}
inp.2 << 19:07:01.195 [main] INFO Env - @{2 PONG}
inp.3 << 19:07:01.195 [main] INFO Env - @{3 PONG}
inp.5 << 19:07:01.195 [main] INFO Env - @{5 PONG}
out.1 >> ping
out.2 >> ping
out.3 >> ping
out.4 >> ping
out.5 >> ping
inp.4 << 19:07:01.196 [main] INFO Env - @{4 PONG}
inp.1 << 19:07:01.196 [main] INFO Env - @{1 PONG}
inp.2 << 19:07:01.196 [main] INFO Env - @{2 PONG}
inp.3 << 19:07:01.196 [main] INFO Env - @{3 PONG}
inp.5 << 19:07:01.196 [main] INFO Env - @{5 PONG}
out.1 >> lock
inp.1 << 19:07:01.196 [main] INFO Env - @{1 LOCKED}
out.1 >> unlock
inp.1 << 19:07:01.197 [main] INFO Env - @{1 UNLOCKED}
out.1 >> ping
out.2 >> ping
out.3 >> ping
out.4 >> ping
out.5 >> ping
inp.4 << 19:07:01.197 [main] INFO Env - @{4 PONG}
inp.1 << 19:07:01.197 [main] INFO Env - @{1 PONG}
inp.3 << 19:07:01.197 [main] INFO Env - @{3 PONG}
inp.2 << 19:07:01.197 [main] INFO Env - @{2 PONG}
inp.5 << 19:07:01.197 [main] INFO Env - @{5 PONG}
out.2 >> lock
inp.2 << 19:07:01.199 [main] INFO Env - @{2 SEND 1} Message(Ask)
inp.2 << 19:07:01.199 [main] INFO Env - @{2 SEND 3} Message(Ask)
inp.2 << 19:07:01.199 [main] INFO Env - @{2 SEND 4} Message(Ask)
inp.1 << 19:07:01.199 [main] INFO Env - @{1 RCVD 2} Message(Ask)
inp.3 << 19:07:01.200 [main] INFO Env - @{3 RCVD 2} Message(Ask)
inp.4 << 19:07:01.200 [main] INFO Env - @{4 RCVD 2} Message(Ask)
inp.3 << 19:07:01.200 [main] INFO Env - @{3 SEND 2} Message(Share)
inp.4 << 19:07:01.200 [main] INFO Env - @{4 SEND 2} Message(Share)
inp.1 << 19:07:01.200 [main] INFO Env - @{1 SEND 2} Message(Share)
inp.2 << 19:07:01.200 [main] INFO Env - @{2 RCVD 3} Message(Share)
inp.2 << 19:07:01.200 [main] INFO Env - @{2 RCVD 1} Message(Share)
inp.2 << 19:07:01.200 [main] INFO Env - @{2 RCVD 4} Message(Share)
inp.2 << 19:07:01.200 [main] INFO Env - @{2 LOCKED}
out.2 >> unlock
inp.2 << 19:07:01.201 [main] INFO Env - @{2 UNLOCKED}
out.1 >> ping
out.2 >> ping
out.3 >> ping
out.4 >> ping
out.5 >> ping
inp.4 << 19:07:01.202 [main] INFO Env - @{4 PONG}
inp.1 << 19:07:01.202 [main] INFO Env - @{1 PONG}
inp.3 << 19:07:01.202 [main] INFO Env - @{3 PONG}
inp.2 << 19:07:01.202 [main] INFO Env - @{2 PONG}
inp.5 << 19:07:01.202 [main] INFO Env - @{5 PONG}
out.3 >> lock
inp.3 << 19:07:01.203 [main] INFO Env - @{3 SEND 1} Message(Ask)
inp.3 << 19:07:01.204 [main] INFO Env - @{3 SEND 2} Message(Ask)
inp.3 << 19:07:01.204 [main] INFO Env - @{3 SEND 4} Message(Ask)
inp.1 << 19:07:01.204 [main] INFO Env - @{1 RCVD 3} Message(Ask)
inp.4 << 19:07:01.204 [main] INFO Env - @{4 RCVD 3} Message(Ask)
inp.1 << 19:07:01.204 [main] INFO Env - @{1 SEND 3} Message(Share)
inp.4 << 19:07:01.204 [main] INFO Env - @{4 SEND 3} Message(Share)
inp.2 << 19:07:01.204 [main] INFO Env - @{2 RCVD 3} Message(Ask)
inp.3 << 19:07:01.205 [main] INFO Env - @{3 RCVD 1} Message(Share)
inp.3 << 19:07:01.205 [main] INFO Env - @{3 RCVD 4} Message(Share)
inp.2 << 19:07:01.205 [main] INFO Env - @{2 SEND 3} Message(Share)
inp.3 << 19:07:01.205 [main] INFO Env - @{3 RCVD 2} Message(Share)
inp.3 << 19:07:01.205 [main] INFO Env - @{3 LOCKED}
out.3 >> unlock
inp.3 << 19:07:01.205 [main] INFO Env - @{3 UNLOCKED}
out.1 >> ping
out.2 >> ping
out.3 >> ping
out.4 >> ping
out.5 >> ping
inp.4 << 19:07:01.206 [main] INFO Env - @{4 PONG}
inp.1 << 19:07:01.206 [main] INFO Env - @{1 PONG}
inp.3 << 19:07:01.206 [main] INFO Env - @{3 PONG}
inp.2 << 19:07:01.206 [main] INFO Env - @{2 PONG}
inp.5 << 19:07:01.207 [main] INFO Env - @{5 PONG}
out.4 >> lock
inp.4 << 19:07:01.207 [main] INFO Env - @{4 SEND 1} Message(Ask)
inp.4 << 19:07:01.208 [main] INFO Env - @{4 SEND 2} Message(Ask)
inp.4 << 19:07:01.208 [main] INFO Env - @{4 SEND 3} Message(Ask)
inp.1 << 19:07:01.208 [main] INFO Env - @{1 RCVD 4} Message(Ask)
inp.1 << 19:07:01.208 [main] INFO Env - @{1 SEND 4} Message(Share)
inp.4 << 19:07:01.208 [main] INFO Env - @{4 RCVD 1} Message(Share)
inp.3 << 19:07:01.208 [main] INFO Env - @{3 RCVD 4} Message(Ask)
inp.3 << 19:07:01.209 [main] INFO Env - @{3 SEND 4} Message(Share)
inp.4 << 19:07:01.209 [main] INFO Env - @{4 RCVD 3} Message(Share)
inp.2 << 19:07:01.209 [main] INFO Env - @{2 RCVD 4} Message(Ask)
inp.2 << 19:07:01.209 [main] INFO Env - @{2 SEND 4} Message(Share)
inp.4 << 19:07:01.210 [main] INFO Env - @{4 RCVD 2} Message(Share)
inp.4 << 19:07:01.210 [main] INFO Env - @{4 LOCKED}
out.4 >> unlock
inp.4 << 19:07:01.210 [main] INFO Env - @{4 UNLOCKED}
out.1 >> ping
out.2 >> ping
out.3 >> ping
out.4 >> ping
out.5 >> ping
inp.4 << 19:07:01.211 [main] INFO Env - @{4 PONG}
inp.1 << 19:07:01.211 [main] INFO Env - @{1 PONG}
inp.3 << 19:07:01.211 [main] INFO Env - @{3 PONG}
inp.2 << 19:07:01.211 [main] INFO Env - @{2 PONG}
inp.5 << 19:07:01.211 [main] INFO Env - @{5 PONG}
out.5 >> lock
inp.5 << 19:07:01.212 [main] INFO Env - @{5 SEND 1} Message(Ask)
inp.5 << 19:07:01.212 [main] INFO Env - @{5 SEND 2} Message(Ask)
inp.1 << 19:07:01.212 [main] INFO Env - @{1 RCVD 5} Message(Ask)
inp.5 << 19:07:01.212 [main] INFO Env - @{5 SEND 3} Message(Ask)
inp.1 << 19:07:01.212 [main] INFO Env - @{1 SEND 5} Message(Share)
inp.5 << 19:07:01.212 [main] INFO Env - @{5 SEND 4} Message(Ask)
inp.3 << 19:07:01.212 [main] INFO Env - @{3 RCVD 5} Message(Ask)
inp.2 << 19:07:01.212 [main] INFO Env - @{2 RCVD 5} Message(Ask)
inp.4 << 19:07:01.213 [main] INFO Env - @{4 RCVD 5} Message(Ask)
inp.2 << 19:07:01.213 [main] INFO Env - @{2 SEND 5} Message(Share)
inp.5 << 19:07:01.213 [main] INFO Env - @{5 RCVD 1} Message(Share)
inp.3 << 19:07:01.213 [main] INFO Env - @{3 SEND 5} Message(Share)
inp.4 << 19:07:01.213 [main] INFO Env - @{4 SEND 5} Message(Share)
inp.5 << 19:07:01.213 [main] INFO Env - @{5 RCVD 2} Message(Share)
inp.5 << 19:07:01.213 [main] INFO Env - @{5 RCVD 3} Message(Share)
inp.5 << 19:07:01.213 [main] INFO Env - @{5 RCVD 4} Message(Share)
inp.5 << 19:07:01.213 [main] INFO Env - @{5 LOCKED}
out.5 >> unlock
inp.5 << 19:07:01.213 [main] INFO Env - @{5 UNLOCKED}
out.1 >> ping
out.2 >> ping
out.3 >> ping
out.4 >> ping
out.5 >> ping
inp.4 << 19:07:01.214 [main] INFO Env - @{4 PONG}
inp.1 << 19:07:01.214 [main] INFO Env - @{1 PONG}
inp.3 << 19:07:01.214 [main] INFO Env - @{3 PONG}
inp.2 << 19:07:01.214 [main] INFO Env - @{2 PONG}
inp.5 << 19:07:01.214 [main] INFO Env - @{5 PONG}
out.4 >> lock
out.5 >> lock
out.2 >> lock
out.1 >> lock
out.3 >> lock
inp.5 << 19:07:01.219 [main] INFO Env - @{5 LOCKED}
out.5 >> unlock
inp.5 << 19:07:01.220 [main] INFO Env - @{5 UNLOCKED}
inp.3 << 19:07:01.225 [main] INFO Env - @{3 SEND 4} Message(Ask)
inp.3 << 19:07:01.225 [main] INFO Env - @{3 SEND 5} Message(Ask)
inp.5 << 19:07:01.225 [main] INFO Env - @{5 RCVD 3} Message(Ask)
inp.5 << 19:07:01.225 [main] INFO Env - @{5 SEND 3} Message(Share)
inp.3 << 19:07:01.226 [main] INFO Env - @{3 RCVD 5} Message(Share)
inp.4 << 19:07:01.230 [main] INFO Env - @{4 SEND 5} Message(Ask)
inp.5 << 19:07:01.230 [main] INFO Env - @{5 RCVD 4} Message(Ask)
inp.5 << 19:07:01.230 [main] INFO Env - @{5 SEND 4} Message(Share)
inp.4 << 19:07:01.230 [main] INFO Env - @{4 RCVD 3} Message(Ask)
inp.4 << 19:07:01.231 [main] INFO Env - @{4 SEND 3} Message(Share)
inp.3 << 19:07:01.231 [main] INFO Env - @{3 RCVD 4} Message(Share)
inp.3 << 19:07:01.231 [main] INFO Env - @{3 LOCKED}
out.3 >> unlock
inp.3 << 19:07:01.231 [main] INFO Env - @{3 UNLOCKED}
inp.4 << 19:07:01.231 [main] INFO Env - @{4 SEND 3} Message(Ask)
inp.3 << 19:07:01.232 [main] INFO Env - @{3 RCVD 4} Message(Ask)
inp.3 << 19:07:01.232 [main] INFO Env - @{3 SEND 4} Message(Share)
inp.4 << 19:07:01.232 [main] INFO Env - @{4 RCVD 5} Message(Share)
inp.4 << 19:07:01.232 [main] INFO Env - @{4 RCVD 3} Message(Share)
inp.4 << 19:07:01.232 [main] INFO Env - @{4 LOCKED}
out.4 >> unlock
inp.2 << 19:07:01.233 [main] INFO Env - @{2 SEND 3} Message(Ask)
inp.3 << 19:07:01.234 [main] INFO Env - @{3 RCVD 2} Message(Ask)
inp.3 << 19:07:01.234 [main] INFO Env - @{3 SEND 2} Message(Share)
inp.2 << 19:07:01.234 [main] INFO Env - @{2 SEND 4} Message(Ask)
inp.2 << 19:07:01.234 [main] INFO Env - @{2 SEND 5} Message(Ask)
inp.2 << 19:07:01.235 [main] INFO Env - @{2 RCVD 3} Message(Share)
inp.5 << 19:07:01.235 [main] INFO Env - @{5 RCVD 2} Message(Ask)
inp.5 << 19:07:01.235 [main] INFO Env - @{5 SEND 2} Message(Share)
inp.1 << 19:07:01.235 [main] INFO Env - @{1 SEND 2} Message(Ask)
inp.1 << 19:07:01.235 [main] INFO Env - @{1 SEND 3} Message(Ask)
inp.1 << 19:07:01.235 [main] INFO Env - @{1 SEND 4} Message(Ask)
inp.1 << 19:07:01.236 [main] INFO Env - @{1 SEND 5} Message(Ask)
inp.3 << 19:07:01.236 [main] INFO Env - @{3 RCVD 1} Message(Ask)
inp.5 << 19:07:01.236 [main] INFO Env - @{5 RCVD 1} Message(Ask)
inp.3 << 19:07:01.236 [main] INFO Env - @{3 SEND 1} Message(Share)
inp.5 << 19:07:01.236 [main] INFO Env - @{5 SEND 1} Message(Share)
inp.4 << 19:07:01.237 [main] INFO Env - @{4 UNLOCKED}
inp.4 << 19:07:01.238 [main] INFO Env - @{4 RCVD 2} Message(Ask)
inp.4 << 19:07:01.238 [main] INFO Env - @{4 SEND 2} Message(Share)
inp.4 << 19:07:01.238 [main] INFO Env - @{4 RCVD 1} Message(Ask)
inp.2 << 19:07:01.238 [main] INFO Env - @{2 RCVD 5} Message(Share)
inp.4 << 19:07:01.238 [main] INFO Env - @{4 SEND 1} Message(Share)
inp.2 << 19:07:01.238 [main] INFO Env - @{2 RCVD 1} Message(Ask)
inp.2 << 19:07:01.238 [main] INFO Env - @{2 SEND 1} Message(Share)
inp.2 << 19:07:01.238 [main] INFO Env - @{2 SEND 1} Message(Ask)
inp.2 << 19:07:01.238 [main] INFO Env - @{2 RCVD 4} Message(Share)
inp.1 << 19:07:01.238 [main] INFO Env - @{1 RCVD 3} Message(Share)
inp.1 << 19:07:01.239 [main] INFO Env - @{1 RCVD 5} Message(Share)
inp.1 << 19:07:01.239 [main] INFO Env - @{1 RCVD 4} Message(Share)
inp.1 << 19:07:01.240 [main] INFO Env - @{1 RCVD 2} Message(Share)
inp.1 << 19:07:01.240 [main] INFO Env - @{1 LOCKED}
inp.1 << 19:07:01.240 [main] INFO Env - @{1 RCVD 2} Message(Ask)
out.1 >> unlock
inp.1 << 19:07:01.240 [main] INFO Env - @{1 UNLOCKED}
inp.1 << 19:07:01.241 [main] INFO Env - @{1 SEND 2} Message(Share)
inp.2 << 19:07:01.241 [main] INFO Env - @{2 RCVD 1} Message(Share)
inp.2 << 19:07:01.241 [main] INFO Env - @{2 LOCKED}
out.2 >> unlock
inp.2 << 19:07:01.242 [main] INFO Env - @{2 UNLOCKED}
out.1 >> ping
out.2 >> ping
out.3 >> ping
out.4 >> ping
out.5 >> ping
inp.5 << 19:07:01.243 [main] INFO Env - @{5 PONG}
inp.3 << 19:07:01.244 [main] INFO Env - @{3 PONG}
inp.2 << 19:07:01.245 [main] INFO Env - @{2 PONG}
inp.1 << 19:07:01.245 [main] INFO Env - @{1 PONG}
inp.4 << 19:07:01.245 [main] INFO Env - @{4 PONG}
out.3 >> lock
inp.3 << 19:07:01.246 [main] INFO Env - @{3 SEND 1} Message(Ask)
inp.3 << 19:07:01.246 [main] INFO Env - @{3 SEND 2} Message(Ask)
inp.3 << 19:07:01.246 [main] INFO Env - @{3 SEND 4} Message(Ask)
inp.1 << 19:07:01.246 [main] INFO Env - @{1 RCVD 3} Message(Ask)
inp.1 << 19:07:01.247 [main] INFO Env - @{1 SEND 3} Message(Share)
inp.3 << 19:07:01.247 [main] INFO Env - @{3 RCVD 1} Message(Share)
inp.2 << 19:07:01.247 [main] INFO Env - @{2 RCVD 3} Message(Ask)
inp.2 << 19:07:01.248 [main] INFO Env - @{2 SEND 3} Message(Share)
inp.3 << 19:07:01.248 [main] INFO Env - @{3 RCVD 2} Message(Share)
inp.3 << 19:07:01.248 [main] INFO Env - @{3 RCVD 4} Message(Share)
inp.3 << 19:07:01.248 [main] INFO Env - @{3 LOCKED}
inp.4 << 19:07:01.247 [main] INFO Env - @{4 RCVD 3} Message(Ask)
inp.4 << 19:07:01.248 [main] INFO Env - @{4 SEND 3} Message(Share)
out.3 >> unlock
inp.3 << 19:07:01.248 [main] INFO Env - @{3 UNLOCKED}
out.1 >> ping
out.2 >> ping
out.3 >> ping
out.4 >> ping
out.5 >> ping
inp.5 << 19:07:01.249 [main] INFO Env - @{5 PONG}
inp.3 << 19:07:01.249 [main] INFO Env - @{3 PONG}
inp.1 << 19:07:01.249 [main] INFO Env - @{1 PONG}
inp.2 << 19:07:01.249 [main] INFO Env - @{2 PONG}
inp.4 << 19:07:01.249 [main] INFO Env - @{4 PONG}
out.3 >> lock
inp.3 << 19:07:01.250 [main] INFO Env - @{3 LOCKED}
out.3 >> unlock
inp.3 << 19:07:01.250 [main] INFO Env - @{3 UNLOCKED}
out.1 >> ping
out.2 >> ping
out.3 >> ping
out.4 >> ping
out.5 >> ping
inp.3 << 19:07:01.251 [main] INFO Env - @{3 PONG}
inp.5 << 19:07:01.251 [main] INFO Env - @{5 PONG}
inp.1 << 19:07:01.251 [main] INFO Env - @{1 PONG}
inp.2 << 19:07:01.251 [main] INFO Env - @{2 PONG}
inp.4 << 19:07:01.252 [main] INFO Env - @{4 PONG}
out.3 >> lock
inp.3 << 19:07:01.252 [main] INFO Env - @{3 LOCKED}
out.3 >> unlock
inp.3 << 19:07:01.253 [main] INFO Env - @{3 UNLOCKED}
out.1 >> ping
out.2 >> ping
out.3 >> ping
out.4 >> ping
out.5 >> ping
inp.3 << 19:07:01.253 [main] INFO Env - @{3 PONG}
inp.5 << 19:07:01.253 [main] INFO Env - @{5 PONG}
inp.1 << 19:07:01.253 [main] INFO Env - @{1 PONG}
inp.2 << 19:07:01.254 [main] INFO Env - @{2 PONG}
inp.4 << 19:07:01.254 [main] INFO Env - @{4 PONG}
out.3 >> lock
out.5 >> lock
inp.5 << 19:07:01.254 [main] INFO Env - @{5 SEND 1} Message(Ask)
inp.5 << 19:07:01.255 [main] INFO Env - @{5 SEND 2} Message(Ask)
inp.3 << 19:07:01.255 [main] INFO Env - @{3 LOCKED}
out.3 >> unlock
inp.5 << 19:07:01.255 [main] INFO Env - @{5 SEND 3} Message(Ask)
inp.5 << 19:07:01.255 [main] INFO Env - @{5 SEND 4} Message(Ask)
inp.3 << 19:07:01.256 [main] INFO Env - @{3 UNLOCKED}
inp.3 << 19:07:01.256 [main] INFO Env - @{3 RCVD 5} Message(Ask)
inp.3 << 19:07:01.256 [main] INFO Env - @{3 SEND 5} Message(Share)
inp.1 << 19:07:01.256 [main] INFO Env - @{1 RCVD 5} Message(Ask)
inp.1 << 19:07:01.256 [main] INFO Env - @{1 SEND 5} Message(Share)
inp.5 << 19:07:01.256 [main] INFO Env - @{5 RCVD 3} Message(Share)
inp.5 << 19:07:01.257 [main] INFO Env - @{5 RCVD 1} Message(Share)
inp.2 << 19:07:01.257 [main] INFO Env - @{2 RCVD 5} Message(Ask)
inp.2 << 19:07:01.257 [main] INFO Env - @{2 SEND 5} Message(Share)
inp.4 << 19:07:01.257 [main] INFO Env - @{4 RCVD 5} Message(Ask)
inp.4 << 19:07:01.257 [main] INFO Env - @{4 SEND 5} Message(Share)
inp.5 << 19:07:01.257 [main] INFO Env - @{5 RCVD 2} Message(Share)
inp.5 << 19:07:01.257 [main] INFO Env - @{5 RCVD 4} Message(Share)
inp.5 << 19:07:01.258 [main] INFO Env - @{5 LOCKED}
out.5 >> unlock
inp.5 << 19:07:01.258 [main] INFO Env - @{5 UNLOCKED}
out.1 >> ping
out.2 >> ping
out.3 >> ping
out.4 >> ping
out.5 >> ping
inp.5 << 19:07:01.258 [main] INFO Env - @{5 PONG}
inp.3 << 19:07:01.258 [main] INFO Env - @{3 PONG}
inp.1 << 19:07:01.259 [main] INFO Env - @{1 PONG}
inp.2 << 19:07:01.259 [main] INFO Env - @{2 PONG}
inp.4 << 19:07:01.259 [main] INFO Env - @{4 PONG}
out.3 >> lock
out.5 >> lock
inp.5 << 19:07:01.259 [main] INFO Env - @{5 LOCKED}
out.5 >> unlock
inp.3 << 19:07:01.260 [main] INFO Env - @{3 SEND 5} Message(Ask)
inp.5 << 19:07:01.260 [main] INFO Env - @{5 RCVD 3} Message(Ask)
inp.5 << 19:07:01.260 [main] INFO Env - @{5 UNLOCKED}
inp.5 << 19:07:01.260 [main] INFO Env - @{5 SEND 3} Message(Share)
inp.3 << 19:07:01.260 [main] INFO Env - @{3 RCVD 5} Message(Share)
inp.3 << 19:07:01.260 [main] INFO Env - @{3 LOCKED}
out.3 >> unlock
inp.3 << 19:07:01.261 [main] INFO Env - @{3 UNLOCKED}
out.1 >> ping
out.2 >> ping
out.3 >> ping
out.4 >> ping
out.5 >> ping
inp.5 << 19:07:01.262 [main] INFO Env - @{5 PONG}
inp.3 << 19:07:01.262 [main] INFO Env - @{3 PONG}
inp.1 << 19:07:01.262 [main] INFO Env - @{1 PONG}
inp.2 << 19:07:01.263 [main] INFO Env - @{2 PONG}
inp.4 << 19:07:01.263 [main] INFO Env - @{4 PONG}
out.3 >> lock
out.5 >> lock
inp.5 << 19:07:01.264 [main] INFO Env - @{5 SEND 3} Message(Ask)
inp.3 << 19:07:01.264 [main] INFO Env - @{3 LOCKED}
inp.3 << 19:07:01.264 [main] INFO Env - @{3 RCVD 5} Message(Ask)
out.3 >> unlock
inp.3 << 19:07:01.267 [main] INFO Env - @{3 UNLOCKED}
inp.3 << 19:07:01.267 [main] INFO Env - @{3 SEND 5} Message(Share)
inp.5 << 19:07:01.267 [main] INFO Env - @{5 RCVD 3} Message(Share)
inp.5 << 19:07:01.268 [main] INFO Env - @{5 LOCKED}
out.5 >> unlock
inp.5 << 19:07:01.268 [main] INFO Env - @{5 UNLOCKED}
out.1 >> ping
out.2 >> ping
out.3 >> ping
out.4 >> ping
out.5 >> ping
inp.5 << 19:07:01.269 [main] INFO Env - @{5 PONG}
inp.3 << 19:07:01.269 [main] INFO Env - @{3 PONG}
inp.1 << 19:07:01.270 [main] INFO Env - @{1 PONG}
inp.2 << 19:07:01.270 [main] INFO Env - @{2 PONG}
inp.4 << 19:07:01.270 [main] INFO Env - @{4 PONG}
out.1 >> ping
out.2 >> ping
out.3 >> ping
out.4 >> ping
out.5 >> ping
inp.3 << 19:07:01.271 [main] INFO Env - @{3 PONG}
inp.5 << 19:07:01.271 [main] INFO Env - @{5 PONG}
inp.1 << 19:07:01.271 [main] INFO Env - @{1 PONG}
inp.4 << 19:07:01.272 [main] INFO Env - @{4 PONG}
inp.2 << 19:07:01.272 [main] INFO Env - @{2 PONG}
out.1 >> lock
inp.1 << 19:07:01.272 [main] INFO Env - @{1 SEND 2} Message(Ask)
inp.1 << 19:07:01.272 [main] INFO Env - @{1 SEND 3} Message(Ask)
inp.3 << 19:07:01.273 [main] INFO Env - @{3 RCVD 1} Message(Ask)
inp.1 << 19:07:01.273 [main] INFO Env - @{1 SEND 5} Message(Ask)
inp.3 << 19:07:01.273 [main] INFO Env - @{3 SEND 1} Message(Share)
inp.5 << 19:07:01.273 [main] INFO Env - @{5 RCVD 1} Message(Ask)
inp.5 << 19:07:01.273 [main] INFO Env - @{5 SEND 1} Message(Share)
inp.2 << 19:07:01.274 [main] INFO Env - @{2 RCVD 1} Message(Ask)
inp.2 << 19:07:01.274 [main] INFO Env - @{2 SEND 1} Message(Share)
inp.1 << 19:07:01.274 [main] INFO Env - @{1 RCVD 3} Message(Share)
inp.1 << 19:07:01.274 [main] INFO Env - @{1 RCVD 5} Message(Share)
inp.1 << 19:07:01.274 [main] INFO Env - @{1 RCVD 2} Message(Share)
inp.1 << 19:07:01.274 [main] INFO Env - @{1 LOCKED}
out.1 >> unlock
inp.1 << 19:07:01.274 [main] INFO Env - @{1 UNLOCKED}
out.1 >> ping
out.2 >> ping
out.3 >> ping
out.4 >> ping
out.5 >> ping
inp.5 << 19:07:01.275 [main] INFO Env - @{5 PONG}
inp.3 << 19:07:01.275 [main] INFO Env - @{3 PONG}
inp.1 << 19:07:01.276 [main] INFO Env - @{1 PONG}
inp.2 << 19:07:01.276 [main] INFO Env - @{2 PONG}
inp.4 << 19:07:01.276 [main] INFO Env - @{4 PONG}
out.2 >> lock
inp.2 << 19:07:01.276 [main] INFO Env - @{2 SEND 1} Message(Ask)
inp.2 << 19:07:01.277 [main] INFO Env - @{2 SEND 3} Message(Ask)
inp.2 << 19:07:01.277 [main] INFO Env - @{2 SEND 5} Message(Ask)
inp.3 << 19:07:01.277 [main] INFO Env - @{3 RCVD 2} Message(Ask)
inp.3 << 19:07:01.277 [main] INFO Env - @{3 SEND 2} Message(Share)
inp.5 << 19:07:01.277 [main] INFO Env - @{5 RCVD 2} Message(Ask)
inp.2 << 19:07:01.278 [main] INFO Env - @{2 RCVD 3} Message(Share)
inp.5 << 19:07:01.278 [main] INFO Env - @{5 SEND 2} Message(Share)
inp.2 << 19:07:01.278 [main] INFO Env - @{2 RCVD 5} Message(Share)
inp.1 << 19:07:01.278 [main] INFO Env - @{1 RCVD 2} Message(Ask)
inp.1 << 19:07:01.278 [main] INFO Env - @{1 SEND 2} Message(Share)
inp.2 << 19:07:01.284 [main] INFO Env - @{2 RCVD 1} Message(Share)
inp.2 << 19:07:01.286 [main] INFO Env - @{2 LOCKED}
out.2 >> unlock
inp.2 << 19:07:01.289 [main] INFO Env - @{2 UNLOCKED}
out.1 >> ping
out.2 >> ping
out.3 >> ping
out.4 >> ping
out.5 >> ping
inp.5 << 19:07:01.292 [main] INFO Env - @{5 PONG}
inp.3 << 19:07:01.292 [main] INFO Env - @{3 PONG}
inp.1 << 19:07:01.293 [main] INFO Env - @{1 PONG}
inp.2 << 19:07:01.294 [main] INFO Env - @{2 PONG}
inp.4 << 19:07:01.295 [main] INFO Env - @{4 PONG}
out.3 >> lock
inp.3 << 19:07:01.295 [main] INFO Env - @{3 SEND 1} Message(Ask)
inp.3 << 19:07:01.296 [main] INFO Env - @{3 SEND 2} Message(Ask)
inp.3 << 19:07:01.296 [main] INFO Env - @{3 SEND 5} Message(Ask)
inp.5 << 19:07:01.296 [main] INFO Env - @{5 RCVD 3} Message(Ask)
inp.5 << 19:07:01.296 [main] INFO Env - @{5 SEND 3} Message(Share)
inp.3 << 19:07:01.296 [main] INFO Env - @{3 RCVD 5} Message(Share)
inp.1 << 19:07:01.296 [main] INFO Env - @{1 RCVD 3} Message(Ask)
inp.1 << 19:07:01.297 [main] INFO Env - @{1 SEND 3} Message(Share)
inp.2 << 19:07:01.297 [main] INFO Env - @{2 RCVD 3} Message(Ask)
inp.2 << 19:07:01.297 [main] INFO Env - @{2 SEND 3} Message(Share)
inp.3 << 19:07:01.297 [main] INFO Env - @{3 RCVD 1} Message(Share)
inp.3 << 19:07:01.297 [main] INFO Env - @{3 RCVD 2} Message(Share)
inp.3 << 19:07:01.297 [main] INFO Env - @{3 LOCKED}
out.3 >> unlock
inp.3 << 19:07:01.297 [main] INFO Env - @{3 UNLOCKED}
out.1 >> ping
out.2 >> ping
out.3 >> ping
out.4 >> ping
out.5 >> ping
inp.5 << 19:07:01.300 [main] INFO Env - @{5 PONG}
inp.3 << 19:07:01.300 [main] INFO Env - @{3 PONG}
inp.1 << 19:07:01.301 [main] INFO Env - @{1 PONG}
inp.2 << 19:07:01.301 [main] INFO Env - @{2 PONG}
inp.4 << 19:07:01.301 [main] INFO Env - @{4 PONG}
out.4 >> lock
inp.4 << 19:07:01.302 [main] INFO Env - @{4 SEND 1} Message(Ask)
inp.4 << 19:07:01.302 [main] INFO Env - @{4 SEND 2} Message(Ask)
inp.4 << 19:07:01.302 [main] INFO Env - @{4 SEND 3} Message(Ask)
inp.4 << 19:07:01.302 [main] INFO Env - @{4 SEND 5} Message(Ask)
inp.3 << 19:07:01.303 [main] INFO Env - @{3 RCVD 4} Message(Ask)
inp.3 << 19:07:01.303 [main] INFO Env - @{3 SEND 4} Message(Share)
inp.5 << 19:07:01.303 [main] INFO Env - @{5 RCVD 4} Message(Ask)
inp.5 << 19:07:01.303 [main] INFO Env - @{5 SEND 4} Message(Share)
inp.1 << 19:07:01.302 [main] INFO Env - @{1 RCVD 4} Message(Ask)
inp.1 << 19:07:01.303 [main] INFO Env - @{1 SEND 4} Message(Share)
inp.4 << 19:07:01.303 [main] INFO Env - @{4 RCVD 3} Message(Share)
inp.2 << 19:07:01.303 [main] INFO Env - @{2 RCVD 4} Message(Ask)
inp.4 << 19:07:01.303 [main] INFO Env - @{4 RCVD 5} Message(Share)
inp.4 << 19:07:01.303 [main] INFO Env - @{4 RCVD 1} Message(Share)
inp.2 << 19:07:01.303 [main] INFO Env - @{2 SEND 4} Message(Share)
inp.4 << 19:07:01.304 [main] INFO Env - @{4 RCVD 2} Message(Share)
inp.4 << 19:07:01.304 [main] INFO Env - @{4 LOCKED}
out.4 >> unlock
inp.4 << 19:07:01.355 [main] INFO Env - @{4 UNLOCKED}
out.1 >> ping
out.2 >> ping
out.3 >> ping
out.4 >> ping
out.5 >> ping
inp.3 << 19:07:01.356 [main] INFO Env - @{3 PONG}
inp.5 << 19:07:01.356 [main] INFO Env - @{5 PONG}
inp.1 << 19:07:01.356 [main] INFO Env - @{1 PONG}
inp.4 << 19:07:01.356 [main] INFO Env - @{4 PONG}
inp.2 << 19:07:01.357 [main] INFO Env - @{2 PONG}
out.5 >> lock
inp.5 << 19:07:01.357 [main] INFO Env - @{5 SEND 1} Message(Ask)
inp.5 << 19:07:01.358 [main] INFO Env - @{5 SEND 2} Message(Ask)
inp.1 << 19:07:01.358 [main] INFO Env - @{1 RCVD 5} Message(Ask)
inp.1 << 19:07:01.358 [main] INFO Env - @{1 SEND 5} Message(Share)
inp.5 << 19:07:01.358 [main] INFO Env - @{5 SEND 3} Message(Ask)
inp.5 << 19:07:01.358 [main] INFO Env - @{5 SEND 4} Message(Ask)
inp.5 << 19:07:01.358 [main] INFO Env - @{5 RCVD 1} Message(Share)
inp.4 << 19:07:01.358 [main] INFO Env - @{4 RCVD 5} Message(Ask)
inp.3 << 19:07:01.358 [main] INFO Env - @{3 RCVD 5} Message(Ask)
inp.3 << 19:07:01.358 [main] INFO Env - @{3 SEND 5} Message(Share)
inp.4 << 19:07:01.358 [main] INFO Env - @{4 SEND 5} Message(Share)
inp.5 << 19:07:01.359 [main] INFO Env - @{5 RCVD 4} Message(Share)
inp.5 << 19:07:01.359 [main] INFO Env - @{5 RCVD 3} Message(Share)
inp.2 << 19:07:01.359 [main] INFO Env - @{2 RCVD 5} Message(Ask)
inp.2 << 19:07:01.359 [main] INFO Env - @{2 SEND 5} Message(Share)
inp.5 << 19:07:01.359 [main] INFO Env - @{5 RCVD 2} Message(Share)
inp.5 << 19:07:01.359 [main] INFO Env - @{5 LOCKED}
out.5 >> unlock
inp.5 << 19:07:01.359 [main] INFO Env - @{5 UNLOCKED}
out.1 >> ping
out.2 >> ping
out.3 >> ping
out.4 >> ping
out.5 >> ping
inp.1 << 19:07:01.360 [main] INFO Env - @{1 PONG}
inp.3 << 19:07:01.360 [main] INFO Env - @{3 PONG}
inp.4 << 19:07:01.360 [main] INFO Env - @{4 PONG}
inp.5 << 19:07:01.360 [main] INFO Env - @{5 PONG}
inp.2 << 19:07:01.360 [main] INFO Env - @{2 PONG}
out.1 >> lock
out.3 >> lock
out.4 >> lock
out.2 >> lock
out.5 >> lock
inp.5 << 19:07:01.361 [main] INFO Env - @{5 LOCKED}
out.5 >> unlock
inp.5 << 19:07:01.361 [main] INFO Env - @{5 UNLOCKED}
inp.1 << 19:07:01.362 [main] INFO Env - @{1 SEND 2} Message(Ask)
inp.1 << 19:07:01.362 [main] INFO Env - @{1 SEND 3} Message(Ask)
inp.1 << 19:07:01.362 [main] INFO Env - @{1 SEND 4} Message(Ask)
inp.3 << 19:07:01.362 [main] INFO Env - @{3 SEND 4} Message(Ask)
inp.1 << 19:07:01.362 [main] INFO Env - @{1 SEND 5} Message(Ask)
inp.3 << 19:07:01.362 [main] INFO Env - @{3 SEND 5} Message(Ask)
inp.3 << 19:07:01.362 [main] INFO Env - @{3 RCVD 1} Message(Ask)
inp.3 << 19:07:01.363 [main] INFO Env - @{3 SEND 1} Message(Share)
inp.3 << 19:07:01.363 [main] INFO Env - @{3 SEND 1} Message(Ask)
inp.3 << 19:07:01.363 [main] INFO Env - @{3 RCVD 5} Message(Share)
inp.4 << 19:07:01.363 [main] INFO Env - @{4 SEND 5} Message(Ask)
inp.1 << 19:07:01.363 [main] INFO Env - @{1 RCVD 3} Message(Share)
inp.4 << 19:07:01.363 [main] INFO Env - @{4 RCVD 1} Message(Ask)
inp.4 << 19:07:01.363 [main] INFO Env - @{4 SEND 1} Message(Share)
inp.4 << 19:07:01.363 [main] INFO Env - @{4 SEND 1} Message(Ask)
inp.4 << 19:07:01.363 [main] INFO Env - @{4 RCVD 3} Message(Ask)
inp.4 << 19:07:01.364 [main] INFO Env - @{4 SEND 3} Message(Share)
inp.4 << 19:07:01.364 [main] INFO Env - @{4 SEND 3} Message(Ask)
inp.1 << 19:07:01.364 [main] INFO Env - @{1 RCVD 5} Message(Share)
inp.1 << 19:07:01.364 [main] INFO Env - @{1 RCVD 3} Message(Ask)
inp.1 << 19:07:01.364 [main] INFO Env - @{1 RCVD 4} Message(Share)
inp.1 << 19:07:01.364 [main] INFO Env - @{1 RCVD 4} Message(Ask)
inp.3 << 19:07:01.364 [main] INFO Env - @{3 RCVD 4} Message(Share)
inp.3 << 19:07:01.364 [main] INFO Env - @{3 RCVD 4} Message(Ask)
inp.4 << 19:07:01.364 [main] INFO Env - @{4 RCVD 5} Message(Share)
inp.5 << 19:07:01.362 [main] INFO Env - @{5 RCVD 1} Message(Ask)
inp.5 << 19:07:01.363 [main] INFO Env - @{5 SEND 1} Message(Share)
inp.5 << 19:07:01.363 [main] INFO Env - @{5 RCVD 3} Message(Ask)
inp.5 << 19:07:01.363 [main] INFO Env - @{5 SEND 3} Message(Share)
inp.5 << 19:07:01.364 [main] INFO Env - @{5 RCVD 4} Message(Ask)
inp.5 << 19:07:01.364 [main] INFO Env - @{5 SEND 4} Message(Share)
inp.2 << 19:07:01.365 [main] INFO Env - @{2 SEND 3} Message(Ask)
inp.2 << 19:07:01.365 [main] INFO Env - @{2 SEND 4} Message(Ask)
inp.2 << 19:07:01.365 [main] INFO Env - @{2 SEND 5} Message(Ask)
inp.2 << 19:07:01.365 [main] INFO Env - @{2 RCVD 1} Message(Ask)
inp.3 << 19:07:01.365 [main] INFO Env - @{3 RCVD 2} Message(Ask)
inp.2 << 19:07:01.365 [main] INFO Env - @{2 SEND 1} Message(Share)
inp.2 << 19:07:01.365 [main] INFO Env - @{2 SEND 1} Message(Ask)
inp.4 << 19:07:01.365 [main] INFO Env - @{4 RCVD 2} Message(Ask)
inp.5 << 19:07:01.365 [main] INFO Env - @{5 RCVD 2} Message(Ask)
inp.4 << 19:07:01.366 [main] INFO Env - @{4 SEND 2} Message(Share)
inp.3 << 19:07:01.366 [main] INFO Env - @{3 SEND 2} Message(Share)
inp.5 << 19:07:01.366 [main] INFO Env - @{5 SEND 2} Message(Share)
inp.4 << 19:07:01.366 [main] INFO Env - @{4 SEND 2} Message(Ask)
inp.3 << 19:07:01.366 [main] INFO Env - @{3 SEND 2} Message(Ask)
inp.1 << 19:07:01.366 [main] INFO Env - @{1 RCVD 2} Message(Share)
inp.1 << 19:07:01.366 [main] INFO Env - @{1 LOCKED}
out.1 >> unlock
inp.1 << 19:07:01.366 [main] INFO Env - @{1 RCVD 2} Message(Ask)
inp.1 << 19:07:01.366 [main] INFO Env - @{1 UNLOCKED}
inp.1 << 19:07:01.366 [main] INFO Env - @{1 SEND 2} Message(Share)
inp.1 << 19:07:01.367 [main] INFO Env - @{1 SEND 3} Message(Share)
inp.3 << 19:07:01.367 [main] INFO Env - @{3 RCVD 1} Message(Share)
inp.1 << 19:07:01.367 [main] INFO Env - @{1 SEND 4} Message(Share)
inp.4 << 19:07:01.367 [main] INFO Env - @{4 RCVD 1} Message(Share)
inp.2 << 19:07:01.367 [main] INFO Env - @{2 RCVD 3} Message(Share)
inp.2 << 19:07:01.368 [main] INFO Env - @{2 RCVD 5} Message(Share)
inp.2 << 19:07:01.368 [main] INFO Env - @{2 RCVD 4} Message(Share)
inp.2 << 19:07:01.368 [main] INFO Env - @{2 RCVD 4} Message(Ask)
inp.2 << 19:07:01.368 [main] INFO Env - @{2 RCVD 3} Message(Ask)
inp.2 << 19:07:01.368 [main] INFO Env - @{2 RCVD 1} Message(Share)
inp.2 << 19:07:01.368 [main] INFO Env - @{2 LOCKED}
out.2 >> unlock
inp.2 << 19:07:01.368 [main] INFO Env - @{2 UNLOCKED}
inp.2 << 19:07:01.368 [main] INFO Env - @{2 SEND 3} Message(Share)
inp.2 << 19:07:01.368 [main] INFO Env - @{2 SEND 4} Message(Share)
inp.3 << 19:07:01.369 [main] INFO Env - @{3 RCVD 2} Message(Share)
inp.3 << 19:07:01.369 [main] INFO Env - @{3 LOCKED}
out.3 >> unlock
inp.4 << 19:07:01.369 [main] INFO Env - @{4 RCVD 2} Message(Share)
inp.3 << 19:07:01.369 [main] INFO Env - @{3 UNLOCKED}
inp.3 << 19:07:01.369 [main] INFO Env - @{3 SEND 4} Message(Share)
inp.4 << 19:07:01.369 [main] INFO Env - @{4 RCVD 3} Message(Share)
inp.4 << 19:07:01.369 [main] INFO Env - @{4 LOCKED}
out.4 >> unlock
inp.4 << 19:07:01.369 [main] INFO Env - @{4 UNLOCKED}
out.1 >> ping
out.2 >> ping
out.3 >> ping
out.4 >> ping
out.5 >> ping
inp.5 << 19:07:01.370 [main] INFO Env - @{5 PONG}
inp.1 << 19:07:01.371 [main] INFO Env - @{1 PONG}
inp.3 << 19:07:01.371 [main] INFO Env - @{3 PONG}
inp.4 << 19:07:01.371 [main] INFO Env - @{4 PONG}
inp.2 << 19:07:01.372 [main] INFO Env - @{2 PONG}
out.5 >> lock
inp.5 << 19:07:01.373 [main] INFO Env - @{5 SEND 1} Message(Ask)
inp.5 << 19:07:01.374 [main] INFO Env - @{5 SEND 2} Message(Ask)
inp.5 << 19:07:01.374 [main] INFO Env - @{5 SEND 3} Message(Ask)
inp.5 << 19:07:01.374 [main] INFO Env - @{5 SEND 4} Message(Ask)
inp.1 << 19:07:01.374 [main] INFO Env - @{1 RCVD 5} Message(Ask)
inp.1 << 19:07:01.374 [main] INFO Env - @{1 SEND 5} Message(Share)
inp.5 << 19:07:01.375 [main] INFO Env - @{5 RCVD 1} Message(Share)
inp.3 << 19:07:01.375 [main] INFO Env - @{3 RCVD 5} Message(Ask)
inp.3 << 19:07:01.375 [main] INFO Env - @{3 SEND 5} Message(Share)
inp.5 << 19:07:01.375 [main] INFO Env - @{5 RCVD 3} Message(Share)
inp.4 << 19:07:01.376 [main] INFO Env - @{4 RCVD 5} Message(Ask)
inp.4 << 19:07:01.376 [main] INFO Env - @{4 SEND 5} Message(Share)
inp.5 << 19:07:01.376 [main] INFO Env - @{5 RCVD 4} Message(Share)
inp.2 << 19:07:01.376 [main] INFO Env - @{2 RCVD 5} Message(Ask)
inp.2 << 19:07:01.376 [main] INFO Env - @{2 SEND 5} Message(Share)
inp.5 << 19:07:01.376 [main] INFO Env - @{5 RCVD 2} Message(Share)
inp.5 << 19:07:01.377 [main] INFO Env - @{5 LOCKED}
out.5 >> unlock
inp.5 << 19:07:01.377 [main] INFO Env - @{5 UNLOCKED}
out.1 >> ping
out.2 >> ping
out.3 >> ping
out.4 >> ping
out.5 >> ping
inp.5 << 19:07:01.377 [main] INFO Env - @{5 PONG}
inp.1 << 19:07:01.377 [main] INFO Env - @{1 PONG}
inp.3 << 19:07:01.378 [main] INFO Env - @{3 PONG}
inp.4 << 19:07:01.378 [main] INFO Env - @{4 PONG}
inp.2 << 19:07:01.378 [main] INFO Env - @{2 PONG}
out.5 >> lock
inp.5 << 19:07:01.378 [main] INFO Env - @{5 LOCKED}
out.5 >> unlock
inp.5 << 19:07:01.378 [main] INFO Env - @{5 UNLOCKED}
out.1 >> ping
out.2 >> ping
out.3 >> ping
out.4 >> ping
out.5 >> ping
inp.5 << 19:07:01.379 [main] INFO Env - @{5 PONG}
inp.1 << 19:07:01.379 [main] INFO Env - @{1 PONG}
inp.3 << 19:07:01.379 [main] INFO Env - @{3 PONG}
inp.4 << 19:07:01.380 [main] INFO Env - @{4 PONG}
inp.2 << 19:07:01.380 [main] INFO Env - @{2 PONG}
out.5 >> lock
inp.5 << 19:07:01.380 [main] INFO Env - @{5 LOCKED}
out.5 >> unlock
inp.5 << 19:07:01.381 [main] INFO Env - @{5 UNLOCKED}
out.1 >> ping
out.2 >> ping
out.3 >> ping
out.4 >> ping
out.5 >> ping
inp.5 << 19:07:01.381 [main] INFO Env - @{5 PONG}
inp.1 << 19:07:01.381 [main] INFO Env - @{1 PONG}
inp.4 << 19:07:01.381 [main] INFO Env - @{4 PONG}
inp.3 << 19:07:01.381 [main] INFO Env - @{3 PONG}
inp.2 << 19:07:01.382 [main] INFO Env - @{2 PONG}
out.5 >> lock
out.4 >> lock
inp.5 << 19:07:01.382 [main] INFO Env - @{5 LOCKED}
out.5 >> unlock
inp.5 << 19:07:01.383 [main] INFO Env - @{5 UNLOCKED}
inp.4 << 19:07:01.383 [main] INFO Env - @{4 SEND 5} Message(Ask)
inp.5 << 19:07:01.383 [main] INFO Env - @{5 RCVD 4} Message(Ask)
inp.5 << 19:07:01.383 [main] INFO Env - @{5 SEND 4} Message(Share)
inp.4 << 19:07:01.383 [main] INFO Env - @{4 RCVD 5} Message(Share)
inp.4 << 19:07:01.383 [main] INFO Env - @{4 LOCKED}
out.4 >> unlock
inp.4 << 19:07:01.384 [main] INFO Env - @{4 UNLOCKED}
out.1 >> ping
out.2 >> ping
out.3 >> ping
out.4 >> ping
out.5 >> ping
inp.5 << 19:07:01.384 [main] INFO Env - @{5 PONG}
inp.1 << 19:07:01.385 [main] INFO Env - @{1 PONG}
inp.3 << 19:07:01.385 [main] INFO Env - @{3 PONG}
inp.4 << 19:07:01.385 [main] INFO Env - @{4 PONG}
inp.2 << 19:07:01.385 [main] INFO Env - @{2 PONG}
out.5 >> lock
out.4 >> lock
inp.5 << 19:07:01.386 [main] INFO Env - @{5 SEND 4} Message(Ask)
inp.4 << 19:07:01.386 [main] INFO Env - @{4 LOCKED}
out.4 >> unlock
inp.4 << 19:07:01.386 [main] INFO Env - @{4 RCVD 5} Message(Ask)
inp.4 << 19:07:01.386 [main] INFO Env - @{4 UNLOCKED}
inp.4 << 19:07:01.386 [main] INFO Env - @{4 SEND 5} Message(Share)
inp.5 << 19:07:01.387 [main] INFO Env - @{5 RCVD 4} Message(Share)
inp.5 << 19:07:01.387 [main] INFO Env - @{5 LOCKED}
out.5 >> unlock
inp.5 << 19:07:01.387 [main] INFO Env - @{5 UNLOCKED}
out.1 >> ping
out.2 >> ping
out.3 >> ping
out.4 >> ping
out.5 >> ping
inp.5 << 19:07:01.388 [main] INFO Env - @{5 PONG}
inp.1 << 19:07:01.388 [main] INFO Env - @{1 PONG}
inp.3 << 19:07:01.388 [main] INFO Env - @{3 PONG}
inp.4 << 19:07:01.389 [main] INFO Env - @{4 PONG}
inp.2 << 19:07:01.389 [main] INFO Env - @{2 PONG}
out.5 >> lock
out.4 >> lock
inp.5 << 19:07:01.390 [main] INFO Env - @{5 LOCKED}
out.5 >> unlock
inp.5 << 19:07:01.390 [main] INFO Env - @{5 UNLOCKED}
inp.4 << 19:07:01.390 [main] INFO Env - @{4 SEND 5} Message(Ask)
inp.5 << 19:07:01.390 [main] INFO Env - @{5 RCVD 4} Message(Ask)
inp.5 << 19:07:01.390 [main] INFO Env - @{5 SEND 4} Message(Share)
inp.4 << 19:07:01.391 [main] INFO Env - @{4 RCVD 5} Message(Share)
inp.4 << 19:07:01.391 [main] INFO Env - @{4 LOCKED}
out.4 >> unlock
inp.4 << 19:07:01.391 [main] INFO Env - @{4 UNLOCKED}
out.1 >> ping
out.2 >> ping
out.3 >> ping
out.4 >> ping
out.5 >> ping
inp.5 << 19:07:01.392 [main] INFO Env - @{5 PONG}
inp.1 << 19:07:01.392 [main] INFO Env - @{1 PONG}
inp.4 << 19:07:01.392 [main] INFO Env - @{4 PONG}
inp.3 << 19:07:01.392 [main] INFO Env - @{3 PONG}
inp.2 << 19:07:01.392 [main] INFO Env - @{2 PONG}
out.1 >> ping
out.2 >> ping
out.3 >> ping
out.4 >> ping
out.5 >> ping
inp.1 << 19:07:01.393 [main] INFO Env - @{1 PONG}
inp.3 << 19:07:01.393 [main] INFO Env - @{3 PONG}
inp.5 << 19:07:01.393 [main] INFO Env - @{5 PONG}
inp.4 << 19:07:01.393 [main] INFO Env - @{4 PONG}
inp.2 << 19:07:01.393 [main] INFO Env - @{2 PONG}
out.1 >> lock
inp.1 << 19:07:01.394 [main] INFO Env - @{1 SEND 2} Message(Ask)
inp.1 << 19:07:01.394 [main] INFO Env - @{1 SEND 3} Message(Ask)
inp.1 << 19:07:01.394 [main] INFO Env - @{1 SEND 4} Message(Ask)
inp.1 << 19:07:01.394 [main] INFO Env - @{1 SEND 5} Message(Ask)
inp.3 << 19:07:01.394 [main] INFO Env - @{3 RCVD 1} Message(Ask)
inp.2 << 19:07:01.394 [main] INFO Env - @{2 RCVD 1} Message(Ask)
inp.2 << 19:07:01.394 [main] INFO Env - @{2 SEND 1} Message(Share)
inp.4 << 19:07:01.394 [main] INFO Env - @{4 RCVD 1} Message(Ask)
inp.3 << 19:07:01.394 [main] INFO Env - @{3 SEND 1} Message(Share)
inp.5 << 19:07:01.394 [main] INFO Env - @{5 RCVD 1} Message(Ask)
inp.5 << 19:07:01.395 [main] INFO Env - @{5 SEND 1} Message(Share)
inp.4 << 19:07:01.395 [main] INFO Env - @{4 SEND 1} Message(Share)
inp.1 << 19:07:01.395 [main] INFO Env - @{1 RCVD 3} Message(Share)
inp.1 << 19:07:01.395 [main] INFO Env - @{1 RCVD 2} Message(Share)
inp.1 << 19:07:01.395 [main] INFO Env - @{1 RCVD 4} Message(Share)
inp.1 << 19:07:01.395 [main] INFO Env - @{1 RCVD 5} Message(Share)
inp.1 << 19:07:01.395 [main] INFO Env - @{1 LOCKED}
out.1 >> unlock
inp.1 << 19:07:01.395 [main] INFO Env - @{1 UNLOCKED}
out.1 >> ping
out.2 >> ping
out.3 >> ping
out.4 >> ping
out.5 >> ping
inp.1 << 19:07:01.396 [main] INFO Env - @{1 PONG}
inp.3 << 19:07:01.396 [main] INFO Env - @{3 PONG}
inp.5 << 19:07:01.396 [main] INFO Env - @{5 PONG}
inp.4 << 19:07:01.396 [main] INFO Env - @{4 PONG}
inp.2 << 19:07:01.396 [main] INFO Env - @{2 PONG}
out.2 >> lock
inp.2 << 19:07:01.397 [main] INFO Env - @{2 SEND 1} Message(Ask)
inp.2 << 19:07:01.397 [main] INFO Env - @{2 SEND 3} Message(Ask)
inp.1 << 19:07:01.397 [main] INFO Env - @{1 RCVD 2} Message(Ask)
inp.1 << 19:07:01.397 [main] INFO Env - @{1 SEND 2} Message(Share)
inp.3 << 19:07:01.397 [main] INFO Env - @{3 RCVD 2} Message(Ask)
inp.3 << 19:07:01.398 [main] INFO Env - @{3 SEND 2} Message(Share)
inp.2 << 19:07:01.398 [main] INFO Env - @{2 SEND 4} Message(Ask)
inp.2 << 19:07:01.398 [main] INFO Env - @{2 SEND 5} Message(Ask)
inp.2 << 19:07:01.398 [main] INFO Env - @{2 RCVD 1} Message(Share)
inp.4 << 19:07:01.398 [main] INFO Env - @{4 RCVD 2} Message(Ask)
inp.2 << 19:07:01.398 [main] INFO Env - @{2 RCVD 3} Message(Share)
inp.4 << 19:07:01.398 [main] INFO Env - @{4 SEND 2} Message(Share)
inp.5 << 19:07:01.398 [main] INFO Env - @{5 RCVD 2} Message(Ask)
inp.5 << 19:07:01.398 [main] INFO Env - @{5 SEND 2} Message(Share)
inp.2 << 19:07:01.398 [main] INFO Env - @{2 RCVD 4} Message(Share)
inp.2 << 19:07:01.399 [main] INFO Env - @{2 RCVD 5} Message(Share)
inp.2 << 19:07:01.399 [main] INFO Env - @{2 LOCKED}
out.2 >> unlock
inp.2 << 19:07:01.399 [main] INFO Env - @{2 UNLOCKED}
out.1 >> ping
out.2 >> ping
out.3 >> ping
out.4 >> ping
out.5 >> ping
inp.5 << 19:07:01.400 [main] INFO Env - @{5 PONG}
inp.1 << 19:07:01.400 [main] INFO Env - @{1 PONG}
inp.3 << 19:07:01.401 [main] INFO Env - @{3 PONG}
inp.4 << 19:07:01.401 [main] INFO Env - @{4 PONG}
inp.2 << 19:07:01.401 [main] INFO Env - @{2 PONG}
out.3 >> lock
inp.3 << 19:07:01.402 [main] INFO Env - @{3 SEND 1} Message(Ask)
inp.3 << 19:07:01.402 [main] INFO Env - @{3 SEND 2} Message(Ask)
inp.3 << 19:07:01.402 [main] INFO Env - @{3 SEND 4} Message(Ask)
inp.1 << 19:07:01.402 [main] INFO Env - @{1 RCVD 3} Message(Ask)
inp.3 << 19:07:01.402 [main] INFO Env - @{3 SEND 5} Message(Ask)
inp.1 << 19:07:01.402 [main] INFO Env - @{1 SEND 3} Message(Share)
inp.5 << 19:07:01.403 [main] INFO Env - @{5 RCVD 3} Message(Ask)
inp.5 << 19:07:01.403 [main] INFO Env - @{5 SEND 3} Message(Share)
inp.4 << 19:07:01.403 [main] INFO Env - @{4 RCVD 3} Message(Ask)
inp.4 << 19:07:01.403 [main] INFO Env - @{4 SEND 3} Message(Share)
inp.3 << 19:07:01.403 [main] INFO Env - @{3 RCVD 1} Message(Share)
inp.3 << 19:07:01.403 [main] INFO Env - @{3 RCVD 5} Message(Share)
inp.3 << 19:07:01.404 [main] INFO Env - @{3 RCVD 4} Message(Share)
inp.2 << 19:07:01.405 [main] INFO Env - @{2 RCVD 3} Message(Ask)
inp.2 << 19:07:01.405 [main] INFO Env - @{2 SEND 3} Message(Share)
inp.3 << 19:07:01.405 [main] INFO Env - @{3 RCVD 2} Message(Share)
inp.3 << 19:07:01.405 [main] INFO Env - @{3 LOCKED}
out.3 >> unlock
inp.3 << 19:07:01.405 [main] INFO Env - @{3 UNLOCKED}
out.1 >> ping
out.2 >> ping
out.3 >> ping
out.4 >> ping
out.5 >> ping
inp.5 << 19:07:01.406 [main] INFO Env - @{5 PONG}
inp.1 << 19:07:01.406 [main] INFO Env - @{1 PONG}
inp.3 << 19:07:01.407 [main] INFO Env - @{3 PONG}
inp.4 << 19:07:01.407 [main] INFO Env - @{4 PONG}
inp.2 << 19:07:01.407 [main] INFO Env - @{2 PONG}
out.4 >> lock
inp.4 << 19:07:01.408 [main] INFO Env - @{4 SEND 1} Message(Ask)
inp.4 << 19:07:01.408 [main] INFO Env - @{4 SEND 2} Message(Ask)
inp.4 << 19:07:01.408 [main] INFO Env - @{4 SEND 3} Message(Ask)
inp.1 << 19:07:01.408 [main] INFO Env - @{1 RCVD 4} Message(Ask)
inp.1 << 19:07:01.408 [main] INFO Env - @{1 SEND 4} Message(Share)
inp.3 << 19:07:01.408 [main] INFO Env - @{3 RCVD 4} Message(Ask)
inp.3 << 19:07:01.409 [main] INFO Env - @{3 SEND 4} Message(Share)
inp.2 << 19:07:01.409 [main] INFO Env - @{2 RCVD 4} Message(Ask)
inp.2 << 19:07:01.409 [main] INFO Env - @{2 SEND 4} Message(Share)
inp.4 << 19:07:01.409 [main] INFO Env - @{4 RCVD 1} Message(Share)
inp.4 << 19:07:01.409 [main] INFO Env - @{4 RCVD 3} Message(Share)
inp.4 << 19:07:01.409 [main] INFO Env - @{4 RCVD 2} Message(Share)
inp.4 << 19:07:01.409 [main] INFO Env - @{4 LOCKED}
out.4 >> unlock
inp.4 << 19:07:01.409 [main] INFO Env - @{4 UNLOCKED}
out.1 >> ping
out.2 >> ping
out.3 >> ping
out.4 >> ping
out.5 >> ping
inp.5 << 19:07:01.410 [main] INFO Env - @{5 PONG}
inp.1 << 19:07:01.410 [main] INFO Env - @{1 PONG}
inp.3 << 19:07:01.410 [main] INFO Env - @{3 PONG}
inp.4 << 19:07:01.411 [main] INFO Env - @{4 PONG}
inp.2 << 19:07:01.411 [main] INFO Env - @{2 PONG}
out.5 >> lock
inp.5 << 19:07:01.411 [main] INFO Env - @{5 SEND 1} Message(Ask)
inp.5 << 19:07:01.412 [main] INFO Env - @{5 SEND 2} Message(Ask)
inp.5 << 19:07:01.412 [main] INFO Env - @{5 SEND 3} Message(Ask)
inp.1 << 19:07:01.412 [main] INFO Env - @{1 RCVD 5} Message(Ask)
inp.5 << 19:07:01.412 [main] INFO Env - @{5 SEND 4} Message(Ask)
inp.1 << 19:07:01.412 [main] INFO Env - @{1 SEND 5} Message(Share)
inp.5 << 19:07:01.412 [main] INFO Env - @{5 RCVD 1} Message(Share)
inp.3 << 19:07:01.412 [main] INFO Env - @{3 RCVD 5} Message(Ask)
inp.3 << 19:07:01.412 [main] INFO Env - @{3 SEND 5} Message(Share)
inp.5 << 19:07:01.413 [main] INFO Env - @{5 RCVD 3} Message(Share)
inp.4 << 19:07:01.413 [main] INFO Env - @{4 RCVD 5} Message(Ask)
inp.4 << 19:07:01.413 [main] INFO Env - @{4 SEND 5} Message(Share)
inp.5 << 19:07:01.413 [main] INFO Env - @{5 RCVD 4} Message(Share)
inp.2 << 19:07:01.413 [main] INFO Env - @{2 RCVD 5} Message(Ask)
inp.2 << 19:07:01.413 [main] INFO Env - @{2 SEND 5} Message(Share)
inp.5 << 19:07:01.414 [main] INFO Env - @{5 RCVD 2} Message(Share)
inp.5 << 19:07:01.414 [main] INFO Env - @{5 LOCKED}
out.5 >> unlock
inp.5 << 19:07:01.414 [main] INFO Env - @{5 UNLOCKED}
out.1 >> ping
out.2 >> ping
out.3 >> ping
out.4 >> ping
out.5 >> ping
inp.5 << 19:07:01.415 [main] INFO Env - @{5 PONG}
inp.1 << 19:07:01.415 [main] INFO Env - @{1 PONG}
inp.3 << 19:07:01.415 [main] INFO Env - @{3 PONG}
inp.4 << 19:07:01.415 [main] INFO Env - @{4 PONG}
inp.2 << 19:07:01.415 [main] INFO Env - @{2 PONG}
out.5 >> lock
out.3 >> lock
out.4 >> lock
out.2 >> lock
out.1 >> lock
inp.5 << 19:07:01.416 [main] INFO Env - @{5 LOCKED}
out.5 >> unlock
inp.5 << 19:07:01.417 [main] INFO Env - @{5 UNLOCKED}
inp.3 << 19:07:01.417 [main] INFO Env - @{3 SEND 4} Message(Ask)
inp.4 << 19:07:01.417 [main] INFO Env - @{4 SEND 5} Message(Ask)
inp.3 << 19:07:01.417 [main] INFO Env - @{3 SEND 5} Message(Ask)
inp.4 << 19:07:01.417 [main] INFO Env - @{4 RCVD 3} Message(Ask)
inp.4 << 19:07:01.417 [main] INFO Env - @{4 SEND 3} Message(Share)
inp.5 << 19:07:01.417 [main] INFO Env - @{5 RCVD 4} Message(Ask)
inp.4 << 19:07:01.417 [main] INFO Env - @{4 SEND 3} Message(Ask)
inp.1 << 19:07:01.417 [main] INFO Env - @{1 SEND 2} Message(Ask)
inp.5 << 19:07:01.417 [main] INFO Env - @{5 SEND 4} Message(Share)
inp.1 << 19:07:01.418 [main] INFO Env - @{1 SEND 3} Message(Ask)
inp.4 << 19:07:01.418 [main] INFO Env - @{4 RCVD 5} Message(Share)
inp.3 << 19:07:01.418 [main] INFO Env - @{3 RCVD 4} Message(Share)
inp.3 << 19:07:01.418 [main] INFO Env - @{3 RCVD 4} Message(Ask)
inp.3 << 19:07:01.418 [main] INFO Env - @{3 RCVD 1} Message(Ask)
inp.4 << 19:07:01.418 [main] INFO Env - @{4 RCVD 1} Message(Ask)
inp.4 << 19:07:01.418 [main] INFO Env - @{4 SEND 1} Message(Share)
inp.4 << 19:07:01.418 [main] INFO Env - @{4 SEND 1} Message(Ask)
inp.2 << 19:07:01.418 [main] INFO Env - @{2 SEND 3} Message(Ask)
inp.2 << 19:07:01.418 [main] INFO Env - @{2 SEND 4} Message(Ask)
inp.2 << 19:07:01.419 [main] INFO Env - @{2 SEND 5} Message(Ask)
inp.4 << 19:07:01.419 [main] INFO Env - @{4 RCVD 2} Message(Ask)
inp.2 << 19:07:01.419 [main] INFO Env - @{2 RCVD 1} Message(Ask)
inp.2 << 19:07:01.419 [main] INFO Env - @{2 SEND 1} Message(Share)
inp.2 << 19:07:01.419 [main] INFO Env - @{2 SEND 1} Message(Ask)
inp.2 << 19:07:01.419 [main] INFO Env - @{2 RCVD 3} Message(Share)
inp.2 << 19:07:01.419 [main] INFO Env - @{2 RCVD 3} Message(Ask)
inp.1 << 19:07:01.418 [main] INFO Env - @{1 SEND 4} Message(Ask)
inp.3 << 19:07:01.418 [main] INFO Env - @{3 SEND 1} Message(Share)
inp.1 << 19:07:01.418 [main] INFO Env - @{1 SEND 5} Message(Ask)
inp.3 << 19:07:01.418 [main] INFO Env - @{3 SEND 1} Message(Ask)
inp.1 << 19:07:01.418 [main] INFO Env - @{1 RCVD 3} Message(Share)
inp.3 << 19:07:01.419 [main] INFO Env - @{3 RCVD 2} Message(Ask)
inp.1 << 19:07:01.418 [main] INFO Env - @{1 RCVD 4} Message(Share)
inp.3 << 19:07:01.419 [main] INFO Env - @{3 SEND 2} Message(Share)
inp.1 << 19:07:01.419 [main] INFO Env - @{1 RCVD 3} Message(Ask)
inp.3 << 19:07:01.419 [main] INFO Env - @{3 SEND 2} Message(Ask)
inp.1 << 19:07:01.419 [main] INFO Env - @{1 RCVD 4} Message(Ask)
inp.1 << 19:07:01.419 [main] INFO Env - @{1 RCVD 2} Message(Share)
inp.1 << 19:07:01.419 [main] INFO Env - @{1 RCVD 2} Message(Ask)
inp.4 << 19:07:01.420 [main] INFO Env - @{4 SEND 2} Message(Share)
inp.4 << 19:07:01.420 [main] INFO Env - @{4 SEND 2} Message(Ask)
inp.2 << 19:07:01.420 [main] INFO Env - @{2 RCVD 4} Message(Share)
inp.2 << 19:07:01.420 [main] INFO Env - @{2 RCVD 4} Message(Ask)
inp.5 << 19:07:01.418 [main] INFO Env - @{5 RCVD 3} Message(Ask)
inp.5 << 19:07:01.431 [main] INFO Env - @{5 SEND 3} Message(Share)
inp.5 << 19:07:01.432 [main] INFO Env - @{5 RCVD 1} Message(Ask)
inp.5 << 19:07:01.432 [main] INFO Env - @{5 SEND 1} Message(Share)
inp.3 << 19:07:01.432 [main] INFO Env - @{3 RCVD 5} Message(Share)
inp.5 << 19:07:01.432 [main] INFO Env - @{5 RCVD 2} Message(Ask)
inp.5 << 19:07:01.432 [main] INFO Env - @{5 SEND 2} Message(Share)
inp.1 << 19:07:01.432 [main] INFO Env - @{1 RCVD 5} Message(Share)
inp.1 << 19:07:01.432 [main] INFO Env - @{1 LOCKED}
out.1 >> unlock
inp.1 << 19:07:01.433 [main] INFO Env - @{1 UNLOCKED}
inp.1 << 19:07:01.433 [main] INFO Env - @{1 SEND 2} Message(Share)
inp.1 << 19:07:01.434 [main] INFO Env - @{1 SEND 3} Message(Share)
inp.1 << 19:07:01.434 [main] INFO Env - @{1 SEND 4} Message(Share)
inp.3 << 19:07:01.434 [main] INFO Env - @{3 RCVD 1} Message(Share)
inp.4 << 19:07:01.436 [main] INFO Env - @{4 RCVD 1} Message(Share)
inp.2 << 19:07:01.439 [main] INFO Env - @{2 RCVD 5} Message(Share)
inp.2 << 19:07:01.440 [main] INFO Env - @{2 RCVD 1} Message(Share)
inp.2 << 19:07:01.440 [main] INFO Env - @{2 LOCKED}
out.2 >> unlock
inp.2 << 19:07:01.446 [main] INFO Env - @{2 UNLOCKED}
inp.2 << 19:07:01.450 [main] INFO Env - @{2 SEND 3} Message(Share)
inp.3 << 19:07:01.451 [main] INFO Env - @{3 RCVD 2} Message(Share)
inp.3 << 19:07:01.451 [main] INFO Env - @{3 LOCKED}
out.3 >> unlock
inp.3 << 19:07:01.453 [main] INFO Env - @{3 UNLOCKED}
inp.2 << 19:07:01.452 [main] INFO Env - @{2 SEND 4} Message(Share)
inp.4 << 19:07:01.454 [main] INFO Env - @{4 RCVD 2} Message(Share)
inp.3 << 19:07:01.454 [main] INFO Env - @{3 SEND 4} Message(Share)
inp.4 << 19:07:01.455 [main] INFO Env - @{4 RCVD 3} Message(Share)
inp.4 << 19:07:01.456 [main] INFO Env - @{4 LOCKED}
out.4 >> unlock
inp.4 << 19:07:01.457 [main] INFO Env - @{4 UNLOCKED}
out.1 >> ping
out.2 >> ping
out.3 >> ping
out.4 >> ping
out.5 >> ping
inp.5 << 19:07:01.459 [main] INFO Env - @{5 PONG}
inp.1 << 19:07:01.460 [main] INFO Env - @{1 PONG}
inp.4 << 19:07:01.460 [main] INFO Env - @{4 PONG}
inp.3 << 19:07:01.460 [main] INFO Env - @{3 PONG}
inp.2 << 19:07:01.469 [main] INFO Env - @{2 PONG}
out.4 >> lock
inp.4 << 19:07:01.470 [main] INFO Env - @{4 LOCKED}
out.4 >> unlock
inp.4 << 19:07:01.470 [main] INFO Env - @{4 UNLOCKED}
out.1 >> ping
out.2 >> ping
out.3 >> ping
out.4 >> ping
out.5 >> ping
inp.5 << 19:07:01.471 [main] INFO Env - @{5 PONG}
inp.1 << 19:07:01.471 [main] INFO Env - @{1 PONG}
inp.4 << 19:07:01.471 [main] INFO Env - @{4 PONG}
inp.3 << 19:07:01.471 [main] INFO Env - @{3 PONG}
inp.2 << 19:07:01.479 [main] INFO Env - @{2 PONG}
out.4 >> lock
inp.4 << 19:07:01.479 [main] INFO Env - @{4 LOCKED}
out.4 >> unlock
inp.4 << 19:07:01.480 [main] INFO Env - @{4 UNLOCKED}
out.1 >> ping
out.2 >> ping
out.3 >> ping
out.4 >> ping
out.5 >> ping
inp.5 << 19:07:01.480 [main] INFO Env - @{5 PONG}
inp.1 << 19:07:01.481 [main] INFO Env - @{1 PONG}
inp.4 << 19:07:01.481 [main] INFO Env - @{4 PONG}
inp.3 << 19:07:01.481 [main] INFO Env - @{3 PONG}
inp.2 << 19:07:01.483 [main] INFO Env - @{2 PONG}
out.4 >> lock
inp.4 << 19:07:01.484 [main] INFO Env - @{4 LOCKED}
out.4 >> unlock
inp.4 << 19:07:01.484 [main] INFO Env - @{4 UNLOCKED}
out.1 >> ping
out.2 >> ping
out.3 >> ping
out.4 >> ping
out.5 >> ping
inp.5 << 19:07:01.486 [main] INFO Env - @{5 PONG}
inp.3 << 19:07:01.486 [main] INFO Env - @{3 PONG}
inp.4 << 19:07:01.486 [main] INFO Env - @{4 PONG}
inp.1 << 19:07:01.486 [main] INFO Env - @{1 PONG}
inp.2 << 19:07:01.487 [main] INFO Env - @{2 PONG}
out.4 >> lock
out.1 >> lock
inp.4 << 19:07:01.488 [main] INFO Env - @{4 LOCKED}
inp.1 << 19:07:01.488 [main] INFO Env - @{1 SEND 2} Message(Ask)
out.4 >> unlock
inp.1 << 19:07:01.488 [main] INFO Env - @{1 SEND 3} Message(Ask)
inp.1 << 19:07:01.488 [main] INFO Env - @{1 SEND 4} Message(Ask)
inp.3 << 19:07:01.489 [main] INFO Env - @{3 RCVD 1} Message(Ask)
inp.4 << 19:07:01.489 [main] INFO Env - @{4 UNLOCKED}
inp.4 << 19:07:01.489 [main] INFO Env - @{4 RCVD 1} Message(Ask)
inp.4 << 19:07:01.489 [main] INFO Env - @{4 SEND 1} Message(Share)
inp.3 << 19:07:01.489 [main] INFO Env - @{3 SEND 1} Message(Share)
inp.1 << 19:07:01.490 [main] INFO Env - @{1 RCVD 4} Message(Share)
inp.1 << 19:07:01.490 [main] INFO Env - @{1 RCVD 3} Message(Share)
inp.2 << 19:07:01.492 [main] INFO Env - @{2 RCVD 1} Message(Ask)
inp.2 << 19:07:01.492 [main] INFO Env - @{2 SEND 1} Message(Share)
inp.1 << 19:07:01.492 [main] INFO Env - @{1 RCVD 2} Message(Share)
inp.1 << 19:07:01.493 [main] INFO Env - @{1 LOCKED}
out.1 >> unlock
inp.1 << 19:07:01.493 [main] INFO Env - @{1 UNLOCKED}
out.1 >> ping
out.2 >> ping
out.3 >> ping
out.4 >> ping
out.5 >> ping
inp.1 << 19:07:01.494 [main] INFO Env - @{1 PONG}
inp.5 << 19:07:01.495 [main] INFO Env - @{5 PONG}
inp.3 << 19:07:01.495 [main] INFO Env - @{3 PONG}
inp.4 << 19:07:01.495 [main] INFO Env - @{4 PONG}
inp.2 << 19:07:01.496 [main] INFO Env - @{2 PONG}
out.4 >> lock
out.1 >> lock
inp.4 << 19:07:01.502 [main] INFO Env - @{4 SEND 1} Message(Ask)
inp.1 << 19:07:01.502 [main] INFO Env - @{1 LOCKED}
out.1 >> unlock
inp.1 << 19:07:01.503 [main] INFO Env - @{1 RCVD 4} Message(Ask)
inp.1 << 19:07:01.504 [main] INFO Env - @{1 UNLOCKED}
inp.1 << 19:07:01.505 [main] INFO Env - @{1 SEND 4} Message(Share)
inp.4 << 19:07:01.507 [main] INFO Env - @{4 RCVD 1} Message(Share)
inp.4 << 19:07:01.507 [main] INFO Env - @{4 LOCKED}
out.4 >> unlock
inp.4 << 19:07:01.509 [main] INFO Env - @{4 UNLOCKED}
out.1 >> ping
out.2 >> ping
out.3 >> ping
out.4 >> ping
out.5 >> ping
inp.5 << 19:07:01.512 [main] INFO Env - @{5 PONG}
inp.1 << 19:07:01.512 [main] INFO Env - @{1 PONG}
inp.3 << 19:07:01.512 [main] INFO Env - @{3 PONG}
inp.4 << 19:07:01.512 [main] INFO Env - @{4 PONG}
inp.2 << 19:07:01.517 [main] INFO Env - @{2 PONG}
out.4 >> lock
out.1 >> lock
inp.4 << 19:07:01.518 [main] INFO Env - @{4 LOCKED}
out.4 >> unlock
inp.1 << 19:07:01.518 [main] INFO Env - @{1 SEND 4} Message(Ask)
inp.4 << 19:07:01.518 [main] INFO Env - @{4 UNLOCKED}
inp.4 << 19:07:01.518 [main] INFO Env - @{4 RCVD 1} Message(Ask)
inp.4 << 19:07:01.518 [main] INFO Env - @{4 SEND 1} Message(Share)
inp.1 << 19:07:01.518 [main] INFO Env - @{1 RCVD 4} Message(Share)
inp.1 << 19:07:01.519 [main] INFO Env - @{1 LOCKED}
out.1 >> unlock
inp.1 << 19:07:01.519 [main] INFO Env - @{1 UNLOCKED}
out.1 >> ping
out.2 >> ping
out.3 >> ping
out.4 >> ping
out.5 >> ping
inp.5 << 19:07:01.520 [main] INFO Env - @{5 PONG}
inp.3 << 19:07:01.521 [main] INFO Env - @{3 PONG}
inp.1 << 19:07:01.521 [main] INFO Env - @{1 PONG}
inp.4 << 19:07:01.521 [main] INFO Env - @{4 PONG}
inp.2 << 19:07:01.523 [main] INFO Env - @{2 PONG}
out.1 >> ping
out.2 >> ping
out.3 >> ping
out.4 >> ping
out.5 >> ping
inp.5 << 19:07:01.524 [main] INFO Env - @{5 PONG}
inp.1 << 19:07:01.525 [main] INFO Env - @{1 PONG}
inp.3 << 19:07:01.525 [main] INFO Env - @{3 PONG}
inp.4 << 19:07:01.525 [main] INFO Env - @{4 PONG}
inp.2 << 19:07:01.527 [main] INFO Env - @{2 PONG}
out.1 >> lock
inp.1 << 19:07:01.527 [main] INFO Env - @{1 LOCKED}
out.1 >> unlock
inp.1 << 19:07:01.528 [main] INFO Env - @{1 UNLOCKED}
out.1 >> ping
out.2 >> ping
out.3 >> ping
out.4 >> ping
out.5 >> ping
inp.5 << 19:07:01.528 [main] INFO Env - @{5 PONG}
inp.1 << 19:07:01.529 [main] INFO Env - @{1 PONG}
inp.3 << 19:07:01.529 [main] INFO Env - @{3 PONG}
inp.4 << 19:07:01.529 [main] INFO Env - @{4 PONG}
inp.2 << 19:07:01.529 [main] INFO Env - @{2 PONG}
out.2 >> lock
inp.2 << 19:07:01.530 [main] INFO Env - @{2 SEND 1} Message(Ask)
inp.1 << 19:07:01.530 [main] INFO Env - @{1 RCVD 2} Message(Ask)
inp.2 << 19:07:01.530 [main] INFO Env - @{2 SEND 3} Message(Ask)
inp.1 << 19:07:01.530 [main] INFO Env - @{1 SEND 2} Message(Share)
inp.3 << 19:07:01.531 [main] INFO Env - @{3 RCVD 2} Message(Ask)
inp.3 << 19:07:01.531 [main] INFO Env - @{3 SEND 2} Message(Share)
inp.2 << 19:07:01.531 [main] INFO Env - @{2 SEND 4} Message(Ask)
inp.2 << 19:07:01.531 [main] INFO Env - @{2 RCVD 1} Message(Share)
inp.2 << 19:07:01.531 [main] INFO Env - @{2 RCVD 3} Message(Share)
inp.4 << 19:07:01.531 [main] INFO Env - @{4 RCVD 2} Message(Ask)
inp.4 << 19:07:01.531 [main] INFO Env - @{4 SEND 2} Message(Share)
inp.2 << 19:07:01.532 [main] INFO Env - @{2 RCVD 4} Message(Share)
inp.2 << 19:07:01.532 [main] INFO Env - @{2 LOCKED}
out.2 >> unlock
inp.2 << 19:07:01.532 [main] INFO Env - @{2 UNLOCKED}
out.1 >> ping
out.2 >> ping
out.3 >> ping
out.4 >> ping
out.5 >> ping
inp.5 << 19:07:01.533 [main] INFO Env - @{5 PONG}
inp.3 << 19:07:01.533 [main] INFO Env - @{3 PONG}
inp.1 << 19:07:01.533 [main] INFO Env - @{1 PONG}
inp.4 << 19:07:01.533 [main] INFO Env - @{4 PONG}
inp.2 << 19:07:01.534 [main] INFO Env - @{2 PONG}
out.3 >> lock
inp.3 << 19:07:01.534 [main] INFO Env - @{3 SEND 1} Message(Ask)
inp.3 << 19:07:01.535 [main] INFO Env - @{3 SEND 2} Message(Ask)
inp.3 << 19:07:01.535 [main] INFO Env - @{3 SEND 4} Message(Ask)
inp.1 << 19:07:01.535 [main] INFO Env - @{1 RCVD 3} Message(Ask)
inp.1 << 19:07:01.535 [main] INFO Env - @{1 SEND 3} Message(Share)
inp.3 << 19:07:01.536 [main] INFO Env - @{3 RCVD 1} Message(Share)
inp.4 << 19:07:01.536 [main] INFO Env - @{4 RCVD 3} Message(Ask)
inp.4 << 19:07:01.536 [main] INFO Env - @{4 SEND 3} Message(Share)
inp.3 << 19:07:01.536 [main] INFO Env - @{3 RCVD 4} Message(Share)
inp.2 << 19:07:01.536 [main] INFO Env - @{2 RCVD 3} Message(Ask)
inp.2 << 19:07:01.537 [main] INFO Env - @{2 SEND 3} Message(Share)
inp.3 << 19:07:01.537 [main] INFO Env - @{3 RCVD 2} Message(Share)
inp.3 << 19:07:01.537 [main] INFO Env - @{3 LOCKED}
out.3 >> unlock
inp.3 << 19:07:01.537 [main] INFO Env - @{3 UNLOCKED}
out.1 >> ping
out.2 >> ping
out.3 >> ping
out.4 >> ping
out.5 >> ping
inp.5 << 19:07:01.538 [main] INFO Env - @{5 PONG}
inp.1 << 19:07:01.538 [main] INFO Env - @{1 PONG}
inp.3 << 19:07:01.538 [main] INFO Env - @{3 PONG}
inp.4 << 19:07:01.539 [main] INFO Env - @{4 PONG}
inp.2 << 19:07:01.539 [main] INFO Env - @{2 PONG}
out.4 >> lock
inp.4 << 19:07:01.540 [main] INFO Env - @{4 SEND 1} Message(Ask)
inp.4 << 19:07:01.540 [main] INFO Env - @{4 SEND 2} Message(Ask)
inp.4 << 19:07:01.540 [main] INFO Env - @{4 SEND 3} Message(Ask)
inp.1 << 19:07:01.540 [main] INFO Env - @{1 RCVD 4} Message(Ask)
inp.3 << 19:07:01.540 [main] INFO Env - @{3 RCVD 4} Message(Ask)
inp.1 << 19:07:01.540 [main] INFO Env - @{1 SEND 4} Message(Share)
inp.3 << 19:07:01.540 [main] INFO Env - @{3 SEND 4} Message(Share)
inp.4 << 19:07:01.540 [main] INFO Env - @{4 RCVD 1} Message(Share)
inp.4 << 19:07:01.541 [main] INFO Env - @{4 RCVD 3} Message(Share)
inp.2 << 19:07:01.541 [main] INFO Env - @{2 RCVD 4} Message(Ask)
inp.2 << 19:07:01.541 [main] INFO Env - @{2 SEND 4} Message(Share)
inp.4 << 19:07:01.541 [main] INFO Env - @{4 RCVD 2} Message(Share)
inp.4 << 19:07:01.541 [main] INFO Env - @{4 LOCKED}
out.4 >> unlock
inp.4 << 19:07:01.541 [main] INFO Env - @{4 UNLOCKED}
out.1 >> ping
out.2 >> ping
out.3 >> ping
out.4 >> ping
out.5 >> ping
inp.4 << 19:07:01.542 [main] INFO Env - @{4 PONG}
inp.1 << 19:07:01.542 [main] INFO Env - @{1 PONG}
inp.5 << 19:07:01.542 [main] INFO Env - @{5 PONG}
inp.3 << 19:07:01.542 [main] INFO Env - @{3 PONG}
inp.2 << 19:07:01.542 [main] INFO Env - @{2 PONG}
out.5 >> lock
inp.5 << 19:07:01.543 [main] INFO Env - @{5 SEND 1} Message(Ask)
inp.5 << 19:07:01.543 [main] INFO Env - @{5 SEND 2} Message(Ask)
inp.5 << 19:07:01.543 [main] INFO Env - @{5 SEND 3} Message(Ask)
inp.5 << 19:07:01.543 [main] INFO Env - @{5 SEND 4} Message(Ask)
inp.1 << 19:07:01.544 [main] INFO Env - @{1 RCVD 5} Message(Ask)
inp.1 << 19:07:01.544 [main] INFO Env - @{1 SEND 5} Message(Share)
inp.3 << 19:07:01.544 [main] INFO Env - @{3 RCVD 5} Message(Ask)
inp.3 << 19:07:01.544 [main] INFO Env - @{3 SEND 5} Message(Share)
inp.5 << 19:07:01.544 [main] INFO Env - @{5 RCVD 1} Message(Share)
inp.4 << 19:07:01.544 [main] INFO Env - @{4 RCVD 5} Message(Ask)
inp.5 << 19:07:01.544 [main] INFO Env - @{5 RCVD 3} Message(Share)
inp.4 << 19:07:01.544 [main] INFO Env - @{4 SEND 5} Message(Share)
inp.5 << 19:07:01.544 [main] INFO Env - @{5 RCVD 4} Message(Share)
inp.2 << 19:07:01.544 [main] INFO Env - @{2 RCVD 5} Message(Ask)
inp.2 << 19:07:01.545 [main] INFO Env - @{2 SEND 5} Message(Share)
inp.5 << 19:07:01.545 [main] INFO Env - @{5 RCVD 2} Message(Share)
inp.5 << 19:07:01.545 [main] INFO Env - @{5 LOCKED}
out.5 >> unlock
inp.5 << 19:07:01.545 [main] INFO Env - @{5 UNLOCKED}
out.1 >> ping
out.2 >> ping
out.3 >> ping
out.4 >> ping
out.5 >> ping
inp.5 << 19:07:01.546 [main] INFO Env - @{5 PONG}
inp.1 << 19:07:01.546 [main] INFO Env - @{1 PONG}
inp.4 << 19:07:01.547 [main] INFO Env - @{4 PONG}
inp.3 << 19:07:01.547 [main] INFO Env - @{3 PONG}
inp.2 << 19:07:01.547 [main] INFO Env - @{2 PONG}
out.4 >> lock
out.5 >> lock
out.1 >> lock
out.3 >> lock
out.2 >> lock
inp.5 << 19:07:01.549 [main] INFO Env - @{5 LOCKED}
out.5 >> unlock
inp.5 << 19:07:01.549 [main] INFO Env - @{5 UNLOCKED}
inp.4 << 19:07:01.549 [main] INFO Env - @{4 SEND 5} Message(Ask)
inp.5 << 19:07:01.550 [main] INFO Env - @{5 RCVD 4} Message(Ask)
inp.1 << 19:07:01.550 [main] INFO Env - @{1 SEND 2} Message(Ask)
inp.5 << 19:07:01.550 [main] INFO Env - @{5 SEND 4} Message(Share)
inp.1 << 19:07:01.550 [main] INFO Env - @{1 SEND 3} Message(Ask)
inp.1 << 19:07:01.550 [main] INFO Env - @{1 SEND 4} Message(Ask)
inp.1 << 19:07:01.550 [main] INFO Env - @{1 SEND 5} Message(Ask)
inp.4 << 19:07:01.550 [main] INFO Env - @{4 RCVD 5} Message(Share)
inp.5 << 19:07:01.550 [main] INFO Env - @{5 RCVD 1} Message(Ask)
inp.5 << 19:07:01.550 [main] INFO Env - @{5 SEND 1} Message(Share)
inp.4 << 19:07:01.551 [main] INFO Env - @{4 LOCKED}
inp.1 << 19:07:01.551 [main] INFO Env - @{1 RCVD 5} Message(Share)
inp.4 << 19:07:01.551 [main] INFO Env - @{4 RCVD 1} Message(Ask)
inp.4 << 19:07:01.551 [main] INFO Env - @{4 RCVD 3} Message(Ask)
out.4 >> unlock
inp.5 << 19:07:01.551 [main] INFO Env - @{5 RCVD 3} Message(Ask)
inp.3 << 19:07:01.550 [main] INFO Env - @{3 SEND 4} Message(Ask)
inp.5 << 19:07:01.551 [main] INFO Env - @{5 SEND 3} Message(Share)
inp.3 << 19:07:01.551 [main] INFO Env - @{3 SEND 5} Message(Ask)
inp.3 << 19:07:01.551 [main] INFO Env - @{3 RCVD 1} Message(Ask)
inp.3 << 19:07:01.551 [main] INFO Env - @{3 SEND 1} Message(Share)
inp.3 << 19:07:01.551 [main] INFO Env - @{3 SEND 1} Message(Ask)
inp.4 << 19:07:01.551 [main] INFO Env - @{4 UNLOCKED}
inp.4 << 19:07:01.551 [main] INFO Env - @{4 SEND 1} Message(Share)
inp.1 << 19:07:01.551 [main] INFO Env - @{1 RCVD 3} Message(Share)
inp.3 << 19:07:01.552 [main] INFO Env - @{3 RCVD 5} Message(Share)
inp.1 << 19:07:01.552 [main] INFO Env - @{1 RCVD 3} Message(Ask)
inp.4 << 19:07:01.552 [main] INFO Env - @{4 SEND 3} Message(Share)
inp.1 << 19:07:01.552 [main] INFO Env - @{1 RCVD 4} Message(Share)
inp.3 << 19:07:01.552 [main] INFO Env - @{3 RCVD 4} Message(Share)
inp.2 << 19:07:01.552 [main] INFO Env - @{2 SEND 3} Message(Ask)
inp.3 << 19:07:01.552 [main] INFO Env - @{3 RCVD 2} Message(Ask)
inp.3 << 19:07:01.553 [main] INFO Env - @{3 SEND 2} Message(Share)
inp.3 << 19:07:01.553 [main] INFO Env - @{3 SEND 2} Message(Ask)
inp.2 << 19:07:01.553 [main] INFO Env - @{2 SEND 4} Message(Ask)
inp.4 << 19:07:01.553 [main] INFO Env - @{4 RCVD 2} Message(Ask)
inp.4 << 19:07:01.553 [main] INFO Env - @{4 SEND 2} Message(Share)
inp.2 << 19:07:01.553 [main] INFO Env - @{2 SEND 5} Message(Ask)
inp.2 << 19:07:01.554 [main] INFO Env - @{2 RCVD 1} Message(Ask)
inp.5 << 19:07:01.554 [main] INFO Env - @{5 RCVD 2} Message(Ask)
inp.2 << 19:07:01.554 [main] INFO Env - @{2 SEND 1} Message(Share)
inp.2 << 19:07:01.554 [main] INFO Env - @{2 SEND 1} Message(Ask)
inp.5 << 19:07:01.554 [main] INFO Env - @{5 SEND 2} Message(Share)
inp.1 << 19:07:01.554 [main] INFO Env - @{1 RCVD 2} Message(Share)
inp.1 << 19:07:01.554 [main] INFO Env - @{1 LOCKED}
inp.1 << 19:07:01.554 [main] INFO Env - @{1 RCVD 2} Message(Ask)
out.1 >> unlock
inp.2 << 19:07:01.554 [main] INFO Env - @{2 RCVD 3} Message(Share)
inp.2 << 19:07:01.555 [main] INFO Env - @{2 RCVD 3} Message(Ask)
inp.2 << 19:07:01.555 [main] INFO Env - @{2 RCVD 4} Message(Share)
inp.2 << 19:07:01.555 [main] INFO Env - @{2 RCVD 5} Message(Share)
inp.1 << 19:07:01.555 [main] INFO Env - @{1 UNLOCKED}
inp.1 << 19:07:01.555 [main] INFO Env - @{1 SEND 2} Message(Share)
inp.1 << 19:07:01.555 [main] INFO Env - @{1 SEND 3} Message(Share)
inp.2 << 19:07:01.555 [main] INFO Env - @{2 RCVD 1} Message(Share)
inp.2 << 19:07:01.555 [main] INFO Env - @{2 LOCKED}
out.2 >> unlock
inp.3 << 19:07:01.555 [main] INFO Env - @{3 RCVD 1} Message(Share)
inp.2 << 19:07:01.556 [main] INFO Env - @{2 UNLOCKED}
inp.2 << 19:07:01.556 [main] INFO Env - @{2 SEND 3} Message(Share)
inp.3 << 19:07:01.556 [main] INFO Env - @{3 RCVD 2} Message(Share)
inp.3 << 19:07:01.556 [main] INFO Env - @{3 LOCKED}
out.3 >> unlock
inp.3 << 19:07:01.557 [main] INFO Env - @{3 UNLOCKED}
out.1 >> ping
out.2 >> ping
out.3 >> ping
out.4 >> ping
out.5 >> ping
inp.5 << 19:07:01.558 [main] INFO Env - @{5 PONG}
inp.1 << 19:07:01.558 [main] INFO Env - @{1 PONG}
inp.3 << 19:07:01.558 [main] INFO Env - @{3 PONG}
inp.4 << 19:07:01.558 [main] INFO Env - @{4 PONG}
inp.2 << 19:07:01.558 [main] INFO Env - @{2 PONG}
out.4 >> lock
inp.4 << 19:07:01.559 [main] INFO Env - @{4 SEND 1} Message(Ask)
inp.4 << 19:07:01.559 [main] INFO Env - @{4 SEND 2} Message(Ask)
inp.4 << 19:07:01.559 [main] INFO Env - @{4 SEND 3} Message(Ask)
inp.3 << 19:07:01.559 [main] INFO Env - @{3 RCVD 4} Message(Ask)
inp.1 << 19:07:01.559 [main] INFO Env - @{1 RCVD 4} Message(Ask)
inp.3 << 19:07:01.559 [main] INFO Env - @{3 SEND 4} Message(Share)
inp.1 << 19:07:01.559 [main] INFO Env - @{1 SEND 4} Message(Share)
inp.2 << 19:07:01.559 [main] INFO Env - @{2 RCVD 4} Message(Ask)
inp.4 << 19:07:01.560 [main] INFO Env - @{4 RCVD 3} Message(Share)
inp.4 << 19:07:01.560 [main] INFO Env - @{4 RCVD 1} Message(Share)
inp.2 << 19:07:01.560 [main] INFO Env - @{2 SEND 4} Message(Share)
inp.4 << 19:07:01.560 [main] INFO Env - @{4 RCVD 2} Message(Share)
inp.4 << 19:07:01.560 [main] INFO Env - @{4 LOCKED}
out.4 >> unlock
inp.4 << 19:07:01.560 [main] INFO Env - @{4 UNLOCKED}
out.1 >> ping
out.2 >> ping
out.3 >> ping
out.4 >> ping
out.5 >> ping
inp.1 << 19:07:01.561 [main] INFO Env - @{1 PONG}
inp.5 << 19:07:01.561 [main] INFO Env - @{5 PONG}
inp.4 << 19:07:01.561 [main] INFO Env - @{4 PONG}
inp.3 << 19:07:01.561 [main] INFO Env - @{3 PONG}
inp.2 << 19:07:01.561 [main] INFO Env - @{2 PONG}
out.4 >> lock
inp.4 << 19:07:01.561 [main] INFO Env - @{4 LOCKED}
out.4 >> unlock
inp.4 << 19:07:01.562 [main] INFO Env - @{4 UNLOCKED}
out.1 >> ping
out.2 >> ping
out.3 >> ping
out.4 >> ping
out.5 >> ping
inp.5 << 19:07:01.562 [main] INFO Env - @{5 PONG}
inp.1 << 19:07:01.562 [main] INFO Env - @{1 PONG}
inp.3 << 19:07:01.563 [main] INFO Env - @{3 PONG}
inp.4 << 19:07:01.563 [main] INFO Env - @{4 PONG}
inp.2 << 19:07:01.563 [main] INFO Env - @{2 PONG}
out.4 >> lock
inp.4 << 19:07:01.563 [main] INFO Env - @{4 LOCKED}
out.4 >> unlock
inp.4 << 19:07:01.563 [main] INFO Env - @{4 UNLOCKED}
out.1 >> ping
out.2 >> ping
out.3 >> ping
out.4 >> ping
out.5 >> ping
inp.5 << 19:07:01.564 [main] INFO Env - @{5 PONG}
inp.1 << 19:07:01.564 [main] INFO Env - @{1 PONG}
inp.3 << 19:07:01.565 [main] INFO Env - @{3 PONG}
inp.4 << 19:07:01.565 [main] INFO Env - @{4 PONG}
inp.2 << 19:07:01.566 [main] INFO Env - @{2 PONG}
out.4 >> lock
out.2 >> lock
inp.4 << 19:07:01.567 [main] INFO Env - @{4 LOCKED}
out.4 >> unlock
inp.4 << 19:07:01.567 [main] INFO Env - @{4 UNLOCKED}
inp.2 << 19:07:01.567 [main] INFO Env - @{2 SEND 3} Message(Ask)
inp.3 << 19:07:01.567 [main] INFO Env - @{3 RCVD 2} Message(Ask)
inp.3 << 19:07:01.568 [main] INFO Env - @{3 SEND 2} Message(Share)
inp.2 << 19:07:01.568 [main] INFO Env - @{2 SEND 4} Message(Ask)
inp.4 << 19:07:01.568 [main] INFO Env - @{4 RCVD 2} Message(Ask)
inp.4 << 19:07:01.568 [main] INFO Env - @{4 SEND 2} Message(Share)
inp.2 << 19:07:01.568 [main] INFO Env - @{2 RCVD 3} Message(Share)
inp.2 << 19:07:01.568 [main] INFO Env - @{2 RCVD 4} Message(Share)
inp.2 << 19:07:01.568 [main] INFO Env - @{2 LOCKED}
out.2 >> unlock
inp.2 << 19:07:01.568 [main] INFO Env - @{2 UNLOCKED}
out.1 >> ping
out.2 >> ping
out.3 >> ping
out.4 >> ping
out.5 >> ping
inp.5 << 19:07:01.569 [main] INFO Env - @{5 PONG}
inp.1 << 19:07:01.570 [main] INFO Env - @{1 PONG}
inp.3 << 19:07:01.570 [main] INFO Env - @{3 PONG}
inp.4 << 19:07:01.570 [main] INFO Env - @{4 PONG}
inp.2 << 19:07:01.571 [main] INFO Env - @{2 PONG}
out.4 >> lock
out.2 >> lock
inp.2 << 19:07:01.571 [main] INFO Env - @{2 LOCKED}
inp.4 << 19:07:01.571 [main] INFO Env - @{4 SEND 2} Message(Ask)
out.2 >> unlock
inp.2 << 19:07:01.572 [main] INFO Env - @{2 RCVD 4} Message(Ask)
inp.2 << 19:07:01.572 [main] INFO Env - @{2 UNLOCKED}
inp.2 << 19:07:01.572 [main] INFO Env - @{2 SEND 4} Message(Share)
inp.4 << 19:07:01.572 [main] INFO Env - @{4 RCVD 2} Message(Share)
inp.4 << 19:07:01.572 [main] INFO Env - @{4 LOCKED}
out.4 >> unlock
inp.4 << 19:07:01.573 [main] INFO Env - @{4 UNLOCKED}
out.1 >> ping
out.2 >> ping
out.3 >> ping
out.4 >> ping
out.5 >> ping
inp.5 << 19:07:01.573 [main] INFO Env - @{5 PONG}
inp.1 << 19:07:01.574 [main] INFO Env - @{1 PONG}
inp.3 << 19:07:01.574 [main] INFO Env - @{3 PONG}
inp.4 << 19:07:01.574 [main] INFO Env - @{4 PONG}
inp.2 << 19:07:01.575 [main] INFO Env - @{2 PONG}
out.4 >> lock
out.2 >> lock
inp.4 << 19:07:01.575 [main] INFO Env - @{4 LOCKED}
out.4 >> unlock
inp.4 << 19:07:01.576 [main] INFO Env - @{4 UNLOCKED}
inp.2 << 19:07:01.576 [main] INFO Env - @{2 SEND 4} Message(Ask)
inp.4 << 19:07:01.576 [main] INFO Env - @{4 RCVD 2} Message(Ask)
inp.4 << 19:07:01.576 [main] INFO Env - @{4 SEND 2} Message(Share)
inp.2 << 19:07:01.576 [main] INFO Env - @{2 RCVD 4} Message(Share)
inp.2 << 19:07:01.576 [main] INFO Env - @{2 LOCKED}
out.2 >> unlock
inp.2 << 19:07:01.577 [main] INFO Env - @{2 UNLOCKED}
out.1 >> ping
out.2 >> ping
out.3 >> ping
out.4 >> ping
out.5 >> ping
inp.5 << 19:07:01.577 [main] INFO Env - @{5 PONG}
inp.1 << 19:07:01.578 [main] INFO Env - @{1 PONG}
inp.3 << 19:07:01.578 [main] INFO Env - @{3 PONG}
inp.4 << 19:07:01.578 [main] INFO Env - @{4 PONG}
inp.2 << 19:07:01.578 [main] INFO Env - @{2 PONG}
out.1 >> ping
out.2 >> ping
out.3 >> ping
out.4 >> ping
out.5 >> ping
inp.5 << 19:07:01.579 [main] INFO Env - @{5 PONG}
inp.1 << 19:07:01.579 [main] INFO Env - @{1 PONG}
inp.4 << 19:07:01.579 [main] INFO Env - @{4 PONG}
inp.2 << 19:07:01.579 [main] INFO Env - @{2 PONG}
inp.3 << 19:07:01.580 [main] INFO Env - @{3 PONG}
out.1 >> lock
inp.1 << 19:07:01.581 [main] INFO Env - @{1 SEND 2} Message(Ask)
inp.1 << 19:07:01.582 [main] INFO Env - @{1 SEND 3} Message(Ask)
inp.1 << 19:07:01.582 [main] INFO Env - @{1 SEND 4} Message(Ask)
inp.3 << 19:07:01.582 [main] INFO Env - @{3 RCVD 1} Message(Ask)
inp.2 << 19:07:01.582 [main] INFO Env - @{2 RCVD 1} Message(Ask)
inp.4 << 19:07:01.582 [main] INFO Env - @{4 RCVD 1} Message(Ask)
inp.3 << 19:07:01.582 [main] INFO Env - @{3 SEND 1} Message(Share)
inp.4 << 19:07:01.582 [main] INFO Env - @{4 SEND 1} Message(Share)
inp.2 << 19:07:01.582 [main] INFO Env - @{2 SEND 1} Message(Share)
inp.1 << 19:07:01.583 [main] INFO Env - @{1 RCVD 3} Message(Share)
inp.1 << 19:07:01.583 [main] INFO Env - @{1 RCVD 4} Message(Share)
inp.1 << 19:07:01.583 [main] INFO Env - @{1 RCVD 2} Message(Share)
inp.1 << 19:07:01.583 [main] INFO Env - @{1 LOCKED}
out.1 >> unlock
inp.1 << 19:07:01.583 [main] INFO Env - @{1 UNLOCKED}
out.1 >> ping
out.2 >> ping
out.3 >> ping
out.4 >> ping
out.5 >> ping
inp.5 << 19:07:01.584 [main] INFO Env - @{5 PONG}
inp.1 << 19:07:01.584 [main] INFO Env - @{1 PONG}
inp.3 << 19:07:01.584 [main] INFO Env - @{3 PONG}
inp.4 << 19:07:01.584 [main] INFO Env - @{4 PONG}
inp.2 << 19:07:01.585 [main] INFO Env - @{2 PONG}
out.2 >> lock
inp.2 << 19:07:01.585 [main] INFO Env - @{2 SEND 1} Message(Ask)
inp.1 << 19:07:01.585 [main] INFO Env - @{1 RCVD 2} Message(Ask)
inp.1 << 19:07:01.586 [main] INFO Env - @{1 SEND 2} Message(Share)
inp.2 << 19:07:01.586 [main] INFO Env - @{2 RCVD 1} Message(Share)
inp.2 << 19:07:01.586 [main] INFO Env - @{2 LOCKED}
out.2 >> unlock
inp.2 << 19:07:01.586 [main] INFO Env - @{2 UNLOCKED}
out.1 >> ping
out.2 >> ping
out.3 >> ping
out.4 >> ping
out.5 >> ping
inp.5 << 19:07:01.587 [main] INFO Env - @{5 PONG}
inp.4 << 19:07:01.587 [main] INFO Env - @{4 PONG}
inp.3 << 19:07:01.587 [main] INFO Env - @{3 PONG}
inp.1 << 19:07:01.587 [main] INFO Env - @{1 PONG}
inp.2 << 19:07:01.587 [main] INFO Env - @{2 PONG}
out.3 >> lock
inp.3 << 19:07:01.588 [main] INFO Env - @{3 SEND 1} Message(Ask)
inp.3 << 19:07:01.588 [main] INFO Env - @{3 SEND 2} Message(Ask)
inp.3 << 19:07:01.588 [main] INFO Env - @{3 SEND 4} Message(Ask)
inp.1 << 19:07:01.588 [main] INFO Env - @{1 RCVD 3} Message(Ask)
inp.4 << 19:07:01.589 [main] INFO Env - @{4 RCVD 3} Message(Ask)
inp.1 << 19:07:01.589 [main] INFO Env - @{1 SEND 3} Message(Share)
inp.3 << 19:07:01.589 [main] INFO Env - @{3 RCVD 1} Message(Share)
inp.4 << 19:07:01.589 [main] INFO Env - @{4 SEND 3} Message(Share)
inp.3 << 19:07:01.589 [main] INFO Env - @{3 RCVD 4} Message(Share)
inp.2 << 19:07:01.589 [main] INFO Env - @{2 RCVD 3} Message(Ask)
inp.2 << 19:07:01.589 [main] INFO Env - @{2 SEND 3} Message(Share)
inp.3 << 19:07:01.590 [main] INFO Env - @{3 RCVD 2} Message(Share)
inp.3 << 19:07:01.590 [main] INFO Env - @{3 LOCKED}
out.3 >> unlock
inp.3 << 19:07:01.590 [main] INFO Env - @{3 UNLOCKED}
out.1 >> ping
out.2 >> ping
out.3 >> ping
out.4 >> ping
out.5 >> ping
inp.5 << 19:07:01.591 [main] INFO Env - @{5 PONG}
inp.3 << 19:07:01.591 [main] INFO Env - @{3 PONG}
inp.1 << 19:07:01.592 [main] INFO Env - @{1 PONG}
inp.2 << 19:07:01.592 [main] INFO Env - @{2 PONG}
inp.4 << 19:07:01.592 [main] INFO Env - @{4 PONG}
out.4 >> lock
inp.4 << 19:07:01.592 [main] INFO Env - @{4 SEND 1} Message(Ask)
inp.4 << 19:07:01.592 [main] INFO Env - @{4 SEND 2} Message(Ask)
inp.1 << 19:07:01.593 [main] INFO Env - @{1 RCVD 4} Message(Ask)
inp.1 << 19:07:01.593 [main] INFO Env - @{1 SEND 4} Message(Share)
inp.4 << 19:07:01.593 [main] INFO Env - @{4 SEND 3} Message(Ask)
inp.4 << 19:07:01.593 [main] INFO Env - @{4 RCVD 1} Message(Share)
inp.3 << 19:07:01.593 [main] INFO Env - @{3 RCVD 4} Message(Ask)
inp.3 << 19:07:01.593 [main] INFO Env - @{3 SEND 4} Message(Share)
inp.2 << 19:07:01.593 [main] INFO Env - @{2 RCVD 4} Message(Ask)
inp.2 << 19:07:01.593 [main] INFO Env - @{2 SEND 4} Message(Share)
inp.4 << 19:07:01.594 [main] INFO Env - @{4 RCVD 3} Message(Share)
inp.4 << 19:07:01.594 [main] INFO Env - @{4 RCVD 2} Message(Share)
inp.4 << 19:07:01.594 [main] INFO Env - @{4 LOCKED}
out.4 >> unlock
inp.4 << 19:07:01.594 [main] INFO Env - @{4 UNLOCKED}
out.1 >> ping
out.2 >> ping
out.3 >> ping
out.4 >> ping
out.5 >> ping
inp.5 << 19:07:01.595 [main] INFO Env - @{5 PONG}
inp.3 << 19:07:01.595 [main] INFO Env - @{3 PONG}
inp.1 << 19:07:01.596 [main] INFO Env - @{1 PONG}
inp.2 << 19:07:01.596 [main] INFO Env - @{2 PONG}
inp.4 << 19:07:01.597 [main] INFO Env - @{4 PONG}
out.5 >> lock
inp.5 << 19:07:01.599 [main] INFO Env - @{5 SEND 1} Message(Ask)
inp.5 << 19:07:01.600 [main] INFO Env - @{5 SEND 2} Message(Ask)
inp.5 << 19:07:01.601 [main] INFO Env - @{5 SEND 3} Message(Ask)
inp.5 << 19:07:01.601 [main] INFO Env - @{5 SEND 4} Message(Ask)
inp.1 << 19:07:01.600 [main] INFO Env - @{1 RCVD 5} Message(Ask)
inp.2 << 19:07:01.601 [main] INFO Env - @{2 RCVD 5} Message(Ask)
inp.5 << 19:07:01.604 [main] INFO Env - @{5 RCVD 1} Message(Share)
inp.5 << 19:07:01.605 [main] INFO Env - @{5 RCVD 2} Message(Share)
inp.5 << 19:07:01.606 [main] INFO Env - @{5 RCVD 3} Message(Share)
inp.4 << 19:07:01.605 [main] INFO Env - @{4 RCVD 5} Message(Ask)
inp.4 << 19:07:01.606 [main] INFO Env - @{4 SEND 5} Message(Share)
inp.5 << 19:07:01.607 [main] INFO Env - @{5 RCVD 4} Message(Share)
inp.5 << 19:07:01.608 [main] INFO Env - @{5 LOCKED}
inp.3 << 19:07:01.602 [main] INFO Env - @{3 RCVD 5} Message(Ask)
inp.1 << 19:07:01.602 [main] INFO Env - @{1 SEND 5} Message(Share)
inp.2 << 19:07:01.603 [main] INFO Env - @{2 SEND 5} Message(Share)
inp.3 << 19:07:01.604 [main] INFO Env - @{3 SEND 5} Message(Share)
out.5 >> unlock
inp.5 << 19:07:01.610 [main] INFO Env - @{5 UNLOCKED}
out.1 >> ping
out.2 >> ping
out.3 >> ping
out.4 >> ping
out.5 >> ping
inp.5 << 19:07:01.612 [main] INFO Env - @{5 PONG}
inp.3 << 19:07:01.612 [main] INFO Env - @{3 PONG}
inp.1 << 19:07:01.613 [main] INFO Env - @{1 PONG}
inp.4 << 19:07:01.613 [main] INFO Env - @{4 PONG}
inp.2 << 19:07:01.613 [main] INFO Env - @{2 PONG}
out.2 >> lock
out.3 >> lock
out.4 >> lock
out.5 >> lock
out.1 >> lock
inp.5 << 19:07:01.614 [main] INFO Env - @{5 LOCKED}
out.5 >> unlock
inp.5 << 19:07:01.614 [main] INFO Env - @{5 UNLOCKED}
inp.3 << 19:07:01.614 [main] INFO Env - @{3 SEND 4} Message(Ask)
inp.3 << 19:07:01.615 [main] INFO Env - @{3 SEND 5} Message(Ask)
inp.1 << 19:07:01.615 [main] INFO Env - @{1 SEND 2} Message(Ask)
inp.2 << 19:07:01.615 [main] INFO Env - @{2 SEND 3} Message(Ask)
inp.5 << 19:07:01.615 [main] INFO Env - @{5 RCVD 3} Message(Ask)
inp.1 << 19:07:01.615 [main] INFO Env - @{1 SEND 3} Message(Ask)
inp.1 << 19:07:01.615 [main] INFO Env - @{1 SEND 4} Message(Ask)
inp.5 << 19:07:01.615 [main] INFO Env - @{5 SEND 3} Message(Share)
inp.3 << 19:07:01.615 [main] INFO Env - @{3 RCVD 1} Message(Ask)
inp.1 << 19:07:01.615 [main] INFO Env - @{1 SEND 5} Message(Ask)
inp.3 << 19:07:01.615 [main] INFO Env - @{3 SEND 1} Message(Share)
inp.2 << 19:07:01.615 [main] INFO Env - @{2 SEND 4} Message(Ask)
inp.5 << 19:07:01.615 [main] INFO Env - @{5 RCVD 1} Message(Ask)
inp.5 << 19:07:01.615 [main] INFO Env - @{5 SEND 1} Message(Share)
inp.3 << 19:07:01.615 [main] INFO Env - @{3 SEND 1} Message(Ask)
inp.3 << 19:07:01.615 [main] INFO Env - @{3 RCVD 5} Message(Share)
inp.3 << 19:07:01.615 [main] INFO Env - @{3 RCVD 2} Message(Ask)
inp.3 << 19:07:01.616 [main] INFO Env - @{3 SEND 2} Message(Share)
inp.3 << 19:07:01.616 [main] INFO Env - @{3 SEND 2} Message(Ask)
inp.2 << 19:07:01.616 [main] INFO Env - @{2 SEND 5} Message(Ask)
inp.2 << 19:07:01.616 [main] INFO Env - @{2 RCVD 1} Message(Ask)
inp.1 << 19:07:01.616 [main] INFO Env - @{1 RCVD 3} Message(Share)
inp.1 << 19:07:01.616 [main] INFO Env - @{1 RCVD 3} Message(Ask)
inp.2 << 19:07:01.616 [main] INFO Env - @{2 SEND 1} Message(Share)
inp.2 << 19:07:01.616 [main] INFO Env - @{2 SEND 1} Message(Ask)
inp.2 << 19:07:01.616 [main] INFO Env - @{2 RCVD 3} Message(Share)
inp.2 << 19:07:01.616 [main] INFO Env - @{2 RCVD 3} Message(Ask)
inp.1 << 19:07:01.616 [main] INFO Env - @{1 RCVD 5} Message(Share)
inp.1 << 19:07:01.616 [main] INFO Env - @{1 RCVD 2} Message(Share)
inp.1 << 19:07:01.616 [main] INFO Env - @{1 RCVD 2} Message(Ask)
inp.5 << 19:07:01.616 [main] INFO Env - @{5 RCVD 2} Message(Ask)
inp.4 << 19:07:01.616 [main] INFO Env - @{4 SEND 5} Message(Ask)
inp.5 << 19:07:01.616 [main] INFO Env - @{5 SEND 2} Message(Share)
inp.5 << 19:07:01.616 [main] INFO Env - @{5 RCVD 4} Message(Ask)
inp.5 << 19:07:01.616 [main] INFO Env - @{5 SEND 4} Message(Share)
inp.4 << 19:07:01.616 [main] INFO Env - @{4 RCVD 3} Message(Ask)
inp.2 << 19:07:01.616 [main] INFO Env - @{2 RCVD 5} Message(Share)
inp.4 << 19:07:01.616 [main] INFO Env - @{4 SEND 3} Message(Share)
inp.4 << 19:07:01.616 [main] INFO Env - @{4 SEND 3} Message(Ask)
inp.4 << 19:07:01.616 [main] INFO Env - @{4 RCVD 1} Message(Ask)
inp.4 << 19:07:01.616 [main] INFO Env - @{4 SEND 1} Message(Share)
inp.4 << 19:07:01.617 [main] INFO Env - @{4 SEND 1} Message(Ask)
inp.4 << 19:07:01.617 [main] INFO Env - @{4 RCVD 2} Message(Ask)
inp.4 << 19:07:01.617 [main] INFO Env - @{4 SEND 2} Message(Share)
inp.4 << 19:07:01.617 [main] INFO Env - @{4 SEND 2} Message(Ask)
inp.4 << 19:07:01.617 [main] INFO Env - @{4 RCVD 5} Message(Share)
inp.3 << 19:07:01.617 [main] INFO Env - @{3 RCVD 4} Message(Share)
inp.3 << 19:07:01.617 [main] INFO Env - @{3 RCVD 4} Message(Ask)
inp.1 << 19:07:01.617 [main] INFO Env - @{1 RCVD 4} Message(Share)
inp.1 << 19:07:01.617 [main] INFO Env - @{1 LOCKED}
inp.2 << 19:07:01.617 [main] INFO Env - @{2 RCVD 4} Message(Share)
inp.2 << 19:07:01.617 [main] INFO Env - @{2 RCVD 4} Message(Ask)
out.1 >> unlock
inp.2 << 19:07:01.618 [main] INFO Env - @{2 RCVD 1} Message(Share)
inp.4 << 19:07:01.618 [main] INFO Env - @{4 RCVD 1} Message(Share)
inp.2 << 19:07:01.618 [main] INFO Env - @{2 LOCKED}
inp.1 << 19:07:01.617 [main] INFO Env - @{1 RCVD 4} Message(Ask)
inp.1 << 19:07:01.617 [main] INFO Env - @{1 UNLOCKED}
inp.1 << 19:07:01.618 [main] INFO Env - @{1 SEND 2} Message(Share)
inp.1 << 19:07:01.618 [main] INFO Env - @{1 SEND 3} Message(Share)
inp.1 << 19:07:01.618 [main] INFO Env - @{1 SEND 4} Message(Share)
inp.3 << 19:07:01.618 [main] INFO Env - @{3 RCVD 1} Message(Share)
out.2 >> unlock
inp.2 << 19:07:01.619 [main] INFO Env - @{2 UNLOCKED}
inp.2 << 19:07:01.619 [main] INFO Env - @{2 SEND 3} Message(Share)
inp.2 << 19:07:01.620 [main] INFO Env - @{2 SEND 4} Message(Share)
inp.3 << 19:07:01.620 [main] INFO Env - @{3 RCVD 2} Message(Share)
inp.3 << 19:07:01.620 [main] INFO Env - @{3 LOCKED}
out.3 >> unlock
inp.4 << 19:07:01.620 [main] INFO Env - @{4 RCVD 2} Message(Share)
inp.3 << 19:07:01.620 [main] INFO Env - @{3 UNLOCKED}
inp.3 << 19:07:01.620 [main] INFO Env - @{3 SEND 4} Message(Share)
inp.4 << 19:07:01.620 [main] INFO Env - @{4 RCVD 3} Message(Share)
inp.4 << 19:07:01.620 [main] INFO Env - @{4 LOCKED}
out.4 >> unlock
inp.4 << 19:07:01.621 [main] INFO Env - @{4 UNLOCKED}
out.1 >> ping
out.2 >> ping
out.3 >> ping
out.4 >> ping
out.5 >> ping
inp.5 << 19:07:01.621 [main] INFO Env - @{5 PONG}
inp.3 << 19:07:01.621 [main] INFO Env - @{3 PONG}
inp.1 << 19:07:01.621 [main] INFO Env - @{1 PONG}
inp.2 << 19:07:01.622 [main] INFO Env - @{2 PONG}
inp.4 << 19:07:01.622 [main] INFO Env - @{4 PONG}
out.1 >> lock
inp.1 << 19:07:01.622 [main] INFO Env - @{1 SEND 2} Message(Ask)
inp.1 << 19:07:01.623 [main] INFO Env - @{1 SEND 3} Message(Ask)
inp.1 << 19:07:01.623 [main] INFO Env - @{1 SEND 4} Message(Ask)
inp.3 << 19:07:01.623 [main] INFO Env - @{3 RCVD 1} Message(Ask)
inp.3 << 19:07:01.623 [main] INFO Env - @{3 SEND 1} Message(Share)
inp.2 << 19:07:01.623 [main] INFO Env - @{2 RCVD 1} Message(Ask)
inp.1 << 19:07:01.623 [main] INFO Env - @{1 RCVD 3} Message(Share)
inp.2 << 19:07:01.624 [main] INFO Env - @{2 SEND 1} Message(Share)
inp.4 << 19:07:01.624 [main] INFO Env - @{4 RCVD 1} Message(Ask)
inp.4 << 19:07:01.624 [main] INFO Env - @{4 SEND 1} Message(Share)
inp.1 << 19:07:01.624 [main] INFO Env - @{1 RCVD 2} Message(Share)
inp.1 << 19:07:01.624 [main] INFO Env - @{1 RCVD 4} Message(Share)
inp.1 << 19:07:01.624 [main] INFO Env - @{1 LOCKED}
out.1 >> unlock
inp.1 << 19:07:01.624 [main] INFO Env - @{1 UNLOCKED}
out.1 >> ping
out.2 >> ping
out.3 >> ping
out.4 >> ping
out.5 >> ping
inp.5 << 19:07:01.625 [main] INFO Env - @{5 PONG}
inp.3 << 19:07:01.625 [main] INFO Env - @{3 PONG}
inp.1 << 19:07:01.625 [main] INFO Env - @{1 PONG}
inp.2 << 19:07:01.625 [main] INFO Env - @{2 PONG}
inp.4 << 19:07:01.625 [main] INFO Env - @{4 PONG}
out.1 >> lock
inp.1 << 19:07:01.625 [main] INFO Env - @{1 LOCKED}
out.1 >> unlock
inp.1 << 19:07:01.626 [main] INFO Env - @{1 UNLOCKED}
out.1 >> ping
out.2 >> ping
out.3 >> ping
out.4 >> ping
out.5 >> ping
inp.5 << 19:07:01.626 [main] INFO Env - @{5 PONG}
inp.3 << 19:07:01.626 [main] INFO Env - @{3 PONG}
inp.1 << 19:07:01.626 [main] INFO Env - @{1 PONG}
inp.2 << 19:07:01.626 [main] INFO Env - @{2 PONG}
inp.4 << 19:07:01.626 [main] INFO Env - @{4 PONG}
out.1 >> lock
inp.1 << 19:07:01.627 [main] INFO Env - @{1 LOCKED}
out.1 >> unlock
inp.1 << 19:07:01.627 [main] INFO Env - @{1 UNLOCKED}
out.1 >> ping
out.2 >> ping
out.3 >> ping
out.4 >> ping
out.5 >> ping
inp.5 << 19:07:01.627 [main] INFO Env - @{5 PONG}
inp.3 << 19:07:01.627 [main] INFO Env - @{3 PONG}
inp.1 << 19:07:01.628 [main] INFO Env - @{1 PONG}
inp.2 << 19:07:01.628 [main] INFO Env - @{2 PONG}
inp.4 << 19:07:01.628 [main] INFO Env - @{4 PONG}
out.1 >> lock
out.3 >> lock
inp.1 << 19:07:01.629 [main] INFO Env - @{1 LOCKED}
inp.3 << 19:07:01.629 [main] INFO Env - @{3 SEND 1} Message(Ask)
inp.3 << 19:07:01.629 [main] INFO Env - @{3 SEND 4} Message(Ask)
out.1 >> unlock
inp.1 << 19:07:01.629 [main] INFO Env - @{1 RCVD 3} Message(Ask)
inp.1 << 19:07:01.630 [main] INFO Env - @{1 UNLOCKED}
inp.4 << 19:07:01.630 [main] INFO Env - @{4 RCVD 3} Message(Ask)
inp.4 << 19:07:01.630 [main] INFO Env - @{4 SEND 3} Message(Share)
inp.1 << 19:07:01.630 [main] INFO Env - @{1 SEND 3} Message(Share)
inp.3 << 19:07:01.630 [main] INFO Env - @{3 RCVD 1} Message(Share)
inp.3 << 19:07:01.630 [main] INFO Env - @{3 RCVD 4} Message(Share)
inp.3 << 19:07:01.630 [main] INFO Env - @{3 LOCKED}
out.3 >> unlock
inp.3 << 19:07:01.630 [main] INFO Env - @{3 UNLOCKED}
out.1 >> ping
out.2 >> ping
out.3 >> ping
out.4 >> ping
out.5 >> ping
inp.3 << 19:07:01.631 [main] INFO Env - @{3 PONG}
inp.5 << 19:07:01.631 [main] INFO Env - @{5 PONG}
inp.1 << 19:07:01.631 [main] INFO Env - @{1 PONG}
inp.2 << 19:07:01.631 [main] INFO Env - @{2 PONG}
inp.4 << 19:07:01.631 [main] INFO Env - @{4 PONG}
out.1 >> lock
out.3 >> lock
inp.3 << 19:07:01.631 [main] INFO Env - @{3 LOCKED}
inp.1 << 19:07:01.631 [main] INFO Env - @{1 SEND 3} Message(Ask)
out.3 >> unlock
inp.3 << 19:07:01.631 [main] INFO Env - @{3 RCVD 1} Message(Ask)
inp.3 << 19:07:01.631 [main] INFO Env - @{3 UNLOCKED}
inp.3 << 19:07:01.631 [main] INFO Env - @{3 SEND 1} Message(Share)
inp.1 << 19:07:01.631 [main] INFO Env - @{1 RCVD 3} Message(Share)
inp.1 << 19:07:01.632 [main] INFO Env - @{1 LOCKED}
out.1 >> unlock
inp.1 << 19:07:01.632 [main] INFO Env - @{1 UNLOCKED}
out.1 >> ping
out.2 >> ping
out.3 >> ping
out.4 >> ping
out.5 >> ping
inp.5 << 19:07:01.632 [main] INFO Env - @{5 PONG}
inp.3 << 19:07:01.632 [main] INFO Env - @{3 PONG}
inp.1 << 19:07:01.632 [main] INFO Env - @{1 PONG}
inp.2 << 19:07:01.632 [main] INFO Env - @{2 PONG}
inp.4 << 19:07:01.632 [main] INFO Env - @{4 PONG}
out.1 >> lock
out.3 >> lock
inp.3 << 19:07:01.633 [main] INFO Env - @{3 SEND 1} Message(Ask)
inp.1 << 19:07:01.633 [main] INFO Env - @{1 LOCKED}
out.1 >> unlock
inp.1 << 19:07:01.633 [main] INFO Env - @{1 RCVD 3} Message(Ask)
inp.1 << 19:07:01.633 [main] INFO Env - @{1 UNLOCKED}
inp.1 << 19:07:01.633 [main] INFO Env - @{1 SEND 3} Message(Share)
inp.3 << 19:07:01.633 [main] INFO Env - @{3 RCVD 1} Message(Share)
inp.3 << 19:07:01.633 [main] INFO Env - @{3 LOCKED}
out.3 >> unlock
inp.3 << 19:07:01.634 [main] INFO Env - @{3 UNLOCKED}
out.1 >> ping
out.2 >> ping
out.3 >> ping
out.4 >> ping
out.5 >> ping
inp.5 << 19:07:01.634 [main] INFO Env - @{5 PONG}
inp.3 << 19:07:01.634 [main] INFO Env - @{3 PONG}
inp.1 << 19:07:01.634 [main] INFO Env - @{1 PONG}
inp.2 << 19:07:01.635 [main] INFO Env - @{2 PONG}
inp.4 << 19:07:01.635 [main] INFO Env - @{4 PONG}
out.1 >> ping
out.2 >> ping
out.3 >> ping
out.4 >> ping
out.5 >> ping
inp.3 << 19:07:01.635 [main] INFO Env - @{3 PONG}
inp.5 << 19:07:01.635 [main] INFO Env - @{5 PONG}
inp.1 << 19:07:01.635 [main] INFO Env - @{1 PONG}
inp.4 << 19:07:01.635 [main] INFO Env - @{4 PONG}
inp.2 << 19:07:01.635 [main] INFO Env - @{2 PONG}
out.1 >> lock
inp.1 << 19:07:01.636 [main] INFO Env - @{1 SEND 3} Message(Ask)
inp.3 << 19:07:01.636 [main] INFO Env - @{3 RCVD 1} Message(Ask)
inp.3 << 19:07:01.636 [main] INFO Env - @{3 SEND 1} Message(Share)
inp.1 << 19:07:01.637 [main] INFO Env - @{1 RCVD 3} Message(Share)
inp.1 << 19:07:01.637 [main] INFO Env - @{1 LOCKED}
out.1 >> unlock
inp.1 << 19:07:01.637 [main] INFO Env - @{1 UNLOCKED}
out.1 >> ping
out.2 >> ping
out.3 >> ping
out.4 >> ping
out.5 >> ping
inp.5 << 19:07:01.637 [main] INFO Env - @{5 PONG}
inp.3 << 19:07:01.638 [main] INFO Env - @{3 PONG}
inp.1 << 19:07:01.638 [main] INFO Env - @{1 PONG}
inp.2 << 19:07:01.638 [main] INFO Env - @{2 PONG}
inp.4 << 19:07:01.638 [main] INFO Env - @{4 PONG}
out.2 >> lock
inp.2 << 19:07:01.638 [main] INFO Env - @{2 SEND 1} Message(Ask)
inp.2 << 19:07:01.638 [main] INFO Env - @{2 SEND 3} Message(Ask)
inp.1 << 19:07:01.638 [main] INFO Env - @{1 RCVD 2} Message(Ask)
inp.2 << 19:07:01.638 [main] INFO Env - @{2 SEND 4} Message(Ask)
inp.3 << 19:07:01.639 [main] INFO Env - @{3 RCVD 2} Message(Ask)
inp.1 << 19:07:01.639 [main] INFO Env - @{1 SEND 2} Message(Share)
inp.3 << 19:07:01.639 [main] INFO Env - @{3 SEND 2} Message(Share)
inp.4 << 19:07:01.639 [main] INFO Env - @{4 RCVD 2} Message(Ask)
inp.2 << 19:07:01.639 [main] INFO Env - @{2 RCVD 1} Message(Share)
inp.4 << 19:07:01.639 [main] INFO Env - @{4 SEND 2} Message(Share)
inp.2 << 19:07:01.639 [main] INFO Env - @{2 RCVD 3} Message(Share)
inp.2 << 19:07:01.639 [main] INFO Env - @{2 RCVD 4} Message(Share)
inp.2 << 19:07:01.639 [main] INFO Env - @{2 LOCKED}
out.2 >> unlock
inp.2 << 19:07:01.639 [main] INFO Env - @{2 UNLOCKED}
out.1 >> ping
out.2 >> ping
out.3 >> ping
out.4 >> ping
out.5 >> ping
inp.5 << 19:07:01.640 [main] INFO Env - @{5 PONG}
inp.3 << 19:07:01.641 [main] INFO Env - @{3 PONG}
inp.1 << 19:07:01.641 [main] INFO Env - @{1 PONG}
inp.4 << 19:07:01.641 [main] INFO Env - @{4 PONG}
inp.2 << 19:07:01.641 [main] INFO Env - @{2 PONG}
out.3 >> lock
inp.3 << 19:07:01.641 [main] INFO Env - @{3 SEND 1} Message(Ask)
inp.3 << 19:07:01.641 [main] INFO Env - @{3 SEND 2} Message(Ask)
inp.1 << 19:07:01.642 [main] INFO Env - @{1 RCVD 3} Message(Ask)
inp.1 << 19:07:01.642 [main] INFO Env - @{1 SEND 3} Message(Share)
inp.2 << 19:07:01.642 [main] INFO Env - @{2 RCVD 3} Message(Ask)
inp.2 << 19:07:01.642 [main] INFO Env - @{2 SEND 3} Message(Share)
inp.3 << 19:07:01.642 [main] INFO Env - @{3 RCVD 1} Message(Share)
inp.3 << 19:07:01.642 [main] INFO Env - @{3 RCVD 2} Message(Share)
inp.3 << 19:07:01.642 [main] INFO Env - @{3 LOCKED}
out.3 >> unlock
inp.3 << 19:07:01.642 [main] INFO Env - @{3 UNLOCKED}
out.1 >> ping
out.2 >> ping
out.3 >> ping
out.4 >> ping
out.5 >> ping
inp.5 << 19:07:01.643 [main] INFO Env - @{5 PONG}
inp.3 << 19:07:01.643 [main] INFO Env - @{3 PONG}
inp.1 << 19:07:01.643 [main] INFO Env - @{1 PONG}
inp.2 << 19:07:01.644 [main] INFO Env - @{2 PONG}
inp.4 << 19:07:01.644 [main] INFO Env - @{4 PONG}
out.4 >> lock
inp.4 << 19:07:01.644 [main] INFO Env - @{4 SEND 1} Message(Ask)
inp.4 << 19:07:01.644 [main] INFO Env - @{4 SEND 2} Message(Ask)
inp.4 << 19:07:01.644 [main] INFO Env - @{4 SEND 3} Message(Ask)
inp.3 << 19:07:01.645 [main] INFO Env - @{3 RCVD 4} Message(Ask)
inp.2 << 19:07:01.645 [main] INFO Env - @{2 RCVD 4} Message(Ask)
inp.3 << 19:07:01.645 [main] INFO Env - @{3 SEND 4} Message(Share)
inp.1 << 19:07:01.645 [main] INFO Env - @{1 RCVD 4} Message(Ask)
inp.1 << 19:07:01.645 [main] INFO Env - @{1 SEND 4} Message(Share)
inp.2 << 19:07:01.645 [main] INFO Env - @{2 SEND 4} Message(Share)
inp.4 << 19:07:01.645 [main] INFO Env - @{4 RCVD 2} Message(Share)
inp.4 << 19:07:01.645 [main] INFO Env - @{4 RCVD 1} Message(Share)
inp.4 << 19:07:01.645 [main] INFO Env - @{4 RCVD 3} Message(Share)
inp.4 << 19:07:01.645 [main] INFO Env - @{4 LOCKED}
out.4 >> unlock
inp.4 << 19:07:01.645 [main] INFO Env - @{4 UNLOCKED}
out.1 >> ping
out.2 >> ping
out.3 >> ping
out.4 >> ping
out.5 >> ping
inp.5 << 19:07:01.646 [main] INFO Env - @{5 PONG}
inp.3 << 19:07:01.646 [main] INFO Env - @{3 PONG}
inp.2 << 19:07:01.646 [main] INFO Env - @{2 PONG}
inp.1 << 19:07:01.646 [main] INFO Env - @{1 PONG}
inp.4 << 19:07:01.646 [main] INFO Env - @{4 PONG}
out.5 >> lock
inp.5 << 19:07:01.647 [main] INFO Env - @{5 SEND 1} Message(Ask)
inp.5 << 19:07:01.647 [main] INFO Env - @{5 SEND 2} Message(Ask)
inp.5 << 19:07:01.647 [main] INFO Env - @{5 SEND 3} Message(Ask)
inp.5 << 19:07:01.647 [main] INFO Env - @{5 SEND 4} Message(Ask)
inp.3 << 19:07:01.647 [main] INFO Env - @{3 RCVD 5} Message(Ask)
inp.3 << 19:07:01.647 [main] INFO Env - @{3 SEND 5} Message(Share)
inp.1 << 19:07:01.647 [main] INFO Env - @{1 RCVD 5} Message(Ask)
inp.2 << 19:07:01.647 [main] INFO Env - @{2 RCVD 5} Message(Ask)
inp.1 << 19:07:01.647 [main] INFO Env - @{1 SEND 5} Message(Share)
inp.5 << 19:07:01.647 [main] INFO Env - @{5 RCVD 1} Message(Share)
inp.5 << 19:07:01.647 [main] INFO Env - @{5 RCVD 3} Message(Share)
inp.2 << 19:07:01.647 [main] INFO Env - @{2 SEND 5} Message(Share)
inp.4 << 19:07:01.647 [main] INFO Env - @{4 RCVD 5} Message(Ask)
inp.5 << 19:07:01.648 [main] INFO Env - @{5 RCVD 2} Message(Share)
inp.4 << 19:07:01.648 [main] INFO Env - @{4 SEND 5} Message(Share)
inp.5 << 19:07:01.648 [main] INFO Env - @{5 RCVD 4} Message(Share)
inp.5 << 19:07:01.648 [main] INFO Env - @{5 LOCKED}
out.5 >> unlock
inp.5 << 19:07:01.648 [main] INFO Env - @{5 UNLOCKED}
out.1 >> ping
out.2 >> ping
out.3 >> ping
out.4 >> ping
out.5 >> ping
inp.5 << 19:07:01.649 [main] INFO Env - @{5 PONG}
inp.3 << 19:07:01.649 [main] INFO Env - @{3 PONG}
inp.1 << 19:07:01.649 [main] INFO Env - @{1 PONG}
inp.4 << 19:07:01.649 [main] INFO Env - @{4 PONG}
inp.2 << 19:07:01.649 [main] INFO Env - @{2 PONG}
out.1 >> lock
out.4 >> lock
out.2 >> lock
out.5 >> lock
out.3 >> lock
inp.5 << 19:07:01.650 [main] INFO Env - @{5 LOCKED}
out.5 >> unlock
inp.3 << 19:07:01.650 [main] INFO Env - @{3 SEND 4} Message(Ask)
inp.5 << 19:07:01.650 [main] INFO Env - @{5 UNLOCKED}
inp.3 << 19:07:01.650 [main] INFO Env - @{3 SEND 5} Message(Ask)
inp.5 << 19:07:01.650 [main] INFO Env - @{5 RCVD 3} Message(Ask)
inp.5 << 19:07:01.650 [main] INFO Env - @{5 SEND 3} Message(Share)
inp.1 << 19:07:01.650 [main] INFO Env - @{1 SEND 2} Message(Ask)
inp.3 << 19:07:01.650 [main] INFO Env - @{3 RCVD 5} Message(Share)
inp.1 << 19:07:01.650 [main] INFO Env - @{1 SEND 3} Message(Ask)
inp.2 << 19:07:01.650 [main] INFO Env - @{2 SEND 3} Message(Ask)
inp.3 << 19:07:01.651 [main] INFO Env - @{3 RCVD 1} Message(Ask)
inp.1 << 19:07:01.651 [main] INFO Env - @{1 SEND 4} Message(Ask)
inp.3 << 19:07:01.651 [main] INFO Env - @{3 SEND 1} Message(Share)
inp.3 << 19:07:01.651 [main] INFO Env - @{3 SEND 1} Message(Ask)
inp.1 << 19:07:01.651 [main] INFO Env - @{1 SEND 5} Message(Ask)
inp.3 << 19:07:01.651 [main] INFO Env - @{3 RCVD 2} Message(Ask)
inp.3 << 19:07:01.651 [main] INFO Env - @{3 SEND 2} Message(Share)
inp.5 << 19:07:01.651 [main] INFO Env - @{5 RCVD 1} Message(Ask)
inp.3 << 19:07:01.651 [main] INFO Env - @{3 SEND 2} Message(Ask)
inp.1 << 19:07:01.651 [main] INFO Env - @{1 RCVD 3} Message(Share)
inp.1 << 19:07:01.651 [main] INFO Env - @{1 RCVD 3} Message(Ask)
inp.2 << 19:07:01.651 [main] INFO Env - @{2 SEND 4} Message(Ask)
inp.5 << 19:07:01.651 [main] INFO Env - @{5 SEND 1} Message(Share)
inp.2 << 19:07:01.651 [main] INFO Env - @{2 SEND 5} Message(Ask)
inp.1 << 19:07:01.651 [main] INFO Env - @{1 RCVD 5} Message(Share)
inp.2 << 19:07:01.651 [main] INFO Env - @{2 RCVD 1} Message(Ask)
inp.4 << 19:07:01.651 [main] INFO Env - @{4 SEND 5} Message(Ask)
inp.2 << 19:07:01.651 [main] INFO Env - @{2 SEND 1} Message(Share)
inp.5 << 19:07:01.651 [main] INFO Env - @{5 RCVD 2} Message(Ask)
inp.2 << 19:07:01.651 [main] INFO Env - @{2 SEND 1} Message(Ask)
inp.4 << 19:07:01.651 [main] INFO Env - @{4 RCVD 3} Message(Ask)
inp.5 << 19:07:01.652 [main] INFO Env - @{5 SEND 2} Message(Share)
inp.4 << 19:07:01.651 [main] INFO Env - @{4 SEND 3} Message(Share)
inp.3 << 19:07:01.652 [main] INFO Env - @{3 RCVD 4} Message(Share)
inp.1 << 19:07:01.652 [main] INFO Env - @{1 RCVD 2} Message(Share)
inp.5 << 19:07:01.652 [main] INFO Env - @{5 RCVD 4} Message(Ask)
inp.5 << 19:07:01.652 [main] INFO Env - @{5 SEND 4} Message(Share)
inp.1 << 19:07:01.652 [main] INFO Env - @{1 RCVD 2} Message(Ask)
inp.4 << 19:07:01.652 [main] INFO Env - @{4 SEND 3} Message(Ask)
inp.2 << 19:07:01.652 [main] INFO Env - @{2 RCVD 3} Message(Share)
inp.2 << 19:07:01.652 [main] INFO Env - @{2 RCVD 3} Message(Ask)
inp.2 << 19:07:01.652 [main] INFO Env - @{2 RCVD 5} Message(Share)
inp.4 << 19:07:01.652 [main] INFO Env - @{4 RCVD 1} Message(Ask)
inp.3 << 19:07:01.652 [main] INFO Env - @{3 RCVD 4} Message(Ask)
inp.4 << 19:07:01.652 [main] INFO Env - @{4 SEND 1} Message(Share)
inp.4 << 19:07:01.652 [main] INFO Env - @{4 SEND 1} Message(Ask)
inp.4 << 19:07:01.652 [main] INFO Env - @{4 RCVD 2} Message(Ask)
inp.4 << 19:07:01.652 [main] INFO Env - @{4 SEND 2} Message(Share)
inp.4 << 19:07:01.652 [main] INFO Env - @{4 SEND 2} Message(Ask)
inp.4 << 19:07:01.652 [main] INFO Env - @{4 RCVD 5} Message(Share)
inp.2 << 19:07:01.653 [main] INFO Env - @{2 RCVD 4} Message(Share)
inp.2 << 19:07:01.653 [main] INFO Env - @{2 RCVD 4} Message(Ask)
inp.1 << 19:07:01.653 [main] INFO Env - @{1 RCVD 4} Message(Share)
inp.1 << 19:07:01.653 [main] INFO Env - @{1 LOCKED}
inp.1 << 19:07:01.653 [main] INFO Env - @{1 RCVD 4} Message(Ask)
out.1 >> unlock
inp.1 << 19:07:01.653 [main] INFO Env - @{1 UNLOCKED}
inp.1 << 19:07:01.653 [main] INFO Env - @{1 SEND 2} Message(Share)
inp.1 << 19:07:01.653 [main] INFO Env - @{1 SEND 3} Message(Share)
inp.2 << 19:07:01.653 [main] INFO Env - @{2 RCVD 1} Message(Share)
inp.2 << 19:07:01.653 [main] INFO Env - @{2 LOCKED}
inp.1 << 19:07:01.653 [main] INFO Env - @{1 SEND 4} Message(Share)
out.2 >> unlock
inp.3 << 19:07:01.654 [main] INFO Env - @{3 RCVD 1} Message(Share)
inp.4 << 19:07:01.654 [main] INFO Env - @{4 RCVD 1} Message(Share)
inp.2 << 19:07:01.654 [main] INFO Env - @{2 UNLOCKED}
inp.2 << 19:07:01.654 [main] INFO Env - @{2 SEND 3} Message(Share)
inp.3 << 19:07:01.654 [main] INFO Env - @{3 RCVD 2} Message(Share)
inp.2 << 19:07:01.654 [main] INFO Env - @{2 SEND 4} Message(Share)
inp.3 << 19:07:01.655 [main] INFO Env - @{3 LOCKED}
inp.4 << 19:07:01.655 [main] INFO Env - @{4 RCVD 2} Message(Share)
out.3 >> unlock
inp.3 << 19:07:01.656 [main] INFO Env - @{3 UNLOCKED}
inp.3 << 19:07:01.656 [main] INFO Env - @{3 SEND 4} Message(Share)
inp.4 << 19:07:01.656 [main] INFO Env - @{4 RCVD 3} Message(Share)
inp.4 << 19:07:01.657 [main] INFO Env - @{4 LOCKED}
out.4 >> unlock
inp.4 << 19:07:01.657 [main] INFO Env - @{4 UNLOCKED}
out.1 >> ping
out.2 >> ping
out.3 >> ping
out.4 >> ping
out.5 >> ping
inp.5 << 19:07:01.658 [main] INFO Env - @{5 PONG}
inp.3 << 19:07:01.658 [main] INFO Env - @{3 PONG}
inp.1 << 19:07:01.659 [main] INFO Env - @{1 PONG}
inp.2 << 19:07:01.659 [main] INFO Env - @{2 PONG}
inp.4 << 19:07:01.659 [main] INFO Env - @{4 PONG}
out.4 >> lock
inp.4 << 19:07:01.659 [main] INFO Env - @{4 LOCKED}
out.4 >> unlock
inp.4 << 19:07:01.660 [main] INFO Env - @{4 UNLOCKED}
out.1 >> ping
out.2 >> ping
out.3 >> ping
out.4 >> ping
out.5 >> ping
inp.5 << 19:07:01.660 [main] INFO Env - @{5 PONG}
inp.3 << 19:07:01.660 [main] INFO Env - @{3 PONG}
inp.2 << 19:07:01.661 [main] INFO Env - @{2 PONG}
inp.1 << 19:07:01.661 [main] INFO Env - @{1 PONG}
inp.4 << 19:07:01.661 [main] INFO Env - @{4 PONG}
out.4 >> lock
inp.4 << 19:07:01.661 [main] INFO Env - @{4 LOCKED}
out.4 >> unlock
inp.4 << 19:07:01.661 [main] INFO Env - @{4 UNLOCKED}
out.1 >> ping
out.2 >> ping
out.3 >> ping
out.4 >> ping
out.5 >> ping
inp.5 << 19:07:01.662 [main] INFO Env - @{5 PONG}
inp.3 << 19:07:01.662 [main] INFO Env - @{3 PONG}
inp.4 << 19:07:01.662 [main] INFO Env - @{4 PONG}
inp.2 << 19:07:01.662 [main] INFO Env - @{2 PONG}
inp.1 << 19:07:01.662 [main] INFO Env - @{1 PONG}
out.4 >> lock
inp.4 << 19:07:01.662 [main] INFO Env - @{4 LOCKED}
out.4 >> unlock
inp.4 << 19:07:01.662 [main] INFO Env - @{4 UNLOCKED}
out.1 >> ping
out.2 >> ping
out.3 >> ping
out.4 >> ping
out.5 >> ping
inp.3 << 19:07:01.663 [main] INFO Env - @{3 PONG}
inp.1 << 19:07:01.663 [main] INFO Env - @{1 PONG}
inp.2 << 19:07:01.663 [main] INFO Env - @{2 PONG}
inp.4 << 19:07:01.663 [main] INFO Env - @{4 PONG}
inp.5 << 19:07:01.663 [main] INFO Env - @{5 PONG}
out.4 >> lock
out.1 >> lock
inp.4 << 19:07:01.664 [main] INFO Env - @{4 LOCKED}
inp.1 << 19:07:01.664 [main] INFO Env - @{1 SEND 2} Message(Ask)
out.4 >> unlock
inp.1 << 19:07:01.664 [main] INFO Env - @{1 SEND 3} Message(Ask)
inp.1 << 19:07:01.664 [main] INFO Env - @{1 SEND 4} Message(Ask)
inp.3 << 19:07:01.664 [main] INFO Env - @{3 RCVD 1} Message(Ask)
inp.3 << 19:07:01.665 [main] INFO Env - @{3 SEND 1} Message(Share)
inp.2 << 19:07:01.665 [main] INFO Env - @{2 RCVD 1} Message(Ask)
inp.4 << 19:07:01.665 [main] INFO Env - @{4 UNLOCKED}
inp.4 << 19:07:01.666 [main] INFO Env - @{4 RCVD 1} Message(Ask)
inp.1 << 19:07:01.665 [main] INFO Env - @{1 RCVD 3} Message(Share)
inp.4 << 19:07:01.666 [main] INFO Env - @{4 SEND 1} Message(Share)
inp.1 << 19:07:01.668 [main] INFO Env - @{1 RCVD 4} Message(Share)
inp.2 << 19:07:01.669 [main] INFO Env - @{2 SEND 1} Message(Share)
inp.1 << 19:07:01.671 [main] INFO Env - @{1 RCVD 2} Message(Share)
inp.1 << 19:07:01.671 [main] INFO Env - @{1 LOCKED}
out.1 >> unlock
inp.1 << 19:07:01.672 [main] INFO Env - @{1 UNLOCKED}
out.1 >> ping
out.2 >> ping
out.3 >> ping
out.4 >> ping
out.5 >> ping
inp.3 << 19:07:01.675 [main] INFO Env - @{3 PONG}
inp.5 << 19:07:01.675 [main] INFO Env - @{5 PONG}
inp.1 << 19:07:01.676 [main] INFO Env - @{1 PONG}
inp.2 << 19:07:01.676 [main] INFO Env - @{2 PONG}
inp.4 << 19:07:01.676 [main] INFO Env - @{4 PONG}
out.4 >> lock
out.1 >> lock
inp.1 << 19:07:01.678 [main] INFO Env - @{1 LOCKED}
inp.4 << 19:07:01.678 [main] INFO Env - @{4 SEND 1} Message(Ask)
out.1 >> unlock
inp.1 << 19:07:01.679 [main] INFO Env - @{1 RCVD 4} Message(Ask)
inp.1 << 19:07:01.679 [main] INFO Env - @{1 UNLOCKED}
inp.1 << 19:07:01.679 [main] INFO Env - @{1 SEND 4} Message(Share)
inp.4 << 19:07:01.680 [main] INFO Env - @{4 RCVD 1} Message(Share)
inp.4 << 19:07:01.680 [main] INFO Env - @{4 LOCKED}
out.4 >> unlock
inp.4 << 19:07:01.681 [main] INFO Env - @{4 UNLOCKED}
out.1 >> ping
out.2 >> ping
out.3 >> ping
out.4 >> ping
out.5 >> ping
inp.5 << 19:07:01.682 [main] INFO Env - @{5 PONG}
inp.3 << 19:07:01.682 [main] INFO Env - @{3 PONG}
inp.1 << 19:07:01.682 [main] INFO Env - @{1 PONG}
inp.2 << 19:07:01.683 [main] INFO Env - @{2 PONG}
inp.4 << 19:07:01.683 [main] INFO Env - @{4 PONG}
out.4 >> lock
out.1 >> lock
inp.4 << 19:07:01.683 [main] INFO Env - @{4 LOCKED}
inp.1 << 19:07:01.683 [main] INFO Env - @{1 SEND 4} Message(Ask)
out.4 >> unlock
inp.4 << 19:07:01.684 [main] INFO Env - @{4 UNLOCKED}
inp.4 << 19:07:01.684 [main] INFO Env - @{4 RCVD 1} Message(Ask)
inp.4 << 19:07:01.684 [main] INFO Env - @{4 SEND 1} Message(Share)
inp.1 << 19:07:01.685 [main] INFO Env - @{1 RCVD 4} Message(Share)
inp.1 << 19:07:01.685 [main] INFO Env - @{1 LOCKED}
out.1 >> unlock
inp.1 << 19:07:01.685 [main] INFO Env - @{1 UNLOCKED}
out.1 >> ping
out.2 >> ping
out.3 >> ping
out.4 >> ping
out.5 >> ping
inp.5 << 19:07:01.686 [main] INFO Env - @{5 PONG}
inp.3 << 19:07:01.686 [main] INFO Env - @{3 PONG}
inp.1 << 19:07:01.686 [main] INFO Env - @{1 PONG}
inp.2 << 19:07:01.686 [main] INFO Env - @{2 PONG}
inp.4 << 19:07:01.686 [main] INFO Env - @{4 PONG}
out.1 >> ping
out.2 >> ping
out.3 >> ping
out.4 >> ping
out.5 >> ping
inp.5 << 19:07:01.687 [main] INFO Env - @{5 PONG}
inp.3 << 19:07:01.687 [main] INFO Env - @{3 PONG}
inp.2 << 19:07:01.687 [main] INFO Env - @{2 PONG}
inp.1 << 19:07:01.687 [main] INFO Env - @{1 PONG}
inp.4 << 19:07:01.687 [main] INFO Env - @{4 PONG}
out.1 >> lock
inp.1 << 19:07:01.688 [main] INFO Env - @{1 LOCKED}
out.1 >> unlock
inp.1 << 19:07:01.688 [main] INFO Env - @{1 UNLOCKED}
out.1 >> ping
out.2 >> ping
out.3 >> ping
out.4 >> ping
out.5 >> ping
inp.5 << 19:07:01.688 [main] INFO Env - @{5 PONG}
inp.3 << 19:07:01.688 [main] INFO Env - @{3 PONG}
inp.1 << 19:07:01.689 [main] INFO Env - @{1 PONG}
inp.2 << 19:07:01.689 [main] INFO Env - @{2 PONG}
inp.4 << 19:07:01.689 [main] INFO Env - @{4 PONG}
out.2 >> lock
inp.2 << 19:07:01.689 [main] INFO Env - @{2 SEND 1} Message(Ask)
inp.2 << 19:07:01.689 [main] INFO Env - @{2 SEND 3} Message(Ask)
inp.2 << 19:07:01.689 [main] INFO Env - @{2 SEND 4} Message(Ask)
inp.3 << 19:07:01.690 [main] INFO Env - @{3 RCVD 2} Message(Ask)
inp.3 << 19:07:01.690 [main] INFO Env - @{3 SEND 2} Message(Share)
inp.4 << 19:07:01.690 [main] INFO Env - @{4 RCVD 2} Message(Ask)
inp.4 << 19:07:01.690 [main] INFO Env - @{4 SEND 2} Message(Share)
inp.1 << 19:07:01.690 [main] INFO Env - @{1 RCVD 2} Message(Ask)
inp.1 << 19:07:01.690 [main] INFO Env - @{1 SEND 2} Message(Share)
inp.2 << 19:07:01.690 [main] INFO Env - @{2 RCVD 3} Message(Share)
inp.2 << 19:07:01.690 [main] INFO Env - @{2 RCVD 1} Message(Share)
inp.2 << 19:07:01.690 [main] INFO Env - @{2 RCVD 4} Message(Share)
inp.2 << 19:07:01.690 [main] INFO Env - @{2 LOCKED}
out.2 >> unlock
inp.2 << 19:07:01.691 [main] INFO Env - @{2 UNLOCKED}
out.1 >> ping
out.2 >> ping
out.3 >> ping
out.4 >> ping
out.5 >> ping
inp.5 << 19:07:01.691 [main] INFO Env - @{5 PONG}
inp.3 << 19:07:01.691 [main] INFO Env - @{3 PONG}
inp.2 << 19:07:01.691 [main] INFO Env - @{2 PONG}
inp.4 << 19:07:01.692 [main] INFO Env - @{4 PONG}
inp.1 << 19:07:01.691 [main] INFO Env - @{1 PONG}
out.3 >> lock
inp.3 << 19:07:01.692 [main] INFO Env - @{3 SEND 1} Message(Ask)
inp.3 << 19:07:01.692 [main] INFO Env - @{3 SEND 2} Message(Ask)
inp.3 << 19:07:01.692 [main] INFO Env - @{3 SEND 4} Message(Ask)
inp.1 << 19:07:01.692 [main] INFO Env - @{1 RCVD 3} Message(Ask)
inp.1 << 19:07:01.693 [main] INFO Env - @{1 SEND 3} Message(Share)
inp.2 << 19:07:01.693 [main] INFO Env - @{2 RCVD 3} Message(Ask)
inp.2 << 19:07:01.693 [main] INFO Env - @{2 SEND 3} Message(Share)
inp.3 << 19:07:01.693 [main] INFO Env - @{3 RCVD 1} Message(Share)
inp.3 << 19:07:01.693 [main] INFO Env - @{3 RCVD 2} Message(Share)
inp.4 << 19:07:01.693 [main] INFO Env - @{4 RCVD 3} Message(Ask)
inp.4 << 19:07:01.693 [main] INFO Env - @{4 SEND 3} Message(Share)
inp.3 << 19:07:01.693 [main] INFO Env - @{3 RCVD 4} Message(Share)
inp.3 << 19:07:01.693 [main] INFO Env - @{3 LOCKED}
out.3 >> unlock
inp.3 << 19:07:01.693 [main] INFO Env - @{3 UNLOCKED}
out.1 >> ping
out.2 >> ping
out.3 >> ping
out.4 >> ping
out.5 >> ping
inp.5 << 19:07:01.694 [main] INFO Env - @{5 PONG}
inp.3 << 19:07:01.694 [main] INFO Env - @{3 PONG}
inp.1 << 19:07:01.694 [main] INFO Env - @{1 PONG}
inp.2 << 19:07:01.694 [main] INFO Env - @{2 PONG}
inp.4 << 19:07:01.694 [main] INFO Env - @{4 PONG}
out.4 >> lock
inp.4 << 19:07:01.695 [main] INFO Env - @{4 SEND 1} Message(Ask)
inp.1 << 19:07:01.695 [main] INFO Env - @{1 RCVD 4} Message(Ask)
inp.4 << 19:07:01.695 [main] INFO Env - @{4 SEND 2} Message(Ask)
inp.1 << 19:07:01.695 [main] INFO Env - @{1 SEND 4} Message(Share)
inp.4 << 19:07:01.695 [main] INFO Env - @{4 SEND 3} Message(Ask)
inp.4 << 19:07:01.695 [main] INFO Env - @{4 RCVD 1} Message(Share)
inp.3 << 19:07:01.695 [main] INFO Env - @{3 RCVD 4} Message(Ask)
inp.3 << 19:07:01.695 [main] INFO Env - @{3 SEND 4} Message(Share)
inp.2 << 19:07:01.695 [main] INFO Env - @{2 RCVD 4} Message(Ask)
inp.2 << 19:07:01.696 [main] INFO Env - @{2 SEND 4} Message(Share)
inp.4 << 19:07:01.696 [main] INFO Env - @{4 RCVD 3} Message(Share)
inp.4 << 19:07:01.696 [main] INFO Env - @{4 RCVD 2} Message(Share)
inp.4 << 19:07:01.696 [main] INFO Env - @{4 LOCKED}
out.4 >> unlock
inp.4 << 19:07:01.696 [main] INFO Env - @{4 UNLOCKED}
out.1 >> ping
out.2 >> ping
out.3 >> ping
out.4 >> ping
out.5 >> ping
inp.5 << 19:07:01.697 [main] INFO Env - @{5 PONG}
inp.3 << 19:07:01.697 [main] INFO Env - @{3 PONG}
inp.1 << 19:07:01.697 [main] INFO Env - @{1 PONG}
inp.2 << 19:07:01.698 [main] INFO Env - @{2 PONG}
inp.4 << 19:07:01.698 [main] INFO Env - @{4 PONG}
out.5 >> lock
inp.5 << 19:07:01.698 [main] INFO Env - @{5 SEND 1} Message(Ask)
inp.5 << 19:07:01.698 [main] INFO Env - @{5 SEND 2} Message(Ask)
inp.5 << 19:07:01.699 [main] INFO Env - @{5 SEND 3} Message(Ask)
inp.5 << 19:07:01.699 [main] INFO Env - @{5 SEND 4} Message(Ask)
inp.3 << 19:07:01.699 [main] INFO Env - @{3 RCVD 5} Message(Ask)
inp.1 << 19:07:01.699 [main] INFO Env - @{1 RCVD 5} Message(Ask)
inp.1 << 19:07:01.699 [main] INFO Env - @{1 SEND 5} Message(Share)
inp.3 << 19:07:01.699 [main] INFO Env - @{3 SEND 5} Message(Share)
inp.5 << 19:07:01.699 [main] INFO Env - @{5 RCVD 3} Message(Share)
inp.5 << 19:07:01.699 [main] INFO Env - @{5 RCVD 1} Message(Share)
inp.2 << 19:07:01.700 [main] INFO Env - @{2 RCVD 5} Message(Ask)
inp.4 << 19:07:01.700 [main] INFO Env - @{4 RCVD 5} Message(Ask)
inp.4 << 19:07:01.700 [main] INFO Env - @{4 SEND 5} Message(Share)
inp.2 << 19:07:01.700 [main] INFO Env - @{2 SEND 5} Message(Share)
inp.5 << 19:07:01.700 [main] INFO Env - @{5 RCVD 2} Message(Share)
inp.5 << 19:07:01.700 [main] INFO Env - @{5 RCVD 4} Message(Share)
inp.5 << 19:07:01.700 [main] INFO Env - @{5 LOCKED}
out.5 >> unlock
inp.5 << 19:07:01.700 [main] INFO Env - @{5 UNLOCKED}
out.1 >> ping
out.2 >> ping
out.3 >> ping
out.4 >> ping
out.5 >> ping
inp.5 << 19:07:01.701 [main] INFO Env - @{5 PONG}
inp.3 << 19:07:01.701 [main] INFO Env - @{3 PONG}
inp.1 << 19:07:01.701 [main] INFO Env - @{1 PONG}
inp.2 << 19:07:01.701 [main] INFO Env - @{2 PONG}
inp.4 << 19:07:01.702 [main] INFO Env - @{4 PONG}
out.2 >> lock
out.5 >> lock
out.3 >> lock
out.1 >> lock
out.4 >> lock
inp.5 << 19:07:01.702 [main] INFO Env - @{5 LOCKED}
out.5 >> unlock
inp.5 << 19:07:01.702 [main] INFO Env - @{5 UNLOCKED}
inp.3 << 19:07:01.703 [main] INFO Env - @{3 SEND 4} Message(Ask)
inp.1 << 19:07:01.703 [main] INFO Env - @{1 SEND 2} Message(Ask)
inp.3 << 19:07:01.703 [main] INFO Env - @{3 SEND 5} Message(Ask)
inp.1 << 19:07:01.703 [main] INFO Env - @{1 SEND 3} Message(Ask)
inp.5 << 19:07:01.703 [main] INFO Env - @{5 RCVD 3} Message(Ask)
inp.5 << 19:07:01.703 [main] INFO Env - @{5 SEND 3} Message(Share)
inp.3 << 19:07:01.703 [main] INFO Env - @{3 RCVD 1} Message(Ask)
inp.1 << 19:07:01.703 [main] INFO Env - @{1 SEND 4} Message(Ask)
inp.3 << 19:07:01.704 [main] INFO Env - @{3 SEND 1} Message(Share)
inp.3 << 19:07:01.704 [main] INFO Env - @{3 SEND 1} Message(Ask)
inp.1 << 19:07:01.704 [main] INFO Env - @{1 SEND 5} Message(Ask)
inp.3 << 19:07:01.704 [main] INFO Env - @{3 RCVD 5} Message(Share)
inp.5 << 19:07:01.704 [main] INFO Env - @{5 RCVD 1} Message(Ask)
inp.5 << 19:07:01.704 [main] INFO Env - @{5 SEND 1} Message(Share)
inp.1 << 19:07:01.704 [main] INFO Env - @{1 RCVD 3} Message(Share)
inp.1 << 19:07:01.704 [main] INFO Env - @{1 RCVD 3} Message(Ask)
inp.1 << 19:07:01.704 [main] INFO Env - @{1 RCVD 5} Message(Share)
inp.2 << 19:07:01.704 [main] INFO Env - @{2 SEND 3} Message(Ask)
inp.3 << 19:07:01.705 [main] INFO Env - @{3 RCVD 2} Message(Ask)
inp.2 << 19:07:01.705 [main] INFO Env - @{2 SEND 4} Message(Ask)
inp.3 << 19:07:01.705 [main] INFO Env - @{3 SEND 2} Message(Share)
inp.3 << 19:07:01.705 [main] INFO Env - @{3 SEND 2} Message(Ask)
inp.4 << 19:07:01.704 [main] INFO Env - @{4 SEND 5} Message(Ask)
inp.2 << 19:07:01.705 [main] INFO Env - @{2 SEND 5} Message(Ask)
inp.5 << 19:07:01.705 [main] INFO Env - @{5 RCVD 4} Message(Ask)
inp.2 << 19:07:01.705 [main] INFO Env - @{2 RCVD 1} Message(Ask)
inp.2 << 19:07:01.705 [main] INFO Env - @{2 SEND 1} Message(Share)
inp.5 << 19:07:01.705 [main] INFO Env - @{5 SEND 4} Message(Share)
inp.5 << 19:07:01.705 [main] INFO Env - @{5 RCVD 2} Message(Ask)
inp.5 << 19:07:01.705 [main] INFO Env - @{5 SEND 2} Message(Share)
inp.1 << 19:07:01.705 [main] INFO Env - @{1 RCVD 2} Message(Share)
inp.2 << 19:07:01.706 [main] INFO Env - @{2 SEND 1} Message(Ask)
inp.2 << 19:07:01.706 [main] INFO Env - @{2 RCVD 3} Message(Share)
inp.2 << 19:07:01.707 [main] INFO Env - @{2 RCVD 3} Message(Ask)
inp.2 << 19:07:01.707 [main] INFO Env - @{2 RCVD 5} Message(Share)
inp.1 << 19:07:01.707 [main] INFO Env - @{1 RCVD 2} Message(Ask)
inp.4 << 19:07:01.707 [main] INFO Env - @{4 RCVD 3} Message(Ask)
inp.4 << 19:07:01.707 [main] INFO Env - @{4 SEND 3} Message(Share)
inp.4 << 19:07:01.707 [main] INFO Env - @{4 SEND 3} Message(Ask)
inp.4 << 19:07:01.707 [main] INFO Env - @{4 RCVD 1} Message(Ask)
inp.4 << 19:07:01.707 [main] INFO Env - @{4 SEND 1} Message(Share)
inp.4 << 19:07:01.707 [main] INFO Env - @{4 SEND 1} Message(Ask)
inp.4 << 19:07:01.707 [main] INFO Env - @{4 RCVD 2} Message(Ask)
inp.4 << 19:07:01.707 [main] INFO Env - @{4 SEND 2} Message(Share)
inp.3 << 19:07:01.707 [main] INFO Env - @{3 RCVD 4} Message(Share)
inp.3 << 19:07:01.708 [main] INFO Env - @{3 RCVD 4} Message(Ask)
inp.4 << 19:07:01.708 [main] INFO Env - @{4 SEND 2} Message(Ask)
inp.1 << 19:07:01.708 [main] INFO Env - @{1 RCVD 4} Message(Share)
inp.4 << 19:07:01.708 [main] INFO Env - @{4 RCVD 5} Message(Share)
inp.1 << 19:07:01.708 [main] INFO Env - @{1 LOCKED}
inp.1 << 19:07:01.708 [main] INFO Env - @{1 RCVD 4} Message(Ask)
out.1 >> unlock
inp.2 << 19:07:01.708 [main] INFO Env - @{2 RCVD 4} Message(Share)
inp.2 << 19:07:01.708 [main] INFO Env - @{2 RCVD 4} Message(Ask)
inp.1 << 19:07:01.708 [main] INFO Env - @{1 UNLOCKED}
inp.1 << 19:07:01.708 [main] INFO Env - @{1 SEND 2} Message(Share)
inp.1 << 19:07:01.708 [main] INFO Env - @{1 SEND 3} Message(Share)
inp.1 << 19:07:01.708 [main] INFO Env - @{1 SEND 4} Message(Share)
inp.2 << 19:07:01.709 [main] INFO Env - @{2 RCVD 1} Message(Share)
inp.2 << 19:07:01.709 [main] INFO Env - @{2 LOCKED}
out.2 >> unlock
inp.4 << 19:07:01.709 [main] INFO Env - @{4 RCVD 1} Message(Share)
inp.2 << 19:07:01.709 [main] INFO Env - @{2 UNLOCKED}
inp.2 << 19:07:01.709 [main] INFO Env - @{2 SEND 3} Message(Share)
inp.2 << 19:07:01.709 [main] INFO Env - @{2 SEND 4} Message(Share)
inp.4 << 19:07:01.709 [main] INFO Env - @{4 RCVD 2} Message(Share)
inp.3 << 19:07:01.709 [main] INFO Env - @{3 RCVD 1} Message(Share)
inp.3 << 19:07:01.709 [main] INFO Env - @{3 RCVD 2} Message(Share)
inp.3 << 19:07:01.709 [main] INFO Env - @{3 LOCKED}
out.3 >> unlock
inp.3 << 19:07:01.711 [main] INFO Env - @{3 UNLOCKED}
inp.3 << 19:07:01.711 [main] INFO Env - @{3 SEND 4} Message(Share)
inp.4 << 19:07:01.712 [main] INFO Env - @{4 RCVD 3} Message(Share)
inp.4 << 19:07:01.712 [main] INFO Env - @{4 LOCKED}
out.4 >> unlock
inp.4 << 19:07:01.712 [main] INFO Env - @{4 UNLOCKED}
out.1 >> ping
out.2 >> ping
out.3 >> ping
out.4 >> ping
out.5 >> ping
inp.5 << 19:07:01.712 [main] INFO Env - @{5 PONG}
inp.3 << 19:07:01.712 [main] INFO Env - @{3 PONG}
inp.1 << 19:07:01.713 [main] INFO Env - @{1 PONG}
inp.2 << 19:07:01.713 [main] INFO Env - @{2 PONG}
inp.4 << 19:07:01.713 [main] INFO Env - @{4 PONG}
out.4 >> lock
inp.4 << 19:07:01.713 [main] INFO Env - @{4 LOCKED}
out.4 >> unlock
inp.4 << 19:07:01.713 [main] INFO Env - @{4 UNLOCKED}
out.1 >> ping
out.2 >> ping
out.3 >> ping
out.4 >> ping
out.5 >> ping
inp.5 << 19:07:01.713 [main] INFO Env - @{5 PONG}
inp.3 << 19:07:01.713 [main] INFO Env - @{3 PONG}
inp.1 << 19:07:01.714 [main] INFO Env - @{1 PONG}
inp.4 << 19:07:01.714 [main] INFO Env - @{4 PONG}
inp.2 << 19:07:01.714 [main] INFO Env - @{2 PONG}
out.4 >> lock
inp.4 << 19:07:01.714 [main] INFO Env - @{4 LOCKED}
out.4 >> unlock
inp.4 << 19:07:01.714 [main] INFO Env - @{4 UNLOCKED}
out.1 >> ping
out.2 >> ping
out.3 >> ping
out.4 >> ping
out.5 >> ping
inp.1 << 19:07:01.714 [main] INFO Env - @{1 PONG}
inp.5 << 19:07:01.714 [main] INFO Env - @{5 PONG}
inp.3 << 19:07:01.714 [main] INFO Env - @{3 PONG}
inp.4 << 19:07:01.715 [main] INFO Env - @{4 PONG}
inp.2 << 19:07:01.715 [main] INFO Env - @{2 PONG}
out.4 >> lock
inp.4 << 19:07:01.715 [main] INFO Env - @{4 LOCKED}
out.4 >> unlock
inp.4 << 19:07:01.715 [main] INFO Env - @{4 UNLOCKED}
out.1 >> ping
out.2 >> ping
out.3 >> ping
out.4 >> ping
out.5 >> ping
inp.5 << 19:07:01.715 [main] INFO Env - @{5 PONG}
inp.2 << 19:07:01.726 [main] INFO Env - @{2 PONG}
inp.3 << 19:07:01.727 [main] INFO Env - @{3 PONG}
inp.4 << 19:07:01.736 [main] INFO Env - @{4 PONG}
inp.1 << 19:07:01.736 [main] INFO Env - @{1 PONG}
out.4 >> lock
out.2 >> lock
inp.2 << 19:07:01.737 [main] INFO Env - @{2 SEND 3} Message(Ask)
inp.2 << 19:07:01.737 [main] INFO Env - @{2 SEND 4} Message(Ask)
inp.3 << 19:07:01.738 [main] INFO Env - @{3 RCVD 2} Message(Ask)
inp.3 << 19:07:01.738 [main] INFO Env - @{3 SEND 2} Message(Share)
inp.2 << 19:07:01.738 [main] INFO Env - @{2 RCVD 3} Message(Share)
inp.4 << 19:07:01.738 [main] INFO Env - @{4 LOCKED}
inp.4 << 19:07:01.739 [main] INFO Env - @{4 RCVD 2} Message(Ask)
out.4 >> unlock
inp.4 << 19:07:01.739 [main] INFO Env - @{4 UNLOCKED}
inp.4 << 19:07:01.739 [main] INFO Env - @{4 SEND 2} Message(Share)
inp.2 << 19:07:01.739 [main] INFO Env - @{2 RCVD 4} Message(Share)
inp.2 << 19:07:01.739 [main] INFO Env - @{2 LOCKED}
out.2 >> unlock
inp.2 << 19:07:01.740 [main] INFO Env - @{2 UNLOCKED}
out.1 >> ping
out.2 >> ping
out.3 >> ping
out.4 >> ping
out.5 >> ping
inp.5 << 19:07:01.740 [main] INFO Env - @{5 PONG}
inp.2 << 19:07:01.741 [main] INFO Env - @{2 PONG}
inp.3 << 19:07:01.741 [main] INFO Env - @{3 PONG}
inp.4 << 19:07:01.741 [main] INFO Env - @{4 PONG}
inp.1 << 19:07:01.742 [main] INFO Env - @{1 PONG}
out.4 >> lock
out.2 >> lock
inp.2 << 19:07:01.742 [main] INFO Env - @{2 LOCKED}
inp.4 << 19:07:01.743 [main] INFO Env - @{4 SEND 2} Message(Ask)
out.2 >> unlock
inp.2 << 19:07:01.743 [main] INFO Env - @{2 RCVD 4} Message(Ask)
inp.2 << 19:07:01.743 [main] INFO Env - @{2 UNLOCKED}
inp.2 << 19:07:01.743 [main] INFO Env - @{2 SEND 4} Message(Share)
inp.4 << 19:07:01.744 [main] INFO Env - @{4 RCVD 2} Message(Share)
inp.4 << 19:07:01.744 [main] INFO Env - @{4 LOCKED}
out.4 >> unlock
inp.4 << 19:07:01.744 [main] INFO Env - @{4 UNLOCKED}
out.1 >> ping
out.2 >> ping
out.3 >> ping
out.4 >> ping
out.5 >> ping
inp.5 << 19:07:01.744 [main] INFO Env - @{5 PONG}
inp.2 << 19:07:01.745 [main] INFO Env - @{2 PONG}
inp.3 << 19:07:01.745 [main] INFO Env - @{3 PONG}
inp.4 << 19:07:01.746 [main] INFO Env - @{4 PONG}
inp.1 << 19:07:01.746 [main] INFO Env - @{1 PONG}
out.4 >> lock
out.2 >> lock
inp.4 << 19:07:01.747 [main] INFO Env - @{4 LOCKED}
inp.2 << 19:07:01.747 [main] INFO Env - @{2 SEND 4} Message(Ask)
out.4 >> unlock
inp.4 << 19:07:01.747 [main] INFO Env - @{4 RCVD 2} Message(Ask)
inp.4 << 19:07:01.748 [main] INFO Env - @{4 UNLOCKED}
inp.4 << 19:07:01.748 [main] INFO Env - @{4 SEND 2} Message(Share)
inp.2 << 19:07:01.748 [main] INFO Env - @{2 RCVD 4} Message(Share)
inp.2 << 19:07:01.748 [main] INFO Env - @{2 LOCKED}
out.2 >> unlock
inp.2 << 19:07:01.751 [main] INFO Env - @{2 UNLOCKED}
out.1 >> ping
out.2 >> ping
out.3 >> ping
out.4 >> ping
out.5 >> ping
inp.5 << 19:07:01.754 [main] INFO Env - @{5 PONG}
inp.2 << 19:07:01.755 [main] INFO Env - @{2 PONG}
inp.3 << 19:07:01.755 [main] INFO Env - @{3 PONG}
inp.4 << 19:07:01.755 [main] INFO Env - @{4 PONG}
inp.1 << 19:07:01.756 [main] INFO Env - @{1 PONG}
out.1 >> ping
out.2 >> ping
out.3 >> ping
out.4 >> ping
out.5 >> ping
inp.5 << 19:07:01.759 [main] INFO Env - @{5 PONG}
inp.2 << 19:07:01.760 [main] INFO Env - @{2 PONG}
inp.3 << 19:07:01.760 [main] INFO Env - @{3 PONG}
inp.4 << 19:07:01.760 [main] INFO Env - @{4 PONG}
inp.1 << 19:07:01.761 [main] INFO Env - @{1 PONG}
out.1 >> lock
inp.1 << 19:07:01.762 [main] INFO Env - @{1 SEND 2} Message(Ask)
inp.2 << 19:07:01.763 [main] INFO Env - @{2 RCVD 1} Message(Ask)
inp.1 << 19:07:01.763 [main] INFO Env - @{1 SEND 3} Message(Ask)
inp.2 << 19:07:01.765 [main] INFO Env - @{2 SEND 1} Message(Share)
inp.3 << 19:07:01.765 [main] INFO Env - @{3 RCVD 1} Message(Ask)
inp.3 << 19:07:01.765 [main] INFO Env - @{3 SEND 1} Message(Share)
inp.1 << 19:07:01.766 [main] INFO Env - @{1 SEND 4} Message(Ask)
inp.4 << 19:07:01.767 [main] INFO Env - @{4 RCVD 1} Message(Ask)
inp.4 << 19:07:01.767 [main] INFO Env - @{4 SEND 1} Message(Share)
inp.1 << 19:07:01.767 [main] INFO Env - @{1 RCVD 3} Message(Share)
inp.1 << 19:07:01.767 [main] INFO Env - @{1 RCVD 2} Message(Share)
inp.1 << 19:07:01.767 [main] INFO Env - @{1 RCVD 4} Message(Share)
inp.1 << 19:07:01.767 [main] INFO Env - @{1 LOCKED}
out.1 >> unlock
inp.1 << 19:07:01.768 [main] INFO Env - @{1 UNLOCKED}
out.1 >> ping
out.2 >> ping
out.3 >> ping
out.4 >> ping
out.5 >> ping
inp.5 << 19:07:01.768 [main] INFO Env - @{5 PONG}
inp.2 << 19:07:01.769 [main] INFO Env - @{2 PONG}
inp.3 << 19:07:01.769 [main] INFO Env - @{3 PONG}
inp.4 << 19:07:01.769 [main] INFO Env - @{4 PONG}
inp.1 << 19:07:01.769 [main] INFO Env - @{1 PONG}
out.2 >> lock
inp.2 << 19:07:01.769 [main] INFO Env - @{2 SEND 1} Message(Ask)
inp.1 << 19:07:01.770 [main] INFO Env - @{1 RCVD 2} Message(Ask)
inp.1 << 19:07:01.770 [main] INFO Env - @{1 SEND 2} Message(Share)
inp.2 << 19:07:01.770 [main] INFO Env - @{2 RCVD 1} Message(Share)
inp.2 << 19:07:01.770 [main] INFO Env - @{2 LOCKED}
out.2 >> unlock
inp.2 << 19:07:01.771 [main] INFO Env - @{2 UNLOCKED}
out.1 >> ping
out.2 >> ping
out.3 >> ping
out.4 >> ping
out.5 >> ping
inp.5 << 19:07:01.771 [main] INFO Env - @{5 PONG}
inp.2 << 19:07:01.771 [main] INFO Env - @{2 PONG}
inp.3 << 19:07:01.771 [main] INFO Env - @{3 PONG}
inp.4 << 19:07:01.772 [main] INFO Env - @{4 PONG}
inp.1 << 19:07:01.772 [main] INFO Env - @{1 PONG}
out.3 >> lock
inp.3 << 19:07:01.772 [main] INFO Env - @{3 SEND 1} Message(Ask)
inp.3 << 19:07:01.772 [main] INFO Env - @{3 SEND 2} Message(Ask)
inp.3 << 19:07:01.773 [main] INFO Env - @{3 SEND 4} Message(Ask)
inp.2 << 19:07:01.773 [main] INFO Env - @{2 RCVD 3} Message(Ask)
inp.2 << 19:07:01.773 [main] INFO Env - @{2 SEND 3} Message(Share)
inp.4 << 19:07:01.773 [main] INFO Env - @{4 RCVD 3} Message(Ask)
inp.3 << 19:07:01.774 [main] INFO Env - @{3 RCVD 2} Message(Share)
inp.1 << 19:07:01.774 [main] INFO Env - @{1 RCVD 3} Message(Ask)
inp.4 << 19:07:01.774 [main] INFO Env - @{4 SEND 3} Message(Share)
inp.3 << 19:07:01.774 [main] INFO Env - @{3 RCVD 4} Message(Share)
inp.1 << 19:07:01.774 [main] INFO Env - @{1 SEND 3} Message(Share)
inp.3 << 19:07:01.774 [main] INFO Env - @{3 RCVD 1} Message(Share)
inp.3 << 19:07:01.774 [main] INFO Env - @{3 LOCKED}
out.3 >> unlock
inp.3 << 19:07:01.775 [main] INFO Env - @{3 UNLOCKED}
out.1 >> ping
out.2 >> ping
out.3 >> ping
out.4 >> ping
out.5 >> ping
inp.5 << 19:07:01.775 [main] INFO Env - @{5 PONG}
inp.2 << 19:07:01.776 [main] INFO Env - @{2 PONG}
inp.3 << 19:07:01.776 [main] INFO Env - @{3 PONG}
inp.4 << 19:07:01.776 [main] INFO Env - @{4 PONG}
inp.1 << 19:07:01.776 [main] INFO Env - @{1 PONG}
out.4 >> lock
inp.4 << 19:07:01.777 [main] INFO Env - @{4 SEND 1} Message(Ask)
inp.4 << 19:07:01.777 [main] INFO Env - @{4 SEND 2} Message(Ask)
inp.1 << 19:07:01.777 [main] INFO Env - @{1 RCVD 4} Message(Ask)
inp.1 << 19:07:01.777 [main] INFO Env - @{1 SEND 4} Message(Share)
inp.2 << 19:07:01.778 [main] INFO Env - @{2 RCVD 4} Message(Ask)
inp.2 << 19:07:01.778 [main] INFO Env - @{2 SEND 4} Message(Share)
inp.4 << 19:07:01.778 [main] INFO Env - @{4 SEND 3} Message(Ask)
inp.4 << 19:07:01.778 [main] INFO Env - @{4 RCVD 1} Message(Share)
inp.3 << 19:07:01.778 [main] INFO Env - @{3 RCVD 4} Message(Ask)
inp.4 << 19:07:01.778 [main] INFO Env - @{4 RCVD 2} Message(Share)
inp.3 << 19:07:01.779 [main] INFO Env - @{3 SEND 4} Message(Share)
inp.4 << 19:07:01.779 [main] INFO Env - @{4 RCVD 3} Message(Share)
inp.4 << 19:07:01.779 [main] INFO Env - @{4 LOCKED}
out.4 >> unlock
inp.4 << 19:07:01.779 [main] INFO Env - @{4 UNLOCKED}
out.1 >> ping
out.2 >> ping
out.3 >> ping
out.4 >> ping
out.5 >> ping
inp.5 << 19:07:01.780 [main] INFO Env - @{5 PONG}
inp.3 << 19:07:01.780 [main] INFO Env - @{3 PONG}
inp.2 << 19:07:01.780 [main] INFO Env - @{2 PONG}
inp.4 << 19:07:01.781 [main] INFO Env - @{4 PONG}
inp.1 << 19:07:01.781 [main] INFO Env - @{1 PONG}
out.5 >> lock
inp.5 << 19:07:01.781 [main] INFO Env - @{5 SEND 1} Message(Ask)
inp.5 << 19:07:01.781 [main] INFO Env - @{5 SEND 2} Message(Ask)
inp.5 << 19:07:01.781 [main] INFO Env - @{5 SEND 3} Message(Ask)
inp.5 << 19:07:01.782 [main] INFO Env - @{5 SEND 4} Message(Ask)
inp.2 << 19:07:01.782 [main] INFO Env - @{2 RCVD 5} Message(Ask)
inp.2 << 19:07:01.782 [main] INFO Env - @{2 SEND 5} Message(Share)
inp.5 << 19:07:01.783 [main] INFO Env - @{5 RCVD 2} Message(Share)
inp.3 << 19:07:01.783 [main] INFO Env - @{3 RCVD 5} Message(Ask)
inp.3 << 19:07:01.783 [main] INFO Env - @{3 SEND 5} Message(Share)
inp.4 << 19:07:01.783 [main] INFO Env - @{4 RCVD 5} Message(Ask)
inp.5 << 19:07:01.783 [main] INFO Env - @{5 RCVD 3} Message(Share)
inp.4 << 19:07:01.784 [main] INFO Env - @{4 SEND 5} Message(Share)
inp.5 << 19:07:01.784 [main] INFO Env - @{5 RCVD 4} Message(Share)
inp.1 << 19:07:01.784 [main] INFO Env - @{1 RCVD 5} Message(Ask)
inp.1 << 19:07:01.784 [main] INFO Env - @{1 SEND 5} Message(Share)
inp.5 << 19:07:01.784 [main] INFO Env - @{5 RCVD 1} Message(Share)
inp.5 << 19:07:01.784 [main] INFO Env - @{5 LOCKED}
out.5 >> unlock
inp.5 << 19:07:01.785 [main] INFO Env - @{5 UNLOCKED}
out.1 >> ping
out.2 >> ping
out.3 >> ping
out.4 >> ping
out.5 >> ping
inp.5 << 19:07:01.785 [main] INFO Env - @{5 PONG}
inp.3 << 19:07:01.786 [main] INFO Env - @{3 PONG}
inp.2 << 19:07:01.786 [main] INFO Env - @{2 PONG}
inp.4 << 19:07:01.786 [main] INFO Env - @{4 PONG}
inp.1 << 19:07:01.786 [main] INFO Env - @{1 PONG}
out.2 >> lock
out.5 >> lock
out.1 >> lock
out.4 >> lock
out.3 >> lock
inp.5 << 19:07:01.786 [main] INFO Env - @{5 LOCKED}
out.5 >> unlock
inp.5 << 19:07:01.787 [main] INFO Env - @{5 UNLOCKED}
inp.2 << 19:07:01.787 [main] INFO Env - @{2 SEND 3} Message(Ask)
inp.3 << 19:07:01.787 [main] INFO Env - @{3 SEND 4} Message(Ask)
inp.2 << 19:07:01.787 [main] INFO Env - @{2 SEND 4} Message(Ask)
inp.3 << 19:07:01.787 [main] INFO Env - @{3 SEND 5} Message(Ask)
inp.5 << 19:07:01.787 [main] INFO Env - @{5 RCVD 3} Message(Ask)
inp.5 << 19:07:01.787 [main] INFO Env - @{5 SEND 3} Message(Share)
inp.3 << 19:07:01.788 [main] INFO Env - @{3 RCVD 2} Message(Ask)
inp.3 << 19:07:01.788 [main] INFO Env - @{3 SEND 2} Message(Share)
inp.3 << 19:07:01.788 [main] INFO Env - @{3 SEND 2} Message(Ask)
inp.3 << 19:07:01.789 [main] INFO Env - @{3 RCVD 5} Message(Share)
inp.2 << 19:07:01.788 [main] INFO Env - @{2 SEND 5} Message(Ask)
inp.5 << 19:07:01.789 [main] INFO Env - @{5 RCVD 2} Message(Ask)
inp.5 << 19:07:01.789 [main] INFO Env - @{5 SEND 2} Message(Share)
inp.2 << 19:07:01.789 [main] INFO Env - @{2 RCVD 3} Message(Share)
inp.2 << 19:07:01.789 [main] INFO Env - @{2 RCVD 3} Message(Ask)
inp.2 << 19:07:01.789 [main] INFO Env - @{2 RCVD 5} Message(Share)
inp.4 << 19:07:01.789 [main] INFO Env - @{4 SEND 5} Message(Ask)
inp.5 << 19:07:01.790 [main] INFO Env - @{5 RCVD 4} Message(Ask)
inp.5 << 19:07:01.790 [main] INFO Env - @{5 SEND 4} Message(Share)
inp.4 << 19:07:01.790 [main] INFO Env - @{4 RCVD 3} Message(Ask)
inp.1 << 19:07:01.789 [main] INFO Env - @{1 SEND 2} Message(Ask)
inp.4 << 19:07:01.790 [main] INFO Env - @{4 SEND 3} Message(Share)
inp.2 << 19:07:01.791 [main] INFO Env - @{2 RCVD 1} Message(Ask)
inp.2 << 19:07:01.791 [main] INFO Env - @{2 SEND 1} Message(Share)
inp.3 << 19:07:01.791 [main] INFO Env - @{3 RCVD 4} Message(Share)
inp.2 << 19:07:01.792 [main] INFO Env - @{2 SEND 1} Message(Ask)
inp.1 << 19:07:01.792 [main] INFO Env - @{1 SEND 3} Message(Ask)
inp.4 << 19:07:01.792 [main] INFO Env - @{4 SEND 3} Message(Ask)
inp.3 << 19:07:01.792 [main] INFO Env - @{3 RCVD 1} Message(Ask)
inp.3 << 19:07:01.792 [main] INFO Env - @{3 SEND 1} Message(Share)
inp.3 << 19:07:01.793 [main] INFO Env - @{3 SEND 1} Message(Ask)
inp.3 << 19:07:01.793 [main] INFO Env - @{3 RCVD 4} Message(Ask)
inp.4 << 19:07:01.793 [main] INFO Env - @{4 RCVD 2} Message(Ask)
inp.4 << 19:07:01.793 [main] INFO Env - @{4 SEND 2} Message(Share)
inp.1 << 19:07:01.793 [main] INFO Env - @{1 SEND 4} Message(Ask)
inp.2 << 19:07:01.793 [main] INFO Env - @{2 RCVD 4} Message(Share)
inp.4 << 19:07:01.794 [main] INFO Env - @{4 SEND 2} Message(Ask)
inp.2 << 19:07:01.794 [main] INFO Env - @{2 RCVD 4} Message(Ask)
inp.4 << 19:07:01.794 [main] INFO Env - @{4 RCVD 5} Message(Share)
inp.1 << 19:07:01.794 [main] INFO Env - @{1 SEND 5} Message(Ask)
inp.4 << 19:07:01.794 [main] INFO Env - @{4 RCVD 1} Message(Ask)
inp.5 << 19:07:01.794 [main] INFO Env - @{5 RCVD 1} Message(Ask)
inp.5 << 19:07:01.795 [main] INFO Env - @{5 SEND 1} Message(Share)
inp.4 << 19:07:01.795 [main] INFO Env - @{4 SEND 1} Message(Share)
inp.4 << 19:07:01.795 [main] INFO Env - @{4 SEND 1} Message(Ask)
inp.1 << 19:07:01.795 [main] INFO Env - @{1 RCVD 2} Message(Share)
inp.1 << 19:07:01.795 [main] INFO Env - @{1 RCVD 2} Message(Ask)
inp.1 << 19:07:01.795 [main] INFO Env - @{1 RCVD 3} Message(Share)
inp.1 << 19:07:01.795 [main] INFO Env - @{1 RCVD 3} Message(Ask)
inp.1 << 19:07:01.795 [main] INFO Env - @{1 RCVD 5} Message(Share)
inp.1 << 19:07:01.795 [main] INFO Env - @{1 RCVD 4} Message(Share)
inp.1 << 19:07:01.795 [main] INFO Env - @{1 LOCKED}
inp.1 << 19:07:01.795 [main] INFO Env - @{1 RCVD 4} Message(Ask)
out.1 >> unlock
inp.1 << 19:07:01.796 [main] INFO Env - @{1 UNLOCKED}
inp.1 << 19:07:01.796 [main] INFO Env - @{1 SEND 2} Message(Share)
inp.1 << 19:07:01.796 [main] INFO Env - @{1 SEND 3} Message(Share)
inp.2 << 19:07:01.796 [main] INFO Env - @{2 RCVD 1} Message(Share)
inp.2 << 19:07:01.796 [main] INFO Env - @{2 LOCKED}
out.2 >> unlock
inp.3 << 19:07:01.796 [main] INFO Env - @{3 RCVD 1} Message(Share)
inp.2 << 19:07:01.797 [main] INFO Env - @{2 UNLOCKED}
inp.2 << 19:07:01.797 [main] INFO Env - @{2 SEND 3} Message(Share)
inp.1 << 19:07:01.797 [main] INFO Env - @{1 SEND 4} Message(Share)
inp.3 << 19:07:01.797 [main] INFO Env - @{3 RCVD 2} Message(Share)
inp.3 << 19:07:01.797 [main] INFO Env - @{3 LOCKED}
out.3 >> unlock
inp.2 << 19:07:01.797 [main] INFO Env - @{2 SEND 4} Message(Share)
inp.3 << 19:07:01.798 [main] INFO Env - @{3 UNLOCKED}
inp.3 << 19:07:01.798 [main] INFO Env - @{3 SEND 4} Message(Share)
inp.4 << 19:07:01.799 [main] INFO Env - @{4 RCVD 1} Message(Share)
inp.4 << 19:07:01.799 [main] INFO Env - @{4 RCVD 2} Message(Share)
inp.4 << 19:07:01.799 [main] INFO Env - @{4 RCVD 3} Message(Share)
inp.4 << 19:07:01.799 [main] INFO Env - @{4 LOCKED}
out.4 >> unlock
inp.4 << 19:07:01.799 [main] INFO Env - @{4 UNLOCKED}
out.1 >> ping
out.2 >> ping
out.3 >> ping
out.4 >> ping
out.5 >> ping
inp.5 << 19:07:01.800 [main] INFO Env - @{5 PONG}
inp.2 << 19:07:01.800 [main] INFO Env - @{2 PONG}
inp.3 << 19:07:01.800 [main] INFO Env - @{3 PONG}
inp.4 << 19:07:01.800 [main] INFO Env - @{4 PONG}
inp.1 << 19:07:01.800 [main] INFO Env - @{1 PONG}
out.3 >> lock
inp.3 << 19:07:01.801 [main] INFO Env - @{3 SEND 4} Message(Ask)
inp.4 << 19:07:01.801 [main] INFO Env - @{4 RCVD 3} Message(Ask)
inp.4 << 19:07:01.801 [main] INFO Env - @{4 SEND 3} Message(Share)
inp.3 << 19:07:01.801 [main] INFO Env - @{3 RCVD 4} Message(Share)
inp.3 << 19:07:01.801 [main] INFO Env - @{3 LOCKED}
out.3 >> unlock
inp.3 << 19:07:01.802 [main] INFO Env - @{3 UNLOCKED}
out.1 >> ping
out.2 >> ping
out.3 >> ping
out.4 >> ping
out.5 >> ping
inp.3 << 19:07:01.802 [main] INFO Env - @{3 PONG}
inp.2 << 19:07:01.802 [main] INFO Env - @{2 PONG}
inp.5 << 19:07:01.802 [main] INFO Env - @{5 PONG}
inp.4 << 19:07:01.802 [main] INFO Env - @{4 PONG}
inp.1 << 19:07:01.802 [main] INFO Env - @{1 PONG}
out.3 >> lock
inp.3 << 19:07:01.802 [main] INFO Env - @{3 LOCKED}
out.3 >> unlock
inp.3 << 19:07:01.804 [main] INFO Env - @{3 UNLOCKED}
out.1 >> ping
out.2 >> ping
out.3 >> ping
out.4 >> ping
out.5 >> ping
inp.5 << 19:07:01.804 [main] INFO Env - @{5 PONG}
inp.3 << 19:07:01.805 [main] INFO Env - @{3 PONG}
inp.2 << 19:07:01.805 [main] INFO Env - @{2 PONG}
inp.4 << 19:07:01.805 [main] INFO Env - @{4 PONG}
inp.1 << 19:07:01.805 [main] INFO Env - @{1 PONG}
out.3 >> lock
inp.3 << 19:07:01.805 [main] INFO Env - @{3 LOCKED}
out.3 >> unlock
inp.3 << 19:07:01.806 [main] INFO Env - @{3 UNLOCKED}
out.1 >> ping
out.2 >> ping
out.3 >> ping
out.4 >> ping
out.5 >> ping
inp.5 << 19:07:01.806 [main] INFO Env - @{5 PONG}
inp.2 << 19:07:01.806 [main] INFO Env - @{2 PONG}
inp.3 << 19:07:01.807 [main] INFO Env - @{3 PONG}
inp.1 << 19:07:01.807 [main] INFO Env - @{1 PONG}
inp.4 << 19:07:01.807 [main] INFO Env - @{4 PONG}
out.3 >> lock
out.4 >> lock
inp.3 << 19:07:01.807 [main] INFO Env - @{3 LOCKED}
out.3 >> unlock
inp.4 << 19:07:01.808 [main] INFO Env - @{4 SEND 3} Message(Ask)
inp.3 << 19:07:01.808 [main] INFO Env - @{3 UNLOCKED}
inp.3 << 19:07:01.808 [main] INFO Env - @{3 RCVD 4} Message(Ask)
inp.3 << 19:07:01.808 [main] INFO Env - @{3 SEND 4} Message(Share)
inp.4 << 19:07:01.808 [main] INFO Env - @{4 RCVD 3} Message(Share)
inp.4 << 19:07:01.808 [main] INFO Env - @{4 LOCKED}
out.4 >> unlock
inp.4 << 19:07:01.809 [main] INFO Env - @{4 UNLOCKED}
out.1 >> ping
out.2 >> ping
out.3 >> ping
out.4 >> ping
out.5 >> ping
inp.5 << 19:07:01.810 [main] INFO Env - @{5 PONG}
inp.3 << 19:07:01.810 [main] INFO Env - @{3 PONG}
inp.2 << 19:07:01.810 [main] INFO Env - @{2 PONG}
inp.4 << 19:07:01.810 [main] INFO Env - @{4 PONG}
inp.1 << 19:07:01.810 [main] INFO Env - @{1 PONG}
out.3 >> lock
out.4 >> lock
inp.3 << 19:07:01.811 [main] INFO Env - @{3 SEND 4} Message(Ask)
inp.4 << 19:07:01.811 [main] INFO Env - @{4 LOCKED}
out.4 >> unlock
inp.4 << 19:07:01.811 [main] INFO Env - @{4 RCVD 3} Message(Ask)
inp.4 << 19:07:01.811 [main] INFO Env - @{4 UNLOCKED}
inp.4 << 19:07:01.811 [main] INFO Env - @{4 SEND 3} Message(Share)
inp.3 << 19:07:01.811 [main] INFO Env - @{3 RCVD 4} Message(Share)
inp.3 << 19:07:01.812 [main] INFO Env - @{3 LOCKED}
out.3 >> unlock
inp.3 << 19:07:01.812 [main] INFO Env - @{3 UNLOCKED}
out.1 >> ping
out.2 >> ping
out.3 >> ping
out.4 >> ping
out.5 >> ping
inp.5 << 19:07:01.812 [main] INFO Env - @{5 PONG}
inp.2 << 19:07:01.813 [main] INFO Env - @{2 PONG}
inp.3 << 19:07:01.813 [main] INFO Env - @{3 PONG}
inp.4 << 19:07:01.813 [main] INFO Env - @{4 PONG}
inp.1 << 19:07:01.813 [main] INFO Env - @{1 PONG}
out.3 >> lock
out.4 >> lock
inp.3 << 19:07:01.813 [main] INFO Env - @{3 LOCKED}
out.3 >> unlock
inp.3 << 19:07:01.814 [main] INFO Env - @{3 UNLOCKED}
inp.4 << 19:07:01.814 [main] INFO Env - @{4 SEND 3} Message(Ask)
inp.3 << 19:07:01.814 [main] INFO Env - @{3 RCVD 4} Message(Ask)
inp.3 << 19:07:01.814 [main] INFO Env - @{3 SEND 4} Message(Share)
inp.4 << 19:07:01.815 [main] INFO Env - @{4 RCVD 3} Message(Share)
inp.4 << 19:07:01.815 [main] INFO Env - @{4 LOCKED}
out.4 >> unlock
inp.4 << 19:07:01.815 [main] INFO Env - @{4 UNLOCKED}
out.1 >> ping
out.2 >> ping
out.3 >> ping
out.4 >> ping
out.5 >> ping
inp.5 << 19:07:01.815 [main] INFO Env - @{5 PONG}
inp.2 << 19:07:01.816 [main] INFO Env - @{2 PONG}
inp.3 << 19:07:01.816 [main] INFO Env - @{3 PONG}
inp.4 << 19:07:01.816 [main] INFO Env - @{4 PONG}
inp.1 << 19:07:01.816 [main] INFO Env - @{1 PONG}
out.1 >> ping
out.2 >> ping
out.3 >> ping
out.4 >> ping
out.5 >> ping
inp.5 << 19:07:01.817 [main] INFO Env - @{5 PONG}
inp.2 << 19:07:01.817 [main] INFO Env - @{2 PONG}
inp.3 << 19:07:01.817 [main] INFO Env - @{3 PONG}
inp.4 << 19:07:01.817 [main] INFO Env - @{4 PONG}
inp.1 << 19:07:01.817 [main] INFO Env - @{1 PONG}
out.1 >> lock
inp.1 << 19:07:01.817 [main] INFO Env - @{1 SEND 2} Message(Ask)
inp.2 << 19:07:01.818 [main] INFO Env - @{2 RCVD 1} Message(Ask)
inp.2 << 19:07:01.818 [main] INFO Env - @{2 SEND 1} Message(Share)
inp.1 << 19:07:01.819 [main] INFO Env - @{1 SEND 3} Message(Ask)
inp.3 << 19:07:01.819 [main] INFO Env - @{3 RCVD 1} Message(Ask)
inp.1 << 19:07:01.819 [main] INFO Env - @{1 SEND 4} Message(Ask)
inp.3 << 19:07:01.819 [main] INFO Env - @{3 SEND 1} Message(Share)
inp.1 << 19:07:01.820 [main] INFO Env - @{1 RCVD 2} Message(Share)
inp.1 << 19:07:01.820 [main] INFO Env - @{1 RCVD 3} Message(Share)
inp.4 << 19:07:01.820 [main] INFO Env - @{4 RCVD 1} Message(Ask)
inp.4 << 19:07:01.820 [main] INFO Env - @{4 SEND 1} Message(Share)
inp.1 << 19:07:01.820 [main] INFO Env - @{1 RCVD 4} Message(Share)
inp.1 << 19:07:01.820 [main] INFO Env - @{1 LOCKED}
out.1 >> unlock
inp.1 << 19:07:01.820 [main] INFO Env - @{1 UNLOCKED}
out.1 >> ping
out.2 >> ping
out.3 >> ping
out.4 >> ping
out.5 >> ping
inp.5 << 19:07:01.821 [main] INFO Env - @{5 PONG}
inp.3 << 19:07:01.821 [main] INFO Env - @{3 PONG}
inp.2 << 19:07:01.821 [main] INFO Env - @{2 PONG}
inp.4 << 19:07:01.821 [main] INFO Env - @{4 PONG}
inp.1 << 19:07:01.821 [main] INFO Env - @{1 PONG}
out.2 >> lock
inp.2 << 19:07:01.822 [main] INFO Env - @{2 SEND 1} Message(Ask)
inp.2 << 19:07:01.822 [main] INFO Env - @{2 SEND 3} Message(Ask)
inp.2 << 19:07:01.822 [main] INFO Env - @{2 SEND 4} Message(Ask)
inp.3 << 19:07:01.823 [main] INFO Env - @{3 RCVD 2} Message(Ask)
inp.3 << 19:07:01.823 [main] INFO Env - @{3 SEND 2} Message(Share)
inp.4 << 19:07:01.823 [main] INFO Env - @{4 RCVD 2} Message(Ask)
inp.4 << 19:07:01.823 [main] INFO Env - @{4 SEND 2} Message(Share)
inp.2 << 19:07:01.823 [main] INFO Env - @{2 RCVD 4} Message(Share)
inp.2 << 19:07:01.823 [main] INFO Env - @{2 RCVD 3} Message(Share)
inp.1 << 19:07:01.823 [main] INFO Env - @{1 RCVD 2} Message(Ask)
inp.1 << 19:07:01.824 [main] INFO Env - @{1 SEND 2} Message(Share)
inp.2 << 19:07:01.824 [main] INFO Env - @{2 RCVD 1} Message(Share)
inp.2 << 19:07:01.824 [main] INFO Env - @{2 LOCKED}
out.2 >> unlock
inp.2 << 19:07:01.824 [main] INFO Env - @{2 UNLOCKED}
out.1 >> ping
out.2 >> ping
out.3 >> ping
out.4 >> ping
out.5 >> ping
inp.5 << 19:07:01.825 [main] INFO Env - @{5 PONG}
inp.2 << 19:07:01.825 [main] INFO Env - @{2 PONG}
inp.3 << 19:07:01.826 [main] INFO Env - @{3 PONG}
inp.4 << 19:07:01.827 [main] INFO Env - @{4 PONG}
inp.1 << 19:07:01.828 [main] INFO Env - @{1 PONG}
out.3 >> lock
inp.3 << 19:07:01.828 [main] INFO Env - @{3 SEND 1} Message(Ask)
inp.3 << 19:07:01.828 [main] INFO Env - @{3 SEND 2} Message(Ask)
inp.3 << 19:07:01.829 [main] INFO Env - @{3 SEND 4} Message(Ask)
inp.2 << 19:07:01.829 [main] INFO Env - @{2 RCVD 3} Message(Ask)
inp.4 << 19:07:01.829 [main] INFO Env - @{4 RCVD 3} Message(Ask)
inp.2 << 19:07:01.829 [main] INFO Env - @{2 SEND 3} Message(Share)
inp.3 << 19:07:01.829 [main] INFO Env - @{3 RCVD 2} Message(Share)
inp.4 << 19:07:01.829 [main] INFO Env - @{4 SEND 3} Message(Share)
inp.3 << 19:07:01.830 [main] INFO Env - @{3 RCVD 4} Message(Share)
inp.1 << 19:07:01.830 [main] INFO Env - @{1 RCVD 3} Message(Ask)
inp.1 << 19:07:01.830 [main] INFO Env - @{1 SEND 3} Message(Share)
inp.3 << 19:07:01.830 [main] INFO Env - @{3 RCVD 1} Message(Share)
inp.3 << 19:07:01.830 [main] INFO Env - @{3 LOCKED}
out.3 >> unlock
inp.3 << 19:07:01.831 [main] INFO Env - @{3 UNLOCKED}
out.1 >> ping
out.2 >> ping
out.3 >> ping
out.4 >> ping
out.5 >> ping
inp.5 << 19:07:01.831 [main] INFO Env - @{5 PONG}
inp.2 << 19:07:01.832 [main] INFO Env - @{2 PONG}
inp.3 << 19:07:01.832 [main] INFO Env - @{3 PONG}
inp.4 << 19:07:01.832 [main] INFO Env - @{4 PONG}
inp.1 << 19:07:01.832 [main] INFO Env - @{1 PONG}
out.4 >> lock
inp.4 << 19:07:01.833 [main] INFO Env - @{4 SEND 1} Message(Ask)
inp.4 << 19:07:01.833 [main] INFO Env - @{4 SEND 2} Message(Ask)
inp.2 << 19:07:01.833 [main] INFO Env - @{2 RCVD 4} Message(Ask)
inp.4 << 19:07:01.833 [main] INFO Env - @{4 SEND 3} Message(Ask)
inp.2 << 19:07:01.833 [main] INFO Env - @{2 SEND 4} Message(Share)
inp.3 << 19:07:01.833 [main] INFO Env - @{3 RCVD 4} Message(Ask)
inp.3 << 19:07:01.833 [main] INFO Env - @{3 SEND 4} Message(Share)
inp.4 << 19:07:01.834 [main] INFO Env - @{4 RCVD 2} Message(Share)
inp.4 << 19:07:01.834 [main] INFO Env - @{4 RCVD 3} Message(Share)
inp.1 << 19:07:01.834 [main] INFO Env - @{1 RCVD 4} Message(Ask)
inp.1 << 19:07:01.834 [main] INFO Env - @{1 SEND 4} Message(Share)
inp.4 << 19:07:01.834 [main] INFO Env - @{4 RCVD 1} Message(Share)
inp.4 << 19:07:01.834 [main] INFO Env - @{4 LOCKED}
out.4 >> unlock
inp.4 << 19:07:01.834 [main] INFO Env - @{4 UNLOCKED}
out.1 >> ping
out.2 >> ping
out.3 >> ping
out.4 >> ping
out.5 >> ping
inp.5 << 19:07:01.835 [main] INFO Env - @{5 PONG}
inp.2 << 19:07:01.835 [main] INFO Env - @{2 PONG}
inp.3 << 19:07:01.835 [main] INFO Env - @{3 PONG}
inp.4 << 19:07:01.835 [main] INFO Env - @{4 PONG}
inp.1 << 19:07:01.835 [main] INFO Env - @{1 PONG}
out.5 >> lock
inp.5 << 19:07:01.835 [main] INFO Env - @{5 SEND 1} Message(Ask)
inp.5 << 19:07:01.836 [main] INFO Env - @{5 SEND 2} Message(Ask)
inp.5 << 19:07:01.836 [main] INFO Env - @{5 SEND 3} Message(Ask)
inp.5 << 19:07:01.836 [main] INFO Env - @{5 SEND 4} Message(Ask)
inp.2 << 19:07:01.837 [main] INFO Env - @{2 RCVD 5} Message(Ask)
inp.2 << 19:07:01.837 [main] INFO Env - @{2 SEND 5} Message(Share)
inp.3 << 19:07:01.837 [main] INFO Env - @{3 RCVD 5} Message(Ask)
inp.3 << 19:07:01.837 [main] INFO Env - @{3 SEND 5} Message(Share)
inp.5 << 19:07:01.837 [main] INFO Env - @{5 RCVD 2} Message(Share)
inp.5 << 19:07:01.838 [main] INFO Env - @{5 RCVD 3} Message(Share)
inp.1 << 19:07:01.838 [main] INFO Env - @{1 RCVD 5} Message(Ask)
inp.1 << 19:07:01.838 [main] INFO Env - @{1 SEND 5} Message(Share)
inp.4 << 19:07:01.838 [main] INFO Env - @{4 RCVD 5} Message(Ask)
inp.4 << 19:07:01.838 [main] INFO Env - @{4 SEND 5} Message(Share)
inp.5 << 19:07:01.838 [main] INFO Env - @{5 RCVD 1} Message(Share)
inp.5 << 19:07:01.838 [main] INFO Env - @{5 RCVD 4} Message(Share)
inp.5 << 19:07:01.838 [main] INFO Env - @{5 LOCKED}
out.5 >> unlock
inp.5 << 19:07:01.839 [main] INFO Env - @{5 UNLOCKED}
out.1 >> ping
out.2 >> ping
out.3 >> ping
out.4 >> ping
out.5 >> ping
inp.5 << 19:07:01.840 [main] INFO Env - @{5 PONG}
inp.3 << 19:07:01.841 [main] INFO Env - @{3 PONG}
inp.2 << 19:07:01.841 [main] INFO Env - @{2 PONG}
inp.4 << 19:07:01.842 [main] INFO Env - @{4 PONG}
inp.1 << 19:07:01.842 [main] INFO Env - @{1 PONG}
out.5 >> lock
out.3 >> lock
out.2 >> lock
out.4 >> lock
out.1 >> lock
inp.5 << 19:07:01.844 [main] INFO Env - @{5 LOCKED}
out.5 >> unlock
inp.3 << 19:07:01.846 [main] INFO Env - @{3 SEND 4} Message(Ask)
inp.5 << 19:07:01.846 [main] INFO Env - @{5 UNLOCKED}
inp.3 << 19:07:01.847 [main] INFO Env - @{3 SEND 5} Message(Ask)
inp.5 << 19:07:01.847 [main] INFO Env - @{5 RCVD 3} Message(Ask)
inp.2 << 19:07:01.847 [main] INFO Env - @{2 SEND 3} Message(Ask)
inp.5 << 19:07:01.847 [main] INFO Env - @{5 SEND 3} Message(Share)
inp.4 << 19:07:01.847 [main] INFO Env - @{4 SEND 5} Message(Ask)
inp.5 << 19:07:01.847 [main] INFO Env - @{5 RCVD 4} Message(Ask)
inp.2 << 19:07:01.847 [main] INFO Env - @{2 SEND 4} Message(Ask)
inp.4 << 19:07:01.847 [main] INFO Env - @{4 RCVD 3} Message(Ask)
inp.5 << 19:07:01.847 [main] INFO Env - @{5 SEND 4} Message(Share)
inp.3 << 19:07:01.847 [main] INFO Env - @{3 RCVD 2} Message(Ask)
inp.4 << 19:07:01.847 [main] INFO Env - @{4 SEND 3} Message(Share)
inp.2 << 19:07:01.847 [main] INFO Env - @{2 SEND 5} Message(Ask)
inp.4 << 19:07:01.847 [main] INFO Env - @{4 SEND 3} Message(Ask)
inp.3 << 19:07:01.847 [main] INFO Env - @{3 SEND 2} Message(Share)
inp.3 << 19:07:01.847 [main] INFO Env - @{3 SEND 2} Message(Ask)
inp.3 << 19:07:01.847 [main] INFO Env - @{3 RCVD 5} Message(Share)
inp.3 << 19:07:01.847 [main] INFO Env - @{3 RCVD 4} Message(Share)
inp.4 << 19:07:01.847 [main] INFO Env - @{4 RCVD 2} Message(Ask)
inp.3 << 19:07:01.847 [main] INFO Env - @{3 RCVD 4} Message(Ask)
inp.4 << 19:07:01.847 [main] INFO Env - @{4 SEND 2} Message(Share)
inp.2 << 19:07:01.847 [main] INFO Env - @{2 RCVD 3} Message(Share)
inp.2 << 19:07:01.848 [main] INFO Env - @{2 RCVD 3} Message(Ask)
inp.4 << 19:07:01.847 [main] INFO Env - @{4 SEND 2} Message(Ask)
inp.5 << 19:07:01.847 [main] INFO Env - @{5 RCVD 2} Message(Ask)
inp.4 << 19:07:01.848 [main] INFO Env - @{4 RCVD 5} Message(Share)
inp.2 << 19:07:01.848 [main] INFO Env - @{2 RCVD 4} Message(Share)
inp.2 << 19:07:01.848 [main] INFO Env - @{2 RCVD 4} Message(Ask)
inp.5 << 19:07:01.848 [main] INFO Env - @{5 SEND 2} Message(Share)
inp.1 << 19:07:01.848 [main] INFO Env - @{1 SEND 2} Message(Ask)
inp.2 << 19:07:01.848 [main] INFO Env - @{2 RCVD 5} Message(Share)
inp.2 << 19:07:01.848 [main] INFO Env - @{2 LOCKED}
out.2 >> unlock
inp.1 << 19:07:01.848 [main] INFO Env - @{1 SEND 3} Message(Ask)
inp.1 << 19:07:01.848 [main] INFO Env - @{1 SEND 4} Message(Ask)
inp.3 << 19:07:01.848 [main] INFO Env - @{3 RCVD 1} Message(Ask)
inp.1 << 19:07:01.848 [main] INFO Env - @{1 SEND 5} Message(Ask)
inp.3 << 19:07:01.848 [main] INFO Env - @{3 SEND 1} Message(Share)
inp.3 << 19:07:01.848 [main] INFO Env - @{3 SEND 1} Message(Ask)
inp.5 << 19:07:01.849 [main] INFO Env - @{5 RCVD 1} Message(Ask)
inp.1 << 19:07:01.849 [main] INFO Env - @{1 RCVD 3} Message(Share)
inp.1 << 19:07:01.849 [main] INFO Env - @{1 RCVD 3} Message(Ask)
inp.5 << 19:07:01.849 [main] INFO Env - @{5 SEND 1} Message(Share)
inp.2 << 19:07:01.849 [main] INFO Env - @{2 RCVD 1} Message(Ask)
inp.4 << 19:07:01.849 [main] INFO Env - @{4 RCVD 1} Message(Ask)
inp.2 << 19:07:01.849 [main] INFO Env - @{2 UNLOCKED}
inp.2 << 19:07:01.849 [main] INFO Env - @{2 SEND 1} Message(Share)
inp.2 << 19:07:01.849 [main] INFO Env - @{2 SEND 3} Message(Share)
inp.4 << 19:07:01.849 [main] INFO Env - @{4 SEND 1} Message(Share)
inp.2 << 19:07:01.849 [main] INFO Env - @{2 SEND 4} Message(Share)
inp.3 << 19:07:01.849 [main] INFO Env - @{3 RCVD 2} Message(Share)
inp.4 << 19:07:01.850 [main] INFO Env - @{4 SEND 1} Message(Ask)
inp.1 << 19:07:01.850 [main] INFO Env - @{1 RCVD 5} Message(Share)
inp.4 << 19:07:01.850 [main] INFO Env - @{4 RCVD 2} Message(Share)
inp.1 << 19:07:01.850 [main] INFO Env - @{1 RCVD 2} Message(Share)
inp.1 << 19:07:01.850 [main] INFO Env - @{1 RCVD 4} Message(Share)
inp.1 << 19:07:01.850 [main] INFO Env - @{1 LOCKED}
inp.1 << 19:07:01.850 [main] INFO Env - @{1 RCVD 4} Message(Ask)
out.1 >> unlock
inp.1 << 19:07:01.850 [main] INFO Env - @{1 UNLOCKED}
inp.1 << 19:07:01.851 [main] INFO Env - @{1 SEND 3} Message(Share)
inp.3 << 19:07:01.852 [main] INFO Env - @{3 RCVD 1} Message(Share)
inp.1 << 19:07:01.852 [main] INFO Env - @{1 SEND 4} Message(Share)
inp.3 << 19:07:01.853 [main] INFO Env - @{3 LOCKED}
out.3 >> unlock
inp.4 << 19:07:01.853 [main] INFO Env - @{4 RCVD 1} Message(Share)
inp.3 << 19:07:01.854 [main] INFO Env - @{3 UNLOCKED}
inp.3 << 19:07:01.855 [main] INFO Env - @{3 SEND 4} Message(Share)
inp.4 << 19:07:01.857 [main] INFO Env - @{4 RCVD 3} Message(Share)
inp.4 << 19:07:01.857 [main] INFO Env - @{4 LOCKED}
out.4 >> unlock
inp.4 << 19:07:01.859 [main] INFO Env - @{4 UNLOCKED}
out.1 >> ping
out.2 >> ping
out.3 >> ping
out.4 >> ping
out.5 >> ping
inp.3 << 19:07:01.859 [main] INFO Env - @{3 PONG}
inp.5 << 19:07:01.860 [main] INFO Env - @{5 PONG}
inp.1 << 19:07:01.860 [main] INFO Env - @{1 PONG}
inp.2 << 19:07:01.860 [main] INFO Env - @{2 PONG}
inp.4 << 19:07:01.860 [main] INFO Env - @{4 PONG}
out.3 >> lock
inp.3 << 19:07:01.860 [main] INFO Env - @{3 SEND 4} Message(Ask)
inp.4 << 19:07:01.860 [main] INFO Env - @{4 RCVD 3} Message(Ask)
inp.4 << 19:07:01.860 [main] INFO Env - @{4 SEND 3} Message(Share)
inp.3 << 19:07:01.861 [main] INFO Env - @{3 RCVD 4} Message(Share)
inp.3 << 19:07:01.861 [main] INFO Env - @{3 LOCKED}
out.3 >> unlock
inp.3 << 19:07:01.861 [main] INFO Env - @{3 UNLOCKED}
out.1 >> ping
out.2 >> ping
out.3 >> ping
out.4 >> ping
out.5 >> ping
inp.3 << 19:07:01.862 [main] INFO Env - @{3 PONG}
inp.5 << 19:07:01.862 [main] INFO Env - @{5 PONG}
inp.1 << 19:07:01.862 [main] INFO Env - @{1 PONG}
inp.2 << 19:07:01.862 [main] INFO Env - @{2 PONG}
inp.4 << 19:07:01.862 [main] INFO Env - @{4 PONG}
out.3 >> lock
inp.3 << 19:07:01.863 [main] INFO Env - @{3 LOCKED}
out.3 >> unlock
inp.3 << 19:07:01.863 [main] INFO Env - @{3 UNLOCKED}
out.1 >> ping
out.2 >> ping
out.3 >> ping
out.4 >> ping
out.5 >> ping
inp.3 << 19:07:01.864 [main] INFO Env - @{3 PONG}
inp.5 << 19:07:01.864 [main] INFO Env - @{5 PONG}
inp.1 << 19:07:01.864 [main] INFO Env - @{1 PONG}
inp.2 << 19:07:01.864 [main] INFO Env - @{2 PONG}
inp.4 << 19:07:01.865 [main] INFO Env - @{4 PONG}
out.3 >> lock
inp.3 << 19:07:01.865 [main] INFO Env - @{3 LOCKED}
out.3 >> unlock
inp.3 << 19:07:01.865 [main] INFO Env - @{3 UNLOCKED}
out.1 >> ping
out.2 >> ping
out.3 >> ping
out.4 >> ping
out.5 >> ping
inp.5 << 19:07:01.865 [main] INFO Env - @{5 PONG}
inp.3 << 19:07:01.866 [main] INFO Env - @{3 PONG}
inp.1 << 19:07:01.866 [main] INFO Env - @{1 PONG}
inp.2 << 19:07:01.866 [main] INFO Env - @{2 PONG}
inp.4 << 19:07:01.866 [main] INFO Env - @{4 PONG}
out.3 >> lock
out.4 >> lock
inp.3 << 19:07:01.867 [main] INFO Env - @{3 LOCKED}
out.3 >> unlock
inp.4 << 19:07:01.867 [main] INFO Env - @{4 SEND 3} Message(Ask)
inp.3 << 19:07:01.867 [main] INFO Env - @{3 UNLOCKED}
inp.3 << 19:07:01.867 [main] INFO Env - @{3 RCVD 4} Message(Ask)
inp.3 << 19:07:01.867 [main] INFO Env - @{3 SEND 4} Message(Share)
inp.4 << 19:07:01.868 [main] INFO Env - @{4 RCVD 3} Message(Share)
inp.4 << 19:07:01.868 [main] INFO Env - @{4 LOCKED}
out.4 >> unlock
inp.4 << 19:07:01.868 [main] INFO Env - @{4 UNLOCKED}
out.1 >> ping
out.2 >> ping
out.3 >> ping
out.4 >> ping
out.5 >> ping
inp.3 << 19:07:01.869 [main] INFO Env - @{3 PONG}
inp.1 << 19:07:01.869 [main] INFO Env - @{1 PONG}
inp.5 << 19:07:01.869 [main] INFO Env - @{5 PONG}
inp.2 << 19:07:01.869 [main] INFO Env - @{2 PONG}
inp.4 << 19:07:01.869 [main] INFO Env - @{4 PONG}
out.3 >> lock
out.4 >> lock
inp.4 << 19:07:01.869 [main] INFO Env - @{4 LOCKED}
inp.3 << 19:07:01.869 [main] INFO Env - @{3 SEND 4} Message(Ask)
out.4 >> unlock
inp.4 << 19:07:01.869 [main] INFO Env - @{4 RCVD 3} Message(Ask)
inp.4 << 19:07:01.869 [main] INFO Env - @{4 UNLOCKED}
inp.4 << 19:07:01.869 [main] INFO Env - @{4 SEND 3} Message(Share)
inp.3 << 19:07:01.870 [main] INFO Env - @{3 RCVD 4} Message(Share)
inp.3 << 19:07:01.870 [main] INFO Env - @{3 LOCKED}
out.3 >> unlock
inp.3 << 19:07:01.870 [main] INFO Env - @{3 UNLOCKED}
out.1 >> ping
out.2 >> ping
out.3 >> ping
out.4 >> ping
out.5 >> ping
inp.3 << 19:07:01.870 [main] INFO Env - @{3 PONG}
inp.5 << 19:07:01.870 [main] INFO Env - @{5 PONG}
inp.1 << 19:07:01.870 [main] INFO Env - @{1 PONG}
inp.2 << 19:07:01.870 [main] INFO Env - @{2 PONG}
inp.4 << 19:07:01.870 [main] INFO Env - @{4 PONG}
out.3 >> lock
out.4 >> lock
inp.3 << 19:07:01.871 [main] INFO Env - @{3 LOCKED}
out.3 >> unlock
inp.4 << 19:07:01.871 [main] INFO Env - @{4 SEND 3} Message(Ask)
inp.3 << 19:07:01.871 [main] INFO Env - @{3 UNLOCKED}
inp.3 << 19:07:01.871 [main] INFO Env - @{3 RCVD 4} Message(Ask)
inp.3 << 19:07:01.871 [main] INFO Env - @{3 SEND 4} Message(Share)
inp.4 << 19:07:01.871 [main] INFO Env - @{4 RCVD 3} Message(Share)
inp.4 << 19:07:01.871 [main] INFO Env - @{4 LOCKED}
out.4 >> unlock
inp.4 << 19:07:01.872 [main] INFO Env - @{4 UNLOCKED}
out.1 >> ping
out.2 >> ping
out.3 >> ping
out.4 >> ping
out.5 >> ping
inp.3 << 19:07:01.872 [main] INFO Env - @{3 PONG}
inp.5 << 19:07:01.872 [main] INFO Env - @{5 PONG}
inp.1 << 19:07:01.872 [main] INFO Env - @{1 PONG}
inp.2 << 19:07:01.872 [main] INFO Env - @{2 PONG}
inp.4 << 19:07:01.872 [main] INFO Env - @{4 PONG}
out.1 >> ping
out.2 >> ping
out.3 >> ping
out.4 >> ping
out.5 >> ping
inp.3 << 19:07:01.873 [main] INFO Env - @{3 PONG}
inp.5 << 19:07:01.873 [main] INFO Env - @{5 PONG}
inp.1 << 19:07:01.873 [main] INFO Env - @{1 PONG}
inp.4 << 19:07:01.873 [main] INFO Env - @{4 PONG}
inp.2 << 19:07:01.873 [main] INFO Env - @{2 PONG}
out.1 >> lock
inp.1 << 19:07:01.873 [main] INFO Env - @{1 SEND 3} Message(Ask)
inp.1 << 19:07:01.873 [main] INFO Env - @{1 SEND 4} Message(Ask)
inp.4 << 19:07:01.874 [main] INFO Env - @{4 RCVD 1} Message(Ask)
inp.3 << 19:07:01.874 [main] INFO Env - @{3 RCVD 1} Message(Ask)
inp.4 << 19:07:01.874 [main] INFO Env - @{4 SEND 1} Message(Share)
inp.3 << 19:07:01.874 [main] INFO Env - @{3 SEND 1} Message(Share)
inp.1 << 19:07:01.874 [main] INFO Env - @{1 RCVD 3} Message(Share)
inp.1 << 19:07:01.874 [main] INFO Env - @{1 RCVD 4} Message(Share)
inp.1 << 19:07:01.874 [main] INFO Env - @{1 LOCKED}
out.1 >> unlock
inp.1 << 19:07:01.874 [main] INFO Env - @{1 UNLOCKED}
out.1 >> ping
out.2 >> ping
out.3 >> ping
out.4 >> ping
out.5 >> ping
inp.3 << 19:07:01.875 [main] INFO Env - @{3 PONG}
inp.5 << 19:07:01.875 [main] INFO Env - @{5 PONG}
inp.1 << 19:07:01.875 [main] INFO Env - @{1 PONG}
inp.2 << 19:07:01.875 [main] INFO Env - @{2 PONG}
inp.4 << 19:07:01.875 [main] INFO Env - @{4 PONG}
out.2 >> lock
inp.2 << 19:07:01.875 [main] INFO Env - @{2 SEND 1} Message(Ask)
inp.2 << 19:07:01.876 [main] INFO Env - @{2 SEND 3} Message(Ask)
inp.2 << 19:07:01.876 [main] INFO Env - @{2 SEND 4} Message(Ask)
inp.3 << 19:07:01.876 [main] INFO Env - @{3 RCVD 2} Message(Ask)
inp.3 << 19:07:01.876 [main] INFO Env - @{3 SEND 2} Message(Share)
inp.1 << 19:07:01.876 [main] INFO Env - @{1 RCVD 2} Message(Ask)
inp.1 << 19:07:01.876 [main] INFO Env - @{1 SEND 2} Message(Share)
inp.4 << 19:07:01.876 [main] INFO Env - @{4 RCVD 2} Message(Ask)
inp.4 << 19:07:01.876 [main] INFO Env - @{4 SEND 2} Message(Share)
inp.2 << 19:07:01.876 [main] INFO Env - @{2 RCVD 3} Message(Share)
inp.2 << 19:07:01.876 [main] INFO Env - @{2 RCVD 4} Message(Share)
inp.2 << 19:07:01.876 [main] INFO Env - @{2 RCVD 1} Message(Share)
inp.2 << 19:07:01.876 [main] INFO Env - @{2 LOCKED}
out.2 >> unlock
inp.2 << 19:07:01.876 [main] INFO Env - @{2 UNLOCKED}
out.1 >> ping
out.2 >> ping
out.3 >> ping
out.4 >> ping
out.5 >> ping
inp.5 << 19:07:01.877 [main] INFO Env - @{5 PONG}
inp.3 << 19:07:01.877 [main] INFO Env - @{3 PONG}
inp.1 << 19:07:01.877 [main] INFO Env - @{1 PONG}
inp.2 << 19:07:01.877 [main] INFO Env - @{2 PONG}
inp.4 << 19:07:01.878 [main] INFO Env - @{4 PONG}
out.3 >> lock
inp.3 << 19:07:01.878 [main] INFO Env - @{3 SEND 1} Message(Ask)
inp.3 << 19:07:01.878 [main] INFO Env - @{3 SEND 2} Message(Ask)
inp.3 << 19:07:01.878 [main] INFO Env - @{3 SEND 4} Message(Ask)
inp.1 << 19:07:01.878 [main] INFO Env - @{1 RCVD 3} Message(Ask)
inp.1 << 19:07:01.878 [main] INFO Env - @{1 SEND 3} Message(Share)
inp.2 << 19:07:01.878 [main] INFO Env - @{2 RCVD 3} Message(Ask)
inp.3 << 19:07:01.878 [main] INFO Env - @{3 RCVD 1} Message(Share)
inp.2 << 19:07:01.879 [main] INFO Env - @{2 SEND 3} Message(Share)
inp.4 << 19:07:01.879 [main] INFO Env - @{4 RCVD 3} Message(Ask)
inp.3 << 19:07:01.879 [main] INFO Env - @{3 RCVD 2} Message(Share)
inp.4 << 19:07:01.879 [main] INFO Env - @{4 SEND 3} Message(Share)
inp.3 << 19:07:01.879 [main] INFO Env - @{3 RCVD 4} Message(Share)
inp.3 << 19:07:01.879 [main] INFO Env - @{3 LOCKED}
out.3 >> unlock
inp.3 << 19:07:01.879 [main] INFO Env - @{3 UNLOCKED}
out.1 >> ping
out.2 >> ping
out.3 >> ping
out.4 >> ping
out.5 >> ping
inp.5 << 19:07:01.880 [main] INFO Env - @{5 PONG}
inp.3 << 19:07:01.880 [main] INFO Env - @{3 PONG}
inp.1 << 19:07:01.880 [main] INFO Env - @{1 PONG}
inp.2 << 19:07:01.880 [main] INFO Env - @{2 PONG}
inp.4 << 19:07:01.880 [main] INFO Env - @{4 PONG}
out.4 >> lock
inp.4 << 19:07:01.881 [main] INFO Env - @{4 SEND 1} Message(Ask)
inp.4 << 19:07:01.881 [main] INFO Env - @{4 SEND 2} Message(Ask)
inp.4 << 19:07:01.881 [main] INFO Env - @{4 SEND 3} Message(Ask)
inp.3 << 19:07:01.881 [main] INFO Env - @{3 RCVD 4} Message(Ask)
inp.3 << 19:07:01.881 [main] INFO Env - @{3 SEND 4} Message(Share)
inp.1 << 19:07:01.881 [main] INFO Env - @{1 RCVD 4} Message(Ask)
inp.1 << 19:07:01.881 [main] INFO Env - @{1 SEND 4} Message(Share)
inp.4 << 19:07:01.881 [main] INFO Env - @{4 RCVD 3} Message(Share)
inp.2 << 19:07:01.881 [main] INFO Env - @{2 RCVD 4} Message(Ask)
inp.2 << 19:07:01.881 [main] INFO Env - @{2 SEND 4} Message(Share)
inp.4 << 19:07:01.882 [main] INFO Env - @{4 RCVD 1} Message(Share)
inp.4 << 19:07:01.882 [main] INFO Env - @{4 RCVD 2} Message(Share)
inp.4 << 19:07:01.882 [main] INFO Env - @{4 LOCKED}
out.4 >> unlock
inp.4 << 19:07:01.882 [main] INFO Env - @{4 UNLOCKED}
out.1 >> ping
out.2 >> ping
out.3 >> ping
out.4 >> ping
out.5 >> ping
inp.5 << 19:07:01.882 [main] INFO Env - @{5 PONG}
inp.3 << 19:07:01.883 [main] INFO Env - @{3 PONG}
inp.1 << 19:07:01.883 [main] INFO Env - @{1 PONG}
inp.2 << 19:07:01.883 [main] INFO Env - @{2 PONG}
inp.4 << 19:07:01.883 [main] INFO Env - @{4 PONG}
out.5 >> lock
inp.5 << 19:07:01.883 [main] INFO Env - @{5 SEND 1} Message(Ask)
inp.5 << 19:07:01.883 [main] INFO Env - @{5 SEND 2} Message(Ask)
inp.5 << 19:07:01.883 [main] INFO Env - @{5 SEND 3} Message(Ask)
inp.5 << 19:07:01.884 [main] INFO Env - @{5 SEND 4} Message(Ask)
inp.1 << 19:07:01.884 [main] INFO Env - @{1 RCVD 5} Message(Ask)
inp.1 << 19:07:01.884 [main] INFO Env - @{1 SEND 5} Message(Share)
inp.3 << 19:07:01.884 [main] INFO Env - @{3 RCVD 5} Message(Ask)
inp.3 << 19:07:01.884 [main] INFO Env - @{3 SEND 5} Message(Share)
inp.5 << 19:07:01.884 [main] INFO Env - @{5 RCVD 1} Message(Share)
inp.2 << 19:07:01.884 [main] INFO Env - @{2 RCVD 5} Message(Ask)
inp.5 << 19:07:01.884 [main] INFO Env - @{5 RCVD 3} Message(Share)
inp.2 << 19:07:01.884 [main] INFO Env - @{2 SEND 5} Message(Share)
inp.4 << 19:07:01.884 [main] INFO Env - @{4 RCVD 5} Message(Ask)
inp.5 << 19:07:01.884 [main] INFO Env - @{5 RCVD 2} Message(Share)
inp.4 << 19:07:01.884 [main] INFO Env - @{4 SEND 5} Message(Share)
inp.5 << 19:07:01.884 [main] INFO Env - @{5 RCVD 4} Message(Share)
inp.5 << 19:07:01.884 [main] INFO Env - @{5 LOCKED}
out.5 >> unlock
inp.5 << 19:07:01.885 [main] INFO Env - @{5 UNLOCKED}
out.1 >> ping
out.2 >> ping
out.3 >> ping
out.4 >> ping
out.5 >> ping
inp.5 << 19:07:01.885 [main] INFO Env - @{5 PONG}
inp.3 << 19:07:01.885 [main] INFO Env - @{3 PONG}
inp.1 << 19:07:01.885 [main] INFO Env - @{1 PONG}
inp.2 << 19:07:01.885 [main] INFO Env - @{2 PONG}
inp.4 << 19:07:01.885 [main] INFO Env - @{4 PONG}
out.3 >> lock
out.4 >> lock
out.2 >> lock
out.1 >> lock
out.5 >> lock
inp.5 << 19:07:01.886 [main] INFO Env - @{5 LOCKED}
inp.3 << 19:07:01.886 [main] INFO Env - @{3 SEND 4} Message(Ask)
inp.4 << 19:07:01.886 [main] INFO Env - @{4 SEND 5} Message(Ask)
inp.3 << 19:07:01.886 [main] INFO Env - @{3 SEND 5} Message(Ask)
out.5 >> unlock
inp.4 << 19:07:01.886 [main] INFO Env - @{4 RCVD 3} Message(Ask)
inp.4 << 19:07:01.886 [main] INFO Env - @{4 SEND 3} Message(Share)
inp.5 << 19:07:01.886 [main] INFO Env - @{5 RCVD 3} Message(Ask)
inp.5 << 19:07:01.886 [main] INFO Env - @{5 RCVD 4} Message(Ask)
inp.5 << 19:07:01.886 [main] INFO Env - @{5 UNLOCKED}
inp.2 << 19:07:01.886 [main] INFO Env - @{2 SEND 3} Message(Ask)
inp.2 << 19:07:01.886 [main] INFO Env - @{2 SEND 4} Message(Ask)
inp.5 << 19:07:01.886 [main] INFO Env - @{5 SEND 3} Message(Share)
inp.2 << 19:07:01.887 [main] INFO Env - @{2 SEND 5} Message(Ask)
inp.5 << 19:07:01.887 [main] INFO Env - @{5 SEND 4} Message(Share)
inp.5 << 19:07:01.887 [main] INFO Env - @{5 RCVD 2} Message(Ask)
inp.3 << 19:07:01.887 [main] INFO Env - @{3 RCVD 4} Message(Share)
inp.5 << 19:07:01.887 [main] INFO Env - @{5 SEND 2} Message(Share)
inp.3 << 19:07:01.887 [main] INFO Env - @{3 RCVD 2} Message(Ask)
inp.4 << 19:07:01.887 [main] INFO Env - @{4 SEND 3} Message(Ask)
inp.3 << 19:07:01.887 [main] INFO Env - @{3 SEND 2} Message(Share)
inp.3 << 19:07:01.887 [main] INFO Env - @{3 SEND 2} Message(Ask)
inp.3 << 19:07:01.887 [main] INFO Env - @{3 RCVD 5} Message(Share)
inp.3 << 19:07:01.887 [main] INFO Env - @{3 RCVD 4} Message(Ask)
inp.4 << 19:07:01.887 [main] INFO Env - @{4 RCVD 2} Message(Ask)
inp.4 << 19:07:01.887 [main] INFO Env - @{4 SEND 2} Message(Share)
inp.1 << 19:07:01.887 [main] INFO Env - @{1 SEND 2} Message(Ask)
inp.1 << 19:07:01.887 [main] INFO Env - @{1 SEND 3} Message(Ask)
inp.1 << 19:07:01.887 [main] INFO Env - @{1 SEND 4} Message(Ask)
inp.2 << 19:07:01.887 [main] INFO Env - @{2 RCVD 5} Message(Share)
inp.4 << 19:07:01.887 [main] INFO Env - @{4 SEND 2} Message(Ask)
inp.1 << 19:07:01.887 [main] INFO Env - @{1 SEND 5} Message(Ask)
inp.3 << 19:07:01.887 [main] INFO Env - @{3 RCVD 1} Message(Ask)
inp.3 << 19:07:01.888 [main] INFO Env - @{3 SEND 1} Message(Share)
inp.4 << 19:07:01.888 [main] INFO Env - @{4 RCVD 5} Message(Share)
inp.4 << 19:07:01.888 [main] INFO Env - @{4 RCVD 1} Message(Ask)
inp.5 << 19:07:01.888 [main] INFO Env - @{5 RCVD 1} Message(Ask)
inp.4 << 19:07:01.888 [main] INFO Env - @{4 SEND 1} Message(Share)
inp.5 << 19:07:01.888 [main] INFO Env - @{5 SEND 1} Message(Share)
inp.4 << 19:07:01.888 [main] INFO Env - @{4 SEND 1} Message(Ask)
inp.2 << 19:07:01.888 [main] INFO Env - @{2 RCVD 3} Message(Share)
inp.3 << 19:07:01.888 [main] INFO Env - @{3 SEND 1} Message(Ask)
inp.2 << 19:07:01.888 [main] INFO Env - @{2 RCVD 3} Message(Ask)
inp.2 << 19:07:01.888 [main] INFO Env - @{2 RCVD 1} Message(Ask)
inp.1 << 19:07:01.888 [main] INFO Env - @{1 RCVD 3} Message(Share)
inp.2 << 19:07:01.888 [main] INFO Env - @{2 SEND 1} Message(Share)
inp.2 << 19:07:01.888 [main] INFO Env - @{2 SEND 1} Message(Ask)
inp.2 << 19:07:01.888 [main] INFO Env - @{2 RCVD 4} Message(Share)
inp.2 << 19:07:01.888 [main] INFO Env - @{2 RCVD 4} Message(Ask)
inp.1 << 19:07:01.888 [main] INFO Env - @{1 RCVD 4} Message(Share)
inp.1 << 19:07:01.888 [main] INFO Env - @{1 RCVD 4} Message(Ask)
inp.1 << 19:07:01.888 [main] INFO Env - @{1 RCVD 5} Message(Share)
inp.1 << 19:07:01.888 [main] INFO Env - @{1 RCVD 3} Message(Ask)
inp.1 << 19:07:01.888 [main] INFO Env - @{1 RCVD 2} Message(Share)
inp.1 << 19:07:01.888 [main] INFO Env - @{1 LOCKED}
inp.1 << 19:07:01.888 [main] INFO Env - @{1 RCVD 2} Message(Ask)
out.1 >> unlock
inp.1 << 19:07:01.888 [main] INFO Env - @{1 UNLOCKED}
inp.1 << 19:07:01.889 [main] INFO Env - @{1 SEND 2} Message(Share)
inp.1 << 19:07:01.889 [main] INFO Env - @{1 SEND 3} Message(Share)
inp.1 << 19:07:01.889 [main] INFO Env - @{1 SEND 4} Message(Share)
inp.2 << 19:07:01.889 [main] INFO Env - @{2 RCVD 1} Message(Share)
inp.2 << 19:07:01.889 [main] INFO Env - @{2 LOCKED}
inp.3 << 19:07:01.889 [main] INFO Env - @{3 RCVD 1} Message(Share)
out.2 >> unlock
inp.4 << 19:07:01.889 [main] INFO Env - @{4 RCVD 1} Message(Share)
inp.2 << 19:07:01.889 [main] INFO Env - @{2 UNLOCKED}
inp.2 << 19:07:01.889 [main] INFO Env - @{2 SEND 3} Message(Share)
inp.2 << 19:07:01.889 [main] INFO Env - @{2 SEND 4} Message(Share)
inp.3 << 19:07:01.889 [main] INFO Env - @{3 RCVD 2} Message(Share)
inp.3 << 19:07:01.890 [main] INFO Env - @{3 LOCKED}
inp.4 << 19:07:01.890 [main] INFO Env - @{4 RCVD 2} Message(Share)
out.3 >> unlock
inp.3 << 19:07:01.890 [main] INFO Env - @{3 UNLOCKED}
inp.3 << 19:07:01.890 [main] INFO Env - @{3 SEND 4} Message(Share)
inp.4 << 19:07:01.890 [main] INFO Env - @{4 RCVD 3} Message(Share)
inp.4 << 19:07:01.890 [main] INFO Env - @{4 LOCKED}
out.4 >> unlock
inp.4 << 19:07:01.891 [main] INFO Env - @{4 UNLOCKED}
out.1 >> ping
out.2 >> ping
out.3 >> ping
out.4 >> ping
out.5 >> ping
inp.5 << 19:07:01.891 [main] INFO Env - @{5 PONG}
inp.3 << 19:07:01.892 [main] INFO Env - @{3 PONG}
inp.1 << 19:07:01.892 [main] INFO Env - @{1 PONG}
inp.2 << 19:07:01.892 [main] INFO Env - @{2 PONG}
inp.4 << 19:07:01.892 [main] INFO Env - @{4 PONG}
out.1 >> lock
inp.1 << 19:07:01.892 [main] INFO Env - @{1 SEND 2} Message(Ask)
inp.1 << 19:07:01.892 [main] INFO Env - @{1 SEND 3} Message(Ask)
inp.1 << 19:07:01.892 [main] INFO Env - @{1 SEND 4} Message(Ask)
inp.3 << 19:07:01.893 [main] INFO Env - @{3 RCVD 1} Message(Ask)
inp.3 << 19:07:01.893 [main] INFO Env - @{3 SEND 1} Message(Share)
inp.2 << 19:07:01.893 [main] INFO Env - @{2 RCVD 1} Message(Ask)
inp.4 << 19:07:01.893 [main] INFO Env - @{4 RCVD 1} Message(Ask)
inp.2 << 19:07:01.893 [main] INFO Env - @{2 SEND 1} Message(Share)
inp.4 << 19:07:01.893 [main] INFO Env - @{4 SEND 1} Message(Share)
inp.1 << 19:07:01.893 [main] INFO Env - @{1 RCVD 3} Message(Share)
inp.1 << 19:07:01.893 [main] INFO Env - @{1 RCVD 2} Message(Share)
inp.1 << 19:07:01.893 [main] INFO Env - @{1 RCVD 4} Message(Share)
inp.1 << 19:07:01.893 [main] INFO Env - @{1 LOCKED}
out.1 >> unlock
inp.1 << 19:07:01.893 [main] INFO Env - @{1 UNLOCKED}
out.1 >> ping
out.2 >> ping
out.3 >> ping
out.4 >> ping
out.5 >> ping
inp.5 << 19:07:01.894 [main] INFO Env - @{5 PONG}
inp.1 << 19:07:01.894 [main] INFO Env - @{1 PONG}
inp.3 << 19:07:01.894 [main] INFO Env - @{3 PONG}
inp.4 << 19:07:01.894 [main] INFO Env - @{4 PONG}
inp.2 << 19:07:01.894 [main] INFO Env - @{2 PONG}
out.1 >> lock
inp.1 << 19:07:01.894 [main] INFO Env - @{1 LOCKED}
out.1 >> unlock
inp.1 << 19:07:01.894 [main] INFO Env - @{1 UNLOCKED}
out.1 >> ping
out.2 >> ping
out.3 >> ping
out.4 >> ping
out.5 >> ping
inp.3 << 19:07:01.895 [main] INFO Env - @{3 PONG}
inp.5 << 19:07:01.895 [main] INFO Env - @{5 PONG}
inp.1 << 19:07:01.895 [main] INFO Env - @{1 PONG}
inp.2 << 19:07:01.895 [main] INFO Env - @{2 PONG}
inp.4 << 19:07:01.895 [main] INFO Env - @{4 PONG}
out.1 >> lock
inp.1 << 19:07:01.895 [main] INFO Env - @{1 LOCKED}
out.1 >> unlock
inp.1 << 19:07:01.895 [main] INFO Env - @{1 UNLOCKED}
out.1 >> ping
out.2 >> ping
out.3 >> ping
out.4 >> ping
out.5 >> ping
inp.5 << 19:07:01.896 [main] INFO Env - @{5 PONG}
inp.3 << 19:07:01.896 [main] INFO Env - @{3 PONG}
inp.1 << 19:07:01.896 [main] INFO Env - @{1 PONG}
inp.2 << 19:07:01.896 [main] INFO Env - @{2 PONG}
inp.4 << 19:07:01.896 [main] INFO Env - @{4 PONG}
out.1 >> lock
out.3 >> lock
inp.1 << 19:07:01.896 [main] INFO Env - @{1 LOCKED}
inp.3 << 19:07:01.896 [main] INFO Env - @{3 SEND 1} Message(Ask)
out.1 >> unlock
inp.3 << 19:07:01.897 [main] INFO Env - @{3 SEND 4} Message(Ask)
inp.1 << 19:07:01.897 [main] INFO Env - @{1 RCVD 3} Message(Ask)
inp.1 << 19:07:01.897 [main] INFO Env - @{1 UNLOCKED}
inp.1 << 19:07:01.897 [main] INFO Env - @{1 SEND 3} Message(Share)
inp.4 << 19:07:01.897 [main] INFO Env - @{4 RCVD 3} Message(Ask)
inp.4 << 19:07:01.897 [main] INFO Env - @{4 SEND 3} Message(Share)
inp.3 << 19:07:01.897 [main] INFO Env - @{3 RCVD 1} Message(Share)
inp.3 << 19:07:01.897 [main] INFO Env - @{3 RCVD 4} Message(Share)
inp.3 << 19:07:01.897 [main] INFO Env - @{3 LOCKED}
out.3 >> unlock
inp.3 << 19:07:01.897 [main] INFO Env - @{3 UNLOCKED}
out.1 >> ping
out.2 >> ping
out.3 >> ping
out.4 >> ping
out.5 >> ping
inp.3 << 19:07:01.898 [main] INFO Env - @{3 PONG}
inp.5 << 19:07:01.898 [main] INFO Env - @{5 PONG}
inp.1 << 19:07:01.898 [main] INFO Env - @{1 PONG}
inp.2 << 19:07:01.898 [main] INFO Env - @{2 PONG}
inp.4 << 19:07:01.898 [main] INFO Env - @{4 PONG}
out.1 >> lock
out.3 >> lock
inp.3 << 19:07:01.898 [main] INFO Env - @{3 LOCKED}
out.3 >> unlock
inp.3 << 19:07:01.898 [main] INFO Env - @{3 UNLOCKED}
inp.1 << 19:07:01.899 [main] INFO Env - @{1 SEND 3} Message(Ask)
inp.3 << 19:07:01.899 [main] INFO Env - @{3 RCVD 1} Message(Ask)
inp.3 << 19:07:01.899 [main] INFO Env - @{3 SEND 1} Message(Share)
inp.1 << 19:07:01.899 [main] INFO Env - @{1 RCVD 3} Message(Share)
inp.1 << 19:07:01.899 [main] INFO Env - @{1 LOCKED}
out.1 >> unlock
inp.1 << 19:07:01.899 [main] INFO Env - @{1 UNLOCKED}
out.1 >> ping
out.2 >> ping
out.3 >> ping
out.4 >> ping
out.5 >> ping
inp.5 << 19:07:01.900 [main] INFO Env - @{5 PONG}
inp.3 << 19:07:01.900 [main] INFO Env - @{3 PONG}
inp.1 << 19:07:01.900 [main] INFO Env - @{1 PONG}
inp.2 << 19:07:01.900 [main] INFO Env - @{2 PONG}
inp.4 << 19:07:01.900 [main] INFO Env - @{4 PONG}
out.1 >> lock
out.3 >> lock
inp.3 << 19:07:01.901 [main] INFO Env - @{3 SEND 1} Message(Ask)
inp.1 << 19:07:01.901 [main] INFO Env - @{1 LOCKED}
out.1 >> unlock
inp.1 << 19:07:01.901 [main] INFO Env - @{1 RCVD 3} Message(Ask)
inp.1 << 19:07:01.901 [main] INFO Env - @{1 UNLOCKED}
inp.1 << 19:07:01.901 [main] INFO Env - @{1 SEND 3} Message(Share)
inp.3 << 19:07:01.901 [main] INFO Env - @{3 RCVD 1} Message(Share)
inp.3 << 19:07:01.901 [main] INFO Env - @{3 LOCKED}
out.3 >> unlock
inp.3 << 19:07:01.901 [main] INFO Env - @{3 UNLOCKED}
out.1 >> ping
out.2 >> ping
out.3 >> ping
out.4 >> ping
out.5 >> ping
inp.5 << 19:07:01.902 [main] INFO Env - @{5 PONG}
inp.3 << 19:07:01.902 [main] INFO Env - @{3 PONG}
inp.1 << 19:07:01.902 [main] INFO Env - @{1 PONG}
inp.2 << 19:07:01.902 [main] INFO Env - @{2 PONG}
inp.4 << 19:07:01.903 [main] INFO Env - @{4 PONG}
out.1 >> ping
out.2 >> ping
out.3 >> ping
out.4 >> ping
out.5 >> ping
inp.5 << 19:07:01.903 [main] INFO Env - @{5 PONG}
inp.3 << 19:07:01.903 [main] INFO Env - @{3 PONG}
inp.1 << 19:07:01.903 [main] INFO Env - @{1 PONG}
inp.2 << 19:07:01.903 [main] INFO Env - @{2 PONG}
inp.4 << 19:07:01.904 [main] INFO Env - @{4 PONG}
out.1 >> lock
inp.1 << 19:07:01.904 [main] INFO Env - @{1 SEND 3} Message(Ask)
inp.3 << 19:07:01.904 [main] INFO Env - @{3 RCVD 1} Message(Ask)
inp.3 << 19:07:01.904 [main] INFO Env - @{3 SEND 1} Message(Share)
inp.1 << 19:07:01.905 [main] INFO Env - @{1 RCVD 3} Message(Share)
inp.1 << 19:07:01.905 [main] INFO Env - @{1 LOCKED}
out.1 >> unlock
inp.1 << 19:07:01.905 [main] INFO Env - @{1 UNLOCKED}
out.1 >> ping
out.2 >> ping
out.3 >> ping
out.4 >> ping
out.5 >> ping
inp.3 << 19:07:01.906 [main] INFO Env - @{3 PONG}
inp.5 << 19:07:01.906 [main] INFO Env - @{5 PONG}
inp.1 << 19:07:01.906 [main] INFO Env - @{1 PONG}
inp.2 << 19:07:01.906 [main] INFO Env - @{2 PONG}
inp.4 << 19:07:01.906 [main] INFO Env - @{4 PONG}
out.2 >> lock
inp.2 << 19:07:01.906 [main] INFO Env - @{2 SEND 1} Message(Ask)
inp.2 << 19:07:01.906 [main] INFO Env - @{2 SEND 3} Message(Ask)
inp.2 << 19:07:01.907 [main] INFO Env - @{2 SEND 4} Message(Ask)
inp.3 << 19:07:01.907 [main] INFO Env - @{3 RCVD 2} Message(Ask)
inp.1 << 19:07:01.907 [main] INFO Env - @{1 RCVD 2} Message(Ask)
inp.3 << 19:07:01.907 [main] INFO Env - @{3 SEND 2} Message(Share)
inp.1 << 19:07:01.907 [main] INFO Env - @{1 SEND 2} Message(Share)
inp.4 << 19:07:01.907 [main] INFO Env - @{4 RCVD 2} Message(Ask)
inp.2 << 19:07:01.907 [main] INFO Env - @{2 RCVD 3} Message(Share)
inp.2 << 19:07:01.907 [main] INFO Env - @{2 RCVD 1} Message(Share)
inp.4 << 19:07:01.907 [main] INFO Env - @{4 SEND 2} Message(Share)
inp.2 << 19:07:01.907 [main] INFO Env - @{2 RCVD 4} Message(Share)
inp.2 << 19:07:01.907 [main] INFO Env - @{2 LOCKED}
out.2 >> unlock
inp.2 << 19:07:01.907 [main] INFO Env - @{2 UNLOCKED}
out.1 >> ping
out.2 >> ping
out.3 >> ping
out.4 >> ping
out.5 >> ping
inp.5 << 19:07:01.908 [main] INFO Env - @{5 PONG}
inp.3 << 19:07:01.908 [main] INFO Env - @{3 PONG}
inp.1 << 19:07:01.908 [main] INFO Env - @{1 PONG}
inp.2 << 19:07:01.908 [main] INFO Env - @{2 PONG}
inp.4 << 19:07:01.908 [main] INFO Env - @{4 PONG}
out.3 >> lock
inp.3 << 19:07:01.908 [main] INFO Env - @{3 SEND 1} Message(Ask)
inp.3 << 19:07:01.909 [main] INFO Env - @{3 SEND 2} Message(Ask)
inp.1 << 19:07:01.909 [main] INFO Env - @{1 RCVD 3} Message(Ask)
inp.2 << 19:07:01.909 [main] INFO Env - @{2 RCVD 3} Message(Ask)
inp.1 << 19:07:01.909 [main] INFO Env - @{1 SEND 3} Message(Share)
inp.2 << 19:07:01.909 [main] INFO Env - @{2 SEND 3} Message(Share)
inp.3 << 19:07:01.909 [main] INFO Env - @{3 RCVD 1} Message(Share)
inp.3 << 19:07:01.909 [main] INFO Env - @{3 RCVD 2} Message(Share)
inp.3 << 19:07:01.909 [main] INFO Env - @{3 LOCKED}
out.3 >> unlock
inp.3 << 19:07:01.909 [main] INFO Env - @{3 UNLOCKED}
out.1 >> ping
out.2 >> ping
out.3 >> ping
out.4 >> ping
out.5 >> ping
inp.5 << 19:07:01.910 [main] INFO Env - @{5 PONG}
inp.3 << 19:07:01.910 [main] INFO Env - @{3 PONG}
inp.2 << 19:07:01.910 [main] INFO Env - @{2 PONG}
inp.1 << 19:07:01.910 [main] INFO Env - @{1 PONG}
inp.4 << 19:07:01.910 [main] INFO Env - @{4 PONG}
out.4 >> lock
inp.4 << 19:07:01.910 [main] INFO Env - @{4 SEND 1} Message(Ask)
inp.4 << 19:07:01.911 [main] INFO Env - @{4 SEND 2} Message(Ask)
inp.4 << 19:07:01.911 [main] INFO Env - @{4 SEND 3} Message(Ask)
inp.1 << 19:07:01.911 [main] INFO Env - @{1 RCVD 4} Message(Ask)
inp.1 << 19:07:01.911 [main] INFO Env - @{1 SEND 4} Message(Share)
inp.3 << 19:07:01.911 [main] INFO Env - @{3 RCVD 4} Message(Ask)
inp.2 << 19:07:01.911 [main] INFO Env - @{2 RCVD 4} Message(Ask)
inp.3 << 19:07:01.911 [main] INFO Env - @{3 SEND 4} Message(Share)
inp.2 << 19:07:01.911 [main] INFO Env - @{2 SEND 4} Message(Share)
inp.4 << 19:07:01.911 [main] INFO Env - @{4 RCVD 1} Message(Share)
inp.4 << 19:07:01.911 [main] INFO Env - @{4 RCVD 3} Message(Share)
inp.4 << 19:07:01.911 [main] INFO Env - @{4 RCVD 2} Message(Share)
inp.4 << 19:07:01.911 [main] INFO Env - @{4 LOCKED}
out.4 >> unlock
inp.4 << 19:07:01.911 [main] INFO Env - @{4 UNLOCKED}
out.1 >> ping
out.2 >> ping
out.3 >> ping
out.4 >> ping
out.5 >> ping
inp.5 << 19:07:01.912 [main] INFO Env - @{5 PONG}
inp.3 << 19:07:01.912 [main] INFO Env - @{3 PONG}
inp.1 << 19:07:01.912 [main] INFO Env - @{1 PONG}
inp.2 << 19:07:01.912 [main] INFO Env - @{2 PONG}
inp.4 << 19:07:01.912 [main] INFO Env - @{4 PONG}
out.5 >> lock
inp.5 << 19:07:01.913 [main] INFO Env - @{5 SEND 1} Message(Ask)
inp.5 << 19:07:01.913 [main] INFO Env - @{5 SEND 2} Message(Ask)
inp.5 << 19:07:01.913 [main] INFO Env - @{5 SEND 3} Message(Ask)
inp.5 << 19:07:01.913 [main] INFO Env - @{5 SEND 4} Message(Ask)
inp.1 << 19:07:01.913 [main] INFO Env - @{1 RCVD 5} Message(Ask)
inp.3 << 19:07:01.913 [main] INFO Env - @{3 RCVD 5} Message(Ask)
inp.3 << 19:07:01.913 [main] INFO Env - @{3 SEND 5} Message(Share)
inp.1 << 19:07:01.913 [main] INFO Env - @{1 SEND 5} Message(Share)
inp.2 << 19:07:01.913 [main] INFO Env - @{2 RCVD 5} Message(Ask)
inp.5 << 19:07:01.913 [main] INFO Env - @{5 RCVD 1} Message(Share)
inp.2 << 19:07:01.913 [main] INFO Env - @{2 SEND 5} Message(Share)
inp.5 << 19:07:01.913 [main] INFO Env - @{5 RCVD 3} Message(Share)
inp.4 << 19:07:01.913 [main] INFO Env - @{4 RCVD 5} Message(Ask)
inp.5 << 19:07:01.914 [main] INFO Env - @{5 RCVD 2} Message(Share)
inp.4 << 19:07:01.914 [main] INFO Env - @{4 SEND 5} Message(Share)
inp.5 << 19:07:01.914 [main] INFO Env - @{5 RCVD 4} Message(Share)
inp.5 << 19:07:01.914 [main] INFO Env - @{5 LOCKED}
out.5 >> unlock
inp.5 << 19:07:01.914 [main] INFO Env - @{5 UNLOCKED}
out.1 >> ping
out.2 >> ping
out.3 >> ping
out.4 >> ping
out.5 >> ping
inp.5 << 19:07:01.914 [main] INFO Env - @{5 PONG}
inp.3 << 19:07:01.915 [main] INFO Env - @{3 PONG}
inp.1 << 19:07:01.915 [main] INFO Env - @{1 PONG}
inp.2 << 19:07:01.915 [main] INFO Env - @{2 PONG}
inp.4 << 19:07:01.915 [main] INFO Env - @{4 PONG}
out.1 >> lock
out.5 >> lock
out.2 >> lock
out.3 >> lock
out.4 >> lock
inp.5 << 19:07:01.915 [main] INFO Env - @{5 LOCKED}
out.5 >> unlock
inp.3 << 19:07:01.916 [main] INFO Env - @{3 SEND 4} Message(Ask)
inp.5 << 19:07:01.916 [main] INFO Env - @{5 UNLOCKED}
inp.3 << 19:07:01.916 [main] INFO Env - @{3 SEND 5} Message(Ask)
inp.1 << 19:07:01.916 [main] INFO Env - @{1 SEND 2} Message(Ask)
inp.1 << 19:07:01.916 [main] INFO Env - @{1 SEND 3} Message(Ask)
inp.1 << 19:07:01.916 [main] INFO Env - @{1 SEND 4} Message(Ask)
inp.1 << 19:07:01.916 [main] INFO Env - @{1 SEND 5} Message(Ask)
inp.5 << 19:07:01.916 [main] INFO Env - @{5 RCVD 3} Message(Ask)
inp.5 << 19:07:01.916 [main] INFO Env - @{5 SEND 3} Message(Share)
inp.3 << 19:07:01.916 [main] INFO Env - @{3 RCVD 1} Message(Ask)
inp.5 << 19:07:01.916 [main] INFO Env - @{5 RCVD 1} Message(Ask)
inp.5 << 19:07:01.916 [main] INFO Env - @{5 SEND 1} Message(Share)
inp.3 << 19:07:01.916 [main] INFO Env - @{3 SEND 1} Message(Share)
inp.3 << 19:07:01.916 [main] INFO Env - @{3 SEND 1} Message(Ask)
inp.3 << 19:07:01.916 [main] INFO Env - @{3 RCVD 5} Message(Share)
inp.2 << 19:07:01.916 [main] INFO Env - @{2 SEND 3} Message(Ask)
inp.3 << 19:07:01.917 [main] INFO Env - @{3 RCVD 2} Message(Ask)
inp.3 << 19:07:01.917 [main] INFO Env - @{3 SEND 2} Message(Share)
inp.4 << 19:07:01.917 [main] INFO Env - @{4 SEND 5} Message(Ask)
inp.4 << 19:07:01.917 [main] INFO Env - @{4 RCVD 3} Message(Ask)
inp.4 << 19:07:01.917 [main] INFO Env - @{4 SEND 3} Message(Share)
inp.3 << 19:07:01.917 [main] INFO Env - @{3 SEND 2} Message(Ask)
inp.5 << 19:07:01.917 [main] INFO Env - @{5 RCVD 4} Message(Ask)
inp.4 << 19:07:01.917 [main] INFO Env - @{4 SEND 3} Message(Ask)
inp.5 << 19:07:01.917 [main] INFO Env - @{5 SEND 4} Message(Share)
inp.4 << 19:07:01.917 [main] INFO Env - @{4 RCVD 1} Message(Ask)
inp.3 << 19:07:01.917 [main] INFO Env - @{3 RCVD 4} Message(Share)
inp.3 << 19:07:01.917 [main] INFO Env - @{3 RCVD 4} Message(Ask)
inp.4 << 19:07:01.917 [main] INFO Env - @{4 SEND 1} Message(Share)
inp.5 << 19:07:01.917 [main] INFO Env - @{5 RCVD 2} Message(Ask)
inp.1 << 19:07:01.917 [main] INFO Env - @{1 RCVD 5} Message(Share)
inp.1 << 19:07:01.917 [main] INFO Env - @{1 RCVD 3} Message(Share)
inp.1 << 19:07:01.917 [main] INFO Env - @{1 RCVD 3} Message(Ask)
inp.5 << 19:07:01.917 [main] INFO Env - @{5 SEND 2} Message(Share)
inp.1 << 19:07:01.917 [main] INFO Env - @{1 RCVD 4} Message(Share)
inp.1 << 19:07:01.917 [main] INFO Env - @{1 RCVD 2} Message(Share)
inp.1 << 19:07:01.917 [main] INFO Env - @{1 LOCKED}
inp.2 << 19:07:01.917 [main] INFO Env - @{2 SEND 4} Message(Ask)
inp.1 << 19:07:01.917 [main] INFO Env - @{1 RCVD 2} Message(Ask)
inp.2 << 19:07:01.917 [main] INFO Env - @{2 SEND 5} Message(Ask)
inp.4 << 19:07:01.917 [main] INFO Env - @{4 SEND 1} Message(Ask)
inp.2 << 19:07:01.917 [main] INFO Env - @{2 RCVD 1} Message(Ask)
inp.4 << 19:07:01.917 [main] INFO Env - @{4 RCVD 2} Message(Ask)
inp.4 << 19:07:01.917 [main] INFO Env - @{4 SEND 2} Message(Share)
inp.4 << 19:07:01.918 [main] INFO Env - @{4 SEND 2} Message(Ask)
inp.2 << 19:07:01.917 [main] INFO Env - @{2 SEND 1} Message(Share)
inp.4 << 19:07:01.918 [main] INFO Env - @{4 RCVD 5} Message(Share)
inp.2 << 19:07:01.917 [main] INFO Env - @{2 SEND 1} Message(Ask)
inp.2 << 19:07:01.917 [main] INFO Env - @{2 RCVD 3} Message(Share)
inp.2 << 19:07:01.917 [main] INFO Env - @{2 RCVD 3} Message(Ask)
inp.2 << 19:07:01.918 [main] INFO Env - @{2 RCVD 5} Message(Share)
inp.2 << 19:07:01.918 [main] INFO Env - @{2 RCVD 4} Message(Share)
inp.2 << 19:07:01.918 [main] INFO Env - @{2 RCVD 4} Message(Ask)
out.1 >> unlock
inp.1 << 19:07:01.918 [main] INFO Env - @{1 RCVD 4} Message(Ask)
inp.1 << 19:07:01.918 [main] INFO Env - @{1 UNLOCKED}
inp.1 << 19:07:01.918 [main] INFO Env - @{1 SEND 2} Message(Share)
inp.1 << 19:07:01.918 [main] INFO Env - @{1 SEND 3} Message(Share)
inp.1 << 19:07:01.918 [main] INFO Env - @{1 SEND 4} Message(Share)
inp.2 << 19:07:01.918 [main] INFO Env - @{2 RCVD 1} Message(Share)
inp.4 << 19:07:01.918 [main] INFO Env - @{4 RCVD 1} Message(Share)
inp.3 << 19:07:01.918 [main] INFO Env - @{3 RCVD 1} Message(Share)
inp.2 << 19:07:01.918 [main] INFO Env - @{2 LOCKED}
out.2 >> unlock
inp.2 << 19:07:01.918 [main] INFO Env - @{2 UNLOCKED}
inp.2 << 19:07:01.919 [main] INFO Env - @{2 SEND 3} Message(Share)
inp.2 << 19:07:01.919 [main] INFO Env - @{2 SEND 4} Message(Share)
inp.3 << 19:07:01.919 [main] INFO Env - @{3 RCVD 2} Message(Share)
inp.3 << 19:07:01.919 [main] INFO Env - @{3 LOCKED}
out.3 >> unlock
inp.4 << 19:07:01.919 [main] INFO Env - @{4 RCVD 2} Message(Share)
inp.3 << 19:07:01.919 [main] INFO Env - @{3 UNLOCKED}
inp.3 << 19:07:01.919 [main] INFO Env - @{3 SEND 4} Message(Share)
inp.4 << 19:07:01.919 [main] INFO Env - @{4 RCVD 3} Message(Share)
inp.4 << 19:07:01.919 [main] INFO Env - @{4 LOCKED}
out.4 >> unlock
inp.4 << 19:07:01.919 [main] INFO Env - @{4 UNLOCKED}
out.1 >> ping
out.2 >> ping
out.3 >> ping
out.4 >> ping
out.5 >> ping
inp.3 << 19:07:01.920 [main] INFO Env - @{3 PONG}
inp.5 << 19:07:01.920 [main] INFO Env - @{5 PONG}
inp.1 << 19:07:01.920 [main] INFO Env - @{1 PONG}
inp.4 << 19:07:01.920 [main] INFO Env - @{4 PONG}
inp.2 << 19:07:01.920 [main] INFO Env - @{2 PONG}
out.5 >> lock
inp.5 << 19:07:01.920 [main] INFO Env - @{5 SEND 1} Message(Ask)
inp.5 << 19:07:01.920 [main] INFO Env - @{5 SEND 2} Message(Ask)
inp.5 << 19:07:01.920 [main] INFO Env - @{5 SEND 3} Message(Ask)
inp.1 << 19:07:01.920 [main] INFO Env - @{1 RCVD 5} Message(Ask)
inp.5 << 19:07:01.921 [main] INFO Env - @{5 SEND 4} Message(Ask)
inp.3 << 19:07:01.921 [main] INFO Env - @{3 RCVD 5} Message(Ask)
inp.1 << 19:07:01.921 [main] INFO Env - @{1 SEND 5} Message(Share)
inp.3 << 19:07:01.921 [main] INFO Env - @{3 SEND 5} Message(Share)
inp.5 << 19:07:01.921 [main] INFO Env - @{5 RCVD 1} Message(Share)
inp.5 << 19:07:01.921 [main] INFO Env - @{5 RCVD 3} Message(Share)
inp.2 << 19:07:01.921 [main] INFO Env - @{2 RCVD 5} Message(Ask)
inp.2 << 19:07:01.921 [main] INFO Env - @{2 SEND 5} Message(Share)
inp.4 << 19:07:01.921 [main] INFO Env - @{4 RCVD 5} Message(Ask)
inp.4 << 19:07:01.921 [main] INFO Env - @{4 SEND 5} Message(Share)
inp.5 << 19:07:01.921 [main] INFO Env - @{5 RCVD 2} Message(Share)
inp.5 << 19:07:01.921 [main] INFO Env - @{5 RCVD 4} Message(Share)
inp.5 << 19:07:01.921 [main] INFO Env - @{5 LOCKED}
out.5 >> unlock
inp.5 << 19:07:01.922 [main] INFO Env - @{5 UNLOCKED}
out.1 >> ping
out.2 >> ping
out.3 >> ping
out.4 >> ping
out.5 >> ping
inp.5 << 19:07:01.922 [main] INFO Env - @{5 PONG}
inp.3 << 19:07:01.922 [main] INFO Env - @{3 PONG}
inp.1 << 19:07:01.922 [main] INFO Env - @{1 PONG}
inp.4 << 19:07:01.922 [main] INFO Env - @{4 PONG}
inp.2 << 19:07:01.922 [main] INFO Env - @{2 PONG}
out.5 >> lock
inp.5 << 19:07:01.922 [main] INFO Env - @{5 LOCKED}
out.5 >> unlock
inp.5 << 19:07:01.922 [main] INFO Env - @{5 UNLOCKED}
out.1 >> ping
out.2 >> ping
out.3 >> ping
out.4 >> ping
out.5 >> ping
inp.5 << 19:07:01.923 [main] INFO Env - @{5 PONG}
inp.3 << 19:07:01.923 [main] INFO Env - @{3 PONG}
inp.1 << 19:07:01.923 [main] INFO Env - @{1 PONG}
inp.2 << 19:07:01.923 [main] INFO Env - @{2 PONG}
inp.4 << 19:07:01.923 [main] INFO Env - @{4 PONG}
out.5 >> lock
inp.5 << 19:07:01.923 [main] INFO Env - @{5 LOCKED}
out.5 >> unlock
inp.5 << 19:07:01.923 [main] INFO Env - @{5 UNLOCKED}
out.1 >> ping
out.2 >> ping
out.3 >> ping
out.4 >> ping
out.5 >> ping
inp.5 << 19:07:01.924 [main] INFO Env - @{5 PONG}
inp.2 << 19:07:01.924 [main] INFO Env - @{2 PONG}
inp.3 << 19:07:01.924 [main] INFO Env - @{3 PONG}
inp.1 << 19:07:01.924 [main] INFO Env - @{1 PONG}
inp.4 << 19:07:01.924 [main] INFO Env - @{4 PONG}
out.5 >> lock
out.2 >> lock
inp.5 << 19:07:01.925 [main] INFO Env - @{5 LOCKED}
out.5 >> unlock
inp.5 << 19:07:01.925 [main] INFO Env - @{5 UNLOCKED}
inp.2 << 19:07:01.925 [main] INFO Env - @{2 SEND 3} Message(Ask)
inp.2 << 19:07:01.925 [main] INFO Env - @{2 SEND 4} Message(Ask)
inp.2 << 19:07:01.925 [main] INFO Env - @{2 SEND 5} Message(Ask)
inp.5 << 19:07:01.925 [main] INFO Env - @{5 RCVD 2} Message(Ask)
inp.5 << 19:07:01.926 [main] INFO Env - @{5 SEND 2} Message(Share)
inp.3 << 19:07:01.925 [main] INFO Env - @{3 RCVD 2} Message(Ask)
inp.4 << 19:07:01.925 [main] INFO Env - @{4 RCVD 2} Message(Ask)
inp.3 << 19:07:01.925 [main] INFO Env - @{3 SEND 2} Message(Share)
inp.4 << 19:07:01.926 [main] INFO Env - @{4 SEND 2} Message(Share)
inp.2 << 19:07:01.926 [main] INFO Env - @{2 RCVD 3} Message(Share)
inp.2 << 19:07:01.926 [main] INFO Env - @{2 RCVD 5} Message(Share)
inp.2 << 19:07:01.926 [main] INFO Env - @{2 RCVD 4} Message(Share)
inp.2 << 19:07:01.926 [main] INFO Env - @{2 LOCKED}
out.2 >> unlock
inp.2 << 19:07:01.926 [main] INFO Env - @{2 UNLOCKED}
out.1 >> ping
out.2 >> ping
out.3 >> ping
out.4 >> ping
out.5 >> ping
inp.5 << 19:07:01.927 [main] INFO Env - @{5 PONG}
inp.3 << 19:07:01.927 [main] INFO Env - @{3 PONG}
inp.1 << 19:07:01.927 [main] INFO Env - @{1 PONG}
inp.2 << 19:07:01.927 [main] INFO Env - @{2 PONG}
inp.4 << 19:07:01.927 [main] INFO Env - @{4 PONG}
out.5 >> lock
out.2 >> lock
inp.2 << 19:07:01.928 [main] INFO Env - @{2 LOCKED}
inp.2 << 19:07:01.928 [main] INFO Env - @{2 RCVD 5} Message(Ask)
inp.5 << 19:07:01.928 [main] INFO Env - @{5 SEND 2} Message(Ask)
out.2 >> unlock
inp.2 << 19:07:01.928 [main] INFO Env - @{2 UNLOCKED}
inp.2 << 19:07:01.928 [main] INFO Env - @{2 SEND 5} Message(Share)
inp.5 << 19:07:01.928 [main] INFO Env - @{5 RCVD 2} Message(Share)
inp.5 << 19:07:01.929 [main] INFO Env - @{5 LOCKED}
out.5 >> unlock
inp.5 << 19:07:01.929 [main] INFO Env - @{5 UNLOCKED}
out.1 >> ping
out.2 >> ping
out.3 >> ping
out.4 >> ping
out.5 >> ping
inp.5 << 19:07:01.929 [main] INFO Env - @{5 PONG}
inp.3 << 19:07:01.929 [main] INFO Env - @{3 PONG}
inp.1 << 19:07:01.929 [main] INFO Env - @{1 PONG}
inp.2 << 19:07:01.929 [main] INFO Env - @{2 PONG}
inp.4 << 19:07:01.929 [main] INFO Env - @{4 PONG}
out.5 >> lock
out.2 >> lock
inp.5 << 19:07:01.930 [main] INFO Env - @{5 LOCKED}
out.5 >> unlock
inp.5 << 19:07:01.930 [main] INFO Env - @{5 UNLOCKED}
inp.2 << 19:07:01.930 [main] INFO Env - @{2 SEND 5} Message(Ask)
inp.5 << 19:07:01.930 [main] INFO Env - @{5 RCVD 2} Message(Ask)
inp.5 << 19:07:01.930 [main] INFO Env - @{5 SEND 2} Message(Share)
inp.2 << 19:07:01.930 [main] INFO Env - @{2 RCVD 5} Message(Share)
inp.2 << 19:07:01.931 [main] INFO Env - @{2 LOCKED}
out.2 >> unlock
inp.2 << 19:07:01.931 [main] INFO Env - @{2 UNLOCKED}
out.1 >> ping
out.2 >> ping
out.3 >> ping
out.4 >> ping
out.5 >> ping
inp.5 << 19:07:01.933 [main] INFO Env - @{5 PONG}
inp.1 << 19:07:01.933 [main] INFO Env - @{1 PONG}
inp.3 << 19:07:01.933 [main] INFO Env - @{3 PONG}
inp.2 << 19:07:01.934 [main] INFO Env - @{2 PONG}
inp.4 << 19:07:01.934 [main] INFO Env - @{4 PONG}
out.1 >> ping
out.2 >> ping
out.3 >> ping
out.4 >> ping
out.5 >> ping
inp.3 << 19:07:01.936 [main] INFO Env - @{3 PONG}
inp.5 << 19:07:01.936 [main] INFO Env - @{5 PONG}
inp.1 << 19:07:01.936 [main] INFO Env - @{1 PONG}
inp.4 << 19:07:01.937 [main] INFO Env - @{4 PONG}
inp.2 << 19:07:01.937 [main] INFO Env - @{2 PONG}
out.1 >> lock
inp.1 << 19:07:01.939 [main] INFO Env - @{1 SEND 2} Message(Ask)
inp.1 << 19:07:01.939 [main] INFO Env - @{1 SEND 3} Message(Ask)
inp.3 << 19:07:01.939 [main] INFO Env - @{3 RCVD 1} Message(Ask)
inp.2 << 19:07:01.939 [main] INFO Env - @{2 RCVD 1} Message(Ask)
inp.3 << 19:07:01.939 [main] INFO Env - @{3 SEND 1} Message(Share)
inp.2 << 19:07:01.939 [main] INFO Env - @{2 SEND 1} Message(Share)
inp.1 << 19:07:01.939 [main] INFO Env - @{1 SEND 4} Message(Ask)
inp.1 << 19:07:01.939 [main] INFO Env - @{1 SEND 5} Message(Ask)
inp.1 << 19:07:01.940 [main] INFO Env - @{1 RCVD 3} Message(Share)
inp.1 << 19:07:01.940 [main] INFO Env - @{1 RCVD 2} Message(Share)
inp.5 << 19:07:01.940 [main] INFO Env - @{5 RCVD 1} Message(Ask)
inp.5 << 19:07:01.940 [main] INFO Env - @{5 SEND 1} Message(Share)
inp.4 << 19:07:01.940 [main] INFO Env - @{4 RCVD 1} Message(Ask)
inp.4 << 19:07:01.940 [main] INFO Env - @{4 SEND 1} Message(Share)
inp.1 << 19:07:01.940 [main] INFO Env - @{1 RCVD 5} Message(Share)
inp.1 << 19:07:01.940 [main] INFO Env - @{1 RCVD 4} Message(Share)
inp.1 << 19:07:01.940 [main] INFO Env - @{1 LOCKED}
out.1 >> unlock
inp.1 << 19:07:01.941 [main] INFO Env - @{1 UNLOCKED}
out.1 >> ping
out.2 >> ping
out.3 >> ping
out.4 >> ping
out.5 >> ping
inp.5 << 19:07:01.941 [main] INFO Env - @{5 PONG}
inp.3 << 19:07:01.941 [main] INFO Env - @{3 PONG}
inp.1 << 19:07:01.941 [main] INFO Env - @{1 PONG}
inp.2 << 19:07:01.941 [main] INFO Env - @{2 PONG}
inp.4 << 19:07:01.941 [main] INFO Env - @{4 PONG}
out.2 >> lock
inp.2 << 19:07:01.941 [main] INFO Env - @{2 SEND 1} Message(Ask)
inp.1 << 19:07:01.942 [main] INFO Env - @{1 RCVD 2} Message(Ask)
inp.1 << 19:07:01.942 [main] INFO Env - @{1 SEND 2} Message(Share)
inp.2 << 19:07:01.942 [main] INFO Env - @{2 RCVD 1} Message(Share)
inp.2 << 19:07:01.942 [main] INFO Env - @{2 LOCKED}
out.2 >> unlock
inp.2 << 19:07:01.942 [main] INFO Env - @{2 UNLOCKED}
out.1 >> ping
out.2 >> ping
out.3 >> ping
out.4 >> ping
out.5 >> ping
inp.5 << 19:07:01.943 [main] INFO Env - @{5 PONG}
inp.3 << 19:07:01.943 [main] INFO Env - @{3 PONG}
inp.1 << 19:07:01.943 [main] INFO Env - @{1 PONG}
inp.2 << 19:07:01.943 [main] INFO Env - @{2 PONG}
inp.4 << 19:07:01.943 [main] INFO Env - @{4 PONG}
out.3 >> lock
inp.3 << 19:07:01.943 [main] INFO Env - @{3 SEND 1} Message(Ask)
inp.3 << 19:07:01.943 [main] INFO Env - @{3 SEND 2} Message(Ask)
inp.3 << 19:07:01.943 [main] INFO Env - @{3 SEND 4} Message(Ask)
inp.3 << 19:07:01.943 [main] INFO Env - @{3 SEND 5} Message(Ask)
inp.1 << 19:07:01.943 [main] INFO Env - @{1 RCVD 3} Message(Ask)
inp.1 << 19:07:01.943 [main] INFO Env - @{1 SEND 3} Message(Share)
inp.2 << 19:07:01.944 [main] INFO Env - @{2 RCVD 3} Message(Ask)
inp.2 << 19:07:01.944 [main] INFO Env - @{2 SEND 3} Message(Share)
inp.5 << 19:07:01.944 [main] INFO Env - @{5 RCVD 3} Message(Ask)
inp.3 << 19:07:01.944 [main] INFO Env - @{3 RCVD 1} Message(Share)
inp.5 << 19:07:01.944 [main] INFO Env - @{5 SEND 3} Message(Share)
inp.3 << 19:07:01.944 [main] INFO Env - @{3 RCVD 2} Message(Share)
inp.4 << 19:07:01.944 [main] INFO Env - @{4 RCVD 3} Message(Ask)
inp.3 << 19:07:01.944 [main] INFO Env - @{3 RCVD 5} Message(Share)
inp.4 << 19:07:01.944 [main] INFO Env - @{4 SEND 3} Message(Share)
inp.3 << 19:07:01.944 [main] INFO Env - @{3 RCVD 4} Message(Share)
inp.3 << 19:07:01.944 [main] INFO Env - @{3 LOCKED}
out.3 >> unlock
inp.3 << 19:07:01.944 [main] INFO Env - @{3 UNLOCKED}
out.1 >> ping
out.2 >> ping
out.3 >> ping
out.4 >> ping
out.5 >> ping
inp.5 << 19:07:01.945 [main] INFO Env - @{5 PONG}
inp.3 << 19:07:01.945 [main] INFO Env - @{3 PONG}
inp.1 << 19:07:01.945 [main] INFO Env - @{1 PONG}
inp.2 << 19:07:01.945 [main] INFO Env - @{2 PONG}
inp.4 << 19:07:01.945 [main] INFO Env - @{4 PONG}
out.4 >> lock
inp.4 << 19:07:01.945 [main] INFO Env - @{4 SEND 1} Message(Ask)
inp.4 << 19:07:01.946 [main] INFO Env - @{4 SEND 2} Message(Ask)
inp.4 << 19:07:01.946 [main] INFO Env - @{4 SEND 3} Message(Ask)
inp.1 << 19:07:01.946 [main] INFO Env - @{1 RCVD 4} Message(Ask)
inp.2 << 19:07:01.946 [main] INFO Env - @{2 RCVD 4} Message(Ask)
inp.2 << 19:07:01.946 [main] INFO Env - @{2 SEND 4} Message(Share)
inp.3 << 19:07:01.946 [main] INFO Env - @{3 RCVD 4} Message(Ask)
inp.1 << 19:07:01.946 [main] INFO Env - @{1 SEND 4} Message(Share)
inp.3 << 19:07:01.946 [main] INFO Env - @{3 SEND 4} Message(Share)
inp.4 << 19:07:01.946 [main] INFO Env - @{4 SEND 5} Message(Ask)
inp.4 << 19:07:01.946 [main] INFO Env - @{4 RCVD 2} Message(Share)
inp.4 << 19:07:01.946 [main] INFO Env - @{4 RCVD 1} Message(Share)
inp.5 << 19:07:01.946 [main] INFO Env - @{5 RCVD 4} Message(Ask)
inp.4 << 19:07:01.946 [main] INFO Env - @{4 RCVD 3} Message(Share)
inp.5 << 19:07:01.947 [main] INFO Env - @{5 SEND 4} Message(Share)
inp.4 << 19:07:01.947 [main] INFO Env - @{4 RCVD 5} Message(Share)
inp.4 << 19:07:01.947 [main] INFO Env - @{4 LOCKED}
out.4 >> unlock
inp.4 << 19:07:01.947 [main] INFO Env - @{4 UNLOCKED}
out.1 >> ping
out.2 >> ping
out.3 >> ping
out.4 >> ping
out.5 >> ping
inp.3 << 19:07:01.947 [main] INFO Env - @{3 PONG}
inp.5 << 19:07:01.947 [main] INFO Env - @{5 PONG}
inp.1 << 19:07:01.947 [main] INFO Env - @{1 PONG}
inp.4 << 19:07:01.947 [main] INFO Env - @{4 PONG}
inp.2 << 19:07:01.947 [main] INFO Env - @{2 PONG}
out.5 >> lock
inp.5 << 19:07:01.948 [main] INFO Env - @{5 SEND 1} Message(Ask)
inp.5 << 19:07:01.948 [main] INFO Env - @{5 SEND 2} Message(Ask)
inp.5 << 19:07:01.948 [main] INFO Env - @{5 SEND 3} Message(Ask)
inp.5 << 19:07:01.948 [main] INFO Env - @{5 SEND 4} Message(Ask)
inp.3 << 19:07:01.948 [main] INFO Env - @{3 RCVD 5} Message(Ask)
inp.3 << 19:07:01.948 [main] INFO Env - @{3 SEND 5} Message(Share)
inp.1 << 19:07:01.948 [main] INFO Env - @{1 RCVD 5} Message(Ask)
inp.1 << 19:07:01.948 [main] INFO Env - @{1 SEND 5} Message(Share)
inp.2 << 19:07:01.948 [main] INFO Env - @{2 RCVD 5} Message(Ask)
inp.5 << 19:07:01.948 [main] INFO Env - @{5 RCVD 3} Message(Share)
inp.5 << 19:07:01.948 [main] INFO Env - @{5 RCVD 1} Message(Share)
inp.2 << 19:07:01.948 [main] INFO Env - @{2 SEND 5} Message(Share)
inp.4 << 19:07:01.948 [main] INFO Env - @{4 RCVD 5} Message(Ask)
inp.4 << 19:07:01.949 [main] INFO Env - @{4 SEND 5} Message(Share)
inp.5 << 19:07:01.949 [main] INFO Env - @{5 RCVD 2} Message(Share)
inp.5 << 19:07:01.949 [main] INFO Env - @{5 RCVD 4} Message(Share)
inp.5 << 19:07:01.949 [main] INFO Env - @{5 LOCKED}
out.5 >> unlock
inp.5 << 19:07:01.949 [main] INFO Env - @{5 UNLOCKED}
out.1 >> ping
out.2 >> ping
out.3 >> ping
out.4 >> ping
out.5 >> ping
inp.5 << 19:07:01.949 [main] INFO Env - @{5 PONG}
inp.3 << 19:07:01.949 [main] INFO Env - @{3 PONG}
inp.1 << 19:07:01.949 [main] INFO Env - @{1 PONG}
inp.2 << 19:07:01.950 [main] INFO Env - @{2 PONG}
inp.4 << 19:07:01.950 [main] INFO Env - @{4 PONG}
out.2 >> lock
out.3 >> lock
out.4 >> lock
out.5 >> lock
out.1 >> lock
inp.2 << 19:07:01.952 [main] INFO Env - @{2 SEND 3} Message(Ask)
inp.5 << 19:07:01.953 [main] INFO Env - @{5 LOCKED}
inp.2 << 19:07:01.953 [main] INFO Env - @{2 SEND 4} Message(Ask)
out.5 >> unlock
inp.3 << 19:07:01.953 [main] INFO Env - @{3 SEND 4} Message(Ask)
inp.4 << 19:07:01.954 [main] INFO Env - @{4 SEND 5} Message(Ask)
inp.5 << 19:07:01.954 [main] INFO Env - @{5 UNLOCKED}
inp.3 << 19:07:01.954 [main] INFO Env - @{3 SEND 5} Message(Ask)
inp.3 << 19:07:01.955 [main] INFO Env - @{3 RCVD 2} Message(Ask)
inp.4 << 19:07:01.955 [main] INFO Env - @{4 RCVD 2} Message(Ask)
inp.3 << 19:07:01.955 [main] INFO Env - @{3 SEND 2} Message(Share)
inp.5 << 19:07:01.955 [main] INFO Env - @{5 RCVD 4} Message(Ask)
inp.4 << 19:07:01.956 [main] INFO Env - @{4 SEND 2} Message(Share)
inp.3 << 19:07:01.956 [main] INFO Env - @{3 SEND 2} Message(Ask)
inp.5 << 19:07:01.955 [main] INFO Env - @{5 SEND 4} Message(Share)
inp.5 << 19:07:01.956 [main] INFO Env - @{5 RCVD 3} Message(Ask)
inp.5 << 19:07:01.957 [main] INFO Env - @{5 SEND 3} Message(Share)
inp.4 << 19:07:01.957 [main] INFO Env - @{4 SEND 2} Message(Ask)
inp.3 << 19:07:01.958 [main] INFO Env - @{3 RCVD 5} Message(Share)
inp.2 << 19:07:01.957 [main] INFO Env - @{2 SEND 5} Message(Ask)
inp.2 << 19:07:01.958 [main] INFO Env - @{2 RCVD 3} Message(Share)
inp.2 << 19:07:01.959 [main] INFO Env - @{2 RCVD 3} Message(Ask)
inp.2 << 19:07:01.959 [main] INFO Env - @{2 RCVD 4} Message(Share)
inp.5 << 19:07:01.958 [main] INFO Env - @{5 RCVD 2} Message(Ask)
inp.2 << 19:07:01.959 [main] INFO Env - @{2 RCVD 4} Message(Ask)
inp.1 << 19:07:01.959 [main] INFO Env - @{1 SEND 2} Message(Ask)
inp.4 << 19:07:01.958 [main] INFO Env - @{4 RCVD 3} Message(Ask)
inp.5 << 19:07:01.959 [main] INFO Env - @{5 SEND 2} Message(Share)
inp.4 << 19:07:01.959 [main] INFO Env - @{4 SEND 3} Message(Share)
inp.1 << 19:07:01.959 [main] INFO Env - @{1 SEND 3} Message(Ask)
inp.2 << 19:07:01.959 [main] INFO Env - @{2 RCVD 5} Message(Share)
inp.1 << 19:07:01.960 [main] INFO Env - @{1 SEND 4} Message(Ask)
inp.1 << 19:07:01.960 [main] INFO Env - @{1 SEND 5} Message(Ask)
inp.4 << 19:07:01.960 [main] INFO Env - @{4 SEND 3} Message(Ask)
inp.4 << 19:07:01.960 [main] INFO Env - @{4 RCVD 5} Message(Share)
inp.4 << 19:07:01.960 [main] INFO Env - @{4 RCVD 1} Message(Ask)
inp.4 << 19:07:01.960 [main] INFO Env - @{4 SEND 1} Message(Share)
inp.3 << 19:07:01.960 [main] INFO Env - @{3 RCVD 4} Message(Share)
inp.4 << 19:07:01.960 [main] INFO Env - @{4 SEND 1} Message(Ask)
inp.5 << 19:07:01.960 [main] INFO Env - @{5 RCVD 1} Message(Ask)
inp.5 << 19:07:01.961 [main] INFO Env - @{5 SEND 1} Message(Share)
inp.3 << 19:07:01.961 [main] INFO Env - @{3 RCVD 1} Message(Ask)
inp.3 << 19:07:01.961 [main] INFO Env - @{3 SEND 1} Message(Share)
inp.3 << 19:07:01.961 [main] INFO Env - @{3 SEND 1} Message(Ask)
inp.1 << 19:07:01.961 [main] INFO Env - @{1 RCVD 4} Message(Share)
inp.1 << 19:07:01.961 [main] INFO Env - @{1 RCVD 4} Message(Ask)
inp.1 << 19:07:01.961 [main] INFO Env - @{1 RCVD 5} Message(Share)
inp.3 << 19:07:01.961 [main] INFO Env - @{3 RCVD 4} Message(Ask)
inp.2 << 19:07:01.961 [main] INFO Env - @{2 LOCKED}
inp.2 << 19:07:01.961 [main] INFO Env - @{2 RCVD 1} Message(Ask)
inp.1 << 19:07:01.961 [main] INFO Env - @{1 RCVD 3} Message(Share)
inp.1 << 19:07:01.961 [main] INFO Env - @{1 RCVD 3} Message(Ask)
out.2 >> unlock
inp.2 << 19:07:01.961 [main] INFO Env - @{2 UNLOCKED}
inp.2 << 19:07:01.961 [main] INFO Env - @{2 SEND 1} Message(Share)
inp.2 << 19:07:01.962 [main] INFO Env - @{2 SEND 3} Message(Share)
inp.1 << 19:07:01.962 [main] INFO Env - @{1 RCVD 2} Message(Share)
inp.1 << 19:07:01.962 [main] INFO Env - @{1 LOCKED}
inp.2 << 19:07:01.962 [main] INFO Env - @{2 SEND 4} Message(Share)
inp.3 << 19:07:01.962 [main] INFO Env - @{3 RCVD 2} Message(Share)
out.1 >> unlock
inp.4 << 19:07:01.962 [main] INFO Env - @{4 RCVD 2} Message(Share)
inp.1 << 19:07:01.962 [main] INFO Env - @{1 UNLOCKED}
inp.1 << 19:07:01.962 [main] INFO Env - @{1 SEND 3} Message(Share)
inp.1 << 19:07:01.962 [main] INFO Env - @{1 SEND 4} Message(Share)
inp.3 << 19:07:01.962 [main] INFO Env - @{3 RCVD 1} Message(Share)
inp.4 << 19:07:01.962 [main] INFO Env - @{4 RCVD 1} Message(Share)
inp.3 << 19:07:01.962 [main] INFO Env - @{3 LOCKED}
out.3 >> unlock
inp.3 << 19:07:01.962 [main] INFO Env - @{3 UNLOCKED}
inp.3 << 19:07:01.963 [main] INFO Env - @{3 SEND 4} Message(Share)
inp.4 << 19:07:01.963 [main] INFO Env - @{4 RCVD 3} Message(Share)
inp.4 << 19:07:01.963 [main] INFO Env - @{4 LOCKED}
out.4 >> unlock
inp.4 << 19:07:01.963 [main] INFO Env - @{4 UNLOCKED}
out.1 >> ping
out.2 >> ping
out.3 >> ping
out.4 >> ping
out.5 >> ping
inp.3 << 19:07:01.963 [main] INFO Env - @{3 PONG}
inp.5 << 19:07:01.963 [main] INFO Env - @{5 PONG}
inp.2 << 19:07:01.963 [main] INFO Env - @{2 PONG}
inp.1 << 19:07:01.963 [main] INFO Env - @{1 PONG}
inp.4 << 19:07:01.963 [main] INFO Env - @{4 PONG}
out.3 >> lock
inp.3 << 19:07:01.964 [main] INFO Env - @{3 SEND 4} Message(Ask)
inp.4 << 19:07:01.964 [main] INFO Env - @{4 RCVD 3} Message(Ask)
inp.4 << 19:07:01.964 [main] INFO Env - @{4 SEND 3} Message(Share)
inp.3 << 19:07:01.964 [main] INFO Env - @{3 RCVD 4} Message(Share)
inp.3 << 19:07:01.964 [main] INFO Env - @{3 LOCKED}
out.3 >> unlock
inp.3 << 19:07:01.964 [main] INFO Env - @{3 UNLOCKED}
out.1 >> ping
out.2 >> ping
out.3 >> ping
out.4 >> ping
out.5 >> ping
inp.3 << 19:07:01.965 [main] INFO Env - @{3 PONG}
inp.5 << 19:07:01.965 [main] INFO Env - @{5 PONG}
inp.1 << 19:07:01.965 [main] INFO Env - @{1 PONG}
inp.2 << 19:07:01.965 [main] INFO Env - @{2 PONG}
inp.4 << 19:07:01.965 [main] INFO Env - @{4 PONG}
out.3 >> lock
inp.3 << 19:07:01.965 [main] INFO Env - @{3 LOCKED}
out.3 >> unlock
inp.3 << 19:07:01.965 [main] INFO Env - @{3 UNLOCKED}
out.1 >> ping
out.2 >> ping
out.3 >> ping
out.4 >> ping
out.5 >> ping
inp.5 << 19:07:01.966 [main] INFO Env - @{5 PONG}
inp.1 << 19:07:01.966 [main] INFO Env - @{1 PONG}
inp.2 << 19:07:01.966 [main] INFO Env - @{2 PONG}
inp.3 << 19:07:01.979 [main] INFO Env - @{3 PONG}
inp.4 << 19:07:01.979 [main] INFO Env - @{4 PONG}
out.3 >> lock
inp.3 << 19:07:02.011 [main] INFO Env - @{3 LOCKED}
out.3 >> unlock
inp.3 << 19:07:02.012 [main] INFO Env - @{3 UNLOCKED}
out.1 >> ping
out.2 >> ping
out.3 >> ping
out.4 >> ping
out.5 >> ping
inp.5 << 19:07:02.013 [main] INFO Env - @{5 PONG}
inp.1 << 19:07:02.013 [main] INFO Env - @{1 PONG}
inp.2 << 19:07:02.013 [main] INFO Env - @{2 PONG}
inp.3 << 19:07:02.014 [main] INFO Env - @{3 PONG}
inp.4 << 19:07:02.014 [main] INFO Env - @{4 PONG}
out.3 >> lock
out.2 >> lock
inp.2 << 19:07:02.015 [main] INFO Env - @{2 SEND 1} Message(Ask)
inp.3 << 19:07:02.015 [main] INFO Env - @{3 LOCKED}
inp.2 << 19:07:02.015 [main] INFO Env - @{2 SEND 3} Message(Ask)
inp.2 << 19:07:02.015 [main] INFO Env - @{2 SEND 4} Message(Ask)
out.3 >> unlock
inp.1 << 19:07:02.015 [main] INFO Env - @{1 RCVD 2} Message(Ask)
inp.3 << 19:07:02.015 [main] INFO Env - @{3 RCVD 2} Message(Ask)
inp.3 << 19:07:02.015 [main] INFO Env - @{3 UNLOCKED}
inp.3 << 19:07:02.015 [main] INFO Env - @{3 SEND 2} Message(Share)
inp.1 << 19:07:02.016 [main] INFO Env - @{1 SEND 2} Message(Share)
inp.2 << 19:07:02.016 [main] INFO Env - @{2 RCVD 3} Message(Share)
inp.2 << 19:07:02.017 [main] INFO Env - @{2 RCVD 1} Message(Share)
inp.4 << 19:07:02.017 [main] INFO Env - @{4 RCVD 2} Message(Ask)
inp.4 << 19:07:02.018 [main] INFO Env - @{4 SEND 2} Message(Share)
inp.2 << 19:07:02.021 [main] INFO Env - @{2 RCVD 4} Message(Share)
inp.2 << 19:07:02.021 [main] INFO Env - @{2 LOCKED}
out.2 >> unlock
inp.2 << 19:07:02.023 [main] INFO Env - @{2 UNLOCKED}
out.1 >> ping
out.2 >> ping
out.3 >> ping
out.4 >> ping
out.5 >> ping
inp.5 << 19:07:02.025 [main] INFO Env - @{5 PONG}
inp.2 << 19:07:02.026 [main] INFO Env - @{2 PONG}
inp.1 << 19:07:02.026 [main] INFO Env - @{1 PONG}
inp.4 << 19:07:02.026 [main] INFO Env - @{4 PONG}
inp.3 << 19:07:02.027 [main] INFO Env - @{3 PONG}
out.3 >> lock
out.2 >> lock
inp.2 << 19:07:02.028 [main] INFO Env - @{2 LOCKED}
out.2 >> unlock
inp.3 << 19:07:02.028 [main] INFO Env - @{3 SEND 2} Message(Ask)
inp.2 << 19:07:02.029 [main] INFO Env - @{2 UNLOCKED}
inp.2 << 19:07:02.029 [main] INFO Env - @{2 RCVD 3} Message(Ask)
inp.2 << 19:07:02.030 [main] INFO Env - @{2 SEND 3} Message(Share)
inp.3 << 19:07:02.033 [main] INFO Env - @{3 RCVD 2} Message(Share)
inp.3 << 19:07:02.034 [main] INFO Env - @{3 LOCKED}
out.3 >> unlock
inp.3 << 19:07:02.034 [main] INFO Env - @{3 UNLOCKED}
out.1 >> ping
out.2 >> ping
out.3 >> ping
out.4 >> ping
out.5 >> ping
inp.5 << 19:07:02.035 [main] INFO Env - @{5 PONG}
inp.1 << 19:07:02.035 [main] INFO Env - @{1 PONG}
inp.2 << 19:07:02.035 [main] INFO Env - @{2 PONG}
inp.3 << 19:07:02.035 [main] INFO Env - @{3 PONG}
inp.4 << 19:07:02.035 [main] INFO Env - @{4 PONG}
out.3 >> lock
out.2 >> lock
inp.2 << 19:07:02.036 [main] INFO Env - @{2 SEND 3} Message(Ask)
inp.3 << 19:07:02.036 [main] INFO Env - @{3 LOCKED}
inp.3 << 19:07:02.036 [main] INFO Env - @{3 RCVD 2} Message(Ask)
out.3 >> unlock
inp.3 << 19:07:02.036 [main] INFO Env - @{3 UNLOCKED}
inp.3 << 19:07:02.036 [main] INFO Env - @{3 SEND 2} Message(Share)
inp.2 << 19:07:02.037 [main] INFO Env - @{2 RCVD 3} Message(Share)
inp.2 << 19:07:02.037 [main] INFO Env - @{2 LOCKED}
out.2 >> unlock
inp.2 << 19:07:02.037 [main] INFO Env - @{2 UNLOCKED}
out.1 >> ping
out.2 >> ping
out.3 >> ping
out.4 >> ping
out.5 >> ping
inp.5 << 19:07:02.037 [main] INFO Env - @{5 PONG}
inp.1 << 19:07:02.038 [main] INFO Env - @{1 PONG}
inp.2 << 19:07:02.038 [main] INFO Env - @{2 PONG}
inp.3 << 19:07:02.038 [main] INFO Env - @{3 PONG}
inp.4 << 19:07:02.038 [main] INFO Env - @{4 PONG}
out.1 >> ping
out.2 >> ping
out.3 >> ping
out.4 >> ping
out.5 >> ping
inp.5 << 19:07:02.039 [main] INFO Env - @{5 PONG}
inp.1 << 19:07:02.039 [main] INFO Env - @{1 PONG}
inp.2 << 19:07:02.039 [main] INFO Env - @{2 PONG}
inp.4 << 19:07:02.039 [main] INFO Env - @{4 PONG}
inp.3 << 19:07:02.039 [main] INFO Env - @{3 PONG}
out.1 >> lock
inp.1 << 19:07:02.039 [main] INFO Env - @{1 SEND 2} Message(Ask)
inp.1 << 19:07:02.040 [main] INFO Env - @{1 SEND 3} Message(Ask)
inp.1 << 19:07:02.040 [main] INFO Env - @{1 SEND 4} Message(Ask)
inp.2 << 19:07:02.040 [main] INFO Env - @{2 RCVD 1} Message(Ask)
inp.2 << 19:07:02.040 [main] INFO Env - @{2 SEND 1} Message(Share)
inp.1 << 19:07:02.041 [main] INFO Env - @{1 RCVD 2} Message(Share)
inp.3 << 19:07:02.041 [main] INFO Env - @{3 RCVD 1} Message(Ask)
inp.3 << 19:07:02.041 [main] INFO Env - @{3 SEND 1} Message(Share)
inp.1 << 19:07:02.042 [main] INFO Env - @{1 RCVD 3} Message(Share)
inp.4 << 19:07:02.042 [main] INFO Env - @{4 RCVD 1} Message(Ask)
inp.4 << 19:07:02.042 [main] INFO Env - @{4 SEND 1} Message(Share)
inp.1 << 19:07:02.042 [main] INFO Env - @{1 RCVD 4} Message(Share)
inp.1 << 19:07:02.042 [main] INFO Env - @{1 LOCKED}
out.1 >> unlock
inp.1 << 19:07:02.042 [main] INFO Env - @{1 UNLOCKED}
out.1 >> ping
out.2 >> ping
out.3 >> ping
out.4 >> ping
out.5 >> ping
inp.5 << 19:07:02.042 [main] INFO Env - @{5 PONG}
inp.1 << 19:07:02.043 [main] INFO Env - @{1 PONG}
inp.2 << 19:07:02.043 [main] INFO Env - @{2 PONG}
inp.3 << 19:07:02.043 [main] INFO Env - @{3 PONG}
inp.4 << 19:07:02.044 [main] INFO Env - @{4 PONG}
out.2 >> lock
inp.2 << 19:07:02.044 [main] INFO Env - @{2 SEND 1} Message(Ask)
inp.1 << 19:07:02.044 [main] INFO Env - @{1 RCVD 2} Message(Ask)
inp.1 << 19:07:02.044 [main] INFO Env - @{1 SEND 2} Message(Share)
inp.2 << 19:07:02.045 [main] INFO Env - @{2 RCVD 1} Message(Share)
inp.2 << 19:07:02.045 [main] INFO Env - @{2 LOCKED}
out.2 >> unlock
inp.2 << 19:07:02.045 [main] INFO Env - @{2 UNLOCKED}
out.1 >> ping
out.2 >> ping
out.3 >> ping
out.4 >> ping
out.5 >> ping
inp.5 << 19:07:02.045 [main] INFO Env - @{5 PONG}
inp.1 << 19:07:02.046 [main] INFO Env - @{1 PONG}
inp.2 << 19:07:02.046 [main] INFO Env - @{2 PONG}
inp.3 << 19:07:02.046 [main] INFO Env - @{3 PONG}
inp.4 << 19:07:02.046 [main] INFO Env - @{4 PONG}
out.3 >> lock
inp.3 << 19:07:02.047 [main] INFO Env - @{3 SEND 1} Message(Ask)
inp.1 << 19:07:02.047 [main] INFO Env - @{1 RCVD 3} Message(Ask)
inp.1 << 19:07:02.047 [main] INFO Env - @{1 SEND 3} Message(Share)
inp.3 << 19:07:02.047 [main] INFO Env - @{3 SEND 2} Message(Ask)
inp.2 << 19:07:02.047 [main] INFO Env - @{2 RCVD 3} Message(Ask)
inp.3 << 19:07:02.047 [main] INFO Env - @{3 RCVD 1} Message(Share)
inp.2 << 19:07:02.047 [main] INFO Env - @{2 SEND 3} Message(Share)
inp.3 << 19:07:02.047 [main] INFO Env - @{3 RCVD 2} Message(Share)
inp.3 << 19:07:02.047 [main] INFO Env - @{3 LOCKED}
out.3 >> unlock
inp.3 << 19:07:02.048 [main] INFO Env - @{3 UNLOCKED}
out.1 >> ping
out.2 >> ping
out.3 >> ping
out.4 >> ping
out.5 >> ping
inp.5 << 19:07:02.048 [main] INFO Env - @{5 PONG}
inp.1 << 19:07:02.048 [main] INFO Env - @{1 PONG}
inp.2 << 19:07:02.049 [main] INFO Env - @{2 PONG}
inp.3 << 19:07:02.049 [main] INFO Env - @{3 PONG}
inp.4 << 19:07:02.049 [main] INFO Env - @{4 PONG}
out.4 >> lock
inp.4 << 19:07:02.049 [main] INFO Env - @{4 SEND 1} Message(Ask)
inp.1 << 19:07:02.049 [main] INFO Env - @{1 RCVD 4} Message(Ask)
inp.1 << 19:07:02.049 [main] INFO Env - @{1 SEND 4} Message(Share)
inp.4 << 19:07:02.049 [main] INFO Env - @{4 SEND 2} Message(Ask)
inp.4 << 19:07:02.050 [main] INFO Env - @{4 SEND 3} Message(Ask)
inp.2 << 19:07:02.050 [main] INFO Env - @{2 RCVD 4} Message(Ask)
inp.2 << 19:07:02.050 [main] INFO Env - @{2 SEND 4} Message(Share)
inp.4 << 19:07:02.050 [main] INFO Env - @{4 RCVD 1} Message(Share)
inp.4 << 19:07:02.050 [main] INFO Env - @{4 RCVD 2} Message(Share)
inp.3 << 19:07:02.050 [main] INFO Env - @{3 RCVD 4} Message(Ask)
inp.3 << 19:07:02.050 [main] INFO Env - @{3 SEND 4} Message(Share)
inp.4 << 19:07:02.051 [main] INFO Env - @{4 RCVD 3} Message(Share)
inp.4 << 19:07:02.051 [main] INFO Env - @{4 LOCKED}
out.4 >> unlock
inp.4 << 19:07:02.051 [main] INFO Env - @{4 UNLOCKED}
out.1 >> ping
out.2 >> ping
out.3 >> ping
out.4 >> ping
out.5 >> ping
inp.5 << 19:07:02.051 [main] INFO Env - @{5 PONG}
inp.2 << 19:07:02.052 [main] INFO Env - @{2 PONG}
inp.1 << 19:07:02.052 [main] INFO Env - @{1 PONG}
inp.3 << 19:07:02.052 [main] INFO Env - @{3 PONG}
inp.4 << 19:07:02.053 [main] INFO Env - @{4 PONG}
out.5 >> lock
inp.5 << 19:07:02.053 [main] INFO Env - @{5 SEND 1} Message(Ask)
inp.5 << 19:07:02.053 [main] INFO Env - @{5 SEND 2} Message(Ask)
inp.5 << 19:07:02.053 [main] INFO Env - @{5 SEND 3} Message(Ask)
inp.5 << 19:07:02.053 [main] INFO Env - @{5 SEND 4} Message(Ask)
inp.1 << 19:07:02.054 [main] INFO Env - @{1 RCVD 5} Message(Ask)
inp.1 << 19:07:02.054 [main] INFO Env - @{1 SEND 5} Message(Share)
inp.2 << 19:07:02.054 [main] INFO Env - @{2 RCVD 5} Message(Ask)
inp.2 << 19:07:02.055 [main] INFO Env - @{2 SEND 5} Message(Share)
inp.5 << 19:07:02.055 [main] INFO Env - @{5 RCVD 1} Message(Share)
inp.5 << 19:07:02.055 [main] INFO Env - @{5 RCVD 2} Message(Share)
inp.4 << 19:07:02.055 [main] INFO Env - @{4 RCVD 5} Message(Ask)
inp.3 << 19:07:02.055 [main] INFO Env - @{3 RCVD 5} Message(Ask)
inp.3 << 19:07:02.055 [main] INFO Env - @{3 SEND 5} Message(Share)
inp.4 << 19:07:02.055 [main] INFO Env - @{4 SEND 5} Message(Share)
inp.5 << 19:07:02.055 [main] INFO Env - @{5 RCVD 3} Message(Share)
inp.5 << 19:07:02.055 [main] INFO Env - @{5 RCVD 4} Message(Share)
inp.5 << 19:07:02.055 [main] INFO Env - @{5 LOCKED}
out.5 >> unlock
inp.5 << 19:07:02.056 [main] INFO Env - @{5 UNLOCKED}
out.1 >> ping
out.2 >> ping
out.3 >> ping
out.4 >> ping
out.5 >> ping
inp.5 << 19:07:02.056 [main] INFO Env - @{5 PONG}
inp.1 << 19:07:02.056 [main] INFO Env - @{1 PONG}
inp.2 << 19:07:02.056 [main] INFO Env - @{2 PONG}
inp.3 << 19:07:02.056 [main] INFO Env - @{3 PONG}
inp.4 << 19:07:02.057 [main] INFO Env - @{4 PONG}
out.5 >> lock
out.3 >> lock
out.4 >> lock
out.1 >> lock
out.2 >> lock
inp.5 << 19:07:02.057 [main] INFO Env - @{5 LOCKED}
out.5 >> unlock
inp.1 << 19:07:02.057 [main] INFO Env - @{1 SEND 2} Message(Ask)
inp.5 << 19:07:02.057 [main] INFO Env - @{5 UNLOCKED}
inp.1 << 19:07:02.058 [main] INFO Env - @{1 SEND 3} Message(Ask)
inp.1 << 19:07:02.058 [main] INFO Env - @{1 SEND 4} Message(Ask)
inp.1 << 19:07:02.058 [main] INFO Env - @{1 SEND 5} Message(Ask)
inp.2 << 19:07:02.058 [main] INFO Env - @{2 SEND 3} Message(Ask)
inp.5 << 19:07:02.058 [main] INFO Env - @{5 RCVD 1} Message(Ask)
inp.5 << 19:07:02.058 [main] INFO Env - @{5 SEND 1} Message(Share)
inp.2 << 19:07:02.058 [main] INFO Env - @{2 SEND 4} Message(Ask)
inp.2 << 19:07:02.058 [main] INFO Env - @{2 SEND 5} Message(Ask)
inp.2 << 19:07:02.058 [main] INFO Env - @{2 RCVD 1} Message(Ask)
inp.2 << 19:07:02.058 [main] INFO Env - @{2 SEND 1} Message(Share)
inp.5 << 19:07:02.058 [main] INFO Env - @{5 RCVD 2} Message(Ask)
inp.2 << 19:07:02.058 [main] INFO Env - @{2 SEND 1} Message(Ask)
inp.1 << 19:07:02.058 [main] INFO Env - @{1 RCVD 5} Message(Share)
inp.5 << 19:07:02.059 [main] INFO Env - @{5 SEND 2} Message(Share)
inp.1 << 19:07:02.059 [main] INFO Env - @{1 RCVD 2} Message(Share)
inp.1 << 19:07:02.059 [main] INFO Env - @{1 RCVD 2} Message(Ask)
inp.2 << 19:07:02.059 [main] INFO Env - @{2 RCVD 5} Message(Share)
inp.4 << 19:07:02.059 [main] INFO Env - @{4 SEND 5} Message(Ask)
inp.3 << 19:07:02.059 [main] INFO Env - @{3 SEND 4} Message(Ask)
inp.4 << 19:07:02.059 [main] INFO Env - @{4 RCVD 1} Message(Ask)
inp.4 << 19:07:02.059 [main] INFO Env - @{4 SEND 1} Message(Share)
inp.4 << 19:07:02.059 [main] INFO Env - @{4 SEND 1} Message(Ask)
inp.4 << 19:07:02.059 [main] INFO Env - @{4 RCVD 2} Message(Ask)
inp.5 << 19:07:02.059 [main] INFO Env - @{5 RCVD 4} Message(Ask)
inp.5 << 19:07:02.059 [main] INFO Env - @{5 SEND 4} Message(Share)
inp.4 << 19:07:02.059 [main] INFO Env - @{4 SEND 2} Message(Share)
inp.4 << 19:07:02.059 [main] INFO Env - @{4 SEND 2} Message(Ask)
inp.1 << 19:07:02.059 [main] INFO Env - @{1 RCVD 4} Message(Share)
inp.1 << 19:07:02.059 [main] INFO Env - @{1 RCVD 4} Message(Ask)
inp.2 << 19:07:02.059 [main] INFO Env - @{2 RCVD 4} Message(Share)
inp.2 << 19:07:02.059 [main] INFO Env - @{2 RCVD 4} Message(Ask)
inp.4 << 19:07:02.059 [main] INFO Env - @{4 RCVD 3} Message(Ask)
inp.4 << 19:07:02.060 [main] INFO Env - @{4 SEND 3} Message(Share)
inp.3 << 19:07:02.060 [main] INFO Env - @{3 SEND 5} Message(Ask)
inp.4 << 19:07:02.060 [main] INFO Env - @{4 SEND 3} Message(Ask)
inp.3 << 19:07:02.060 [main] INFO Env - @{3 RCVD 1} Message(Ask)
inp.4 << 19:07:02.060 [main] INFO Env - @{4 RCVD 5} Message(Share)
inp.3 << 19:07:02.060 [main] INFO Env - @{3 SEND 1} Message(Share)
inp.3 << 19:07:02.060 [main] INFO Env - @{3 SEND 1} Message(Ask)
inp.3 << 19:07:02.060 [main] INFO Env - @{3 RCVD 2} Message(Ask)
inp.3 << 19:07:02.060 [main] INFO Env - @{3 SEND 2} Message(Share)
inp.3 << 19:07:02.060 [main] INFO Env - @{3 SEND 2} Message(Ask)
inp.3 << 19:07:02.060 [main] INFO Env - @{3 RCVD 4} Message(Share)
inp.3 << 19:07:02.060 [main] INFO Env - @{3 RCVD 4} Message(Ask)
inp.5 << 19:07:02.060 [main] INFO Env - @{5 RCVD 3} Message(Ask)
inp.1 << 19:07:02.060 [main] INFO Env - @{1 RCVD 3} Message(Share)
inp.1 << 19:07:02.060 [main] INFO Env - @{1 LOCKED}
inp.5 << 19:07:02.060 [main] INFO Env - @{5 SEND 3} Message(Share)
inp.1 << 19:07:02.060 [main] INFO Env - @{1 RCVD 3} Message(Ask)
out.1 >> unlock
inp.2 << 19:07:02.060 [main] INFO Env - @{2 RCVD 3} Message(Share)
inp.1 << 19:07:02.060 [main] INFO Env - @{1 UNLOCKED}
inp.1 << 19:07:02.061 [main] INFO Env - @{1 SEND 2} Message(Share)
inp.2 << 19:07:02.061 [main] INFO Env - @{2 RCVD 3} Message(Ask)
inp.1 << 19:07:02.061 [main] INFO Env - @{1 SEND 3} Message(Share)
inp.1 << 19:07:02.061 [main] INFO Env - @{1 SEND 4} Message(Share)
inp.2 << 19:07:02.061 [main] INFO Env - @{2 RCVD 1} Message(Share)
inp.2 << 19:07:02.061 [main] INFO Env - @{2 LOCKED}
inp.3 << 19:07:02.061 [main] INFO Env - @{3 RCVD 5} Message(Share)
out.2 >> unlock
inp.3 << 19:07:02.061 [main] INFO Env - @{3 RCVD 1} Message(Share)
inp.2 << 19:07:02.061 [main] INFO Env - @{2 UNLOCKED}
inp.2 << 19:07:02.061 [main] INFO Env - @{2 SEND 3} Message(Share)
inp.2 << 19:07:02.061 [main] INFO Env - @{2 SEND 4} Message(Share)
inp.4 << 19:07:02.061 [main] INFO Env - @{4 RCVD 1} Message(Share)
inp.4 << 19:07:02.061 [main] INFO Env - @{4 RCVD 2} Message(Share)
inp.3 << 19:07:02.061 [main] INFO Env - @{3 RCVD 2} Message(Share)
inp.3 << 19:07:02.062 [main] INFO Env - @{3 LOCKED}
out.3 >> unlock
inp.3 << 19:07:02.062 [main] INFO Env - @{3 UNLOCKED}
inp.3 << 19:07:02.062 [main] INFO Env - @{3 SEND 4} Message(Share)
inp.4 << 19:07:02.062 [main] INFO Env - @{4 RCVD 3} Message(Share)
inp.4 << 19:07:02.062 [main] INFO Env - @{4 LOCKED}
out.4 >> unlock
inp.4 << 19:07:02.062 [main] INFO Env - @{4 UNLOCKED}
out.1 >> ping
out.2 >> ping
out.3 >> ping
out.4 >> ping
out.5 >> ping
inp.5 << 19:07:02.063 [main] INFO Env - @{5 PONG}
inp.1 << 19:07:02.063 [main] INFO Env - @{1 PONG}
inp.2 << 19:07:02.064 [main] INFO Env - @{2 PONG}
inp.3 << 19:07:02.064 [main] INFO Env - @{3 PONG}
inp.4 << 19:07:02.064 [main] INFO Env - @{4 PONG}
out.4 >> lock
inp.4 << 19:07:02.065 [main] INFO Env - @{4 LOCKED}
out.4 >> unlock
inp.4 << 19:07:02.065 [main] INFO Env - @{4 UNLOCKED}
out.1 >> ping
out.2 >> ping
out.3 >> ping
out.4 >> ping
out.5 >> ping
inp.5 << 19:07:02.065 [main] INFO Env - @{5 PONG}
inp.1 << 19:07:02.065 [main] INFO Env - @{1 PONG}
inp.2 << 19:07:02.065 [main] INFO Env - @{2 PONG}
inp.3 << 19:07:02.065 [main] INFO Env - @{3 PONG}
inp.4 << 19:07:02.066 [main] INFO Env - @{4 PONG}
out.4 >> lock
inp.4 << 19:07:02.066 [main] INFO Env - @{4 LOCKED}
out.4 >> unlock
inp.4 << 19:07:02.066 [main] INFO Env - @{4 UNLOCKED}
out.1 >> ping
out.2 >> ping
out.3 >> ping
out.4 >> ping
out.5 >> ping
inp.5 << 19:07:02.067 [main] INFO Env - @{5 PONG}
inp.1 << 19:07:02.067 [main] INFO Env - @{1 PONG}
inp.2 << 19:07:02.068 [main] INFO Env - @{2 PONG}
inp.3 << 19:07:02.068 [main] INFO Env - @{3 PONG}
inp.4 << 19:07:02.068 [main] INFO Env - @{4 PONG}
out.4 >> lock
inp.4 << 19:07:02.069 [main] INFO Env - @{4 LOCKED}
out.4 >> unlock
inp.4 << 19:07:02.069 [main] INFO Env - @{4 UNLOCKED}
out.1 >> ping
out.2 >> ping
out.3 >> ping
out.4 >> ping
out.5 >> ping
inp.5 << 19:07:02.070 [main] INFO Env - @{5 PONG}
inp.1 << 19:07:02.071 [main] INFO Env - @{1 PONG}
inp.2 << 19:07:02.071 [main] INFO Env - @{2 PONG}
inp.3 << 19:07:02.071 [main] INFO Env - @{3 PONG}
inp.4 << 19:07:02.072 [main] INFO Env - @{4 PONG}
out.4 >> lock
out.3 >> lock
inp.4 << 19:07:02.072 [main] INFO Env - @{4 LOCKED}
out.4 >> unlock
inp.3 << 19:07:02.072 [main] INFO Env - @{3 SEND 4} Message(Ask)
inp.4 << 19:07:02.073 [main] INFO Env - @{4 UNLOCKED}
inp.4 << 19:07:02.073 [main] INFO Env - @{4 RCVD 3} Message(Ask)
inp.4 << 19:07:02.073 [main] INFO Env - @{4 SEND 3} Message(Share)
inp.3 << 19:07:02.073 [main] INFO Env - @{3 RCVD 4} Message(Share)
inp.3 << 19:07:02.073 [main] INFO Env - @{3 LOCKED}
out.3 >> unlock
inp.3 << 19:07:02.073 [main] INFO Env - @{3 UNLOCKED}
out.1 >> ping
out.2 >> ping
out.3 >> ping
out.4 >> ping
out.5 >> ping
inp.5 << 19:07:02.074 [main] INFO Env - @{5 PONG}
inp.1 << 19:07:02.074 [main] INFO Env - @{1 PONG}
inp.2 << 19:07:02.075 [main] INFO Env - @{2 PONG}
inp.3 << 19:07:02.075 [main] INFO Env - @{3 PONG}
inp.4 << 19:07:02.075 [main] INFO Env - @{4 PONG}
out.4 >> lock
out.3 >> lock
inp.4 << 19:07:02.075 [main] INFO Env - @{4 SEND 3} Message(Ask)
inp.3 << 19:07:02.075 [main] INFO Env - @{3 LOCKED}
out.3 >> unlock
inp.3 << 19:07:02.075 [main] INFO Env - @{3 RCVD 4} Message(Ask)
inp.3 << 19:07:02.076 [main] INFO Env - @{3 UNLOCKED}
inp.3 << 19:07:02.076 [main] INFO Env - @{3 SEND 4} Message(Share)
inp.4 << 19:07:02.076 [main] INFO Env - @{4 RCVD 3} Message(Share)
inp.4 << 19:07:02.076 [main] INFO Env - @{4 LOCKED}
out.4 >> unlock
inp.4 << 19:07:02.076 [main] INFO Env - @{4 UNLOCKED}
out.1 >> ping
out.2 >> ping
out.3 >> ping
out.4 >> ping
out.5 >> ping
inp.5 << 19:07:02.076 [main] INFO Env - @{5 PONG}
inp.1 << 19:07:02.076 [main] INFO Env - @{1 PONG}
inp.2 << 19:07:02.076 [main] INFO Env - @{2 PONG}
inp.3 << 19:07:02.077 [main] INFO Env - @{3 PONG}
inp.4 << 19:07:02.077 [main] INFO Env - @{4 PONG}
out.4 >> lock
out.3 >> lock
inp.4 << 19:07:02.077 [main] INFO Env - @{4 LOCKED}
inp.3 << 19:07:02.077 [main] INFO Env - @{3 SEND 4} Message(Ask)
out.4 >> unlock
inp.4 << 19:07:02.077 [main] INFO Env - @{4 RCVD 3} Message(Ask)
inp.4 << 19:07:02.077 [main] INFO Env - @{4 UNLOCKED}
inp.4 << 19:07:02.077 [main] INFO Env - @{4 SEND 3} Message(Share)
inp.3 << 19:07:02.078 [main] INFO Env - @{3 RCVD 4} Message(Share)
inp.3 << 19:07:02.078 [main] INFO Env - @{3 LOCKED}
out.3 >> unlock
inp.3 << 19:07:02.078 [main] INFO Env - @{3 UNLOCKED}
out.1 >> ping
out.2 >> ping
out.3 >> ping
out.4 >> ping
out.5 >> ping
inp.5 << 19:07:02.079 [main] INFO Env - @{5 PONG}
inp.1 << 19:07:02.079 [main] INFO Env - @{1 PONG}
inp.2 << 19:07:02.079 [main] INFO Env - @{2 PONG}
inp.3 << 19:07:02.079 [main] INFO Env - @{3 PONG}
inp.4 << 19:07:02.079 [main] INFO Env - @{4 PONG}
out.1 >> ping
out.2 >> ping
out.3 >> ping
out.4 >> ping
out.5 >> ping
inp.5 << 19:07:02.080 [main] INFO Env - @{5 PONG}
inp.1 << 19:07:02.080 [main] INFO Env - @{1 PONG}
inp.2 << 19:07:02.080 [main] INFO Env - @{2 PONG}
inp.3 << 19:07:02.080 [main] INFO Env - @{3 PONG}
inp.4 << 19:07:02.080 [main] INFO Env - @{4 PONG}
out.1 >> lock
inp.1 << 19:07:02.080 [main] INFO Env - @{1 SEND 2} Message(Ask)
inp.1 << 19:07:02.081 [main] INFO Env - @{1 SEND 3} Message(Ask)
inp.1 << 19:07:02.081 [main] INFO Env - @{1 SEND 4} Message(Ask)
inp.2 << 19:07:02.081 [main] INFO Env - @{2 RCVD 1} Message(Ask)
inp.2 << 19:07:02.081 [main] INFO Env - @{2 SEND 1} Message(Share)
inp.1 << 19:07:02.081 [main] INFO Env - @{1 RCVD 2} Message(Share)
inp.3 << 19:07:02.081 [main] INFO Env - @{3 RCVD 1} Message(Ask)
inp.3 << 19:07:02.082 [main] INFO Env - @{3 SEND 1} Message(Share)
inp.1 << 19:07:02.082 [main] INFO Env - @{1 RCVD 3} Message(Share)
inp.4 << 19:07:02.082 [main] INFO Env - @{4 RCVD 1} Message(Ask)
inp.4 << 19:07:02.082 [main] INFO Env - @{4 SEND 1} Message(Share)
inp.1 << 19:07:02.082 [main] INFO Env - @{1 RCVD 4} Message(Share)
inp.1 << 19:07:02.082 [main] INFO Env - @{1 LOCKED}
out.1 >> unlock
inp.1 << 19:07:02.082 [main] INFO Env - @{1 UNLOCKED}
out.1 >> ping
out.2 >> ping
out.3 >> ping
out.4 >> ping
out.5 >> ping
inp.5 << 19:07:02.083 [main] INFO Env - @{5 PONG}
inp.1 << 19:07:02.083 [main] INFO Env - @{1 PONG}
inp.2 << 19:07:02.083 [main] INFO Env - @{2 PONG}
inp.3 << 19:07:02.083 [main] INFO Env - @{3 PONG}
inp.4 << 19:07:02.084 [main] INFO Env - @{4 PONG}
out.2 >> lock
inp.2 << 19:07:02.084 [main] INFO Env - @{2 SEND 1} Message(Ask)
inp.2 << 19:07:02.084 [main] INFO Env - @{2 SEND 3} Message(Ask)
inp.1 << 19:07:02.084 [main] INFO Env - @{1 RCVD 2} Message(Ask)
inp.1 << 19:07:02.084 [main] INFO Env - @{1 SEND 2} Message(Share)
inp.2 << 19:07:02.084 [main] INFO Env - @{2 SEND 4} Message(Ask)
inp.2 << 19:07:02.084 [main] INFO Env - @{2 RCVD 1} Message(Share)
inp.3 << 19:07:02.085 [main] INFO Env - @{3 RCVD 2} Message(Ask)
inp.3 << 19:07:02.085 [main] INFO Env - @{3 SEND 2} Message(Share)
inp.4 << 19:07:02.085 [main] INFO Env - @{4 RCVD 2} Message(Ask)
inp.4 << 19:07:02.085 [main] INFO Env - @{4 SEND 2} Message(Share)
inp.2 << 19:07:02.085 [main] INFO Env - @{2 RCVD 3} Message(Share)
inp.2 << 19:07:02.085 [main] INFO Env - @{2 RCVD 4} Message(Share)
inp.2 << 19:07:02.085 [main] INFO Env - @{2 LOCKED}
out.2 >> unlock
inp.2 << 19:07:02.085 [main] INFO Env - @{2 UNLOCKED}
out.1 >> ping
out.2 >> ping
out.3 >> ping
out.4 >> ping
out.5 >> ping
inp.5 << 19:07:02.086 [main] INFO Env - @{5 PONG}
inp.1 << 19:07:02.086 [main] INFO Env - @{1 PONG}
inp.2 << 19:07:02.086 [main] INFO Env - @{2 PONG}
inp.3 << 19:07:02.086 [main] INFO Env - @{3 PONG}
inp.4 << 19:07:02.087 [main] INFO Env - @{4 PONG}
out.3 >> lock
inp.3 << 19:07:02.087 [main] INFO Env - @{3 SEND 1} Message(Ask)
inp.1 << 19:07:02.087 [main] INFO Env - @{1 RCVD 3} Message(Ask)
inp.1 << 19:07:02.087 [main] INFO Env - @{1 SEND 3} Message(Share)
inp.3 << 19:07:02.088 [main] INFO Env - @{3 SEND 2} Message(Ask)
inp.2 << 19:07:02.088 [main] INFO Env - @{2 RCVD 3} Message(Ask)
inp.2 << 19:07:02.088 [main] INFO Env - @{2 SEND 3} Message(Share)
inp.3 << 19:07:02.088 [main] INFO Env - @{3 RCVD 1} Message(Share)
inp.3 << 19:07:02.088 [main] INFO Env - @{3 RCVD 2} Message(Share)
inp.3 << 19:07:02.088 [main] INFO Env - @{3 LOCKED}
out.3 >> unlock
inp.3 << 19:07:02.089 [main] INFO Env - @{3 UNLOCKED}
out.1 >> ping
out.2 >> ping
out.3 >> ping
out.4 >> ping
out.5 >> ping
inp.5 << 19:07:02.089 [main] INFO Env - @{5 PONG}
inp.1 << 19:07:02.090 [main] INFO Env - @{1 PONG}
inp.2 << 19:07:02.090 [main] INFO Env - @{2 PONG}
inp.3 << 19:07:02.090 [main] INFO Env - @{3 PONG}
inp.4 << 19:07:02.090 [main] INFO Env - @{4 PONG}
out.4 >> lock
inp.4 << 19:07:02.091 [main] INFO Env - @{4 SEND 1} Message(Ask)
inp.4 << 19:07:02.091 [main] INFO Env - @{4 SEND 2} Message(Ask)
inp.4 << 19:07:02.091 [main] INFO Env - @{4 SEND 3} Message(Ask)
inp.1 << 19:07:02.091 [main] INFO Env - @{1 RCVD 4} Message(Ask)
inp.1 << 19:07:02.091 [main] INFO Env - @{1 SEND 4} Message(Share)
inp.4 << 19:07:02.091 [main] INFO Env - @{4 RCVD 1} Message(Share)
inp.2 << 19:07:02.091 [main] INFO Env - @{2 RCVD 4} Message(Ask)
inp.2 << 19:07:02.091 [main] INFO Env - @{2 SEND 4} Message(Share)
inp.3 << 19:07:02.091 [main] INFO Env - @{3 RCVD 4} Message(Ask)
inp.3 << 19:07:02.091 [main] INFO Env - @{3 SEND 4} Message(Share)
inp.4 << 19:07:02.091 [main] INFO Env - @{4 RCVD 2} Message(Share)
inp.4 << 19:07:02.092 [main] INFO Env - @{4 RCVD 3} Message(Share)
inp.4 << 19:07:02.092 [main] INFO Env - @{4 LOCKED}
out.4 >> unlock
inp.4 << 19:07:02.092 [main] INFO Env - @{4 UNLOCKED}
out.1 >> ping
out.2 >> ping
out.3 >> ping
out.4 >> ping
out.5 >> ping
inp.5 << 19:07:02.092 [main] INFO Env - @{5 PONG}
inp.2 << 19:07:02.092 [main] INFO Env - @{2 PONG}
inp.1 << 19:07:02.092 [main] INFO Env - @{1 PONG}
inp.4 << 19:07:02.092 [main] INFO Env - @{4 PONG}
inp.3 << 19:07:02.092 [main] INFO Env - @{3 PONG}
out.5 >> lock
inp.5 << 19:07:02.093 [main] INFO Env - @{5 SEND 1} Message(Ask)
inp.5 << 19:07:02.093 [main] INFO Env - @{5 SEND 2} Message(Ask)
inp.1 << 19:07:02.093 [main] INFO Env - @{1 RCVD 5} Message(Ask)
inp.5 << 19:07:02.093 [main] INFO Env - @{5 SEND 3} Message(Ask)
inp.5 << 19:07:02.093 [main] INFO Env - @{5 SEND 4} Message(Ask)
inp.1 << 19:07:02.093 [main] INFO Env - @{1 SEND 5} Message(Share)
inp.5 << 19:07:02.094 [main] INFO Env - @{5 RCVD 1} Message(Share)
inp.2 << 19:07:02.094 [main] INFO Env - @{2 RCVD 5} Message(Ask)
inp.2 << 19:07:02.094 [main] INFO Env - @{2 SEND 5} Message(Share)
inp.3 << 19:07:02.094 [main] INFO Env - @{3 RCVD 5} Message(Ask)
inp.3 << 19:07:02.094 [main] INFO Env - @{3 SEND 5} Message(Share)
inp.5 << 19:07:02.094 [main] INFO Env - @{5 RCVD 2} Message(Share)
inp.5 << 19:07:02.094 [main] INFO Env - @{5 RCVD 3} Message(Share)
inp.4 << 19:07:02.095 [main] INFO Env - @{4 RCVD 5} Message(Ask)
inp.4 << 19:07:02.095 [main] INFO Env - @{4 SEND 5} Message(Share)
inp.5 << 19:07:02.095 [main] INFO Env - @{5 RCVD 4} Message(Share)
inp.5 << 19:07:02.095 [main] INFO Env - @{5 LOCKED}
out.5 >> unlock
inp.5 << 19:07:02.095 [main] INFO Env - @{5 UNLOCKED}
out.1 >> ping
out.2 >> ping
out.3 >> ping
out.4 >> ping
out.5 >> ping
inp.1 << 19:07:02.096 [main] INFO Env - @{1 PONG}
inp.5 << 19:07:02.096 [main] INFO Env - @{5 PONG}
inp.2 << 19:07:02.096 [main] INFO Env - @{2 PONG}
inp.3 << 19:07:02.096 [main] INFO Env - @{3 PONG}
inp.4 << 19:07:02.096 [main] INFO Env - @{4 PONG}
out.5 >> lock
out.2 >> lock
out.3 >> lock
out.1 >> lock
out.4 >> lock
inp.5 << 19:07:02.096 [main] INFO Env - @{5 LOCKED}
out.5 >> unlock
inp.2 << 19:07:02.096 [main] INFO Env - @{2 SEND 3} Message(Ask)
inp.3 << 19:07:02.096 [main] INFO Env - @{3 SEND 4} Message(Ask)
inp.3 << 19:07:02.096 [main] INFO Env - @{3 SEND 5} Message(Ask)
inp.3 << 19:07:02.096 [main] INFO Env - @{3 RCVD 2} Message(Ask)
inp.3 << 19:07:02.097 [main] INFO Env - @{3 SEND 2} Message(Share)
inp.5 << 19:07:02.097 [main] INFO Env - @{5 UNLOCKED}
inp.3 << 19:07:02.097 [main] INFO Env - @{3 SEND 2} Message(Ask)
inp.5 << 19:07:02.097 [main] INFO Env - @{5 RCVD 3} Message(Ask)
inp.1 << 19:07:02.097 [main] INFO Env - @{1 SEND 2} Message(Ask)
inp.2 << 19:07:02.097 [main] INFO Env - @{2 SEND 4} Message(Ask)
inp.2 << 19:07:02.097 [main] INFO Env - @{2 SEND 5} Message(Ask)
inp.2 << 19:07:02.097 [main] INFO Env - @{2 RCVD 3} Message(Share)
inp.2 << 19:07:02.097 [main] INFO Env - @{2 RCVD 3} Message(Ask)
inp.2 << 19:07:02.097 [main] INFO Env - @{2 RCVD 1} Message(Ask)
inp.1 << 19:07:02.097 [main] INFO Env - @{1 SEND 3} Message(Ask)
inp.2 << 19:07:02.097 [main] INFO Env - @{2 SEND 1} Message(Share)
inp.5 << 19:07:02.097 [main] INFO Env - @{5 SEND 3} Message(Share)
inp.2 << 19:07:02.097 [main] INFO Env - @{2 SEND 1} Message(Ask)
inp.5 << 19:07:02.097 [main] INFO Env - @{5 RCVD 2} Message(Ask)
inp.1 << 19:07:02.097 [main] INFO Env - @{1 SEND 4} Message(Ask)
inp.4 << 19:07:02.097 [main] INFO Env - @{4 SEND 5} Message(Ask)
inp.4 << 19:07:02.097 [main] INFO Env - @{4 RCVD 3} Message(Ask)
inp.4 << 19:07:02.097 [main] INFO Env - @{4 SEND 3} Message(Share)
inp.5 << 19:07:02.097 [main] INFO Env - @{5 SEND 2} Message(Share)
inp.4 << 19:07:02.097 [main] INFO Env - @{4 SEND 3} Message(Ask)
inp.5 << 19:07:02.097 [main] INFO Env - @{5 RCVD 4} Message(Ask)
inp.5 << 19:07:02.097 [main] INFO Env - @{5 SEND 4} Message(Share)
inp.1 << 19:07:02.097 [main] INFO Env - @{1 SEND 5} Message(Ask)
inp.4 << 19:07:02.097 [main] INFO Env - @{4 RCVD 2} Message(Ask)
inp.3 << 19:07:02.097 [main] INFO Env - @{3 RCVD 1} Message(Ask)
inp.3 << 19:07:02.097 [main] INFO Env - @{3 SEND 1} Message(Share)
inp.3 << 19:07:02.097 [main] INFO Env - @{3 SEND 1} Message(Ask)
inp.3 << 19:07:02.098 [main] INFO Env - @{3 RCVD 5} Message(Share)
inp.3 << 19:07:02.098 [main] INFO Env - @{3 RCVD 4} Message(Share)
inp.3 << 19:07:02.098 [main] INFO Env - @{3 RCVD 4} Message(Ask)
inp.5 << 19:07:02.098 [main] INFO Env - @{5 RCVD 1} Message(Ask)
inp.5 << 19:07:02.098 [main] INFO Env - @{5 SEND 1} Message(Share)
inp.4 << 19:07:02.098 [main] INFO Env - @{4 SEND 2} Message(Share)
inp.4 << 19:07:02.098 [main] INFO Env - @{4 SEND 2} Message(Ask)
inp.1 << 19:07:02.098 [main] INFO Env - @{1 RCVD 2} Message(Share)
inp.4 << 19:07:02.098 [main] INFO Env - @{4 RCVD 1} Message(Ask)
inp.4 << 19:07:02.098 [main] INFO Env - @{4 SEND 1} Message(Share)
inp.4 << 19:07:02.098 [main] INFO Env - @{4 SEND 1} Message(Ask)
inp.1 << 19:07:02.098 [main] INFO Env - @{1 RCVD 2} Message(Ask)
inp.2 << 19:07:02.098 [main] INFO Env - @{2 RCVD 5} Message(Share)
inp.4 << 19:07:02.098 [main] INFO Env - @{4 RCVD 5} Message(Share)
inp.1 << 19:07:02.098 [main] INFO Env - @{1 RCVD 3} Message(Share)
inp.1 << 19:07:02.098 [main] INFO Env - @{1 RCVD 3} Message(Ask)
inp.1 << 19:07:02.098 [main] INFO Env - @{1 RCVD 5} Message(Share)
inp.1 << 19:07:02.098 [main] INFO Env - @{1 RCVD 4} Message(Share)
inp.1 << 19:07:02.098 [main] INFO Env - @{1 LOCKED}
inp.1 << 19:07:02.098 [main] INFO Env - @{1 RCVD 4} Message(Ask)
inp.2 << 19:07:02.098 [main] INFO Env - @{2 RCVD 4} Message(Share)
out.1 >> unlock
inp.2 << 19:07:02.098 [main] INFO Env - @{2 RCVD 4} Message(Ask)
inp.1 << 19:07:02.098 [main] INFO Env - @{1 UNLOCKED}
inp.1 << 19:07:02.098 [main] INFO Env - @{1 SEND 2} Message(Share)
inp.1 << 19:07:02.098 [main] INFO Env - @{1 SEND 3} Message(Share)
inp.1 << 19:07:02.099 [main] INFO Env - @{1 SEND 4} Message(Share)
inp.3 << 19:07:02.099 [main] INFO Env - @{3 RCVD 1} Message(Share)
inp.4 << 19:07:02.099 [main] INFO Env - @{4 RCVD 1} Message(Share)
inp.2 << 19:07:02.099 [main] INFO Env - @{2 RCVD 1} Message(Share)
inp.2 << 19:07:02.099 [main] INFO Env - @{2 LOCKED}
out.2 >> unlock
inp.2 << 19:07:02.099 [main] INFO Env - @{2 UNLOCKED}
inp.2 << 19:07:02.099 [main] INFO Env - @{2 SEND 3} Message(Share)
inp.2 << 19:07:02.100 [main] INFO Env - @{2 SEND 4} Message(Share)
inp.3 << 19:07:02.100 [main] INFO Env - @{3 RCVD 2} Message(Share)
inp.3 << 19:07:02.100 [main] INFO Env - @{3 LOCKED}
inp.4 << 19:07:02.100 [main] INFO Env - @{4 RCVD 2} Message(Share)
out.3 >> unlock
inp.3 << 19:07:02.100 [main] INFO Env - @{3 UNLOCKED}
inp.3 << 19:07:02.100 [main] INFO Env - @{3 SEND 4} Message(Share)
inp.4 << 19:07:02.100 [main] INFO Env - @{4 RCVD 3} Message(Share)
inp.4 << 19:07:02.100 [main] INFO Env - @{4 LOCKED}
out.4 >> unlock
inp.4 << 19:07:02.100 [main] INFO Env - @{4 UNLOCKED}
out.1 >> ping
out.2 >> ping
out.3 >> ping
out.4 >> ping
out.5 >> ping
inp.4 << 19:07:02.101 [main] INFO Env - @{4 PONG}
inp.5 << 19:07:02.101 [main] INFO Env - @{5 PONG}
inp.1 << 19:07:02.101 [main] INFO Env - @{1 PONG}
inp.3 << 19:07:02.101 [main] INFO Env - @{3 PONG}
inp.2 << 19:07:02.101 [main] INFO Env - @{2 PONG}
out.4 >> lock
inp.4 << 19:07:02.101 [main] INFO Env - @{4 LOCKED}
out.4 >> unlock
inp.4 << 19:07:02.102 [main] INFO Env - @{4 UNLOCKED}
out.1 >> ping
out.2 >> ping
out.3 >> ping
out.4 >> ping
out.5 >> ping
inp.5 << 19:07:02.102 [main] INFO Env - @{5 PONG}
inp.1 << 19:07:02.102 [main] INFO Env - @{1 PONG}
inp.4 << 19:07:02.102 [main] INFO Env - @{4 PONG}
inp.2 << 19:07:02.102 [main] INFO Env - @{2 PONG}
inp.3 << 19:07:02.102 [main] INFO Env - @{3 PONG}
out.4 >> lock
inp.4 << 19:07:02.102 [main] INFO Env - @{4 LOCKED}
out.4 >> unlock
inp.4 << 19:07:02.103 [main] INFO Env - @{4 UNLOCKED}
out.1 >> ping
out.2 >> ping
out.3 >> ping
out.4 >> ping
out.5 >> ping
inp.5 << 19:07:02.103 [main] INFO Env - @{5 PONG}
inp.1 << 19:07:02.103 [main] INFO Env - @{1 PONG}
inp.2 << 19:07:02.103 [main] INFO Env - @{2 PONG}
inp.3 << 19:07:02.104 [main] INFO Env - @{3 PONG}
inp.4 << 19:07:02.104 [main] INFO Env - @{4 PONG}
out.4 >> lock
inp.4 << 19:07:02.104 [main] INFO Env - @{4 LOCKED}
out.4 >> unlock
inp.4 << 19:07:02.104 [main] INFO Env - @{4 UNLOCKED}
out.1 >> ping
out.2 >> ping
out.3 >> ping
out.4 >> ping
out.5 >> ping
inp.5 << 19:07:02.104 [main] INFO Env - @{5 PONG}
inp.1 << 19:07:02.105 [main] INFO Env - @{1 PONG}
inp.2 << 19:07:02.105 [main] INFO Env - @{2 PONG}
inp.3 << 19:07:02.105 [main] INFO Env - @{3 PONG}
inp.4 << 19:07:02.105 [main] INFO Env - @{4 PONG}
out.4 >> lock
out.2 >> lock
inp.4 << 19:07:02.105 [main] INFO Env - @{4 LOCKED}
inp.2 << 19:07:02.105 [main] INFO Env - @{2 SEND 3} Message(Ask)
out.4 >> unlock
inp.2 << 19:07:02.106 [main] INFO Env - @{2 SEND 4} Message(Ask)
inp.3 << 19:07:02.106 [main] INFO Env - @{3 RCVD 2} Message(Ask)
inp.3 << 19:07:02.106 [main] INFO Env - @{3 SEND 2} Message(Share)
inp.4 << 19:07:02.106 [main] INFO Env - @{4 UNLOCKED}
inp.4 << 19:07:02.106 [main] INFO Env - @{4 RCVD 2} Message(Ask)
inp.4 << 19:07:02.106 [main] INFO Env - @{4 SEND 2} Message(Share)
inp.2 << 19:07:02.106 [main] INFO Env - @{2 RCVD 3} Message(Share)
inp.2 << 19:07:02.106 [main] INFO Env - @{2 RCVD 4} Message(Share)
inp.2 << 19:07:02.117 [main] INFO Env - @{2 LOCKED}
out.2 >> unlock
inp.2 << 19:07:02.117 [main] INFO Env - @{2 UNLOCKED}
out.1 >> ping
out.2 >> ping
out.3 >> ping
out.4 >> ping
out.5 >> ping
inp.5 << 19:07:02.118 [main] INFO Env - @{5 PONG}
inp.1 << 19:07:02.118 [main] INFO Env - @{1 PONG}
inp.2 << 19:07:02.118 [main] INFO Env - @{2 PONG}
inp.3 << 19:07:02.118 [main] INFO Env - @{3 PONG}
inp.4 << 19:07:02.118 [main] INFO Env - @{4 PONG}
out.4 >> lock
out.2 >> lock
inp.2 << 19:07:02.119 [main] INFO Env - @{2 LOCKED}
out.2 >> unlock
inp.4 << 19:07:02.119 [main] INFO Env - @{4 SEND 2} Message(Ask)
inp.2 << 19:07:02.119 [main] INFO Env - @{2 UNLOCKED}
inp.2 << 19:07:02.119 [main] INFO Env - @{2 RCVD 4} Message(Ask)
inp.2 << 19:07:02.119 [main] INFO Env - @{2 SEND 4} Message(Share)
inp.4 << 19:07:02.119 [main] INFO Env - @{4 RCVD 2} Message(Share)
inp.4 << 19:07:02.119 [main] INFO Env - @{4 LOCKED}
out.4 >> unlock
inp.4 << 19:07:02.120 [main] INFO Env - @{4 UNLOCKED}
out.1 >> ping
out.2 >> ping
out.3 >> ping
out.4 >> ping
out.5 >> ping
inp.5 << 19:07:02.120 [main] INFO Env - @{5 PONG}
inp.1 << 19:07:02.120 [main] INFO Env - @{1 PONG}
inp.2 << 19:07:02.121 [main] INFO Env - @{2 PONG}
inp.3 << 19:07:02.121 [main] INFO Env - @{3 PONG}
inp.4 << 19:07:02.121 [main] INFO Env - @{4 PONG}
out.4 >> lock
out.2 >> lock
inp.4 << 19:07:02.121 [main] INFO Env - @{4 LOCKED}
inp.2 << 19:07:02.121 [main] INFO Env - @{2 SEND 4} Message(Ask)
out.4 >> unlock
inp.4 << 19:07:02.121 [main] INFO Env - @{4 RCVD 2} Message(Ask)
inp.4 << 19:07:02.121 [main] INFO Env - @{4 UNLOCKED}
inp.4 << 19:07:02.121 [main] INFO Env - @{4 SEND 2} Message(Share)
inp.2 << 19:07:02.121 [main] INFO Env - @{2 RCVD 4} Message(Share)
inp.2 << 19:07:02.122 [main] INFO Env - @{2 LOCKED}
out.2 >> unlock
inp.2 << 19:07:02.122 [main] INFO Env - @{2 UNLOCKED}
out.1 >> ping
out.2 >> ping
out.3 >> ping
out.4 >> ping
out.5 >> ping
inp.2 << 19:07:02.122 [main] INFO Env - @{2 PONG}
inp.1 << 19:07:02.122 [main] INFO Env - @{1 PONG}
inp.5 << 19:07:02.122 [main] INFO Env - @{5 PONG}
inp.3 << 19:07:02.122 [main] INFO Env - @{3 PONG}
inp.4 << 19:07:02.122 [main] INFO Env - @{4 PONG}
out.1 >> ping
out.2 >> ping
out.3 >> ping
out.4 >> ping
out.5 >> ping
inp.3 << 19:07:02.123 [main] INFO Env - @{3 PONG}
inp.2 << 19:07:02.123 [main] INFO Env - @{2 PONG}
inp.5 << 19:07:02.123 [main] INFO Env - @{5 PONG}
inp.1 << 19:07:02.123 [main] INFO Env - @{1 PONG}
inp.4 << 19:07:02.125 [main] INFO Env - @{4 PONG}
out.1 >> lock
inp.1 << 19:07:02.126 [main] INFO Env - @{1 SEND 2} Message(Ask)
inp.1 << 19:07:02.126 [main] INFO Env - @{1 SEND 3} Message(Ask)
inp.1 << 19:07:02.126 [main] INFO Env - @{1 SEND 4} Message(Ask)
inp.2 << 19:07:02.126 [main] INFO Env - @{2 RCVD 1} Message(Ask)
inp.2 << 19:07:02.127 [main] INFO Env - @{2 SEND 1} Message(Share)
inp.3 << 19:07:02.127 [main] INFO Env - @{3 RCVD 1} Message(Ask)
inp.3 << 19:07:02.128 [main] INFO Env - @{3 SEND 1} Message(Share)
inp.4 << 19:07:02.128 [main] INFO Env - @{4 RCVD 1} Message(Ask)
inp.4 << 19:07:02.129 [main] INFO Env - @{4 SEND 1} Message(Share)
inp.1 << 19:07:02.129 [main] INFO Env - @{1 RCVD 2} Message(Share)
inp.1 << 19:07:02.130 [main] INFO Env - @{1 RCVD 3} Message(Share)
inp.1 << 19:07:02.130 [main] INFO Env - @{1 RCVD 4} Message(Share)
inp.1 << 19:07:02.130 [main] INFO Env - @{1 LOCKED}
out.1 >> unlock
inp.1 << 19:07:02.132 [main] INFO Env - @{1 UNLOCKED}
out.1 >> ping
out.2 >> ping
out.3 >> ping
out.4 >> ping
out.5 >> ping
inp.1 << 19:07:02.133 [main] INFO Env - @{1 PONG}
inp.5 << 19:07:02.133 [main] INFO Env - @{5 PONG}
inp.3 << 19:07:02.133 [main] INFO Env - @{3 PONG}
inp.2 << 19:07:02.133 [main] INFO Env - @{2 PONG}
inp.4 << 19:07:02.133 [main] INFO Env - @{4 PONG}
out.2 >> lock
inp.2 << 19:07:02.133 [main] INFO Env - @{2 SEND 1} Message(Ask)
inp.1 << 19:07:02.134 [main] INFO Env - @{1 RCVD 2} Message(Ask)
inp.1 << 19:07:02.134 [main] INFO Env - @{1 SEND 2} Message(Share)
inp.2 << 19:07:02.134 [main] INFO Env - @{2 RCVD 1} Message(Share)
inp.2 << 19:07:02.135 [main] INFO Env - @{2 LOCKED}
out.2 >> unlock
inp.2 << 19:07:02.136 [main] INFO Env - @{2 UNLOCKED}
out.1 >> ping
out.2 >> ping
out.3 >> ping
out.4 >> ping
out.5 >> ping
inp.1 << 19:07:02.137 [main] INFO Env - @{1 PONG}
inp.5 << 19:07:02.137 [main] INFO Env - @{5 PONG}
inp.2 << 19:07:02.137 [main] INFO Env - @{2 PONG}
inp.3 << 19:07:02.138 [main] INFO Env - @{3 PONG}
inp.4 << 19:07:02.139 [main] INFO Env - @{4 PONG}
out.3 >> lock
inp.3 << 19:07:02.140 [main] INFO Env - @{3 SEND 1} Message(Ask)
inp.3 << 19:07:02.141 [main] INFO Env - @{3 SEND 2} Message(Ask)
inp.3 << 19:07:02.141 [main] INFO Env - @{3 SEND 4} Message(Ask)
inp.2 << 19:07:02.142 [main] INFO Env - @{2 RCVD 3} Message(Ask)
inp.2 << 19:07:02.142 [main] INFO Env - @{2 SEND 3} Message(Share)
inp.1 << 19:07:02.142 [main] INFO Env - @{1 RCVD 3} Message(Ask)
inp.4 << 19:07:02.142 [main] INFO Env - @{4 RCVD 3} Message(Ask)
inp.4 << 19:07:02.142 [main] INFO Env - @{4 SEND 3} Message(Share)
inp.1 << 19:07:02.142 [main] INFO Env - @{1 SEND 3} Message(Share)
inp.3 << 19:07:02.142 [main] INFO Env - @{3 RCVD 2} Message(Share)
inp.3 << 19:07:02.143 [main] INFO Env - @{3 RCVD 4} Message(Share)
inp.3 << 19:07:02.143 [main] INFO Env - @{3 RCVD 1} Message(Share)
inp.3 << 19:07:02.143 [main] INFO Env - @{3 LOCKED}
out.3 >> unlock
inp.3 << 19:07:02.144 [main] INFO Env - @{3 UNLOCKED}
out.1 >> ping
out.2 >> ping
out.3 >> ping
out.4 >> ping
out.5 >> ping
inp.5 << 19:07:02.144 [main] INFO Env - @{5 PONG}
inp.1 << 19:07:02.144 [main] INFO Env - @{1 PONG}
inp.2 << 19:07:02.144 [main] INFO Env - @{2 PONG}
inp.3 << 19:07:02.144 [main] INFO Env - @{3 PONG}
inp.4 << 19:07:02.144 [main] INFO Env - @{4 PONG}
out.4 >> lock
inp.4 << 19:07:02.145 [main] INFO Env - @{4 SEND 1} Message(Ask)
inp.4 << 19:07:02.145 [main] INFO Env - @{4 SEND 2} Message(Ask)
inp.1 << 19:07:02.145 [main] INFO Env - @{1 RCVD 4} Message(Ask)
inp.4 << 19:07:02.145 [main] INFO Env - @{4 SEND 3} Message(Ask)
inp.1 << 19:07:02.145 [main] INFO Env - @{1 SEND 4} Message(Share)
inp.4 << 19:07:02.145 [main] INFO Env - @{4 RCVD 1} Message(Share)
inp.3 << 19:07:02.145 [main] INFO Env - @{3 RCVD 4} Message(Ask)
inp.2 << 19:07:02.145 [main] INFO Env - @{2 RCVD 4} Message(Ask)
inp.3 << 19:07:02.145 [main] INFO Env - @{3 SEND 4} Message(Share)
inp.2 << 19:07:02.145 [main] INFO Env - @{2 SEND 4} Message(Share)
inp.4 << 19:07:02.146 [main] INFO Env - @{4 RCVD 2} Message(Share)
inp.4 << 19:07:02.146 [main] INFO Env - @{4 RCVD 3} Message(Share)
inp.4 << 19:07:02.146 [main] INFO Env - @{4 LOCKED}
out.4 >> unlock
inp.4 << 19:07:02.146 [main] INFO Env - @{4 UNLOCKED}
out.1 >> ping
out.2 >> ping
out.3 >> ping
out.4 >> ping
out.5 >> ping
inp.5 << 19:07:02.146 [main] INFO Env - @{5 PONG}
inp.1 << 19:07:02.147 [main] INFO Env - @{1 PONG}
inp.2 << 19:07:02.147 [main] INFO Env - @{2 PONG}
inp.3 << 19:07:02.147 [main] INFO Env - @{3 PONG}
inp.4 << 19:07:02.147 [main] INFO Env - @{4 PONG}
out.5 >> lock
inp.5 << 19:07:02.148 [main] INFO Env - @{5 SEND 1} Message(Ask)
inp.5 << 19:07:02.148 [main] INFO Env - @{5 SEND 2} Message(Ask)
inp.5 << 19:07:02.148 [main] INFO Env - @{5 SEND 3} Message(Ask)
inp.5 << 19:07:02.148 [main] INFO Env - @{5 SEND 4} Message(Ask)
inp.1 << 19:07:02.148 [main] INFO Env - @{1 RCVD 5} Message(Ask)
inp.1 << 19:07:02.148 [main] INFO Env - @{1 SEND 5} Message(Share)
inp.2 << 19:07:02.148 [main] INFO Env - @{2 RCVD 5} Message(Ask)
inp.2 << 19:07:02.148 [main] INFO Env - @{2 SEND 5} Message(Share)
inp.4 << 19:07:02.148 [main] INFO Env - @{4 RCVD 5} Message(Ask)
inp.5 << 19:07:02.148 [main] INFO Env - @{5 RCVD 1} Message(Share)
inp.5 << 19:07:02.148 [main] INFO Env - @{5 RCVD 3} Message(Share)
inp.5 << 19:07:02.148 [main] INFO Env - @{5 RCVD 2} Message(Share)
inp.3 << 19:07:02.148 [main] INFO Env - @{3 RCVD 5} Message(Ask)
inp.4 << 19:07:02.148 [main] INFO Env - @{4 SEND 5} Message(Share)
inp.3 << 19:07:02.148 [main] INFO Env - @{3 SEND 5} Message(Share)
inp.5 << 19:07:02.149 [main] INFO Env - @{5 RCVD 4} Message(Share)
inp.5 << 19:07:02.149 [main] INFO Env - @{5 LOCKED}
out.5 >> unlock
inp.5 << 19:07:02.149 [main] INFO Env - @{5 UNLOCKED}
out.1 >> ping
out.2 >> ping
out.3 >> ping
out.4 >> ping
out.5 >> ping
inp.5 << 19:07:02.149 [main] INFO Env - @{5 PONG}
inp.1 << 19:07:02.149 [main] INFO Env - @{1 PONG}
inp.2 << 19:07:02.150 [main] INFO Env - @{2 PONG}
inp.3 << 19:07:02.150 [main] INFO Env - @{3 PONG}
inp.4 << 19:07:02.150 [main] INFO Env - @{4 PONG}
out.2 >> lock
out.4 >> lock
out.5 >> lock
out.1 >> lock
out.3 >> lock
inp.5 << 19:07:02.150 [main] INFO Env - @{5 LOCKED}
out.5 >> unlock
inp.5 << 19:07:02.151 [main] INFO Env - @{5 UNLOCKED}
inp.2 << 19:07:02.151 [main] INFO Env - @{2 SEND 3} Message(Ask)
inp.2 << 19:07:02.152 [main] INFO Env - @{2 SEND 4} Message(Ask)
inp.2 << 19:07:02.152 [main] INFO Env - @{2 SEND 5} Message(Ask)
inp.4 << 19:07:02.152 [main] INFO Env - @{4 SEND 5} Message(Ask)
inp.4 << 19:07:02.152 [main] INFO Env - @{4 RCVD 2} Message(Ask)
inp.5 << 19:07:02.152 [main] INFO Env - @{5 RCVD 2} Message(Ask)
inp.3 << 19:07:02.152 [main] INFO Env - @{3 SEND 4} Message(Ask)
inp.5 << 19:07:02.152 [main] INFO Env - @{5 SEND 2} Message(Share)
inp.5 << 19:07:02.152 [main] INFO Env - @{5 RCVD 4} Message(Ask)
inp.5 << 19:07:02.152 [main] INFO Env - @{5 SEND 4} Message(Share)
inp.5 << 19:07:02.152 [main] INFO Env - @{5 RCVD 1} Message(Ask)
inp.5 << 19:07:02.152 [main] INFO Env - @{5 SEND 1} Message(Share)
inp.4 << 19:07:02.152 [main] INFO Env - @{4 SEND 2} Message(Share)
inp.4 << 19:07:02.152 [main] INFO Env - @{4 SEND 2} Message(Ask)
inp.4 << 19:07:02.152 [main] INFO Env - @{4 RCVD 1} Message(Ask)
inp.3 << 19:07:02.152 [main] INFO Env - @{3 SEND 5} Message(Ask)
inp.3 << 19:07:02.152 [main] INFO Env - @{3 RCVD 2} Message(Ask)
inp.3 << 19:07:02.152 [main] INFO Env - @{3 SEND 2} Message(Share)
inp.4 << 19:07:02.152 [main] INFO Env - @{4 SEND 1} Message(Share)
inp.5 << 19:07:02.152 [main] INFO Env - @{5 RCVD 3} Message(Ask)
inp.3 << 19:07:02.152 [main] INFO Env - @{3 SEND 2} Message(Ask)
inp.5 << 19:07:02.153 [main] INFO Env - @{5 SEND 3} Message(Share)
inp.4 << 19:07:02.153 [main] INFO Env - @{4 SEND 1} Message(Ask)
inp.4 << 19:07:02.153 [main] INFO Env - @{4 RCVD 3} Message(Ask)
inp.4 << 19:07:02.153 [main] INFO Env - @{4 SEND 3} Message(Share)
inp.2 << 19:07:02.153 [main] INFO Env - @{2 RCVD 1} Message(Ask)
inp.4 << 19:07:02.153 [main] INFO Env - @{4 SEND 3} Message(Ask)
inp.4 << 19:07:02.153 [main] INFO Env - @{4 RCVD 5} Message(Share)
inp.2 << 19:07:02.153 [main] INFO Env - @{2 SEND 1} Message(Share)
inp.2 << 19:07:02.154 [main] INFO Env - @{2 SEND 1} Message(Ask)
inp.2 << 19:07:02.154 [main] INFO Env - @{2 RCVD 5} Message(Share)
inp.2 << 19:07:02.154 [main] INFO Env - @{2 RCVD 4} Message(Share)
inp.2 << 19:07:02.154 [main] INFO Env - @{2 RCVD 4} Message(Ask)
inp.2 << 19:07:02.154 [main] INFO Env - @{2 RCVD 3} Message(Share)
inp.2 << 19:07:02.154 [main] INFO Env - @{2 RCVD 3} Message(Ask)
inp.1 << 19:07:02.152 [main] INFO Env - @{1 SEND 2} Message(Ask)
inp.3 << 19:07:02.153 [main] INFO Env - @{3 RCVD 1} Message(Ask)
inp.3 << 19:07:02.153 [main] INFO Env - @{3 SEND 1} Message(Share)
inp.1 << 19:07:02.152 [main] INFO Env - @{1 SEND 3} Message(Ask)
inp.3 << 19:07:02.153 [main] INFO Env - @{3 SEND 1} Message(Ask)
inp.1 << 19:07:02.152 [main] INFO Env - @{1 SEND 4} Message(Ask)
inp.3 << 19:07:02.153 [main] INFO Env - @{3 RCVD 5} Message(Share)
inp.3 << 19:07:02.153 [main] INFO Env - @{3 RCVD 4} Message(Share)
inp.3 << 19:07:02.154 [main] INFO Env - @{3 RCVD 4} Message(Ask)
inp.1 << 19:07:02.152 [main] INFO Env - @{1 SEND 5} Message(Ask)
inp.1 << 19:07:02.153 [main] INFO Env - @{1 RCVD 5} Message(Share)
inp.1 << 19:07:02.153 [main] INFO Env - @{1 RCVD 4} Message(Share)
inp.1 << 19:07:02.153 [main] INFO Env - @{1 RCVD 3} Message(Share)
inp.1 << 19:07:02.153 [main] INFO Env - @{1 RCVD 4} Message(Ask)
inp.1 << 19:07:02.153 [main] INFO Env - @{1 RCVD 3} Message(Ask)
inp.1 << 19:07:02.154 [main] INFO Env - @{1 RCVD 2} Message(Share)
inp.1 << 19:07:02.154 [main] INFO Env - @{1 LOCKED}
out.1 >> unlock
inp.1 << 19:07:02.154 [main] INFO Env - @{1 RCVD 2} Message(Ask)
inp.1 << 19:07:02.154 [main] INFO Env - @{1 UNLOCKED}
inp.1 << 19:07:02.154 [main] INFO Env - @{1 SEND 2} Message(Share)
inp.1 << 19:07:02.154 [main] INFO Env - @{1 SEND 3} Message(Share)
inp.1 << 19:07:02.154 [main] INFO Env - @{1 SEND 4} Message(Share)
inp.2 << 19:07:02.154 [main] INFO Env - @{2 RCVD 1} Message(Share)
inp.2 << 19:07:02.154 [main] INFO Env - @{2 LOCKED}
out.2 >> unlock
inp.3 << 19:07:02.155 [main] INFO Env - @{3 RCVD 1} Message(Share)
inp.4 << 19:07:02.155 [main] INFO Env - @{4 RCVD 1} Message(Share)
inp.2 << 19:07:02.155 [main] INFO Env - @{2 UNLOCKED}
inp.2 << 19:07:02.155 [main] INFO Env - @{2 SEND 3} Message(Share)
inp.2 << 19:07:02.155 [main] INFO Env - @{2 SEND 4} Message(Share)
inp.3 << 19:07:02.155 [main] INFO Env - @{3 RCVD 2} Message(Share)
inp.4 << 19:07:02.155 [main] INFO Env - @{4 RCVD 2} Message(Share)
inp.3 << 19:07:02.155 [main] INFO Env - @{3 LOCKED}
out.3 >> unlock
inp.3 << 19:07:02.155 [main] INFO Env - @{3 UNLOCKED}
inp.3 << 19:07:02.155 [main] INFO Env - @{3 SEND 4} Message(Share)
inp.4 << 19:07:02.156 [main] INFO Env - @{4 RCVD 3} Message(Share)
inp.4 << 19:07:02.156 [main] INFO Env - @{4 LOCKED}
out.4 >> unlock
inp.4 << 19:07:02.156 [main] INFO Env - @{4 UNLOCKED}
out.1 >> ping
out.2 >> ping
out.3 >> ping
out.4 >> ping
out.5 >> ping
inp.1 << 19:07:02.156 [main] INFO Env - @{1 PONG}
inp.5 << 19:07:02.156 [main] INFO Env - @{5 PONG}
inp.3 << 19:07:02.156 [main] INFO Env - @{3 PONG}
inp.4 << 19:07:02.156 [main] INFO Env - @{4 PONG}
inp.2 << 19:07:02.156 [main] INFO Env - @{2 PONG}
out.2 >> lock
inp.2 << 19:07:02.157 [main] INFO Env - @{2 SEND 3} Message(Ask)
inp.2 << 19:07:02.157 [main] INFO Env - @{2 SEND 4} Message(Ask)
inp.3 << 19:07:02.157 [main] INFO Env - @{3 RCVD 2} Message(Ask)
inp.4 << 19:07:02.157 [main] INFO Env - @{4 RCVD 2} Message(Ask)
inp.3 << 19:07:02.157 [main] INFO Env - @{3 SEND 2} Message(Share)
inp.4 << 19:07:02.157 [main] INFO Env - @{4 SEND 2} Message(Share)
inp.2 << 19:07:02.157 [main] INFO Env - @{2 RCVD 3} Message(Share)
inp.2 << 19:07:02.158 [main] INFO Env - @{2 RCVD 4} Message(Share)
inp.2 << 19:07:02.158 [main] INFO Env - @{2 LOCKED}
out.2 >> unlock
inp.2 << 19:07:02.158 [main] INFO Env - @{2 UNLOCKED}
out.1 >> ping
out.2 >> ping
out.3 >> ping
out.4 >> ping
out.5 >> ping
inp.1 << 19:07:02.158 [main] INFO Env - @{1 PONG}
inp.5 << 19:07:02.158 [main] INFO Env - @{5 PONG}
inp.2 << 19:07:02.158 [main] INFO Env - @{2 PONG}
inp.3 << 19:07:02.158 [main] INFO Env - @{3 PONG}
inp.4 << 19:07:02.158 [main] INFO Env - @{4 PONG}
out.2 >> lock
inp.2 << 19:07:02.158 [main] INFO Env - @{2 LOCKED}
out.2 >> unlock
inp.2 << 19:07:02.159 [main] INFO Env - @{2 UNLOCKED}
out.1 >> ping
out.2 >> ping
out.3 >> ping
out.4 >> ping
out.5 >> ping
inp.5 << 19:07:02.159 [main] INFO Env - @{5 PONG}
inp.1 << 19:07:02.159 [main] INFO Env - @{1 PONG}
inp.2 << 19:07:02.159 [main] INFO Env - @{2 PONG}
inp.3 << 19:07:02.159 [main] INFO Env - @{3 PONG}
inp.4 << 19:07:02.160 [main] INFO Env - @{4 PONG}
out.2 >> lock
inp.2 << 19:07:02.160 [main] INFO Env - @{2 LOCKED}
out.2 >> unlock
inp.2 << 19:07:02.160 [main] INFO Env - @{2 UNLOCKED}
out.1 >> ping
out.2 >> ping
out.3 >> ping
out.4 >> ping
out.5 >> ping
inp.5 << 19:07:02.160 [main] INFO Env - @{5 PONG}
inp.1 << 19:07:02.161 [main] INFO Env - @{1 PONG}
inp.2 << 19:07:02.161 [main] INFO Env - @{2 PONG}
inp.3 << 19:07:02.161 [main] INFO Env - @{3 PONG}
inp.4 << 19:07:02.161 [main] INFO Env - @{4 PONG}
out.2 >> lock
out.3 >> lock
inp.2 << 19:07:02.161 [main] INFO Env - @{2 LOCKED}
out.2 >> unlock
inp.3 << 19:07:02.161 [main] INFO Env - @{3 SEND 2} Message(Ask)
inp.3 << 19:07:02.162 [main] INFO Env - @{3 SEND 4} Message(Ask)
inp.2 << 19:07:02.162 [main] INFO Env - @{2 UNLOCKED}
inp.4 << 19:07:02.162 [main] INFO Env - @{4 RCVD 3} Message(Ask)
inp.2 << 19:07:02.162 [main] INFO Env - @{2 RCVD 3} Message(Ask)
inp.2 << 19:07:02.162 [main] INFO Env - @{2 SEND 3} Message(Share)
inp.4 << 19:07:02.162 [main] INFO Env - @{4 SEND 3} Message(Share)
inp.3 << 19:07:02.162 [main] INFO Env - @{3 RCVD 2} Message(Share)
inp.3 << 19:07:02.162 [main] INFO Env - @{3 RCVD 4} Message(Share)
inp.3 << 19:07:02.162 [main] INFO Env - @{3 LOCKED}
out.3 >> unlock
inp.3 << 19:07:02.163 [main] INFO Env - @{3 UNLOCKED}
out.1 >> ping
out.2 >> ping
out.3 >> ping
out.4 >> ping
out.5 >> ping
inp.1 << 19:07:02.163 [main] INFO Env - @{1 PONG}
inp.5 << 19:07:02.163 [main] INFO Env - @{5 PONG}
inp.3 << 19:07:02.163 [main] INFO Env - @{3 PONG}
inp.2 << 19:07:02.163 [main] INFO Env - @{2 PONG}
inp.4 << 19:07:02.163 [main] INFO Env - @{4 PONG}
out.2 >> lock
out.3 >> lock
inp.3 << 19:07:02.163 [main] INFO Env - @{3 LOCKED}
out.3 >> unlock
inp.2 << 19:07:02.164 [main] INFO Env - @{2 SEND 3} Message(Ask)
inp.3 << 19:07:02.164 [main] INFO Env - @{3 UNLOCKED}
inp.3 << 19:07:02.164 [main] INFO Env - @{3 RCVD 2} Message(Ask)
inp.3 << 19:07:02.164 [main] INFO Env - @{3 SEND 2} Message(Share)
inp.2 << 19:07:02.164 [main] INFO Env - @{2 RCVD 3} Message(Share)
inp.2 << 19:07:02.164 [main] INFO Env - @{2 LOCKED}
out.2 >> unlock
inp.2 << 19:07:02.164 [main] INFO Env - @{2 UNLOCKED}
out.1 >> ping
out.2 >> ping
out.3 >> ping
out.4 >> ping
out.5 >> ping
inp.1 << 19:07:02.164 [main] INFO Env - @{1 PONG}
inp.5 << 19:07:02.164 [main] INFO Env - @{5 PONG}
inp.2 << 19:07:02.165 [main] INFO Env - @{2 PONG}
inp.3 << 19:07:02.165 [main] INFO Env - @{3 PONG}
inp.4 << 19:07:02.165 [main] INFO Env - @{4 PONG}
out.2 >> lock
out.3 >> lock
inp.2 << 19:07:02.165 [main] INFO Env - @{2 LOCKED}
out.2 >> unlock
inp.3 << 19:07:02.165 [main] INFO Env - @{3 SEND 2} Message(Ask)
inp.2 << 19:07:02.165 [main] INFO Env - @{2 UNLOCKED}
inp.2 << 19:07:02.165 [main] INFO Env - @{2 RCVD 3} Message(Ask)
inp.2 << 19:07:02.165 [main] INFO Env - @{2 SEND 3} Message(Share)
inp.3 << 19:07:02.165 [main] INFO Env - @{3 RCVD 2} Message(Share)
inp.3 << 19:07:02.165 [main] INFO Env - @{3 LOCKED}
out.3 >> unlock
inp.3 << 19:07:02.165 [main] INFO Env - @{3 UNLOCKED}
out.1 >> ping
out.2 >> ping
out.3 >> ping
out.4 >> ping
out.5 >> ping
inp.5 << 19:07:02.166 [main] INFO Env - @{5 PONG}
inp.1 << 19:07:02.166 [main] INFO Env - @{1 PONG}
inp.2 << 19:07:02.166 [main] INFO Env - @{2 PONG}
inp.3 << 19:07:02.166 [main] INFO Env - @{3 PONG}
inp.4 << 19:07:02.166 [main] INFO Env - @{4 PONG}
out.1 >> ping
out.2 >> ping
out.3 >> ping
out.4 >> ping
out.5 >> ping
inp.5 << 19:07:02.166 [main] INFO Env - @{5 PONG}
inp.1 << 19:07:02.166 [main] INFO Env - @{1 PONG}
inp.2 << 19:07:02.166 [main] INFO Env - @{2 PONG}
inp.3 << 19:07:02.166 [main] INFO Env - @{3 PONG}
inp.4 << 19:07:02.166 [main] INFO Env - @{4 PONG}
out.1 >> lock
inp.1 << 19:07:02.167 [main] INFO Env - @{1 SEND 2} Message(Ask)
inp.1 << 19:07:02.167 [main] INFO Env - @{1 SEND 3} Message(Ask)
inp.1 << 19:07:02.167 [main] INFO Env - @{1 SEND 4} Message(Ask)
inp.2 << 19:07:02.167 [main] INFO Env - @{2 RCVD 1} Message(Ask)
inp.2 << 19:07:02.167 [main] INFO Env - @{2 SEND 1} Message(Share)
inp.3 << 19:07:02.167 [main] INFO Env - @{3 RCVD 1} Message(Ask)
inp.3 << 19:07:02.167 [main] INFO Env - @{3 SEND 1} Message(Share)
inp.4 << 19:07:02.167 [main] INFO Env - @{4 RCVD 1} Message(Ask)
inp.4 << 19:07:02.168 [main] INFO Env - @{4 SEND 1} Message(Share)
inp.1 << 19:07:02.168 [main] INFO Env - @{1 RCVD 2} Message(Share)
inp.1 << 19:07:02.168 [main] INFO Env - @{1 RCVD 3} Message(Share)
inp.1 << 19:07:02.168 [main] INFO Env - @{1 RCVD 4} Message(Share)
inp.1 << 19:07:02.168 [main] INFO Env - @{1 LOCKED}
out.1 >> unlock
inp.1 << 19:07:02.168 [main] INFO Env - @{1 UNLOCKED}
out.1 >> ping
out.2 >> ping
out.3 >> ping
out.4 >> ping
out.5 >> ping
inp.1 << 19:07:02.168 [main] INFO Env - @{1 PONG}
inp.5 << 19:07:02.168 [main] INFO Env - @{5 PONG}
inp.2 << 19:07:02.168 [main] INFO Env - @{2 PONG}
inp.3 << 19:07:02.168 [main] INFO Env - @{3 PONG}
inp.4 << 19:07:02.168 [main] INFO Env - @{4 PONG}
out.2 >> lock
inp.2 << 19:07:02.169 [main] INFO Env - @{2 SEND 1} Message(Ask)
inp.2 << 19:07:02.169 [main] INFO Env - @{2 SEND 3} Message(Ask)
inp.3 << 19:07:02.169 [main] INFO Env - @{3 RCVD 2} Message(Ask)
inp.1 << 19:07:02.169 [main] INFO Env - @{1 RCVD 2} Message(Ask)
inp.3 << 19:07:02.169 [main] INFO Env - @{3 SEND 2} Message(Share)
inp.1 << 19:07:02.169 [main] INFO Env - @{1 SEND 2} Message(Share)
inp.2 << 19:07:02.169 [main] INFO Env - @{2 RCVD 3} Message(Share)
inp.2 << 19:07:02.169 [main] INFO Env - @{2 RCVD 1} Message(Share)
inp.2 << 19:07:02.169 [main] INFO Env - @{2 LOCKED}
out.2 >> unlock
inp.2 << 19:07:02.170 [main] INFO Env - @{2 UNLOCKED}
out.1 >> ping
out.2 >> ping
out.3 >> ping
out.4 >> ping
out.5 >> ping
inp.5 << 19:07:02.170 [main] INFO Env - @{5 PONG}
inp.1 << 19:07:02.170 [main] INFO Env - @{1 PONG}
inp.2 << 19:07:02.171 [main] INFO Env - @{2 PONG}
inp.3 << 19:07:02.171 [main] INFO Env - @{3 PONG}
inp.4 << 19:07:02.171 [main] INFO Env - @{4 PONG}
out.3 >> lock
inp.3 << 19:07:02.171 [main] INFO Env - @{3 SEND 1} Message(Ask)
inp.3 << 19:07:02.171 [main] INFO Env - @{3 SEND 2} Message(Ask)
inp.1 << 19:07:02.171 [main] INFO Env - @{1 RCVD 3} Message(Ask)
inp.2 << 19:07:02.171 [main] INFO Env - @{2 RCVD 3} Message(Ask)
inp.1 << 19:07:02.171 [main] INFO Env - @{1 SEND 3} Message(Share)
inp.2 << 19:07:02.171 [main] INFO Env - @{2 SEND 3} Message(Share)
inp.3 << 19:07:02.172 [main] INFO Env - @{3 RCVD 1} Message(Share)
inp.3 << 19:07:02.172 [main] INFO Env - @{3 RCVD 2} Message(Share)
inp.3 << 19:07:02.172 [main] INFO Env - @{3 LOCKED}
out.3 >> unlock
inp.3 << 19:07:02.172 [main] INFO Env - @{3 UNLOCKED}
out.1 >> ping
out.2 >> ping
out.3 >> ping
out.4 >> ping
out.5 >> ping
inp.5 << 19:07:02.173 [main] INFO Env - @{5 PONG}
inp.1 << 19:07:02.173 [main] INFO Env - @{1 PONG}
inp.2 << 19:07:02.173 [main] INFO Env - @{2 PONG}
inp.3 << 19:07:02.173 [main] INFO Env - @{3 PONG}
inp.4 << 19:07:02.173 [main] INFO Env - @{4 PONG}
out.4 >> lock
inp.4 << 19:07:02.173 [main] INFO Env - @{4 SEND 1} Message(Ask)
inp.4 << 19:07:02.174 [main] INFO Env - @{4 SEND 2} Message(Ask)
inp.4 << 19:07:02.174 [main] INFO Env - @{4 SEND 3} Message(Ask)
inp.1 << 19:07:02.174 [main] INFO Env - @{1 RCVD 4} Message(Ask)
inp.2 << 19:07:02.174 [main] INFO Env - @{2 RCVD 4} Message(Ask)
inp.1 << 19:07:02.174 [main] INFO Env - @{1 SEND 4} Message(Share)
inp.3 << 19:07:02.174 [main] INFO Env - @{3 RCVD 4} Message(Ask)
inp.2 << 19:07:02.174 [main] INFO Env - @{2 SEND 4} Message(Share)
inp.3 << 19:07:02.174 [main] INFO Env - @{3 SEND 4} Message(Share)
inp.4 << 19:07:02.174 [main] INFO Env - @{4 RCVD 1} Message(Share)
inp.4 << 19:07:02.174 [main] INFO Env - @{4 RCVD 2} Message(Share)
inp.4 << 19:07:02.174 [main] INFO Env - @{4 RCVD 3} Message(Share)
inp.4 << 19:07:02.174 [main] INFO Env - @{4 LOCKED}
out.4 >> unlock
inp.4 << 19:07:02.175 [main] INFO Env - @{4 UNLOCKED}
out.1 >> ping
out.2 >> ping
out.3 >> ping
out.4 >> ping
out.5 >> ping
inp.1 << 19:07:02.175 [main] INFO Env - @{1 PONG}
inp.5 << 19:07:02.175 [main] INFO Env - @{5 PONG}
inp.2 << 19:07:02.175 [main] INFO Env - @{2 PONG}
inp.3 << 19:07:02.175 [main] INFO Env - @{3 PONG}
inp.4 << 19:07:02.175 [main] INFO Env - @{4 PONG}
out.5 >> lock
inp.5 << 19:07:02.176 [main] INFO Env - @{5 SEND 1} Message(Ask)
inp.5 << 19:07:02.176 [main] INFO Env - @{5 SEND 2} Message(Ask)
inp.5 << 19:07:02.176 [main] INFO Env - @{5 SEND 3} Message(Ask)
inp.5 << 19:07:02.176 [main] INFO Env - @{5 SEND 4} Message(Ask)
inp.1 << 19:07:02.176 [main] INFO Env - @{1 RCVD 5} Message(Ask)
inp.1 << 19:07:02.176 [main] INFO Env - @{1 SEND 5} Message(Share)
inp.2 << 19:07:02.176 [main] INFO Env - @{2 RCVD 5} Message(Ask)
inp.2 << 19:07:02.176 [main] INFO Env - @{2 SEND 5} Message(Share)
inp.5 << 19:07:02.176 [main] INFO Env - @{5 RCVD 1} Message(Share)
inp.5 << 19:07:02.176 [main] INFO Env - @{5 RCVD 2} Message(Share)
inp.3 << 19:07:02.176 [main] INFO Env - @{3 RCVD 5} Message(Ask)
inp.4 << 19:07:02.176 [main] INFO Env - @{4 RCVD 5} Message(Ask)
inp.4 << 19:07:02.176 [main] INFO Env - @{4 SEND 5} Message(Share)
inp.5 << 19:07:02.177 [main] INFO Env - @{5 RCVD 4} Message(Share)
inp.3 << 19:07:02.177 [main] INFO Env - @{3 SEND 5} Message(Share)
inp.5 << 19:07:02.177 [main] INFO Env - @{5 RCVD 3} Message(Share)
inp.5 << 19:07:02.177 [main] INFO Env - @{5 LOCKED}
out.5 >> unlock
inp.5 << 19:07:02.177 [main] INFO Env - @{5 UNLOCKED}
out.1 >> ping
out.2 >> ping
out.3 >> ping
out.4 >> ping
out.5 >> ping
inp.5 << 19:07:02.178 [main] INFO Env - @{5 PONG}
inp.3 << 19:07:02.178 [main] INFO Env - @{3 PONG}
inp.1 << 19:07:02.178 [main] INFO Env - @{1 PONG}
inp.2 << 19:07:02.178 [main] INFO Env - @{2 PONG}
inp.4 << 19:07:02.178 [main] INFO Env - @{4 PONG}
out.5 >> lock
out.4 >> lock
out.2 >> lock
out.1 >> lock
out.3 >> lock
inp.5 << 19:07:02.179 [main] INFO Env - @{5 LOCKED}
out.5 >> unlock
inp.5 << 19:07:02.179 [main] INFO Env - @{5 UNLOCKED}
inp.2 << 19:07:02.179 [main] INFO Env - @{2 SEND 3} Message(Ask)
inp.5 << 19:07:02.179 [main] INFO Env - @{5 RCVD 4} Message(Ask)
inp.2 << 19:07:02.179 [main] INFO Env - @{2 SEND 4} Message(Ask)
inp.2 << 19:07:02.179 [main] INFO Env - @{2 SEND 5} Message(Ask)
inp.5 << 19:07:02.180 [main] INFO Env - @{5 SEND 4} Message(Share)
inp.1 << 19:07:02.180 [main] INFO Env - @{1 SEND 2} Message(Ask)
inp.1 << 19:07:02.180 [main] INFO Env - @{1 SEND 3} Message(Ask)
inp.1 << 19:07:02.180 [main] INFO Env - @{1 SEND 4} Message(Ask)
inp.5 << 19:07:02.180 [main] INFO Env - @{5 RCVD 2} Message(Ask)
inp.1 << 19:07:02.180 [main] INFO Env - @{1 SEND 5} Message(Ask)
inp.5 << 19:07:02.180 [main] INFO Env - @{5 SEND 2} Message(Share)
inp.5 << 19:07:02.180 [main] INFO Env - @{5 RCVD 1} Message(Ask)
inp.5 << 19:07:02.180 [main] INFO Env - @{5 SEND 1} Message(Share)
inp.3 << 19:07:02.180 [main] INFO Env - @{3 SEND 4} Message(Ask)
inp.3 << 19:07:02.180 [main] INFO Env - @{3 SEND 5} Message(Ask)
inp.3 << 19:07:02.180 [main] INFO Env - @{3 RCVD 2} Message(Ask)
inp.5 << 19:07:02.180 [main] INFO Env - @{5 RCVD 3} Message(Ask)
inp.3 << 19:07:02.180 [main] INFO Env - @{3 SEND 2} Message(Share)
inp.3 << 19:07:02.180 [main] INFO Env - @{3 SEND 2} Message(Ask)
inp.3 << 19:07:02.181 [main] INFO Env - @{3 RCVD 1} Message(Ask)
inp.3 << 19:07:02.181 [main] INFO Env - @{3 SEND 1} Message(Share)
inp.5 << 19:07:02.180 [main] INFO Env - @{5 SEND 3} Message(Share)
inp.3 << 19:07:02.181 [main] INFO Env - @{3 SEND 1} Message(Ask)
inp.3 << 19:07:02.181 [main] INFO Env - @{3 RCVD 5} Message(Share)
inp.2 << 19:07:02.181 [main] INFO Env - @{2 RCVD 1} Message(Ask)
inp.2 << 19:07:02.181 [main] INFO Env - @{2 SEND 1} Message(Share)
inp.1 << 19:07:02.181 [main] INFO Env - @{1 RCVD 5} Message(Share)
inp.2 << 19:07:02.182 [main] INFO Env - @{2 SEND 1} Message(Ask)
inp.1 << 19:07:02.182 [main] INFO Env - @{1 RCVD 3} Message(Share)
inp.1 << 19:07:02.182 [main] INFO Env - @{1 RCVD 3} Message(Ask)
inp.1 << 19:07:02.182 [main] INFO Env - @{1 RCVD 4} Message(Share)
inp.1 << 19:07:02.182 [main] INFO Env - @{1 RCVD 4} Message(Ask)
inp.1 << 19:07:02.182 [main] INFO Env - @{1 RCVD 2} Message(Share)
inp.1 << 19:07:02.182 [main] INFO Env - @{1 LOCKED}
inp.1 << 19:07:02.182 [main] INFO Env - @{1 RCVD 2} Message(Ask)
inp.2 << 19:07:02.182 [main] INFO Env - @{2 RCVD 5} Message(Share)
inp.2 << 19:07:02.182 [main] INFO Env - @{2 RCVD 3} Message(Share)
inp.3 << 19:07:02.182 [main] INFO Env - @{3 RCVD 4} Message(Share)
inp.2 << 19:07:02.182 [main] INFO Env - @{2 RCVD 3} Message(Ask)
inp.3 << 19:07:02.182 [main] INFO Env - @{3 RCVD 4} Message(Ask)
inp.2 << 19:07:02.182 [main] INFO Env - @{2 RCVD 4} Message(Share)
inp.2 << 19:07:02.182 [main] INFO Env - @{2 RCVD 4} Message(Ask)
inp.4 << 19:07:02.179 [main] INFO Env - @{4 SEND 5} Message(Ask)
inp.4 << 19:07:02.181 [main] INFO Env - @{4 RCVD 2} Message(Ask)
inp.4 << 19:07:02.181 [main] INFO Env - @{4 SEND 2} Message(Share)
inp.4 << 19:07:02.181 [main] INFO Env - @{4 SEND 2} Message(Ask)
inp.4 << 19:07:02.181 [main] INFO Env - @{4 RCVD 5} Message(Share)
inp.4 << 19:07:02.181 [main] INFO Env - @{4 RCVD 1} Message(Ask)
inp.4 << 19:07:02.181 [main] INFO Env - @{4 SEND 1} Message(Share)
inp.4 << 19:07:02.181 [main] INFO Env - @{4 SEND 1} Message(Ask)
inp.4 << 19:07:02.181 [main] INFO Env - @{4 RCVD 3} Message(Ask)
inp.4 << 19:07:02.181 [main] INFO Env - @{4 SEND 3} Message(Share)
inp.4 << 19:07:02.181 [main] INFO Env - @{4 SEND 3} Message(Ask)
out.1 >> unlock
inp.1 << 19:07:02.183 [main] INFO Env - @{1 UNLOCKED}
inp.1 << 19:07:02.183 [main] INFO Env - @{1 SEND 2} Message(Share)
inp.1 << 19:07:02.183 [main] INFO Env - @{1 SEND 3} Message(Share)
inp.1 << 19:07:02.183 [main] INFO Env - @{1 SEND 4} Message(Share)
inp.2 << 19:07:02.183 [main] INFO Env - @{2 RCVD 1} Message(Share)
inp.2 << 19:07:02.183 [main] INFO Env - @{2 LOCKED}
inp.3 << 19:07:02.183 [main] INFO Env - @{3 RCVD 1} Message(Share)
out.2 >> unlock
inp.4 << 19:07:02.183 [main] INFO Env - @{4 RCVD 1} Message(Share)
inp.2 << 19:07:02.184 [main] INFO Env - @{2 UNLOCKED}
inp.2 << 19:07:02.184 [main] INFO Env - @{2 SEND 3} Message(Share)
inp.2 << 19:07:02.184 [main] INFO Env - @{2 SEND 4} Message(Share)
inp.3 << 19:07:02.184 [main] INFO Env - @{3 RCVD 2} Message(Share)
inp.3 << 19:07:02.184 [main] INFO Env - @{3 LOCKED}
out.3 >> unlock
inp.4 << 19:07:02.184 [main] INFO Env - @{4 RCVD 2} Message(Share)
inp.3 << 19:07:02.184 [main] INFO Env - @{3 UNLOCKED}
inp.3 << 19:07:02.184 [main] INFO Env - @{3 SEND 4} Message(Share)
inp.4 << 19:07:02.185 [main] INFO Env - @{4 RCVD 3} Message(Share)
inp.4 << 19:07:02.185 [main] INFO Env - @{4 LOCKED}
out.4 >> unlock
inp.4 << 19:07:02.185 [main] INFO Env - @{4 UNLOCKED}
out.1 >> ping
out.2 >> ping
out.3 >> ping
out.4 >> ping
out.5 >> ping
inp.5 << 19:07:02.185 [main] INFO Env - @{5 PONG}
inp.1 << 19:07:02.185 [main] INFO Env - @{1 PONG}
inp.2 << 19:07:02.185 [main] INFO Env - @{2 PONG}
inp.3 << 19:07:02.186 [main] INFO Env - @{3 PONG}
inp.4 << 19:07:02.186 [main] INFO Env - @{4 PONG}
out.3 >> lock
inp.3 << 19:07:02.186 [main] INFO Env - @{3 SEND 4} Message(Ask)
inp.4 << 19:07:02.186 [main] INFO Env - @{4 RCVD 3} Message(Ask)
inp.4 << 19:07:02.186 [main] INFO Env - @{4 SEND 3} Message(Share)
inp.3 << 19:07:02.186 [main] INFO Env - @{3 RCVD 4} Message(Share)
inp.3 << 19:07:02.186 [main] INFO Env - @{3 LOCKED}
out.3 >> unlock
inp.3 << 19:07:02.187 [main] INFO Env - @{3 UNLOCKED}
out.1 >> ping
out.2 >> ping
out.3 >> ping
out.4 >> ping
out.5 >> ping
inp.1 << 19:07:02.187 [main] INFO Env - @{1 PONG}
inp.2 << 19:07:02.187 [main] INFO Env - @{2 PONG}
inp.5 << 19:07:02.187 [main] INFO Env - @{5 PONG}
inp.3 << 19:07:02.187 [main] INFO Env - @{3 PONG}
inp.4 << 19:07:02.187 [main] INFO Env - @{4 PONG}
out.3 >> lock
inp.3 << 19:07:02.187 [main] INFO Env - @{3 LOCKED}
out.3 >> unlock
inp.3 << 19:07:02.188 [main] INFO Env - @{3 UNLOCKED}
out.1 >> ping
out.2 >> ping
out.3 >> ping
out.4 >> ping
out.5 >> ping
inp.5 << 19:07:02.188 [main] INFO Env - @{5 PONG}
inp.1 << 19:07:02.188 [main] INFO Env - @{1 PONG}
inp.2 << 19:07:02.188 [main] INFO Env - @{2 PONG}
inp.3 << 19:07:02.189 [main] INFO Env - @{3 PONG}
inp.4 << 19:07:02.189 [main] INFO Env - @{4 PONG}
out.3 >> lock
inp.3 << 19:07:02.189 [main] INFO Env - @{3 LOCKED}
out.3 >> unlock
inp.3 << 19:07:02.189 [main] INFO Env - @{3 UNLOCKED}
out.1 >> ping
out.2 >> ping
out.3 >> ping
out.4 >> ping
out.5 >> ping
inp.1 << 19:07:02.189 [main] INFO Env - @{1 PONG}
inp.5 << 19:07:02.189 [main] INFO Env - @{5 PONG}
inp.2 << 19:07:02.189 [main] INFO Env - @{2 PONG}
inp.3 << 19:07:02.190 [main] INFO Env - @{3 PONG}
inp.4 << 19:07:02.190 [main] INFO Env - @{4 PONG}
out.3 >> lock
out.4 >> lock
inp.3 << 19:07:02.190 [main] INFO Env - @{3 LOCKED}
out.3 >> unlock
inp.4 << 19:07:02.190 [main] INFO Env - @{4 SEND 3} Message(Ask)
inp.3 << 19:07:02.190 [main] INFO Env - @{3 UNLOCKED}
inp.3 << 19:07:02.190 [main] INFO Env - @{3 RCVD 4} Message(Ask)
inp.3 << 19:07:02.190 [main] INFO Env - @{3 SEND 4} Message(Share)
inp.4 << 19:07:02.190 [main] INFO Env - @{4 RCVD 3} Message(Share)
inp.4 << 19:07:02.190 [main] INFO Env - @{4 LOCKED}
out.4 >> unlock
inp.4 << 19:07:02.191 [main] INFO Env - @{4 UNLOCKED}
out.1 >> ping
out.2 >> ping
out.3 >> ping
out.4 >> ping
out.5 >> ping
inp.1 << 19:07:02.191 [main] INFO Env - @{1 PONG}
inp.2 << 19:07:02.191 [main] INFO Env - @{2 PONG}
inp.4 << 19:07:02.191 [main] INFO Env - @{4 PONG}
inp.5 << 19:07:02.191 [main] INFO Env - @{5 PONG}
inp.3 << 19:07:02.191 [main] INFO Env - @{3 PONG}
out.3 >> lock
out.4 >> lock
inp.4 << 19:07:02.192 [main] INFO Env - @{4 LOCKED}
inp.3 << 19:07:02.192 [main] INFO Env - @{3 SEND 4} Message(Ask)
out.4 >> unlock
inp.4 << 19:07:02.192 [main] INFO Env - @{4 RCVD 3} Message(Ask)
inp.4 << 19:07:02.192 [main] INFO Env - @{4 UNLOCKED}
inp.4 << 19:07:02.192 [main] INFO Env - @{4 SEND 3} Message(Share)
inp.3 << 19:07:02.192 [main] INFO Env - @{3 RCVD 4} Message(Share)
inp.3 << 19:07:02.192 [main] INFO Env - @{3 LOCKED}
out.3 >> unlock
inp.3 << 19:07:02.192 [main] INFO Env - @{3 UNLOCKED}
out.1 >> ping
out.2 >> ping
out.3 >> ping
out.4 >> ping
out.5 >> ping
inp.5 << 19:07:02.193 [main] INFO Env - @{5 PONG}
inp.1 << 19:07:02.193 [main] INFO Env - @{1 PONG}
inp.2 << 19:07:02.193 [main] INFO Env - @{2 PONG}
inp.3 << 19:07:02.193 [main] INFO Env - @{3 PONG}
inp.4 << 19:07:02.193 [main] INFO Env - @{4 PONG}
out.3 >> lock
out.4 >> lock
inp.3 << 19:07:02.193 [main] INFO Env - @{3 LOCKED}
out.3 >> unlock
inp.4 << 19:07:02.194 [main] INFO Env - @{4 SEND 3} Message(Ask)
inp.3 << 19:07:02.194 [main] INFO Env - @{3 UNLOCKED}
inp.3 << 19:07:02.194 [main] INFO Env - @{3 RCVD 4} Message(Ask)
inp.3 << 19:07:02.194 [main] INFO Env - @{3 SEND 4} Message(Share)
inp.4 << 19:07:02.194 [main] INFO Env - @{4 RCVD 3} Message(Share)
inp.4 << 19:07:02.194 [main] INFO Env - @{4 LOCKED}
out.4 >> unlock
inp.4 << 19:07:02.194 [main] INFO Env - @{4 UNLOCKED}
out.1 >> ping
out.2 >> ping
out.3 >> ping
out.4 >> ping
out.5 >> ping
inp.5 << 19:07:02.195 [main] INFO Env - @{5 PONG}
inp.1 << 19:07:02.195 [main] INFO Env - @{1 PONG}
inp.2 << 19:07:02.195 [main] INFO Env - @{2 PONG}
inp.4 << 19:07:02.195 [main] INFO Env - @{4 PONG}
inp.3 << 19:07:02.195 [main] INFO Env - @{3 PONG}
out.1 >> ping
out.2 >> ping
out.3 >> ping
out.4 >> ping
out.5 >> ping
inp.5 << 19:07:02.197 [main] INFO Env - @{5 PONG}
inp.1 << 19:07:02.197 [main] INFO Env - @{1 PONG}
inp.2 << 19:07:02.197 [main] INFO Env - @{2 PONG}
inp.3 << 19:07:02.197 [main] INFO Env - @{3 PONG}
inp.4 << 19:07:02.197 [main] INFO Env - @{4 PONG}
out.1 >> lock
inp.1 << 19:07:02.197 [main] INFO Env - @{1 SEND 2} Message(Ask)
inp.1 << 19:07:02.198 [main] INFO Env - @{1 SEND 3} Message(Ask)
inp.2 << 19:07:02.198 [main] INFO Env - @{2 RCVD 1} Message(Ask)
inp.1 << 19:07:02.198 [main] INFO Env - @{1 SEND 4} Message(Ask)
inp.2 << 19:07:02.198 [main] INFO Env - @{2 SEND 1} Message(Share)
inp.3 << 19:07:02.198 [main] INFO Env - @{3 RCVD 1} Message(Ask)
inp.3 << 19:07:02.199 [main] INFO Env - @{3 SEND 1} Message(Share)
inp.4 << 19:07:02.199 [main] INFO Env - @{4 RCVD 1} Message(Ask)
inp.4 << 19:07:02.199 [main] INFO Env - @{4 SEND 1} Message(Share)
inp.1 << 19:07:02.199 [main] INFO Env - @{1 RCVD 2} Message(Share)
inp.1 << 19:07:02.200 [main] INFO Env - @{1 RCVD 3} Message(Share)
inp.1 << 19:07:02.200 [main] INFO Env - @{1 RCVD 4} Message(Share)
inp.1 << 19:07:02.200 [main] INFO Env - @{1 LOCKED}
out.1 >> unlock
inp.1 << 19:07:02.200 [main] INFO Env - @{1 UNLOCKED}
out.1 >> ping
out.2 >> ping
out.3 >> ping
out.4 >> ping
out.5 >> ping
inp.5 << 19:07:02.200 [main] INFO Env - @{5 PONG}
inp.1 << 19:07:02.200 [main] INFO Env - @{1 PONG}
inp.2 << 19:07:02.201 [main] INFO Env - @{2 PONG}
inp.3 << 19:07:02.201 [main] INFO Env - @{3 PONG}
inp.4 << 19:07:02.201 [main] INFO Env - @{4 PONG}
out.2 >> lock
inp.2 << 19:07:02.201 [main] INFO Env - @{2 SEND 1} Message(Ask)
inp.2 << 19:07:02.203 [main] INFO Env - @{2 SEND 3} Message(Ask)
inp.2 << 19:07:02.204 [main] INFO Env - @{2 SEND 4} Message(Ask)
inp.1 << 19:07:02.206 [main] INFO Env - @{1 RCVD 2} Message(Ask)
inp.3 << 19:07:02.206 [main] INFO Env - @{3 RCVD 2} Message(Ask)
inp.1 << 19:07:02.207 [main] INFO Env - @{1 SEND 2} Message(Share)
inp.3 << 19:07:02.207 [main] INFO Env - @{3 SEND 2} Message(Share)
inp.2 << 19:07:02.209 [main] INFO Env - @{2 RCVD 3} Message(Share)
inp.4 << 19:07:02.209 [main] INFO Env - @{4 RCVD 2} Message(Ask)
inp.2 << 19:07:02.209 [main] INFO Env - @{2 RCVD 1} Message(Share)
inp.4 << 19:07:02.210 [main] INFO Env - @{4 SEND 2} Message(Share)
inp.2 << 19:07:02.210 [main] INFO Env - @{2 RCVD 4} Message(Share)
inp.2 << 19:07:02.210 [main] INFO Env - @{2 LOCKED}
out.2 >> unlock
inp.2 << 19:07:02.211 [main] INFO Env - @{2 UNLOCKED}
out.1 >> ping
out.2 >> ping
out.3 >> ping
out.4 >> ping
out.5 >> ping
inp.5 << 19:07:02.211 [main] INFO Env - @{5 PONG}
inp.1 << 19:07:02.211 [main] INFO Env - @{1 PONG}
inp.2 << 19:07:02.211 [main] INFO Env - @{2 PONG}
inp.3 << 19:07:02.211 [main] INFO Env - @{3 PONG}
inp.4 << 19:07:02.212 [main] INFO Env - @{4 PONG}
out.3 >> lock
inp.3 << 19:07:02.212 [main] INFO Env - @{3 SEND 1} Message(Ask)
inp.3 << 19:07:02.212 [main] INFO Env - @{3 SEND 2} Message(Ask)
inp.3 << 19:07:02.212 [main] INFO Env - @{3 SEND 4} Message(Ask)
inp.1 << 19:07:02.212 [main] INFO Env - @{1 RCVD 3} Message(Ask)
inp.1 << 19:07:02.212 [main] INFO Env - @{1 SEND 3} Message(Share)
inp.4 << 19:07:02.212 [main] INFO Env - @{4 RCVD 3} Message(Ask)
inp.2 << 19:07:02.212 [main] INFO Env - @{2 RCVD 3} Message(Ask)
inp.4 << 19:07:02.212 [main] INFO Env - @{4 SEND 3} Message(Share)
inp.2 << 19:07:02.212 [main] INFO Env - @{2 SEND 3} Message(Share)
inp.3 << 19:07:02.213 [main] INFO Env - @{3 RCVD 1} Message(Share)
inp.3 << 19:07:02.213 [main] INFO Env - @{3 RCVD 4} Message(Share)
inp.3 << 19:07:02.213 [main] INFO Env - @{3 RCVD 2} Message(Share)
inp.3 << 19:07:02.213 [main] INFO Env - @{3 LOCKED}
out.3 >> unlock
inp.3 << 19:07:02.213 [main] INFO Env - @{3 UNLOCKED}
out.1 >> ping
out.2 >> ping
out.3 >> ping
out.4 >> ping
out.5 >> ping
inp.2 << 19:07:02.213 [main] INFO Env - @{2 PONG}
inp.1 << 19:07:02.213 [main] INFO Env - @{1 PONG}
inp.5 << 19:07:02.213 [main] INFO Env - @{5 PONG}
inp.3 << 19:07:02.213 [main] INFO Env - @{3 PONG}
inp.4 << 19:07:02.213 [main] INFO Env - @{4 PONG}
out.4 >> lock
inp.4 << 19:07:02.214 [main] INFO Env - @{4 SEND 1} Message(Ask)
inp.4 << 19:07:02.214 [main] INFO Env - @{4 SEND 2} Message(Ask)
inp.4 << 19:07:02.214 [main] INFO Env - @{4 SEND 3} Message(Ask)
inp.2 << 19:07:02.214 [main] INFO Env - @{2 RCVD 4} Message(Ask)
inp.1 << 19:07:02.214 [main] INFO Env - @{1 RCVD 4} Message(Ask)
inp.1 << 19:07:02.214 [main] INFO Env - @{1 SEND 4} Message(Share)
inp.2 << 19:07:02.214 [main] INFO Env - @{2 SEND 4} Message(Share)
inp.3 << 19:07:02.214 [main] INFO Env - @{3 RCVD 4} Message(Ask)
inp.3 << 19:07:02.214 [main] INFO Env - @{3 SEND 4} Message(Share)
inp.4 << 19:07:02.214 [main] INFO Env - @{4 RCVD 1} Message(Share)
inp.4 << 19:07:02.214 [main] INFO Env - @{4 RCVD 2} Message(Share)
inp.4 << 19:07:02.214 [main] INFO Env - @{4 RCVD 3} Message(Share)
inp.4 << 19:07:02.214 [main] INFO Env - @{4 LOCKED}
out.4 >> unlock
inp.4 << 19:07:02.215 [main] INFO Env - @{4 UNLOCKED}
out.1 >> ping
out.2 >> ping
out.3 >> ping
out.4 >> ping
out.5 >> ping
inp.5 << 19:07:02.215 [main] INFO Env - @{5 PONG}
inp.1 << 19:07:02.215 [main] INFO Env - @{1 PONG}
inp.2 << 19:07:02.215 [main] INFO Env - @{2 PONG}
inp.3 << 19:07:02.215 [main] INFO Env - @{3 PONG}
inp.4 << 19:07:02.215 [main] INFO Env - @{4 PONG}
out.5 >> lock
inp.5 << 19:07:02.216 [main] INFO Env - @{5 SEND 1} Message(Ask)
inp.5 << 19:07:02.216 [main] INFO Env - @{5 SEND 2} Message(Ask)
inp.5 << 19:07:02.216 [main] INFO Env - @{5 SEND 3} Message(Ask)
inp.5 << 19:07:02.218 [main] INFO Env - @{5 SEND 4} Message(Ask)
inp.1 << 19:07:02.220 [main] INFO Env - @{1 RCVD 5} Message(Ask)
inp.1 << 19:07:02.221 [main] INFO Env - @{1 SEND 5} Message(Share)
inp.5 << 19:07:02.222 [main] INFO Env - @{5 RCVD 1} Message(Share)
inp.2 << 19:07:02.226 [main] INFO Env - @{2 RCVD 5} Message(Ask)
inp.2 << 19:07:02.226 [main] INFO Env - @{2 SEND 5} Message(Share)
inp.5 << 19:07:02.227 [main] INFO Env - @{5 RCVD 2} Message(Share)
inp.3 << 19:07:02.227 [main] INFO Env - @{3 RCVD 5} Message(Ask)
inp.3 << 19:07:02.227 [main] INFO Env - @{3 SEND 5} Message(Share)
inp.5 << 19:07:02.227 [main] INFO Env - @{5 RCVD 3} Message(Share)
inp.4 << 19:07:02.227 [main] INFO Env - @{4 RCVD 5} Message(Ask)
inp.4 << 19:07:02.228 [main] INFO Env - @{4 SEND 5} Message(Share)
inp.5 << 19:07:02.228 [main] INFO Env - @{5 RCVD 4} Message(Share)
inp.5 << 19:07:02.228 [main] INFO Env - @{5 LOCKED}
out.5 >> unlock
inp.5 << 19:07:02.228 [main] INFO Env - @{5 UNLOCKED}
out.1 >> ping
out.2 >> ping
out.3 >> ping
out.4 >> ping
out.5 >> ping
inp.5 << 19:07:02.228 [main] INFO Env - @{5 PONG}
inp.1 << 19:07:02.228 [main] INFO Env - @{1 PONG}
inp.4 << 19:07:02.229 [main] INFO Env - @{4 PONG}
inp.2 << 19:07:02.229 [main] INFO Env - @{2 PONG}
inp.3 << 19:07:02.229 [main] INFO Env - @{3 PONG}
out.2 >> lock
out.3 >> lock
out.1 >> lock
out.4 >> lock
out.5 >> lock
inp.5 << 19:07:02.230 [main] INFO Env - @{5 LOCKED}
out.5 >> unlock
inp.5 << 19:07:02.230 [main] INFO Env - @{5 UNLOCKED}
inp.1 << 19:07:02.230 [main] INFO Env - @{1 SEND 2} Message(Ask)
inp.1 << 19:07:02.230 [main] INFO Env - @{1 SEND 3} Message(Ask)
inp.1 << 19:07:02.230 [main] INFO Env - @{1 SEND 4} Message(Ask)
inp.1 << 19:07:02.230 [main] INFO Env - @{1 SEND 5} Message(Ask)
inp.5 << 19:07:02.231 [main] INFO Env - @{5 RCVD 1} Message(Ask)
inp.5 << 19:07:02.231 [main] INFO Env - @{5 SEND 1} Message(Share)
inp.1 << 19:07:02.231 [main] INFO Env - @{1 RCVD 5} Message(Share)
inp.2 << 19:07:02.231 [main] INFO Env - @{2 SEND 3} Message(Ask)
inp.2 << 19:07:02.231 [main] INFO Env - @{2 SEND 4} Message(Ask)
inp.2 << 19:07:02.231 [main] INFO Env - @{2 SEND 5} Message(Ask)
inp.5 << 19:07:02.231 [main] INFO Env - @{5 RCVD 2} Message(Ask)
inp.2 << 19:07:02.231 [main] INFO Env - @{2 RCVD 1} Message(Ask)
inp.5 << 19:07:02.231 [main] INFO Env - @{5 SEND 2} Message(Share)
inp.3 << 19:07:02.231 [main] INFO Env - @{3 SEND 4} Message(Ask)
inp.2 << 19:07:02.232 [main] INFO Env - @{2 SEND 1} Message(Share)
inp.3 << 19:07:02.232 [main] INFO Env - @{3 SEND 5} Message(Ask)
inp.1 << 19:07:02.232 [main] INFO Env - @{1 RCVD 2} Message(Share)
inp.3 << 19:07:02.232 [main] INFO Env - @{3 RCVD 1} Message(Ask)
inp.3 << 19:07:02.232 [main] INFO Env - @{3 SEND 1} Message(Share)
inp.5 << 19:07:02.232 [main] INFO Env - @{5 RCVD 3} Message(Ask)
inp.5 << 19:07:02.232 [main] INFO Env - @{5 SEND 3} Message(Share)
inp.1 << 19:07:02.232 [main] INFO Env - @{1 RCVD 3} Message(Share)
inp.3 << 19:07:02.232 [main] INFO Env - @{3 SEND 1} Message(Ask)
inp.1 << 19:07:02.232 [main] INFO Env - @{1 RCVD 3} Message(Ask)
inp.2 << 19:07:02.232 [main] INFO Env - @{2 SEND 1} Message(Ask)
inp.1 << 19:07:02.233 [main] INFO Env - @{1 RCVD 2} Message(Ask)
inp.2 << 19:07:02.233 [main] INFO Env - @{2 RCVD 5} Message(Share)
inp.3 << 19:07:02.233 [main] INFO Env - @{3 RCVD 2} Message(Ask)
inp.3 << 19:07:02.233 [main] INFO Env - @{3 SEND 2} Message(Share)
inp.4 << 19:07:02.233 [main] INFO Env - @{4 SEND 5} Message(Ask)
inp.4 << 19:07:02.233 [main] INFO Env - @{4 RCVD 1} Message(Ask)
inp.4 << 19:07:02.233 [main] INFO Env - @{4 SEND 1} Message(Share)
inp.4 << 19:07:02.233 [main] INFO Env - @{4 SEND 1} Message(Ask)
inp.4 << 19:07:02.233 [main] INFO Env - @{4 RCVD 2} Message(Ask)
inp.5 << 19:07:02.233 [main] INFO Env - @{5 RCVD 4} Message(Ask)
inp.4 << 19:07:02.233 [main] INFO Env - @{4 SEND 2} Message(Share)
inp.4 << 19:07:02.233 [main] INFO Env - @{4 SEND 2} Message(Ask)
inp.4 << 19:07:02.233 [main] INFO Env - @{4 RCVD 3} Message(Ask)
inp.4 << 19:07:02.233 [main] INFO Env - @{4 SEND 3} Message(Share)
inp.4 << 19:07:02.233 [main] INFO Env - @{4 SEND 3} Message(Ask)
inp.4 << 19:07:02.233 [main] INFO Env - @{4 RCVD 5} Message(Share)
inp.1 << 19:07:02.233 [main] INFO Env - @{1 RCVD 4} Message(Share)
inp.3 << 19:07:02.233 [main] INFO Env - @{3 SEND 2} Message(Ask)
inp.2 << 19:07:02.233 [main] INFO Env - @{2 RCVD 3} Message(Share)
inp.1 << 19:07:02.233 [main] INFO Env - @{1 LOCKED}
inp.3 << 19:07:02.233 [main] INFO Env - @{3 RCVD 5} Message(Share)
inp.3 << 19:07:02.233 [main] INFO Env - @{3 RCVD 4} Message(Share)
inp.1 << 19:07:02.233 [main] INFO Env - @{1 RCVD 4} Message(Ask)
inp.5 << 19:07:02.233 [main] INFO Env - @{5 SEND 4} Message(Share)
inp.2 << 19:07:02.234 [main] INFO Env - @{2 RCVD 4} Message(Share)
inp.2 << 19:07:02.234 [main] INFO Env - @{2 RCVD 4} Message(Ask)
inp.3 << 19:07:02.233 [main] INFO Env - @{3 RCVD 4} Message(Ask)
out.1 >> unlock
inp.1 << 19:07:02.234 [main] INFO Env - @{1 UNLOCKED}
inp.2 << 19:07:02.234 [main] INFO Env - @{2 RCVD 3} Message(Ask)
inp.1 << 19:07:02.234 [main] INFO Env - @{1 SEND 2} Message(Share)
inp.1 << 19:07:02.234 [main] INFO Env - @{1 SEND 3} Message(Share)
inp.1 << 19:07:02.234 [main] INFO Env - @{1 SEND 4} Message(Share)
inp.2 << 19:07:02.234 [main] INFO Env - @{2 RCVD 1} Message(Share)
inp.2 << 19:07:02.234 [main] INFO Env - @{2 LOCKED}
out.2 >> unlock
inp.3 << 19:07:02.234 [main] INFO Env - @{3 RCVD 1} Message(Share)
inp.4 << 19:07:02.235 [main] INFO Env - @{4 RCVD 1} Message(Share)
inp.2 << 19:07:02.235 [main] INFO Env - @{2 UNLOCKED}
inp.2 << 19:07:02.235 [main] INFO Env - @{2 SEND 3} Message(Share)
inp.2 << 19:07:02.235 [main] INFO Env - @{2 SEND 4} Message(Share)
inp.4 << 19:07:02.235 [main] INFO Env - @{4 RCVD 2} Message(Share)
inp.3 << 19:07:02.235 [main] INFO Env - @{3 RCVD 2} Message(Share)
inp.3 << 19:07:02.235 [main] INFO Env - @{3 LOCKED}
out.3 >> unlock
inp.3 << 19:07:02.237 [main] INFO Env - @{3 UNLOCKED}
inp.3 << 19:07:02.237 [main] INFO Env - @{3 SEND 4} Message(Share)
inp.4 << 19:07:02.237 [main] INFO Env - @{4 RCVD 3} Message(Share)
inp.4 << 19:07:02.237 [main] INFO Env - @{4 LOCKED}
out.4 >> unlock
inp.4 << 19:07:02.238 [main] INFO Env - @{4 UNLOCKED}
out.1 >> ping
out.2 >> ping
out.3 >> ping
out.4 >> ping
out.5 >> ping
inp.5 << 19:07:02.238 [main] INFO Env - @{5 PONG}
inp.1 << 19:07:02.238 [main] INFO Env - @{1 PONG}
inp.2 << 19:07:02.239 [main] INFO Env - @{2 PONG}
inp.3 << 19:07:02.239 [main] INFO Env - @{3 PONG}
inp.4 << 19:07:02.239 [main] INFO Env - @{4 PONG}
out.5 >> lock
inp.5 << 19:07:02.240 [main] INFO Env - @{5 SEND 1} Message(Ask)
inp.5 << 19:07:02.241 [main] INFO Env - @{5 SEND 2} Message(Ask)
inp.5 << 19:07:02.241 [main] INFO Env - @{5 SEND 3} Message(Ask)
inp.5 << 19:07:02.241 [main] INFO Env - @{5 SEND 4} Message(Ask)
inp.1 << 19:07:02.241 [main] INFO Env - @{1 RCVD 5} Message(Ask)
inp.1 << 19:07:02.241 [main] INFO Env - @{1 SEND 5} Message(Share)
inp.5 << 19:07:02.241 [main] INFO Env - @{5 RCVD 1} Message(Share)
inp.2 << 19:07:02.242 [main] INFO Env - @{2 RCVD 5} Message(Ask)
inp.4 << 19:07:02.242 [main] INFO Env - @{4 RCVD 5} Message(Ask)
inp.4 << 19:07:02.242 [main] INFO Env - @{4 SEND 5} Message(Share)
inp.2 << 19:07:02.242 [main] INFO Env - @{2 SEND 5} Message(Share)
inp.5 << 19:07:02.243 [main] INFO Env - @{5 RCVD 4} Message(Share)
inp.5 << 19:07:02.243 [main] INFO Env - @{5 RCVD 2} Message(Share)
inp.3 << 19:07:02.243 [main] INFO Env - @{3 RCVD 5} Message(Ask)
inp.3 << 19:07:02.243 [main] INFO Env - @{3 SEND 5} Message(Share)
inp.5 << 19:07:02.244 [main] INFO Env - @{5 RCVD 3} Message(Share)
inp.5 << 19:07:02.244 [main] INFO Env - @{5 LOCKED}
out.5 >> unlock
inp.5 << 19:07:02.246 [main] INFO Env - @{5 UNLOCKED}
out.1 >> ping
out.2 >> ping
out.3 >> ping
out.4 >> ping
out.5 >> ping
inp.5 << 19:07:02.250 [main] INFO Env - @{5 PONG}
inp.1 << 19:07:02.250 [main] INFO Env - @{1 PONG}
inp.3 << 19:07:02.252 [main] INFO Env - @{3 PONG}
inp.2 << 19:07:02.250 [main] INFO Env - @{2 PONG}
inp.4 << 19:07:02.253 [main] INFO Env - @{4 PONG}
out.5 >> lock
inp.5 << 19:07:02.254 [main] INFO Env - @{5 LOCKED}
out.5 >> unlock
inp.5 << 19:07:02.257 [main] INFO Env - @{5 UNLOCKED}
out.1 >> ping
out.2 >> ping
out.3 >> ping
out.4 >> ping
out.5 >> ping
inp.5 << 19:07:02.259 [main] INFO Env - @{5 PONG}
inp.1 << 19:07:02.258 [main] INFO Env - @{1 PONG}
inp.2 << 19:07:02.258 [main] INFO Env - @{2 PONG}
inp.3 << 19:07:02.259 [main] INFO Env - @{3 PONG}
inp.4 << 19:07:02.259 [main] INFO Env - @{4 PONG}
out.5 >> lock
inp.5 << 19:07:02.260 [main] INFO Env - @{5 LOCKED}
out.5 >> unlock
inp.5 << 19:07:02.260 [main] INFO Env - @{5 UNLOCKED}
out.1 >> ping
out.2 >> ping
out.3 >> ping
out.4 >> ping
out.5 >> ping
inp.5 << 19:07:02.261 [main] INFO Env - @{5 PONG}
inp.1 << 19:07:02.261 [main] INFO Env - @{1 PONG}
inp.2 << 19:07:02.261 [main] INFO Env - @{2 PONG}
inp.3 << 19:07:02.261 [main] INFO Env - @{3 PONG}
inp.4 << 19:07:02.261 [main] INFO Env - @{4 PONG}
out.5 >> lock
out.3 >> lock
inp.5 << 19:07:02.262 [main] INFO Env - @{5 LOCKED}
inp.3 << 19:07:02.262 [main] INFO Env - @{3 SEND 4} Message(Ask)
out.5 >> unlock
inp.3 << 19:07:02.262 [main] INFO Env - @{3 SEND 5} Message(Ask)
inp.5 << 19:07:02.262 [main] INFO Env - @{5 UNLOCKED}
inp.5 << 19:07:02.262 [main] INFO Env - @{5 RCVD 3} Message(Ask)
inp.5 << 19:07:02.262 [main] INFO Env - @{5 SEND 3} Message(Share)
inp.4 << 19:07:02.262 [main] INFO Env - @{4 RCVD 3} Message(Ask)
inp.4 << 19:07:02.262 [main] INFO Env - @{4 SEND 3} Message(Share)
inp.3 << 19:07:02.262 [main] INFO Env - @{3 RCVD 5} Message(Share)
inp.3 << 19:07:02.262 [main] INFO Env - @{3 RCVD 4} Message(Share)
inp.3 << 19:07:02.262 [main] INFO Env - @{3 LOCKED}
out.3 >> unlock
inp.3 << 19:07:02.262 [main] INFO Env - @{3 UNLOCKED}
out.1 >> ping
out.2 >> ping
out.3 >> ping
out.4 >> ping
out.5 >> ping
inp.5 << 19:07:02.263 [main] INFO Env - @{5 PONG}
inp.1 << 19:07:02.263 [main] INFO Env - @{1 PONG}
inp.2 << 19:07:02.263 [main] INFO Env - @{2 PONG}
inp.3 << 19:07:02.263 [main] INFO Env - @{3 PONG}
inp.4 << 19:07:02.263 [main] INFO Env - @{4 PONG}
out.5 >> lock
out.3 >> lock
inp.3 << 19:07:02.264 [main] INFO Env - @{3 LOCKED}
inp.5 << 19:07:02.264 [main] INFO Env - @{5 SEND 3} Message(Ask)
out.3 >> unlock
inp.3 << 19:07:02.264 [main] INFO Env - @{3 RCVD 5} Message(Ask)
inp.3 << 19:07:02.264 [main] INFO Env - @{3 UNLOCKED}
inp.3 << 19:07:02.264 [main] INFO Env - @{3 SEND 5} Message(Share)
inp.5 << 19:07:02.264 [main] INFO Env - @{5 RCVD 3} Message(Share)
inp.5 << 19:07:02.264 [main] INFO Env - @{5 LOCKED}
out.5 >> unlock
inp.5 << 19:07:02.264 [main] INFO Env - @{5 UNLOCKED}
out.1 >> ping
out.2 >> ping
out.3 >> ping
out.4 >> ping
out.5 >> ping
inp.5 << 19:07:02.265 [main] INFO Env - @{5 PONG}
inp.1 << 19:07:02.265 [main] INFO Env - @{1 PONG}
inp.3 << 19:07:02.266 [main] INFO Env - @{3 PONG}
inp.2 << 19:07:02.266 [main] INFO Env - @{2 PONG}
inp.4 << 19:07:02.266 [main] INFO Env - @{4 PONG}
out.5 >> lock
out.3 >> lock
inp.5 << 19:07:02.266 [main] INFO Env - @{5 LOCKED}
out.5 >> unlock
inp.5 << 19:07:02.267 [main] INFO Env - @{5 UNLOCKED}
inp.3 << 19:07:02.267 [main] INFO Env - @{3 SEND 5} Message(Ask)
inp.5 << 19:07:02.267 [main] INFO Env - @{5 RCVD 3} Message(Ask)
inp.5 << 19:07:02.267 [main] INFO Env - @{5 SEND 3} Message(Share)
inp.3 << 19:07:02.267 [main] INFO Env - @{3 RCVD 5} Message(Share)
inp.3 << 19:07:02.267 [main] INFO Env - @{3 LOCKED}
out.3 >> unlock
inp.3 << 19:07:02.267 [main] INFO Env - @{3 UNLOCKED}
out.1 >> ping
out.2 >> ping
out.3 >> ping
out.4 >> ping
out.5 >> ping
inp.5 << 19:07:02.268 [main] INFO Env - @{5 PONG}
inp.1 << 19:07:02.268 [main] INFO Env - @{1 PONG}
inp.2 << 19:07:02.269 [main] INFO Env - @{2 PONG}
inp.3 << 19:07:02.270 [main] INFO Env - @{3 PONG}
inp.4 << 19:07:02.270 [main] INFO Env - @{4 PONG}
out.1 >> ping
out.2 >> ping
out.3 >> ping
out.4 >> ping
out.5 >> ping
inp.5 << 19:07:02.270 [main] INFO Env - @{5 PONG}
inp.1 << 19:07:02.270 [main] INFO Env - @{1 PONG}
inp.2 << 19:07:02.270 [main] INFO Env - @{2 PONG}
inp.3 << 19:07:02.270 [main] INFO Env - @{3 PONG}
inp.4 << 19:07:02.270 [main] INFO Env - @{4 PONG}
out.1 >> lock
inp.1 << 19:07:02.271 [main] INFO Env - @{1 SEND 2} Message(Ask)
inp.1 << 19:07:02.271 [main] INFO Env - @{1 SEND 3} Message(Ask)
inp.1 << 19:07:02.271 [main] INFO Env - @{1 SEND 4} Message(Ask)
inp.3 << 19:07:02.271 [main] INFO Env - @{3 RCVD 1} Message(Ask)
inp.1 << 19:07:02.271 [main] INFO Env - @{1 SEND 5} Message(Ask)
inp.3 << 19:07:02.271 [main] INFO Env - @{3 SEND 1} Message(Share)
inp.2 << 19:07:02.271 [main] INFO Env - @{2 RCVD 1} Message(Ask)
inp.1 << 19:07:02.271 [main] INFO Env - @{1 RCVD 3} Message(Share)
inp.5 << 19:07:02.271 [main] INFO Env - @{5 RCVD 1} Message(Ask)
inp.5 << 19:07:02.271 [main] INFO Env - @{5 SEND 1} Message(Share)
inp.4 << 19:07:02.271 [main] INFO Env - @{4 RCVD 1} Message(Ask)
inp.2 << 19:07:02.271 [main] INFO Env - @{2 SEND 1} Message(Share)
inp.4 << 19:07:02.272 [main] INFO Env - @{4 SEND 1} Message(Share)
inp.1 << 19:07:02.272 [main] INFO Env - @{1 RCVD 5} Message(Share)
inp.1 << 19:07:02.272 [main] INFO Env - @{1 RCVD 2} Message(Share)
inp.1 << 19:07:02.272 [main] INFO Env - @{1 RCVD 4} Message(Share)
inp.1 << 19:07:02.272 [main] INFO Env - @{1 LOCKED}
out.1 >> unlock
inp.1 << 19:07:02.272 [main] INFO Env - @{1 UNLOCKED}
out.1 >> ping
out.2 >> ping
out.3 >> ping
out.4 >> ping
out.5 >> ping
inp.1 << 19:07:02.272 [main] INFO Env - @{1 PONG}
inp.5 << 19:07:02.272 [main] INFO Env - @{5 PONG}
inp.2 << 19:07:02.273 [main] INFO Env - @{2 PONG}
inp.4 << 19:07:02.273 [main] INFO Env - @{4 PONG}
inp.3 << 19:07:02.273 [main] INFO Env - @{3 PONG}
out.2 >> lock
inp.2 << 19:07:02.273 [main] INFO Env - @{2 SEND 1} Message(Ask)
inp.1 << 19:07:02.274 [main] INFO Env - @{1 RCVD 2} Message(Ask)
inp.2 << 19:07:02.274 [main] INFO Env - @{2 SEND 3} Message(Ask)
inp.1 << 19:07:02.274 [main] INFO Env - @{1 SEND 2} Message(Share)
inp.2 << 19:07:02.274 [main] INFO Env - @{2 SEND 4} Message(Ask)
inp.2 << 19:07:02.274 [main] INFO Env - @{2 SEND 5} Message(Ask)
inp.2 << 19:07:02.274 [main] INFO Env - @{2 RCVD 1} Message(Share)
inp.3 << 19:07:02.274 [main] INFO Env - @{3 RCVD 2} Message(Ask)
inp.5 << 19:07:02.274 [main] INFO Env - @{5 RCVD 2} Message(Ask)
inp.5 << 19:07:02.274 [main] INFO Env - @{5 SEND 2} Message(Share)
inp.3 << 19:07:02.274 [main] INFO Env - @{3 SEND 2} Message(Share)
inp.4 << 19:07:02.274 [main] INFO Env - @{4 RCVD 2} Message(Ask)
inp.4 << 19:07:02.274 [main] INFO Env - @{4 SEND 2} Message(Share)
inp.2 << 19:07:02.274 [main] INFO Env - @{2 RCVD 5} Message(Share)
inp.2 << 19:07:02.275 [main] INFO Env - @{2 RCVD 3} Message(Share)
inp.2 << 19:07:02.275 [main] INFO Env - @{2 RCVD 4} Message(Share)
inp.2 << 19:07:02.275 [main] INFO Env - @{2 LOCKED}
out.2 >> unlock
inp.2 << 19:07:02.275 [main] INFO Env - @{2 UNLOCKED}
out.1 >> ping
out.2 >> ping
out.3 >> ping
out.4 >> ping
out.5 >> ping
inp.1 << 19:07:02.275 [main] INFO Env - @{1 PONG}
inp.5 << 19:07:02.275 [main] INFO Env - @{5 PONG}
inp.2 << 19:07:02.275 [main] INFO Env - @{2 PONG}
inp.3 << 19:07:02.276 [main] INFO Env - @{3 PONG}
inp.4 << 19:07:02.276 [main] INFO Env - @{4 PONG}
out.3 >> lock
inp.3 << 19:07:02.276 [main] INFO Env - @{3 SEND 1} Message(Ask)
inp.3 << 19:07:02.276 [main] INFO Env - @{3 SEND 2} Message(Ask)
inp.1 << 19:07:02.276 [main] INFO Env - @{1 RCVD 3} Message(Ask)
inp.1 << 19:07:02.276 [main] INFO Env - @{1 SEND 3} Message(Share)
inp.2 << 19:07:02.276 [main] INFO Env - @{2 RCVD 3} Message(Ask)
inp.2 << 19:07:02.276 [main] INFO Env - @{2 SEND 3} Message(Share)
inp.3 << 19:07:02.277 [main] INFO Env - @{3 RCVD 1} Message(Share)
inp.3 << 19:07:02.277 [main] INFO Env - @{3 RCVD 2} Message(Share)
inp.3 << 19:07:02.277 [main] INFO Env - @{3 LOCKED}
out.3 >> unlock
inp.3 << 19:07:02.277 [main] INFO Env - @{3 UNLOCKED}
out.1 >> ping
out.2 >> ping
out.3 >> ping
out.4 >> ping
out.5 >> ping
inp.1 << 19:07:02.277 [main] INFO Env - @{1 PONG}
inp.5 << 19:07:02.277 [main] INFO Env - @{5 PONG}
inp.2 << 19:07:02.278 [main] INFO Env - @{2 PONG}
inp.3 << 19:07:02.278 [main] INFO Env - @{3 PONG}
inp.4 << 19:07:02.278 [main] INFO Env - @{4 PONG}
out.4 >> lock
inp.4 << 19:07:02.278 [main] INFO Env - @{4 SEND 1} Message(Ask)
inp.4 << 19:07:02.278 [main] INFO Env - @{4 SEND 2} Message(Ask)
inp.4 << 19:07:02.278 [main] INFO Env - @{4 SEND 3} Message(Ask)
inp.4 << 19:07:02.278 [main] INFO Env - @{4 SEND 5} Message(Ask)
inp.1 << 19:07:02.278 [main] INFO Env - @{1 RCVD 4} Message(Ask)
inp.1 << 19:07:02.278 [main] INFO Env - @{1 SEND 4} Message(Share)
inp.2 << 19:07:02.278 [main] INFO Env - @{2 RCVD 4} Message(Ask)
inp.2 << 19:07:02.278 [main] INFO Env - @{2 SEND 4} Message(Share)
inp.5 << 19:07:02.279 [main] INFO Env - @{5 RCVD 4} Message(Ask)
inp.3 << 19:07:02.279 [main] INFO Env - @{3 RCVD 4} Message(Ask)
inp.3 << 19:07:02.279 [main] INFO Env - @{3 SEND 4} Message(Share)
inp.5 << 19:07:02.279 [main] INFO Env - @{5 SEND 4} Message(Share)
inp.4 << 19:07:02.279 [main] INFO Env - @{4 RCVD 1} Message(Share)
inp.4 << 19:07:02.280 [main] INFO Env - @{4 RCVD 2} Message(Share)
inp.4 << 19:07:02.280 [main] INFO Env - @{4 RCVD 3} Message(Share)
inp.4 << 19:07:02.280 [main] INFO Env - @{4 RCVD 5} Message(Share)
inp.4 << 19:07:02.280 [main] INFO Env - @{4 LOCKED}
out.4 >> unlock
inp.4 << 19:07:02.281 [main] INFO Env - @{4 UNLOCKED}
out.1 >> ping
out.2 >> ping
out.3 >> ping
out.4 >> ping
out.5 >> ping
inp.5 << 19:07:02.284 [main] INFO Env - @{5 PONG}
inp.1 << 19:07:02.285 [main] INFO Env - @{1 PONG}
inp.3 << 19:07:02.285 [main] INFO Env - @{3 PONG}
inp.2 << 19:07:02.285 [main] INFO Env - @{2 PONG}
inp.4 << 19:07:02.286 [main] INFO Env - @{4 PONG}
out.5 >> lock
inp.5 << 19:07:02.289 [main] INFO Env - @{5 SEND 1} Message(Ask)
inp.5 << 19:07:02.289 [main] INFO Env - @{5 SEND 2} Message(Ask)
inp.1 << 19:07:02.290 [main] INFO Env - @{1 RCVD 5} Message(Ask)
inp.5 << 19:07:02.290 [main] INFO Env - @{5 SEND 3} Message(Ask)
inp.1 << 19:07:02.290 [main] INFO Env - @{1 SEND 5} Message(Share)
inp.5 << 19:07:02.291 [main] INFO Env - @{5 SEND 4} Message(Ask)
inp.5 << 19:07:02.291 [main] INFO Env - @{5 RCVD 1} Message(Share)
inp.3 << 19:07:02.292 [main] INFO Env - @{3 RCVD 5} Message(Ask)
inp.4 << 19:07:02.292 [main] INFO Env - @{4 RCVD 5} Message(Ask)
inp.2 << 19:07:02.292 [main] INFO Env - @{2 RCVD 5} Message(Ask)
inp.2 << 19:07:02.292 [main] INFO Env - @{2 SEND 5} Message(Share)
inp.5 << 19:07:02.293 [main] INFO Env - @{5 RCVD 4} Message(Share)
inp.5 << 19:07:02.293 [main] INFO Env - @{5 RCVD 2} Message(Share)
inp.3 << 19:07:02.293 [main] INFO Env - @{3 SEND 5} Message(Share)
inp.5 << 19:07:02.294 [main] INFO Env - @{5 RCVD 3} Message(Share)
inp.5 << 19:07:02.294 [main] INFO Env - @{5 LOCKED}
inp.4 << 19:07:02.292 [main] INFO Env - @{4 SEND 5} Message(Share)
out.5 >> unlock
inp.5 << 19:07:02.294 [main] INFO Env - @{5 UNLOCKED}
out.1 >> ping
out.2 >> ping
out.3 >> ping
out.4 >> ping
out.5 >> ping
inp.5 << 19:07:02.295 [main] INFO Env - @{5 PONG}
inp.1 << 19:07:02.295 [main] INFO Env - @{1 PONG}
inp.2 << 19:07:02.295 [main] INFO Env - @{2 PONG}
inp.4 << 19:07:02.296 [main] INFO Env - @{4 PONG}
inp.3 << 19:07:02.296 [main] INFO Env - @{3 PONG}
out.3 >> lock
out.1 >> lock
out.4 >> lock
out.2 >> lock
out.5 >> lock
inp.5 << 19:07:02.296 [main] INFO Env - @{5 LOCKED}
inp.1 << 19:07:02.296 [main] INFO Env - @{1 SEND 2} Message(Ask)
out.5 >> unlock
inp.1 << 19:07:02.297 [main] INFO Env - @{1 SEND 3} Message(Ask)
inp.1 << 19:07:02.297 [main] INFO Env - @{1 SEND 4} Message(Ask)
inp.1 << 19:07:02.297 [main] INFO Env - @{1 SEND 5} Message(Ask)
inp.5 << 19:07:02.297 [main] INFO Env - @{5 UNLOCKED}
inp.5 << 19:07:02.297 [main] INFO Env - @{5 RCVD 1} Message(Ask)
inp.5 << 19:07:02.297 [main] INFO Env - @{5 SEND 1} Message(Share)
inp.3 << 19:07:02.297 [main] INFO Env - @{3 SEND 4} Message(Ask)
inp.4 << 19:07:02.297 [main] INFO Env - @{4 SEND 5} Message(Ask)
inp.3 << 19:07:02.297 [main] INFO Env - @{3 SEND 5} Message(Ask)
inp.3 << 19:07:02.297 [main] INFO Env - @{3 RCVD 1} Message(Ask)
inp.3 << 19:07:02.297 [main] INFO Env - @{3 SEND 1} Message(Share)
inp.3 << 19:07:02.297 [main] INFO Env - @{3 SEND 1} Message(Ask)
inp.3 << 19:07:02.297 [main] INFO Env - @{3 RCVD 2} Message(Ask)
inp.5 << 19:07:02.297 [main] INFO Env - @{5 RCVD 4} Message(Ask)
inp.3 << 19:07:02.297 [main] INFO Env - @{3 SEND 2} Message(Share)
inp.5 << 19:07:02.297 [main] INFO Env - @{5 SEND 4} Message(Share)
inp.5 << 19:07:02.297 [main] INFO Env - @{5 RCVD 3} Message(Ask)
inp.3 << 19:07:02.297 [main] INFO Env - @{3 SEND 2} Message(Ask)
inp.5 << 19:07:02.297 [main] INFO Env - @{5 SEND 3} Message(Share)
inp.5 << 19:07:02.298 [main] INFO Env - @{5 RCVD 2} Message(Ask)
inp.5 << 19:07:02.298 [main] INFO Env - @{5 SEND 2} Message(Share)
inp.1 << 19:07:02.297 [main] INFO Env - @{1 RCVD 5} Message(Share)
inp.1 << 19:07:02.297 [main] INFO Env - @{1 RCVD 3} Message(Share)
inp.1 << 19:07:02.297 [main] INFO Env - @{1 RCVD 3} Message(Ask)
inp.1 << 19:07:02.297 [main] INFO Env - @{1 RCVD 2} Message(Share)
inp.1 << 19:07:02.297 [main] INFO Env - @{1 RCVD 2} Message(Ask)
inp.3 << 19:07:02.298 [main] INFO Env - @{3 RCVD 5} Message(Share)
inp.1 << 19:07:02.298 [main] INFO Env - @{1 RCVD 4} Message(Share)
inp.2 << 19:07:02.297 [main] INFO Env - @{2 SEND 3} Message(Ask)
inp.4 << 19:07:02.297 [main] INFO Env - @{4 RCVD 1} Message(Ask)
inp.4 << 19:07:02.298 [main] INFO Env - @{4 SEND 1} Message(Share)
inp.4 << 19:07:02.298 [main] INFO Env - @{4 SEND 1} Message(Ask)
inp.4 << 19:07:02.298 [main] INFO Env - @{4 RCVD 3} Message(Ask)
inp.4 << 19:07:02.298 [main] INFO Env - @{4 SEND 3} Message(Share)
inp.4 << 19:07:02.298 [main] INFO Env - @{4 SEND 3} Message(Ask)
inp.4 << 19:07:02.298 [main] INFO Env - @{4 RCVD 2} Message(Ask)
inp.1 << 19:07:02.298 [main] INFO Env - @{1 LOCKED}
inp.4 << 19:07:02.298 [main] INFO Env - @{4 SEND 2} Message(Share)
inp.2 << 19:07:02.297 [main] INFO Env - @{2 SEND 4} Message(Ask)
inp.2 << 19:07:02.297 [main] INFO Env - @{2 SEND 5} Message(Ask)
inp.2 << 19:07:02.297 [main] INFO Env - @{2 RCVD 1} Message(Ask)
inp.2 << 19:07:02.297 [main] INFO Env - @{2 SEND 1} Message(Share)
inp.2 << 19:07:02.297 [main] INFO Env - @{2 SEND 1} Message(Ask)
inp.2 << 19:07:02.298 [main] INFO Env - @{2 RCVD 3} Message(Share)
inp.1 << 19:07:02.298 [main] INFO Env - @{1 RCVD 4} Message(Ask)
inp.3 << 19:07:02.298 [main] INFO Env - @{3 RCVD 4} Message(Share)
inp.4 << 19:07:02.298 [main] INFO Env - @{4 SEND 2} Message(Ask)
inp.4 << 19:07:02.298 [main] INFO Env - @{4 RCVD 5} Message(Share)
out.1 >> unlock
inp.3 << 19:07:02.298 [main] INFO Env - @{3 RCVD 4} Message(Ask)
inp.2 << 19:07:02.298 [main] INFO Env - @{2 RCVD 3} Message(Ask)
inp.2 << 19:07:02.298 [main] INFO Env - @{2 RCVD 5} Message(Share)
inp.2 << 19:07:02.298 [main] INFO Env - @{2 RCVD 4} Message(Share)
inp.2 << 19:07:02.298 [main] INFO Env - @{2 RCVD 4} Message(Ask)
inp.1 << 19:07:02.298 [main] INFO Env - @{1 UNLOCKED}
inp.1 << 19:07:02.298 [main] INFO Env - @{1 SEND 2} Message(Share)
inp.1 << 19:07:02.298 [main] INFO Env - @{1 SEND 3} Message(Share)
inp.1 << 19:07:02.298 [main] INFO Env - @{1 SEND 4} Message(Share)
inp.2 << 19:07:02.298 [main] INFO Env - @{2 RCVD 1} Message(Share)
inp.2 << 19:07:02.298 [main] INFO Env - @{2 LOCKED}
out.2 >> unlock
inp.3 << 19:07:02.299 [main] INFO Env - @{3 RCVD 1} Message(Share)
inp.4 << 19:07:02.299 [main] INFO Env - @{4 RCVD 1} Message(Share)
inp.2 << 19:07:02.299 [main] INFO Env - @{2 UNLOCKED}
inp.2 << 19:07:02.299 [main] INFO Env - @{2 SEND 3} Message(Share)
inp.2 << 19:07:02.299 [main] INFO Env - @{2 SEND 4} Message(Share)
inp.3 << 19:07:02.299 [main] INFO Env - @{3 RCVD 2} Message(Share)
inp.4 << 19:07:02.299 [main] INFO Env - @{4 RCVD 2} Message(Share)
inp.3 << 19:07:02.299 [main] INFO Env - @{3 LOCKED}
out.3 >> unlock
inp.3 << 19:07:02.299 [main] INFO Env - @{3 UNLOCKED}
inp.3 << 19:07:02.299 [main] INFO Env - @{3 SEND 4} Message(Share)
inp.4 << 19:07:02.299 [main] INFO Env - @{4 RCVD 3} Message(Share)
inp.4 << 19:07:02.299 [main] INFO Env - @{4 LOCKED}
out.4 >> unlock
inp.4 << 19:07:02.299 [main] INFO Env - @{4 UNLOCKED}
out.1 >> ping
out.2 >> ping
out.3 >> ping
out.4 >> ping
out.5 >> ping
inp.1 << 19:07:02.300 [main] INFO Env - @{1 PONG}
inp.5 << 19:07:02.300 [main] INFO Env - @{5 PONG}
inp.2 << 19:07:02.300 [main] INFO Env - @{2 PONG}
inp.3 << 19:07:02.300 [main] INFO Env - @{3 PONG}
inp.4 << 19:07:02.300 [main] INFO Env - @{4 PONG}
out.2 >> lock
inp.2 << 19:07:02.301 [main] INFO Env - @{2 SEND 3} Message(Ask)
inp.2 << 19:07:02.301 [main] INFO Env - @{2 SEND 4} Message(Ask)
inp.3 << 19:07:02.301 [main] INFO Env - @{3 RCVD 2} Message(Ask)
inp.3 << 19:07:02.301 [main] INFO Env - @{3 SEND 2} Message(Share)
inp.4 << 19:07:02.301 [main] INFO Env - @{4 RCVD 2} Message(Ask)
inp.4 << 19:07:02.301 [main] INFO Env - @{4 SEND 2} Message(Share)
inp.2 << 19:07:02.301 [main] INFO Env - @{2 RCVD 3} Message(Share)
inp.2 << 19:07:02.301 [main] INFO Env - @{2 RCVD 4} Message(Share)
inp.2 << 19:07:02.301 [main] INFO Env - @{2 LOCKED}
out.2 >> unlock
inp.2 << 19:07:02.301 [main] INFO Env - @{2 UNLOCKED}
out.1 >> ping
out.2 >> ping
out.3 >> ping
out.4 >> ping
out.5 >> ping
inp.5 << 19:07:02.302 [main] INFO Env - @{5 PONG}
inp.1 << 19:07:02.303 [main] INFO Env - @{1 PONG}
inp.2 << 19:07:02.304 [main] INFO Env - @{2 PONG}
inp.3 << 19:07:02.304 [main] INFO Env - @{3 PONG}
inp.4 << 19:07:02.304 [main] INFO Env - @{4 PONG}
out.2 >> lock
inp.2 << 19:07:02.304 [main] INFO Env - @{2 LOCKED}
out.2 >> unlock
inp.2 << 19:07:02.305 [main] INFO Env - @{2 UNLOCKED}
out.1 >> ping
out.2 >> ping
out.3 >> ping
out.4 >> ping
out.5 >> ping
inp.5 << 19:07:02.305 [main] INFO Env - @{5 PONG}
inp.1 << 19:07:02.305 [main] INFO Env - @{1 PONG}
inp.2 << 19:07:02.305 [main] INFO Env - @{2 PONG}
inp.3 << 19:07:02.305 [main] INFO Env - @{3 PONG}
inp.4 << 19:07:02.305 [main] INFO Env - @{4 PONG}
out.2 >> lock
inp.2 << 19:07:02.305 [main] INFO Env - @{2 LOCKED}
out.2 >> unlock
inp.2 << 19:07:02.306 [main] INFO Env - @{2 UNLOCKED}
out.1 >> ping
out.2 >> ping
out.3 >> ping
out.4 >> ping
out.5 >> ping
inp.5 << 19:07:02.306 [main] INFO Env - @{5 PONG}
inp.1 << 19:07:02.306 [main] INFO Env - @{1 PONG}
inp.2 << 19:07:02.307 [main] INFO Env - @{2 PONG}
inp.3 << 19:07:02.307 [main] INFO Env - @{3 PONG}
inp.4 << 19:07:02.307 [main] INFO Env - @{4 PONG}
out.2 >> lock
out.4 >> lock
inp.2 << 19:07:02.308 [main] INFO Env - @{2 LOCKED}
out.2 >> unlock
inp.4 << 19:07:02.308 [main] INFO Env - @{4 SEND 2} Message(Ask)
inp.2 << 19:07:02.308 [main] INFO Env - @{2 UNLOCKED}
inp.2 << 19:07:02.308 [main] INFO Env - @{2 RCVD 4} Message(Ask)
inp.2 << 19:07:02.308 [main] INFO Env - @{2 SEND 4} Message(Share)
inp.4 << 19:07:02.310 [main] INFO Env - @{4 RCVD 2} Message(Share)
inp.4 << 19:07:02.310 [main] INFO Env - @{4 LOCKED}
out.4 >> unlock
inp.4 << 19:07:02.311 [main] INFO Env - @{4 UNLOCKED}
out.1 >> ping
out.2 >> ping
out.3 >> ping
out.4 >> ping
out.5 >> ping
inp.1 << 19:07:02.311 [main] INFO Env - @{1 PONG}
inp.5 << 19:07:02.311 [main] INFO Env - @{5 PONG}
inp.2 << 19:07:02.312 [main] INFO Env - @{2 PONG}
inp.3 << 19:07:02.312 [main] INFO Env - @{3 PONG}
inp.4 << 19:07:02.312 [main] INFO Env - @{4 PONG}
out.2 >> lock
out.4 >> lock
inp.4 << 19:07:02.312 [main] INFO Env - @{4 LOCKED}
inp.2 << 19:07:02.312 [main] INFO Env - @{2 SEND 4} Message(Ask)
out.4 >> unlock
inp.4 << 19:07:02.313 [main] INFO Env - @{4 RCVD 2} Message(Ask)
inp.4 << 19:07:02.313 [main] INFO Env - @{4 UNLOCKED}
inp.4 << 19:07:02.313 [main] INFO Env - @{4 SEND 2} Message(Share)
inp.2 << 19:07:02.313 [main] INFO Env - @{2 RCVD 4} Message(Share)
inp.2 << 19:07:02.313 [main] INFO Env - @{2 LOCKED}
out.2 >> unlock
inp.2 << 19:07:02.313 [main] INFO Env - @{2 UNLOCKED}
out.1 >> ping
out.2 >> ping
out.3 >> ping
out.4 >> ping
out.5 >> ping
inp.5 << 19:07:02.314 [main] INFO Env - @{5 PONG}
inp.1 << 19:07:02.314 [main] INFO Env - @{1 PONG}
inp.2 << 19:07:02.314 [main] INFO Env - @{2 PONG}
inp.3 << 19:07:02.314 [main] INFO Env - @{3 PONG}
inp.4 << 19:07:02.315 [main] INFO Env - @{4 PONG}
out.2 >> lock
out.4 >> lock
inp.2 << 19:07:02.316 [main] INFO Env - @{2 LOCKED}
inp.4 << 19:07:02.316 [main] INFO Env - @{4 SEND 2} Message(Ask)
out.2 >> unlock
inp.2 << 19:07:02.317 [main] INFO Env - @{2 RCVD 4} Message(Ask)
inp.2 << 19:07:02.317 [main] INFO Env - @{2 UNLOCKED}
inp.2 << 19:07:02.317 [main] INFO Env - @{2 SEND 4} Message(Share)
inp.4 << 19:07:02.318 [main] INFO Env - @{4 RCVD 2} Message(Share)
inp.4 << 19:07:02.318 [main] INFO Env - @{4 LOCKED}
out.4 >> unlock
inp.4 << 19:07:02.320 [main] INFO Env - @{4 UNLOCKED}
out.1 >> ping
out.2 >> ping
out.3 >> ping
out.4 >> ping
out.5 >> ping
inp.1 << 19:07:02.321 [main] INFO Env - @{1 PONG}
inp.5 << 19:07:02.321 [main] INFO Env - @{5 PONG}
inp.2 << 19:07:02.322 [main] INFO Env - @{2 PONG}
inp.3 << 19:07:02.323 [main] INFO Env - @{3 PONG}
inp.4 << 19:07:02.323 [main] INFO Env - @{4 PONG}
out.1 >> ping
out.2 >> ping
out.3 >> ping
out.4 >> ping
out.5 >> ping
inp.1 << 19:07:02.326 [main] INFO Env - @{1 PONG}
inp.5 << 19:07:02.326 [main] INFO Env - @{5 PONG}
inp.2 << 19:07:02.326 [main] INFO Env - @{2 PONG}
inp.3 << 19:07:02.326 [main] INFO Env - @{3 PONG}
inp.4 << 19:07:02.326 [main] INFO Env - @{4 PONG}
out.1 >> lock
inp.1 << 19:07:02.327 [main] INFO Env - @{1 SEND 2} Message(Ask)
inp.1 << 19:07:02.328 [main] INFO Env - @{1 SEND 3} Message(Ask)
inp.3 << 19:07:02.328 [main] INFO Env - @{3 RCVD 1} Message(Ask)
inp.1 << 19:07:02.328 [main] INFO Env - @{1 SEND 4} Message(Ask)
inp.2 << 19:07:02.328 [main] INFO Env - @{2 RCVD 1} Message(Ask)
inp.2 << 19:07:02.328 [main] INFO Env - @{2 SEND 1} Message(Share)
inp.3 << 19:07:02.329 [main] INFO Env - @{3 SEND 1} Message(Share)
inp.1 << 19:07:02.329 [main] INFO Env - @{1 RCVD 2} Message(Share)
inp.1 << 19:07:02.329 [main] INFO Env - @{1 RCVD 3} Message(Share)
inp.4 << 19:07:02.329 [main] INFO Env - @{4 RCVD 1} Message(Ask)
inp.4 << 19:07:02.329 [main] INFO Env - @{4 SEND 1} Message(Share)
inp.1 << 19:07:02.330 [main] INFO Env - @{1 RCVD 4} Message(Share)
inp.1 << 19:07:02.330 [main] INFO Env - @{1 LOCKED}
out.1 >> unlock
inp.1 << 19:07:02.330 [main] INFO Env - @{1 UNLOCKED}
out.1 >> ping
out.2 >> ping
out.3 >> ping
out.4 >> ping
out.5 >> ping
inp.5 << 19:07:02.332 [main] INFO Env - @{5 PONG}
inp.2 << 19:07:02.332 [main] INFO Env - @{2 PONG}
inp.1 << 19:07:02.332 [main] INFO Env - @{1 PONG}
inp.3 << 19:07:02.332 [main] INFO Env - @{3 PONG}
inp.4 << 19:07:02.333 [main] INFO Env - @{4 PONG}
out.2 >> lock
inp.2 << 19:07:02.333 [main] INFO Env - @{2 SEND 1} Message(Ask)
inp.2 << 19:07:02.334 [main] INFO Env - @{2 SEND 4} Message(Ask)
inp.1 << 19:07:02.334 [main] INFO Env - @{1 RCVD 2} Message(Ask)
inp.1 << 19:07:02.334 [main] INFO Env - @{1 SEND 2} Message(Share)
inp.4 << 19:07:02.334 [main] INFO Env - @{4 RCVD 2} Message(Ask)
inp.2 << 19:07:02.334 [main] INFO Env - @{2 RCVD 1} Message(Share)
inp.4 << 19:07:02.334 [main] INFO Env - @{4 SEND 2} Message(Share)
inp.2 << 19:07:02.334 [main] INFO Env - @{2 RCVD 4} Message(Share)
inp.2 << 19:07:02.334 [main] INFO Env - @{2 LOCKED}
out.2 >> unlock
inp.2 << 19:07:02.335 [main] INFO Env - @{2 UNLOCKED}
out.1 >> ping
out.2 >> ping
out.3 >> ping
out.4 >> ping
out.5 >> ping
inp.1 << 19:07:02.335 [main] INFO Env - @{1 PONG}
inp.5 << 19:07:02.335 [main] INFO Env - @{5 PONG}
inp.2 << 19:07:02.335 [main] INFO Env - @{2 PONG}
inp.3 << 19:07:02.335 [main] INFO Env - @{3 PONG}
inp.4 << 19:07:02.335 [main] INFO Env - @{4 PONG}
out.3 >> lock
inp.3 << 19:07:02.336 [main] INFO Env - @{3 SEND 1} Message(Ask)
inp.3 << 19:07:02.336 [main] INFO Env - @{3 SEND 2} Message(Ask)
inp.1 << 19:07:02.336 [main] INFO Env - @{1 RCVD 3} Message(Ask)
inp.1 << 19:07:02.336 [main] INFO Env - @{1 SEND 3} Message(Share)
inp.3 << 19:07:02.337 [main] INFO Env - @{3 SEND 4} Message(Ask)
inp.3 << 19:07:02.337 [main] INFO Env - @{3 RCVD 1} Message(Share)
inp.2 << 19:07:02.337 [main] INFO Env - @{2 RCVD 3} Message(Ask)
inp.2 << 19:07:02.337 [main] INFO Env - @{2 SEND 3} Message(Share)
inp.4 << 19:07:02.337 [main] INFO Env - @{4 RCVD 3} Message(Ask)
inp.3 << 19:07:02.337 [main] INFO Env - @{3 RCVD 2} Message(Share)
inp.4 << 19:07:02.338 [main] INFO Env - @{4 SEND 3} Message(Share)
inp.3 << 19:07:02.338 [main] INFO Env - @{3 RCVD 4} Message(Share)
inp.3 << 19:07:02.338 [main] INFO Env - @{3 LOCKED}
out.3 >> unlock
inp.3 << 19:07:02.338 [main] INFO Env - @{3 UNLOCKED}
out.1 >> ping
out.2 >> ping
out.3 >> ping
out.4 >> ping
out.5 >> ping
inp.1 << 19:07:02.338 [main] INFO Env - @{1 PONG}
inp.3 << 19:07:02.338 [main] INFO Env - @{3 PONG}
inp.5 << 19:07:02.338 [main] INFO Env - @{5 PONG}
inp.2 << 19:07:02.339 [main] INFO Env - @{2 PONG}
inp.4 << 19:07:02.339 [main] INFO Env - @{4 PONG}
out.4 >> lock
inp.4 << 19:07:02.340 [main] INFO Env - @{4 SEND 1} Message(Ask)
inp.4 << 19:07:02.340 [main] INFO Env - @{4 SEND 2} Message(Ask)
inp.1 << 19:07:02.341 [main] INFO Env - @{1 RCVD 4} Message(Ask)
inp.4 << 19:07:02.341 [main] INFO Env - @{4 SEND 3} Message(Ask)
inp.1 << 19:07:02.342 [main] INFO Env - @{1 SEND 4} Message(Share)
inp.3 << 19:07:02.342 [main] INFO Env - @{3 RCVD 4} Message(Ask)
inp.3 << 19:07:02.343 [main] INFO Env - @{3 SEND 4} Message(Share)
inp.4 << 19:07:02.343 [main] INFO Env - @{4 RCVD 1} Message(Share)
inp.4 << 19:07:02.344 [main] INFO Env - @{4 RCVD 3} Message(Share)
inp.2 << 19:07:02.343 [main] INFO Env - @{2 RCVD 4} Message(Ask)
inp.2 << 19:07:02.344 [main] INFO Env - @{2 SEND 4} Message(Share)
inp.4 << 19:07:02.344 [main] INFO Env - @{4 RCVD 2} Message(Share)
inp.4 << 19:07:02.345 [main] INFO Env - @{4 LOCKED}
out.4 >> unlock
inp.4 << 19:07:02.346 [main] INFO Env - @{4 UNLOCKED}
out.1 >> ping
out.2 >> ping
out.3 >> ping
out.4 >> ping
out.5 >> ping
inp.1 << 19:07:02.346 [main] INFO Env - @{1 PONG}
inp.5 << 19:07:02.347 [main] INFO Env - @{5 PONG}
inp.3 << 19:07:02.347 [main] INFO Env - @{3 PONG}
inp.2 << 19:07:02.347 [main] INFO Env - @{2 PONG}
inp.4 << 19:07:02.347 [main] INFO Env - @{4 PONG}
out.5 >> lock
inp.5 << 19:07:02.347 [main] INFO Env - @{5 SEND 1} Message(Ask)
inp.5 << 19:07:02.347 [main] INFO Env - @{5 SEND 2} Message(Ask)
inp.5 << 19:07:02.347 [main] INFO Env - @{5 SEND 3} Message(Ask)
inp.1 << 19:07:02.347 [main] INFO Env - @{1 RCVD 5} Message(Ask)
inp.5 << 19:07:02.347 [main] INFO Env - @{5 SEND 4} Message(Ask)
inp.1 << 19:07:02.347 [main] INFO Env - @{1 SEND 5} Message(Share)
inp.5 << 19:07:02.348 [main] INFO Env - @{5 RCVD 1} Message(Share)
inp.3 << 19:07:02.348 [main] INFO Env - @{3 RCVD 5} Message(Ask)
inp.3 << 19:07:02.348 [main] INFO Env - @{3 SEND 5} Message(Share)
inp.5 << 19:07:02.348 [main] INFO Env - @{5 RCVD 3} Message(Share)
inp.4 << 19:07:02.348 [main] INFO Env - @{4 RCVD 5} Message(Ask)
inp.2 << 19:07:02.348 [main] INFO Env - @{2 RCVD 5} Message(Ask)
inp.2 << 19:07:02.348 [main] INFO Env - @{2 SEND 5} Message(Share)
inp.5 << 19:07:02.348 [main] INFO Env - @{5 RCVD 2} Message(Share)
inp.4 << 19:07:02.348 [main] INFO Env - @{4 SEND 5} Message(Share)
inp.5 << 19:07:02.348 [main] INFO Env - @{5 RCVD 4} Message(Share)
inp.5 << 19:07:02.348 [main] INFO Env - @{5 LOCKED}
out.5 >> unlock
inp.5 << 19:07:02.348 [main] INFO Env - @{5 UNLOCKED}
out.1 >> ping
out.2 >> ping
out.3 >> ping
out.4 >> ping
out.5 >> ping
inp.5 << 19:07:02.349 [main] INFO Env - @{5 PONG}
inp.1 << 19:07:02.349 [main] INFO Env - @{1 PONG}
inp.3 << 19:07:02.349 [main] INFO Env - @{3 PONG}
inp.2 << 19:07:02.349 [main] INFO Env - @{2 PONG}
inp.4 << 19:07:02.350 [main] INFO Env - @{4 PONG}
out.3 >> lock
out.1 >> lock
out.5 >> lock
out.2 >> lock
out.4 >> lock
inp.5 << 19:07:02.352 [main] INFO Env - @{5 LOCKED}
out.5 >> unlock
inp.1 << 19:07:02.353 [main] INFO Env - @{1 SEND 2} Message(Ask)
inp.5 << 19:07:02.354 [main] INFO Env - @{5 UNLOCKED}
inp.1 << 19:07:02.355 [main] INFO Env - @{1 SEND 3} Message(Ask)
inp.1 << 19:07:02.356 [main] INFO Env - @{1 SEND 4} Message(Ask)
inp.3 << 19:07:02.356 [main] INFO Env - @{3 SEND 4} Message(Ask)
inp.1 << 19:07:02.357 [main] INFO Env - @{1 SEND 5} Message(Ask)
inp.3 << 19:07:02.358 [main] INFO Env - @{3 SEND 5} Message(Ask)
inp.5 << 19:07:02.358 [main] INFO Env - @{5 RCVD 1} Message(Ask)
inp.5 << 19:07:02.358 [main] INFO Env - @{5 SEND 1} Message(Share)
inp.2 << 19:07:02.358 [main] INFO Env - @{2 SEND 3} Message(Ask)
inp.3 << 19:07:02.361 [main] INFO Env - @{3 RCVD 1} Message(Ask)
inp.1 << 19:07:02.361 [main] INFO Env - @{1 RCVD 5} Message(Share)
inp.5 << 19:07:02.361 [main] INFO Env - @{5 RCVD 3} Message(Ask)
inp.2 << 19:07:02.361 [main] INFO Env - @{2 SEND 4} Message(Ask)
inp.2 << 19:07:02.361 [main] INFO Env - @{2 SEND 5} Message(Ask)
inp.3 << 19:07:02.361 [main] INFO Env - @{3 SEND 1} Message(Share)
inp.5 << 19:07:02.361 [main] INFO Env - @{5 SEND 3} Message(Share)
inp.2 << 19:07:02.361 [main] INFO Env - @{2 RCVD 1} Message(Ask)
inp.2 << 19:07:02.361 [main] INFO Env - @{2 SEND 1} Message(Share)
inp.5 << 19:07:02.361 [main] INFO Env - @{5 RCVD 2} Message(Ask)
inp.5 << 19:07:02.361 [main] INFO Env - @{5 SEND 2} Message(Share)
inp.2 << 19:07:02.361 [main] INFO Env - @{2 SEND 1} Message(Ask)
inp.3 << 19:07:02.361 [main] INFO Env - @{3 SEND 1} Message(Ask)
inp.1 << 19:07:02.361 [main] INFO Env - @{1 RCVD 3} Message(Share)
inp.3 << 19:07:02.361 [main] INFO Env - @{3 RCVD 2} Message(Ask)
inp.3 << 19:07:02.361 [main] INFO Env - @{3 SEND 2} Message(Share)
inp.1 << 19:07:02.361 [main] INFO Env - @{1 RCVD 2} Message(Share)
inp.1 << 19:07:02.361 [main] INFO Env - @{1 RCVD 2} Message(Ask)
inp.1 << 19:07:02.361 [main] INFO Env - @{1 RCVD 3} Message(Ask)
inp.3 << 19:07:02.361 [main] INFO Env - @{3 SEND 2} Message(Ask)
inp.3 << 19:07:02.361 [main] INFO Env - @{3 RCVD 5} Message(Share)
inp.4 << 19:07:02.361 [main] INFO Env - @{4 SEND 5} Message(Ask)
inp.4 << 19:07:02.361 [main] INFO Env - @{4 RCVD 1} Message(Ask)
inp.4 << 19:07:02.361 [main] INFO Env - @{4 SEND 1} Message(Share)
inp.4 << 19:07:02.362 [main] INFO Env - @{4 SEND 1} Message(Ask)
inp.4 << 19:07:02.362 [main] INFO Env - @{4 RCVD 3} Message(Ask)
inp.5 << 19:07:02.362 [main] INFO Env - @{5 RCVD 4} Message(Ask)
inp.5 << 19:07:02.362 [main] INFO Env - @{5 SEND 4} Message(Share)
inp.1 << 19:07:02.362 [main] INFO Env - @{1 RCVD 4} Message(Share)
inp.1 << 19:07:02.362 [main] INFO Env - @{1 LOCKED}
inp.1 << 19:07:02.362 [main] INFO Env - @{1 RCVD 4} Message(Ask)
inp.3 << 19:07:02.362 [main] INFO Env - @{3 RCVD 4} Message(Share)
inp.3 << 19:07:02.362 [main] INFO Env - @{3 RCVD 4} Message(Ask)
out.1 >> unlock
inp.1 << 19:07:02.362 [main] INFO Env - @{1 UNLOCKED}
inp.1 << 19:07:02.362 [main] INFO Env - @{1 SEND 2} Message(Share)
inp.1 << 19:07:02.363 [main] INFO Env - @{1 SEND 3} Message(Share)
inp.1 << 19:07:02.363 [main] INFO Env - @{1 SEND 4} Message(Share)
inp.3 << 19:07:02.363 [main] INFO Env - @{3 RCVD 1} Message(Share)
inp.2 << 19:07:02.361 [main] INFO Env - @{2 RCVD 5} Message(Share)
inp.2 << 19:07:02.361 [main] INFO Env - @{2 RCVD 3} Message(Share)
inp.2 << 19:07:02.361 [main] INFO Env - @{2 RCVD 3} Message(Ask)
inp.2 << 19:07:02.362 [main] INFO Env - @{2 RCVD 4} Message(Share)
inp.2 << 19:07:02.362 [main] INFO Env - @{2 RCVD 4} Message(Ask)
inp.4 << 19:07:02.362 [main] INFO Env - @{4 SEND 3} Message(Share)
inp.2 << 19:07:02.363 [main] INFO Env - @{2 RCVD 1} Message(Share)
inp.4 << 19:07:02.362 [main] INFO Env - @{4 SEND 3} Message(Ask)
inp.4 << 19:07:02.362 [main] INFO Env - @{4 RCVD 2} Message(Ask)
inp.4 << 19:07:02.362 [main] INFO Env - @{4 SEND 2} Message(Share)
inp.4 << 19:07:02.362 [main] INFO Env - @{4 SEND 2} Message(Ask)
inp.4 << 19:07:02.362 [main] INFO Env - @{4 RCVD 5} Message(Share)
inp.4 << 19:07:02.363 [main] INFO Env - @{4 RCVD 1} Message(Share)
inp.2 << 19:07:02.363 [main] INFO Env - @{2 LOCKED}
out.2 >> unlock
inp.2 << 19:07:02.378 [main] INFO Env - @{2 UNLOCKED}
inp.2 << 19:07:02.378 [main] INFO Env - @{2 SEND 3} Message(Share)
inp.3 << 19:07:02.378 [main] INFO Env - @{3 RCVD 2} Message(Share)
inp.3 << 19:07:02.378 [main] INFO Env - @{3 LOCKED}
inp.2 << 19:07:02.378 [main] INFO Env - @{2 SEND 4} Message(Share)
out.3 >> unlock
inp.4 << 19:07:02.378 [main] INFO Env - @{4 RCVD 2} Message(Share)
inp.3 << 19:07:02.378 [main] INFO Env - @{3 UNLOCKED}
inp.3 << 19:07:02.379 [main] INFO Env - @{3 SEND 4} Message(Share)
inp.4 << 19:07:02.379 [main] INFO Env - @{4 RCVD 3} Message(Share)
inp.4 << 19:07:02.379 [main] INFO Env - @{4 LOCKED}
out.4 >> unlock
inp.4 << 19:07:02.379 [main] INFO Env - @{4 UNLOCKED}
out.1 >> ping
out.2 >> ping
out.3 >> ping
out.4 >> ping
out.5 >> ping
inp.1 << 19:07:02.380 [main] INFO Env - @{1 PONG}
inp.5 << 19:07:02.380 [main] INFO Env - @{5 PONG}
inp.3 << 19:07:02.380 [main] INFO Env - @{3 PONG}
inp.4 << 19:07:02.380 [main] INFO Env - @{4 PONG}
inp.2 << 19:07:02.380 [main] INFO Env - @{2 PONG}
out.5 >> lock
inp.5 << 19:07:02.380 [main] INFO Env - @{5 SEND 1} Message(Ask)
inp.5 << 19:07:02.380 [main] INFO Env - @{5 SEND 2} Message(Ask)
inp.5 << 19:07:02.380 [main] INFO Env - @{5 SEND 3} Message(Ask)
inp.5 << 19:07:02.380 [main] INFO Env - @{5 SEND 4} Message(Ask)
inp.1 << 19:07:02.381 [main] INFO Env - @{1 RCVD 5} Message(Ask)
inp.1 << 19:07:02.381 [main] INFO Env - @{1 SEND 5} Message(Share)
inp.3 << 19:07:02.381 [main] INFO Env - @{3 RCVD 5} Message(Ask)
inp.2 << 19:07:02.381 [main] INFO Env - @{2 RCVD 5} Message(Ask)
inp.2 << 19:07:02.381 [main] INFO Env - @{2 SEND 5} Message(Share)
inp.3 << 19:07:02.381 [main] INFO Env - @{3 SEND 5} Message(Share)
inp.5 << 19:07:02.381 [main] INFO Env - @{5 RCVD 1} Message(Share)
inp.4 << 19:07:02.381 [main] INFO Env - @{4 RCVD 5} Message(Ask)
inp.5 << 19:07:02.381 [main] INFO Env - @{5 RCVD 2} Message(Share)
inp.5 << 19:07:02.381 [main] INFO Env - @{5 RCVD 3} Message(Share)
inp.4 << 19:07:02.381 [main] INFO Env - @{4 SEND 5} Message(Share)
inp.5 << 19:07:02.381 [main] INFO Env - @{5 RCVD 4} Message(Share)
inp.5 << 19:07:02.381 [main] INFO Env - @{5 LOCKED}
out.5 >> unlock
inp.5 << 19:07:02.381 [main] INFO Env - @{5 UNLOCKED}
out.1 >> ping
out.2 >> ping
out.3 >> ping
out.4 >> ping
out.5 >> ping
inp.5 << 19:07:02.382 [main] INFO Env - @{5 PONG}
inp.1 << 19:07:02.382 [main] INFO Env - @{1 PONG}
inp.3 << 19:07:02.382 [main] INFO Env - @{3 PONG}
inp.4 << 19:07:02.382 [main] INFO Env - @{4 PONG}
inp.2 << 19:07:02.382 [main] INFO Env - @{2 PONG}
out.5 >> lock
inp.5 << 19:07:02.383 [main] INFO Env - @{5 LOCKED}
out.5 >> unlock
inp.5 << 19:07:02.383 [main] INFO Env - @{5 UNLOCKED}
out.1 >> ping
out.2 >> ping
out.3 >> ping
out.4 >> ping
out.5 >> ping
inp.5 << 19:07:02.383 [main] INFO Env - @{5 PONG}
inp.1 << 19:07:02.383 [main] INFO Env - @{1 PONG}
inp.3 << 19:07:02.383 [main] INFO Env - @{3 PONG}
inp.2 << 19:07:02.384 [main] INFO Env - @{2 PONG}
inp.4 << 19:07:02.384 [main] INFO Env - @{4 PONG}
out.5 >> lock
inp.5 << 19:07:02.384 [main] INFO Env - @{5 LOCKED}
out.5 >> unlock
inp.5 << 19:07:02.384 [main] INFO Env - @{5 UNLOCKED}
out.1 >> ping
out.2 >> ping
out.3 >> ping
out.4 >> ping
out.5 >> ping
inp.5 << 19:07:02.385 [main] INFO Env - @{5 PONG}
inp.1 << 19:07:02.385 [main] INFO Env - @{1 PONG}
inp.3 << 19:07:02.385 [main] INFO Env - @{3 PONG}
inp.2 << 19:07:02.385 [main] INFO Env - @{2 PONG}
inp.4 << 19:07:02.385 [main] INFO Env - @{4 PONG}
out.5 >> lock
out.4 >> lock
inp.5 << 19:07:02.385 [main] INFO Env - @{5 LOCKED}
out.5 >> unlock
inp.5 << 19:07:02.386 [main] INFO Env - @{5 UNLOCKED}
inp.4 << 19:07:02.386 [main] INFO Env - @{4 SEND 5} Message(Ask)
inp.5 << 19:07:02.386 [main] INFO Env - @{5 RCVD 4} Message(Ask)
inp.5 << 19:07:02.386 [main] INFO Env - @{5 SEND 4} Message(Share)
inp.4 << 19:07:02.386 [main] INFO Env - @{4 RCVD 5} Message(Share)
inp.4 << 19:07:02.386 [main] INFO Env - @{4 LOCKED}
out.4 >> unlock
inp.4 << 19:07:02.386 [main] INFO Env - @{4 UNLOCKED}
out.1 >> ping
out.2 >> ping
out.3 >> ping
out.4 >> ping
out.5 >> ping
inp.1 << 19:07:02.386 [main] INFO Env - @{1 PONG}
inp.5 << 19:07:02.387 [main] INFO Env - @{5 PONG}
inp.3 << 19:07:02.387 [main] INFO Env - @{3 PONG}
inp.4 << 19:07:02.387 [main] INFO Env - @{4 PONG}
inp.2 << 19:07:02.387 [main] INFO Env - @{2 PONG}
out.5 >> lock
out.4 >> lock
inp.5 << 19:07:02.387 [main] INFO Env - @{5 SEND 4} Message(Ask)
inp.4 << 19:07:02.387 [main] INFO Env - @{4 LOCKED}
inp.4 << 19:07:02.387 [main] INFO Env - @{4 RCVD 5} Message(Ask)
out.4 >> unlock
inp.4 << 19:07:02.387 [main] INFO Env - @{4 UNLOCKED}
inp.4 << 19:07:02.387 [main] INFO Env - @{4 SEND 5} Message(Share)
inp.5 << 19:07:02.388 [main] INFO Env - @{5 RCVD 4} Message(Share)
inp.5 << 19:07:02.388 [main] INFO Env - @{5 LOCKED}
out.5 >> unlock
inp.5 << 19:07:02.388 [main] INFO Env - @{5 UNLOCKED}
out.1 >> ping
out.2 >> ping
out.3 >> ping
out.4 >> ping
out.5 >> ping
inp.5 << 19:07:02.388 [main] INFO Env - @{5 PONG}
inp.1 << 19:07:02.388 [main] INFO Env - @{1 PONG}
inp.3 << 19:07:02.388 [main] INFO Env - @{3 PONG}
inp.4 << 19:07:02.389 [main] INFO Env - @{4 PONG}
inp.2 << 19:07:02.389 [main] INFO Env - @{2 PONG}
out.5 >> lock
out.4 >> lock
inp.5 << 19:07:02.389 [main] INFO Env - @{5 LOCKED}
inp.4 << 19:07:02.389 [main] INFO Env - @{4 SEND 5} Message(Ask)
out.5 >> unlock
inp.5 << 19:07:02.389 [main] INFO Env - @{5 RCVD 4} Message(Ask)
inp.5 << 19:07:02.389 [main] INFO Env - @{5 UNLOCKED}
inp.5 << 19:07:02.389 [main] INFO Env - @{5 SEND 4} Message(Share)
inp.4 << 19:07:02.390 [main] INFO Env - @{4 RCVD 5} Message(Share)
inp.4 << 19:07:02.390 [main] INFO Env - @{4 LOCKED}
out.4 >> unlock
inp.4 << 19:07:02.390 [main] INFO Env - @{4 UNLOCKED}
out.1 >> ping
out.2 >> ping
out.3 >> ping
out.4 >> ping
out.5 >> ping
inp.1 << 19:07:02.390 [main] INFO Env - @{1 PONG}
inp.5 << 19:07:02.390 [main] INFO Env - @{5 PONG}
inp.3 << 19:07:02.390 [main] INFO Env - @{3 PONG}
inp.2 << 19:07:02.390 [main] INFO Env - @{2 PONG}
inp.4 << 19:07:02.391 [main] INFO Env - @{4 PONG}
out.1 >> ping
out.2 >> ping
out.3 >> ping
out.4 >> ping
out.5 >> ping
inp.5 << 19:07:02.391 [main] INFO Env - @{5 PONG}
inp.1 << 19:07:02.391 [main] INFO Env - @{1 PONG}
inp.3 << 19:07:02.391 [main] INFO Env - @{3 PONG}
inp.2 << 19:07:02.391 [main] INFO Env - @{2 PONG}
inp.4 << 19:07:02.392 [main] INFO Env - @{4 PONG}
out.1 >> lock
inp.1 << 19:07:02.392 [main] INFO Env - @{1 SEND 2} Message(Ask)
inp.1 << 19:07:02.392 [main] INFO Env - @{1 SEND 3} Message(Ask)
inp.1 << 19:07:02.392 [main] INFO Env - @{1 SEND 4} Message(Ask)
inp.3 << 19:07:02.392 [main] INFO Env - @{3 RCVD 1} Message(Ask)
inp.1 << 19:07:02.392 [main] INFO Env - @{1 SEND 5} Message(Ask)
inp.3 << 19:07:02.392 [main] INFO Env - @{3 SEND 1} Message(Share)
inp.2 << 19:07:02.392 [main] INFO Env - @{2 RCVD 1} Message(Ask)
inp.1 << 19:07:02.392 [main] INFO Env - @{1 RCVD 3} Message(Share)
inp.5 << 19:07:02.392 [main] INFO Env - @{5 RCVD 1} Message(Ask)
inp.2 << 19:07:02.393 [main] INFO Env - @{2 SEND 1} Message(Share)
inp.5 << 19:07:02.393 [main] INFO Env - @{5 SEND 1} Message(Share)
inp.1 << 19:07:02.393 [main] INFO Env - @{1 RCVD 2} Message(Share)
inp.1 << 19:07:02.393 [main] INFO Env - @{1 RCVD 5} Message(Share)
inp.4 << 19:07:02.393 [main] INFO Env - @{4 RCVD 1} Message(Ask)
inp.4 << 19:07:02.393 [main] INFO Env - @{4 SEND 1} Message(Share)
inp.1 << 19:07:02.393 [main] INFO Env - @{1 RCVD 4} Message(Share)
inp.1 << 19:07:02.393 [main] INFO Env - @{1 LOCKED}
out.1 >> unlock
inp.1 << 19:07:02.393 [main] INFO Env - @{1 UNLOCKED}
out.1 >> ping
out.2 >> ping
out.3 >> ping
out.4 >> ping
out.5 >> ping
inp.1 << 19:07:02.394 [main] INFO Env - @{1 PONG}
inp.5 << 19:07:02.394 [main] INFO Env - @{5 PONG}
inp.3 << 19:07:02.394 [main] INFO Env - @{3 PONG}
inp.2 << 19:07:02.394 [main] INFO Env - @{2 PONG}
inp.4 << 19:07:02.394 [main] INFO Env - @{4 PONG}
out.2 >> lock
inp.2 << 19:07:02.394 [main] INFO Env - @{2 SEND 1} Message(Ask)
inp.2 << 19:07:02.394 [main] INFO Env - @{2 SEND 3} Message(Ask)
inp.1 << 19:07:02.394 [main] INFO Env - @{1 RCVD 2} Message(Ask)
inp.1 << 19:07:02.395 [main] INFO Env - @{1 SEND 2} Message(Share)
inp.2 << 19:07:02.395 [main] INFO Env - @{2 SEND 4} Message(Ask)
inp.2 << 19:07:02.395 [main] INFO Env - @{2 SEND 5} Message(Ask)
inp.3 << 19:07:02.395 [main] INFO Env - @{3 RCVD 2} Message(Ask)
inp.4 << 19:07:02.395 [main] INFO Env - @{4 RCVD 2} Message(Ask)
inp.5 << 19:07:02.395 [main] INFO Env - @{5 RCVD 2} Message(Ask)
inp.5 << 19:07:02.395 [main] INFO Env - @{5 SEND 2} Message(Share)
inp.3 << 19:07:02.395 [main] INFO Env - @{3 SEND 2} Message(Share)
inp.4 << 19:07:02.395 [main] INFO Env - @{4 SEND 2} Message(Share)
inp.2 << 19:07:02.395 [main] INFO Env - @{2 RCVD 1} Message(Share)
inp.2 << 19:07:02.395 [main] INFO Env - @{2 RCVD 3} Message(Share)
inp.2 << 19:07:02.395 [main] INFO Env - @{2 RCVD 5} Message(Share)
inp.2 << 19:07:02.395 [main] INFO Env - @{2 RCVD 4} Message(Share)
inp.2 << 19:07:02.395 [main] INFO Env - @{2 LOCKED}
out.2 >> unlock
inp.2 << 19:07:02.395 [main] INFO Env - @{2 UNLOCKED}
out.1 >> ping
out.2 >> ping
out.3 >> ping
out.4 >> ping
out.5 >> ping
inp.5 << 19:07:02.396 [main] INFO Env - @{5 PONG}
inp.1 << 19:07:02.396 [main] INFO Env - @{1 PONG}
inp.3 << 19:07:02.397 [main] INFO Env - @{3 PONG}
inp.4 << 19:07:02.397 [main] INFO Env - @{4 PONG}
inp.2 << 19:07:02.397 [main] INFO Env - @{2 PONG}
out.3 >> lock
inp.3 << 19:07:02.398 [main] INFO Env - @{3 SEND 1} Message(Ask)
inp.1 << 19:07:02.399 [main] INFO Env - @{1 RCVD 3} Message(Ask)
inp.1 << 19:07:02.399 [main] INFO Env - @{1 SEND 3} Message(Share)
inp.3 << 19:07:02.399 [main] INFO Env - @{3 SEND 2} Message(Ask)
inp.3 << 19:07:02.400 [main] INFO Env - @{3 SEND 4} Message(Ask)
inp.3 << 19:07:02.400 [main] INFO Env - @{3 SEND 5} Message(Ask)
inp.5 << 19:07:02.400 [main] INFO Env - @{5 RCVD 3} Message(Ask)
inp.5 << 19:07:02.400 [main] INFO Env - @{5 SEND 3} Message(Share)
inp.3 << 19:07:02.400 [main] INFO Env - @{3 RCVD 1} Message(Share)
inp.3 << 19:07:02.400 [main] INFO Env - @{3 RCVD 5} Message(Share)
inp.2 << 19:07:02.401 [main] INFO Env - @{2 RCVD 3} Message(Ask)
inp.2 << 19:07:02.401 [main] INFO Env - @{2 SEND 3} Message(Share)
inp.3 << 19:07:02.401 [main] INFO Env - @{3 RCVD 2} Message(Share)
inp.4 << 19:07:02.401 [main] INFO Env - @{4 RCVD 3} Message(Ask)
inp.4 << 19:07:02.401 [main] INFO Env - @{4 SEND 3} Message(Share)
inp.3 << 19:07:02.401 [main] INFO Env - @{3 RCVD 4} Message(Share)
inp.3 << 19:07:02.401 [main] INFO Env - @{3 LOCKED}
out.3 >> unlock
inp.3 << 19:07:02.401 [main] INFO Env - @{3 UNLOCKED}
out.1 >> ping
out.2 >> ping
out.3 >> ping
out.4 >> ping
out.5 >> ping
inp.5 << 19:07:02.402 [main] INFO Env - @{5 PONG}
inp.1 << 19:07:02.402 [main] INFO Env - @{1 PONG}
inp.3 << 19:07:02.402 [main] INFO Env - @{3 PONG}
inp.2 << 19:07:02.402 [main] INFO Env - @{2 PONG}
inp.4 << 19:07:02.403 [main] INFO Env - @{4 PONG}
out.4 >> lock
inp.4 << 19:07:02.403 [main] INFO Env - @{4 SEND 1} Message(Ask)
inp.4 << 19:07:02.403 [main] INFO Env - @{4 SEND 2} Message(Ask)
inp.4 << 19:07:02.403 [main] INFO Env - @{4 SEND 3} Message(Ask)
inp.1 << 19:07:02.403 [main] INFO Env - @{1 RCVD 4} Message(Ask)
inp.1 << 19:07:02.403 [main] INFO Env - @{1 SEND 4} Message(Share)
inp.3 << 19:07:02.403 [main] INFO Env - @{3 RCVD 4} Message(Ask)
inp.3 << 19:07:02.403 [main] INFO Env - @{3 SEND 4} Message(Share)
inp.4 << 19:07:02.403 [main] INFO Env - @{4 RCVD 1} Message(Share)
inp.2 << 19:07:02.403 [main] INFO Env - @{2 RCVD 4} Message(Ask)
inp.4 << 19:07:02.403 [main] INFO Env - @{4 RCVD 3} Message(Share)
inp.2 << 19:07:02.403 [main] INFO Env - @{2 SEND 4} Message(Share)
inp.4 << 19:07:02.404 [main] INFO Env - @{4 RCVD 2} Message(Share)
inp.4 << 19:07:02.404 [main] INFO Env - @{4 LOCKED}
out.4 >> unlock
inp.4 << 19:07:02.404 [main] INFO Env - @{4 UNLOCKED}
out.1 >> ping
out.2 >> ping
out.3 >> ping
out.4 >> ping
out.5 >> ping
inp.5 << 19:07:02.404 [main] INFO Env - @{5 PONG}
inp.1 << 19:07:02.405 [main] INFO Env - @{1 PONG}
inp.3 << 19:07:02.405 [main] INFO Env - @{3 PONG}
inp.2 << 19:07:02.405 [main] INFO Env - @{2 PONG}
inp.4 << 19:07:02.405 [main] INFO Env - @{4 PONG}
out.5 >> lock
inp.5 << 19:07:02.405 [main] INFO Env - @{5 SEND 1} Message(Ask)
inp.5 << 19:07:02.405 [main] INFO Env - @{5 SEND 2} Message(Ask)
inp.5 << 19:07:02.406 [main] INFO Env - @{5 SEND 3} Message(Ask)
inp.5 << 19:07:02.406 [main] INFO Env - @{5 SEND 4} Message(Ask)
inp.1 << 19:07:02.406 [main] INFO Env - @{1 RCVD 5} Message(Ask)
inp.3 << 19:07:02.406 [main] INFO Env - @{3 RCVD 5} Message(Ask)
inp.5 << 19:07:02.406 [main] INFO Env - @{5 RCVD 1} Message(Share)
inp.3 << 19:07:02.406 [main] INFO Env - @{3 SEND 5} Message(Share)
inp.5 << 19:07:02.406 [main] INFO Env - @{5 RCVD 3} Message(Share)
inp.2 << 19:07:02.407 [main] INFO Env - @{2 RCVD 5} Message(Ask)
inp.2 << 19:07:02.407 [main] INFO Env - @{2 SEND 5} Message(Share)
inp.1 << 19:07:02.406 [main] INFO Env - @{1 SEND 5} Message(Share)
inp.5 << 19:07:02.407 [main] INFO Env - @{5 RCVD 2} Message(Share)
inp.4 << 19:07:02.407 [main] INFO Env - @{4 RCVD 5} Message(Ask)
inp.4 << 19:07:02.407 [main] INFO Env - @{4 SEND 5} Message(Share)
inp.5 << 19:07:02.407 [main] INFO Env - @{5 RCVD 4} Message(Share)
inp.5 << 19:07:02.407 [main] INFO Env - @{5 LOCKED}
out.5 >> unlock
inp.5 << 19:07:02.407 [main] INFO Env - @{5 UNLOCKED}
out.1 >> ping
out.2 >> ping
out.3 >> ping
out.4 >> ping
out.5 >> ping
inp.5 << 19:07:02.408 [main] INFO Env - @{5 PONG}
inp.1 << 19:07:02.408 [main] INFO Env - @{1 PONG}
inp.3 << 19:07:02.408 [main] INFO Env - @{3 PONG}
inp.2 << 19:07:02.409 [main] INFO Env - @{2 PONG}
inp.4 << 19:07:02.409 [main] INFO Env - @{4 PONG}
out.4 >> lock
out.5 >> lock
out.1 >> lock
out.3 >> lock
out.2 >> lock
inp.5 << 19:07:02.410 [main] INFO Env - @{5 LOCKED}
inp.1 << 19:07:02.410 [main] INFO Env - @{1 SEND 2} Message(Ask)
out.5 >> unlock
inp.5 << 19:07:02.410 [main] INFO Env - @{5 UNLOCKED}
inp.1 << 19:07:02.410 [main] INFO Env - @{1 SEND 3} Message(Ask)
inp.1 << 19:07:02.410 [main] INFO Env - @{1 SEND 4} Message(Ask)
inp.1 << 19:07:02.410 [main] INFO Env - @{1 SEND 5} Message(Ask)
inp.5 << 19:07:02.410 [main] INFO Env - @{5 RCVD 1} Message(Ask)
inp.3 << 19:07:02.410 [main] INFO Env - @{3 SEND 4} Message(Ask)
inp.5 << 19:07:02.410 [main] INFO Env - @{5 SEND 1} Message(Share)
inp.1 << 19:07:02.411 [main] INFO Env - @{1 RCVD 5} Message(Share)
inp.3 << 19:07:02.411 [main] INFO Env - @{3 SEND 5} Message(Ask)
inp.3 << 19:07:02.411 [main] INFO Env - @{3 RCVD 1} Message(Ask)
inp.5 << 19:07:02.411 [main] INFO Env - @{5 RCVD 3} Message(Ask)
inp.3 << 19:07:02.411 [main] INFO Env - @{3 SEND 1} Message(Share)
inp.5 << 19:07:02.411 [main] INFO Env - @{5 SEND 3} Message(Share)
inp.3 << 19:07:02.411 [main] INFO Env - @{3 SEND 1} Message(Ask)
inp.1 << 19:07:02.411 [main] INFO Env - @{1 RCVD 3} Message(Share)
inp.3 << 19:07:02.411 [main] INFO Env - @{3 RCVD 5} Message(Share)
inp.1 << 19:07:02.411 [main] INFO Env - @{1 RCVD 3} Message(Ask)
inp.4 << 19:07:02.411 [main] INFO Env - @{4 SEND 5} Message(Ask)
inp.2 << 19:07:02.411 [main] INFO Env - @{2 SEND 3} Message(Ask)
inp.4 << 19:07:02.411 [main] INFO Env - @{4 RCVD 1} Message(Ask)
inp.4 << 19:07:02.411 [main] INFO Env - @{4 SEND 1} Message(Share)
inp.5 << 19:07:02.412 [main] INFO Env - @{5 RCVD 4} Message(Ask)
inp.4 << 19:07:02.412 [main] INFO Env - @{4 SEND 1} Message(Ask)
inp.1 << 19:07:02.412 [main] INFO Env - @{1 RCVD 4} Message(Share)
inp.1 << 19:07:02.412 [main] INFO Env - @{1 RCVD 4} Message(Ask)
inp.4 << 19:07:02.412 [main] INFO Env - @{4 RCVD 3} Message(Ask)
inp.5 << 19:07:02.412 [main] INFO Env - @{5 SEND 4} Message(Share)
inp.4 << 19:07:02.412 [main] INFO Env - @{4 SEND 3} Message(Share)
inp.3 << 19:07:02.412 [main] INFO Env - @{3 RCVD 2} Message(Ask)
inp.3 << 19:07:02.412 [main] INFO Env - @{3 SEND 2} Message(Share)
inp.2 << 19:07:02.412 [main] INFO Env - @{2 SEND 4} Message(Ask)
inp.3 << 19:07:02.412 [main] INFO Env - @{3 SEND 2} Message(Ask)
inp.3 << 19:07:02.412 [main] INFO Env - @{3 RCVD 4} Message(Share)
inp.2 << 19:07:02.412 [main] INFO Env - @{2 SEND 5} Message(Ask)
inp.2 << 19:07:02.412 [main] INFO Env - @{2 RCVD 1} Message(Ask)
inp.5 << 19:07:02.412 [main] INFO Env - @{5 RCVD 2} Message(Ask)
inp.5 << 19:07:02.413 [main] INFO Env - @{5 SEND 2} Message(Share)
inp.2 << 19:07:02.412 [main] INFO Env - @{2 SEND 1} Message(Share)
inp.2 << 19:07:02.413 [main] INFO Env - @{2 SEND 1} Message(Ask)
inp.1 << 19:07:02.413 [main] INFO Env - @{1 RCVD 2} Message(Share)
inp.1 << 19:07:02.413 [main] INFO Env - @{1 LOCKED}
inp.1 << 19:07:02.413 [main] INFO Env - @{1 RCVD 2} Message(Ask)
out.1 >> unlock
inp.2 << 19:07:02.413 [main] INFO Env - @{2 RCVD 3} Message(Share)
inp.2 << 19:07:02.413 [main] INFO Env - @{2 RCVD 3} Message(Ask)
inp.2 << 19:07:02.413 [main] INFO Env - @{2 RCVD 5} Message(Share)
inp.1 << 19:07:02.413 [main] INFO Env - @{1 UNLOCKED}
inp.1 << 19:07:02.413 [main] INFO Env - @{1 SEND 2} Message(Share)
inp.1 << 19:07:02.413 [main] INFO Env - @{1 SEND 3} Message(Share)
inp.1 << 19:07:02.413 [main] INFO Env - @{1 SEND 4} Message(Share)
inp.3 << 19:07:02.413 [main] INFO Env - @{3 RCVD 1} Message(Share)
inp.2 << 19:07:02.413 [main] INFO Env - @{2 RCVD 1} Message(Share)
inp.4 << 19:07:02.413 [main] INFO Env - @{4 SEND 3} Message(Ask)
inp.3 << 19:07:02.413 [main] INFO Env - @{3 RCVD 4} Message(Ask)
inp.4 << 19:07:02.413 [main] INFO Env - @{4 RCVD 5} Message(Share)
inp.4 << 19:07:02.414 [main] INFO Env - @{4 RCVD 2} Message(Ask)
inp.4 << 19:07:02.414 [main] INFO Env - @{4 SEND 2} Message(Share)
inp.4 << 19:07:02.414 [main] INFO Env - @{4 SEND 2} Message(Ask)
inp.4 << 19:07:02.414 [main] INFO Env - @{4 RCVD 1} Message(Share)
inp.2 << 19:07:02.414 [main] INFO Env - @{2 RCVD 4} Message(Share)
inp.2 << 19:07:02.414 [main] INFO Env - @{2 LOCKED}
inp.2 << 19:07:02.414 [main] INFO Env - @{2 RCVD 4} Message(Ask)
out.2 >> unlock
inp.2 << 19:07:02.414 [main] INFO Env - @{2 UNLOCKED}
inp.2 << 19:07:02.414 [main] INFO Env - @{2 SEND 3} Message(Share)
inp.2 << 19:07:02.414 [main] INFO Env - @{2 SEND 4} Message(Share)
inp.3 << 19:07:02.414 [main] INFO Env - @{3 RCVD 2} Message(Share)
inp.3 << 19:07:02.414 [main] INFO Env - @{3 LOCKED}
inp.4 << 19:07:02.414 [main] INFO Env - @{4 RCVD 2} Message(Share)
out.3 >> unlock
inp.3 << 19:07:02.415 [main] INFO Env - @{3 UNLOCKED}
inp.3 << 19:07:02.415 [main] INFO Env - @{3 SEND 4} Message(Share)
inp.4 << 19:07:02.415 [main] INFO Env - @{4 RCVD 3} Message(Share)
inp.4 << 19:07:02.415 [main] INFO Env - @{4 LOCKED}
out.4 >> unlock
inp.4 << 19:07:02.415 [main] INFO Env - @{4 UNLOCKED}
out.1 >> ping
out.2 >> ping
out.3 >> ping
out.4 >> ping
out.5 >> ping
inp.5 << 19:07:02.416 [main] INFO Env - @{5 PONG}
inp.1 << 19:07:02.416 [main] INFO Env - @{1 PONG}
inp.3 << 19:07:02.416 [main] INFO Env - @{3 PONG}
inp.4 << 19:07:02.417 [main] INFO Env - @{4 PONG}
inp.2 << 19:07:02.417 [main] INFO Env - @{2 PONG}
out.3 >> lock
inp.3 << 19:07:02.417 [main] INFO Env - @{3 SEND 4} Message(Ask)
inp.4 << 19:07:02.417 [main] INFO Env - @{4 RCVD 3} Message(Ask)
inp.4 << 19:07:02.417 [main] INFO Env - @{4 SEND 3} Message(Share)
inp.3 << 19:07:02.417 [main] INFO Env - @{3 RCVD 4} Message(Share)
inp.3 << 19:07:02.417 [main] INFO Env - @{3 LOCKED}
out.3 >> unlock
inp.3 << 19:07:02.418 [main] INFO Env - @{3 UNLOCKED}
out.1 >> ping
out.2 >> ping
out.3 >> ping
out.4 >> ping
out.5 >> ping
inp.5 << 19:07:02.418 [main] INFO Env - @{5 PONG}
inp.1 << 19:07:02.418 [main] INFO Env - @{1 PONG}
inp.3 << 19:07:02.418 [main] INFO Env - @{3 PONG}
inp.2 << 19:07:02.418 [main] INFO Env - @{2 PONG}
inp.4 << 19:07:02.418 [main] INFO Env - @{4 PONG}
out.3 >> lock
inp.3 << 19:07:02.418 [main] INFO Env - @{3 LOCKED}
out.3 >> unlock
inp.3 << 19:07:02.419 [main] INFO Env - @{3 UNLOCKED}
out.1 >> ping
out.2 >> ping
out.3 >> ping
out.4 >> ping
out.5 >> ping
inp.5 << 19:07:02.419 [main] INFO Env - @{5 PONG}
inp.1 << 19:07:02.419 [main] INFO Env - @{1 PONG}
inp.3 << 19:07:02.419 [main] INFO Env - @{3 PONG}
inp.2 << 19:07:02.419 [main] INFO Env - @{2 PONG}
inp.4 << 19:07:02.419 [main] INFO Env - @{4 PONG}
out.3 >> lock
inp.3 << 19:07:02.419 [main] INFO Env - @{3 LOCKED}
out.3 >> unlock
inp.3 << 19:07:02.419 [main] INFO Env - @{3 UNLOCKED}
out.1 >> ping
out.2 >> ping
out.3 >> ping
out.4 >> ping
out.5 >> ping
inp.5 << 19:07:02.420 [main] INFO Env - @{5 PONG}
inp.1 << 19:07:02.420 [main] INFO Env - @{1 PONG}
inp.3 << 19:07:02.420 [main] INFO Env - @{3 PONG}
inp.2 << 19:07:02.420 [main] INFO Env - @{2 PONG}
inp.4 << 19:07:02.420 [main] INFO Env - @{4 PONG}
out.3 >> lock
out.4 >> lock
inp.3 << 19:07:02.421 [main] INFO Env - @{3 LOCKED}
out.3 >> unlock
inp.3 << 19:07:02.422 [main] INFO Env - @{3 UNLOCKED}
inp.4 << 19:07:02.422 [main] INFO Env - @{4 SEND 3} Message(Ask)
inp.3 << 19:07:02.423 [main] INFO Env - @{3 RCVD 4} Message(Ask)
inp.3 << 19:07:02.423 [main] INFO Env - @{3 SEND 4} Message(Share)
inp.4 << 19:07:02.423 [main] INFO Env - @{4 RCVD 3} Message(Share)
inp.4 << 19:07:02.423 [main] INFO Env - @{4 LOCKED}
out.4 >> unlock
inp.4 << 19:07:02.423 [main] INFO Env - @{4 UNLOCKED}
out.1 >> ping
out.2 >> ping
out.3 >> ping
out.4 >> ping
out.5 >> ping
inp.5 << 19:07:02.424 [main] INFO Env - @{5 PONG}
inp.1 << 19:07:02.424 [main] INFO Env - @{1 PONG}
inp.3 << 19:07:02.424 [main] INFO Env - @{3 PONG}
inp.2 << 19:07:02.425 [main] INFO Env - @{2 PONG}
inp.4 << 19:07:02.425 [main] INFO Env - @{4 PONG}
out.3 >> lock
out.4 >> lock
inp.3 << 19:07:02.425 [main] INFO Env - @{3 SEND 4} Message(Ask)
inp.4 << 19:07:02.425 [main] INFO Env - @{4 LOCKED}
out.4 >> unlock
inp.4 << 19:07:02.426 [main] INFO Env - @{4 RCVD 3} Message(Ask)
inp.4 << 19:07:02.426 [main] INFO Env - @{4 UNLOCKED}
inp.4 << 19:07:02.426 [main] INFO Env - @{4 SEND 3} Message(Share)
inp.3 << 19:07:02.426 [main] INFO Env - @{3 RCVD 4} Message(Share)
inp.3 << 19:07:02.426 [main] INFO Env - @{3 LOCKED}
out.3 >> unlock
inp.3 << 19:07:02.426 [main] INFO Env - @{3 UNLOCKED}
out.1 >> ping
out.2 >> ping
out.3 >> ping
out.4 >> ping
out.5 >> ping
inp.1 << 19:07:02.427 [main] INFO Env - @{1 PONG}
inp.5 << 19:07:02.427 [main] INFO Env - @{5 PONG}
inp.2 << 19:07:02.427 [main] INFO Env - @{2 PONG}
inp.4 << 19:07:02.427 [main] INFO Env - @{4 PONG}
inp.3 << 19:07:02.427 [main] INFO Env - @{3 PONG}
out.3 >> lock
out.4 >> lock
inp.3 << 19:07:02.427 [main] INFO Env - @{3 LOCKED}
out.3 >> unlock
inp.4 << 19:07:02.427 [main] INFO Env - @{4 SEND 3} Message(Ask)
inp.3 << 19:07:02.427 [main] INFO Env - @{3 UNLOCKED}
inp.3 << 19:07:02.427 [main] INFO Env - @{3 RCVD 4} Message(Ask)
inp.3 << 19:07:02.427 [main] INFO Env - @{3 SEND 4} Message(Share)
inp.4 << 19:07:02.427 [main] INFO Env - @{4 RCVD 3} Message(Share)
inp.4 << 19:07:02.427 [main] INFO Env - @{4 LOCKED}
out.4 >> unlock
inp.4 << 19:07:02.428 [main] INFO Env - @{4 UNLOCKED}
out.1 >> ping
out.2 >> ping
out.3 >> ping
out.4 >> ping
out.5 >> ping
inp.5 << 19:07:02.428 [main] INFO Env - @{5 PONG}
inp.1 << 19:07:02.428 [main] INFO Env - @{1 PONG}
inp.3 << 19:07:02.428 [main] INFO Env - @{3 PONG}
inp.2 << 19:07:02.428 [main] INFO Env - @{2 PONG}
inp.4 << 19:07:02.428 [main] INFO Env - @{4 PONG}
out.1 >> ping
out.2 >> ping
out.3 >> ping
out.4 >> ping
out.5 >> ping
inp.1 << 19:07:02.429 [main] INFO Env - @{1 PONG}
inp.5 << 19:07:02.429 [main] INFO Env - @{5 PONG}
inp.3 << 19:07:02.429 [main] INFO Env - @{3 PONG}
inp.2 << 19:07:02.429 [main] INFO Env - @{2 PONG}
inp.4 << 19:07:02.429 [main] INFO Env - @{4 PONG}
out.1 >> lock
inp.1 << 19:07:02.429 [main] INFO Env - @{1 SEND 2} Message(Ask)
inp.1 << 19:07:02.430 [main] INFO Env - @{1 SEND 3} Message(Ask)
inp.1 << 19:07:02.431 [main] INFO Env - @{1 SEND 4} Message(Ask)
inp.3 << 19:07:02.432 [main] INFO Env - @{3 RCVD 1} Message(Ask)
inp.3 << 19:07:02.432 [main] INFO Env - @{3 SEND 1} Message(Share)
inp.2 << 19:07:02.432 [main] INFO Env - @{2 RCVD 1} Message(Ask)
inp.2 << 19:07:02.432 [main] INFO Env - @{2 SEND 1} Message(Share)
inp.1 << 19:07:02.433 [main] INFO Env - @{1 RCVD 3} Message(Share)
inp.1 << 19:07:02.435 [main] INFO Env - @{1 RCVD 2} Message(Share)
inp.4 << 19:07:02.436 [main] INFO Env - @{4 RCVD 1} Message(Ask)
inp.4 << 19:07:02.437 [main] INFO Env - @{4 SEND 1} Message(Share)
inp.1 << 19:07:02.437 [main] INFO Env - @{1 RCVD 4} Message(Share)
inp.1 << 19:07:02.437 [main] INFO Env - @{1 LOCKED}
out.1 >> unlock
inp.1 << 19:07:02.438 [main] INFO Env - @{1 UNLOCKED}
out.1 >> ping
out.2 >> ping
out.3 >> ping
out.4 >> ping
out.5 >> ping
inp.5 << 19:07:02.440 [main] INFO Env - @{5 PONG}
inp.1 << 19:07:02.440 [main] INFO Env - @{1 PONG}
inp.3 << 19:07:02.441 [main] INFO Env - @{3 PONG}
inp.2 << 19:07:02.442 [main] INFO Env - @{2 PONG}
inp.4 << 19:07:02.442 [main] INFO Env - @{4 PONG}
out.2 >> lock
inp.2 << 19:07:02.443 [main] INFO Env - @{2 SEND 1} Message(Ask)
inp.1 << 19:07:02.444 [main] INFO Env - @{1 RCVD 2} Message(Ask)
inp.2 << 19:07:02.444 [main] INFO Env - @{2 SEND 3} Message(Ask)
inp.1 << 19:07:02.444 [main] INFO Env - @{1 SEND 2} Message(Share)
inp.2 << 19:07:02.444 [main] INFO Env - @{2 SEND 4} Message(Ask)
inp.3 << 19:07:02.445 [main] INFO Env - @{3 RCVD 2} Message(Ask)
inp.3 << 19:07:02.445 [main] INFO Env - @{3 SEND 2} Message(Share)
inp.2 << 19:07:02.445 [main] INFO Env - @{2 RCVD 1} Message(Share)
inp.2 << 19:07:02.445 [main] INFO Env - @{2 RCVD 3} Message(Share)
inp.4 << 19:07:02.445 [main] INFO Env - @{4 RCVD 2} Message(Ask)
inp.4 << 19:07:02.446 [main] INFO Env - @{4 SEND 2} Message(Share)
inp.2 << 19:07:02.446 [main] INFO Env - @{2 RCVD 4} Message(Share)
inp.2 << 19:07:02.446 [main] INFO Env - @{2 LOCKED}
out.2 >> unlock
inp.2 << 19:07:02.446 [main] INFO Env - @{2 UNLOCKED}
out.1 >> ping
out.2 >> ping
out.3 >> ping
out.4 >> ping
out.5 >> ping
inp.5 << 19:07:02.447 [main] INFO Env - @{5 PONG}
inp.1 << 19:07:02.447 [main] INFO Env - @{1 PONG}
inp.3 << 19:07:02.447 [main] INFO Env - @{3 PONG}
inp.2 << 19:07:02.447 [main] INFO Env - @{2 PONG}
inp.4 << 19:07:02.448 [main] INFO Env - @{4 PONG}
out.3 >> lock
inp.3 << 19:07:02.448 [main] INFO Env - @{3 SEND 1} Message(Ask)
inp.3 << 19:07:02.448 [main] INFO Env - @{3 SEND 2} Message(Ask)
inp.3 << 19:07:02.448 [main] INFO Env - @{3 SEND 4} Message(Ask)
inp.1 << 19:07:02.449 [main] INFO Env - @{1 RCVD 3} Message(Ask)
inp.1 << 19:07:02.449 [main] INFO Env - @{1 SEND 3} Message(Share)
inp.3 << 19:07:02.449 [main] INFO Env - @{3 RCVD 1} Message(Share)
inp.4 << 19:07:02.449 [main] INFO Env - @{4 RCVD 3} Message(Ask)
inp.4 << 19:07:02.449 [main] INFO Env - @{4 SEND 3} Message(Share)
inp.2 << 19:07:02.449 [main] INFO Env - @{2 RCVD 3} Message(Ask)
inp.2 << 19:07:02.450 [main] INFO Env - @{2 SEND 3} Message(Share)
inp.3 << 19:07:02.450 [main] INFO Env - @{3 RCVD 4} Message(Share)
inp.3 << 19:07:02.450 [main] INFO Env - @{3 RCVD 2} Message(Share)
inp.3 << 19:07:02.450 [main] INFO Env - @{3 LOCKED}
out.3 >> unlock
inp.3 << 19:07:02.450 [main] INFO Env - @{3 UNLOCKED}
out.1 >> ping
out.2 >> ping
out.3 >> ping
out.4 >> ping
out.5 >> ping
inp.5 << 19:07:02.450 [main] INFO Env - @{5 PONG}
inp.1 << 19:07:02.450 [main] INFO Env - @{1 PONG}
inp.3 << 19:07:02.450 [main] INFO Env - @{3 PONG}
inp.2 << 19:07:02.450 [main] INFO Env - @{2 PONG}
inp.4 << 19:07:02.450 [main] INFO Env - @{4 PONG}
out.4 >> lock
inp.4 << 19:07:02.451 [main] INFO Env - @{4 SEND 1} Message(Ask)
inp.4 << 19:07:02.451 [main] INFO Env - @{4 SEND 2} Message(Ask)
inp.1 << 19:07:02.451 [main] INFO Env - @{1 RCVD 4} Message(Ask)
inp.1 << 19:07:02.451 [main] INFO Env - @{1 SEND 4} Message(Share)
inp.4 << 19:07:02.451 [main] INFO Env - @{4 SEND 3} Message(Ask)
inp.4 << 19:07:02.451 [main] INFO Env - @{4 RCVD 1} Message(Share)
inp.3 << 19:07:02.451 [main] INFO Env - @{3 RCVD 4} Message(Ask)
inp.2 << 19:07:02.451 [main] INFO Env - @{2 RCVD 4} Message(Ask)
inp.3 << 19:07:02.451 [main] INFO Env - @{3 SEND 4} Message(Share)
inp.2 << 19:07:02.451 [main] INFO Env - @{2 SEND 4} Message(Share)
inp.4 << 19:07:02.451 [main] INFO Env - @{4 RCVD 2} Message(Share)
inp.4 << 19:07:02.451 [main] INFO Env - @{4 RCVD 3} Message(Share)
inp.4 << 19:07:02.451 [main] INFO Env - @{4 LOCKED}
out.4 >> unlock
inp.4 << 19:07:02.452 [main] INFO Env - @{4 UNLOCKED}
out.1 >> ping
out.2 >> ping
out.3 >> ping
out.4 >> ping
out.5 >> ping
inp.1 << 19:07:02.452 [main] INFO Env - @{1 PONG}
inp.5 << 19:07:02.452 [main] INFO Env - @{5 PONG}
inp.3 << 19:07:02.452 [main] INFO Env - @{3 PONG}
inp.4 << 19:07:02.452 [main] INFO Env - @{4 PONG}
inp.2 << 19:07:02.452 [main] INFO Env - @{2 PONG}
out.5 >> lock
inp.5 << 19:07:02.452 [main] INFO Env - @{5 SEND 1} Message(Ask)
inp.5 << 19:07:02.452 [main] INFO Env - @{5 SEND 2} Message(Ask)
inp.5 << 19:07:02.452 [main] INFO Env - @{5 SEND 3} Message(Ask)
inp.5 << 19:07:02.453 [main] INFO Env - @{5 SEND 4} Message(Ask)
inp.1 << 19:07:02.453 [main] INFO Env - @{1 RCVD 5} Message(Ask)
inp.1 << 19:07:02.453 [main] INFO Env - @{1 SEND 5} Message(Share)
inp.3 << 19:07:02.453 [main] INFO Env - @{3 RCVD 5} Message(Ask)
inp.3 << 19:07:02.453 [main] INFO Env - @{3 SEND 5} Message(Share)
inp.5 << 19:07:02.453 [main] INFO Env - @{5 RCVD 1} Message(Share)
inp.5 << 19:07:02.453 [main] INFO Env - @{5 RCVD 3} Message(Share)
inp.4 << 19:07:02.453 [main] INFO Env - @{4 RCVD 5} Message(Ask)
inp.2 << 19:07:02.453 [main] INFO Env - @{2 RCVD 5} Message(Ask)
inp.2 << 19:07:02.453 [main] INFO Env - @{2 SEND 5} Message(Share)
inp.4 << 19:07:02.453 [main] INFO Env - @{4 SEND 5} Message(Share)
inp.5 << 19:07:02.453 [main] INFO Env - @{5 RCVD 2} Message(Share)
inp.5 << 19:07:02.453 [main] INFO Env - @{5 RCVD 4} Message(Share)
inp.5 << 19:07:02.453 [main] INFO Env - @{5 LOCKED}
out.5 >> unlock
inp.5 << 19:07:02.453 [main] INFO Env - @{5 UNLOCKED}
out.1 >> ping
out.2 >> ping
out.3 >> ping
out.4 >> ping
out.5 >> ping
inp.5 << 19:07:02.454 [main] INFO Env - @{5 PONG}
inp.1 << 19:07:02.454 [main] INFO Env - @{1 PONG}
inp.3 << 19:07:02.454 [main] INFO Env - @{3 PONG}
inp.4 << 19:07:02.454 [main] INFO Env - @{4 PONG}
inp.2 << 19:07:02.454 [main] INFO Env - @{2 PONG}
out.3 >> lock
out.2 >> lock
out.5 >> lock
out.4 >> lock
out.1 >> lock
inp.5 << 19:07:02.454 [main] INFO Env - @{5 LOCKED}
out.5 >> unlock
inp.1 << 19:07:02.454 [main] INFO Env - @{1 SEND 2} Message(Ask)
inp.5 << 19:07:02.454 [main] INFO Env - @{5 UNLOCKED}
inp.1 << 19:07:02.454 [main] INFO Env - @{1 SEND 3} Message(Ask)
inp.1 << 19:07:02.455 [main] INFO Env - @{1 SEND 4} Message(Ask)
inp.1 << 19:07:02.455 [main] INFO Env - @{1 SEND 5} Message(Ask)
inp.3 << 19:07:02.455 [main] INFO Env - @{3 SEND 4} Message(Ask)
inp.5 << 19:07:02.455 [main] INFO Env - @{5 RCVD 1} Message(Ask)
inp.5 << 19:07:02.455 [main] INFO Env - @{5 SEND 1} Message(Share)
inp.3 << 19:07:02.455 [main] INFO Env - @{3 SEND 5} Message(Ask)
inp.1 << 19:07:02.455 [main] INFO Env - @{1 RCVD 5} Message(Share)
inp.5 << 19:07:02.455 [main] INFO Env - @{5 RCVD 3} Message(Ask)
inp.3 << 19:07:02.455 [main] INFO Env - @{3 RCVD 1} Message(Ask)
inp.5 << 19:07:02.455 [main] INFO Env - @{5 SEND 3} Message(Share)
inp.3 << 19:07:02.455 [main] INFO Env - @{3 SEND 1} Message(Share)
inp.3 << 19:07:02.455 [main] INFO Env - @{3 SEND 1} Message(Ask)
inp.1 << 19:07:02.455 [main] INFO Env - @{1 RCVD 3} Message(Share)
inp.3 << 19:07:02.455 [main] INFO Env - @{3 RCVD 5} Message(Share)
inp.1 << 19:07:02.456 [main] INFO Env - @{1 RCVD 3} Message(Ask)
inp.2 << 19:07:02.456 [main] INFO Env - @{2 SEND 3} Message(Ask)
inp.4 << 19:07:02.456 [main] INFO Env - @{4 SEND 5} Message(Ask)
inp.3 << 19:07:02.456 [main] INFO Env - @{3 RCVD 2} Message(Ask)
inp.3 << 19:07:02.456 [main] INFO Env - @{3 SEND 2} Message(Share)
inp.5 << 19:07:02.456 [main] INFO Env - @{5 RCVD 4} Message(Ask)
inp.3 << 19:07:02.456 [main] INFO Env - @{3 SEND 2} Message(Ask)
inp.5 << 19:07:02.456 [main] INFO Env - @{5 SEND 4} Message(Share)
inp.4 << 19:07:02.457 [main] INFO Env - @{4 RCVD 1} Message(Ask)
inp.2 << 19:07:02.457 [main] INFO Env - @{2 SEND 4} Message(Ask)
inp.4 << 19:07:02.457 [main] INFO Env - @{4 SEND 1} Message(Share)
inp.2 << 19:07:02.457 [main] INFO Env - @{2 SEND 5} Message(Ask)
inp.5 << 19:07:02.457 [main] INFO Env - @{5 RCVD 2} Message(Ask)
inp.5 << 19:07:02.457 [main] INFO Env - @{5 SEND 2} Message(Share)
inp.1 << 19:07:02.457 [main] INFO Env - @{1 RCVD 4} Message(Share)
inp.4 << 19:07:02.457 [main] INFO Env - @{4 SEND 1} Message(Ask)
inp.4 << 19:07:02.457 [main] INFO Env - @{4 RCVD 3} Message(Ask)
inp.2 << 19:07:02.457 [main] INFO Env - @{2 RCVD 1} Message(Ask)
inp.2 << 19:07:02.457 [main] INFO Env - @{2 SEND 1} Message(Share)
inp.4 << 19:07:02.458 [main] INFO Env - @{4 SEND 3} Message(Share)
inp.1 << 19:07:02.458 [main] INFO Env - @{1 RCVD 4} Message(Ask)
inp.4 << 19:07:02.458 [main] INFO Env - @{4 SEND 3} Message(Ask)
inp.1 << 19:07:02.458 [main] INFO Env - @{1 RCVD 2} Message(Share)
inp.4 << 19:07:02.458 [main] INFO Env - @{4 RCVD 5} Message(Share)
inp.1 << 19:07:02.458 [main] INFO Env - @{1 LOCKED}
inp.4 << 19:07:02.458 [main] INFO Env - @{4 RCVD 2} Message(Ask)
inp.4 << 19:07:02.458 [main] INFO Env - @{4 SEND 2} Message(Share)
inp.2 << 19:07:02.458 [main] INFO Env - @{2 SEND 1} Message(Ask)
inp.4 << 19:07:02.458 [main] INFO Env - @{4 SEND 2} Message(Ask)
out.1 >> unlock
inp.1 << 19:07:02.458 [main] INFO Env - @{1 RCVD 2} Message(Ask)
inp.3 << 19:07:02.458 [main] INFO Env - @{3 RCVD 4} Message(Share)
inp.2 << 19:07:02.458 [main] INFO Env - @{2 RCVD 3} Message(Share)
inp.2 << 19:07:02.458 [main] INFO Env - @{2 RCVD 3} Message(Ask)
inp.2 << 19:07:02.458 [main] INFO Env - @{2 RCVD 5} Message(Share)
inp.2 << 19:07:02.458 [main] INFO Env - @{2 RCVD 4} Message(Share)
inp.3 << 19:07:02.458 [main] INFO Env - @{3 RCVD 4} Message(Ask)
inp.1 << 19:07:02.458 [main] INFO Env - @{1 UNLOCKED}
inp.2 << 19:07:02.458 [main] INFO Env - @{2 RCVD 4} Message(Ask)
inp.1 << 19:07:02.458 [main] INFO Env - @{1 SEND 2} Message(Share)
inp.1 << 19:07:02.458 [main] INFO Env - @{1 SEND 3} Message(Share)
inp.1 << 19:07:02.458 [main] INFO Env - @{1 SEND 4} Message(Share)
inp.3 << 19:07:02.458 [main] INFO Env - @{3 RCVD 1} Message(Share)
inp.2 << 19:07:02.458 [main] INFO Env - @{2 RCVD 1} Message(Share)
inp.2 << 19:07:02.458 [main] INFO Env - @{2 LOCKED}
inp.4 << 19:07:02.458 [main] INFO Env - @{4 RCVD 1} Message(Share)
out.2 >> unlock
inp.2 << 19:07:02.459 [main] INFO Env - @{2 UNLOCKED}
inp.2 << 19:07:02.459 [main] INFO Env - @{2 SEND 3} Message(Share)
inp.2 << 19:07:02.459 [main] INFO Env - @{2 SEND 4} Message(Share)
inp.3 << 19:07:02.459 [main] INFO Env - @{3 RCVD 2} Message(Share)
inp.3 << 19:07:02.459 [main] INFO Env - @{3 LOCKED}
inp.4 << 19:07:02.459 [main] INFO Env - @{4 RCVD 2} Message(Share)
out.3 >> unlock
inp.3 << 19:07:02.459 [main] INFO Env - @{3 UNLOCKED}
inp.3 << 19:07:02.459 [main] INFO Env - @{3 SEND 4} Message(Share)
inp.4 << 19:07:02.460 [main] INFO Env - @{4 RCVD 3} Message(Share)
inp.4 << 19:07:02.460 [main] INFO Env - @{4 LOCKED}
out.4 >> unlock
inp.4 << 19:07:02.460 [main] INFO Env - @{4 UNLOCKED}
out.1 >> ping
out.2 >> ping
out.3 >> ping
out.4 >> ping
out.5 >> ping
inp.1 << 19:07:02.460 [main] INFO Env - @{1 PONG}
inp.5 << 19:07:02.460 [main] INFO Env - @{5 PONG}
inp.3 << 19:07:02.461 [main] INFO Env - @{3 PONG}
inp.2 << 19:07:02.461 [main] INFO Env - @{2 PONG}
inp.4 << 19:07:02.461 [main] INFO Env - @{4 PONG}
out.3 >> lock
inp.3 << 19:07:02.461 [main] INFO Env - @{3 SEND 4} Message(Ask)
inp.4 << 19:07:02.461 [main] INFO Env - @{4 RCVD 3} Message(Ask)
inp.4 << 19:07:02.461 [main] INFO Env - @{4 SEND 3} Message(Share)
inp.3 << 19:07:02.461 [main] INFO Env - @{3 RCVD 4} Message(Share)
inp.3 << 19:07:02.462 [main] INFO Env - @{3 LOCKED}
out.3 >> unlock
inp.3 << 19:07:02.462 [main] INFO Env - @{3 UNLOCKED}
out.1 >> ping
out.2 >> ping
out.3 >> ping
out.4 >> ping
out.5 >> ping
inp.3 << 19:07:02.462 [main] INFO Env - @{3 PONG}
inp.1 << 19:07:02.462 [main] INFO Env - @{1 PONG}
inp.5 << 19:07:02.462 [main] INFO Env - @{5 PONG}
inp.2 << 19:07:02.462 [main] INFO Env - @{2 PONG}
inp.4 << 19:07:02.462 [main] INFO Env - @{4 PONG}
out.3 >> lock
inp.3 << 19:07:02.462 [main] INFO Env - @{3 LOCKED}
out.3 >> unlock
inp.3 << 19:07:02.462 [main] INFO Env - @{3 UNLOCKED}
out.1 >> ping
out.2 >> ping
out.3 >> ping
out.4 >> ping
out.5 >> ping
inp.1 << 19:07:02.463 [main] INFO Env - @{1 PONG}
inp.3 << 19:07:02.463 [main] INFO Env - @{3 PONG}
inp.5 << 19:07:02.463 [main] INFO Env - @{5 PONG}
inp.2 << 19:07:02.463 [main] INFO Env - @{2 PONG}
inp.4 << 19:07:02.463 [main] INFO Env - @{4 PONG}
out.3 >> lock
inp.3 << 19:07:02.463 [main] INFO Env - @{3 LOCKED}
out.3 >> unlock
inp.3 << 19:07:02.463 [main] INFO Env - @{3 UNLOCKED}
out.1 >> ping
out.2 >> ping
out.3 >> ping
out.4 >> ping
out.5 >> ping
inp.5 << 19:07:02.464 [main] INFO Env - @{5 PONG}
inp.1 << 19:07:02.464 [main] INFO Env - @{1 PONG}
inp.3 << 19:07:02.464 [main] INFO Env - @{3 PONG}
inp.2 << 19:07:02.464 [main] INFO Env - @{2 PONG}
inp.4 << 19:07:02.464 [main] INFO Env - @{4 PONG}
out.3 >> lock
out.1 >> lock
inp.1 << 19:07:02.465 [main] INFO Env - @{1 SEND 2} Message(Ask)
inp.3 << 19:07:02.465 [main] INFO Env - @{3 LOCKED}
out.3 >> unlock
inp.1 << 19:07:02.465 [main] INFO Env - @{1 SEND 3} Message(Ask)
inp.1 << 19:07:02.465 [main] INFO Env - @{1 SEND 4} Message(Ask)
inp.3 << 19:07:02.465 [main] INFO Env - @{3 RCVD 1} Message(Ask)
inp.3 << 19:07:02.465 [main] INFO Env - @{3 UNLOCKED}
inp.3 << 19:07:02.465 [main] INFO Env - @{3 SEND 1} Message(Share)
inp.2 << 19:07:02.465 [main] INFO Env - @{2 RCVD 1} Message(Ask)
inp.1 << 19:07:02.465 [main] INFO Env - @{1 RCVD 3} Message(Share)
inp.2 << 19:07:02.465 [main] INFO Env - @{2 SEND 1} Message(Share)
inp.1 << 19:07:02.465 [main] INFO Env - @{1 RCVD 2} Message(Share)
inp.4 << 19:07:02.466 [main] INFO Env - @{4 RCVD 1} Message(Ask)
inp.4 << 19:07:02.466 [main] INFO Env - @{4 SEND 1} Message(Share)
inp.1 << 19:07:02.466 [main] INFO Env - @{1 RCVD 4} Message(Share)
inp.1 << 19:07:02.466 [main] INFO Env - @{1 LOCKED}
out.1 >> unlock
inp.1 << 19:07:02.466 [main] INFO Env - @{1 UNLOCKED}
out.1 >> ping
out.2 >> ping
out.3 >> ping
out.4 >> ping
out.5 >> ping
inp.1 << 19:07:02.466 [main] INFO Env - @{1 PONG}
inp.5 << 19:07:02.466 [main] INFO Env - @{5 PONG}
inp.2 << 19:07:02.467 [main] INFO Env - @{2 PONG}
inp.3 << 19:07:02.467 [main] INFO Env - @{3 PONG}
inp.4 << 19:07:02.467 [main] INFO Env - @{4 PONG}
out.3 >> lock
out.1 >> lock
inp.1 << 19:07:02.467 [main] INFO Env - @{1 LOCKED}
out.1 >> unlock
inp.3 << 19:07:02.467 [main] INFO Env - @{3 SEND 1} Message(Ask)
inp.1 << 19:07:02.467 [main] INFO Env - @{1 UNLOCKED}
inp.1 << 19:07:02.467 [main] INFO Env - @{1 RCVD 3} Message(Ask)
inp.1 << 19:07:02.467 [main] INFO Env - @{1 SEND 3} Message(Share)
inp.3 << 19:07:02.467 [main] INFO Env - @{3 RCVD 1} Message(Share)
inp.3 << 19:07:02.468 [main] INFO Env - @{3 LOCKED}
out.3 >> unlock
inp.3 << 19:07:02.468 [main] INFO Env - @{3 UNLOCKED}
out.1 >> ping
out.2 >> ping
out.3 >> ping
out.4 >> ping
out.5 >> ping
inp.5 << 19:07:02.468 [main] INFO Env - @{5 PONG}
inp.1 << 19:07:02.468 [main] INFO Env - @{1 PONG}
inp.2 << 19:07:02.469 [main] INFO Env - @{2 PONG}
inp.3 << 19:07:02.469 [main] INFO Env - @{3 PONG}
inp.4 << 19:07:02.469 [main] INFO Env - @{4 PONG}
out.3 >> lock
out.1 >> lock
inp.1 << 19:07:02.469 [main] INFO Env - @{1 SEND 3} Message(Ask)
inp.3 << 19:07:02.469 [main] INFO Env - @{3 LOCKED}
inp.3 << 19:07:02.469 [main] INFO Env - @{3 RCVD 1} Message(Ask)
out.3 >> unlock
inp.3 << 19:07:02.470 [main] INFO Env - @{3 UNLOCKED}
inp.3 << 19:07:02.470 [main] INFO Env - @{3 SEND 1} Message(Share)
inp.1 << 19:07:02.470 [main] INFO Env - @{1 RCVD 3} Message(Share)
inp.1 << 19:07:02.470 [main] INFO Env - @{1 LOCKED}
out.1 >> unlock
inp.1 << 19:07:02.470 [main] INFO Env - @{1 UNLOCKED}
out.1 >> ping
out.2 >> ping
out.3 >> ping
out.4 >> ping
out.5 >> ping
inp.1 << 19:07:02.470 [main] INFO Env - @{1 PONG}
inp.5 << 19:07:02.470 [main] INFO Env - @{5 PONG}
inp.2 << 19:07:02.471 [main] INFO Env - @{2 PONG}
inp.4 << 19:07:02.471 [main] INFO Env - @{4 PONG}
inp.3 << 19:07:02.471 [main] INFO Env - @{3 PONG}
out.1 >> ping
out.2 >> ping
out.3 >> ping
out.4 >> ping
out.5 >> ping
inp.5 << 19:07:02.471 [main] INFO Env - @{5 PONG}
inp.1 << 19:07:02.471 [main] INFO Env - @{1 PONG}
inp.2 << 19:07:02.471 [main] INFO Env - @{2 PONG}
inp.3 << 19:07:02.471 [main] INFO Env - @{3 PONG}
inp.4 << 19:07:02.471 [main] INFO Env - @{4 PONG}
out.1 >> lock
inp.1 << 19:07:02.471 [main] INFO Env - @{1 LOCKED}
out.1 >> unlock
inp.1 << 19:07:02.471 [main] INFO Env - @{1 UNLOCKED}
out.1 >> ping
out.2 >> ping
out.3 >> ping
out.4 >> ping
out.5 >> ping
inp.5 << 19:07:02.472 [main] INFO Env - @{5 PONG}
inp.1 << 19:07:02.472 [main] INFO Env - @{1 PONG}
inp.3 << 19:07:02.472 [main] INFO Env - @{3 PONG}
inp.2 << 19:07:02.472 [main] INFO Env - @{2 PONG}
inp.4 << 19:07:02.472 [main] INFO Env - @{4 PONG}
out.2 >> lock
inp.2 << 19:07:02.473 [main] INFO Env - @{2 SEND 1} Message(Ask)
inp.2 << 19:07:02.473 [main] INFO Env - @{2 SEND 3} Message(Ask)
inp.2 << 19:07:02.473 [main] INFO Env - @{2 SEND 4} Message(Ask)
inp.1 << 19:07:02.473 [main] INFO Env - @{1 RCVD 2} Message(Ask)
inp.3 << 19:07:02.473 [main] INFO Env - @{3 RCVD 2} Message(Ask)
inp.1 << 19:07:02.473 [main] INFO Env - @{1 SEND 2} Message(Share)
inp.3 << 19:07:02.473 [main] INFO Env - @{3 SEND 2} Message(Share)
inp.4 << 19:07:02.474 [main] INFO Env - @{4 RCVD 2} Message(Ask)
inp.4 << 19:07:02.474 [main] INFO Env - @{4 SEND 2} Message(Share)
inp.2 << 19:07:02.474 [main] INFO Env - @{2 RCVD 1} Message(Share)
inp.2 << 19:07:02.474 [main] INFO Env - @{2 RCVD 3} Message(Share)
inp.2 << 19:07:02.474 [main] INFO Env - @{2 RCVD 4} Message(Share)
inp.2 << 19:07:02.474 [main] INFO Env - @{2 LOCKED}
out.2 >> unlock
inp.2 << 19:07:02.474 [main] INFO Env - @{2 UNLOCKED}
out.1 >> ping
out.2 >> ping
out.3 >> ping
out.4 >> ping
out.5 >> ping
inp.5 << 19:07:02.475 [main] INFO Env - @{5 PONG}
inp.1 << 19:07:02.475 [main] INFO Env - @{1 PONG}
inp.2 << 19:07:02.476 [main] INFO Env - @{2 PONG}
inp.3 << 19:07:02.476 [main] INFO Env - @{3 PONG}
inp.4 << 19:07:02.476 [main] INFO Env - @{4 PONG}
out.3 >> lock
inp.3 << 19:07:02.476 [main] INFO Env - @{3 SEND 1} Message(Ask)
inp.3 << 19:07:02.477 [main] INFO Env - @{3 SEND 2} Message(Ask)
inp.1 << 19:07:02.477 [main] INFO Env - @{1 RCVD 3} Message(Ask)
inp.1 << 19:07:02.477 [main] INFO Env - @{1 SEND 3} Message(Share)
inp.3 << 19:07:02.477 [main] INFO Env - @{3 RCVD 1} Message(Share)
inp.2 << 19:07:02.477 [main] INFO Env - @{2 RCVD 3} Message(Ask)
inp.2 << 19:07:02.477 [main] INFO Env - @{2 SEND 3} Message(Share)
inp.3 << 19:07:02.477 [main] INFO Env - @{3 RCVD 2} Message(Share)
inp.3 << 19:07:02.477 [main] INFO Env - @{3 LOCKED}
out.3 >> unlock
inp.3 << 19:07:02.478 [main] INFO Env - @{3 UNLOCKED}
out.1 >> ping
out.2 >> ping
out.3 >> ping
out.4 >> ping
out.5 >> ping
inp.1 << 19:07:02.478 [main] INFO Env - @{1 PONG}
inp.5 << 19:07:02.478 [main] INFO Env - @{5 PONG}
inp.2 << 19:07:02.479 [main] INFO Env - @{2 PONG}
inp.3 << 19:07:02.479 [main] INFO Env - @{3 PONG}
inp.4 << 19:07:02.479 [main] INFO Env - @{4 PONG}
out.4 >> lock
inp.4 << 19:07:02.479 [main] INFO Env - @{4 SEND 1} Message(Ask)
inp.4 << 19:07:02.479 [main] INFO Env - @{4 SEND 2} Message(Ask)
inp.4 << 19:07:02.479 [main] INFO Env - @{4 SEND 3} Message(Ask)
inp.1 << 19:07:02.479 [main] INFO Env - @{1 RCVD 4} Message(Ask)
inp.1 << 19:07:02.479 [main] INFO Env - @{1 SEND 4} Message(Share)
inp.2 << 19:07:02.479 [main] INFO Env - @{2 RCVD 4} Message(Ask)
inp.2 << 19:07:02.480 [main] INFO Env - @{2 SEND 4} Message(Share)
inp.3 << 19:07:02.480 [main] INFO Env - @{3 RCVD 4} Message(Ask)
inp.4 << 19:07:02.480 [main] INFO Env - @{4 RCVD 1} Message(Share)
inp.4 << 19:07:02.480 [main] INFO Env - @{4 RCVD 2} Message(Share)
inp.3 << 19:07:02.480 [main] INFO Env - @{3 SEND 4} Message(Share)
inp.4 << 19:07:02.480 [main] INFO Env - @{4 RCVD 3} Message(Share)
inp.4 << 19:07:02.480 [main] INFO Env - @{4 LOCKED}
out.4 >> unlock
inp.4 << 19:07:02.480 [main] INFO Env - @{4 UNLOCKED}
out.1 >> ping
out.2 >> ping
out.3 >> ping
out.4 >> ping
out.5 >> ping
inp.1 << 19:07:02.481 [main] INFO Env - @{1 PONG}
inp.5 << 19:07:02.481 [main] INFO Env - @{5 PONG}
inp.4 << 19:07:02.481 [main] INFO Env - @{4 PONG}
inp.2 << 19:07:02.481 [main] INFO Env - @{2 PONG}
inp.3 << 19:07:02.481 [main] INFO Env - @{3 PONG}
out.5 >> lock
inp.5 << 19:07:02.481 [main] INFO Env - @{5 SEND 1} Message(Ask)
inp.5 << 19:07:02.481 [main] INFO Env - @{5 SEND 2} Message(Ask)
inp.5 << 19:07:02.481 [main] INFO Env - @{5 SEND 3} Message(Ask)
inp.5 << 19:07:02.481 [main] INFO Env - @{5 SEND 4} Message(Ask)
inp.2 << 19:07:02.481 [main] INFO Env - @{2 RCVD 5} Message(Ask)
inp.2 << 19:07:02.482 [main] INFO Env - @{2 SEND 5} Message(Share)
inp.1 << 19:07:02.481 [main] INFO Env - @{1 RCVD 5} Message(Ask)
inp.1 << 19:07:02.482 [main] INFO Env - @{1 SEND 5} Message(Share)
inp.5 << 19:07:02.482 [main] INFO Env - @{5 RCVD 1} Message(Share)
inp.5 << 19:07:02.482 [main] INFO Env - @{5 RCVD 2} Message(Share)
inp.3 << 19:07:02.482 [main] INFO Env - @{3 RCVD 5} Message(Ask)
inp.3 << 19:07:02.482 [main] INFO Env - @{3 SEND 5} Message(Share)
inp.4 << 19:07:02.482 [main] INFO Env - @{4 RCVD 5} Message(Ask)
inp.4 << 19:07:02.482 [main] INFO Env - @{4 SEND 5} Message(Share)
inp.5 << 19:07:02.482 [main] INFO Env - @{5 RCVD 3} Message(Share)
inp.5 << 19:07:02.482 [main] INFO Env - @{5 RCVD 4} Message(Share)
inp.5 << 19:07:02.482 [main] INFO Env - @{5 LOCKED}
out.5 >> unlock
inp.5 << 19:07:02.483 [main] INFO Env - @{5 UNLOCKED}
out.1 >> ping
out.2 >> ping
out.3 >> ping
out.4 >> ping
out.5 >> ping
inp.5 << 19:07:02.483 [main] INFO Env - @{5 PONG}
inp.1 << 19:07:02.483 [main] INFO Env - @{1 PONG}
inp.2 << 19:07:02.484 [main] INFO Env - @{2 PONG}
inp.3 << 19:07:02.484 [main] INFO Env - @{3 PONG}
inp.4 << 19:07:02.484 [main] INFO Env - @{4 PONG}
out.3 >> lock
out.1 >> lock
out.5 >> lock
out.2 >> lock
out.4 >> lock
inp.5 << 19:07:02.484 [main] INFO Env - @{5 LOCKED}
out.5 >> unlock
inp.5 << 19:07:02.485 [main] INFO Env - @{5 UNLOCKED}
inp.1 << 19:07:02.485 [main] INFO Env - @{1 SEND 2} Message(Ask)
inp.1 << 19:07:02.485 [main] INFO Env - @{1 SEND 3} Message(Ask)
inp.1 << 19:07:02.485 [main] INFO Env - @{1 SEND 4} Message(Ask)
inp.3 << 19:07:02.485 [main] INFO Env - @{3 SEND 4} Message(Ask)
inp.1 << 19:07:02.485 [main] INFO Env - @{1 SEND 5} Message(Ask)
inp.5 << 19:07:02.485 [main] INFO Env - @{5 RCVD 1} Message(Ask)
inp.5 << 19:07:02.485 [main] INFO Env - @{5 SEND 1} Message(Share)
inp.3 << 19:07:02.486 [main] INFO Env - @{3 SEND 5} Message(Ask)
inp.1 << 19:07:02.486 [main] INFO Env - @{1 RCVD 5} Message(Share)
inp.3 << 19:07:02.486 [main] INFO Env - @{3 RCVD 1} Message(Ask)
inp.3 << 19:07:02.486 [main] INFO Env - @{3 SEND 1} Message(Share)
inp.5 << 19:07:02.486 [main] INFO Env - @{5 RCVD 3} Message(Ask)
inp.5 << 19:07:02.486 [main] INFO Env - @{5 SEND 3} Message(Share)
inp.3 << 19:07:02.486 [main] INFO Env - @{3 SEND 1} Message(Ask)
inp.1 << 19:07:02.486 [main] INFO Env - @{1 RCVD 3} Message(Share)
inp.1 << 19:07:02.486 [main] INFO Env - @{1 RCVD 3} Message(Ask)
inp.3 << 19:07:02.486 [main] INFO Env - @{3 RCVD 5} Message(Share)
inp.2 << 19:07:02.486 [main] INFO Env - @{2 SEND 3} Message(Ask)
inp.4 << 19:07:02.486 [main] INFO Env - @{4 SEND 5} Message(Ask)
inp.2 << 19:07:02.486 [main] INFO Env - @{2 SEND 4} Message(Ask)
inp.2 << 19:07:02.486 [main] INFO Env - @{2 SEND 5} Message(Ask)
inp.2 << 19:07:02.486 [main] INFO Env - @{2 RCVD 1} Message(Ask)
inp.2 << 19:07:02.486 [main] INFO Env - @{2 SEND 1} Message(Share)
inp.5 << 19:07:02.486 [main] INFO Env - @{5 RCVD 2} Message(Ask)
inp.2 << 19:07:02.487 [main] INFO Env - @{2 SEND 1} Message(Ask)
inp.5 << 19:07:02.487 [main] INFO Env - @{5 SEND 2} Message(Share)
inp.5 << 19:07:02.487 [main] INFO Env - @{5 RCVD 4} Message(Ask)
inp.5 << 19:07:02.487 [main] INFO Env - @{5 SEND 4} Message(Share)
inp.4 << 19:07:02.487 [main] INFO Env - @{4 RCVD 1} Message(Ask)
inp.4 << 19:07:02.487 [main] INFO Env - @{4 SEND 1} Message(Share)
inp.1 << 19:07:02.487 [main] INFO Env - @{1 RCVD 2} Message(Share)
inp.1 << 19:07:02.487 [main] INFO Env - @{1 RCVD 2} Message(Ask)
inp.1 << 19:07:02.487 [main] INFO Env - @{1 RCVD 4} Message(Share)
inp.1 << 19:07:02.487 [main] INFO Env - @{1 LOCKED}
out.1 >> unlock
inp.1 << 19:07:02.487 [main] INFO Env - @{1 UNLOCKED}
inp.1 << 19:07:02.487 [main] INFO Env - @{1 SEND 2} Message(Share)
inp.1 << 19:07:02.488 [main] INFO Env - @{1 SEND 3} Message(Share)
inp.4 << 19:07:02.488 [main] INFO Env - @{4 SEND 1} Message(Ask)
inp.1 << 19:07:02.488 [main] INFO Env - @{1 RCVD 4} Message(Ask)
inp.1 << 19:07:02.488 [main] INFO Env - @{1 SEND 4} Message(Share)
inp.4 << 19:07:02.488 [main] INFO Env - @{4 RCVD 3} Message(Ask)
inp.4 << 19:07:02.488 [main] INFO Env - @{4 SEND 3} Message(Share)
inp.4 << 19:07:02.488 [main] INFO Env - @{4 SEND 3} Message(Ask)
inp.4 << 19:07:02.489 [main] INFO Env - @{4 RCVD 2} Message(Ask)
inp.4 << 19:07:02.489 [main] INFO Env - @{4 SEND 2} Message(Share)
inp.3 << 19:07:02.489 [main] INFO Env - @{3 RCVD 2} Message(Ask)
inp.4 << 19:07:02.489 [main] INFO Env - @{4 SEND 2} Message(Ask)
inp.4 << 19:07:02.489 [main] INFO Env - @{4 RCVD 5} Message(Share)
inp.3 << 19:07:02.489 [main] INFO Env - @{3 SEND 2} Message(Share)
inp.4 << 19:07:02.489 [main] INFO Env - @{4 RCVD 1} Message(Share)
inp.3 << 19:07:02.489 [main] INFO Env - @{3 SEND 2} Message(Ask)
inp.3 << 19:07:02.489 [main] INFO Env - @{3 RCVD 1} Message(Share)
inp.3 << 19:07:02.489 [main] INFO Env - @{3 RCVD 4} Message(Share)
inp.3 << 19:07:02.489 [main] INFO Env - @{3 RCVD 4} Message(Ask)
inp.2 << 19:07:02.489 [main] INFO Env - @{2 RCVD 5} Message(Share)
inp.2 << 19:07:02.489 [main] INFO Env - @{2 RCVD 1} Message(Share)
inp.2 << 19:07:02.489 [main] INFO Env - @{2 RCVD 4} Message(Share)
inp.2 << 19:07:02.489 [main] INFO Env - @{2 RCVD 4} Message(Ask)
inp.2 << 19:07:02.489 [main] INFO Env - @{2 RCVD 3} Message(Share)
inp.2 << 19:07:02.489 [main] INFO Env - @{2 LOCKED}
inp.2 << 19:07:02.489 [main] INFO Env - @{2 RCVD 3} Message(Ask)
out.2 >> unlock
inp.2 << 19:07:02.490 [main] INFO Env - @{2 UNLOCKED}
inp.2 << 19:07:02.490 [main] INFO Env - @{2 SEND 3} Message(Share)
inp.2 << 19:07:02.490 [main] INFO Env - @{2 SEND 4} Message(Share)
inp.3 << 19:07:02.490 [main] INFO Env - @{3 RCVD 2} Message(Share)
inp.3 << 19:07:02.490 [main] INFO Env - @{3 LOCKED}
out.3 >> unlock
inp.4 << 19:07:02.491 [main] INFO Env - @{4 RCVD 2} Message(Share)
inp.3 << 19:07:02.491 [main] INFO Env - @{3 UNLOCKED}
inp.3 << 19:07:02.491 [main] INFO Env - @{3 SEND 4} Message(Share)
inp.4 << 19:07:02.492 [main] INFO Env - @{4 RCVD 3} Message(Share)
inp.4 << 19:07:02.492 [main] INFO Env - @{4 LOCKED}
out.4 >> unlock
inp.4 << 19:07:02.492 [main] INFO Env - @{4 UNLOCKED}
out.1 >> ping
out.2 >> ping
out.3 >> ping
out.4 >> ping
out.5 >> ping
inp.5 << 19:07:02.493 [main] INFO Env - @{5 PONG}
inp.1 << 19:07:02.493 [main] INFO Env - @{1 PONG}
inp.2 << 19:07:02.493 [main] INFO Env - @{2 PONG}
inp.3 << 19:07:02.493 [main] INFO Env - @{3 PONG}
inp.4 << 19:07:02.493 [main] INFO Env - @{4 PONG}
out.3 >> lock
inp.3 << 19:07:02.493 [main] INFO Env - @{3 SEND 4} Message(Ask)
inp.4 << 19:07:02.494 [main] INFO Env - @{4 RCVD 3} Message(Ask)
inp.4 << 19:07:02.494 [main] INFO Env - @{4 SEND 3} Message(Share)
inp.3 << 19:07:02.494 [main] INFO Env - @{3 RCVD 4} Message(Share)
inp.3 << 19:07:02.494 [main] INFO Env - @{3 LOCKED}
out.3 >> unlock
inp.3 << 19:07:02.494 [main] INFO Env - @{3 UNLOCKED}
out.1 >> ping
out.2 >> ping
out.3 >> ping
out.4 >> ping
out.5 >> ping
inp.5 << 19:07:02.495 [main] INFO Env - @{5 PONG}
inp.1 << 19:07:02.495 [main] INFO Env - @{1 PONG}
inp.2 << 19:07:02.495 [main] INFO Env - @{2 PONG}
inp.3 << 19:07:02.496 [main] INFO Env - @{3 PONG}
inp.4 << 19:07:02.496 [main] INFO Env - @{4 PONG}
out.3 >> lock
inp.3 << 19:07:02.496 [main] INFO Env - @{3 LOCKED}
out.3 >> unlock
inp.3 << 19:07:02.496 [main] INFO Env - @{3 UNLOCKED}
out.1 >> ping
out.2 >> ping
out.3 >> ping
out.4 >> ping
out.5 >> ping
inp.5 << 19:07:02.497 [main] INFO Env - @{5 PONG}
inp.1 << 19:07:02.497 [main] INFO Env - @{1 PONG}
inp.2 << 19:07:02.497 [main] INFO Env - @{2 PONG}
inp.3 << 19:07:02.497 [main] INFO Env - @{3 PONG}
inp.4 << 19:07:02.497 [main] INFO Env - @{4 PONG}
out.3 >> lock
inp.3 << 19:07:02.498 [main] INFO Env - @{3 LOCKED}
out.3 >> unlock
inp.3 << 19:07:02.498 [main] INFO Env - @{3 UNLOCKED}
out.1 >> ping
out.2 >> ping
out.3 >> ping
out.4 >> ping
out.5 >> ping
inp.5 << 19:07:02.498 [main] INFO Env - @{5 PONG}
inp.1 << 19:07:02.499 [main] INFO Env - @{1 PONG}
inp.2 << 19:07:02.499 [main] INFO Env - @{2 PONG}
inp.3 << 19:07:02.499 [main] INFO Env - @{3 PONG}
inp.4 << 19:07:02.499 [main] INFO Env - @{4 PONG}
out.3 >> lock
out.5 >> lock
inp.5 << 19:07:02.500 [main] INFO Env - @{5 SEND 1} Message(Ask)
inp.5 << 19:07:02.500 [main] INFO Env - @{5 SEND 2} Message(Ask)
inp.5 << 19:07:02.500 [main] INFO Env - @{5 SEND 3} Message(Ask)
inp.5 << 19:07:02.500 [main] INFO Env - @{5 SEND 4} Message(Ask)
inp.1 << 19:07:02.500 [main] INFO Env - @{1 RCVD 5} Message(Ask)
inp.1 << 19:07:02.500 [main] INFO Env - @{1 SEND 5} Message(Share)
inp.5 << 19:07:02.500 [main] INFO Env - @{5 RCVD 1} Message(Share)
inp.3 << 19:07:02.501 [main] INFO Env - @{3 LOCKED}
inp.3 << 19:07:02.501 [main] INFO Env - @{3 RCVD 5} Message(Ask)
out.3 >> unlock
inp.2 << 19:07:02.501 [main] INFO Env - @{2 RCVD 5} Message(Ask)
inp.2 << 19:07:02.501 [main] INFO Env - @{2 SEND 5} Message(Share)
inp.4 << 19:07:02.501 [main] INFO Env - @{4 RCVD 5} Message(Ask)
inp.5 << 19:07:02.501 [main] INFO Env - @{5 RCVD 2} Message(Share)
inp.4 << 19:07:02.501 [main] INFO Env - @{4 SEND 5} Message(Share)
inp.5 << 19:07:02.501 [main] INFO Env - @{5 RCVD 4} Message(Share)
inp.3 << 19:07:02.501 [main] INFO Env - @{3 UNLOCKED}
inp.3 << 19:07:02.502 [main] INFO Env - @{3 SEND 5} Message(Share)
inp.5 << 19:07:02.502 [main] INFO Env - @{5 RCVD 3} Message(Share)
inp.5 << 19:07:02.502 [main] INFO Env - @{5 LOCKED}
out.5 >> unlock
inp.5 << 19:07:02.502 [main] INFO Env - @{5 UNLOCKED}
out.1 >> ping
out.2 >> ping
out.3 >> ping
out.4 >> ping
out.5 >> ping
inp.5 << 19:07:02.503 [main] INFO Env - @{5 PONG}
inp.1 << 19:07:02.503 [main] INFO Env - @{1 PONG}
inp.2 << 19:07:02.503 [main] INFO Env - @{2 PONG}
inp.3 << 19:07:02.504 [main] INFO Env - @{3 PONG}
inp.4 << 19:07:02.504 [main] INFO Env - @{4 PONG}
out.3 >> lock
out.5 >> lock
inp.3 << 19:07:02.504 [main] INFO Env - @{3 SEND 5} Message(Ask)
inp.5 << 19:07:02.504 [main] INFO Env - @{5 LOCKED}
out.5 >> unlock
inp.5 << 19:07:02.504 [main] INFO Env - @{5 RCVD 3} Message(Ask)
inp.5 << 19:07:02.504 [main] INFO Env - @{5 UNLOCKED}
inp.5 << 19:07:02.504 [main] INFO Env - @{5 SEND 3} Message(Share)
inp.3 << 19:07:02.505 [main] INFO Env - @{3 RCVD 5} Message(Share)
inp.3 << 19:07:02.505 [main] INFO Env - @{3 LOCKED}
out.3 >> unlock
inp.3 << 19:07:02.505 [main] INFO Env - @{3 UNLOCKED}
out.1 >> ping
out.2 >> ping
out.3 >> ping
out.4 >> ping
out.5 >> ping
inp.1 << 19:07:02.505 [main] INFO Env - @{1 PONG}
inp.5 << 19:07:02.505 [main] INFO Env - @{5 PONG}
inp.2 << 19:07:02.505 [main] INFO Env - @{2 PONG}
inp.3 << 19:07:02.505 [main] INFO Env - @{3 PONG}
inp.4 << 19:07:02.506 [main] INFO Env - @{4 PONG}
out.3 >> lock
out.5 >> lock
inp.3 << 19:07:02.506 [main] INFO Env - @{3 LOCKED}
inp.5 << 19:07:02.506 [main] INFO Env - @{5 SEND 3} Message(Ask)
out.3 >> unlock
inp.3 << 19:07:02.506 [main] INFO Env - @{3 RCVD 5} Message(Ask)
inp.3 << 19:07:02.506 [main] INFO Env - @{3 UNLOCKED}
inp.3 << 19:07:02.506 [main] INFO Env - @{3 SEND 5} Message(Share)
inp.5 << 19:07:02.506 [main] INFO Env - @{5 RCVD 3} Message(Share)
inp.5 << 19:07:02.506 [main] INFO Env - @{5 LOCKED}
out.5 >> unlock
inp.5 << 19:07:02.507 [main] INFO Env - @{5 UNLOCKED}
out.1 >> ping
out.2 >> ping
out.3 >> ping
out.4 >> ping
out.5 >> ping
inp.5 << 19:07:02.508 [main] INFO Env - @{5 PONG}
inp.1 << 19:07:02.508 [main] INFO Env - @{1 PONG}
inp.3 << 19:07:02.509 [main] INFO Env - @{3 PONG}
inp.2 << 19:07:02.509 [main] INFO Env - @{2 PONG}
inp.4 << 19:07:02.509 [main] INFO Env - @{4 PONG}
out.1 >> ping
out.2 >> ping
out.3 >> ping
out.4 >> ping
out.5 >> ping
inp.5 << 19:07:02.509 [main] INFO Env - @{5 PONG}
inp.1 << 19:07:02.509 [main] INFO Env - @{1 PONG}
inp.2 << 19:07:02.509 [main] INFO Env - @{2 PONG}
inp.3 << 19:07:02.509 [main] INFO Env - @{3 PONG}
inp.4 << 19:07:02.510 [main] INFO Env - @{4 PONG}
out.1 >> lock
inp.1 << 19:07:02.510 [main] INFO Env - @{1 SEND 2} Message(Ask)
inp.1 << 19:07:02.510 [main] INFO Env - @{1 SEND 3} Message(Ask)
inp.1 << 19:07:02.510 [main] INFO Env - @{1 SEND 4} Message(Ask)
inp.1 << 19:07:02.510 [main] INFO Env - @{1 SEND 5} Message(Ask)
inp.2 << 19:07:02.510 [main] INFO Env - @{2 RCVD 1} Message(Ask)
inp.2 << 19:07:02.510 [main] INFO Env - @{2 SEND 1} Message(Share)
inp.5 << 19:07:02.510 [main] INFO Env - @{5 RCVD 1} Message(Ask)
inp.3 << 19:07:02.510 [main] INFO Env - @{3 RCVD 1} Message(Ask)
inp.5 << 19:07:02.510 [main] INFO Env - @{5 SEND 1} Message(Share)
inp.1 << 19:07:02.511 [main] INFO Env - @{1 RCVD 2} Message(Share)
inp.3 << 19:07:02.511 [main] INFO Env - @{3 SEND 1} Message(Share)
inp.1 << 19:07:02.511 [main] INFO Env - @{1 RCVD 5} Message(Share)
inp.1 << 19:07:02.511 [main] INFO Env - @{1 RCVD 3} Message(Share)
inp.4 << 19:07:02.511 [main] INFO Env - @{4 RCVD 1} Message(Ask)
inp.4 << 19:07:02.511 [main] INFO Env - @{4 SEND 1} Message(Share)
inp.1 << 19:07:02.511 [main] INFO Env - @{1 RCVD 4} Message(Share)
inp.1 << 19:07:02.511 [main] INFO Env - @{1 LOCKED}
out.1 >> unlock
inp.1 << 19:07:02.511 [main] INFO Env - @{1 UNLOCKED}
out.1 >> ping
out.2 >> ping
out.3 >> ping
out.4 >> ping
out.5 >> ping
inp.5 << 19:07:02.512 [main] INFO Env - @{5 PONG}
inp.1 << 19:07:02.512 [main] INFO Env - @{1 PONG}
inp.2 << 19:07:02.512 [main] INFO Env - @{2 PONG}
inp.3 << 19:07:02.512 [main] INFO Env - @{3 PONG}
inp.4 << 19:07:02.512 [main] INFO Env - @{4 PONG}
out.2 >> lock
inp.2 << 19:07:02.512 [main] INFO Env - @{2 SEND 1} Message(Ask)
inp.2 << 19:07:02.513 [main] INFO Env - @{2 SEND 3} Message(Ask)
inp.1 << 19:07:02.513 [main] INFO Env - @{1 RCVD 2} Message(Ask)
inp.1 << 19:07:02.513 [main] INFO Env - @{1 SEND 2} Message(Share)
inp.2 << 19:07:02.513 [main] INFO Env - @{2 SEND 4} Message(Ask)
inp.2 << 19:07:02.513 [main] INFO Env - @{2 SEND 5} Message(Ask)
inp.2 << 19:07:02.513 [main] INFO Env - @{2 RCVD 1} Message(Share)
inp.5 << 19:07:02.513 [main] INFO Env - @{5 RCVD 2} Message(Ask)
inp.5 << 19:07:02.513 [main] INFO Env - @{5 SEND 2} Message(Share)
inp.3 << 19:07:02.513 [main] INFO Env - @{3 RCVD 2} Message(Ask)
inp.4 << 19:07:02.513 [main] INFO Env - @{4 RCVD 2} Message(Ask)
inp.3 << 19:07:02.513 [main] INFO Env - @{3 SEND 2} Message(Share)
inp.2 << 19:07:02.513 [main] INFO Env - @{2 RCVD 5} Message(Share)
inp.2 << 19:07:02.514 [main] INFO Env - @{2 RCVD 3} Message(Share)
inp.4 << 19:07:02.514 [main] INFO Env - @{4 SEND 2} Message(Share)
inp.2 << 19:07:02.514 [main] INFO Env - @{2 RCVD 4} Message(Share)
inp.2 << 19:07:02.514 [main] INFO Env - @{2 LOCKED}
out.2 >> unlock
inp.2 << 19:07:02.514 [main] INFO Env - @{2 UNLOCKED}
out.1 >> ping
out.2 >> ping
out.3 >> ping
out.4 >> ping
out.5 >> ping
inp.1 << 19:07:02.515 [main] INFO Env - @{1 PONG}
inp.5 << 19:07:02.514 [main] INFO Env - @{5 PONG}
inp.2 << 19:07:02.515 [main] INFO Env - @{2 PONG}
inp.3 << 19:07:02.515 [main] INFO Env - @{3 PONG}
inp.4 << 19:07:02.515 [main] INFO Env - @{4 PONG}
out.3 >> lock
inp.3 << 19:07:02.515 [main] INFO Env - @{3 SEND 1} Message(Ask)
inp.3 << 19:07:02.515 [main] INFO Env - @{3 SEND 2} Message(Ask)
inp.1 << 19:07:02.515 [main] INFO Env - @{1 RCVD 3} Message(Ask)
inp.1 << 19:07:02.515 [main] INFO Env - @{1 SEND 3} Message(Share)
inp.3 << 19:07:02.516 [main] INFO Env - @{3 SEND 5} Message(Ask)
inp.2 << 19:07:02.516 [main] INFO Env - @{2 RCVD 3} Message(Ask)
inp.2 << 19:07:02.516 [main] INFO Env - @{2 SEND 3} Message(Share)
inp.3 << 19:07:02.516 [main] INFO Env - @{3 RCVD 1} Message(Share)
inp.5 << 19:07:02.516 [main] INFO Env - @{5 RCVD 3} Message(Ask)
inp.3 << 19:07:02.516 [main] INFO Env - @{3 RCVD 2} Message(Share)
inp.5 << 19:07:02.516 [main] INFO Env - @{5 SEND 3} Message(Share)
inp.3 << 19:07:02.516 [main] INFO Env - @{3 RCVD 5} Message(Share)
inp.3 << 19:07:02.516 [main] INFO Env - @{3 LOCKED}
out.3 >> unlock
inp.3 << 19:07:02.516 [main] INFO Env - @{3 UNLOCKED}
out.1 >> ping
out.2 >> ping
out.3 >> ping
out.4 >> ping
out.5 >> ping
inp.5 << 19:07:02.517 [main] INFO Env - @{5 PONG}
inp.1 << 19:07:02.517 [main] INFO Env - @{1 PONG}
inp.2 << 19:07:02.517 [main] INFO Env - @{2 PONG}
inp.3 << 19:07:02.517 [main] INFO Env - @{3 PONG}
inp.4 << 19:07:02.517 [main] INFO Env - @{4 PONG}
out.4 >> lock
inp.4 << 19:07:02.517 [main] INFO Env - @{4 SEND 1} Message(Ask)
inp.4 << 19:07:02.518 [main] INFO Env - @{4 SEND 2} Message(Ask)
inp.1 << 19:07:02.518 [main] INFO Env - @{1 RCVD 4} Message(Ask)
inp.1 << 19:07:02.518 [main] INFO Env - @{1 SEND 4} Message(Share)
inp.4 << 19:07:02.518 [main] INFO Env - @{4 SEND 3} Message(Ask)
inp.4 << 19:07:02.518 [main] INFO Env - @{4 SEND 5} Message(Ask)
inp.4 << 19:07:02.518 [main] INFO Env - @{4 RCVD 1} Message(Share)
inp.5 << 19:07:02.518 [main] INFO Env - @{5 RCVD 4} Message(Ask)
inp.5 << 19:07:02.518 [main] INFO Env - @{5 SEND 4} Message(Share)
inp.2 << 19:07:02.518 [main] INFO Env - @{2 RCVD 4} Message(Ask)
inp.2 << 19:07:02.519 [main] INFO Env - @{2 SEND 4} Message(Share)
inp.3 << 19:07:02.519 [main] INFO Env - @{3 RCVD 4} Message(Ask)
inp.3 << 19:07:02.519 [main] INFO Env - @{3 SEND 4} Message(Share)
inp.4 << 19:07:02.519 [main] INFO Env - @{4 RCVD 5} Message(Share)
inp.4 << 19:07:02.519 [main] INFO Env - @{4 RCVD 2} Message(Share)
inp.4 << 19:07:02.519 [main] INFO Env - @{4 RCVD 3} Message(Share)
inp.4 << 19:07:02.519 [main] INFO Env - @{4 LOCKED}
out.4 >> unlock
inp.4 << 19:07:02.519 [main] INFO Env - @{4 UNLOCKED}
out.1 >> ping
out.2 >> ping
out.3 >> ping
out.4 >> ping
out.5 >> ping
inp.1 << 19:07:02.520 [main] INFO Env - @{1 PONG}
inp.5 << 19:07:02.520 [main] INFO Env - @{5 PONG}
inp.2 << 19:07:02.520 [main] INFO Env - @{2 PONG}
inp.3 << 19:07:02.520 [main] INFO Env - @{3 PONG}
inp.4 << 19:07:02.520 [main] INFO Env - @{4 PONG}
out.5 >> lock
inp.5 << 19:07:02.520 [main] INFO Env - @{5 SEND 1} Message(Ask)
inp.5 << 19:07:02.520 [main] INFO Env - @{5 SEND 2} Message(Ask)
inp.5 << 19:07:02.520 [main] INFO Env - @{5 SEND 3} Message(Ask)
inp.5 << 19:07:02.521 [main] INFO Env - @{5 SEND 4} Message(Ask)
inp.1 << 19:07:02.521 [main] INFO Env - @{1 RCVD 5} Message(Ask)
inp.1 << 19:07:02.521 [main] INFO Env - @{1 SEND 5} Message(Share)
inp.5 << 19:07:02.521 [main] INFO Env - @{5 RCVD 1} Message(Share)
inp.2 << 19:07:02.521 [main] INFO Env - @{2 RCVD 5} Message(Ask)
inp.2 << 19:07:02.521 [main] INFO Env - @{2 SEND 5} Message(Share)
inp.3 << 19:07:02.521 [main] INFO Env - @{3 RCVD 5} Message(Ask)
inp.5 << 19:07:02.521 [main] INFO Env - @{5 RCVD 2} Message(Share)
inp.3 << 19:07:02.521 [main] INFO Env - @{3 SEND 5} Message(Share)
inp.5 << 19:07:02.521 [main] INFO Env - @{5 RCVD 3} Message(Share)
inp.4 << 19:07:02.521 [main] INFO Env - @{4 RCVD 5} Message(Ask)
inp.4 << 19:07:02.522 [main] INFO Env - @{4 SEND 5} Message(Share)
inp.5 << 19:07:02.522 [main] INFO Env - @{5 RCVD 4} Message(Share)
inp.5 << 19:07:02.522 [main] INFO Env - @{5 LOCKED}
out.5 >> unlock
inp.5 << 19:07:02.522 [main] INFO Env - @{5 UNLOCKED}
out.1 >> ping
out.2 >> ping
out.3 >> ping
out.4 >> ping
out.5 >> ping
inp.5 << 19:07:02.522 [main] INFO Env - @{5 PONG}
inp.1 << 19:07:02.522 [main] INFO Env - @{1 PONG}
inp.2 << 19:07:02.523 [main] INFO Env - @{2 PONG}
inp.3 << 19:07:02.523 [main] INFO Env - @{3 PONG}
inp.4 << 19:07:02.523 [main] INFO Env - @{4 PONG}
out.5 >> lock
out.4 >> lock
out.1 >> lock
out.3 >> lock
out.2 >> lock
inp.5 << 19:07:02.524 [main] INFO Env - @{5 LOCKED}
inp.1 << 19:07:02.524 [main] INFO Env - @{1 SEND 2} Message(Ask)
out.5 >> unlock
inp.5 << 19:07:02.524 [main] INFO Env - @{5 UNLOCKED}
inp.1 << 19:07:02.524 [main] INFO Env - @{1 SEND 3} Message(Ask)
inp.1 << 19:07:02.524 [main] INFO Env - @{1 SEND 4} Message(Ask)
inp.1 << 19:07:02.524 [main] INFO Env - @{1 SEND 5} Message(Ask)
inp.4 << 19:07:02.524 [main] INFO Env - @{4 SEND 5} Message(Ask)
inp.5 << 19:07:02.524 [main] INFO Env - @{5 RCVD 1} Message(Ask)
inp.4 << 19:07:02.524 [main] INFO Env - @{4 RCVD 1} Message(Ask)
inp.4 << 19:07:02.524 [main] INFO Env - @{4 SEND 1} Message(Share)
inp.5 << 19:07:02.524 [main] INFO Env - @{5 SEND 1} Message(Share)
inp.4 << 19:07:02.524 [main] INFO Env - @{4 SEND 1} Message(Ask)
inp.5 << 19:07:02.524 [main] INFO Env - @{5 RCVD 4} Message(Ask)
inp.5 << 19:07:02.524 [main] INFO Env - @{5 SEND 4} Message(Share)
inp.4 << 19:07:02.525 [main] INFO Env - @{4 RCVD 5} Message(Share)
inp.1 << 19:07:02.525 [main] INFO Env - @{1 RCVD 5} Message(Share)
inp.1 << 19:07:02.525 [main] INFO Env - @{1 RCVD 4} Message(Share)
inp.1 << 19:07:02.525 [main] INFO Env - @{1 RCVD 4} Message(Ask)
inp.3 << 19:07:02.525 [main] INFO Env - @{3 SEND 4} Message(Ask)
inp.3 << 19:07:02.525 [main] INFO Env - @{3 SEND 5} Message(Ask)
inp.3 << 19:07:02.525 [main] INFO Env - @{3 RCVD 1} Message(Ask)
inp.2 << 19:07:02.525 [main] INFO Env - @{2 SEND 3} Message(Ask)
inp.2 << 19:07:02.525 [main] INFO Env - @{2 SEND 4} Message(Ask)
inp.3 << 19:07:02.525 [main] INFO Env - @{3 SEND 1} Message(Share)
inp.5 << 19:07:02.525 [main] INFO Env - @{5 RCVD 3} Message(Ask)
inp.2 << 19:07:02.525 [main] INFO Env - @{2 SEND 5} Message(Ask)
inp.5 << 19:07:02.525 [main] INFO Env - @{5 SEND 3} Message(Share)
inp.5 << 19:07:02.525 [main] INFO Env - @{5 RCVD 2} Message(Ask)
inp.5 << 19:07:02.525 [main] INFO Env - @{5 SEND 2} Message(Share)
inp.1 << 19:07:02.525 [main] INFO Env - @{1 RCVD 3} Message(Share)
inp.3 << 19:07:02.525 [main] INFO Env - @{3 SEND 1} Message(Ask)
inp.2 << 19:07:02.526 [main] INFO Env - @{2 RCVD 1} Message(Ask)
inp.2 << 19:07:02.526 [main] INFO Env - @{2 SEND 1} Message(Share)
inp.2 << 19:07:02.526 [main] INFO Env - @{2 SEND 1} Message(Ask)
inp.2 << 19:07:02.526 [main] INFO Env - @{2 RCVD 5} Message(Share)
inp.3 << 19:07:02.526 [main] INFO Env - @{3 RCVD 2} Message(Ask)
inp.3 << 19:07:02.527 [main] INFO Env - @{3 SEND 2} Message(Share)
inp.4 << 19:07:02.527 [main] INFO Env - @{4 RCVD 3} Message(Ask)
inp.4 << 19:07:02.527 [main] INFO Env - @{4 SEND 3} Message(Share)
inp.1 << 19:07:02.526 [main] INFO Env - @{1 RCVD 3} Message(Ask)
inp.1 << 19:07:02.527 [main] INFO Env - @{1 RCVD 2} Message(Share)
inp.3 << 19:07:02.527 [main] INFO Env - @{3 SEND 2} Message(Ask)
inp.3 << 19:07:02.527 [main] INFO Env - @{3 RCVD 5} Message(Share)
inp.4 << 19:07:02.528 [main] INFO Env - @{4 SEND 3} Message(Ask)
inp.1 << 19:07:02.528 [main] INFO Env - @{1 LOCKED}
inp.1 << 19:07:02.528 [main] INFO Env - @{1 RCVD 2} Message(Ask)
out.1 >> unlock
inp.4 << 19:07:02.528 [main] INFO Env - @{4 RCVD 2} Message(Ask)
inp.4 << 19:07:02.528 [main] INFO Env - @{4 SEND 2} Message(Share)
inp.1 << 19:07:02.529 [main] INFO Env - @{1 UNLOCKED}
inp.4 << 19:07:02.529 [main] INFO Env - @{4 SEND 2} Message(Ask)
inp.1 << 19:07:02.529 [main] INFO Env - @{1 SEND 2} Message(Share)
inp.1 << 19:07:02.529 [main] INFO Env - @{1 SEND 3} Message(Share)
inp.1 << 19:07:02.530 [main] INFO Env - @{1 SEND 4} Message(Share)
inp.2 << 19:07:02.530 [main] INFO Env - @{2 RCVD 3} Message(Share)
inp.2 << 19:07:02.531 [main] INFO Env - @{2 RCVD 3} Message(Ask)
inp.2 << 19:07:02.531 [main] INFO Env - @{2 RCVD 4} Message(Share)
inp.2 << 19:07:02.531 [main] INFO Env - @{2 RCVD 1} Message(Share)
inp.2 << 19:07:02.531 [main] INFO Env - @{2 LOCKED}
inp.4 << 19:07:02.531 [main] INFO Env - @{4 RCVD 1} Message(Share)
inp.2 << 19:07:02.531 [main] INFO Env - @{2 RCVD 4} Message(Ask)
inp.3 << 19:07:02.531 [main] INFO Env - @{3 RCVD 4} Message(Share)
out.2 >> unlock
inp.3 << 19:07:02.531 [main] INFO Env - @{3 RCVD 4} Message(Ask)
inp.3 << 19:07:02.531 [main] INFO Env - @{3 RCVD 1} Message(Share)
inp.2 << 19:07:02.532 [main] INFO Env - @{2 UNLOCKED}
inp.2 << 19:07:02.532 [main] INFO Env - @{2 SEND 3} Message(Share)
inp.2 << 19:07:02.532 [main] INFO Env - @{2 SEND 4} Message(Share)
inp.3 << 19:07:02.533 [main] INFO Env - @{3 RCVD 2} Message(Share)
inp.3 << 19:07:02.533 [main] INFO Env - @{3 LOCKED}
inp.4 << 19:07:02.533 [main] INFO Env - @{4 RCVD 2} Message(Share)
out.3 >> unlock
inp.3 << 19:07:02.533 [main] INFO Env - @{3 UNLOCKED}
inp.3 << 19:07:02.533 [main] INFO Env - @{3 SEND 4} Message(Share)
inp.4 << 19:07:02.534 [main] INFO Env - @{4 RCVD 3} Message(Share)
inp.4 << 19:07:02.534 [main] INFO Env - @{4 LOCKED}
out.4 >> unlock
inp.4 << 19:07:02.537 [main] INFO Env - @{4 UNLOCKED}
out.1 >> ping
out.2 >> ping
out.3 >> ping
out.4 >> ping
out.5 >> ping
inp.5 << 19:07:02.540 [main] INFO Env - @{5 PONG}
inp.1 << 19:07:02.540 [main] INFO Env - @{1 PONG}
inp.2 << 19:07:02.540 [main] INFO Env - @{2 PONG}
inp.3 << 19:07:02.540 [main] INFO Env - @{3 PONG}
inp.4 << 19:07:02.540 [main] INFO Env - @{4 PONG}
out.1 >> lock
inp.1 << 19:07:02.541 [main] INFO Env - @{1 SEND 2} Message(Ask)
inp.1 << 19:07:02.543 [main] INFO Env - @{1 SEND 3} Message(Ask)
inp.1 << 19:07:02.543 [main] INFO Env - @{1 SEND 4} Message(Ask)
inp.2 << 19:07:02.544 [main] INFO Env - @{2 RCVD 1} Message(Ask)
inp.2 << 19:07:02.544 [main] INFO Env - @{2 SEND 1} Message(Share)
inp.3 << 19:07:02.544 [main] INFO Env - @{3 RCVD 1} Message(Ask)
inp.1 << 19:07:02.544 [main] INFO Env - @{1 RCVD 2} Message(Share)
inp.4 << 19:07:02.545 [main] INFO Env - @{4 RCVD 1} Message(Ask)
inp.4 << 19:07:02.546 [main] INFO Env - @{4 SEND 1} Message(Share)
inp.3 << 19:07:02.546 [main] INFO Env - @{3 SEND 1} Message(Share)
inp.1 << 19:07:02.546 [main] INFO Env - @{1 RCVD 4} Message(Share)
inp.1 << 19:07:02.546 [main] INFO Env - @{1 RCVD 3} Message(Share)
inp.1 << 19:07:02.546 [main] INFO Env - @{1 LOCKED}
out.1 >> unlock
inp.1 << 19:07:02.546 [main] INFO Env - @{1 UNLOCKED}
out.1 >> ping
out.2 >> ping
out.3 >> ping
out.4 >> ping
out.5 >> ping
inp.1 << 19:07:02.546 [main] INFO Env - @{1 PONG}
inp.5 << 19:07:02.546 [main] INFO Env - @{5 PONG}
inp.2 << 19:07:02.547 [main] INFO Env - @{2 PONG}
inp.3 << 19:07:02.547 [main] INFO Env - @{3 PONG}
inp.4 << 19:07:02.547 [main] INFO Env - @{4 PONG}
out.1 >> lock
inp.1 << 19:07:02.547 [main] INFO Env - @{1 LOCKED}
out.1 >> unlock
inp.1 << 19:07:02.547 [main] INFO Env - @{1 UNLOCKED}
out.1 >> ping
out.2 >> ping
out.3 >> ping
out.4 >> ping
out.5 >> ping
inp.5 << 19:07:02.547 [main] INFO Env - @{5 PONG}
inp.1 << 19:07:02.548 [main] INFO Env - @{1 PONG}
inp.3 << 19:07:02.548 [main] INFO Env - @{3 PONG}
inp.2 << 19:07:02.548 [main] INFO Env - @{2 PONG}
inp.4 << 19:07:02.548 [main] INFO Env - @{4 PONG}
out.1 >> lock
inp.1 << 19:07:02.548 [main] INFO Env - @{1 LOCKED}
out.1 >> unlock
inp.1 << 19:07:02.548 [main] INFO Env - @{1 UNLOCKED}
out.1 >> ping
out.2 >> ping
out.3 >> ping
out.4 >> ping
out.5 >> ping
inp.5 << 19:07:02.549 [main] INFO Env - @{5 PONG}
inp.1 << 19:07:02.549 [main] INFO Env - @{1 PONG}
inp.2 << 19:07:02.549 [main] INFO Env - @{2 PONG}
inp.3 << 19:07:02.549 [main] INFO Env - @{3 PONG}
inp.4 << 19:07:02.549 [main] INFO Env - @{4 PONG}
out.1 >> lock
out.5 >> lock
inp.1 << 19:07:02.549 [main] INFO Env - @{1 LOCKED}
inp.5 << 19:07:02.549 [main] INFO Env - @{5 SEND 1} Message(Ask)
out.1 >> unlock
inp.5 << 19:07:02.550 [main] INFO Env - @{5 SEND 2} Message(Ask)
inp.5 << 19:07:02.550 [main] INFO Env - @{5 SEND 3} Message(Ask)
inp.5 << 19:07:02.550 [main] INFO Env - @{5 SEND 4} Message(Ask)
inp.1 << 19:07:02.550 [main] INFO Env - @{1 RCVD 5} Message(Ask)
inp.1 << 19:07:02.550 [main] INFO Env - @{1 UNLOCKED}
inp.1 << 19:07:02.550 [main] INFO Env - @{1 SEND 5} Message(Share)
inp.2 << 19:07:02.550 [main] INFO Env - @{2 RCVD 5} Message(Ask)
inp.2 << 19:07:02.550 [main] INFO Env - @{2 SEND 5} Message(Share)
inp.5 << 19:07:02.550 [main] INFO Env - @{5 RCVD 1} Message(Share)
inp.5 << 19:07:02.550 [main] INFO Env - @{5 RCVD 2} Message(Share)
inp.3 << 19:07:02.550 [main] INFO Env - @{3 RCVD 5} Message(Ask)
inp.4 << 19:07:02.550 [main] INFO Env - @{4 RCVD 5} Message(Ask)
inp.3 << 19:07:02.550 [main] INFO Env - @{3 SEND 5} Message(Share)
inp.5 << 19:07:02.550 [main] INFO Env - @{5 RCVD 3} Message(Share)
inp.4 << 19:07:02.550 [main] INFO Env - @{4 SEND 5} Message(Share)
inp.5 << 19:07:02.551 [main] INFO Env - @{5 RCVD 4} Message(Share)
inp.5 << 19:07:02.551 [main] INFO Env - @{5 LOCKED}
out.5 >> unlock
inp.5 << 19:07:02.551 [main] INFO Env - @{5 UNLOCKED}
out.1 >> ping
out.2 >> ping
out.3 >> ping
out.4 >> ping
out.5 >> ping
inp.5 << 19:07:02.551 [main] INFO Env - @{5 PONG}
inp.1 << 19:07:02.551 [main] INFO Env - @{1 PONG}
inp.2 << 19:07:02.552 [main] INFO Env - @{2 PONG}
inp.3 << 19:07:02.552 [main] INFO Env - @{3 PONG}
inp.4 << 19:07:02.552 [main] INFO Env - @{4 PONG}
out.1 >> lock
out.5 >> lock
inp.5 << 19:07:02.552 [main] INFO Env - @{5 LOCKED}
out.5 >> unlock
inp.1 << 19:07:02.552 [main] INFO Env - @{1 SEND 5} Message(Ask)
inp.5 << 19:07:02.552 [main] INFO Env - @{5 UNLOCKED}
inp.5 << 19:07:02.552 [main] INFO Env - @{5 RCVD 1} Message(Ask)
inp.5 << 19:07:02.552 [main] INFO Env - @{5 SEND 1} Message(Share)
inp.1 << 19:07:02.552 [main] INFO Env - @{1 RCVD 5} Message(Share)
inp.1 << 19:07:02.552 [main] INFO Env - @{1 LOCKED}
out.1 >> unlock
inp.1 << 19:07:02.553 [main] INFO Env - @{1 UNLOCKED}
out.1 >> ping
out.2 >> ping
out.3 >> ping
out.4 >> ping
out.5 >> ping
inp.1 << 19:07:02.553 [main] INFO Env - @{1 PONG}
inp.5 << 19:07:02.553 [main] INFO Env - @{5 PONG}
inp.2 << 19:07:02.553 [main] INFO Env - @{2 PONG}
inp.3 << 19:07:02.553 [main] INFO Env - @{3 PONG}
inp.4 << 19:07:02.553 [main] INFO Env - @{4 PONG}
out.1 >> lock
out.5 >> lock
inp.5 << 19:07:02.554 [main] INFO Env - @{5 SEND 1} Message(Ask)
inp.1 << 19:07:02.554 [main] INFO Env - @{1 LOCKED}
out.1 >> unlock
inp.1 << 19:07:02.554 [main] INFO Env - @{1 RCVD 5} Message(Ask)
inp.1 << 19:07:02.554 [main] INFO Env - @{1 UNLOCKED}
inp.1 << 19:07:02.554 [main] INFO Env - @{1 SEND 5} Message(Share)
inp.5 << 19:07:02.554 [main] INFO Env - @{5 RCVD 1} Message(Share)
inp.5 << 19:07:02.554 [main] INFO Env - @{5 LOCKED}
out.5 >> unlock
inp.5 << 19:07:02.554 [main] INFO Env - @{5 UNLOCKED}
out.1 >> ping
out.2 >> ping
out.3 >> ping
out.4 >> ping
out.5 >> ping
inp.5 << 19:07:02.554 [main] INFO Env - @{5 PONG}
inp.1 << 19:07:02.554 [main] INFO Env - @{1 PONG}
inp.2 << 19:07:02.555 [main] INFO Env - @{2 PONG}
inp.3 << 19:07:02.555 [main] INFO Env - @{3 PONG}
inp.4 << 19:07:02.555 [main] INFO Env - @{4 PONG}
out.1 >> ping
out.2 >> ping
out.3 >> ping
out.4 >> ping
out.5 >> ping
inp.5 << 19:07:02.555 [main] INFO Env - @{5 PONG}
inp.1 << 19:07:02.555 [main] INFO Env - @{1 PONG}
inp.2 << 19:07:02.555 [main] INFO Env - @{2 PONG}
inp.3 << 19:07:02.555 [main] INFO Env - @{3 PONG}
inp.4 << 19:07:02.555 [main] INFO Env - @{4 PONG}
out.1 >> lock
inp.1 << 19:07:02.556 [main] INFO Env - @{1 SEND 5} Message(Ask)
inp.5 << 19:07:02.556 [main] INFO Env - @{5 RCVD 1} Message(Ask)
inp.5 << 19:07:02.556 [main] INFO Env - @{5 SEND 1} Message(Share)
inp.1 << 19:07:02.556 [main] INFO Env - @{1 RCVD 5} Message(Share)
inp.1 << 19:07:02.556 [main] INFO Env - @{1 LOCKED}
out.1 >> unlock
inp.1 << 19:07:02.556 [main] INFO Env - @{1 UNLOCKED}
out.1 >> ping
out.2 >> ping
out.3 >> ping
out.4 >> ping
out.5 >> ping
inp.1 << 19:07:02.556 [main] INFO Env - @{1 PONG}
inp.5 << 19:07:02.557 [main] INFO Env - @{5 PONG}
inp.3 << 19:07:02.557 [main] INFO Env - @{3 PONG}
inp.2 << 19:07:02.557 [main] INFO Env - @{2 PONG}
inp.4 << 19:07:02.557 [main] INFO Env - @{4 PONG}
out.2 >> lock
inp.2 << 19:07:02.557 [main] INFO Env - @{2 SEND 1} Message(Ask)
inp.2 << 19:07:02.557 [main] INFO Env - @{2 SEND 3} Message(Ask)
inp.2 << 19:07:02.557 [main] INFO Env - @{2 SEND 4} Message(Ask)
inp.2 << 19:07:02.558 [main] INFO Env - @{2 SEND 5} Message(Ask)
inp.1 << 19:07:02.558 [main] INFO Env - @{1 RCVD 2} Message(Ask)
inp.1 << 19:07:02.558 [main] INFO Env - @{1 SEND 2} Message(Share)
inp.5 << 19:07:02.558 [main] INFO Env - @{5 RCVD 2} Message(Ask)
inp.5 << 19:07:02.558 [main] INFO Env - @{5 SEND 2} Message(Share)
inp.3 << 19:07:02.558 [main] INFO Env - @{3 RCVD 2} Message(Ask)
inp.3 << 19:07:02.558 [main] INFO Env - @{3 SEND 2} Message(Share)
inp.4 << 19:07:02.558 [main] INFO Env - @{4 RCVD 2} Message(Ask)
inp.4 << 19:07:02.558 [main] INFO Env - @{4 SEND 2} Message(Share)
inp.2 << 19:07:02.558 [main] INFO Env - @{2 RCVD 1} Message(Share)
inp.2 << 19:07:02.558 [main] INFO Env - @{2 RCVD 5} Message(Share)
inp.2 << 19:07:02.558 [main] INFO Env - @{2 RCVD 3} Message(Share)
inp.2 << 19:07:02.558 [main] INFO Env - @{2 RCVD 4} Message(Share)
inp.2 << 19:07:02.558 [main] INFO Env - @{2 LOCKED}
out.2 >> unlock
inp.2 << 19:07:02.559 [main] INFO Env - @{2 UNLOCKED}
out.1 >> ping
out.2 >> ping
out.3 >> ping
out.4 >> ping
out.5 >> ping
inp.5 << 19:07:02.559 [main] INFO Env - @{5 PONG}
inp.1 << 19:07:02.559 [main] INFO Env - @{1 PONG}
inp.2 << 19:07:02.559 [main] INFO Env - @{2 PONG}
inp.3 << 19:07:02.560 [main] INFO Env - @{3 PONG}
inp.4 << 19:07:02.560 [main] INFO Env - @{4 PONG}
out.3 >> lock
inp.3 << 19:07:02.560 [main] INFO Env - @{3 SEND 1} Message(Ask)
inp.3 << 19:07:02.560 [main] INFO Env - @{3 SEND 2} Message(Ask)
inp.1 << 19:07:02.560 [main] INFO Env - @{1 RCVD 3} Message(Ask)
inp.3 << 19:07:02.560 [main] INFO Env - @{3 SEND 4} Message(Ask)
inp.1 << 19:07:02.560 [main] INFO Env - @{1 SEND 3} Message(Share)
inp.3 << 19:07:02.560 [main] INFO Env - @{3 SEND 5} Message(Ask)
inp.3 << 19:07:02.561 [main] INFO Env - @{3 RCVD 1} Message(Share)
inp.5 << 19:07:02.561 [main] INFO Env - @{5 RCVD 3} Message(Ask)
inp.5 << 19:07:02.561 [main] INFO Env - @{5 SEND 3} Message(Share)
inp.2 << 19:07:02.561 [main] INFO Env - @{2 RCVD 3} Message(Ask)
inp.4 << 19:07:02.561 [main] INFO Env - @{4 RCVD 3} Message(Ask)
inp.4 << 19:07:02.561 [main] INFO Env - @{4 SEND 3} Message(Share)
inp.2 << 19:07:02.561 [main] INFO Env - @{2 SEND 3} Message(Share)
inp.3 << 19:07:02.561 [main] INFO Env - @{3 RCVD 5} Message(Share)
inp.3 << 19:07:02.561 [main] INFO Env - @{3 RCVD 4} Message(Share)
inp.3 << 19:07:02.561 [main] INFO Env - @{3 RCVD 2} Message(Share)
inp.3 << 19:07:02.561 [main] INFO Env - @{3 LOCKED}
out.3 >> unlock
inp.3 << 19:07:02.561 [main] INFO Env - @{3 UNLOCKED}
out.1 >> ping
out.2 >> ping
out.3 >> ping
out.4 >> ping
out.5 >> ping
inp.5 << 19:07:02.562 [main] INFO Env - @{5 PONG}
inp.1 << 19:07:02.562 [main] INFO Env - @{1 PONG}
inp.2 << 19:07:02.562 [main] INFO Env - @{2 PONG}
inp.3 << 19:07:02.562 [main] INFO Env - @{3 PONG}
inp.4 << 19:07:02.563 [main] INFO Env - @{4 PONG}
out.4 >> lock
inp.4 << 19:07:02.563 [main] INFO Env - @{4 SEND 1} Message(Ask)
inp.4 << 19:07:02.563 [main] INFO Env - @{4 SEND 2} Message(Ask)
inp.1 << 19:07:02.563 [main] INFO Env - @{1 RCVD 4} Message(Ask)
inp.1 << 19:07:02.563 [main] INFO Env - @{1 SEND 4} Message(Share)
inp.4 << 19:07:02.563 [main] INFO Env - @{4 SEND 3} Message(Ask)
inp.4 << 19:07:02.564 [main] INFO Env - @{4 SEND 5} Message(Ask)
inp.5 << 19:07:02.564 [main] INFO Env - @{5 RCVD 4} Message(Ask)
inp.5 << 19:07:02.564 [main] INFO Env - @{5 SEND 4} Message(Share)
inp.4 << 19:07:02.564 [main] INFO Env - @{4 RCVD 1} Message(Share)
inp.4 << 19:07:02.564 [main] INFO Env - @{4 RCVD 5} Message(Share)
inp.2 << 19:07:02.564 [main] INFO Env - @{2 RCVD 4} Message(Ask)
inp.2 << 19:07:02.565 [main] INFO Env - @{2 SEND 4} Message(Share)
inp.3 << 19:07:02.565 [main] INFO Env - @{3 RCVD 4} Message(Ask)
inp.3 << 19:07:02.566 [main] INFO Env - @{3 SEND 4} Message(Share)
inp.4 << 19:07:02.566 [main] INFO Env - @{4 RCVD 2} Message(Share)
inp.4 << 19:07:02.566 [main] INFO Env - @{4 RCVD 3} Message(Share)
inp.4 << 19:07:02.566 [main] INFO Env - @{4 LOCKED}
out.4 >> unlock
inp.4 << 19:07:02.566 [main] INFO Env - @{4 UNLOCKED}
out.1 >> ping
out.2 >> ping
out.3 >> ping
out.4 >> ping
out.5 >> ping
inp.1 << 19:07:02.567 [main] INFO Env - @{1 PONG}
inp.2 << 19:07:02.567 [main] INFO Env - @{2 PONG}
inp.5 << 19:07:02.567 [main] INFO Env - @{5 PONG}
inp.3 << 19:07:02.567 [main] INFO Env - @{3 PONG}
inp.4 << 19:07:02.567 [main] INFO Env - @{4 PONG}
out.5 >> lock
inp.5 << 19:07:02.567 [main] INFO Env - @{5 SEND 1} Message(Ask)
inp.5 << 19:07:02.567 [main] INFO Env - @{5 SEND 2} Message(Ask)
inp.5 << 19:07:02.567 [main] INFO Env - @{5 SEND 3} Message(Ask)
inp.5 << 19:07:02.568 [main] INFO Env - @{5 SEND 4} Message(Ask)
inp.5 << 19:07:02.568 [main] INFO Env - @{5 RCVD 1} Message(Share)
inp.2 << 19:07:02.568 [main] INFO Env - @{2 RCVD 5} Message(Ask)
inp.2 << 19:07:02.568 [main] INFO Env - @{2 SEND 5} Message(Share)
inp.3 << 19:07:02.568 [main] INFO Env - @{3 RCVD 5} Message(Ask)
inp.5 << 19:07:02.568 [main] INFO Env - @{5 RCVD 2} Message(Share)
inp.3 << 19:07:02.568 [main] INFO Env - @{3 SEND 5} Message(Share)
inp.5 << 19:07:02.568 [main] INFO Env - @{5 RCVD 3} Message(Share)
inp.1 << 19:07:02.567 [main] INFO Env - @{1 RCVD 5} Message(Ask)
inp.1 << 19:07:02.568 [main] INFO Env - @{1 SEND 5} Message(Share)
inp.4 << 19:07:02.568 [main] INFO Env - @{4 RCVD 5} Message(Ask)
inp.4 << 19:07:02.569 [main] INFO Env - @{4 SEND 5} Message(Share)
inp.5 << 19:07:02.569 [main] INFO Env - @{5 RCVD 4} Message(Share)
inp.5 << 19:07:02.569 [main] INFO Env - @{5 LOCKED}
out.5 >> unlock
inp.5 << 19:07:02.569 [main] INFO Env - @{5 UNLOCKED}
out.1 >> ping
out.2 >> ping
out.3 >> ping
out.4 >> ping
out.5 >> ping
inp.5 << 19:07:02.569 [main] INFO Env - @{5 PONG}
inp.1 << 19:07:02.570 [main] INFO Env - @{1 PONG}
inp.2 << 19:07:02.570 [main] INFO Env - @{2 PONG}
inp.3 << 19:07:02.570 [main] INFO Env - @{3 PONG}
inp.4 << 19:07:02.570 [main] INFO Env - @{4 PONG}
out.4 >> lock
out.3 >> lock
out.1 >> lock
out.5 >> lock
out.2 >> lock
inp.5 << 19:07:02.571 [main] INFO Env - @{5 LOCKED}
out.5 >> unlock
inp.1 << 19:07:02.571 [main] INFO Env - @{1 SEND 2} Message(Ask)
inp.1 << 19:07:02.571 [main] INFO Env - @{1 SEND 3} Message(Ask)
inp.1 << 19:07:02.571 [main] INFO Env - @{1 SEND 4} Message(Ask)
inp.1 << 19:07:02.571 [main] INFO Env - @{1 SEND 5} Message(Ask)
inp.5 << 19:07:02.571 [main] INFO Env - @{5 UNLOCKED}
inp.5 << 19:07:02.571 [main] INFO Env - @{5 RCVD 1} Message(Ask)
inp.5 << 19:07:02.571 [main] INFO Env - @{5 SEND 1} Message(Share)
inp.1 << 19:07:02.571 [main] INFO Env - @{1 RCVD 5} Message(Share)
inp.4 << 19:07:02.571 [main] INFO Env - @{4 SEND 5} Message(Ask)
inp.5 << 19:07:02.571 [main] INFO Env - @{5 RCVD 4} Message(Ask)
inp.4 << 19:07:02.571 [main] INFO Env - @{4 RCVD 1} Message(Ask)
inp.2 << 19:07:02.571 [main] INFO Env - @{2 SEND 3} Message(Ask)
inp.5 << 19:07:02.571 [main] INFO Env - @{5 SEND 4} Message(Share)
inp.4 << 19:07:02.572 [main] INFO Env - @{4 SEND 1} Message(Share)
inp.4 << 19:07:02.572 [main] INFO Env - @{4 SEND 1} Message(Ask)
inp.4 << 19:07:02.572 [main] INFO Env - @{4 RCVD 5} Message(Share)
inp.1 << 19:07:02.572 [main] INFO Env - @{1 RCVD 4} Message(Share)
inp.1 << 19:07:02.572 [main] INFO Env - @{1 RCVD 4} Message(Ask)
inp.2 << 19:07:02.572 [main] INFO Env - @{2 SEND 4} Message(Ask)
inp.3 << 19:07:02.571 [main] INFO Env - @{3 SEND 4} Message(Ask)
inp.2 << 19:07:02.572 [main] INFO Env - @{2 SEND 5} Message(Ask)
inp.3 << 19:07:02.572 [main] INFO Env - @{3 SEND 5} Message(Ask)
inp.3 << 19:07:02.572 [main] INFO Env - @{3 RCVD 1} Message(Ask)
inp.5 << 19:07:02.572 [main] INFO Env - @{5 RCVD 2} Message(Ask)
inp.5 << 19:07:02.572 [main] INFO Env - @{5 SEND 2} Message(Share)
inp.3 << 19:07:02.572 [main] INFO Env - @{3 SEND 1} Message(Share)
inp.5 << 19:07:02.572 [main] INFO Env - @{5 RCVD 3} Message(Ask)
inp.5 << 19:07:02.572 [main] INFO Env - @{5 SEND 3} Message(Share)
inp.1 << 19:07:02.572 [main] INFO Env - @{1 RCVD 3} Message(Share)
inp.3 << 19:07:02.573 [main] INFO Env - @{3 SEND 1} Message(Ask)
inp.2 << 19:07:02.572 [main] INFO Env - @{2 RCVD 1} Message(Ask)
inp.3 << 19:07:02.573 [main] INFO Env - @{3 RCVD 2} Message(Ask)
inp.2 << 19:07:02.573 [main] INFO Env - @{2 SEND 1} Message(Share)
inp.3 << 19:07:02.573 [main] INFO Env - @{3 SEND 2} Message(Share)
inp.1 << 19:07:02.573 [main] INFO Env - @{1 RCVD 3} Message(Ask)
inp.1 << 19:07:02.573 [main] INFO Env - @{1 RCVD 2} Message(Share)
inp.1 << 19:07:02.573 [main] INFO Env - @{1 LOCKED}
inp.3 << 19:07:02.573 [main] INFO Env - @{3 SEND 2} Message(Ask)
out.1 >> unlock
inp.3 << 19:07:02.573 [main] INFO Env - @{3 RCVD 5} Message(Share)
inp.2 << 19:07:02.573 [main] INFO Env - @{2 SEND 1} Message(Ask)
inp.1 << 19:07:02.573 [main] INFO Env - @{1 UNLOCKED}
inp.1 << 19:07:02.573 [main] INFO Env - @{1 SEND 3} Message(Share)
inp.2 << 19:07:02.573 [main] INFO Env - @{2 RCVD 5} Message(Share)
inp.1 << 19:07:02.573 [main] INFO Env - @{1 SEND 4} Message(Share)
inp.1 << 19:07:02.573 [main] INFO Env - @{1 RCVD 2} Message(Ask)
inp.1 << 19:07:02.573 [main] INFO Env - @{1 SEND 2} Message(Share)
inp.2 << 19:07:02.574 [main] INFO Env - @{2 RCVD 3} Message(Share)
inp.2 << 19:07:02.574 [main] INFO Env - @{2 RCVD 3} Message(Ask)
inp.2 << 19:07:02.574 [main] INFO Env - @{2 RCVD 1} Message(Share)
inp.4 << 19:07:02.574 [main] INFO Env - @{4 RCVD 2} Message(Ask)
inp.4 << 19:07:02.574 [main] INFO Env - @{4 SEND 2} Message(Share)
inp.4 << 19:07:02.574 [main] INFO Env - @{4 SEND 2} Message(Ask)
inp.4 << 19:07:02.574 [main] INFO Env - @{4 RCVD 3} Message(Ask)
inp.4 << 19:07:02.574 [main] INFO Env - @{4 SEND 3} Message(Share)
inp.4 << 19:07:02.574 [main] INFO Env - @{4 SEND 3} Message(Ask)
inp.4 << 19:07:02.574 [main] INFO Env - @{4 RCVD 1} Message(Share)
inp.3 << 19:07:02.575 [main] INFO Env - @{3 RCVD 1} Message(Share)
inp.3 << 19:07:02.575 [main] INFO Env - @{3 RCVD 4} Message(Share)
inp.3 << 19:07:02.575 [main] INFO Env - @{3 RCVD 4} Message(Ask)
inp.2 << 19:07:02.575 [main] INFO Env - @{2 RCVD 4} Message(Share)
inp.2 << 19:07:02.575 [main] INFO Env - @{2 LOCKED}
inp.2 << 19:07:02.575 [main] INFO Env - @{2 RCVD 4} Message(Ask)
out.2 >> unlock
inp.2 << 19:07:02.575 [main] INFO Env - @{2 UNLOCKED}
inp.2 << 19:07:02.575 [main] INFO Env - @{2 SEND 3} Message(Share)
inp.2 << 19:07:02.575 [main] INFO Env - @{2 SEND 4} Message(Share)
inp.3 << 19:07:02.575 [main] INFO Env - @{3 RCVD 2} Message(Share)
inp.3 << 19:07:02.575 [main] INFO Env - @{3 LOCKED}
out.3 >> unlock
inp.4 << 19:07:02.576 [main] INFO Env - @{4 RCVD 2} Message(Share)
inp.3 << 19:07:02.576 [main] INFO Env - @{3 UNLOCKED}
inp.3 << 19:07:02.576 [main] INFO Env - @{3 SEND 4} Message(Share)
inp.4 << 19:07:02.576 [main] INFO Env - @{4 RCVD 3} Message(Share)
inp.4 << 19:07:02.576 [main] INFO Env - @{4 LOCKED}
out.4 >> unlock
inp.4 << 19:07:02.576 [main] INFO Env - @{4 UNLOCKED}
out.1 >> ping
out.2 >> ping
out.3 >> ping
out.4 >> ping
out.5 >> ping
inp.1 << 19:07:02.577 [main] INFO Env - @{1 PONG}
inp.5 << 19:07:02.577 [main] INFO Env - @{5 PONG}
inp.2 << 19:07:02.577 [main] INFO Env - @{2 PONG}
inp.3 << 19:07:02.577 [main] INFO Env - @{3 PONG}
inp.4 << 19:07:02.577 [main] INFO Env - @{4 PONG}
out.2 >> lock
inp.2 << 19:07:02.577 [main] INFO Env - @{2 SEND 3} Message(Ask)
inp.2 << 19:07:02.577 [main] INFO Env - @{2 SEND 4} Message(Ask)
inp.3 << 19:07:02.578 [main] INFO Env - @{3 RCVD 2} Message(Ask)
inp.3 << 19:07:02.578 [main] INFO Env - @{3 SEND 2} Message(Share)
inp.4 << 19:07:02.578 [main] INFO Env - @{4 RCVD 2} Message(Ask)
inp.4 << 19:07:02.578 [main] INFO Env - @{4 SEND 2} Message(Share)
inp.2 << 19:07:02.578 [main] INFO Env - @{2 RCVD 3} Message(Share)
inp.2 << 19:07:02.578 [main] INFO Env - @{2 RCVD 4} Message(Share)
inp.2 << 19:07:02.578 [main] INFO Env - @{2 LOCKED}
out.2 >> unlock
inp.2 << 19:07:02.578 [main] INFO Env - @{2 UNLOCKED}
out.1 >> ping
out.2 >> ping
out.3 >> ping
out.4 >> ping
out.5 >> ping
inp.5 << 19:07:02.579 [main] INFO Env - @{5 PONG}
inp.1 << 19:07:02.579 [main] INFO Env - @{1 PONG}
inp.2 << 19:07:02.579 [main] INFO Env - @{2 PONG}
inp.3 << 19:07:02.579 [main] INFO Env - @{3 PONG}
inp.4 << 19:07:02.579 [main] INFO Env - @{4 PONG}
out.2 >> lock
inp.2 << 19:07:02.580 [main] INFO Env - @{2 LOCKED}
out.2 >> unlock
inp.2 << 19:07:02.580 [main] INFO Env - @{2 UNLOCKED}
out.1 >> ping
out.2 >> ping
out.3 >> ping
out.4 >> ping
out.5 >> ping
inp.1 << 19:07:02.580 [main] INFO Env - @{1 PONG}
inp.5 << 19:07:02.580 [main] INFO Env - @{5 PONG}
inp.2 << 19:07:02.580 [main] INFO Env - @{2 PONG}
inp.3 << 19:07:02.581 [main] INFO Env - @{3 PONG}
inp.4 << 19:07:02.581 [main] INFO Env - @{4 PONG}
out.2 >> lock
inp.2 << 19:07:02.581 [main] INFO Env - @{2 LOCKED}
out.2 >> unlock
inp.2 << 19:07:02.581 [main] INFO Env - @{2 UNLOCKED}
out.1 >> ping
out.2 >> ping
out.3 >> ping
out.4 >> ping
out.5 >> ping
inp.5 << 19:07:02.581 [main] INFO Env - @{5 PONG}
inp.1 << 19:07:02.581 [main] INFO Env - @{1 PONG}
inp.2 << 19:07:02.582 [main] INFO Env - @{2 PONG}
inp.3 << 19:07:02.582 [main] INFO Env - @{3 PONG}
inp.4 << 19:07:02.582 [main] INFO Env - @{4 PONG}
out.2 >> lock
out.4 >> lock
inp.4 << 19:07:02.582 [main] INFO Env - @{4 SEND 2} Message(Ask)
inp.2 << 19:07:02.583 [main] INFO Env - @{2 LOCKED}
inp.2 << 19:07:02.583 [main] INFO Env - @{2 RCVD 4} Message(Ask)
out.2 >> unlock
inp.2 << 19:07:02.583 [main] INFO Env - @{2 UNLOCKED}
inp.2 << 19:07:02.583 [main] INFO Env - @{2 SEND 4} Message(Share)
inp.4 << 19:07:02.584 [main] INFO Env - @{4 RCVD 2} Message(Share)
inp.4 << 19:07:02.584 [main] INFO Env - @{4 LOCKED}
out.4 >> unlock
inp.4 << 19:07:02.584 [main] INFO Env - @{4 UNLOCKED}
out.1 >> ping
out.2 >> ping
out.3 >> ping
out.4 >> ping
out.5 >> ping
inp.5 << 19:07:02.584 [main] INFO Env - @{5 PONG}
inp.1 << 19:07:02.584 [main] INFO Env - @{1 PONG}
inp.2 << 19:07:02.584 [main] INFO Env - @{2 PONG}
inp.4 << 19:07:02.584 [main] INFO Env - @{4 PONG}
inp.3 << 19:07:02.584 [main] INFO Env - @{3 PONG}
out.2 >> lock
out.4 >> lock
inp.4 << 19:07:02.585 [main] INFO Env - @{4 LOCKED}
out.4 >> unlock
inp.2 << 19:07:02.585 [main] INFO Env - @{2 SEND 4} Message(Ask)
inp.4 << 19:07:02.585 [main] INFO Env - @{4 UNLOCKED}
inp.4 << 19:07:02.585 [main] INFO Env - @{4 RCVD 2} Message(Ask)
inp.4 << 19:07:02.585 [main] INFO Env - @{4 SEND 2} Message(Share)
inp.2 << 19:07:02.585 [main] INFO Env - @{2 RCVD 4} Message(Share)
inp.2 << 19:07:02.585 [main] INFO Env - @{2 LOCKED}
out.2 >> unlock
inp.2 << 19:07:02.586 [main] INFO Env - @{2 UNLOCKED}
out.1 >> ping
out.2 >> ping
out.3 >> ping
out.4 >> ping
out.5 >> ping
inp.5 << 19:07:02.586 [main] INFO Env - @{5 PONG}
inp.1 << 19:07:02.586 [main] INFO Env - @{1 PONG}
inp.2 << 19:07:02.587 [main] INFO Env - @{2 PONG}
inp.3 << 19:07:02.587 [main] INFO Env - @{3 PONG}
inp.4 << 19:07:02.587 [main] INFO Env - @{4 PONG}
out.2 >> lock
out.4 >> lock
inp.2 << 19:07:02.587 [main] INFO Env - @{2 LOCKED}
inp.4 << 19:07:02.587 [main] INFO Env - @{4 SEND 2} Message(Ask)
out.2 >> unlock
inp.2 << 19:07:02.587 [main] INFO Env - @{2 RCVD 4} Message(Ask)
inp.2 << 19:07:02.587 [main] INFO Env - @{2 UNLOCKED}
inp.2 << 19:07:02.587 [main] INFO Env - @{2 SEND 4} Message(Share)
inp.4 << 19:07:02.587 [main] INFO Env - @{4 RCVD 2} Message(Share)
inp.4 << 19:07:02.588 [main] INFO Env - @{4 LOCKED}
out.4 >> unlock
inp.4 << 19:07:02.588 [main] INFO Env - @{4 UNLOCKED}
out.1 >> ping
out.2 >> ping
out.3 >> ping
out.4 >> ping
out.5 >> ping
inp.5 << 19:07:02.588 [main] INFO Env - @{5 PONG}
inp.1 << 19:07:02.588 [main] INFO Env - @{1 PONG}
inp.4 << 19:07:02.589 [main] INFO Env - @{4 PONG}
inp.2 << 19:07:02.589 [main] INFO Env - @{2 PONG}
inp.3 << 19:07:02.589 [main] INFO Env - @{3 PONG}
out.1 >> ping
out.2 >> ping
out.3 >> ping
out.4 >> ping
out.5 >> ping
inp.5 << 19:07:02.590 [main] INFO Env - @{5 PONG}
inp.1 << 19:07:02.590 [main] INFO Env - @{1 PONG}
inp.2 << 19:07:02.590 [main] INFO Env - @{2 PONG}
inp.3 << 19:07:02.590 [main] INFO Env - @{3 PONG}
inp.4 << 19:07:02.590 [main] INFO Env - @{4 PONG}
out.1 >> lock
inp.1 << 19:07:02.590 [main] INFO Env - @{1 SEND 2} Message(Ask)
inp.1 << 19:07:02.590 [main] INFO Env - @{1 SEND 3} Message(Ask)
inp.2 << 19:07:02.591 [main] INFO Env - @{2 RCVD 1} Message(Ask)
inp.1 << 19:07:02.591 [main] INFO Env - @{1 SEND 4} Message(Ask)
inp.2 << 19:07:02.591 [main] INFO Env - @{2 SEND 1} Message(Share)
inp.1 << 19:07:02.591 [main] INFO Env - @{1 RCVD 2} Message(Share)
inp.3 << 19:07:02.592 [main] INFO Env - @{3 RCVD 1} Message(Ask)
inp.3 << 19:07:02.592 [main] INFO Env - @{3 SEND 1} Message(Share)
inp.1 << 19:07:02.592 [main] INFO Env - @{1 RCVD 3} Message(Share)
inp.4 << 19:07:02.615 [main] INFO Env - @{4 RCVD 1} Message(Ask)
inp.4 << 19:07:02.616 [main] INFO Env - @{4 SEND 1} Message(Share)
inp.1 << 19:07:02.616 [main] INFO Env - @{1 RCVD 4} Message(Share)
inp.1 << 19:07:02.616 [main] INFO Env - @{1 LOCKED}
out.1 >> unlock
inp.1 << 19:07:02.617 [main] INFO Env - @{1 UNLOCKED}
out.1 >> ping
out.2 >> ping
out.3 >> ping
out.4 >> ping
out.5 >> ping
inp.1 << 19:07:02.617 [main] INFO Env - @{1 PONG}
inp.5 << 19:07:02.617 [main] INFO Env - @{5 PONG}
inp.2 << 19:07:02.617 [main] INFO Env - @{2 PONG}
inp.3 << 19:07:02.617 [main] INFO Env - @{3 PONG}
inp.4 << 19:07:02.618 [main] INFO Env - @{4 PONG}
out.2 >> lock
inp.2 << 19:07:02.618 [main] INFO Env - @{2 SEND 1} Message(Ask)
inp.1 << 19:07:02.618 [main] INFO Env - @{1 RCVD 2} Message(Ask)
inp.1 << 19:07:02.619 [main] INFO Env - @{1 SEND 2} Message(Share)
inp.2 << 19:07:02.619 [main] INFO Env - @{2 SEND 4} Message(Ask)
inp.2 << 19:07:02.619 [main] INFO Env - @{2 RCVD 1} Message(Share)
inp.4 << 19:07:02.624 [main] INFO Env - @{4 RCVD 2} Message(Ask)
inp.4 << 19:07:02.624 [main] INFO Env - @{4 SEND 2} Message(Share)
inp.2 << 19:07:02.625 [main] INFO Env - @{2 RCVD 4} Message(Share)
inp.2 << 19:07:02.625 [main] INFO Env - @{2 LOCKED}
out.2 >> unlock
inp.2 << 19:07:02.625 [main] INFO Env - @{2 UNLOCKED}
out.1 >> ping
out.2 >> ping
out.3 >> ping
out.4 >> ping
out.5 >> ping
inp.5 << 19:07:02.626 [main] INFO Env - @{5 PONG}
inp.1 << 19:07:02.626 [main] INFO Env - @{1 PONG}
inp.2 << 19:07:02.626 [main] INFO Env - @{2 PONG}
inp.3 << 19:07:02.626 [main] INFO Env - @{3 PONG}
inp.4 << 19:07:02.626 [main] INFO Env - @{4 PONG}
out.3 >> lock
inp.3 << 19:07:02.626 [main] INFO Env - @{3 SEND 1} Message(Ask)
inp.3 << 19:07:02.626 [main] INFO Env - @{3 SEND 2} Message(Ask)
inp.1 << 19:07:02.627 [main] INFO Env - @{1 RCVD 3} Message(Ask)
inp.1 << 19:07:02.627 [main] INFO Env - @{1 SEND 3} Message(Share)
inp.3 << 19:07:02.627 [main] INFO Env - @{3 SEND 4} Message(Ask)
inp.3 << 19:07:02.627 [main] INFO Env - @{3 RCVD 1} Message(Share)
inp.3 << 19:07:02.627 [main] INFO Env - @{3 RCVD 2} Message(Share)
inp.4 << 19:07:02.627 [main] INFO Env - @{4 RCVD 3} Message(Ask)
inp.4 << 19:07:02.627 [main] INFO Env - @{4 SEND 3} Message(Share)
inp.3 << 19:07:02.627 [main] INFO Env - @{3 RCVD 4} Message(Share)
inp.3 << 19:07:02.627 [main] INFO Env - @{3 LOCKED}
inp.2 << 19:07:02.627 [main] INFO Env - @{2 RCVD 3} Message(Ask)
inp.2 << 19:07:02.627 [main] INFO Env - @{2 SEND 3} Message(Share)
out.3 >> unlock
inp.3 << 19:07:02.629 [main] INFO Env - @{3 UNLOCKED}
out.1 >> ping
out.2 >> ping
out.3 >> ping
out.4 >> ping
out.5 >> ping
inp.5 << 19:07:02.629 [main] INFO Env - @{5 PONG}
inp.1 << 19:07:02.629 [main] INFO Env - @{1 PONG}
inp.2 << 19:07:02.630 [main] INFO Env - @{2 PONG}
inp.3 << 19:07:02.630 [main] INFO Env - @{3 PONG}
inp.4 << 19:07:02.630 [main] INFO Env - @{4 PONG}
out.4 >> lock
inp.4 << 19:07:02.630 [main] INFO Env - @{4 SEND 1} Message(Ask)
inp.1 << 19:07:02.630 [main] INFO Env - @{1 RCVD 4} Message(Ask)
inp.1 << 19:07:02.630 [main] INFO Env - @{1 SEND 4} Message(Share)
inp.4 << 19:07:02.631 [main] INFO Env - @{4 SEND 2} Message(Ask)
inp.2 << 19:07:02.631 [main] INFO Env - @{2 RCVD 4} Message(Ask)
inp.2 << 19:07:02.632 [main] INFO Env - @{2 SEND 4} Message(Share)
inp.4 << 19:07:02.636 [main] INFO Env - @{4 SEND 3} Message(Ask)
inp.3 << 19:07:02.636 [main] INFO Env - @{3 RCVD 4} Message(Ask)
inp.3 << 19:07:02.636 [main] INFO Env - @{3 SEND 4} Message(Share)
inp.4 << 19:07:02.636 [main] INFO Env - @{4 RCVD 1} Message(Share)
inp.4 << 19:07:02.636 [main] INFO Env - @{4 RCVD 2} Message(Share)
inp.4 << 19:07:02.636 [main] INFO Env - @{4 RCVD 3} Message(Share)
inp.4 << 19:07:02.636 [main] INFO Env - @{4 LOCKED}
out.4 >> unlock
inp.4 << 19:07:02.637 [main] INFO Env - @{4 UNLOCKED}
out.1 >> ping
out.2 >> ping
out.3 >> ping
out.4 >> ping
out.5 >> ping
inp.1 << 19:07:02.637 [main] INFO Env - @{1 PONG}
inp.2 << 19:07:02.637 [main] INFO Env - @{2 PONG}
inp.5 << 19:07:02.637 [main] INFO Env - @{5 PONG}
inp.4 << 19:07:02.638 [main] INFO Env - @{4 PONG}
inp.3 << 19:07:02.638 [main] INFO Env - @{3 PONG}
out.5 >> lock
inp.5 << 19:07:02.639 [main] INFO Env - @{5 SEND 1} Message(Ask)
inp.5 << 19:07:02.639 [main] INFO Env - @{5 SEND 2} Message(Ask)
inp.5 << 19:07:02.639 [main] INFO Env - @{5 SEND 3} Message(Ask)
inp.5 << 19:07:02.639 [main] INFO Env - @{5 SEND 4} Message(Ask)
inp.1 << 19:07:02.639 [main] INFO Env - @{1 RCVD 5} Message(Ask)
inp.1 << 19:07:02.640 [main] INFO Env - @{1 SEND 5} Message(Share)
inp.5 << 19:07:02.640 [main] INFO Env - @{5 RCVD 1} Message(Share)
inp.2 << 19:07:02.640 [main] INFO Env - @{2 RCVD 5} Message(Ask)
inp.2 << 19:07:02.640 [main] INFO Env - @{2 SEND 5} Message(Share)
inp.5 << 19:07:02.640 [main] INFO Env - @{5 RCVD 2} Message(Share)
inp.3 << 19:07:02.640 [main] INFO Env - @{3 RCVD 5} Message(Ask)
inp.3 << 19:07:02.640 [main] INFO Env - @{3 SEND 5} Message(Share)
inp.5 << 19:07:02.641 [main] INFO Env - @{5 RCVD 3} Message(Share)
inp.4 << 19:07:02.641 [main] INFO Env - @{4 RCVD 5} Message(Ask)
inp.4 << 19:07:02.641 [main] INFO Env - @{4 SEND 5} Message(Share)
inp.5 << 19:07:02.641 [main] INFO Env - @{5 RCVD 4} Message(Share)
inp.5 << 19:07:02.641 [main] INFO Env - @{5 LOCKED}
out.5 >> unlock
inp.5 << 19:07:02.642 [main] INFO Env - @{5 UNLOCKED}
out.1 >> ping
out.2 >> ping
out.3 >> ping
out.4 >> ping
out.5 >> ping
inp.5 << 19:07:02.642 [main] INFO Env - @{5 PONG}
inp.1 << 19:07:02.642 [main] INFO Env - @{1 PONG}
inp.2 << 19:07:02.642 [main] INFO Env - @{2 PONG}
inp.3 << 19:07:02.642 [main] INFO Env - @{3 PONG}
inp.4 << 19:07:02.642 [main] INFO Env - @{4 PONG}
out.1 >> lock
out.5 >> lock
out.3 >> lock
out.4 >> lock
out.2 >> lock
inp.5 << 19:07:02.644 [main] INFO Env - @{5 LOCKED}
inp.1 << 19:07:02.644 [main] INFO Env - @{1 SEND 2} Message(Ask)
out.5 >> unlock
inp.5 << 19:07:02.645 [main] INFO Env - @{5 UNLOCKED}
inp.1 << 19:07:02.645 [main] INFO Env - @{1 SEND 3} Message(Ask)
inp.1 << 19:07:02.646 [main] INFO Env - @{1 SEND 4} Message(Ask)
inp.3 << 19:07:02.647 [main] INFO Env - @{3 SEND 4} Message(Ask)
inp.1 << 19:07:02.648 [main] INFO Env - @{1 SEND 5} Message(Ask)
inp.5 << 19:07:02.649 [main] INFO Env - @{5 RCVD 1} Message(Ask)
inp.5 << 19:07:02.649 [main] INFO Env - @{5 SEND 1} Message(Share)
inp.5 << 19:07:02.651 [main] INFO Env - @{5 RCVD 2} Message(Ask)
inp.5 << 19:07:02.651 [main] INFO Env - @{5 SEND 2} Message(Share)
inp.1 << 19:07:02.651 [main] INFO Env - @{1 RCVD 5} Message(Share)
inp.3 << 19:07:02.653 [main] INFO Env - @{3 SEND 5} Message(Ask)
inp.5 << 19:07:02.654 [main] INFO Env - @{5 RCVD 3} Message(Ask)
inp.1 << 19:07:02.654 [main] INFO Env - @{1 RCVD 2} Message(Share)
inp.3 << 19:07:02.655 [main] INFO Env - @{3 RCVD 1} Message(Ask)
inp.5 << 19:07:02.655 [main] INFO Env - @{5 SEND 3} Message(Share)
inp.3 << 19:07:02.655 [main] INFO Env - @{3 SEND 1} Message(Share)
inp.3 << 19:07:02.655 [main] INFO Env - @{3 SEND 1} Message(Ask)
inp.3 << 19:07:02.656 [main] INFO Env - @{3 RCVD 2} Message(Ask)
inp.3 << 19:07:02.656 [main] INFO Env - @{3 SEND 2} Message(Share)
inp.3 << 19:07:02.656 [main] INFO Env - @{3 SEND 2} Message(Ask)
inp.3 << 19:07:02.657 [main] INFO Env - @{3 RCVD 5} Message(Share)
inp.1 << 19:07:02.657 [main] INFO Env - @{1 RCVD 3} Message(Share)
inp.1 << 19:07:02.659 [main] INFO Env - @{1 RCVD 3} Message(Ask)
inp.1 << 19:07:02.659 [main] INFO Env - @{1 RCVD 2} Message(Ask)
inp.4 << 19:07:02.660 [main] INFO Env - @{4 SEND 5} Message(Ask)
inp.5 << 19:07:02.661 [main] INFO Env - @{5 RCVD 4} Message(Ask)
inp.4 << 19:07:02.661 [main] INFO Env - @{4 RCVD 1} Message(Ask)
inp.4 << 19:07:02.661 [main] INFO Env - @{4 SEND 1} Message(Share)
inp.4 << 19:07:02.661 [main] INFO Env - @{4 SEND 1} Message(Ask)
inp.4 << 19:07:02.661 [main] INFO Env - @{4 RCVD 3} Message(Ask)
inp.4 << 19:07:02.661 [main] INFO Env - @{4 SEND 3} Message(Share)
inp.4 << 19:07:02.661 [main] INFO Env - @{4 SEND 3} Message(Ask)
inp.4 << 19:07:02.661 [main] INFO Env - @{4 RCVD 2} Message(Ask)
inp.4 << 19:07:02.662 [main] INFO Env - @{4 SEND 2} Message(Share)
inp.4 << 19:07:02.662 [main] INFO Env - @{4 SEND 2} Message(Ask)
inp.5 << 19:07:02.662 [main] INFO Env - @{5 SEND 4} Message(Share)
inp.1 << 19:07:02.662 [main] INFO Env - @{1 RCVD 4} Message(Share)
inp.3 << 19:07:02.662 [main] INFO Env - @{3 RCVD 4} Message(Share)
inp.1 << 19:07:02.662 [main] INFO Env - @{1 LOCKED}
inp.3 << 19:07:02.662 [main] INFO Env - @{3 RCVD 4} Message(Ask)
inp.1 << 19:07:02.662 [main] INFO Env - @{1 RCVD 4} Message(Ask)
inp.4 << 19:07:02.663 [main] INFO Env - @{4 RCVD 5} Message(Share)
inp.2 << 19:07:02.647 [main] INFO Env - @{2 SEND 3} Message(Ask)
inp.2 << 19:07:02.648 [main] INFO Env - @{2 SEND 4} Message(Ask)
inp.2 << 19:07:02.649 [main] INFO Env - @{2 SEND 5} Message(Ask)
inp.2 << 19:07:02.653 [main] INFO Env - @{2 RCVD 1} Message(Ask)
inp.2 << 19:07:02.653 [main] INFO Env - @{2 SEND 1} Message(Share)
inp.2 << 19:07:02.656 [main] INFO Env - @{2 SEND 1} Message(Ask)
inp.2 << 19:07:02.656 [main] INFO Env - @{2 RCVD 5} Message(Share)
inp.2 << 19:07:02.659 [main] INFO Env - @{2 RCVD 3} Message(Share)
inp.2 << 19:07:02.660 [main] INFO Env - @{2 RCVD 3} Message(Ask)
inp.2 << 19:07:02.662 [main] INFO Env - @{2 RCVD 4} Message(Share)
inp.2 << 19:07:02.663 [main] INFO Env - @{2 RCVD 4} Message(Ask)
out.1 >> unlock
inp.1 << 19:07:02.663 [main] INFO Env - @{1 UNLOCKED}
inp.1 << 19:07:02.663 [main] INFO Env - @{1 SEND 2} Message(Share)
inp.1 << 19:07:02.663 [main] INFO Env - @{1 SEND 3} Message(Share)
inp.1 << 19:07:02.663 [main] INFO Env - @{1 SEND 4} Message(Share)
inp.2 << 19:07:02.664 [main] INFO Env - @{2 RCVD 1} Message(Share)
inp.2 << 19:07:02.664 [main] INFO Env - @{2 LOCKED}
inp.3 << 19:07:02.664 [main] INFO Env - @{3 RCVD 1} Message(Share)
out.2 >> unlock
inp.2 << 19:07:02.665 [main] INFO Env - @{2 UNLOCKED}
inp.2 << 19:07:02.665 [main] INFO Env - @{2 SEND 3} Message(Share)
inp.2 << 19:07:02.665 [main] INFO Env - @{2 SEND 4} Message(Share)
inp.3 << 19:07:02.666 [main] INFO Env - @{3 RCVD 2} Message(Share)
inp.3 << 19:07:02.666 [main] INFO Env - @{3 LOCKED}
out.3 >> unlock
inp.3 << 19:07:02.666 [main] INFO Env - @{3 UNLOCKED}
inp.3 << 19:07:02.666 [main] INFO Env - @{3 SEND 4} Message(Share)
inp.4 << 19:07:02.666 [main] INFO Env - @{4 RCVD 1} Message(Share)
inp.4 << 19:07:02.666 [main] INFO Env - @{4 RCVD 2} Message(Share)
inp.4 << 19:07:02.666 [main] INFO Env - @{4 RCVD 3} Message(Share)
inp.4 << 19:07:02.666 [main] INFO Env - @{4 LOCKED}
out.4 >> unlock
inp.4 << 19:07:02.666 [main] INFO Env - @{4 UNLOCKED}
out.1 >> ping
out.2 >> ping
out.3 >> ping
out.4 >> ping
out.5 >> ping
inp.1 << 19:07:02.667 [main] INFO Env - @{1 PONG}
inp.5 << 19:07:02.667 [main] INFO Env - @{5 PONG}
inp.3 << 19:07:02.667 [main] INFO Env - @{3 PONG}
inp.2 << 19:07:02.667 [main] INFO Env - @{2 PONG}
inp.4 << 19:07:02.667 [main] INFO Env - @{4 PONG}
out.2 >> lock
inp.2 << 19:07:02.667 [main] INFO Env - @{2 SEND 3} Message(Ask)
inp.2 << 19:07:02.667 [main] INFO Env - @{2 SEND 4} Message(Ask)
inp.3 << 19:07:02.668 [main] INFO Env - @{3 RCVD 2} Message(Ask)
inp.3 << 19:07:02.668 [main] INFO Env - @{3 SEND 2} Message(Share)
inp.2 << 19:07:02.668 [main] INFO Env - @{2 RCVD 3} Message(Share)
inp.4 << 19:07:02.668 [main] INFO Env - @{4 RCVD 2} Message(Ask)
inp.4 << 19:07:02.668 [main] INFO Env - @{4 SEND 2} Message(Share)
inp.2 << 19:07:02.668 [main] INFO Env - @{2 RCVD 4} Message(Share)
inp.2 << 19:07:02.668 [main] INFO Env - @{2 LOCKED}
out.2 >> unlock
inp.2 << 19:07:02.668 [main] INFO Env - @{2 UNLOCKED}
out.1 >> ping
out.2 >> ping
out.3 >> ping
out.4 >> ping
out.5 >> ping
inp.1 << 19:07:02.669 [main] INFO Env - @{1 PONG}
inp.2 << 19:07:02.669 [main] INFO Env - @{2 PONG}
inp.5 << 19:07:02.669 [main] INFO Env - @{5 PONG}
inp.3 << 19:07:02.669 [main] INFO Env - @{3 PONG}
inp.4 << 19:07:02.669 [main] INFO Env - @{4 PONG}
out.2 >> lock
inp.2 << 19:07:02.669 [main] INFO Env - @{2 LOCKED}
out.2 >> unlock
inp.2 << 19:07:02.669 [main] INFO Env - @{2 UNLOCKED}
out.1 >> ping
out.2 >> ping
out.3 >> ping
out.4 >> ping
out.5 >> ping
inp.5 << 19:07:02.670 [main] INFO Env - @{5 PONG}
inp.1 << 19:07:02.670 [main] INFO Env - @{1 PONG}
inp.2 << 19:07:02.670 [main] INFO Env - @{2 PONG}
inp.3 << 19:07:02.670 [main] INFO Env - @{3 PONG}
inp.4 << 19:07:02.670 [main] INFO Env - @{4 PONG}
out.2 >> lock
inp.2 << 19:07:02.670 [main] INFO Env - @{2 LOCKED}
out.2 >> unlock
inp.2 << 19:07:02.671 [main] INFO Env - @{2 UNLOCKED}
out.1 >> ping
out.2 >> ping
out.3 >> ping
out.4 >> ping
out.5 >> ping
inp.5 << 19:07:02.671 [main] INFO Env - @{5 PONG}
inp.1 << 19:07:02.671 [main] INFO Env - @{1 PONG}
inp.2 << 19:07:02.671 [main] INFO Env - @{2 PONG}
inp.3 << 19:07:02.671 [main] INFO Env - @{3 PONG}
inp.4 << 19:07:02.671 [main] INFO Env - @{4 PONG}
out.2 >> lock
out.5 >> lock
inp.5 << 19:07:02.672 [main] INFO Env - @{5 SEND 1} Message(Ask)
inp.5 << 19:07:02.672 [main] INFO Env - @{5 SEND 2} Message(Ask)
inp.5 << 19:07:02.672 [main] INFO Env - @{5 SEND 3} Message(Ask)
inp.5 << 19:07:02.672 [main] INFO Env - @{5 SEND 4} Message(Ask)
inp.2 << 19:07:02.672 [main] INFO Env - @{2 LOCKED}
inp.1 << 19:07:02.672 [main] INFO Env - @{1 RCVD 5} Message(Ask)
inp.1 << 19:07:02.672 [main] INFO Env - @{1 SEND 5} Message(Share)
inp.5 << 19:07:02.672 [main] INFO Env - @{5 RCVD 1} Message(Share)
out.2 >> unlock
inp.2 << 19:07:02.673 [main] INFO Env - @{2 RCVD 5} Message(Ask)
inp.3 << 19:07:02.673 [main] INFO Env - @{3 RCVD 5} Message(Ask)
inp.2 << 19:07:02.673 [main] INFO Env - @{2 UNLOCKED}
inp.3 << 19:07:02.673 [main] INFO Env - @{3 SEND 5} Message(Share)
inp.2 << 19:07:02.673 [main] INFO Env - @{2 SEND 5} Message(Share)
inp.5 << 19:07:02.673 [main] INFO Env - @{5 RCVD 2} Message(Share)
inp.5 << 19:07:02.673 [main] INFO Env - @{5 RCVD 3} Message(Share)
inp.4 << 19:07:02.673 [main] INFO Env - @{4 RCVD 5} Message(Ask)
inp.4 << 19:07:02.673 [main] INFO Env - @{4 SEND 5} Message(Share)
inp.5 << 19:07:02.673 [main] INFO Env - @{5 RCVD 4} Message(Share)
inp.5 << 19:07:02.673 [main] INFO Env - @{5 LOCKED}
out.5 >> unlock
inp.5 << 19:07:02.673 [main] INFO Env - @{5 UNLOCKED}
out.1 >> ping
out.2 >> ping
out.3 >> ping
out.4 >> ping
out.5 >> ping
inp.5 << 19:07:02.674 [main] INFO Env - @{5 PONG}
inp.1 << 19:07:02.674 [main] INFO Env - @{1 PONG}
inp.2 << 19:07:02.674 [main] INFO Env - @{2 PONG}
inp.3 << 19:07:02.674 [main] INFO Env - @{3 PONG}
inp.4 << 19:07:02.674 [main] INFO Env - @{4 PONG}
out.2 >> lock
out.5 >> lock
inp.5 << 19:07:02.674 [main] INFO Env - @{5 LOCKED}
out.5 >> unlock
inp.5 << 19:07:02.675 [main] INFO Env - @{5 UNLOCKED}
inp.2 << 19:07:02.675 [main] INFO Env - @{2 SEND 5} Message(Ask)
inp.5 << 19:07:02.675 [main] INFO Env - @{5 RCVD 2} Message(Ask)
inp.5 << 19:07:02.675 [main] INFO Env - @{5 SEND 2} Message(Share)
inp.2 << 19:07:02.675 [main] INFO Env - @{2 RCVD 5} Message(Share)
inp.2 << 19:07:02.675 [main] INFO Env - @{2 LOCKED}
out.2 >> unlock
inp.2 << 19:07:02.676 [main] INFO Env - @{2 UNLOCKED}
out.1 >> ping
out.2 >> ping
out.3 >> ping
out.4 >> ping
out.5 >> ping
inp.5 << 19:07:02.676 [main] INFO Env - @{5 PONG}
inp.1 << 19:07:02.676 [main] INFO Env - @{1 PONG}
inp.2 << 19:07:02.676 [main] INFO Env - @{2 PONG}
inp.3 << 19:07:02.676 [main] INFO Env - @{3 PONG}
inp.4 << 19:07:02.676 [main] INFO Env - @{4 PONG}
out.2 >> lock
out.5 >> lock
inp.5 << 19:07:02.677 [main] INFO Env - @{5 SEND 2} Message(Ask)
inp.2 << 19:07:02.677 [main] INFO Env - @{2 LOCKED}
inp.2 << 19:07:02.677 [main] INFO Env - @{2 RCVD 5} Message(Ask)
out.2 >> unlock
inp.2 << 19:07:02.677 [main] INFO Env - @{2 UNLOCKED}
inp.2 << 19:07:02.677 [main] INFO Env - @{2 SEND 5} Message(Share)
inp.5 << 19:07:02.677 [main] INFO Env - @{5 RCVD 2} Message(Share)
inp.5 << 19:07:02.678 [main] INFO Env - @{5 LOCKED}
out.5 >> unlock
inp.5 << 19:07:02.678 [main] INFO Env - @{5 UNLOCKED}
out.1 >> ping
out.2 >> ping
out.3 >> ping
out.4 >> ping
out.5 >> ping
inp.5 << 19:07:02.678 [main] INFO Env - @{5 PONG}
inp.1 << 19:07:02.678 [main] INFO Env - @{1 PONG}
inp.2 << 19:07:02.678 [main] INFO Env - @{2 PONG}
inp.3 << 19:07:02.678 [main] INFO Env - @{3 PONG}
inp.4 << 19:07:02.678 [main] INFO Env - @{4 PONG}
out.1 >> ping
out.2 >> ping
out.3 >> ping
out.4 >> ping
out.5 >> ping
inp.5 << 19:07:02.679 [main] INFO Env - @{5 PONG}
inp.1 << 19:07:02.679 [main] INFO Env - @{1 PONG}
inp.3 << 19:07:02.679 [main] INFO Env - @{3 PONG}
inp.2 << 19:07:02.679 [main] INFO Env - @{2 PONG}
inp.4 << 19:07:02.679 [main] INFO Env - @{4 PONG}
out.1 >> lock
inp.1 << 19:07:02.679 [main] INFO Env - @{1 SEND 2} Message(Ask)
inp.1 << 19:07:02.679 [main] INFO Env - @{1 SEND 3} Message(Ask)
inp.1 << 19:07:02.679 [main] INFO Env - @{1 SEND 4} Message(Ask)
inp.1 << 19:07:02.679 [main] INFO Env - @{1 SEND 5} Message(Ask)
inp.2 << 19:07:02.679 [main] INFO Env - @{2 RCVD 1} Message(Ask)
inp.3 << 19:07:02.680 [main] INFO Env - @{3 RCVD 1} Message(Ask)
inp.2 << 19:07:02.680 [main] INFO Env - @{2 SEND 1} Message(Share)
inp.5 << 19:07:02.680 [main] INFO Env - @{5 RCVD 1} Message(Ask)
inp.5 << 19:07:02.680 [main] INFO Env - @{5 SEND 1} Message(Share)
inp.3 << 19:07:02.680 [main] INFO Env - @{3 SEND 1} Message(Share)
inp.1 << 19:07:02.680 [main] INFO Env - @{1 RCVD 2} Message(Share)
inp.1 << 19:07:02.680 [main] INFO Env - @{1 RCVD 3} Message(Share)
inp.1 << 19:07:02.680 [main] INFO Env - @{1 RCVD 5} Message(Share)
inp.4 << 19:07:02.680 [main] INFO Env - @{4 RCVD 1} Message(Ask)
inp.4 << 19:07:02.680 [main] INFO Env - @{4 SEND 1} Message(Share)
inp.1 << 19:07:02.680 [main] INFO Env - @{1 RCVD 4} Message(Share)
inp.1 << 19:07:02.680 [main] INFO Env - @{1 LOCKED}
out.1 >> unlock
inp.1 << 19:07:02.680 [main] INFO Env - @{1 UNLOCKED}
out.1 >> ping
out.2 >> ping
out.3 >> ping
out.4 >> ping
out.5 >> ping
inp.5 << 19:07:02.681 [main] INFO Env - @{5 PONG}
inp.1 << 19:07:02.681 [main] INFO Env - @{1 PONG}
inp.2 << 19:07:02.681 [main] INFO Env - @{2 PONG}
inp.3 << 19:07:02.681 [main] INFO Env - @{3 PONG}
inp.4 << 19:07:02.681 [main] INFO Env - @{4 PONG}
out.2 >> lock
inp.2 << 19:07:02.682 [main] INFO Env - @{2 SEND 1} Message(Ask)
inp.2 << 19:07:02.682 [main] INFO Env - @{2 SEND 5} Message(Ask)
inp.1 << 19:07:02.682 [main] INFO Env - @{1 RCVD 2} Message(Ask)
inp.5 << 19:07:02.682 [main] INFO Env - @{5 RCVD 2} Message(Ask)
inp.1 << 19:07:02.682 [main] INFO Env - @{1 SEND 2} Message(Share)
inp.5 << 19:07:02.682 [main] INFO Env - @{5 SEND 2} Message(Share)
inp.2 << 19:07:02.683 [main] INFO Env - @{2 RCVD 1} Message(Share)
inp.2 << 19:07:02.683 [main] INFO Env - @{2 RCVD 5} Message(Share)
inp.2 << 19:07:02.683 [main] INFO Env - @{2 LOCKED}
out.2 >> unlock
inp.2 << 19:07:02.683 [main] INFO Env - @{2 UNLOCKED}
out.1 >> ping
out.2 >> ping
out.3 >> ping
out.4 >> ping
out.5 >> ping
inp.5 << 19:07:02.683 [main] INFO Env - @{5 PONG}
inp.1 << 19:07:02.683 [main] INFO Env - @{1 PONG}
inp.2 << 19:07:02.683 [main] INFO Env - @{2 PONG}
inp.3 << 19:07:02.683 [main] INFO Env - @{3 PONG}
inp.4 << 19:07:02.683 [main] INFO Env - @{4 PONG}
out.3 >> lock
inp.3 << 19:07:02.684 [main] INFO Env - @{3 SEND 1} Message(Ask)
inp.3 << 19:07:02.684 [main] INFO Env - @{3 SEND 2} Message(Ask)
inp.1 << 19:07:02.684 [main] INFO Env - @{1 RCVD 3} Message(Ask)
inp.1 << 19:07:02.684 [main] INFO Env - @{1 SEND 3} Message(Share)
inp.3 << 19:07:02.684 [main] INFO Env - @{3 SEND 4} Message(Ask)
inp.3 << 19:07:02.684 [main] INFO Env - @{3 SEND 5} Message(Ask)
inp.2 << 19:07:02.684 [main] INFO Env - @{2 RCVD 3} Message(Ask)
inp.3 << 19:07:02.684 [main] INFO Env - @{3 RCVD 1} Message(Share)
inp.2 << 19:07:02.684 [main] INFO Env - @{2 SEND 3} Message(Share)
inp.5 << 19:07:02.684 [main] INFO Env - @{5 RCVD 3} Message(Ask)
inp.5 << 19:07:02.684 [main] INFO Env - @{5 SEND 3} Message(Share)
inp.4 << 19:07:02.684 [main] INFO Env - @{4 RCVD 3} Message(Ask)
inp.4 << 19:07:02.684 [main] INFO Env - @{4 SEND 3} Message(Share)
inp.3 << 19:07:02.684 [main] INFO Env - @{3 RCVD 2} Message(Share)
inp.3 << 19:07:02.684 [main] INFO Env - @{3 RCVD 4} Message(Share)
inp.3 << 19:07:02.685 [main] INFO Env - @{3 RCVD 5} Message(Share)
inp.3 << 19:07:02.685 [main] INFO Env - @{3 LOCKED}
out.3 >> unlock
inp.3 << 19:07:02.685 [main] INFO Env - @{3 UNLOCKED}
out.1 >> ping
out.2 >> ping
out.3 >> ping
out.4 >> ping
out.5 >> ping
inp.5 << 19:07:02.685 [main] INFO Env - @{5 PONG}
inp.1 << 19:07:02.685 [main] INFO Env - @{1 PONG}
inp.2 << 19:07:02.685 [main] INFO Env - @{2 PONG}
inp.3 << 19:07:02.685 [main] INFO Env - @{3 PONG}
inp.4 << 19:07:02.685 [main] INFO Env - @{4 PONG}
out.4 >> lock
inp.4 << 19:07:02.686 [main] INFO Env - @{4 SEND 1} Message(Ask)
inp.1 << 19:07:02.686 [main] INFO Env - @{1 RCVD 4} Message(Ask)
inp.1 << 19:07:02.686 [main] INFO Env - @{1 SEND 4} Message(Share)
inp.4 << 19:07:02.686 [main] INFO Env - @{4 SEND 2} Message(Ask)
inp.2 << 19:07:02.686 [main] INFO Env - @{2 RCVD 4} Message(Ask)
inp.4 << 19:07:02.686 [main] INFO Env - @{4 SEND 3} Message(Ask)
inp.2 << 19:07:02.686 [main] INFO Env - @{2 SEND 4} Message(Share)
inp.3 << 19:07:02.687 [main] INFO Env - @{3 RCVD 4} Message(Ask)
inp.3 << 19:07:02.687 [main] INFO Env - @{3 SEND 4} Message(Share)
inp.4 << 19:07:02.687 [main] INFO Env - @{4 SEND 5} Message(Ask)
inp.5 << 19:07:02.687 [main] INFO Env - @{5 RCVD 4} Message(Ask)
inp.5 << 19:07:02.687 [main] INFO Env - @{5 SEND 4} Message(Share)
inp.4 << 19:07:02.687 [main] INFO Env - @{4 RCVD 1} Message(Share)
inp.4 << 19:07:02.687 [main] INFO Env - @{4 RCVD 2} Message(Share)
inp.4 << 19:07:02.687 [main] INFO Env - @{4 RCVD 3} Message(Share)
inp.4 << 19:07:02.687 [main] INFO Env - @{4 RCVD 5} Message(Share)
inp.4 << 19:07:02.687 [main] INFO Env - @{4 LOCKED}
out.4 >> unlock
inp.4 << 19:07:02.687 [main] INFO Env - @{4 UNLOCKED}
out.1 >> ping
out.2 >> ping
out.3 >> ping
out.4 >> ping
out.5 >> ping
inp.1 << 19:07:02.688 [main] INFO Env - @{1 PONG}
inp.5 << 19:07:02.688 [main] INFO Env - @{5 PONG}
inp.2 << 19:07:02.688 [main] INFO Env - @{2 PONG}
inp.3 << 19:07:02.688 [main] INFO Env - @{3 PONG}
inp.4 << 19:07:02.688 [main] INFO Env - @{4 PONG}
out.5 >> lock
inp.5 << 19:07:02.688 [main] INFO Env - @{5 SEND 1} Message(Ask)
inp.5 << 19:07:02.688 [main] INFO Env - @{5 SEND 2} Message(Ask)
inp.5 << 19:07:02.688 [main] INFO Env - @{5 SEND 3} Message(Ask)
inp.5 << 19:07:02.689 [main] INFO Env - @{5 SEND 4} Message(Ask)
inp.1 << 19:07:02.688 [main] INFO Env - @{1 RCVD 5} Message(Ask)
inp.1 << 19:07:02.689 [main] INFO Env - @{1 SEND 5} Message(Share)
inp.5 << 19:07:02.689 [main] INFO Env - @{5 RCVD 1} Message(Share)
inp.2 << 19:07:02.689 [main] INFO Env - @{2 RCVD 5} Message(Ask)
inp.2 << 19:07:02.689 [main] INFO Env - @{2 SEND 5} Message(Share)
inp.5 << 19:07:02.689 [main] INFO Env - @{5 RCVD 2} Message(Share)
inp.3 << 19:07:02.689 [main] INFO Env - @{3 RCVD 5} Message(Ask)
inp.3 << 19:07:02.689 [main] INFO Env - @{3 SEND 5} Message(Share)
inp.5 << 19:07:02.689 [main] INFO Env - @{5 RCVD 3} Message(Share)
inp.4 << 19:07:02.689 [main] INFO Env - @{4 RCVD 5} Message(Ask)
inp.4 << 19:07:02.689 [main] INFO Env - @{4 SEND 5} Message(Share)
inp.5 << 19:07:02.689 [main] INFO Env - @{5 RCVD 4} Message(Share)
inp.5 << 19:07:02.689 [main] INFO Env - @{5 LOCKED}
out.5 >> unlock
inp.5 << 19:07:02.690 [main] INFO Env - @{5 UNLOCKED}
out.1 >> ping
out.2 >> ping
out.3 >> ping
out.4 >> ping
out.5 >> ping
inp.5 << 19:07:02.690 [main] INFO Env - @{5 PONG}
inp.1 << 19:07:02.690 [main] INFO Env - @{1 PONG}
inp.2 << 19:07:02.690 [main] INFO Env - @{2 PONG}
inp.3 << 19:07:02.690 [main] INFO Env - @{3 PONG}
inp.4 << 19:07:02.690 [main] INFO Env - @{4 PONG}
out.4 >> lock
out.1 >> lock
out.3 >> lock
out.5 >> lock
out.2 >> lock
inp.5 << 19:07:02.691 [main] INFO Env - @{5 LOCKED}
inp.3 << 19:07:02.691 [main] INFO Env - @{3 SEND 4} Message(Ask)
out.5 >> unlock
inp.2 << 19:07:02.691 [main] INFO Env - @{2 SEND 3} Message(Ask)
inp.3 << 19:07:02.691 [main] INFO Env - @{3 SEND 5} Message(Ask)
inp.5 << 19:07:02.691 [main] INFO Env - @{5 UNLOCKED}
inp.3 << 19:07:02.691 [main] INFO Env - @{3 RCVD 1} Message(Ask)
inp.5 << 19:07:02.691 [main] INFO Env - @{5 RCVD 3} Message(Ask)
inp.5 << 19:07:02.691 [main] INFO Env - @{5 SEND 3} Message(Share)
inp.3 << 19:07:02.691 [main] INFO Env - @{3 SEND 1} Message(Share)
inp.3 << 19:07:02.691 [main] INFO Env - @{3 SEND 1} Message(Ask)
inp.5 << 19:07:02.691 [main] INFO Env - @{5 RCVD 1} Message(Ask)
inp.5 << 19:07:02.691 [main] INFO Env - @{5 SEND 1} Message(Share)
inp.3 << 19:07:02.692 [main] INFO Env - @{3 RCVD 2} Message(Ask)
inp.3 << 19:07:02.692 [main] INFO Env - @{3 SEND 2} Message(Share)
inp.2 << 19:07:02.692 [main] INFO Env - @{2 SEND 4} Message(Ask)
inp.2 << 19:07:02.692 [main] INFO Env - @{2 SEND 5} Message(Ask)
inp.1 << 19:07:02.691 [main] INFO Env - @{1 SEND 2} Message(Ask)
inp.3 << 19:07:02.692 [main] INFO Env - @{3 SEND 2} Message(Ask)
inp.2 << 19:07:02.692 [main] INFO Env - @{2 RCVD 1} Message(Ask)
inp.1 << 19:07:02.691 [main] INFO Env - @{1 SEND 3} Message(Ask)
inp.4 << 19:07:02.692 [main] INFO Env - @{4 SEND 5} Message(Ask)
inp.1 << 19:07:02.691 [main] INFO Env - @{1 SEND 4} Message(Ask)
inp.4 << 19:07:02.692 [main] INFO Env - @{4 RCVD 3} Message(Ask)
inp.1 << 19:07:02.691 [main] INFO Env - @{1 SEND 5} Message(Ask)
inp.2 << 19:07:02.692 [main] INFO Env - @{2 SEND 1} Message(Share)
inp.1 << 19:07:02.691 [main] INFO Env - @{1 RCVD 3} Message(Share)
inp.5 << 19:07:02.692 [main] INFO Env - @{5 RCVD 2} Message(Ask)
inp.2 << 19:07:02.692 [main] INFO Env - @{2 SEND 1} Message(Ask)
inp.4 << 19:07:02.692 [main] INFO Env - @{4 SEND 3} Message(Share)
inp.2 << 19:07:02.692 [main] INFO Env - @{2 RCVD 3} Message(Share)
inp.1 << 19:07:02.692 [main] INFO Env - @{1 RCVD 3} Message(Ask)
inp.1 << 19:07:02.692 [main] INFO Env - @{1 RCVD 5} Message(Share)
inp.2 << 19:07:02.692 [main] INFO Env - @{2 RCVD 3} Message(Ask)
inp.5 << 19:07:02.692 [main] INFO Env - @{5 SEND 2} Message(Share)
inp.1 << 19:07:02.692 [main] INFO Env - @{1 RCVD 2} Message(Share)
inp.1 << 19:07:02.692 [main] INFO Env - @{1 RCVD 2} Message(Ask)
inp.3 << 19:07:02.692 [main] INFO Env - @{3 RCVD 5} Message(Share)
inp.5 << 19:07:02.692 [main] INFO Env - @{5 RCVD 4} Message(Ask)
inp.3 << 19:07:02.692 [main] INFO Env - @{3 RCVD 4} Message(Share)
inp.5 << 19:07:02.692 [main] INFO Env - @{5 SEND 4} Message(Share)
inp.2 << 19:07:02.692 [main] INFO Env - @{2 RCVD 5} Message(Share)
inp.4 << 19:07:02.692 [main] INFO Env - @{4 SEND 3} Message(Ask)
inp.4 << 19:07:02.692 [main] INFO Env - @{4 RCVD 1} Message(Ask)
inp.4 << 19:07:02.692 [main] INFO Env - @{4 SEND 1} Message(Share)
inp.4 << 19:07:02.692 [main] INFO Env - @{4 SEND 1} Message(Ask)
inp.4 << 19:07:02.692 [main] INFO Env - @{4 RCVD 2} Message(Ask)
inp.4 << 19:07:02.692 [main] INFO Env - @{4 SEND 2} Message(Share)
inp.4 << 19:07:02.692 [main] INFO Env - @{4 SEND 2} Message(Ask)
inp.4 << 19:07:02.692 [main] INFO Env - @{4 RCVD 5} Message(Share)
inp.1 << 19:07:02.692 [main] INFO Env - @{1 RCVD 4} Message(Share)
inp.1 << 19:07:02.692 [main] INFO Env - @{1 LOCKED}
inp.1 << 19:07:02.692 [main] INFO Env - @{1 RCVD 4} Message(Ask)
out.1 >> unlock
inp.3 << 19:07:02.693 [main] INFO Env - @{3 RCVD 4} Message(Ask)
inp.2 << 19:07:02.693 [main] INFO Env - @{2 RCVD 4} Message(Share)
inp.2 << 19:07:02.693 [main] INFO Env - @{2 RCVD 4} Message(Ask)
inp.1 << 19:07:02.693 [main] INFO Env - @{1 UNLOCKED}
inp.1 << 19:07:02.693 [main] INFO Env - @{1 SEND 2} Message(Share)
inp.1 << 19:07:02.693 [main] INFO Env - @{1 SEND 3} Message(Share)
inp.1 << 19:07:02.693 [main] INFO Env - @{1 SEND 4} Message(Share)
inp.2 << 19:07:02.693 [main] INFO Env - @{2 RCVD 1} Message(Share)
inp.2 << 19:07:02.693 [main] INFO Env - @{2 LOCKED}
inp.3 << 19:07:02.693 [main] INFO Env - @{3 RCVD 1} Message(Share)
out.2 >> unlock
inp.4 << 19:07:02.693 [main] INFO Env - @{4 RCVD 1} Message(Share)
inp.2 << 19:07:02.693 [main] INFO Env - @{2 UNLOCKED}
inp.2 << 19:07:02.693 [main] INFO Env - @{2 SEND 3} Message(Share)
inp.2 << 19:07:02.693 [main] INFO Env - @{2 SEND 4} Message(Share)
inp.3 << 19:07:02.693 [main] INFO Env - @{3 RCVD 2} Message(Share)
inp.4 << 19:07:02.693 [main] INFO Env - @{4 RCVD 2} Message(Share)
inp.3 << 19:07:02.693 [main] INFO Env - @{3 LOCKED}
out.3 >> unlock
inp.3 << 19:07:02.694 [main] INFO Env - @{3 UNLOCKED}
inp.3 << 19:07:02.694 [main] INFO Env - @{3 SEND 4} Message(Share)
inp.4 << 19:07:02.694 [main] INFO Env - @{4 RCVD 3} Message(Share)
inp.4 << 19:07:02.694 [main] INFO Env - @{4 LOCKED}
out.4 >> unlock
inp.4 << 19:07:02.694 [main] INFO Env - @{4 UNLOCKED}
out.1 >> ping
out.2 >> ping
out.3 >> ping
out.4 >> ping
out.5 >> ping
inp.1 << 19:07:02.694 [main] INFO Env - @{1 PONG}
inp.5 << 19:07:02.694 [main] INFO Env - @{5 PONG}
inp.2 << 19:07:02.695 [main] INFO Env - @{2 PONG}
inp.3 << 19:07:02.695 [main] INFO Env - @{3 PONG}
inp.4 << 19:07:02.695 [main] INFO Env - @{4 PONG}
out.3 >> lock
inp.3 << 19:07:02.695 [main] INFO Env - @{3 SEND 4} Message(Ask)
inp.4 << 19:07:02.695 [main] INFO Env - @{4 RCVD 3} Message(Ask)
inp.4 << 19:07:02.695 [main] INFO Env - @{4 SEND 3} Message(Share)
inp.3 << 19:07:02.695 [main] INFO Env - @{3 RCVD 4} Message(Share)
inp.3 << 19:07:02.695 [main] INFO Env - @{3 LOCKED}
out.3 >> unlock
inp.3 << 19:07:02.696 [main] INFO Env - @{3 UNLOCKED}
out.1 >> ping
out.2 >> ping
out.3 >> ping
out.4 >> ping
out.5 >> ping
inp.1 << 19:07:02.696 [main] INFO Env - @{1 PONG}
inp.5 << 19:07:02.696 [main] INFO Env - @{5 PONG}
inp.2 << 19:07:02.697 [main] INFO Env - @{2 PONG}
inp.3 << 19:07:02.697 [main] INFO Env - @{3 PONG}
inp.4 << 19:07:02.697 [main] INFO Env - @{4 PONG}
out.3 >> lock
inp.3 << 19:07:02.697 [main] INFO Env - @{3 LOCKED}
out.3 >> unlock
inp.3 << 19:07:02.697 [main] INFO Env - @{3 UNLOCKED}
out.1 >> ping
out.2 >> ping
out.3 >> ping
out.4 >> ping
out.5 >> ping
inp.1 << 19:07:02.698 [main] INFO Env - @{1 PONG}
inp.5 << 19:07:02.698 [main] INFO Env - @{5 PONG}
inp.2 << 19:07:02.698 [main] INFO Env - @{2 PONG}
inp.3 << 19:07:02.698 [main] INFO Env - @{3 PONG}
inp.4 << 19:07:02.698 [main] INFO Env - @{4 PONG}
out.3 >> lock
inp.3 << 19:07:02.700 [main] INFO Env - @{3 LOCKED}
out.3 >> unlock
inp.3 << 19:07:02.701 [main] INFO Env - @{3 UNLOCKED}
out.1 >> ping
out.2 >> ping
out.3 >> ping
out.4 >> ping
out.5 >> ping
inp.5 << 19:07:02.705 [main] INFO Env - @{5 PONG}
inp.1 << 19:07:02.705 [main] INFO Env - @{1 PONG}
inp.2 << 19:07:02.705 [main] INFO Env - @{2 PONG}
inp.3 << 19:07:02.706 [main] INFO Env - @{3 PONG}
inp.4 << 19:07:02.706 [main] INFO Env - @{4 PONG}
out.3 >> lock
out.1 >> lock
inp.1 << 19:07:02.708 [main] INFO Env - @{1 SEND 2} Message(Ask)
inp.3 << 19:07:02.708 [main] INFO Env - @{3 LOCKED}
inp.1 << 19:07:02.708 [main] INFO Env - @{1 SEND 3} Message(Ask)
out.3 >> unlock
inp.1 << 19:07:02.709 [main] INFO Env - @{1 SEND 4} Message(Ask)
inp.2 << 19:07:02.709 [main] INFO Env - @{2 RCVD 1} Message(Ask)
inp.2 << 19:07:02.710 [main] INFO Env - @{2 SEND 1} Message(Share)
inp.3 << 19:07:02.709 [main] INFO Env - @{3 RCVD 1} Message(Ask)
inp.3 << 19:07:02.710 [main] INFO Env - @{3 UNLOCKED}
inp.3 << 19:07:02.710 [main] INFO Env - @{3 SEND 1} Message(Share)
inp.4 << 19:07:02.710 [main] INFO Env - @{4 RCVD 1} Message(Ask)
inp.1 << 19:07:02.710 [main] INFO Env - @{1 RCVD 2} Message(Share)
inp.4 << 19:07:02.711 [main] INFO Env - @{4 SEND 1} Message(Share)
inp.1 << 19:07:02.711 [main] INFO Env - @{1 RCVD 3} Message(Share)
inp.1 << 19:07:02.711 [main] INFO Env - @{1 RCVD 4} Message(Share)
inp.1 << 19:07:02.712 [main] INFO Env - @{1 LOCKED}
out.1 >> unlock
inp.1 << 19:07:02.712 [main] INFO Env - @{1 UNLOCKED}
out.1 >> ping
out.2 >> ping
out.3 >> ping
out.4 >> ping
out.5 >> ping
inp.1 << 19:07:02.713 [main] INFO Env - @{1 PONG}
inp.2 << 19:07:02.713 [main] INFO Env - @{2 PONG}
inp.5 << 19:07:02.713 [main] INFO Env - @{5 PONG}
inp.3 << 19:07:02.713 [main] INFO Env - @{3 PONG}
inp.4 << 19:07:02.713 [main] INFO Env - @{4 PONG}
out.3 >> lock
out.1 >> lock
inp.1 << 19:07:02.714 [main] INFO Env - @{1 LOCKED}
inp.3 << 19:07:02.714 [main] INFO Env - @{3 SEND 1} Message(Ask)
out.1 >> unlock
inp.1 << 19:07:02.715 [main] INFO Env - @{1 RCVD 3} Message(Ask)
inp.1 << 19:07:02.715 [main] INFO Env - @{1 UNLOCKED}
inp.1 << 19:07:02.715 [main] INFO Env - @{1 SEND 3} Message(Share)
inp.3 << 19:07:02.716 [main] INFO Env - @{3 RCVD 1} Message(Share)
inp.3 << 19:07:02.716 [main] INFO Env - @{3 LOCKED}
out.3 >> unlock
inp.3 << 19:07:02.716 [main] INFO Env - @{3 UNLOCKED}
out.1 >> ping
out.2 >> ping
out.3 >> ping
out.4 >> ping
out.5 >> ping
inp.2 << 19:07:02.717 [main] INFO Env - @{2 PONG}
inp.5 << 19:07:02.717 [main] INFO Env - @{5 PONG}
inp.4 << 19:07:02.717 [main] INFO Env - @{4 PONG}
inp.1 << 19:07:02.717 [main] INFO Env - @{1 PONG}
inp.3 << 19:07:02.717 [main] INFO Env - @{3 PONG}
out.3 >> lock
out.1 >> lock
inp.3 << 19:07:02.717 [main] INFO Env - @{3 LOCKED}
inp.1 << 19:07:02.717 [main] INFO Env - @{1 SEND 3} Message(Ask)
out.3 >> unlock
inp.3 << 19:07:02.717 [main] INFO Env - @{3 RCVD 1} Message(Ask)
inp.3 << 19:07:02.717 [main] INFO Env - @{3 UNLOCKED}
inp.3 << 19:07:02.717 [main] INFO Env - @{3 SEND 1} Message(Share)
inp.1 << 19:07:02.718 [main] INFO Env - @{1 RCVD 3} Message(Share)
inp.1 << 19:07:02.718 [main] INFO Env - @{1 LOCKED}
out.1 >> unlock
inp.1 << 19:07:02.718 [main] INFO Env - @{1 UNLOCKED}
out.1 >> ping
out.2 >> ping
out.3 >> ping
out.4 >> ping
out.5 >> ping
inp.5 << 19:07:02.718 [main] INFO Env - @{5 PONG}
inp.2 << 19:07:02.718 [main] INFO Env - @{2 PONG}
inp.4 << 19:07:02.718 [main] INFO Env - @{4 PONG}
inp.1 << 19:07:02.718 [main] INFO Env - @{1 PONG}
inp.3 << 19:07:02.718 [main] INFO Env - @{3 PONG}
out.1 >> ping
out.2 >> ping
out.3 >> ping
out.4 >> ping
out.5 >> ping
inp.5 << 19:07:02.719 [main] INFO Env - @{5 PONG}
inp.2 << 19:07:02.719 [main] INFO Env - @{2 PONG}
inp.4 << 19:07:02.719 [main] INFO Env - @{4 PONG}
inp.1 << 19:07:02.719 [main] INFO Env - @{1 PONG}
inp.3 << 19:07:02.719 [main] INFO Env - @{3 PONG}
out.1 >> lock
inp.1 << 19:07:02.719 [main] INFO Env - @{1 LOCKED}
out.1 >> unlock
inp.1 << 19:07:02.720 [main] INFO Env - @{1 UNLOCKED}
out.1 >> ping
out.2 >> ping
out.3 >> ping
out.4 >> ping
out.5 >> ping
inp.5 << 19:07:02.721 [main] INFO Env - @{5 PONG}
inp.2 << 19:07:02.721 [main] INFO Env - @{2 PONG}
inp.4 << 19:07:02.721 [main] INFO Env - @{4 PONG}
inp.1 << 19:07:02.721 [main] INFO Env - @{1 PONG}
inp.3 << 19:07:02.722 [main] INFO Env - @{3 PONG}
out.2 >> lock
inp.2 << 19:07:02.722 [main] INFO Env - @{2 SEND 1} Message(Ask)
inp.2 << 19:07:02.722 [main] INFO Env - @{2 SEND 3} Message(Ask)
inp.2 << 19:07:02.722 [main] INFO Env - @{2 SEND 4} Message(Ask)
inp.4 << 19:07:02.722 [main] INFO Env - @{4 RCVD 2} Message(Ask)
inp.4 << 19:07:02.723 [main] INFO Env - @{4 SEND 2} Message(Share)
inp.2 << 19:07:02.723 [main] INFO Env - @{2 RCVD 4} Message(Share)
inp.1 << 19:07:02.723 [main] INFO Env - @{1 RCVD 2} Message(Ask)
inp.1 << 19:07:02.723 [main] INFO Env - @{1 SEND 2} Message(Share)
inp.3 << 19:07:02.723 [main] INFO Env - @{3 RCVD 2} Message(Ask)
inp.3 << 19:07:02.723 [main] INFO Env - @{3 SEND 2} Message(Share)
inp.2 << 19:07:02.723 [main] INFO Env - @{2 RCVD 1} Message(Share)
inp.2 << 19:07:02.723 [main] INFO Env - @{2 RCVD 3} Message(Share)
inp.2 << 19:07:02.723 [main] INFO Env - @{2 LOCKED}
out.2 >> unlock
inp.2 << 19:07:02.723 [main] INFO Env - @{2 UNLOCKED}
out.1 >> ping
out.2 >> ping
out.3 >> ping
out.4 >> ping
out.5 >> ping
inp.5 << 19:07:02.724 [main] INFO Env - @{5 PONG}
inp.2 << 19:07:02.724 [main] INFO Env - @{2 PONG}
inp.4 << 19:07:02.724 [main] INFO Env - @{4 PONG}
inp.1 << 19:07:02.724 [main] INFO Env - @{1 PONG}
inp.3 << 19:07:02.724 [main] INFO Env - @{3 PONG}
out.3 >> lock
inp.3 << 19:07:02.724 [main] INFO Env - @{3 SEND 1} Message(Ask)
inp.3 << 19:07:02.724 [main] INFO Env - @{3 SEND 2} Message(Ask)
inp.2 << 19:07:02.724 [main] INFO Env - @{2 RCVD 3} Message(Ask)
inp.2 << 19:07:02.724 [main] INFO Env - @{2 SEND 3} Message(Share)
inp.1 << 19:07:02.724 [main] INFO Env - @{1 RCVD 3} Message(Ask)
inp.1 << 19:07:02.724 [main] INFO Env - @{1 SEND 3} Message(Share)
inp.3 << 19:07:02.725 [main] INFO Env - @{3 RCVD 2} Message(Share)
inp.3 << 19:07:02.725 [main] INFO Env - @{3 RCVD 1} Message(Share)
inp.3 << 19:07:02.725 [main] INFO Env - @{3 LOCKED}
out.3 >> unlock
inp.3 << 19:07:02.725 [main] INFO Env - @{3 UNLOCKED}
out.1 >> ping
out.2 >> ping
out.3 >> ping
out.4 >> ping
out.5 >> ping
inp.5 << 19:07:02.725 [main] INFO Env - @{5 PONG}
inp.2 << 19:07:02.725 [main] INFO Env - @{2 PONG}
inp.4 << 19:07:02.726 [main] INFO Env - @{4 PONG}
inp.1 << 19:07:02.726 [main] INFO Env - @{1 PONG}
inp.3 << 19:07:02.726 [main] INFO Env - @{3 PONG}
out.4 >> lock
inp.4 << 19:07:02.726 [main] INFO Env - @{4 SEND 1} Message(Ask)
inp.4 << 19:07:02.726 [main] INFO Env - @{4 SEND 2} Message(Ask)
inp.4 << 19:07:02.726 [main] INFO Env - @{4 SEND 3} Message(Ask)
inp.2 << 19:07:02.727 [main] INFO Env - @{2 RCVD 4} Message(Ask)
inp.2 << 19:07:02.727 [main] INFO Env - @{2 SEND 4} Message(Share)
inp.1 << 19:07:02.727 [main] INFO Env - @{1 RCVD 4} Message(Ask)
inp.1 << 19:07:02.727 [main] INFO Env - @{1 SEND 4} Message(Share)
inp.4 << 19:07:02.727 [main] INFO Env - @{4 RCVD 1} Message(Share)
inp.4 << 19:07:02.727 [main] INFO Env - @{4 RCVD 2} Message(Share)
inp.3 << 19:07:02.727 [main] INFO Env - @{3 RCVD 4} Message(Ask)
inp.3 << 19:07:02.727 [main] INFO Env - @{3 SEND 4} Message(Share)
inp.4 << 19:07:02.727 [main] INFO Env - @{4 RCVD 3} Message(Share)
inp.4 << 19:07:02.727 [main] INFO Env - @{4 LOCKED}
out.4 >> unlock
inp.4 << 19:07:02.727 [main] INFO Env - @{4 UNLOCKED}
out.1 >> ping
out.2 >> ping
out.3 >> ping
out.4 >> ping
out.5 >> ping
inp.4 << 19:07:02.728 [main] INFO Env - @{4 PONG}
inp.2 << 19:07:02.728 [main] INFO Env - @{2 PONG}
inp.5 << 19:07:02.728 [main] INFO Env - @{5 PONG}
inp.3 << 19:07:02.728 [main] INFO Env - @{3 PONG}
inp.1 << 19:07:02.728 [main] INFO Env - @{1 PONG}
out.5 >> lock
inp.5 << 19:07:02.729 [main] INFO Env - @{5 SEND 1} Message(Ask)
inp.5 << 19:07:02.729 [main] INFO Env - @{5 SEND 2} Message(Ask)
inp.5 << 19:07:02.729 [main] INFO Env - @{5 SEND 3} Message(Ask)
inp.5 << 19:07:02.729 [main] INFO Env - @{5 SEND 4} Message(Ask)
inp.2 << 19:07:02.729 [main] INFO Env - @{2 RCVD 5} Message(Ask)
inp.4 << 19:07:02.729 [main] INFO Env - @{4 RCVD 5} Message(Ask)
inp.2 << 19:07:02.729 [main] INFO Env - @{2 SEND 5} Message(Share)
inp.4 << 19:07:02.729 [main] INFO Env - @{4 SEND 5} Message(Share)
inp.5 << 19:07:02.729 [main] INFO Env - @{5 RCVD 2} Message(Share)
inp.5 << 19:07:02.729 [main] INFO Env - @{5 RCVD 4} Message(Share)
inp.1 << 19:07:02.729 [main] INFO Env - @{1 RCVD 5} Message(Ask)
inp.1 << 19:07:02.729 [main] INFO Env - @{1 SEND 5} Message(Share)
inp.5 << 19:07:02.730 [main] INFO Env - @{5 RCVD 1} Message(Share)
inp.3 << 19:07:02.730 [main] INFO Env - @{3 RCVD 5} Message(Ask)
inp.3 << 19:07:02.730 [main] INFO Env - @{3 SEND 5} Message(Share)
inp.5 << 19:07:02.730 [main] INFO Env - @{5 RCVD 3} Message(Share)
inp.5 << 19:07:02.730 [main] INFO Env - @{5 LOCKED}
out.5 >> unlock
inp.5 << 19:07:02.730 [main] INFO Env - @{5 UNLOCKED}
out.1 >> ping
out.2 >> ping
out.3 >> ping
out.4 >> ping
out.5 >> ping
inp.5 << 19:07:02.731 [main] INFO Env - @{5 PONG}
inp.2 << 19:07:02.731 [main] INFO Env - @{2 PONG}
inp.4 << 19:07:02.731 [main] INFO Env - @{4 PONG}
inp.3 << 19:07:02.731 [main] INFO Env - @{3 PONG}
inp.1 << 19:07:02.731 [main] INFO Env - @{1 PONG}
out.1 >> lock
out.2 >> lock
out.4 >> lock
out.3 >> lock
out.5 >> lock
inp.5 << 19:07:02.731 [main] INFO Env - @{5 LOCKED}
inp.2 << 19:07:02.731 [main] INFO Env - @{2 SEND 3} Message(Ask)
inp.2 << 19:07:02.731 [main] INFO Env - @{2 SEND 4} Message(Ask)
inp.4 << 19:07:02.731 [main] INFO Env - @{4 SEND 5} Message(Ask)
out.5 >> unlock
inp.2 << 19:07:02.731 [main] INFO Env - @{2 SEND 5} Message(Ask)
inp.5 << 19:07:02.731 [main] INFO Env - @{5 RCVD 4} Message(Ask)
inp.5 << 19:07:02.731 [main] INFO Env - @{5 UNLOCKED}
inp.5 << 19:07:02.731 [main] INFO Env - @{5 SEND 4} Message(Share)
inp.5 << 19:07:02.731 [main] INFO Env - @{5 RCVD 2} Message(Ask)
inp.5 << 19:07:02.732 [main] INFO Env - @{5 SEND 2} Message(Share)
inp.4 << 19:07:02.732 [main] INFO Env - @{4 RCVD 2} Message(Ask)
inp.4 << 19:07:02.732 [main] INFO Env - @{4 SEND 2} Message(Share)
inp.2 << 19:07:02.732 [main] INFO Env - @{2 RCVD 5} Message(Share)
inp.4 << 19:07:02.732 [main] INFO Env - @{4 SEND 2} Message(Ask)
inp.2 << 19:07:02.732 [main] INFO Env - @{2 RCVD 4} Message(Share)
inp.4 << 19:07:02.732 [main] INFO Env - @{4 RCVD 5} Message(Share)
inp.2 << 19:07:02.732 [main] INFO Env - @{2 RCVD 4} Message(Ask)
inp.1 << 19:07:02.732 [main] INFO Env - @{1 SEND 2} Message(Ask)
inp.1 << 19:07:02.732 [main] INFO Env - @{1 SEND 3} Message(Ask)
inp.1 << 19:07:02.732 [main] INFO Env - @{1 SEND 4} Message(Ask)
inp.1 << 19:07:02.732 [main] INFO Env - @{1 SEND 5} Message(Ask)
inp.2 << 19:07:02.732 [main] INFO Env - @{2 RCVD 1} Message(Ask)
inp.2 << 19:07:02.732 [main] INFO Env - @{2 SEND 1} Message(Share)
inp.5 << 19:07:02.732 [main] INFO Env - @{5 RCVD 1} Message(Ask)
inp.2 << 19:07:02.732 [main] INFO Env - @{2 SEND 1} Message(Ask)
inp.5 << 19:07:02.732 [main] INFO Env - @{5 SEND 1} Message(Share)
inp.4 << 19:07:02.732 [main] INFO Env - @{4 RCVD 1} Message(Ask)
inp.4 << 19:07:02.732 [main] INFO Env - @{4 SEND 1} Message(Share)
inp.1 << 19:07:02.732 [main] INFO Env - @{1 RCVD 2} Message(Share)
inp.3 << 19:07:02.732 [main] INFO Env - @{3 SEND 4} Message(Ask)
inp.1 << 19:07:02.732 [main] INFO Env - @{1 RCVD 2} Message(Ask)
inp.1 << 19:07:02.732 [main] INFO Env - @{1 RCVD 5} Message(Share)
inp.1 << 19:07:02.732 [main] INFO Env - @{1 RCVD 4} Message(Share)
inp.4 << 19:07:02.732 [main] INFO Env - @{4 SEND 1} Message(Ask)
inp.3 << 19:07:02.733 [main] INFO Env - @{3 SEND 5} Message(Ask)
inp.4 << 19:07:02.733 [main] INFO Env - @{4 RCVD 3} Message(Ask)
inp.3 << 19:07:02.733 [main] INFO Env - @{3 RCVD 2} Message(Ask)
inp.4 << 19:07:02.733 [main] INFO Env - @{4 SEND 3} Message(Share)
inp.4 << 19:07:02.733 [main] INFO Env - @{4 SEND 3} Message(Ask)
inp.5 << 19:07:02.733 [main] INFO Env - @{5 RCVD 3} Message(Ask)
inp.3 << 19:07:02.733 [main] INFO Env - @{3 SEND 2} Message(Share)
inp.5 << 19:07:02.733 [main] INFO Env - @{5 SEND 3} Message(Share)
inp.3 << 19:07:02.733 [main] INFO Env - @{3 SEND 2} Message(Ask)
inp.2 << 19:07:02.733 [main] INFO Env - @{2 RCVD 3} Message(Share)
inp.2 << 19:07:02.733 [main] INFO Env - @{2 RCVD 3} Message(Ask)
inp.3 << 19:07:02.733 [main] INFO Env - @{3 RCVD 1} Message(Ask)
inp.3 << 19:07:02.733 [main] INFO Env - @{3 SEND 1} Message(Share)
inp.3 << 19:07:02.733 [main] INFO Env - @{3 SEND 1} Message(Ask)
inp.3 << 19:07:02.733 [main] INFO Env - @{3 RCVD 4} Message(Share)
inp.3 << 19:07:02.733 [main] INFO Env - @{3 RCVD 4} Message(Ask)
inp.3 << 19:07:02.733 [main] INFO Env - @{3 RCVD 5} Message(Share)
inp.1 << 19:07:02.733 [main] INFO Env - @{1 RCVD 4} Message(Ask)
inp.1 << 19:07:02.733 [main] INFO Env - @{1 RCVD 3} Message(Share)
inp.1 << 19:07:02.733 [main] INFO Env - @{1 LOCKED}
inp.1 << 19:07:02.733 [main] INFO Env - @{1 RCVD 3} Message(Ask)
out.1 >> unlock
inp.1 << 19:07:02.734 [main] INFO Env - @{1 UNLOCKED}
inp.1 << 19:07:02.734 [main] INFO Env - @{1 SEND 2} Message(Share)
inp.2 << 19:07:02.734 [main] INFO Env - @{2 RCVD 1} Message(Share)
inp.1 << 19:07:02.734 [main] INFO Env - @{1 SEND 3} Message(Share)
inp.2 << 19:07:02.734 [main] INFO Env - @{2 LOCKED}
inp.1 << 19:07:02.734 [main] INFO Env - @{1 SEND 4} Message(Share)
out.2 >> unlock
inp.4 << 19:07:02.734 [main] INFO Env - @{4 RCVD 1} Message(Share)
inp.2 << 19:07:02.734 [main] INFO Env - @{2 UNLOCKED}
inp.2 << 19:07:02.734 [main] INFO Env - @{2 SEND 3} Message(Share)
inp.2 << 19:07:02.734 [main] INFO Env - @{2 SEND 4} Message(Share)
inp.4 << 19:07:02.734 [main] INFO Env - @{4 RCVD 2} Message(Share)
inp.3 << 19:07:02.734 [main] INFO Env - @{3 RCVD 1} Message(Share)
inp.3 << 19:07:02.735 [main] INFO Env - @{3 RCVD 2} Message(Share)
inp.3 << 19:07:02.735 [main] INFO Env - @{3 LOCKED}
out.3 >> unlock
inp.3 << 19:07:02.735 [main] INFO Env - @{3 UNLOCKED}
inp.3 << 19:07:02.735 [main] INFO Env - @{3 SEND 4} Message(Share)
inp.4 << 19:07:02.735 [main] INFO Env - @{4 RCVD 3} Message(Share)
inp.4 << 19:07:02.735 [main] INFO Env - @{4 LOCKED}
out.4 >> unlock
inp.4 << 19:07:02.735 [main] INFO Env - @{4 UNLOCKED}
out.1 >> ping
out.2 >> ping
out.3 >> ping
out.4 >> ping
out.5 >> ping
inp.5 << 19:07:02.736 [main] INFO Env - @{5 PONG}
inp.2 << 19:07:02.736 [main] INFO Env - @{2 PONG}
inp.4 << 19:07:02.736 [main] INFO Env - @{4 PONG}
inp.3 << 19:07:02.736 [main] INFO Env - @{3 PONG}
inp.1 << 19:07:02.737 [main] INFO Env - @{1 PONG}
out.4 >> lock
inp.4 << 19:07:02.737 [main] INFO Env - @{4 LOCKED}
out.4 >> unlock
inp.4 << 19:07:02.737 [main] INFO Env - @{4 UNLOCKED}
out.1 >> ping
out.2 >> ping
out.3 >> ping
out.4 >> ping
out.5 >> ping
inp.5 << 19:07:02.737 [main] INFO Env - @{5 PONG}
inp.4 << 19:07:02.738 [main] INFO Env - @{4 PONG}
inp.2 << 19:07:02.738 [main] INFO Env - @{2 PONG}
inp.1 << 19:07:02.738 [main] INFO Env - @{1 PONG}
inp.3 << 19:07:02.738 [main] INFO Env - @{3 PONG}
out.4 >> lock
inp.4 << 19:07:02.738 [main] INFO Env - @{4 LOCKED}
out.4 >> unlock
inp.4 << 19:07:02.739 [main] INFO Env - @{4 UNLOCKED}
out.1 >> ping
out.2 >> ping
out.3 >> ping
out.4 >> ping
out.5 >> ping
inp.5 << 19:07:02.739 [main] INFO Env - @{5 PONG}
inp.4 << 19:07:02.739 [main] INFO Env - @{4 PONG}
inp.2 << 19:07:02.739 [main] INFO Env - @{2 PONG}
inp.1 << 19:07:02.739 [main] INFO Env - @{1 PONG}
inp.3 << 19:07:02.739 [main] INFO Env - @{3 PONG}
out.4 >> lock
inp.4 << 19:07:02.740 [main] INFO Env - @{4 LOCKED}
out.4 >> unlock
inp.4 << 19:07:02.740 [main] INFO Env - @{4 UNLOCKED}
out.1 >> ping
out.2 >> ping
out.3 >> ping
out.4 >> ping
out.5 >> ping
inp.2 << 19:07:02.740 [main] INFO Env - @{2 PONG}
inp.5 << 19:07:02.740 [main] INFO Env - @{5 PONG}
inp.4 << 19:07:02.740 [main] INFO Env - @{4 PONG}
inp.1 << 19:07:02.740 [main] INFO Env - @{1 PONG}
inp.3 << 19:07:02.741 [main] INFO Env - @{3 PONG}
out.4 >> lock
out.3 >> lock
inp.4 << 19:07:02.741 [main] INFO Env - @{4 LOCKED}
out.4 >> unlock
inp.4 << 19:07:02.741 [main] INFO Env - @{4 UNLOCKED}
inp.3 << 19:07:02.742 [main] INFO Env - @{3 SEND 4} Message(Ask)
inp.4 << 19:07:02.742 [main] INFO Env - @{4 RCVD 3} Message(Ask)
inp.4 << 19:07:02.742 [main] INFO Env - @{4 SEND 3} Message(Share)
inp.3 << 19:07:02.742 [main] INFO Env - @{3 RCVD 4} Message(Share)
inp.3 << 19:07:02.742 [main] INFO Env - @{3 LOCKED}
out.3 >> unlock
inp.3 << 19:07:02.742 [main] INFO Env - @{3 UNLOCKED}
out.1 >> ping
out.2 >> ping
out.3 >> ping
out.4 >> ping
out.5 >> ping
inp.5 << 19:07:02.743 [main] INFO Env - @{5 PONG}
inp.2 << 19:07:02.743 [main] INFO Env - @{2 PONG}
inp.4 << 19:07:02.743 [main] INFO Env - @{4 PONG}
inp.3 << 19:07:02.743 [main] INFO Env - @{3 PONG}
inp.1 << 19:07:02.743 [main] INFO Env - @{1 PONG}
out.4 >> lock
out.3 >> lock
inp.3 << 19:07:02.744 [main] INFO Env - @{3 LOCKED}
inp.4 << 19:07:02.744 [main] INFO Env - @{4 SEND 3} Message(Ask)
out.3 >> unlock
inp.3 << 19:07:02.744 [main] INFO Env - @{3 RCVD 4} Message(Ask)
inp.3 << 19:07:02.744 [main] INFO Env - @{3 UNLOCKED}
inp.3 << 19:07:02.744 [main] INFO Env - @{3 SEND 4} Message(Share)
inp.4 << 19:07:02.744 [main] INFO Env - @{4 RCVD 3} Message(Share)
inp.4 << 19:07:02.744 [main] INFO Env - @{4 LOCKED}
out.4 >> unlock
inp.4 << 19:07:02.744 [main] INFO Env - @{4 UNLOCKED}
out.1 >> ping
out.2 >> ping
out.3 >> ping
out.4 >> ping
out.5 >> ping
inp.4 << 19:07:02.744 [main] INFO Env - @{4 PONG}
inp.2 << 19:07:02.744 [main] INFO Env - @{2 PONG}
inp.5 << 19:07:02.744 [main] INFO Env - @{5 PONG}
inp.1 << 19:07:02.745 [main] INFO Env - @{1 PONG}
inp.3 << 19:07:02.745 [main] INFO Env - @{3 PONG}
out.4 >> lock
out.3 >> lock
inp.4 << 19:07:02.745 [main] INFO Env - @{4 LOCKED}
inp.3 << 19:07:02.745 [main] INFO Env - @{3 SEND 4} Message(Ask)
out.4 >> unlock
inp.4 << 19:07:02.745 [main] INFO Env - @{4 RCVD 3} Message(Ask)
inp.4 << 19:07:02.745 [main] INFO Env - @{4 UNLOCKED}
inp.4 << 19:07:02.745 [main] INFO Env - @{4 SEND 3} Message(Share)
inp.3 << 19:07:02.745 [main] INFO Env - @{3 RCVD 4} Message(Share)
inp.3 << 19:07:02.745 [main] INFO Env - @{3 LOCKED}
out.3 >> unlock
inp.3 << 19:07:02.746 [main] INFO Env - @{3 UNLOCKED}
out.1 >> ping
out.2 >> ping
out.3 >> ping
out.4 >> ping
out.5 >> ping
inp.5 << 19:07:02.747 [main] INFO Env - @{5 PONG}
inp.2 << 19:07:02.747 [main] INFO Env - @{2 PONG}
inp.4 << 19:07:02.747 [main] INFO Env - @{4 PONG}
inp.1 << 19:07:02.748 [main] INFO Env - @{1 PONG}
inp.3 << 19:07:02.748 [main] INFO Env - @{3 PONG}
out.1 >> ping
out.2 >> ping
out.3 >> ping
out.4 >> ping
out.5 >> ping
inp.5 << 19:07:02.748 [main] INFO Env - @{5 PONG}
inp.2 << 19:07:02.748 [main] INFO Env - @{2 PONG}
inp.4 << 19:07:02.748 [main] INFO Env - @{4 PONG}
inp.1 << 19:07:02.748 [main] INFO Env - @{1 PONG}
inp.3 << 19:07:02.748 [main] INFO Env - @{3 PONG}
out.1 >> lock
inp.1 << 19:07:02.749 [main] INFO Env - @{1 SEND 2} Message(Ask)
inp.1 << 19:07:02.749 [main] INFO Env - @{1 SEND 3} Message(Ask)
inp.2 << 19:07:02.749 [main] INFO Env - @{2 RCVD 1} Message(Ask)
inp.2 << 19:07:02.749 [main] INFO Env - @{2 SEND 1} Message(Share)
inp.1 << 19:07:02.749 [main] INFO Env - @{1 SEND 4} Message(Ask)
inp.4 << 19:07:02.750 [main] INFO Env - @{4 RCVD 1} Message(Ask)
inp.4 << 19:07:02.750 [main] INFO Env - @{4 SEND 1} Message(Share)
inp.3 << 19:07:02.750 [main] INFO Env - @{3 RCVD 1} Message(Ask)
inp.3 << 19:07:02.750 [main] INFO Env - @{3 SEND 1} Message(Share)
inp.1 << 19:07:02.750 [main] INFO Env - @{1 RCVD 2} Message(Share)
inp.1 << 19:07:02.750 [main] INFO Env - @{1 RCVD 4} Message(Share)
inp.1 << 19:07:02.750 [main] INFO Env - @{1 RCVD 3} Message(Share)
inp.1 << 19:07:02.750 [main] INFO Env - @{1 LOCKED}
out.1 >> unlock
inp.1 << 19:07:02.750 [main] INFO Env - @{1 UNLOCKED}
out.1 >> ping
out.2 >> ping
out.3 >> ping
out.4 >> ping
out.5 >> ping
inp.5 << 19:07:02.751 [main] INFO Env - @{5 PONG}
inp.2 << 19:07:02.751 [main] INFO Env - @{2 PONG}
inp.4 << 19:07:02.751 [main] INFO Env - @{4 PONG}
inp.1 << 19:07:02.751 [main] INFO Env - @{1 PONG}
inp.3 << 19:07:02.751 [main] INFO Env - @{3 PONG}
out.2 >> lock
inp.2 << 19:07:02.751 [main] INFO Env - @{2 SEND 1} Message(Ask)
inp.2 << 19:07:02.751 [main] INFO Env - @{2 SEND 3} Message(Ask)
inp.2 << 19:07:02.752 [main] INFO Env - @{2 SEND 4} Message(Ask)
inp.1 << 19:07:02.752 [main] INFO Env - @{1 RCVD 2} Message(Ask)
inp.4 << 19:07:02.752 [main] INFO Env - @{4 RCVD 2} Message(Ask)
inp.1 << 19:07:02.752 [main] INFO Env - @{1 SEND 2} Message(Share)
inp.4 << 19:07:02.752 [main] INFO Env - @{4 SEND 2} Message(Share)
inp.3 << 19:07:02.752 [main] INFO Env - @{3 RCVD 2} Message(Ask)
inp.2 << 19:07:02.752 [main] INFO Env - @{2 RCVD 1} Message(Share)
inp.3 << 19:07:02.752 [main] INFO Env - @{3 SEND 2} Message(Share)
inp.2 << 19:07:02.752 [main] INFO Env - @{2 RCVD 4} Message(Share)
inp.2 << 19:07:02.752 [main] INFO Env - @{2 RCVD 3} Message(Share)
inp.2 << 19:07:02.752 [main] INFO Env - @{2 LOCKED}
out.2 >> unlock
inp.2 << 19:07:02.752 [main] INFO Env - @{2 UNLOCKED}
out.1 >> ping
out.2 >> ping
out.3 >> ping
out.4 >> ping
out.5 >> ping
inp.2 << 19:07:02.753 [main] INFO Env - @{2 PONG}
inp.5 << 19:07:02.753 [main] INFO Env - @{5 PONG}
inp.4 << 19:07:02.753 [main] INFO Env - @{4 PONG}
inp.1 << 19:07:02.753 [main] INFO Env - @{1 PONG}
inp.3 << 19:07:02.753 [main] INFO Env - @{3 PONG}
out.3 >> lock
inp.3 << 19:07:02.753 [main] INFO Env - @{3 SEND 1} Message(Ask)
inp.3 << 19:07:02.753 [main] INFO Env - @{3 SEND 2} Message(Ask)
inp.2 << 19:07:02.753 [main] INFO Env - @{2 RCVD 3} Message(Ask)
inp.2 << 19:07:02.754 [main] INFO Env - @{2 SEND 3} Message(Share)
inp.1 << 19:07:02.754 [main] INFO Env - @{1 RCVD 3} Message(Ask)
inp.1 << 19:07:02.754 [main] INFO Env - @{1 SEND 3} Message(Share)
inp.3 << 19:07:02.754 [main] INFO Env - @{3 RCVD 2} Message(Share)
inp.3 << 19:07:02.754 [main] INFO Env - @{3 RCVD 1} Message(Share)
inp.3 << 19:07:02.754 [main] INFO Env - @{3 LOCKED}
out.3 >> unlock
inp.3 << 19:07:02.754 [main] INFO Env - @{3 UNLOCKED}
out.1 >> ping
out.2 >> ping
out.3 >> ping
out.4 >> ping
out.5 >> ping
inp.2 << 19:07:02.755 [main] INFO Env - @{2 PONG}
inp.5 << 19:07:02.755 [main] INFO Env - @{5 PONG}
inp.4 << 19:07:02.755 [main] INFO Env - @{4 PONG}
inp.1 << 19:07:02.755 [main] INFO Env - @{1 PONG}
inp.3 << 19:07:02.755 [main] INFO Env - @{3 PONG}
out.4 >> lock
inp.4 << 19:07:02.755 [main] INFO Env - @{4 SEND 1} Message(Ask)
inp.4 << 19:07:02.755 [main] INFO Env - @{4 SEND 2} Message(Ask)
inp.4 << 19:07:02.755 [main] INFO Env - @{4 SEND 3} Message(Ask)
inp.1 << 19:07:02.755 [main] INFO Env - @{1 RCVD 4} Message(Ask)
inp.1 << 19:07:02.755 [main] INFO Env - @{1 SEND 4} Message(Share)
inp.2 << 19:07:02.755 [main] INFO Env - @{2 RCVD 4} Message(Ask)
inp.2 << 19:07:02.755 [main] INFO Env - @{2 SEND 4} Message(Share)
inp.4 << 19:07:02.755 [main] INFO Env - @{4 RCVD 1} Message(Share)
inp.4 << 19:07:02.756 [main] INFO Env - @{4 RCVD 2} Message(Share)
inp.3 << 19:07:02.756 [main] INFO Env - @{3 RCVD 4} Message(Ask)
inp.3 << 19:07:02.756 [main] INFO Env - @{3 SEND 4} Message(Share)
inp.4 << 19:07:02.756 [main] INFO Env - @{4 RCVD 3} Message(Share)
inp.4 << 19:07:02.756 [main] INFO Env - @{4 LOCKED}
out.4 >> unlock
inp.4 << 19:07:02.756 [main] INFO Env - @{4 UNLOCKED}
out.1 >> ping
out.2 >> ping
out.3 >> ping
out.4 >> ping
out.5 >> ping
inp.5 << 19:07:02.756 [main] INFO Env - @{5 PONG}
inp.2 << 19:07:02.756 [main] INFO Env - @{2 PONG}
inp.4 << 19:07:02.757 [main] INFO Env - @{4 PONG}
inp.1 << 19:07:02.757 [main] INFO Env - @{1 PONG}
inp.3 << 19:07:02.757 [main] INFO Env - @{3 PONG}
out.5 >> lock
inp.5 << 19:07:02.757 [main] INFO Env - @{5 SEND 1} Message(Ask)
inp.5 << 19:07:02.757 [main] INFO Env - @{5 SEND 2} Message(Ask)
inp.5 << 19:07:02.758 [main] INFO Env - @{5 SEND 3} Message(Ask)
inp.2 << 19:07:02.758 [main] INFO Env - @{2 RCVD 5} Message(Ask)
inp.5 << 19:07:02.758 [main] INFO Env - @{5 SEND 4} Message(Ask)
inp.2 << 19:07:02.758 [main] INFO Env - @{2 SEND 5} Message(Share)
inp.5 << 19:07:02.758 [main] INFO Env - @{5 RCVD 2} Message(Share)
inp.4 << 19:07:02.758 [main] INFO Env - @{4 RCVD 5} Message(Ask)
inp.4 << 19:07:02.758 [main] INFO Env - @{4 SEND 5} Message(Share)
inp.5 << 19:07:02.758 [main] INFO Env - @{5 RCVD 4} Message(Share)
inp.1 << 19:07:02.758 [main] INFO Env - @{1 RCVD 5} Message(Ask)
inp.1 << 19:07:02.758 [main] INFO Env - @{1 SEND 5} Message(Share)
inp.5 << 19:07:02.758 [main] INFO Env - @{5 RCVD 1} Message(Share)
inp.3 << 19:07:02.759 [main] INFO Env - @{3 RCVD 5} Message(Ask)
inp.3 << 19:07:02.759 [main] INFO Env - @{3 SEND 5} Message(Share)
inp.5 << 19:07:02.759 [main] INFO Env - @{5 RCVD 3} Message(Share)
inp.5 << 19:07:02.759 [main] INFO Env - @{5 LOCKED}
out.5 >> unlock
inp.5 << 19:07:02.759 [main] INFO Env - @{5 UNLOCKED}
out.1 >> ping
out.2 >> ping
out.3 >> ping
out.4 >> ping
out.5 >> ping
inp.5 << 19:07:02.759 [main] INFO Env - @{5 PONG}
inp.2 << 19:07:02.759 [main] INFO Env - @{2 PONG}
inp.4 << 19:07:02.759 [main] INFO Env - @{4 PONG}
inp.1 << 19:07:02.760 [main] INFO Env - @{1 PONG}
inp.3 << 19:07:02.760 [main] INFO Env - @{3 PONG}
out.5 >> lock
out.2 >> lock
out.4 >> lock
out.1 >> lock
out.3 >> lock
inp.5 << 19:07:02.760 [main] INFO Env - @{5 LOCKED}
out.5 >> unlock
inp.2 << 19:07:02.760 [main] INFO Env - @{2 SEND 3} Message(Ask)
inp.5 << 19:07:02.761 [main] INFO Env - @{5 UNLOCKED}
inp.2 << 19:07:02.761 [main] INFO Env - @{2 SEND 4} Message(Ask)
inp.2 << 19:07:02.761 [main] INFO Env - @{2 SEND 5} Message(Ask)
inp.5 << 19:07:02.761 [main] INFO Env - @{5 RCVD 2} Message(Ask)
inp.5 << 19:07:02.761 [main] INFO Env - @{5 SEND 2} Message(Share)
inp.4 << 19:07:02.761 [main] INFO Env - @{4 SEND 5} Message(Ask)
inp.2 << 19:07:02.761 [main] INFO Env - @{2 RCVD 5} Message(Share)
inp.5 << 19:07:02.761 [main] INFO Env - @{5 RCVD 4} Message(Ask)
inp.5 << 19:07:02.761 [main] INFO Env - @{5 SEND 4} Message(Share)
inp.4 << 19:07:02.761 [main] INFO Env - @{4 RCVD 2} Message(Ask)
inp.4 << 19:07:02.761 [main] INFO Env - @{4 SEND 2} Message(Share)
inp.4 << 19:07:02.761 [main] INFO Env - @{4 SEND 2} Message(Ask)
inp.2 << 19:07:02.761 [main] INFO Env - @{2 RCVD 4} Message(Share)
inp.4 << 19:07:02.761 [main] INFO Env - @{4 RCVD 5} Message(Share)
inp.2 << 19:07:02.761 [main] INFO Env - @{2 RCVD 4} Message(Ask)
inp.1 << 19:07:02.762 [main] INFO Env - @{1 SEND 2} Message(Ask)
inp.2 << 19:07:02.762 [main] INFO Env - @{2 RCVD 1} Message(Ask)
inp.2 << 19:07:02.762 [main] INFO Env - @{2 SEND 1} Message(Share)
inp.2 << 19:07:02.762 [main] INFO Env - @{2 SEND 1} Message(Ask)
inp.1 << 19:07:02.762 [main] INFO Env - @{1 SEND 3} Message(Ask)
inp.1 << 19:07:02.762 [main] INFO Env - @{1 SEND 4} Message(Ask)
inp.4 << 19:07:02.762 [main] INFO Env - @{4 RCVD 1} Message(Ask)
inp.4 << 19:07:02.762 [main] INFO Env - @{4 SEND 1} Message(Share)
inp.4 << 19:07:02.762 [main] INFO Env - @{4 SEND 1} Message(Ask)
inp.1 << 19:07:02.762 [main] INFO Env - @{1 SEND 5} Message(Ask)
inp.3 << 19:07:02.762 [main] INFO Env - @{3 SEND 4} Message(Ask)
inp.5 << 19:07:02.763 [main] INFO Env - @{5 RCVD 1} Message(Ask)
inp.3 << 19:07:02.763 [main] INFO Env - @{3 SEND 5} Message(Ask)
inp.3 << 19:07:02.763 [main] INFO Env - @{3 RCVD 2} Message(Ask)
inp.3 << 19:07:02.763 [main] INFO Env - @{3 SEND 2} Message(Share)
inp.3 << 19:07:02.763 [main] INFO Env - @{3 SEND 2} Message(Ask)
inp.5 << 19:07:02.763 [main] INFO Env - @{5 SEND 1} Message(Share)
inp.5 << 19:07:02.763 [main] INFO Env - @{5 RCVD 3} Message(Ask)
inp.5 << 19:07:02.763 [main] INFO Env - @{5 SEND 3} Message(Share)
inp.4 << 19:07:02.763 [main] INFO Env - @{4 RCVD 3} Message(Ask)
inp.4 << 19:07:02.763 [main] INFO Env - @{4 SEND 3} Message(Share)
inp.4 << 19:07:02.763 [main] INFO Env - @{4 SEND 3} Message(Ask)
inp.3 << 19:07:02.763 [main] INFO Env - @{3 RCVD 1} Message(Ask)
inp.3 << 19:07:02.763 [main] INFO Env - @{3 SEND 1} Message(Share)
inp.3 << 19:07:02.763 [main] INFO Env - @{3 SEND 1} Message(Ask)
inp.3 << 19:07:02.763 [main] INFO Env - @{3 RCVD 5} Message(Share)
inp.3 << 19:07:02.763 [main] INFO Env - @{3 RCVD 4} Message(Share)
inp.3 << 19:07:02.763 [main] INFO Env - @{3 RCVD 4} Message(Ask)
inp.1 << 19:07:02.763 [main] INFO Env - @{1 RCVD 2} Message(Share)
inp.1 << 19:07:02.763 [main] INFO Env - @{1 RCVD 2} Message(Ask)
inp.1 << 19:07:02.763 [main] INFO Env - @{1 RCVD 4} Message(Share)
inp.1 << 19:07:02.763 [main] INFO Env - @{1 RCVD 4} Message(Ask)
inp.1 << 19:07:02.763 [main] INFO Env - @{1 RCVD 5} Message(Share)
inp.1 << 19:07:02.763 [main] INFO Env - @{1 RCVD 3} Message(Share)
inp.1 << 19:07:02.763 [main] INFO Env - @{1 LOCKED}
inp.2 << 19:07:02.763 [main] INFO Env - @{2 RCVD 3} Message(Share)
inp.1 << 19:07:02.763 [main] INFO Env - @{1 RCVD 3} Message(Ask)
inp.2 << 19:07:02.763 [main] INFO Env - @{2 RCVD 3} Message(Ask)
out.1 >> unlock
inp.1 << 19:07:02.764 [main] INFO Env - @{1 UNLOCKED}
inp.1 << 19:07:02.764 [main] INFO Env - @{1 SEND 2} Message(Share)
inp.2 << 19:07:02.764 [main] INFO Env - @{2 RCVD 1} Message(Share)
inp.1 << 19:07:02.764 [main] INFO Env - @{1 SEND 3} Message(Share)
inp.2 << 19:07:02.764 [main] INFO Env - @{2 LOCKED}
out.2 >> unlock
inp.1 << 19:07:02.764 [main] INFO Env - @{1 SEND 4} Message(Share)
inp.2 << 19:07:02.764 [main] INFO Env - @{2 UNLOCKED}
inp.4 << 19:07:02.764 [main] INFO Env - @{4 RCVD 1} Message(Share)
inp.2 << 19:07:02.764 [main] INFO Env - @{2 SEND 3} Message(Share)
inp.2 << 19:07:02.764 [main] INFO Env - @{2 SEND 4} Message(Share)
inp.4 << 19:07:02.764 [main] INFO Env - @{4 RCVD 2} Message(Share)
inp.3 << 19:07:02.765 [main] INFO Env - @{3 RCVD 1} Message(Share)
inp.3 << 19:07:02.765 [main] INFO Env - @{3 RCVD 2} Message(Share)
inp.3 << 19:07:02.765 [main] INFO Env - @{3 LOCKED}
out.3 >> unlock
inp.3 << 19:07:02.765 [main] INFO Env - @{3 UNLOCKED}
inp.3 << 19:07:02.765 [main] INFO Env - @{3 SEND 4} Message(Share)
inp.4 << 19:07:02.765 [main] INFO Env - @{4 RCVD 3} Message(Share)
inp.4 << 19:07:02.765 [main] INFO Env - @{4 LOCKED}
out.4 >> unlock
inp.4 << 19:07:02.765 [main] INFO Env - @{4 UNLOCKED}
out.1 >> ping
out.2 >> ping
out.3 >> ping
out.4 >> ping
out.5 >> ping
inp.2 << 19:07:02.766 [main] INFO Env - @{2 PONG}
inp.5 << 19:07:02.766 [main] INFO Env - @{5 PONG}
inp.4 << 19:07:02.766 [main] INFO Env - @{4 PONG}
inp.1 << 19:07:02.766 [main] INFO Env - @{1 PONG}
inp.3 << 19:07:02.766 [main] INFO Env - @{3 PONG}
out.2 >> lock
inp.2 << 19:07:02.766 [main] INFO Env - @{2 SEND 3} Message(Ask)
inp.2 << 19:07:02.766 [main] INFO Env - @{2 SEND 4} Message(Ask)
inp.4 << 19:07:02.766 [main] INFO Env - @{4 RCVD 2} Message(Ask)
inp.4 << 19:07:02.766 [main] INFO Env - @{4 SEND 2} Message(Share)
inp.2 << 19:07:02.767 [main] INFO Env - @{2 RCVD 4} Message(Share)
inp.3 << 19:07:02.767 [main] INFO Env - @{3 RCVD 2} Message(Ask)
inp.3 << 19:07:02.767 [main] INFO Env - @{3 SEND 2} Message(Share)
inp.2 << 19:07:02.767 [main] INFO Env - @{2 RCVD 3} Message(Share)
inp.2 << 19:07:02.767 [main] INFO Env - @{2 LOCKED}
out.2 >> unlock
inp.2 << 19:07:02.767 [main] INFO Env - @{2 UNLOCKED}
out.1 >> ping
out.2 >> ping
out.3 >> ping
out.4 >> ping
out.5 >> ping
inp.2 << 19:07:02.767 [main] INFO Env - @{2 PONG}
inp.5 << 19:07:02.767 [main] INFO Env - @{5 PONG}
inp.4 << 19:07:02.767 [main] INFO Env - @{4 PONG}
inp.1 << 19:07:02.768 [main] INFO Env - @{1 PONG}
inp.3 << 19:07:02.768 [main] INFO Env - @{3 PONG}
out.2 >> lock
inp.2 << 19:07:02.768 [main] INFO Env - @{2 LOCKED}
out.2 >> unlock
inp.2 << 19:07:02.768 [main] INFO Env - @{2 UNLOCKED}
out.1 >> ping
out.2 >> ping
out.3 >> ping
out.4 >> ping
out.5 >> ping
inp.5 << 19:07:02.768 [main] INFO Env - @{5 PONG}
inp.2 << 19:07:02.768 [main] INFO Env - @{2 PONG}
inp.4 << 19:07:02.769 [main] INFO Env - @{4 PONG}
inp.1 << 19:07:02.769 [main] INFO Env - @{1 PONG}
inp.3 << 19:07:02.769 [main] INFO Env - @{3 PONG}
out.2 >> lock
inp.2 << 19:07:02.769 [main] INFO Env - @{2 LOCKED}
out.2 >> unlock
inp.2 << 19:07:02.769 [main] INFO Env - @{2 UNLOCKED}
out.1 >> ping
out.2 >> ping
out.3 >> ping
out.4 >> ping
out.5 >> ping
inp.5 << 19:07:02.769 [main] INFO Env - @{5 PONG}
inp.2 << 19:07:02.770 [main] INFO Env - @{2 PONG}
inp.4 << 19:07:02.770 [main] INFO Env - @{4 PONG}
inp.1 << 19:07:02.770 [main] INFO Env - @{1 PONG}
inp.3 << 19:07:02.770 [main] INFO Env - @{3 PONG}
out.2 >> lock
out.1 >> lock
inp.2 << 19:07:02.771 [main] INFO Env - @{2 LOCKED}
out.2 >> unlock
inp.2 << 19:07:02.771 [main] INFO Env - @{2 UNLOCKED}
inp.1 << 19:07:02.771 [main] INFO Env - @{1 SEND 2} Message(Ask)
inp.2 << 19:07:02.771 [main] INFO Env - @{2 RCVD 1} Message(Ask)
inp.1 << 19:07:02.771 [main] INFO Env - @{1 SEND 3} Message(Ask)
inp.2 << 19:07:02.771 [main] INFO Env - @{2 SEND 1} Message(Share)
inp.1 << 19:07:02.772 [main] INFO Env - @{1 SEND 4} Message(Ask)
inp.1 << 19:07:02.772 [main] INFO Env - @{1 RCVD 2} Message(Share)
inp.4 << 19:07:02.772 [main] INFO Env - @{4 RCVD 1} Message(Ask)
inp.4 << 19:07:02.772 [main] INFO Env - @{4 SEND 1} Message(Share)
inp.1 << 19:07:02.772 [main] INFO Env - @{1 RCVD 4} Message(Share)
inp.3 << 19:07:02.772 [main] INFO Env - @{3 RCVD 1} Message(Ask)
inp.3 << 19:07:02.772 [main] INFO Env - @{3 SEND 1} Message(Share)
inp.1 << 19:07:02.772 [main] INFO Env - @{1 RCVD 3} Message(Share)
inp.1 << 19:07:02.772 [main] INFO Env - @{1 LOCKED}
out.1 >> unlock
inp.1 << 19:07:02.772 [main] INFO Env - @{1 UNLOCKED}
out.1 >> ping
out.2 >> ping
out.3 >> ping
out.4 >> ping
out.5 >> ping
inp.5 << 19:07:02.773 [main] INFO Env - @{5 PONG}
inp.2 << 19:07:02.773 [main] INFO Env - @{2 PONG}
inp.4 << 19:07:02.773 [main] INFO Env - @{4 PONG}
inp.1 << 19:07:02.773 [main] INFO Env - @{1 PONG}
inp.3 << 19:07:02.774 [main] INFO Env - @{3 PONG}
out.2 >> lock
out.1 >> lock
inp.2 << 19:07:02.774 [main] INFO Env - @{2 SEND 1} Message(Ask)
inp.1 << 19:07:02.774 [main] INFO Env - @{1 LOCKED}
out.1 >> unlock
inp.1 << 19:07:02.775 [main] INFO Env - @{1 RCVD 2} Message(Ask)
inp.1 << 19:07:02.775 [main] INFO Env - @{1 UNLOCKED}
inp.1 << 19:07:02.775 [main] INFO Env - @{1 SEND 2} Message(Share)
inp.2 << 19:07:02.775 [main] INFO Env - @{2 RCVD 1} Message(Share)
inp.2 << 19:07:02.775 [main] INFO Env - @{2 LOCKED}
out.2 >> unlock
inp.2 << 19:07:02.775 [main] INFO Env - @{2 UNLOCKED}
out.1 >> ping
out.2 >> ping
out.3 >> ping
out.4 >> ping
out.5 >> ping
inp.5 << 19:07:02.776 [main] INFO Env - @{5 PONG}
inp.2 << 19:07:02.776 [main] INFO Env - @{2 PONG}
inp.4 << 19:07:02.776 [main] INFO Env - @{4 PONG}
inp.1 << 19:07:02.777 [main] INFO Env - @{1 PONG}
inp.3 << 19:07:02.777 [main] INFO Env - @{3 PONG}
out.2 >> lock
out.1 >> lock
inp.2 << 19:07:02.777 [main] INFO Env - @{2 LOCKED}
out.2 >> unlock
inp.2 << 19:07:02.777 [main] INFO Env - @{2 UNLOCKED}
inp.1 << 19:07:02.777 [main] INFO Env - @{1 SEND 2} Message(Ask)
inp.2 << 19:07:02.778 [main] INFO Env - @{2 RCVD 1} Message(Ask)
inp.2 << 19:07:02.778 [main] INFO Env - @{2 SEND 1} Message(Share)
inp.1 << 19:07:02.778 [main] INFO Env - @{1 RCVD 2} Message(Share)
inp.1 << 19:07:02.778 [main] INFO Env - @{1 LOCKED}
out.1 >> unlock
inp.1 << 19:07:02.778 [main] INFO Env - @{1 UNLOCKED}
out.1 >> ping
out.2 >> ping
out.3 >> ping
out.4 >> ping
out.5 >> ping
inp.2 << 19:07:02.778 [main] INFO Env - @{2 PONG}
inp.5 << 19:07:02.778 [main] INFO Env - @{5 PONG}
inp.4 << 19:07:02.779 [main] INFO Env - @{4 PONG}
inp.1 << 19:07:02.779 [main] INFO Env - @{1 PONG}
inp.3 << 19:07:02.779 [main] INFO Env - @{3 PONG}
out.1 >> ping
out.2 >> ping
out.3 >> ping
out.4 >> ping
out.5 >> ping
inp.5 << 19:07:02.779 [main] INFO Env - @{5 PONG}
inp.2 << 19:07:02.779 [main] INFO Env - @{2 PONG}
inp.4 << 19:07:02.779 [main] INFO Env - @{4 PONG}
inp.3 << 19:07:02.780 [main] INFO Env - @{3 PONG}
inp.1 << 19:07:02.780 [main] INFO Env - @{1 PONG}
out.1 >> lock
inp.1 << 19:07:02.780 [main] INFO Env - @{1 LOCKED}
out.1 >> unlock
inp.1 << 19:07:02.780 [main] INFO Env - @{1 UNLOCKED}
out.1 >> ping
out.2 >> ping
out.3 >> ping
out.4 >> ping
out.5 >> ping
inp.5 << 19:07:02.781 [main] INFO Env - @{5 PONG}
inp.4 << 19:07:02.781 [main] INFO Env - @{4 PONG}
inp.2 << 19:07:02.781 [main] INFO Env - @{2 PONG}
inp.1 << 19:07:02.781 [main] INFO Env - @{1 PONG}
inp.3 << 19:07:02.781 [main] INFO Env - @{3 PONG}
out.2 >> lock
inp.2 << 19:07:02.781 [main] INFO Env - @{2 SEND 1} Message(Ask)
inp.1 << 19:07:02.781 [main] INFO Env - @{1 RCVD 2} Message(Ask)
inp.1 << 19:07:02.781 [main] INFO Env - @{1 SEND 2} Message(Share)
inp.2 << 19:07:02.781 [main] INFO Env - @{2 RCVD 1} Message(Share)
inp.2 << 19:07:02.781 [main] INFO Env - @{2 LOCKED}
out.2 >> unlock
inp.2 << 19:07:02.782 [main] INFO Env - @{2 UNLOCKED}
out.1 >> ping
out.2 >> ping
out.3 >> ping
out.4 >> ping
out.5 >> ping
inp.5 << 19:07:02.782 [main] INFO Env - @{5 PONG}
inp.2 << 19:07:02.782 [main] INFO Env - @{2 PONG}
inp.4 << 19:07:02.782 [main] INFO Env - @{4 PONG}
inp.1 << 19:07:02.783 [main] INFO Env - @{1 PONG}
inp.3 << 19:07:02.783 [main] INFO Env - @{3 PONG}
out.3 >> lock
inp.3 << 19:07:02.783 [main] INFO Env - @{3 SEND 1} Message(Ask)
inp.3 << 19:07:02.783 [main] INFO Env - @{3 SEND 2} Message(Ask)
inp.2 << 19:07:02.783 [main] INFO Env - @{2 RCVD 3} Message(Ask)
inp.2 << 19:07:02.783 [main] INFO Env - @{2 SEND 3} Message(Share)
inp.3 << 19:07:02.783 [main] INFO Env - @{3 SEND 4} Message(Ask)
inp.4 << 19:07:02.784 [main] INFO Env - @{4 RCVD 3} Message(Ask)
inp.4 << 19:07:02.784 [main] INFO Env - @{4 SEND 3} Message(Share)
inp.3 << 19:07:02.784 [main] INFO Env - @{3 RCVD 2} Message(Share)
inp.1 << 19:07:02.784 [main] INFO Env - @{1 RCVD 3} Message(Ask)
inp.1 << 19:07:02.784 [main] INFO Env - @{1 SEND 3} Message(Share)
inp.3 << 19:07:02.784 [main] INFO Env - @{3 RCVD 4} Message(Share)
inp.3 << 19:07:02.784 [main] INFO Env - @{3 RCVD 1} Message(Share)
inp.3 << 19:07:02.784 [main] INFO Env - @{3 LOCKED}
out.3 >> unlock
inp.3 << 19:07:02.784 [main] INFO Env - @{3 UNLOCKED}
out.1 >> ping
out.2 >> ping
out.3 >> ping
out.4 >> ping
out.5 >> ping
inp.5 << 19:07:02.785 [main] INFO Env - @{5 PONG}
inp.2 << 19:07:02.785 [main] INFO Env - @{2 PONG}
inp.4 << 19:07:02.785 [main] INFO Env - @{4 PONG}
inp.3 << 19:07:02.785 [main] INFO Env - @{3 PONG}
inp.1 << 19:07:02.785 [main] INFO Env - @{1 PONG}
out.4 >> lock
inp.4 << 19:07:02.785 [main] INFO Env - @{4 SEND 1} Message(Ask)
inp.4 << 19:07:02.785 [main] INFO Env - @{4 SEND 2} Message(Ask)
inp.4 << 19:07:02.785 [main] INFO Env - @{4 SEND 3} Message(Ask)
inp.2 << 19:07:02.786 [main] INFO Env - @{2 RCVD 4} Message(Ask)
inp.3 << 19:07:02.786 [main] INFO Env - @{3 RCVD 4} Message(Ask)
inp.3 << 19:07:02.786 [main] INFO Env - @{3 SEND 4} Message(Share)
inp.1 << 19:07:02.786 [main] INFO Env - @{1 RCVD 4} Message(Ask)
inp.2 << 19:07:02.786 [main] INFO Env - @{2 SEND 4} Message(Share)
inp.4 << 19:07:02.786 [main] INFO Env - @{4 RCVD 3} Message(Share)
inp.1 << 19:07:02.786 [main] INFO Env - @{1 SEND 4} Message(Share)
inp.4 << 19:07:02.786 [main] INFO Env - @{4 RCVD 2} Message(Share)
inp.4 << 19:07:02.786 [main] INFO Env - @{4 RCVD 1} Message(Share)
inp.4 << 19:07:02.786 [main] INFO Env - @{4 LOCKED}
out.4 >> unlock
inp.4 << 19:07:02.786 [main] INFO Env - @{4 UNLOCKED}
out.1 >> ping
out.2 >> ping
out.3 >> ping
out.4 >> ping
out.5 >> ping
inp.2 << 19:07:02.786 [main] INFO Env - @{2 PONG}
inp.4 << 19:07:02.786 [main] INFO Env - @{4 PONG}
inp.5 << 19:07:02.786 [main] INFO Env - @{5 PONG}
inp.1 << 19:07:02.786 [main] INFO Env - @{1 PONG}
inp.3 << 19:07:02.786 [main] INFO Env - @{3 PONG}
out.5 >> lock
inp.5 << 19:07:02.787 [main] INFO Env - @{5 SEND 1} Message(Ask)
inp.5 << 19:07:02.787 [main] INFO Env - @{5 SEND 2} Message(Ask)
inp.5 << 19:07:02.787 [main] INFO Env - @{5 SEND 3} Message(Ask)
inp.5 << 19:07:02.787 [main] INFO Env - @{5 SEND 4} Message(Ask)
inp.4 << 19:07:02.787 [main] INFO Env - @{4 RCVD 5} Message(Ask)
inp.4 << 19:07:02.787 [main] INFO Env - @{4 SEND 5} Message(Share)
inp.2 << 19:07:02.787 [main] INFO Env - @{2 RCVD 5} Message(Ask)
inp.2 << 19:07:02.787 [main] INFO Env - @{2 SEND 5} Message(Share)
inp.1 << 19:07:02.787 [main] INFO Env - @{1 RCVD 5} Message(Ask)
inp.5 << 19:07:02.787 [main] INFO Env - @{5 RCVD 2} Message(Share)
inp.1 << 19:07:02.787 [main] INFO Env - @{1 SEND 5} Message(Share)
inp.3 << 19:07:02.787 [main] INFO Env - @{3 RCVD 5} Message(Ask)
inp.3 << 19:07:02.787 [main] INFO Env - @{3 SEND 5} Message(Share)
inp.5 << 19:07:02.787 [main] INFO Env - @{5 RCVD 4} Message(Share)
inp.5 << 19:07:02.787 [main] INFO Env - @{5 RCVD 1} Message(Share)
inp.5 << 19:07:02.787 [main] INFO Env - @{5 RCVD 3} Message(Share)
inp.5 << 19:07:02.787 [main] INFO Env - @{5 LOCKED}
out.5 >> unlock
inp.5 << 19:07:02.788 [main] INFO Env - @{5 UNLOCKED}
out.1 >> ping
out.2 >> ping
out.3 >> ping
out.4 >> ping
out.5 >> ping
inp.5 << 19:07:02.788 [main] INFO Env - @{5 PONG}
inp.2 << 19:07:02.788 [main] INFO Env - @{2 PONG}
inp.4 << 19:07:02.788 [main] INFO Env - @{4 PONG}
inp.3 << 19:07:02.788 [main] INFO Env - @{3 PONG}
inp.1 << 19:07:02.788 [main] INFO Env - @{1 PONG}
out.5 >> lock
out.3 >> lock
out.1 >> lock
out.4 >> lock
out.2 >> lock
inp.5 << 19:07:02.789 [main] INFO Env - @{5 LOCKED}
inp.4 << 19:07:02.789 [main] INFO Env - @{4 SEND 5} Message(Ask)
out.5 >> unlock
inp.5 << 19:07:02.789 [main] INFO Env - @{5 RCVD 4} Message(Ask)
inp.5 << 19:07:02.789 [main] INFO Env - @{5 UNLOCKED}
inp.5 << 19:07:02.789 [main] INFO Env - @{5 SEND 4} Message(Share)
inp.4 << 19:07:02.789 [main] INFO Env - @{4 RCVD 5} Message(Share)
inp.4 << 19:07:02.789 [main] INFO Env - @{4 LOCKED}
inp.2 << 19:07:02.789 [main] INFO Env - @{2 SEND 3} Message(Ask)
out.4 >> unlock
inp.2 << 19:07:02.789 [main] INFO Env - @{2 SEND 4} Message(Ask)
inp.2 << 19:07:02.789 [main] INFO Env - @{2 SEND 5} Message(Ask)
inp.4 << 19:07:02.789 [main] INFO Env - @{4 UNLOCKED}
inp.5 << 19:07:02.790 [main] INFO Env - @{5 RCVD 2} Message(Ask)
inp.5 << 19:07:02.790 [main] INFO Env - @{5 SEND 2} Message(Share)
inp.4 << 19:07:02.790 [main] INFO Env - @{4 RCVD 2} Message(Ask)
inp.4 << 19:07:02.790 [main] INFO Env - @{4 SEND 2} Message(Share)
inp.2 << 19:07:02.790 [main] INFO Env - @{2 RCVD 5} Message(Share)
inp.2 << 19:07:02.790 [main] INFO Env - @{2 RCVD 4} Message(Share)
inp.3 << 19:07:02.790 [main] INFO Env - @{3 SEND 4} Message(Ask)
inp.1 << 19:07:02.790 [main] INFO Env - @{1 SEND 2} Message(Ask)
inp.4 << 19:07:02.790 [main] INFO Env - @{4 RCVD 3} Message(Ask)
inp.3 << 19:07:02.790 [main] INFO Env - @{3 SEND 5} Message(Ask)
inp.4 << 19:07:02.790 [main] INFO Env - @{4 SEND 3} Message(Share)
inp.5 << 19:07:02.790 [main] INFO Env - @{5 RCVD 3} Message(Ask)
inp.5 << 19:07:02.791 [main] INFO Env - @{5 SEND 3} Message(Share)
inp.2 << 19:07:02.791 [main] INFO Env - @{2 RCVD 1} Message(Ask)
inp.2 << 19:07:02.791 [main] INFO Env - @{2 SEND 1} Message(Share)
inp.2 << 19:07:02.791 [main] INFO Env - @{2 SEND 1} Message(Ask)
inp.3 << 19:07:02.791 [main] INFO Env - @{3 RCVD 2} Message(Ask)
inp.1 << 19:07:02.791 [main] INFO Env - @{1 SEND 3} Message(Ask)
inp.1 << 19:07:02.791 [main] INFO Env - @{1 SEND 4} Message(Ask)
inp.3 << 19:07:02.791 [main] INFO Env - @{3 SEND 2} Message(Share)
inp.1 << 19:07:02.791 [main] INFO Env - @{1 SEND 5} Message(Ask)
inp.2 << 19:07:02.791 [main] INFO Env - @{2 RCVD 3} Message(Share)
inp.4 << 19:07:02.791 [main] INFO Env - @{4 RCVD 1} Message(Ask)
inp.1 << 19:07:02.791 [main] INFO Env - @{1 RCVD 2} Message(Share)
inp.5 << 19:07:02.791 [main] INFO Env - @{5 RCVD 1} Message(Ask)
inp.1 << 19:07:02.791 [main] INFO Env - @{1 RCVD 2} Message(Ask)
inp.5 << 19:07:02.791 [main] INFO Env - @{5 SEND 1} Message(Share)
inp.4 << 19:07:02.791 [main] INFO Env - @{4 SEND 1} Message(Share)
inp.3 << 19:07:02.791 [main] INFO Env - @{3 SEND 2} Message(Ask)
inp.1 << 19:07:02.792 [main] INFO Env - @{1 RCVD 4} Message(Share)
inp.1 << 19:07:02.792 [main] INFO Env - @{1 RCVD 5} Message(Share)
inp.2 << 19:07:02.792 [main] INFO Env - @{2 RCVD 3} Message(Ask)
inp.3 << 19:07:02.792 [main] INFO Env - @{3 RCVD 4} Message(Share)
inp.3 << 19:07:02.792 [main] INFO Env - @{3 RCVD 5} Message(Share)
inp.3 << 19:07:02.792 [main] INFO Env - @{3 RCVD 1} Message(Ask)
inp.3 << 19:07:02.792 [main] INFO Env - @{3 SEND 1} Message(Share)
inp.3 << 19:07:02.792 [main] INFO Env - @{3 SEND 1} Message(Ask)
inp.1 << 19:07:02.792 [main] INFO Env - @{1 RCVD 3} Message(Share)
inp.1 << 19:07:02.792 [main] INFO Env - @{1 LOCKED}
inp.1 << 19:07:02.792 [main] INFO Env - @{1 RCVD 3} Message(Ask)
out.1 >> unlock
inp.1 << 19:07:02.792 [main] INFO Env - @{1 UNLOCKED}
inp.1 << 19:07:02.792 [main] INFO Env - @{1 SEND 2} Message(Share)
inp.1 << 19:07:02.792 [main] INFO Env - @{1 SEND 3} Message(Share)
inp.2 << 19:07:02.792 [main] INFO Env - @{2 RCVD 1} Message(Share)
inp.2 << 19:07:02.792 [main] INFO Env - @{2 LOCKED}
out.2 >> unlock
inp.2 << 19:07:02.792 [main] INFO Env - @{2 UNLOCKED}
inp.3 << 19:07:02.792 [main] INFO Env - @{3 RCVD 1} Message(Share)
inp.2 << 19:07:02.793 [main] INFO Env - @{2 SEND 3} Message(Share)
inp.3 << 19:07:02.793 [main] INFO Env - @{3 RCVD 2} Message(Share)
inp.3 << 19:07:02.793 [main] INFO Env - @{3 LOCKED}
out.3 >> unlock
inp.3 << 19:07:02.793 [main] INFO Env - @{3 UNLOCKED}
out.1 >> ping
out.2 >> ping
out.3 >> ping
out.4 >> ping
out.5 >> ping
inp.5 << 19:07:02.793 [main] INFO Env - @{5 PONG}
inp.2 << 19:07:02.794 [main] INFO Env - @{2 PONG}
inp.4 << 19:07:02.794 [main] INFO Env - @{4 PONG}
inp.1 << 19:07:02.794 [main] INFO Env - @{1 PONG}
inp.3 << 19:07:02.794 [main] INFO Env - @{3 PONG}
out.1 >> lock
inp.1 << 19:07:02.794 [main] INFO Env - @{1 SEND 2} Message(Ask)
inp.1 << 19:07:02.795 [main] INFO Env - @{1 SEND 3} Message(Ask)
inp.2 << 19:07:02.795 [main] INFO Env - @{2 RCVD 1} Message(Ask)
inp.2 << 19:07:02.795 [main] INFO Env - @{2 SEND 1} Message(Share)
inp.1 << 19:07:02.795 [main] INFO Env - @{1 RCVD 2} Message(Share)
inp.3 << 19:07:02.795 [main] INFO Env - @{3 RCVD 1} Message(Ask)
inp.3 << 19:07:02.795 [main] INFO Env - @{3 SEND 1} Message(Share)
inp.1 << 19:07:02.795 [main] INFO Env - @{1 RCVD 3} Message(Share)
inp.1 << 19:07:02.795 [main] INFO Env - @{1 LOCKED}
out.1 >> unlock
inp.1 << 19:07:02.795 [main] INFO Env - @{1 UNLOCKED}
out.1 >> ping
out.2 >> ping
out.3 >> ping
out.4 >> ping
out.5 >> ping
inp.2 << 19:07:02.796 [main] INFO Env - @{2 PONG}
inp.4 << 19:07:02.796 [main] INFO Env - @{4 PONG}
inp.1 << 19:07:02.796 [main] INFO Env - @{1 PONG}
inp.5 << 19:07:02.796 [main] INFO Env - @{5 PONG}
inp.3 << 19:07:02.796 [main] INFO Env - @{3 PONG}
out.1 >> lock
inp.1 << 19:07:02.796 [main] INFO Env - @{1 LOCKED}
out.1 >> unlock
inp.1 << 19:07:02.797 [main] INFO Env - @{1 UNLOCKED}
out.1 >> ping
out.2 >> ping
out.3 >> ping
out.4 >> ping
out.5 >> ping
inp.2 << 19:07:02.797 [main] INFO Env - @{2 PONG}
inp.5 << 19:07:02.797 [main] INFO Env - @{5 PONG}
inp.4 << 19:07:02.797 [main] INFO Env - @{4 PONG}
inp.1 << 19:07:02.797 [main] INFO Env - @{1 PONG}
inp.3 << 19:07:02.797 [main] INFO Env - @{3 PONG}
out.1 >> lock
inp.1 << 19:07:02.798 [main] INFO Env - @{1 LOCKED}
out.1 >> unlock
inp.1 << 19:07:02.798 [main] INFO Env - @{1 UNLOCKED}
out.1 >> ping
out.2 >> ping
out.3 >> ping
out.4 >> ping
out.5 >> ping
inp.5 << 19:07:02.798 [main] INFO Env - @{5 PONG}
inp.2 << 19:07:02.799 [main] INFO Env - @{2 PONG}
inp.4 << 19:07:02.799 [main] INFO Env - @{4 PONG}
inp.1 << 19:07:02.799 [main] INFO Env - @{1 PONG}
inp.3 << 19:07:02.799 [main] INFO Env - @{3 PONG}
out.1 >> lock
out.2 >> lock
inp.2 << 19:07:02.800 [main] INFO Env - @{2 SEND 1} Message(Ask)
inp.2 << 19:07:02.800 [main] INFO Env - @{2 SEND 3} Message(Ask)
inp.1 << 19:07:02.800 [main] INFO Env - @{1 LOCKED}
inp.1 << 19:07:02.800 [main] INFO Env - @{1 RCVD 2} Message(Ask)
inp.3 << 19:07:02.800 [main] INFO Env - @{3 RCVD 2} Message(Ask)
inp.3 << 19:07:02.800 [main] INFO Env - @{3 SEND 2} Message(Share)
out.1 >> unlock
inp.2 << 19:07:02.800 [main] INFO Env - @{2 RCVD 3} Message(Share)
inp.1 << 19:07:02.800 [main] INFO Env - @{1 UNLOCKED}
inp.1 << 19:07:02.800 [main] INFO Env - @{1 SEND 2} Message(Share)
inp.2 << 19:07:02.801 [main] INFO Env - @{2 RCVD 1} Message(Share)
inp.2 << 19:07:02.801 [main] INFO Env - @{2 LOCKED}
out.2 >> unlock
inp.2 << 19:07:02.801 [main] INFO Env - @{2 UNLOCKED}
out.1 >> ping
out.2 >> ping
out.3 >> ping
out.4 >> ping
out.5 >> ping
inp.2 << 19:07:02.801 [main] INFO Env - @{2 PONG}
inp.5 << 19:07:02.801 [main] INFO Env - @{5 PONG}
inp.4 << 19:07:02.801 [main] INFO Env - @{4 PONG}
inp.1 << 19:07:02.801 [main] INFO Env - @{1 PONG}
inp.3 << 19:07:02.801 [main] INFO Env - @{3 PONG}
out.1 >> lock
out.2 >> lock
inp.2 << 19:07:02.802 [main] INFO Env - @{2 LOCKED}
out.2 >> unlock
inp.2 << 19:07:02.802 [main] INFO Env - @{2 UNLOCKED}
inp.1 << 19:07:02.802 [main] INFO Env - @{1 SEND 2} Message(Ask)
inp.2 << 19:07:02.803 [main] INFO Env - @{2 RCVD 1} Message(Ask)
inp.2 << 19:07:02.803 [main] INFO Env - @{2 SEND 1} Message(Share)
inp.1 << 19:07:02.803 [main] INFO Env - @{1 RCVD 2} Message(Share)
inp.1 << 19:07:02.804 [main] INFO Env - @{1 LOCKED}
out.1 >> unlock
inp.1 << 19:07:02.805 [main] INFO Env - @{1 UNLOCKED}
out.1 >> ping
out.2 >> ping
out.3 >> ping
out.4 >> ping
out.5 >> ping
inp.2 << 19:07:02.806 [main] INFO Env - @{2 PONG}
inp.5 << 19:07:02.806 [main] INFO Env - @{5 PONG}
inp.4 << 19:07:02.806 [main] INFO Env - @{4 PONG}
inp.3 << 19:07:02.809 [main] INFO Env - @{3 PONG}
inp.1 << 19:07:02.809 [main] INFO Env - @{1 PONG}
out.1 >> lock
out.2 >> lock
inp.2 << 19:07:02.810 [main] INFO Env - @{2 SEND 1} Message(Ask)
inp.1 << 19:07:02.811 [main] INFO Env - @{1 LOCKED}
inp.1 << 19:07:02.811 [main] INFO Env - @{1 RCVD 2} Message(Ask)
out.1 >> unlock
inp.1 << 19:07:02.811 [main] INFO Env - @{1 UNLOCKED}
inp.1 << 19:07:02.811 [main] INFO Env - @{1 SEND 2} Message(Share)
inp.2 << 19:07:02.811 [main] INFO Env - @{2 RCVD 1} Message(Share)
inp.2 << 19:07:02.811 [main] INFO Env - @{2 LOCKED}
out.2 >> unlock
inp.2 << 19:07:02.811 [main] INFO Env - @{2 UNLOCKED}
out.1 >> ping
out.2 >> ping
out.3 >> ping
out.4 >> ping
out.5 >> ping
inp.2 << 19:07:02.811 [main] INFO Env - @{2 PONG}
inp.5 << 19:07:02.811 [main] INFO Env - @{5 PONG}
inp.4 << 19:07:02.812 [main] INFO Env - @{4 PONG}
inp.1 << 19:07:02.812 [main] INFO Env - @{1 PONG}
inp.3 << 19:07:02.812 [main] INFO Env - @{3 PONG}
out.1 >> ping
out.2 >> ping
out.3 >> ping
out.4 >> ping
out.5 >> ping
inp.5 << 19:07:02.812 [main] INFO Env - @{5 PONG}
inp.2 << 19:07:02.812 [main] INFO Env - @{2 PONG}
inp.4 << 19:07:02.812 [main] INFO Env - @{4 PONG}
inp.3 << 19:07:02.812 [main] INFO Env - @{3 PONG}
inp.1 << 19:07:02.812 [main] INFO Env - @{1 PONG}
out.1 >> lock
inp.1 << 19:07:02.813 [main] INFO Env - @{1 SEND 2} Message(Ask)
inp.2 << 19:07:02.813 [main] INFO Env - @{2 RCVD 1} Message(Ask)
inp.2 << 19:07:02.813 [main] INFO Env - @{2 SEND 1} Message(Share)
inp.1 << 19:07:02.813 [main] INFO Env - @{1 RCVD 2} Message(Share)
inp.1 << 19:07:02.813 [main] INFO Env - @{1 LOCKED}
out.1 >> unlock
inp.1 << 19:07:02.813 [main] INFO Env - @{1 UNLOCKED}
out.1 >> ping
out.2 >> ping
out.3 >> ping
out.4 >> ping
out.5 >> ping
inp.5 << 19:07:02.813 [main] INFO Env - @{5 PONG}
inp.2 << 19:07:02.814 [main] INFO Env - @{2 PONG}
inp.4 << 19:07:02.814 [main] INFO Env - @{4 PONG}
inp.1 << 19:07:02.814 [main] INFO Env - @{1 PONG}
inp.3 << 19:07:02.814 [main] INFO Env - @{3 PONG}
out.2 >> lock
inp.2 << 19:07:02.814 [main] INFO Env - @{2 SEND 1} Message(Ask)
inp.1 << 19:07:02.814 [main] INFO Env - @{1 RCVD 2} Message(Ask)
inp.1 << 19:07:02.814 [main] INFO Env - @{1 SEND 2} Message(Share)
inp.2 << 19:07:02.814 [main] INFO Env - @{2 RCVD 1} Message(Share)
inp.2 << 19:07:02.814 [main] INFO Env - @{2 LOCKED}
out.2 >> unlock
inp.2 << 19:07:02.814 [main] INFO Env - @{2 UNLOCKED}
out.1 >> ping
out.2 >> ping
out.3 >> ping
out.4 >> ping
out.5 >> ping
inp.5 << 19:07:02.815 [main] INFO Env - @{5 PONG}
inp.2 << 19:07:02.815 [main] INFO Env - @{2 PONG}
inp.4 << 19:07:02.815 [main] INFO Env - @{4 PONG}
inp.1 << 19:07:02.815 [main] INFO Env - @{1 PONG}
inp.3 << 19:07:02.815 [main] INFO Env - @{3 PONG}
out.3 >> lock
inp.3 << 19:07:02.815 [main] INFO Env - @{3 SEND 1} Message(Ask)
inp.3 << 19:07:02.815 [main] INFO Env - @{3 SEND 2} Message(Ask)
inp.2 << 19:07:02.816 [main] INFO Env - @{2 RCVD 3} Message(Ask)
inp.2 << 19:07:02.816 [main] INFO Env - @{2 SEND 3} Message(Share)
inp.1 << 19:07:02.816 [main] INFO Env - @{1 RCVD 3} Message(Ask)
inp.3 << 19:07:02.816 [main] INFO Env - @{3 RCVD 2} Message(Share)
inp.1 << 19:07:02.816 [main] INFO Env - @{1 SEND 3} Message(Share)
inp.3 << 19:07:02.816 [main] INFO Env - @{3 RCVD 1} Message(Share)
inp.3 << 19:07:02.816 [main] INFO Env - @{3 LOCKED}
out.3 >> unlock
inp.3 << 19:07:02.818 [main] INFO Env - @{3 UNLOCKED}
out.1 >> ping
out.2 >> ping
out.3 >> ping
out.4 >> ping
out.5 >> ping
inp.5 << 19:07:02.819 [main] INFO Env - @{5 PONG}
inp.2 << 19:07:02.819 [main] INFO Env - @{2 PONG}
inp.4 << 19:07:02.819 [main] INFO Env - @{4 PONG}
inp.1 << 19:07:02.819 [main] INFO Env - @{1 PONG}
inp.3 << 19:07:02.819 [main] INFO Env - @{3 PONG}
out.4 >> lock
inp.4 << 19:07:02.820 [main] INFO Env - @{4 SEND 1} Message(Ask)
inp.4 << 19:07:02.821 [main] INFO Env - @{4 SEND 2} Message(Ask)
inp.4 << 19:07:02.821 [main] INFO Env - @{4 SEND 3} Message(Ask)
inp.2 << 19:07:02.823 [main] INFO Env - @{2 RCVD 4} Message(Ask)
inp.2 << 19:07:02.823 [main] INFO Env - @{2 SEND 4} Message(Share)
inp.1 << 19:07:02.823 [main] INFO Env - @{1 RCVD 4} Message(Ask)
inp.4 << 19:07:02.824 [main] INFO Env - @{4 RCVD 2} Message(Share)
inp.3 << 19:07:02.823 [main] INFO Env - @{3 RCVD 4} Message(Ask)
inp.3 << 19:07:02.824 [main] INFO Env - @{3 SEND 4} Message(Share)
inp.4 << 19:07:02.825 [main] INFO Env - @{4 RCVD 3} Message(Share)
inp.1 << 19:07:02.824 [main] INFO Env - @{1 SEND 4} Message(Share)
inp.4 << 19:07:02.826 [main] INFO Env - @{4 RCVD 1} Message(Share)
inp.4 << 19:07:02.826 [main] INFO Env - @{4 LOCKED}
out.4 >> unlock
inp.4 << 19:07:02.827 [main] INFO Env - @{4 UNLOCKED}
out.1 >> ping
out.2 >> ping
out.3 >> ping
out.4 >> ping
out.5 >> ping
inp.5 << 19:07:02.828 [main] INFO Env - @{5 PONG}
inp.2 << 19:07:02.828 [main] INFO Env - @{2 PONG}
inp.4 << 19:07:02.828 [main] INFO Env - @{4 PONG}
inp.1 << 19:07:02.829 [main] INFO Env - @{1 PONG}
inp.3 << 19:07:02.829 [main] INFO Env - @{3 PONG}
out.5 >> lock
inp.5 << 19:07:02.829 [main] INFO Env - @{5 SEND 1} Message(Ask)
inp.5 << 19:07:02.830 [main] INFO Env - @{5 SEND 2} Message(Ask)
inp.5 << 19:07:02.830 [main] INFO Env - @{5 SEND 3} Message(Ask)
inp.2 << 19:07:02.830 [main] INFO Env - @{2 RCVD 5} Message(Ask)
inp.2 << 19:07:02.830 [main] INFO Env - @{2 SEND 5} Message(Share)
inp.5 << 19:07:02.830 [main] INFO Env - @{5 SEND 4} Message(Ask)
inp.5 << 19:07:02.830 [main] INFO Env - @{5 RCVD 2} Message(Share)
inp.4 << 19:07:02.831 [main] INFO Env - @{4 RCVD 5} Message(Ask)
inp.4 << 19:07:02.831 [main] INFO Env - @{4 SEND 5} Message(Share)
inp.1 << 19:07:02.831 [main] INFO Env - @{1 RCVD 5} Message(Ask)
inp.3 << 19:07:02.831 [main] INFO Env - @{3 RCVD 5} Message(Ask)
inp.5 << 19:07:02.831 [main] INFO Env - @{5 RCVD 4} Message(Share)
inp.1 << 19:07:02.831 [main] INFO Env - @{1 SEND 5} Message(Share)
inp.3 << 19:07:02.831 [main] INFO Env - @{3 SEND 5} Message(Share)
inp.5 << 19:07:02.831 [main] INFO Env - @{5 RCVD 1} Message(Share)
inp.5 << 19:07:02.831 [main] INFO Env - @{5 RCVD 3} Message(Share)
inp.5 << 19:07:02.831 [main] INFO Env - @{5 LOCKED}
out.5 >> unlock
inp.5 << 19:07:02.831 [main] INFO Env - @{5 UNLOCKED}
out.1 >> ping
out.2 >> ping
out.3 >> ping
out.4 >> ping
out.5 >> ping
inp.5 << 19:07:02.832 [main] INFO Env - @{5 PONG}
inp.2 << 19:07:02.832 [main] INFO Env - @{2 PONG}
inp.4 << 19:07:02.832 [main] INFO Env - @{4 PONG}
inp.1 << 19:07:02.832 [main] INFO Env - @{1 PONG}
inp.3 << 19:07:02.832 [main] INFO Env - @{3 PONG}
out.2 >> lock
out.4 >> lock
out.1 >> lock
out.3 >> lock
out.5 >> lock
inp.5 << 19:07:02.832 [main] INFO Env - @{5 LOCKED}
inp.2 << 19:07:02.832 [main] INFO Env - @{2 SEND 3} Message(Ask)
out.5 >> unlock
inp.5 << 19:07:02.833 [main] INFO Env - @{5 UNLOCKED}
inp.2 << 19:07:02.833 [main] INFO Env - @{2 SEND 4} Message(Ask)
inp.2 << 19:07:02.833 [main] INFO Env - @{2 SEND 5} Message(Ask)
inp.5 << 19:07:02.833 [main] INFO Env - @{5 RCVD 2} Message(Ask)
inp.5 << 19:07:02.833 [main] INFO Env - @{5 SEND 2} Message(Share)
inp.2 << 19:07:02.833 [main] INFO Env - @{2 RCVD 5} Message(Share)
inp.4 << 19:07:02.833 [main] INFO Env - @{4 SEND 5} Message(Ask)
inp.4 << 19:07:02.833 [main] INFO Env - @{4 RCVD 2} Message(Ask)
inp.4 << 19:07:02.833 [main] INFO Env - @{4 SEND 2} Message(Share)
inp.4 << 19:07:02.833 [main] INFO Env - @{4 SEND 2} Message(Ask)
inp.5 << 19:07:02.833 [main] INFO Env - @{5 RCVD 4} Message(Ask)
inp.5 << 19:07:02.833 [main] INFO Env - @{5 SEND 4} Message(Share)
inp.1 << 19:07:02.833 [main] INFO Env - @{1 SEND 2} Message(Ask)
inp.2 << 19:07:02.834 [main] INFO Env - @{2 RCVD 4} Message(Share)
inp.2 << 19:07:02.834 [main] INFO Env - @{2 RCVD 4} Message(Ask)
inp.2 << 19:07:02.834 [main] INFO Env - @{2 RCVD 1} Message(Ask)
inp.4 << 19:07:02.834 [main] INFO Env - @{4 RCVD 5} Message(Share)
inp.2 << 19:07:02.834 [main] INFO Env - @{2 SEND 1} Message(Share)
inp.1 << 19:07:02.834 [main] INFO Env - @{1 SEND 3} Message(Ask)
inp.2 << 19:07:02.834 [main] INFO Env - @{2 SEND 1} Message(Ask)
inp.1 << 19:07:02.834 [main] INFO Env - @{1 SEND 4} Message(Ask)
inp.1 << 19:07:02.834 [main] INFO Env - @{1 SEND 5} Message(Ask)
inp.1 << 19:07:02.834 [main] INFO Env - @{1 RCVD 2} Message(Share)
inp.1 << 19:07:02.834 [main] INFO Env - @{1 RCVD 2} Message(Ask)
inp.4 << 19:07:02.834 [main] INFO Env - @{4 RCVD 1} Message(Ask)
inp.4 << 19:07:02.834 [main] INFO Env - @{4 SEND 1} Message(Share)
inp.4 << 19:07:02.834 [main] INFO Env - @{4 SEND 1} Message(Ask)
inp.5 << 19:07:02.834 [main] INFO Env - @{5 RCVD 1} Message(Ask)
inp.5 << 19:07:02.834 [main] INFO Env - @{5 SEND 1} Message(Share)
inp.3 << 19:07:02.834 [main] INFO Env - @{3 SEND 4} Message(Ask)
inp.4 << 19:07:02.834 [main] INFO Env - @{4 RCVD 3} Message(Ask)
inp.4 << 19:07:02.834 [main] INFO Env - @{4 SEND 3} Message(Share)
inp.4 << 19:07:02.835 [main] INFO Env - @{4 SEND 3} Message(Ask)
inp.3 << 19:07:02.834 [main] INFO Env - @{3 SEND 5} Message(Ask)
inp.5 << 19:07:02.835 [main] INFO Env - @{5 RCVD 3} Message(Ask)
inp.5 << 19:07:02.835 [main] INFO Env - @{5 SEND 3} Message(Share)
inp.3 << 19:07:02.835 [main] INFO Env - @{3 RCVD 2} Message(Ask)
inp.1 << 19:07:02.835 [main] INFO Env - @{1 RCVD 4} Message(Share)
inp.1 << 19:07:02.835 [main] INFO Env - @{1 RCVD 4} Message(Ask)
inp.1 << 19:07:02.836 [main] INFO Env - @{1 RCVD 5} Message(Share)
inp.3 << 19:07:02.835 [main] INFO Env - @{3 SEND 2} Message(Share)
inp.3 << 19:07:02.836 [main] INFO Env - @{3 SEND 2} Message(Ask)
inp.3 << 19:07:02.836 [main] INFO Env - @{3 RCVD 1} Message(Ask)
inp.3 << 19:07:02.836 [main] INFO Env - @{3 SEND 1} Message(Share)
inp.3 << 19:07:02.836 [main] INFO Env - @{3 SEND 1} Message(Ask)
inp.3 << 19:07:02.836 [main] INFO Env - @{3 RCVD 4} Message(Share)
inp.3 << 19:07:02.836 [main] INFO Env - @{3 RCVD 4} Message(Ask)
inp.3 << 19:07:02.836 [main] INFO Env - @{3 RCVD 5} Message(Share)
inp.2 << 19:07:02.836 [main] INFO Env - @{2 RCVD 3} Message(Share)
inp.2 << 19:07:02.836 [main] INFO Env - @{2 RCVD 3} Message(Ask)
inp.1 << 19:07:02.836 [main] INFO Env - @{1 RCVD 3} Message(Share)
inp.1 << 19:07:02.836 [main] INFO Env - @{1 LOCKED}
inp.1 << 19:07:02.836 [main] INFO Env - @{1 RCVD 3} Message(Ask)
out.1 >> unlock
inp.1 << 19:07:02.836 [main] INFO Env - @{1 UNLOCKED}
inp.1 << 19:07:02.836 [main] INFO Env - @{1 SEND 2} Message(Share)
inp.1 << 19:07:02.837 [main] INFO Env - @{1 SEND 3} Message(Share)
inp.1 << 19:07:02.837 [main] INFO Env - @{1 SEND 4} Message(Share)
inp.4 << 19:07:02.837 [main] INFO Env - @{4 RCVD 1} Message(Share)
inp.2 << 19:07:02.837 [main] INFO Env - @{2 RCVD 1} Message(Share)
inp.2 << 19:07:02.837 [main] INFO Env - @{2 LOCKED}
out.2 >> unlock
inp.2 << 19:07:02.837 [main] INFO Env - @{2 UNLOCKED}
inp.2 << 19:07:02.837 [main] INFO Env - @{2 SEND 3} Message(Share)
inp.2 << 19:07:02.837 [main] INFO Env - @{2 SEND 4} Message(Share)
inp.3 << 19:07:02.837 [main] INFO Env - @{3 RCVD 1} Message(Share)
inp.4 << 19:07:02.838 [main] INFO Env - @{4 RCVD 2} Message(Share)
inp.3 << 19:07:02.838 [main] INFO Env - @{3 RCVD 2} Message(Share)
inp.3 << 19:07:02.838 [main] INFO Env - @{3 LOCKED}
out.3 >> unlock
inp.3 << 19:07:02.839 [main] INFO Env - @{3 UNLOCKED}
inp.3 << 19:07:02.839 [main] INFO Env - @{3 SEND 4} Message(Share)
inp.4 << 19:07:02.839 [main] INFO Env - @{4 RCVD 3} Message(Share)
inp.4 << 19:07:02.839 [main] INFO Env - @{4 LOCKED}
out.4 >> unlock
inp.4 << 19:07:02.841 [main] INFO Env - @{4 UNLOCKED}
out.1 >> ping
out.2 >> ping
out.3 >> ping
out.4 >> ping
out.5 >> ping
inp.5 << 19:07:02.842 [main] INFO Env - @{5 PONG}
inp.2 << 19:07:02.843 [main] INFO Env - @{2 PONG}
inp.4 << 19:07:02.843 [main] INFO Env - @{4 PONG}
inp.3 << 19:07:02.843 [main] INFO Env - @{3 PONG}
inp.1 << 19:07:02.842 [main] INFO Env - @{1 PONG}
out.2 >> lock
inp.2 << 19:07:02.857 [main] INFO Env - @{2 SEND 3} Message(Ask)
inp.2 << 19:07:02.859 [main] INFO Env - @{2 SEND 4} Message(Ask)
inp.3 << 19:07:02.859 [main] INFO Env - @{3 RCVD 2} Message(Ask)
inp.3 << 19:07:02.859 [main] INFO Env - @{3 SEND 2} Message(Share)
inp.4 << 19:07:02.859 [main] INFO Env - @{4 RCVD 2} Message(Ask)
inp.4 << 19:07:02.860 [main] INFO Env - @{4 SEND 2} Message(Share)
inp.2 << 19:07:02.860 [main] INFO Env - @{2 RCVD 3} Message(Share)
inp.2 << 19:07:02.860 [main] INFO Env - @{2 RCVD 4} Message(Share)
inp.2 << 19:07:02.860 [main] INFO Env - @{2 LOCKED}
out.2 >> unlock
inp.2 << 19:07:02.860 [main] INFO Env - @{2 UNLOCKED}
out.1 >> ping
out.2 >> ping
out.3 >> ping
out.4 >> ping
out.5 >> ping
inp.5 << 19:07:02.861 [main] INFO Env - @{5 PONG}
inp.1 << 19:07:02.861 [main] INFO Env - @{1 PONG}
inp.2 << 19:07:02.861 [main] INFO Env - @{2 PONG}
inp.3 << 19:07:02.861 [main] INFO Env - @{3 PONG}
inp.4 << 19:07:02.861 [main] INFO Env - @{4 PONG}
out.2 >> lock
inp.2 << 19:07:02.862 [main] INFO Env - @{2 LOCKED}
out.2 >> unlock
inp.2 << 19:07:02.862 [main] INFO Env - @{2 UNLOCKED}
out.1 >> ping
out.2 >> ping
out.3 >> ping
out.4 >> ping
out.5 >> ping
inp.5 << 19:07:02.862 [main] INFO Env - @{5 PONG}
inp.1 << 19:07:02.862 [main] INFO Env - @{1 PONG}
inp.2 << 19:07:02.862 [main] INFO Env - @{2 PONG}
inp.4 << 19:07:02.862 [main] INFO Env - @{4 PONG}
inp.3 << 19:07:02.863 [main] INFO Env - @{3 PONG}
out.2 >> lock
inp.2 << 19:07:02.863 [main] INFO Env - @{2 LOCKED}
out.2 >> unlock
inp.2 << 19:07:02.863 [main] INFO Env - @{2 UNLOCKED}
out.1 >> ping
out.2 >> ping
out.3 >> ping
out.4 >> ping
out.5 >> ping
inp.5 << 19:07:02.863 [main] INFO Env - @{5 PONG}
inp.1 << 19:07:02.863 [main] INFO Env - @{1 PONG}
inp.2 << 19:07:02.863 [main] INFO Env - @{2 PONG}
inp.3 << 19:07:02.864 [main] INFO Env - @{3 PONG}
inp.4 << 19:07:02.864 [main] INFO Env - @{4 PONG}
out.2 >> lock
out.1 >> lock
inp.2 << 19:07:02.864 [main] INFO Env - @{2 LOCKED}
inp.1 << 19:07:02.864 [main] INFO Env - @{1 SEND 2} Message(Ask)
out.2 >> unlock
inp.1 << 19:07:02.864 [main] INFO Env - @{1 SEND 3} Message(Ask)
inp.1 << 19:07:02.864 [main] INFO Env - @{1 SEND 4} Message(Ask)
inp.2 << 19:07:02.865 [main] INFO Env - @{2 RCVD 1} Message(Ask)
inp.2 << 19:07:02.865 [main] INFO Env - @{2 UNLOCKED}
inp.2 << 19:07:02.865 [main] INFO Env - @{2 SEND 1} Message(Share)
inp.3 << 19:07:02.865 [main] INFO Env - @{3 RCVD 1} Message(Ask)
inp.3 << 19:07:02.865 [main] INFO Env - @{3 SEND 1} Message(Share)
inp.4 << 19:07:02.866 [main] INFO Env - @{4 RCVD 1} Message(Ask)
inp.4 << 19:07:02.866 [main] INFO Env - @{4 SEND 1} Message(Share)
inp.1 << 19:07:02.866 [main] INFO Env - @{1 RCVD 2} Message(Share)
inp.1 << 19:07:02.866 [main] INFO Env - @{1 RCVD 3} Message(Share)
inp.1 << 19:07:02.866 [main] INFO Env - @{1 RCVD 4} Message(Share)
inp.1 << 19:07:02.866 [main] INFO Env - @{1 LOCKED}
out.1 >> unlock
inp.1 << 19:07:02.866 [main] INFO Env - @{1 UNLOCKED}
out.1 >> ping
out.2 >> ping
out.3 >> ping
out.4 >> ping
out.5 >> ping
inp.5 << 19:07:02.866 [main] INFO Env - @{5 PONG}
inp.1 << 19:07:02.867 [main] INFO Env - @{1 PONG}
inp.2 << 19:07:02.867 [main] INFO Env - @{2 PONG}
inp.3 << 19:07:02.867 [main] INFO Env - @{3 PONG}
inp.4 << 19:07:02.867 [main] INFO Env - @{4 PONG}
out.2 >> lock
out.1 >> lock
inp.1 << 19:07:02.868 [main] INFO Env - @{1 LOCKED}
inp.2 << 19:07:02.868 [main] INFO Env - @{2 SEND 1} Message(Ask)
out.1 >> unlock
inp.1 << 19:07:02.868 [main] INFO Env - @{1 RCVD 2} Message(Ask)
inp.1 << 19:07:02.868 [main] INFO Env - @{1 UNLOCKED}
inp.1 << 19:07:02.868 [main] INFO Env - @{1 SEND 2} Message(Share)
inp.2 << 19:07:02.868 [main] INFO Env - @{2 RCVD 1} Message(Share)
inp.2 << 19:07:02.868 [main] INFO Env - @{2 LOCKED}
out.2 >> unlock
inp.2 << 19:07:02.868 [main] INFO Env - @{2 UNLOCKED}
out.1 >> ping
out.2 >> ping
out.3 >> ping
out.4 >> ping
out.5 >> ping
inp.5 << 19:07:02.868 [main] INFO Env - @{5 PONG}
inp.1 << 19:07:02.868 [main] INFO Env - @{1 PONG}
inp.2 << 19:07:02.869 [main] INFO Env - @{2 PONG}
inp.3 << 19:07:02.869 [main] INFO Env - @{3 PONG}
inp.4 << 19:07:02.869 [main] INFO Env - @{4 PONG}
out.2 >> lock
out.1 >> lock
inp.2 << 19:07:02.869 [main] INFO Env - @{2 LOCKED}
out.2 >> unlock
inp.1 << 19:07:02.869 [main] INFO Env - @{1 SEND 2} Message(Ask)
inp.2 << 19:07:02.869 [main] INFO Env - @{2 UNLOCKED}
inp.2 << 19:07:02.869 [main] INFO Env - @{2 RCVD 1} Message(Ask)
inp.2 << 19:07:02.869 [main] INFO Env - @{2 SEND 1} Message(Share)
inp.1 << 19:07:02.869 [main] INFO Env - @{1 RCVD 2} Message(Share)
inp.1 << 19:07:02.869 [main] INFO Env - @{1 LOCKED}
out.1 >> unlock
inp.1 << 19:07:02.870 [main] INFO Env - @{1 UNLOCKED}
out.1 >> ping
out.2 >> ping
out.3 >> ping
out.4 >> ping
out.5 >> ping
inp.1 << 19:07:02.870 [main] INFO Env - @{1 PONG}
inp.5 << 19:07:02.870 [main] INFO Env - @{5 PONG}
inp.3 << 19:07:02.870 [main] INFO Env - @{3 PONG}
inp.2 << 19:07:02.870 [main] INFO Env - @{2 PONG}
inp.4 << 19:07:02.870 [main] INFO Env - @{4 PONG}
out.1 >> ping
out.2 >> ping
out.3 >> ping
out.4 >> ping
out.5 >> ping
inp.5 << 19:07:02.871 [main] INFO Env - @{5 PONG}
inp.1 << 19:07:02.871 [main] INFO Env - @{1 PONG}
inp.2 << 19:07:02.871 [main] INFO Env - @{2 PONG}
inp.3 << 19:07:02.871 [main] INFO Env - @{3 PONG}
inp.4 << 19:07:02.871 [main] INFO Env - @{4 PONG}
out.1 >> lock
inp.1 << 19:07:02.872 [main] INFO Env - @{1 LOCKED}
out.1 >> unlock
inp.1 << 19:07:02.872 [main] INFO Env - @{1 UNLOCKED}
out.1 >> ping
out.2 >> ping
out.3 >> ping
out.4 >> ping
out.5 >> ping
inp.1 << 19:07:02.872 [main] INFO Env - @{1 PONG}
inp.5 << 19:07:02.872 [main] INFO Env - @{5 PONG}
inp.2 << 19:07:02.872 [main] INFO Env - @{2 PONG}
inp.3 << 19:07:02.873 [main] INFO Env - @{3 PONG}
inp.4 << 19:07:02.873 [main] INFO Env - @{4 PONG}
out.2 >> lock
inp.2 << 19:07:02.873 [main] INFO Env - @{2 SEND 1} Message(Ask)
inp.1 << 19:07:02.873 [main] INFO Env - @{1 RCVD 2} Message(Ask)
inp.1 << 19:07:02.873 [main] INFO Env - @{1 SEND 2} Message(Share)
inp.2 << 19:07:02.873 [main] INFO Env - @{2 RCVD 1} Message(Share)
inp.2 << 19:07:02.873 [main] INFO Env - @{2 LOCKED}
out.2 >> unlock
inp.2 << 19:07:02.873 [main] INFO Env - @{2 UNLOCKED}
out.1 >> ping
out.2 >> ping
out.3 >> ping
out.4 >> ping
out.5 >> ping
inp.5 << 19:07:02.874 [main] INFO Env - @{5 PONG}
inp.1 << 19:07:02.874 [main] INFO Env - @{1 PONG}
inp.2 << 19:07:02.874 [main] INFO Env - @{2 PONG}
inp.3 << 19:07:02.874 [main] INFO Env - @{3 PONG}
inp.4 << 19:07:02.874 [main] INFO Env - @{4 PONG}
out.3 >> lock
inp.3 << 19:07:02.875 [main] INFO Env - @{3 SEND 1} Message(Ask)
inp.3 << 19:07:02.876 [main] INFO Env - @{3 SEND 2} Message(Ask)
inp.3 << 19:07:02.876 [main] INFO Env - @{3 SEND 4} Message(Ask)
inp.4 << 19:07:02.876 [main] INFO Env - @{4 RCVD 3} Message(Ask)
inp.1 << 19:07:02.876 [main] INFO Env - @{1 RCVD 3} Message(Ask)
inp.4 << 19:07:02.877 [main] INFO Env - @{4 SEND 3} Message(Share)
inp.2 << 19:07:02.876 [main] INFO Env - @{2 RCVD 3} Message(Ask)
inp.1 << 19:07:02.877 [main] INFO Env - @{1 SEND 3} Message(Share)
inp.2 << 19:07:02.877 [main] INFO Env - @{2 SEND 3} Message(Share)
inp.3 << 19:07:02.877 [main] INFO Env - @{3 RCVD 1} Message(Share)
inp.3 << 19:07:02.877 [main] INFO Env - @{3 RCVD 4} Message(Share)
inp.3 << 19:07:02.877 [main] INFO Env - @{3 RCVD 2} Message(Share)
inp.3 << 19:07:02.877 [main] INFO Env - @{3 LOCKED}
out.3 >> unlock
inp.3 << 19:07:02.877 [main] INFO Env - @{3 UNLOCKED}
out.1 >> ping
out.2 >> ping
out.3 >> ping
out.4 >> ping
out.5 >> ping
inp.5 << 19:07:02.878 [main] INFO Env - @{5 PONG}
inp.1 << 19:07:02.878 [main] INFO Env - @{1 PONG}
inp.3 << 19:07:02.878 [main] INFO Env - @{3 PONG}
inp.2 << 19:07:02.878 [main] INFO Env - @{2 PONG}
inp.4 << 19:07:02.878 [main] INFO Env - @{4 PONG}
out.4 >> lock
inp.4 << 19:07:02.878 [main] INFO Env - @{4 SEND 1} Message(Ask)
inp.4 << 19:07:02.878 [main] INFO Env - @{4 SEND 2} Message(Ask)
inp.1 << 19:07:02.878 [main] INFO Env - @{1 RCVD 4} Message(Ask)
inp.4 << 19:07:02.878 [main] INFO Env - @{4 SEND 3} Message(Ask)
inp.2 << 19:07:02.878 [main] INFO Env - @{2 RCVD 4} Message(Ask)
inp.2 << 19:07:02.878 [main] INFO Env - @{2 SEND 4} Message(Share)
inp.1 << 19:07:02.878 [main] INFO Env - @{1 SEND 4} Message(Share)
inp.4 << 19:07:02.879 [main] INFO Env - @{4 RCVD 2} Message(Share)
inp.4 << 19:07:02.879 [main] INFO Env - @{4 RCVD 1} Message(Share)
inp.3 << 19:07:02.879 [main] INFO Env - @{3 RCVD 4} Message(Ask)
inp.3 << 19:07:02.879 [main] INFO Env - @{3 SEND 4} Message(Share)
inp.4 << 19:07:02.879 [main] INFO Env - @{4 RCVD 3} Message(Share)
inp.4 << 19:07:02.879 [main] INFO Env - @{4 LOCKED}
out.4 >> unlock
inp.4 << 19:07:02.880 [main] INFO Env - @{4 UNLOCKED}
out.1 >> ping
out.2 >> ping
out.3 >> ping
out.4 >> ping
out.5 >> ping
inp.5 << 19:07:02.881 [main] INFO Env - @{5 PONG}
inp.1 << 19:07:02.881 [main] INFO Env - @{1 PONG}
inp.3 << 19:07:02.881 [main] INFO Env - @{3 PONG}
inp.4 << 19:07:02.881 [main] INFO Env - @{4 PONG}
inp.2 << 19:07:02.881 [main] INFO Env - @{2 PONG}
out.5 >> lock
inp.5 << 19:07:02.882 [main] INFO Env - @{5 SEND 1} Message(Ask)
inp.5 << 19:07:02.882 [main] INFO Env - @{5 SEND 2} Message(Ask)
inp.5 << 19:07:02.882 [main] INFO Env - @{5 SEND 3} Message(Ask)
inp.5 << 19:07:02.884 [main] INFO Env - @{5 SEND 4} Message(Ask)
inp.2 << 19:07:02.885 [main] INFO Env - @{2 RCVD 5} Message(Ask)
inp.1 << 19:07:02.884 [main] INFO Env - @{1 RCVD 5} Message(Ask)
inp.1 << 19:07:02.885 [main] INFO Env - @{1 SEND 5} Message(Share)
inp.2 << 19:07:02.885 [main] INFO Env - @{2 SEND 5} Message(Share)
inp.5 << 19:07:02.885 [main] INFO Env - @{5 RCVD 1} Message(Share)
inp.3 << 19:07:02.886 [main] INFO Env - @{3 RCVD 5} Message(Ask)
inp.5 << 19:07:02.886 [main] INFO Env - @{5 RCVD 2} Message(Share)
inp.3 << 19:07:02.886 [main] INFO Env - @{3 SEND 5} Message(Share)
inp.4 << 19:07:02.886 [main] INFO Env - @{4 RCVD 5} Message(Ask)
inp.5 << 19:07:02.886 [main] INFO Env - @{5 RCVD 3} Message(Share)
inp.4 << 19:07:02.887 [main] INFO Env - @{4 SEND 5} Message(Share)
inp.5 << 19:07:02.887 [main] INFO Env - @{5 RCVD 4} Message(Share)
inp.5 << 19:07:02.887 [main] INFO Env - @{5 LOCKED}
out.5 >> unlock
inp.5 << 19:07:02.888 [main] INFO Env - @{5 UNLOCKED}
out.1 >> ping
out.2 >> ping
out.3 >> ping
out.4 >> ping
out.5 >> ping
inp.5 << 19:07:02.889 [main] INFO Env - @{5 PONG}
inp.2 << 19:07:02.890 [main] INFO Env - @{2 PONG}
inp.4 << 19:07:02.891 [main] INFO Env - @{4 PONG}
inp.3 << 19:07:02.891 [main] INFO Env - @{3 PONG}
inp.1 << 19:07:02.890 [main] INFO Env - @{1 PONG}
out.4 >> lock
out.1 >> lock
out.2 >> lock
out.3 >> lock
out.5 >> lock
inp.4 << 19:07:02.894 [main] INFO Env - @{4 SEND 5} Message(Ask)
inp.1 << 19:07:02.894 [main] INFO Env - @{1 SEND 2} Message(Ask)
inp.1 << 19:07:02.894 [main] INFO Env - @{1 SEND 3} Message(Ask)
inp.5 << 19:07:02.894 [main] INFO Env - @{5 LOCKED}
inp.2 << 19:07:02.895 [main] INFO Env - @{2 SEND 3} Message(Ask)
inp.5 << 19:07:02.895 [main] INFO Env - @{5 RCVD 4} Message(Ask)
inp.1 << 19:07:02.895 [main] INFO Env - @{1 SEND 4} Message(Ask)
out.5 >> unlock
inp.2 << 19:07:02.895 [main] INFO Env - @{2 SEND 4} Message(Ask)
inp.1 << 19:07:02.895 [main] INFO Env - @{1 SEND 5} Message(Ask)
inp.3 << 19:07:02.895 [main] INFO Env - @{3 SEND 4} Message(Ask)
inp.5 << 19:07:02.896 [main] INFO Env - @{5 RCVD 1} Message(Ask)
inp.5 << 19:07:02.896 [main] INFO Env - @{5 UNLOCKED}
inp.4 << 19:07:02.896 [main] INFO Env - @{4 RCVD 2} Message(Ask)
inp.3 << 19:07:02.896 [main] INFO Env - @{3 SEND 5} Message(Ask)
inp.5 << 19:07:02.896 [main] INFO Env - @{5 SEND 1} Message(Share)
inp.3 << 19:07:02.896 [main] INFO Env - @{3 RCVD 1} Message(Ask)
inp.3 << 19:07:02.896 [main] INFO Env - @{3 SEND 1} Message(Share)
inp.3 << 19:07:02.896 [main] INFO Env - @{3 SEND 1} Message(Ask)
inp.3 << 19:07:02.896 [main] INFO Env - @{3 RCVD 2} Message(Ask)
inp.3 << 19:07:02.896 [main] INFO Env - @{3 SEND 2} Message(Share)
inp.3 << 19:07:02.896 [main] INFO Env - @{3 SEND 2} Message(Ask)
inp.4 << 19:07:02.896 [main] INFO Env - @{4 SEND 2} Message(Share)
inp.5 << 19:07:02.896 [main] INFO Env - @{5 SEND 4} Message(Share)
inp.5 << 19:07:02.897 [main] INFO Env - @{5 RCVD 3} Message(Ask)
inp.5 << 19:07:02.897 [main] INFO Env - @{5 SEND 3} Message(Share)
inp.4 << 19:07:02.897 [main] INFO Env - @{4 SEND 2} Message(Ask)
inp.1 << 19:07:02.897 [main] INFO Env - @{1 RCVD 3} Message(Share)
inp.3 << 19:07:02.897 [main] INFO Env - @{3 RCVD 5} Message(Share)
inp.2 << 19:07:02.897 [main] INFO Env - @{2 SEND 5} Message(Ask)
inp.1 << 19:07:02.897 [main] INFO Env - @{1 RCVD 3} Message(Ask)
inp.2 << 19:07:02.897 [main] INFO Env - @{2 RCVD 1} Message(Ask)
inp.1 << 19:07:02.897 [main] INFO Env - @{1 RCVD 5} Message(Share)
inp.2 << 19:07:02.897 [main] INFO Env - @{2 SEND 1} Message(Share)
inp.2 << 19:07:02.897 [main] INFO Env - @{2 SEND 1} Message(Ask)
inp.2 << 19:07:02.897 [main] INFO Env - @{2 RCVD 3} Message(Share)
inp.2 << 19:07:02.897 [main] INFO Env - @{2 RCVD 3} Message(Ask)
inp.2 << 19:07:02.897 [main] INFO Env - @{2 RCVD 4} Message(Share)
inp.4 << 19:07:02.897 [main] INFO Env - @{4 RCVD 1} Message(Ask)
inp.1 << 19:07:02.897 [main] INFO Env - @{1 RCVD 2} Message(Share)
inp.2 << 19:07:02.898 [main] INFO Env - @{2 RCVD 4} Message(Ask)
inp.1 << 19:07:02.898 [main] INFO Env - @{1 RCVD 2} Message(Ask)
inp.4 << 19:07:02.898 [main] INFO Env - @{4 SEND 1} Message(Share)
inp.4 << 19:07:02.898 [main] INFO Env - @{4 SEND 1} Message(Ask)
inp.5 << 19:07:02.897 [main] INFO Env - @{5 RCVD 2} Message(Ask)
inp.5 << 19:07:02.897 [main] INFO Env - @{5 SEND 2} Message(Share)
inp.2 << 19:07:02.898 [main] INFO Env - @{2 RCVD 5} Message(Share)
inp.4 << 19:07:02.898 [main] INFO Env - @{4 RCVD 3} Message(Ask)
inp.1 << 19:07:02.898 [main] INFO Env - @{1 RCVD 4} Message(Share)
inp.1 << 19:07:02.898 [main] INFO Env - @{1 LOCKED}
inp.1 << 19:07:02.898 [main] INFO Env - @{1 RCVD 4} Message(Ask)
inp.4 << 19:07:02.898 [main] INFO Env - @{4 SEND 3} Message(Share)
inp.4 << 19:07:02.898 [main] INFO Env - @{4 SEND 3} Message(Ask)
inp.4 << 19:07:02.898 [main] INFO Env - @{4 RCVD 5} Message(Share)
out.1 >> unlock
inp.3 << 19:07:02.899 [main] INFO Env - @{3 RCVD 4} Message(Share)
inp.3 << 19:07:02.899 [main] INFO Env - @{3 RCVD 4} Message(Ask)
inp.1 << 19:07:02.899 [main] INFO Env - @{1 UNLOCKED}
inp.1 << 19:07:02.899 [main] INFO Env - @{1 SEND 2} Message(Share)
inp.1 << 19:07:02.899 [main] INFO Env - @{1 SEND 3} Message(Share)
inp.1 << 19:07:02.899 [main] INFO Env - @{1 SEND 4} Message(Share)
inp.2 << 19:07:02.899 [main] INFO Env - @{2 RCVD 1} Message(Share)
inp.2 << 19:07:02.899 [main] INFO Env - @{2 LOCKED}
out.2 >> unlock
inp.3 << 19:07:02.899 [main] INFO Env - @{3 RCVD 1} Message(Share)
inp.4 << 19:07:02.899 [main] INFO Env - @{4 RCVD 1} Message(Share)
inp.2 << 19:07:02.899 [main] INFO Env - @{2 UNLOCKED}
inp.2 << 19:07:02.899 [main] INFO Env - @{2 SEND 3} Message(Share)
inp.2 << 19:07:02.899 [main] INFO Env - @{2 SEND 4} Message(Share)
inp.4 << 19:07:02.899 [main] INFO Env - @{4 RCVD 2} Message(Share)
inp.3 << 19:07:02.899 [main] INFO Env - @{3 RCVD 2} Message(Share)
inp.3 << 19:07:02.899 [main] INFO Env - @{3 LOCKED}
out.3 >> unlock
inp.3 << 19:07:02.900 [main] INFO Env - @{3 UNLOCKED}
inp.3 << 19:07:02.900 [main] INFO Env - @{3 SEND 4} Message(Share)
inp.4 << 19:07:02.900 [main] INFO Env - @{4 RCVD 3} Message(Share)
inp.4 << 19:07:02.900 [main] INFO Env - @{4 LOCKED}
out.4 >> unlock
inp.4 << 19:07:02.900 [main] INFO Env - @{4 UNLOCKED}
out.1 >> ping
out.2 >> ping
out.3 >> ping
out.4 >> ping
out.5 >> ping
inp.5 << 19:07:02.901 [main] INFO Env - @{5 PONG}
inp.1 << 19:07:02.902 [main] INFO Env - @{1 PONG}
inp.2 << 19:07:02.902 [main] INFO Env - @{2 PONG}
inp.3 << 19:07:02.902 [main] INFO Env - @{3 PONG}
inp.4 << 19:07:02.902 [main] INFO Env - @{4 PONG}
out.4 >> lock
inp.4 << 19:07:02.902 [main] INFO Env - @{4 LOCKED}
out.4 >> unlock
inp.4 << 19:07:02.903 [main] INFO Env - @{4 UNLOCKED}
out.1 >> ping
out.2 >> ping
out.3 >> ping
out.4 >> ping
out.5 >> ping
inp.5 << 19:07:02.903 [main] INFO Env - @{5 PONG}
inp.1 << 19:07:02.903 [main] INFO Env - @{1 PONG}
inp.2 << 19:07:02.903 [main] INFO Env - @{2 PONG}
inp.4 << 19:07:02.903 [main] INFO Env - @{4 PONG}
inp.3 << 19:07:02.903 [main] INFO Env - @{3 PONG}
out.4 >> lock
inp.4 << 19:07:02.904 [main] INFO Env - @{4 LOCKED}
out.4 >> unlock
inp.4 << 19:07:02.904 [main] INFO Env - @{4 UNLOCKED}
out.1 >> ping
out.2 >> ping
out.3 >> ping
out.4 >> ping
out.5 >> ping
inp.1 << 19:07:02.904 [main] INFO Env - @{1 PONG}
inp.5 << 19:07:02.904 [main] INFO Env - @{5 PONG}
inp.2 << 19:07:02.904 [main] INFO Env - @{2 PONG}
inp.3 << 19:07:02.904 [main] INFO Env - @{3 PONG}
inp.4 << 19:07:02.904 [main] INFO Env - @{4 PONG}
out.4 >> lock
inp.4 << 19:07:02.905 [main] INFO Env - @{4 LOCKED}
out.4 >> unlock
inp.4 << 19:07:02.905 [main] INFO Env - @{4 UNLOCKED}
out.1 >> ping
out.2 >> ping
out.3 >> ping
out.4 >> ping
out.5 >> ping
inp.5 << 19:07:02.905 [main] INFO Env - @{5 PONG}
inp.1 << 19:07:02.905 [main] INFO Env - @{1 PONG}
inp.2 << 19:07:02.905 [main] INFO Env - @{2 PONG}
inp.3 << 19:07:02.905 [main] INFO Env - @{3 PONG}
inp.4 << 19:07:02.906 [main] INFO Env - @{4 PONG}
out.4 >> lock
out.1 >> lock
inp.4 << 19:07:02.906 [main] INFO Env - @{4 LOCKED}
out.4 >> unlock
inp.1 << 19:07:02.906 [main] INFO Env - @{1 SEND 2} Message(Ask)
inp.4 << 19:07:02.906 [main] INFO Env - @{4 UNLOCKED}
inp.1 << 19:07:02.906 [main] INFO Env - @{1 SEND 3} Message(Ask)
inp.1 << 19:07:02.906 [main] INFO Env - @{1 SEND 4} Message(Ask)
inp.2 << 19:07:02.906 [main] INFO Env - @{2 RCVD 1} Message(Ask)
inp.2 << 19:07:02.907 [main] INFO Env - @{2 SEND 1} Message(Share)
inp.3 << 19:07:02.907 [main] INFO Env - @{3 RCVD 1} Message(Ask)
inp.3 << 19:07:02.907 [main] INFO Env - @{3 SEND 1} Message(Share)
inp.4 << 19:07:02.907 [main] INFO Env - @{4 RCVD 1} Message(Ask)
inp.4 << 19:07:02.907 [main] INFO Env - @{4 SEND 1} Message(Share)
inp.1 << 19:07:02.907 [main] INFO Env - @{1 RCVD 2} Message(Share)
inp.1 << 19:07:02.907 [main] INFO Env - @{1 RCVD 3} Message(Share)
inp.1 << 19:07:02.907 [main] INFO Env - @{1 RCVD 4} Message(Share)
inp.1 << 19:07:02.907 [main] INFO Env - @{1 LOCKED}
out.1 >> unlock
inp.1 << 19:07:02.907 [main] INFO Env - @{1 UNLOCKED}
out.1 >> ping
out.2 >> ping
out.3 >> ping
out.4 >> ping
out.5 >> ping
inp.1 << 19:07:02.908 [main] INFO Env - @{1 PONG}
inp.5 << 19:07:02.908 [main] INFO Env - @{5 PONG}
inp.2 << 19:07:02.908 [main] INFO Env - @{2 PONG}
inp.3 << 19:07:02.908 [main] INFO Env - @{3 PONG}
inp.4 << 19:07:02.908 [main] INFO Env - @{4 PONG}
out.4 >> lock
out.1 >> lock
inp.4 << 19:07:02.908 [main] INFO Env - @{4 SEND 1} Message(Ask)
inp.1 << 19:07:02.908 [main] INFO Env - @{1 LOCKED}
out.1 >> unlock
inp.1 << 19:07:02.908 [main] INFO Env - @{1 RCVD 4} Message(Ask)
inp.1 << 19:07:02.908 [main] INFO Env - @{1 UNLOCKED}
inp.1 << 19:07:02.908 [main] INFO Env - @{1 SEND 4} Message(Share)
inp.4 << 19:07:02.909 [main] INFO Env - @{4 RCVD 1} Message(Share)
inp.4 << 19:07:02.909 [main] INFO Env - @{4 LOCKED}
out.4 >> unlock
inp.4 << 19:07:02.909 [main] INFO Env - @{4 UNLOCKED}
out.1 >> ping
out.2 >> ping
out.3 >> ping
out.4 >> ping
out.5 >> ping
inp.5 << 19:07:02.909 [main] INFO Env - @{5 PONG}
inp.1 << 19:07:02.909 [main] INFO Env - @{1 PONG}
inp.2 << 19:07:02.909 [main] INFO Env - @{2 PONG}
inp.4 << 19:07:02.910 [main] INFO Env - @{4 PONG}
inp.3 << 19:07:02.910 [main] INFO Env - @{3 PONG}
out.4 >> lock
out.1 >> lock
inp.4 << 19:07:02.910 [main] INFO Env - @{4 LOCKED}
out.4 >> unlock
inp.4 << 19:07:02.910 [main] INFO Env - @{4 UNLOCKED}
inp.1 << 19:07:02.910 [main] INFO Env - @{1 SEND 4} Message(Ask)
inp.4 << 19:07:02.910 [main] INFO Env - @{4 RCVD 1} Message(Ask)
inp.4 << 19:07:02.910 [main] INFO Env - @{4 SEND 1} Message(Share)
inp.1 << 19:07:02.910 [main] INFO Env - @{1 RCVD 4} Message(Share)
inp.1 << 19:07:02.911 [main] INFO Env - @{1 LOCKED}
out.1 >> unlock
inp.1 << 19:07:02.911 [main] INFO Env - @{1 UNLOCKED}
out.1 >> ping
out.2 >> ping
out.3 >> ping
out.4 >> ping
out.5 >> ping
inp.1 << 19:07:02.911 [main] INFO Env - @{1 PONG}
inp.5 << 19:07:02.911 [main] INFO Env - @{5 PONG}
inp.2 << 19:07:02.911 [main] INFO Env - @{2 PONG}
inp.3 << 19:07:02.911 [main] INFO Env - @{3 PONG}
inp.4 << 19:07:02.911 [main] INFO Env - @{4 PONG}
out.1 >> ping
out.2 >> ping
out.3 >> ping
out.4 >> ping
out.5 >> ping
inp.5 << 19:07:02.912 [main] INFO Env - @{5 PONG}
inp.1 << 19:07:02.912 [main] INFO Env - @{1 PONG}
inp.2 << 19:07:02.912 [main] INFO Env - @{2 PONG}
inp.4 << 19:07:02.912 [main] INFO Env - @{4 PONG}
inp.3 << 19:07:02.912 [main] INFO Env - @{3 PONG}
out.1 >> lock
inp.1 << 19:07:02.912 [main] INFO Env - @{1 LOCKED}
out.1 >> unlock
inp.1 << 19:07:02.912 [main] INFO Env - @{1 UNLOCKED}
out.1 >> ping
out.2 >> ping
out.3 >> ping
out.4 >> ping
out.5 >> ping
inp.5 << 19:07:02.913 [main] INFO Env - @{5 PONG}
inp.1 << 19:07:02.913 [main] INFO Env - @{1 PONG}
inp.2 << 19:07:02.913 [main] INFO Env - @{2 PONG}
inp.3 << 19:07:02.913 [main] INFO Env - @{3 PONG}
inp.4 << 19:07:02.913 [main] INFO Env - @{4 PONG}
out.2 >> lock
inp.2 << 19:07:02.913 [main] INFO Env - @{2 SEND 1} Message(Ask)
inp.2 << 19:07:02.914 [main] INFO Env - @{2 SEND 3} Message(Ask)
inp.2 << 19:07:02.914 [main] INFO Env - @{2 SEND 4} Message(Ask)
inp.1 << 19:07:02.914 [main] INFO Env - @{1 RCVD 2} Message(Ask)
inp.1 << 19:07:02.914 [main] INFO Env - @{1 SEND 2} Message(Share)
inp.3 << 19:07:02.914 [main] INFO Env - @{3 RCVD 2} Message(Ask)
inp.3 << 19:07:02.914 [main] INFO Env - @{3 SEND 2} Message(Share)
inp.4 << 19:07:02.914 [main] INFO Env - @{4 RCVD 2} Message(Ask)
inp.4 << 19:07:02.914 [main] INFO Env - @{4 SEND 2} Message(Share)
inp.2 << 19:07:02.914 [main] INFO Env - @{2 RCVD 1} Message(Share)
inp.2 << 19:07:02.914 [main] INFO Env - @{2 RCVD 3} Message(Share)
inp.2 << 19:07:02.914 [main] INFO Env - @{2 RCVD 4} Message(Share)
inp.2 << 19:07:02.914 [main] INFO Env - @{2 LOCKED}
out.2 >> unlock
inp.2 << 19:07:02.914 [main] INFO Env - @{2 UNLOCKED}
out.1 >> ping
out.2 >> ping
out.3 >> ping
out.4 >> ping
out.5 >> ping
inp.2 << 19:07:02.915 [main] INFO Env - @{2 PONG}
inp.5 << 19:07:02.915 [main] INFO Env - @{5 PONG}
inp.1 << 19:07:02.915 [main] INFO Env - @{1 PONG}
inp.4 << 19:07:02.915 [main] INFO Env - @{4 PONG}
inp.3 << 19:07:02.915 [main] INFO Env - @{3 PONG}
out.3 >> lock
inp.3 << 19:07:02.915 [main] INFO Env - @{3 SEND 1} Message(Ask)
inp.3 << 19:07:02.915 [main] INFO Env - @{3 SEND 2} Message(Ask)
inp.1 << 19:07:02.915 [main] INFO Env - @{1 RCVD 3} Message(Ask)
inp.1 << 19:07:02.915 [main] INFO Env - @{1 SEND 3} Message(Share)
inp.3 << 19:07:02.916 [main] INFO Env - @{3 SEND 4} Message(Ask)
inp.2 << 19:07:02.916 [main] INFO Env - @{2 RCVD 3} Message(Ask)
inp.2 << 19:07:02.916 [main] INFO Env - @{2 SEND 3} Message(Share)
inp.3 << 19:07:02.916 [main] INFO Env - @{3 RCVD 1} Message(Share)
inp.3 << 19:07:02.916 [main] INFO Env - @{3 RCVD 2} Message(Share)
inp.4 << 19:07:02.916 [main] INFO Env - @{4 RCVD 3} Message(Ask)
inp.4 << 19:07:02.916 [main] INFO Env - @{4 SEND 3} Message(Share)
inp.3 << 19:07:02.916 [main] INFO Env - @{3 RCVD 4} Message(Share)
inp.3 << 19:07:02.916 [main] INFO Env - @{3 LOCKED}
out.3 >> unlock
inp.3 << 19:07:02.916 [main] INFO Env - @{3 UNLOCKED}
out.1 >> ping
out.2 >> ping
out.3 >> ping
out.4 >> ping
out.5 >> ping
inp.5 << 19:07:02.916 [main] INFO Env - @{5 PONG}
inp.1 << 19:07:02.916 [main] INFO Env - @{1 PONG}
inp.2 << 19:07:02.917 [main] INFO Env - @{2 PONG}
inp.3 << 19:07:02.917 [main] INFO Env - @{3 PONG}
inp.4 << 19:07:02.917 [main] INFO Env - @{4 PONG}
out.4 >> lock
inp.4 << 19:07:02.917 [main] INFO Env - @{4 SEND 1} Message(Ask)
inp.4 << 19:07:02.917 [main] INFO Env - @{4 SEND 2} Message(Ask)
inp.4 << 19:07:02.917 [main] INFO Env - @{4 SEND 3} Message(Ask)
inp.3 << 19:07:02.917 [main] INFO Env - @{3 RCVD 4} Message(Ask)
inp.2 << 19:07:02.917 [main] INFO Env - @{2 RCVD 4} Message(Ask)
inp.1 << 19:07:02.917 [main] INFO Env - @{1 RCVD 4} Message(Ask)
inp.2 << 19:07:02.917 [main] INFO Env - @{2 SEND 4} Message(Share)
inp.1 << 19:07:02.917 [main] INFO Env - @{1 SEND 4} Message(Share)
inp.4 << 19:07:02.917 [main] INFO Env - @{4 RCVD 2} Message(Share)
inp.3 << 19:07:02.917 [main] INFO Env - @{3 SEND 4} Message(Share)
inp.4 << 19:07:02.918 [main] INFO Env - @{4 RCVD 3} Message(Share)
inp.4 << 19:07:02.918 [main] INFO Env - @{4 RCVD 1} Message(Share)
inp.4 << 19:07:02.918 [main] INFO Env - @{4 LOCKED}
out.4 >> unlock
inp.4 << 19:07:02.918 [main] INFO Env - @{4 UNLOCKED}
out.1 >> ping
out.2 >> ping
out.3 >> ping
out.4 >> ping
out.5 >> ping
inp.5 << 19:07:02.918 [main] INFO Env - @{5 PONG}
inp.1 << 19:07:02.918 [main] INFO Env - @{1 PONG}
inp.3 << 19:07:02.918 [main] INFO Env - @{3 PONG}
inp.4 << 19:07:02.918 [main] INFO Env - @{4 PONG}
inp.2 << 19:07:02.918 [main] INFO Env - @{2 PONG}
out.5 >> lock
inp.5 << 19:07:02.919 [main] INFO Env - @{5 SEND 1} Message(Ask)
inp.5 << 19:07:02.919 [main] INFO Env - @{5 SEND 2} Message(Ask)
inp.5 << 19:07:02.919 [main] INFO Env - @{5 SEND 3} Message(Ask)
inp.5 << 19:07:02.919 [main] INFO Env - @{5 SEND 4} Message(Ask)
inp.1 << 19:07:02.919 [main] INFO Env - @{1 RCVD 5} Message(Ask)
inp.2 << 19:07:02.919 [main] INFO Env - @{2 RCVD 5} Message(Ask)
inp.1 << 19:07:02.919 [main] INFO Env - @{1 SEND 5} Message(Share)
inp.3 << 19:07:02.919 [main] INFO Env - @{3 RCVD 5} Message(Ask)
inp.2 << 19:07:02.919 [main] INFO Env - @{2 SEND 5} Message(Share)
inp.3 << 19:07:02.919 [main] INFO Env - @{3 SEND 5} Message(Share)
inp.5 << 19:07:02.919 [main] INFO Env - @{5 RCVD 1} Message(Share)
inp.5 << 19:07:02.919 [main] INFO Env - @{5 RCVD 2} Message(Share)
inp.5 << 19:07:02.919 [main] INFO Env - @{5 RCVD 3} Message(Share)
inp.4 << 19:07:02.919 [main] INFO Env - @{4 RCVD 5} Message(Ask)
inp.4 << 19:07:02.919 [main] INFO Env - @{4 SEND 5} Message(Share)
inp.5 << 19:07:02.919 [main] INFO Env - @{5 RCVD 4} Message(Share)
inp.5 << 19:07:02.919 [main] INFO Env - @{5 LOCKED}
out.5 >> unlock
inp.5 << 19:07:02.920 [main] INFO Env - @{5 UNLOCKED}
out.1 >> ping
out.2 >> ping
out.3 >> ping
out.4 >> ping
out.5 >> ping
inp.5 << 19:07:02.920 [main] INFO Env - @{5 PONG}
inp.1 << 19:07:02.920 [main] INFO Env - @{1 PONG}
inp.2 << 19:07:02.920 [main] INFO Env - @{2 PONG}
inp.3 << 19:07:02.920 [main] INFO Env - @{3 PONG}
inp.4 << 19:07:02.921 [main] INFO Env - @{4 PONG}
out.4 >> lock
out.3 >> lock
out.5 >> lock
out.2 >> lock
out.1 >> lock
inp.5 << 19:07:02.921 [main] INFO Env - @{5 LOCKED}
out.5 >> unlock
inp.5 << 19:07:02.921 [main] INFO Env - @{5 UNLOCKED}
inp.4 << 19:07:02.921 [main] INFO Env - @{4 SEND 5} Message(Ask)
inp.5 << 19:07:02.922 [main] INFO Env - @{5 RCVD 4} Message(Ask)
inp.3 << 19:07:02.921 [main] INFO Env - @{3 SEND 4} Message(Ask)
inp.5 << 19:07:02.922 [main] INFO Env - @{5 SEND 4} Message(Share)
inp.3 << 19:07:02.922 [main] INFO Env - @{3 SEND 5} Message(Ask)
inp.5 << 19:07:02.922 [main] INFO Env - @{5 RCVD 3} Message(Ask)
inp.5 << 19:07:02.922 [main] INFO Env - @{5 SEND 3} Message(Share)
inp.2 << 19:07:02.922 [main] INFO Env - @{2 SEND 3} Message(Ask)
inp.2 << 19:07:02.922 [main] INFO Env - @{2 SEND 4} Message(Ask)
inp.3 << 19:07:02.922 [main] INFO Env - @{3 RCVD 5} Message(Share)
inp.3 << 19:07:02.922 [main] INFO Env - @{3 RCVD 2} Message(Ask)
inp.3 << 19:07:02.922 [main] INFO Env - @{3 SEND 2} Message(Share)
inp.3 << 19:07:02.922 [main] INFO Env - @{3 SEND 2} Message(Ask)
inp.2 << 19:07:02.922 [main] INFO Env - @{2 SEND 5} Message(Ask)
inp.5 << 19:07:02.922 [main] INFO Env - @{5 RCVD 2} Message(Ask)
inp.5 << 19:07:02.922 [main] INFO Env - @{5 SEND 2} Message(Share)
inp.2 << 19:07:02.922 [main] INFO Env - @{2 RCVD 3} Message(Share)
inp.2 << 19:07:02.922 [main] INFO Env - @{2 RCVD 3} Message(Ask)
inp.4 << 19:07:02.923 [main] INFO Env - @{4 RCVD 3} Message(Ask)
inp.4 << 19:07:02.923 [main] INFO Env - @{4 SEND 3} Message(Share)
inp.2 << 19:07:02.922 [main] INFO Env - @{2 RCVD 5} Message(Share)
inp.4 << 19:07:02.923 [main] INFO Env - @{4 SEND 3} Message(Ask)
inp.4 << 19:07:02.923 [main] INFO Env - @{4 RCVD 5} Message(Share)
inp.4 << 19:07:02.923 [main] INFO Env - @{4 RCVD 2} Message(Ask)
inp.4 << 19:07:02.923 [main] INFO Env - @{4 SEND 2} Message(Share)
inp.4 << 19:07:02.923 [main] INFO Env - @{4 SEND 2} Message(Ask)
inp.1 << 19:07:02.923 [main] INFO Env - @{1 SEND 2} Message(Ask)
inp.1 << 19:07:02.923 [main] INFO Env - @{1 SEND 3} Message(Ask)
inp.2 << 19:07:02.923 [main] INFO Env - @{2 RCVD 1} Message(Ask)
inp.1 << 19:07:02.923 [main] INFO Env - @{1 SEND 4} Message(Ask)
inp.2 << 19:07:02.923 [main] INFO Env - @{2 SEND 1} Message(Share)
inp.3 << 19:07:02.923 [main] INFO Env - @{3 RCVD 4} Message(Share)
inp.3 << 19:07:02.923 [main] INFO Env - @{3 RCVD 4} Message(Ask)
inp.3 << 19:07:02.923 [main] INFO Env - @{3 RCVD 1} Message(Ask)
inp.3 << 19:07:02.923 [main] INFO Env - @{3 SEND 1} Message(Share)
inp.2 << 19:07:02.923 [main] INFO Env - @{2 SEND 1} Message(Ask)
inp.1 << 19:07:02.923 [main] INFO Env - @{1 SEND 5} Message(Ask)
inp.3 << 19:07:02.923 [main] INFO Env - @{3 SEND 1} Message(Ask)
inp.2 << 19:07:02.923 [main] INFO Env - @{2 RCVD 4} Message(Share)
inp.2 << 19:07:02.923 [main] INFO Env - @{2 RCVD 4} Message(Ask)
inp.1 << 19:07:02.923 [main] INFO Env - @{1 RCVD 2} Message(Share)
inp.1 << 19:07:02.923 [main] INFO Env - @{1 RCVD 2} Message(Ask)
inp.1 << 19:07:02.923 [main] INFO Env - @{1 RCVD 3} Message(Share)
inp.1 << 19:07:02.923 [main] INFO Env - @{1 RCVD 3} Message(Ask)
inp.5 << 19:07:02.923 [main] INFO Env - @{5 RCVD 1} Message(Ask)
inp.5 << 19:07:02.923 [main] INFO Env - @{5 SEND 1} Message(Share)
inp.4 << 19:07:02.923 [main] INFO Env - @{4 RCVD 1} Message(Ask)
inp.4 << 19:07:02.923 [main] INFO Env - @{4 SEND 1} Message(Share)
inp.4 << 19:07:02.923 [main] INFO Env - @{4 SEND 1} Message(Ask)
inp.1 << 19:07:02.924 [main] INFO Env - @{1 RCVD 5} Message(Share)
inp.1 << 19:07:02.924 [main] INFO Env - @{1 RCVD 4} Message(Share)
inp.1 << 19:07:02.924 [main] INFO Env - @{1 LOCKED}
inp.1 << 19:07:02.924 [main] INFO Env - @{1 RCVD 4} Message(Ask)
out.1 >> unlock
inp.1 << 19:07:02.924 [main] INFO Env - @{1 UNLOCKED}
inp.1 << 19:07:02.924 [main] INFO Env - @{1 SEND 2} Message(Share)
inp.1 << 19:07:02.924 [main] INFO Env - @{1 SEND 3} Message(Share)
inp.1 << 19:07:02.924 [main] INFO Env - @{1 SEND 4} Message(Share)
inp.2 << 19:07:02.924 [main] INFO Env - @{2 RCVD 1} Message(Share)
inp.3 << 19:07:02.924 [main] INFO Env - @{3 RCVD 1} Message(Share)
inp.2 << 19:07:02.924 [main] INFO Env - @{2 LOCKED}
out.2 >> unlock
inp.4 << 19:07:02.924 [main] INFO Env - @{4 RCVD 1} Message(Share)
inp.2 << 19:07:02.924 [main] INFO Env - @{2 UNLOCKED}
inp.2 << 19:07:02.924 [main] INFO Env - @{2 SEND 3} Message(Share)
inp.2 << 19:07:02.925 [main] INFO Env - @{2 SEND 4} Message(Share)
inp.4 << 19:07:02.925 [main] INFO Env - @{4 RCVD 2} Message(Share)
inp.3 << 19:07:02.925 [main] INFO Env - @{3 RCVD 2} Message(Share)
inp.3 << 19:07:02.925 [main] INFO Env - @{3 LOCKED}
out.3 >> unlock
inp.3 << 19:07:02.925 [main] INFO Env - @{3 UNLOCKED}
inp.3 << 19:07:02.925 [main] INFO Env - @{3 SEND 4} Message(Share)
inp.4 << 19:07:02.925 [main] INFO Env - @{4 RCVD 3} Message(Share)
inp.4 << 19:07:02.925 [main] INFO Env - @{4 LOCKED}
out.4 >> unlock
inp.4 << 19:07:02.925 [main] INFO Env - @{4 UNLOCKED}
out.1 >> ping
out.2 >> ping
out.3 >> ping
out.4 >> ping
out.5 >> ping
inp.5 << 19:07:02.926 [main] INFO Env - @{5 PONG}
inp.1 << 19:07:02.926 [main] INFO Env - @{1 PONG}
inp.2 << 19:07:02.926 [main] INFO Env - @{2 PONG}
inp.3 << 19:07:02.926 [main] INFO Env - @{3 PONG}
inp.4 << 19:07:02.926 [main] INFO Env - @{4 PONG}
out.5 >> lock
inp.5 << 19:07:02.926 [main] INFO Env - @{5 SEND 1} Message(Ask)
inp.5 << 19:07:02.927 [main] INFO Env - @{5 SEND 2} Message(Ask)
inp.5 << 19:07:02.927 [main] INFO Env - @{5 SEND 3} Message(Ask)
inp.5 << 19:07:02.927 [main] INFO Env - @{5 SEND 4} Message(Ask)
inp.1 << 19:07:02.927 [main] INFO Env - @{1 RCVD 5} Message(Ask)
inp.1 << 19:07:02.927 [main] INFO Env - @{1 SEND 5} Message(Share)
inp.5 << 19:07:02.927 [main] INFO Env - @{5 RCVD 1} Message(Share)
inp.2 << 19:07:02.927 [main] INFO Env - @{2 RCVD 5} Message(Ask)
inp.2 << 19:07:02.927 [main] INFO Env - @{2 SEND 5} Message(Share)
inp.5 << 19:07:02.927 [main] INFO Env - @{5 RCVD 2} Message(Share)
inp.4 << 19:07:02.927 [main] INFO Env - @{4 RCVD 5} Message(Ask)
inp.3 << 19:07:02.927 [main] INFO Env - @{3 RCVD 5} Message(Ask)
inp.3 << 19:07:02.927 [main] INFO Env - @{3 SEND 5} Message(Share)
inp.4 << 19:07:02.927 [main] INFO Env - @{4 SEND 5} Message(Share)
inp.5 << 19:07:02.928 [main] INFO Env - @{5 RCVD 3} Message(Share)
inp.5 << 19:07:02.928 [main] INFO Env - @{5 RCVD 4} Message(Share)
inp.5 << 19:07:02.928 [main] INFO Env - @{5 LOCKED}
out.5 >> unlock
inp.5 << 19:07:02.928 [main] INFO Env - @{5 UNLOCKED}
out.1 >> ping
out.2 >> ping
out.3 >> ping
out.4 >> ping
out.5 >> ping
inp.5 << 19:07:02.928 [main] INFO Env - @{5 PONG}
inp.1 << 19:07:02.928 [main] INFO Env - @{1 PONG}
inp.2 << 19:07:02.928 [main] INFO Env - @{2 PONG}
inp.3 << 19:07:02.928 [main] INFO Env - @{3 PONG}
inp.4 << 19:07:02.929 [main] INFO Env - @{4 PONG}
out.5 >> lock
inp.5 << 19:07:02.929 [main] INFO Env - @{5 LOCKED}
out.5 >> unlock
inp.5 << 19:07:02.929 [main] INFO Env - @{5 UNLOCKED}
out.1 >> ping
out.2 >> ping
out.3 >> ping
out.4 >> ping
out.5 >> ping
inp.5 << 19:07:02.929 [main] INFO Env - @{5 PONG}
inp.1 << 19:07:02.930 [main] INFO Env - @{1 PONG}
inp.2 << 19:07:02.930 [main] INFO Env - @{2 PONG}
inp.3 << 19:07:02.930 [main] INFO Env - @{3 PONG}
inp.4 << 19:07:02.930 [main] INFO Env - @{4 PONG}
out.5 >> lock
inp.5 << 19:07:02.930 [main] INFO Env - @{5 LOCKED}
out.5 >> unlock
inp.5 << 19:07:02.930 [main] INFO Env - @{5 UNLOCKED}
out.1 >> ping
out.2 >> ping
out.3 >> ping
out.4 >> ping
out.5 >> ping
inp.5 << 19:07:02.931 [main] INFO Env - @{5 PONG}
inp.1 << 19:07:02.931 [main] INFO Env - @{1 PONG}
inp.2 << 19:07:02.931 [main] INFO Env - @{2 PONG}
inp.3 << 19:07:02.931 [main] INFO Env - @{3 PONG}
inp.4 << 19:07:02.931 [main] INFO Env - @{4 PONG}
out.5 >> lock
out.1 >> lock
inp.5 << 19:07:02.931 [main] INFO Env - @{5 LOCKED}
out.5 >> unlock
inp.5 << 19:07:02.932 [main] INFO Env - @{5 UNLOCKED}
inp.1 << 19:07:02.932 [main] INFO Env - @{1 SEND 2} Message(Ask)
inp.1 << 19:07:02.932 [main] INFO Env - @{1 SEND 3} Message(Ask)
inp.1 << 19:07:02.932 [main] INFO Env - @{1 SEND 4} Message(Ask)
inp.3 << 19:07:02.932 [main] INFO Env - @{3 RCVD 1} Message(Ask)
inp.1 << 19:07:02.932 [main] INFO Env - @{1 SEND 5} Message(Ask)
inp.3 << 19:07:02.932 [main] INFO Env - @{3 SEND 1} Message(Share)
inp.5 << 19:07:02.932 [main] INFO Env - @{5 RCVD 1} Message(Ask)
inp.5 << 19:07:02.932 [main] INFO Env - @{5 SEND 1} Message(Share)
inp.2 << 19:07:02.932 [main] INFO Env - @{2 RCVD 1} Message(Ask)
inp.2 << 19:07:02.933 [main] INFO Env - @{2 SEND 1} Message(Share)
inp.4 << 19:07:02.933 [main] INFO Env - @{4 RCVD 1} Message(Ask)
inp.4 << 19:07:02.933 [main] INFO Env - @{4 SEND 1} Message(Share)
inp.1 << 19:07:02.933 [main] INFO Env - @{1 RCVD 3} Message(Share)
inp.1 << 19:07:02.933 [main] INFO Env - @{1 RCVD 5} Message(Share)
inp.1 << 19:07:02.933 [main] INFO Env - @{1 RCVD 2} Message(Share)
inp.1 << 19:07:02.933 [main] INFO Env - @{1 RCVD 4} Message(Share)
inp.1 << 19:07:02.933 [main] INFO Env - @{1 LOCKED}
out.1 >> unlock
inp.1 << 19:07:02.933 [main] INFO Env - @{1 UNLOCKED}
out.1 >> ping
out.2 >> ping
out.3 >> ping
out.4 >> ping
out.5 >> ping
inp.1 << 19:07:02.933 [main] INFO Env - @{1 PONG}
inp.5 << 19:07:02.933 [main] INFO Env - @{5 PONG}
inp.2 << 19:07:02.933 [main] INFO Env - @{2 PONG}
inp.3 << 19:07:02.933 [main] INFO Env - @{3 PONG}
inp.4 << 19:07:02.933 [main] INFO Env - @{4 PONG}
out.5 >> lock
out.1 >> lock
inp.1 << 19:07:02.934 [main] INFO Env - @{1 LOCKED}
out.1 >> unlock
inp.5 << 19:07:02.934 [main] INFO Env - @{5 SEND 1} Message(Ask)
inp.1 << 19:07:02.934 [main] INFO Env - @{1 RCVD 5} Message(Ask)
inp.1 << 19:07:02.934 [main] INFO Env - @{1 UNLOCKED}
inp.1 << 19:07:02.934 [main] INFO Env - @{1 SEND 5} Message(Share)
inp.5 << 19:07:02.934 [main] INFO Env - @{5 RCVD 1} Message(Share)
inp.5 << 19:07:02.934 [main] INFO Env - @{5 LOCKED}
out.5 >> unlock
inp.5 << 19:07:02.934 [main] INFO Env - @{5 UNLOCKED}
out.1 >> ping
out.2 >> ping
out.3 >> ping
out.4 >> ping
out.5 >> ping
inp.5 << 19:07:02.935 [main] INFO Env - @{5 PONG}
inp.1 << 19:07:02.935 [main] INFO Env - @{1 PONG}
inp.2 << 19:07:02.935 [main] INFO Env - @{2 PONG}
inp.3 << 19:07:02.935 [main] INFO Env - @{3 PONG}
inp.4 << 19:07:02.935 [main] INFO Env - @{4 PONG}
out.5 >> lock
out.1 >> lock
inp.5 << 19:07:02.935 [main] INFO Env - @{5 LOCKED}
out.5 >> unlock
inp.5 << 19:07:02.936 [main] INFO Env - @{5 UNLOCKED}
inp.1 << 19:07:02.936 [main] INFO Env - @{1 SEND 5} Message(Ask)
inp.5 << 19:07:02.936 [main] INFO Env - @{5 RCVD 1} Message(Ask)
inp.5 << 19:07:02.936 [main] INFO Env - @{5 SEND 1} Message(Share)
inp.1 << 19:07:02.936 [main] INFO Env - @{1 RCVD 5} Message(Share)
inp.1 << 19:07:02.936 [main] INFO Env - @{1 LOCKED}
out.1 >> unlock
inp.1 << 19:07:02.937 [main] INFO Env - @{1 UNLOCKED}
out.1 >> ping
out.2 >> ping
out.3 >> ping
out.4 >> ping
out.5 >> ping
inp.1 << 19:07:02.937 [main] INFO Env - @{1 PONG}
inp.5 << 19:07:02.937 [main] INFO Env - @{5 PONG}
inp.2 << 19:07:02.937 [main] INFO Env - @{2 PONG}
inp.3 << 19:07:02.937 [main] INFO Env - @{3 PONG}
inp.4 << 19:07:02.937 [main] INFO Env - @{4 PONG}
out.1 >> ping
out.2 >> ping
out.3 >> ping
out.4 >> ping
out.5 >> ping
inp.1 << 19:07:02.938 [main] INFO Env - @{1 PONG}
inp.5 << 19:07:02.938 [main] INFO Env - @{5 PONG}
inp.2 << 19:07:02.938 [main] INFO Env - @{2 PONG}
inp.3 << 19:07:02.938 [main] INFO Env - @{3 PONG}
inp.4 << 19:07:02.938 [main] INFO Env - @{4 PONG}
out.1 >> lock
inp.1 << 19:07:02.938 [main] INFO Env - @{1 LOCKED}
out.1 >> unlock
inp.1 << 19:07:02.940 [main] INFO Env - @{1 UNLOCKED}
out.1 >> ping
out.2 >> ping
out.3 >> ping
out.4 >> ping
out.5 >> ping
inp.5 << 19:07:02.941 [main] INFO Env - @{5 PONG}
inp.1 << 19:07:02.941 [main] INFO Env - @{1 PONG}
inp.2 << 19:07:02.941 [main] INFO Env - @{2 PONG}
inp.3 << 19:07:02.941 [main] INFO Env - @{3 PONG}
inp.4 << 19:07:02.941 [main] INFO Env - @{4 PONG}
out.2 >> lock
inp.2 << 19:07:02.942 [main] INFO Env - @{2 SEND 1} Message(Ask)
inp.2 << 19:07:02.942 [main] INFO Env - @{2 SEND 3} Message(Ask)
inp.2 << 19:07:02.942 [main] INFO Env - @{2 SEND 4} Message(Ask)
inp.2 << 19:07:02.943 [main] INFO Env - @{2 SEND 5} Message(Ask)
inp.5 << 19:07:02.943 [main] INFO Env - @{5 RCVD 2} Message(Ask)
inp.5 << 19:07:02.943 [main] INFO Env - @{5 SEND 2} Message(Share)
inp.2 << 19:07:02.945 [main] INFO Env - @{2 RCVD 5} Message(Share)
inp.1 << 19:07:02.945 [main] INFO Env - @{1 RCVD 2} Message(Ask)
inp.1 << 19:07:02.945 [main] INFO Env - @{1 SEND 2} Message(Share)
inp.3 << 19:07:02.945 [main] INFO Env - @{3 RCVD 2} Message(Ask)
inp.4 << 19:07:02.945 [main] INFO Env - @{4 RCVD 2} Message(Ask)
inp.3 << 19:07:02.945 [main] INFO Env - @{3 SEND 2} Message(Share)
inp.4 << 19:07:02.945 [main] INFO Env - @{4 SEND 2} Message(Share)
inp.2 << 19:07:02.945 [main] INFO Env - @{2 RCVD 1} Message(Share)
inp.2 << 19:07:02.945 [main] INFO Env - @{2 RCVD 3} Message(Share)
inp.2 << 19:07:02.945 [main] INFO Env - @{2 RCVD 4} Message(Share)
inp.2 << 19:07:02.945 [main] INFO Env - @{2 LOCKED}
out.2 >> unlock
inp.2 << 19:07:02.946 [main] INFO Env - @{2 UNLOCKED}
out.1 >> ping
out.2 >> ping
out.3 >> ping
out.4 >> ping
out.5 >> ping
inp.1 << 19:07:02.946 [main] INFO Env - @{1 PONG}
inp.5 << 19:07:02.946 [main] INFO Env - @{5 PONG}
inp.2 << 19:07:02.946 [main] INFO Env - @{2 PONG}
inp.3 << 19:07:02.946 [main] INFO Env - @{3 PONG}
inp.4 << 19:07:02.946 [main] INFO Env - @{4 PONG}
out.3 >> lock
inp.3 << 19:07:02.946 [main] INFO Env - @{3 SEND 1} Message(Ask)
inp.3 << 19:07:02.947 [main] INFO Env - @{3 SEND 2} Message(Ask)
inp.3 << 19:07:02.947 [main] INFO Env - @{3 SEND 4} Message(Ask)
inp.3 << 19:07:02.947 [main] INFO Env - @{3 SEND 5} Message(Ask)
inp.1 << 19:07:02.947 [main] INFO Env - @{1 RCVD 3} Message(Ask)
inp.1 << 19:07:02.947 [main] INFO Env - @{1 SEND 3} Message(Share)
inp.5 << 19:07:02.947 [main] INFO Env - @{5 RCVD 3} Message(Ask)
inp.5 << 19:07:02.947 [main] INFO Env - @{5 SEND 3} Message(Share)
inp.3 << 19:07:02.947 [main] INFO Env - @{3 RCVD 1} Message(Share)
inp.4 << 19:07:02.947 [main] INFO Env - @{4 RCVD 3} Message(Ask)
inp.4 << 19:07:02.947 [main] INFO Env - @{4 SEND 3} Message(Share)
inp.2 << 19:07:02.947 [main] INFO Env - @{2 RCVD 3} Message(Ask)
inp.2 << 19:07:02.947 [main] INFO Env - @{2 SEND 3} Message(Share)
inp.3 << 19:07:02.948 [main] INFO Env - @{3 RCVD 5} Message(Share)
inp.3 << 19:07:02.948 [main] INFO Env - @{3 RCVD 2} Message(Share)
inp.3 << 19:07:02.948 [main] INFO Env - @{3 RCVD 4} Message(Share)
inp.3 << 19:07:02.948 [main] INFO Env - @{3 LOCKED}
out.3 >> unlock
inp.3 << 19:07:02.948 [main] INFO Env - @{3 UNLOCKED}
out.1 >> ping
out.2 >> ping
out.3 >> ping
out.4 >> ping
out.5 >> ping
inp.1 << 19:07:02.948 [main] INFO Env - @{1 PONG}
inp.5 << 19:07:02.948 [main] INFO Env - @{5 PONG}
inp.2 << 19:07:02.948 [main] INFO Env - @{2 PONG}
inp.3 << 19:07:02.949 [main] INFO Env - @{3 PONG}
inp.4 << 19:07:02.949 [main] INFO Env - @{4 PONG}
out.4 >> lock
inp.4 << 19:07:02.949 [main] INFO Env - @{4 SEND 1} Message(Ask)
inp.4 << 19:07:02.949 [main] INFO Env - @{4 SEND 2} Message(Ask)
inp.4 << 19:07:02.949 [main] INFO Env - @{4 SEND 3} Message(Ask)
inp.4 << 19:07:02.949 [main] INFO Env - @{4 SEND 5} Message(Ask)
inp.5 << 19:07:02.949 [main] INFO Env - @{5 RCVD 4} Message(Ask)
inp.5 << 19:07:02.949 [main] INFO Env - @{5 SEND 4} Message(Share)
inp.1 << 19:07:02.949 [main] INFO Env - @{1 RCVD 4} Message(Ask)
inp.2 << 19:07:02.949 [main] INFO Env - @{2 RCVD 4} Message(Ask)
inp.1 << 19:07:02.950 [main] INFO Env - @{1 SEND 4} Message(Share)
inp.2 << 19:07:02.950 [main] INFO Env - @{2 SEND 4} Message(Share)
inp.4 << 19:07:02.950 [main] INFO Env - @{4 RCVD 5} Message(Share)
inp.4 << 19:07:02.950 [main] INFO Env - @{4 RCVD 1} Message(Share)
inp.4 << 19:07:02.950 [main] INFO Env - @{4 RCVD 2} Message(Share)
inp.3 << 19:07:02.950 [main] INFO Env - @{3 RCVD 4} Message(Ask)
inp.3 << 19:07:02.950 [main] INFO Env - @{3 SEND 4} Message(Share)
inp.4 << 19:07:02.950 [main] INFO Env - @{4 RCVD 3} Message(Share)
inp.4 << 19:07:02.950 [main] INFO Env - @{4 LOCKED}
out.4 >> unlock
inp.4 << 19:07:02.950 [main] INFO Env - @{4 UNLOCKED}
out.1 >> ping
out.2 >> ping
out.3 >> ping
out.4 >> ping
out.5 >> ping
inp.5 << 19:07:02.951 [main] INFO Env - @{5 PONG}
inp.1 << 19:07:02.951 [main] INFO Env - @{1 PONG}
inp.3 << 19:07:02.951 [main] INFO Env - @{3 PONG}
inp.2 << 19:07:02.951 [main] INFO Env - @{2 PONG}
inp.4 << 19:07:02.951 [main] INFO Env - @{4 PONG}
out.5 >> lock
inp.5 << 19:07:02.951 [main] INFO Env - @{5 SEND 1} Message(Ask)
inp.5 << 19:07:02.951 [main] INFO Env - @{5 SEND 2} Message(Ask)
inp.5 << 19:07:02.951 [main] INFO Env - @{5 SEND 3} Message(Ask)
inp.5 << 19:07:02.951 [main] INFO Env - @{5 SEND 4} Message(Ask)
inp.1 << 19:07:02.951 [main] INFO Env - @{1 RCVD 5} Message(Ask)
inp.1 << 19:07:02.951 [main] INFO Env - @{1 SEND 5} Message(Share)
inp.2 << 19:07:02.951 [main] INFO Env - @{2 RCVD 5} Message(Ask)
inp.2 << 19:07:02.951 [main] INFO Env - @{2 SEND 5} Message(Share)
inp.5 << 19:07:02.952 [main] INFO Env - @{5 RCVD 1} Message(Share)
inp.5 << 19:07:02.952 [main] INFO Env - @{5 RCVD 2} Message(Share)
inp.4 << 19:07:02.952 [main] INFO Env - @{4 RCVD 5} Message(Ask)
inp.3 << 19:07:02.952 [main] INFO Env - @{3 RCVD 5} Message(Ask)
inp.4 << 19:07:02.952 [main] INFO Env - @{4 SEND 5} Message(Share)
inp.3 << 19:07:02.952 [main] INFO Env - @{3 SEND 5} Message(Share)
inp.5 << 19:07:02.952 [main] INFO Env - @{5 RCVD 3} Message(Share)
inp.5 << 19:07:02.952 [main] INFO Env - @{5 RCVD 4} Message(Share)
inp.5 << 19:07:02.952 [main] INFO Env - @{5 LOCKED}
out.5 >> unlock
inp.5 << 19:07:02.952 [main] INFO Env - @{5 UNLOCKED}
out.1 >> ping
out.2 >> ping
out.3 >> ping
out.4 >> ping
out.5 >> ping
inp.5 << 19:07:02.953 [main] INFO Env - @{5 PONG}
inp.1 << 19:07:02.953 [main] INFO Env - @{1 PONG}
inp.3 << 19:07:02.953 [main] INFO Env - @{3 PONG}
inp.2 << 19:07:02.953 [main] INFO Env - @{2 PONG}
inp.4 << 19:07:02.953 [main] INFO Env - @{4 PONG}
out.3 >> lock
out.1 >> lock
out.2 >> lock
out.4 >> lock
out.5 >> lock
inp.5 << 19:07:02.954 [main] INFO Env - @{5 LOCKED}
inp.3 << 19:07:02.954 [main] INFO Env - @{3 SEND 4} Message(Ask)
out.5 >> unlock
inp.3 << 19:07:02.954 [main] INFO Env - @{3 SEND 5} Message(Ask)
inp.5 << 19:07:02.954 [main] INFO Env - @{5 UNLOCKED}
inp.5 << 19:07:02.954 [main] INFO Env - @{5 RCVD 3} Message(Ask)
inp.5 << 19:07:02.954 [main] INFO Env - @{5 SEND 3} Message(Share)
inp.4 << 19:07:02.954 [main] INFO Env - @{4 SEND 5} Message(Ask)
inp.1 << 19:07:02.954 [main] INFO Env - @{1 SEND 2} Message(Ask)
inp.1 << 19:07:02.954 [main] INFO Env - @{1 SEND 3} Message(Ask)
inp.1 << 19:07:02.955 [main] INFO Env - @{1 SEND 4} Message(Ask)
inp.1 << 19:07:02.955 [main] INFO Env - @{1 SEND 5} Message(Ask)
inp.5 << 19:07:02.955 [main] INFO Env - @{5 RCVD 4} Message(Ask)
inp.5 << 19:07:02.955 [main] INFO Env - @{5 SEND 4} Message(Share)
inp.5 << 19:07:02.955 [main] INFO Env - @{5 RCVD 1} Message(Ask)
inp.5 << 19:07:02.955 [main] INFO Env - @{5 SEND 1} Message(Share)
inp.4 << 19:07:02.955 [main] INFO Env - @{4 RCVD 3} Message(Ask)
inp.4 << 19:07:02.955 [main] INFO Env - @{4 SEND 3} Message(Share)
inp.4 << 19:07:02.955 [main] INFO Env - @{4 SEND 3} Message(Ask)
inp.4 << 19:07:02.955 [main] INFO Env - @{4 RCVD 1} Message(Ask)
inp.4 << 19:07:02.955 [main] INFO Env - @{4 SEND 1} Message(Share)
inp.4 << 19:07:02.955 [main] INFO Env - @{4 SEND 1} Message(Ask)
inp.4 << 19:07:02.955 [main] INFO Env - @{4 RCVD 5} Message(Share)
inp.2 << 19:07:02.955 [main] INFO Env - @{2 SEND 3} Message(Ask)
inp.2 << 19:07:02.955 [main] INFO Env - @{2 SEND 4} Message(Ask)
inp.3 << 19:07:02.956 [main] INFO Env - @{3 RCVD 5} Message(Share)
inp.3 << 19:07:02.956 [main] INFO Env - @{3 RCVD 1} Message(Ask)
inp.3 << 19:07:02.956 [main] INFO Env - @{3 SEND 1} Message(Share)
inp.3 << 19:07:02.956 [main] INFO Env - @{3 SEND 1} Message(Ask)
inp.3 << 19:07:02.956 [main] INFO Env - @{3 RCVD 4} Message(Share)
inp.3 << 19:07:02.956 [main] INFO Env - @{3 RCVD 4} Message(Ask)
inp.3 << 19:07:02.956 [main] INFO Env - @{3 RCVD 2} Message(Ask)
inp.3 << 19:07:02.956 [main] INFO Env - @{3 SEND 2} Message(Share)
inp.3 << 19:07:02.956 [main] INFO Env - @{3 SEND 2} Message(Ask)
inp.2 << 19:07:02.956 [main] INFO Env - @{2 SEND 5} Message(Ask)
inp.5 << 19:07:02.956 [main] INFO Env - @{5 RCVD 2} Message(Ask)
inp.2 << 19:07:02.956 [main] INFO Env - @{2 RCVD 1} Message(Ask)
inp.2 << 19:07:02.956 [main] INFO Env - @{2 SEND 1} Message(Share)
inp.5 << 19:07:02.956 [main] INFO Env - @{5 SEND 2} Message(Share)
inp.2 << 19:07:02.956 [main] INFO Env - @{2 SEND 1} Message(Ask)
inp.2 << 19:07:02.956 [main] INFO Env - @{2 RCVD 3} Message(Share)
inp.2 << 19:07:02.956 [main] INFO Env - @{2 RCVD 3} Message(Ask)
inp.2 << 19:07:02.956 [main] INFO Env - @{2 RCVD 5} Message(Share)
inp.1 << 19:07:02.956 [main] INFO Env - @{1 RCVD 5} Message(Share)
inp.1 << 19:07:02.956 [main] INFO Env - @{1 RCVD 4} Message(Share)
inp.1 << 19:07:02.957 [main] INFO Env - @{1 RCVD 4} Message(Ask)
inp.1 << 19:07:02.957 [main] INFO Env - @{1 RCVD 3} Message(Share)
inp.1 << 19:07:02.957 [main] INFO Env - @{1 RCVD 3} Message(Ask)
inp.1 << 19:07:02.957 [main] INFO Env - @{1 RCVD 2} Message(Share)
inp.1 << 19:07:02.957 [main] INFO Env - @{1 LOCKED}
inp.1 << 19:07:02.957 [main] INFO Env - @{1 RCVD 2} Message(Ask)
inp.4 << 19:07:02.957 [main] INFO Env - @{4 RCVD 2} Message(Ask)
inp.4 << 19:07:02.957 [main] INFO Env - @{4 SEND 2} Message(Share)
out.1 >> unlock
inp.4 << 19:07:02.957 [main] INFO Env - @{4 SEND 2} Message(Ask)
inp.2 << 19:07:02.957 [main] INFO Env - @{2 RCVD 4} Message(Share)
inp.2 << 19:07:02.957 [main] INFO Env - @{2 RCVD 4} Message(Ask)
inp.1 << 19:07:02.957 [main] INFO Env - @{1 UNLOCKED}
inp.1 << 19:07:02.957 [main] INFO Env - @{1 SEND 2} Message(Share)
inp.1 << 19:07:02.957 [main] INFO Env - @{1 SEND 3} Message(Share)
inp.1 << 19:07:02.957 [main] INFO Env - @{1 SEND 4} Message(Share)
inp.2 << 19:07:02.957 [main] INFO Env - @{2 RCVD 1} Message(Share)
inp.2 << 19:07:02.957 [main] INFO Env - @{2 LOCKED}
inp.4 << 19:07:02.957 [main] INFO Env - @{4 RCVD 1} Message(Share)
out.2 >> unlock
inp.3 << 19:07:02.957 [main] INFO Env - @{3 RCVD 1} Message(Share)
inp.2 << 19:07:02.958 [main] INFO Env - @{2 UNLOCKED}
inp.2 << 19:07:02.958 [main] INFO Env - @{2 SEND 3} Message(Share)
inp.2 << 19:07:02.958 [main] INFO Env - @{2 SEND 4} Message(Share)
inp.3 << 19:07:02.958 [main] INFO Env - @{3 RCVD 2} Message(Share)
inp.4 << 19:07:02.958 [main] INFO Env - @{4 RCVD 2} Message(Share)
inp.3 << 19:07:02.958 [main] INFO Env - @{3 LOCKED}
out.3 >> unlock
inp.3 << 19:07:02.958 [main] INFO Env - @{3 UNLOCKED}
inp.3 << 19:07:02.958 [main] INFO Env - @{3 SEND 4} Message(Share)
inp.4 << 19:07:02.958 [main] INFO Env - @{4 RCVD 3} Message(Share)
inp.4 << 19:07:02.958 [main] INFO Env - @{4 LOCKED}
out.4 >> unlock
inp.4 << 19:07:02.959 [main] INFO Env - @{4 UNLOCKED}
out.1 >> ping
out.2 >> ping
out.3 >> ping
out.4 >> ping
out.5 >> ping
inp.2 << 19:07:02.959 [main] INFO Env - @{2 PONG}
inp.5 << 19:07:02.959 [main] INFO Env - @{5 PONG}
inp.4 << 19:07:02.959 [main] INFO Env - @{4 PONG}
inp.1 << 19:07:02.959 [main] INFO Env - @{1 PONG}
inp.3 << 19:07:02.959 [main] INFO Env - @{3 PONG}
out.1 >> lock
inp.1 << 19:07:02.960 [main] INFO Env - @{1 SEND 2} Message(Ask)
inp.1 << 19:07:02.960 [main] INFO Env - @{1 SEND 3} Message(Ask)
inp.1 << 19:07:02.960 [main] INFO Env - @{1 SEND 4} Message(Ask)
inp.4 << 19:07:02.960 [main] INFO Env - @{4 RCVD 1} Message(Ask)
inp.4 << 19:07:02.960 [main] INFO Env - @{4 SEND 1} Message(Share)
inp.3 << 19:07:02.960 [main] INFO Env - @{3 RCVD 1} Message(Ask)
inp.2 << 19:07:02.960 [main] INFO Env - @{2 RCVD 1} Message(Ask)
inp.3 << 19:07:02.960 [main] INFO Env - @{3 SEND 1} Message(Share)
inp.2 << 19:07:02.960 [main] INFO Env - @{2 SEND 1} Message(Share)
inp.1 << 19:07:02.960 [main] INFO Env - @{1 RCVD 3} Message(Share)
inp.1 << 19:07:02.960 [main] INFO Env - @{1 RCVD 4} Message(Share)
inp.1 << 19:07:02.960 [main] INFO Env - @{1 RCVD 2} Message(Share)
inp.1 << 19:07:02.960 [main] INFO Env - @{1 LOCKED}
out.1 >> unlock
inp.1 << 19:07:02.961 [main] INFO Env - @{1 UNLOCKED}
out.1 >> ping
out.2 >> ping
out.3 >> ping
out.4 >> ping
out.5 >> ping
inp.1 << 19:07:02.961 [main] INFO Env - @{1 PONG}
inp.5 << 19:07:02.961 [main] INFO Env - @{5 PONG}
inp.3 << 19:07:02.961 [main] INFO Env - @{3 PONG}
inp.2 << 19:07:02.961 [main] INFO Env - @{2 PONG}
inp.4 << 19:07:02.961 [main] INFO Env - @{4 PONG}
out.1 >> lock
inp.1 << 19:07:02.962 [main] INFO Env - @{1 LOCKED}
out.1 >> unlock
inp.1 << 19:07:02.962 [main] INFO Env - @{1 UNLOCKED}
out.1 >> ping
out.2 >> ping
out.3 >> ping
out.4 >> ping
out.5 >> ping
inp.1 << 19:07:02.962 [main] INFO Env - @{1 PONG}
inp.5 << 19:07:02.962 [main] INFO Env - @{5 PONG}
inp.3 << 19:07:02.962 [main] INFO Env - @{3 PONG}
inp.2 << 19:07:02.962 [main] INFO Env - @{2 PONG}
inp.4 << 19:07:02.962 [main] INFO Env - @{4 PONG}
out.1 >> lock
inp.1 << 19:07:02.963 [main] INFO Env - @{1 LOCKED}
out.1 >> unlock
inp.1 << 19:07:02.963 [main] INFO Env - @{1 UNLOCKED}
out.1 >> ping
out.2 >> ping
out.3 >> ping
out.4 >> ping
out.5 >> ping
inp.1 << 19:07:02.963 [main] INFO Env - @{1 PONG}
inp.5 << 19:07:02.963 [main] INFO Env - @{5 PONG}
inp.2 << 19:07:02.963 [main] INFO Env - @{2 PONG}
inp.3 << 19:07:02.963 [main] INFO Env - @{3 PONG}
inp.4 << 19:07:02.963 [main] INFO Env - @{4 PONG}
out.1 >> lock
out.4 >> lock
inp.1 << 19:07:02.964 [main] INFO Env - @{1 LOCKED}
out.1 >> unlock
inp.4 << 19:07:02.964 [main] INFO Env - @{4 SEND 1} Message(Ask)
inp.1 << 19:07:02.964 [main] INFO Env - @{1 UNLOCKED}
inp.1 << 19:07:02.964 [main] INFO Env - @{1 RCVD 4} Message(Ask)
inp.1 << 19:07:02.964 [main] INFO Env - @{1 SEND 4} Message(Share)
inp.4 << 19:07:02.964 [main] INFO Env - @{4 RCVD 1} Message(Share)
inp.4 << 19:07:02.964 [main] INFO Env - @{4 LOCKED}
out.4 >> unlock
inp.4 << 19:07:02.965 [main] INFO Env - @{4 UNLOCKED}
out.1 >> ping
out.2 >> ping
out.3 >> ping
out.4 >> ping
out.5 >> ping
inp.5 << 19:07:02.965 [main] INFO Env - @{5 PONG}
inp.1 << 19:07:02.965 [main] INFO Env - @{1 PONG}
inp.2 << 19:07:02.965 [main] INFO Env - @{2 PONG}
inp.3 << 19:07:02.965 [main] INFO Env - @{3 PONG}
inp.4 << 19:07:02.966 [main] INFO Env - @{4 PONG}
out.1 >> lock
out.4 >> lock
inp.4 << 19:07:02.966 [main] INFO Env - @{4 LOCKED}
out.4 >> unlock
inp.4 << 19:07:02.966 [main] INFO Env - @{4 UNLOCKED}
inp.1 << 19:07:02.966 [main] INFO Env - @{1 SEND 4} Message(Ask)
inp.4 << 19:07:02.966 [main] INFO Env - @{4 RCVD 1} Message(Ask)
inp.4 << 19:07:02.966 [main] INFO Env - @{4 SEND 1} Message(Share)
inp.1 << 19:07:02.967 [main] INFO Env - @{1 RCVD 4} Message(Share)
inp.1 << 19:07:02.967 [main] INFO Env - @{1 LOCKED}
out.1 >> unlock
inp.1 << 19:07:02.967 [main] INFO Env - @{1 UNLOCKED}
out.1 >> ping
out.2 >> ping
out.3 >> ping
out.4 >> ping
out.5 >> ping
inp.5 << 19:07:02.967 [main] INFO Env - @{5 PONG}
inp.3 << 19:07:02.968 [main] INFO Env - @{3 PONG}
inp.4 << 19:07:02.968 [main] INFO Env - @{4 PONG}
inp.1 << 19:07:02.968 [main] INFO Env - @{1 PONG}
inp.2 << 19:07:02.968 [main] INFO Env - @{2 PONG}
out.1 >> lock
out.4 >> lock
inp.4 << 19:07:02.968 [main] INFO Env - @{4 SEND 1} Message(Ask)
inp.1 << 19:07:02.969 [main] INFO Env - @{1 LOCKED}
inp.1 << 19:07:02.969 [main] INFO Env - @{1 RCVD 4} Message(Ask)
out.1 >> unlock
inp.1 << 19:07:02.969 [main] INFO Env - @{1 UNLOCKED}
inp.1 << 19:07:02.969 [main] INFO Env - @{1 SEND 4} Message(Share)
inp.4 << 19:07:02.969 [main] INFO Env - @{4 RCVD 1} Message(Share)
inp.4 << 19:07:02.969 [main] INFO Env - @{4 LOCKED}
out.4 >> unlock
inp.4 << 19:07:02.969 [main] INFO Env - @{4 UNLOCKED}
out.1 >> ping
out.2 >> ping
out.3 >> ping
out.4 >> ping
out.5 >> ping
inp.5 << 19:07:02.970 [main] INFO Env - @{5 PONG}
inp.4 << 19:07:02.970 [main] INFO Env - @{4 PONG}
inp.3 << 19:07:02.970 [main] INFO Env - @{3 PONG}
inp.2 << 19:07:02.970 [main] INFO Env - @{2 PONG}
inp.1 << 19:07:02.970 [main] INFO Env - @{1 PONG}
out.1 >> ping
out.2 >> ping
out.3 >> ping
out.4 >> ping
out.5 >> ping
inp.3 << 19:07:02.970 [main] INFO Env - @{3 PONG}
inp.5 << 19:07:02.970 [main] INFO Env - @{5 PONG}
inp.4 << 19:07:02.971 [main] INFO Env - @{4 PONG}
inp.2 << 19:07:02.971 [main] INFO Env - @{2 PONG}
inp.1 << 19:07:02.971 [main] INFO Env - @{1 PONG}
out.1 >> lock
inp.1 << 19:07:02.971 [main] INFO Env - @{1 SEND 4} Message(Ask)
inp.4 << 19:07:02.971 [main] INFO Env - @{4 RCVD 1} Message(Ask)
inp.4 << 19:07:02.971 [main] INFO Env - @{4 SEND 1} Message(Share)
inp.1 << 19:07:02.971 [main] INFO Env - @{1 RCVD 4} Message(Share)
inp.1 << 19:07:02.971 [main] INFO Env - @{1 LOCKED}
out.1 >> unlock
inp.1 << 19:07:02.971 [main] INFO Env - @{1 UNLOCKED}
out.1 >> ping
out.2 >> ping
out.3 >> ping
out.4 >> ping
out.5 >> ping
inp.3 << 19:07:02.972 [main] INFO Env - @{3 PONG}
inp.5 << 19:07:02.972 [main] INFO Env - @{5 PONG}
inp.4 << 19:07:02.972 [main] INFO Env - @{4 PONG}
inp.1 << 19:07:02.972 [main] INFO Env - @{1 PONG}
inp.2 << 19:07:02.972 [main] INFO Env - @{2 PONG}
out.2 >> lock
inp.2 << 19:07:02.973 [main] INFO Env - @{2 SEND 1} Message(Ask)
inp.2 << 19:07:02.973 [main] INFO Env - @{2 SEND 3} Message(Ask)
inp.3 << 19:07:02.973 [main] INFO Env - @{3 RCVD 2} Message(Ask)
inp.3 << 19:07:02.973 [main] INFO Env - @{3 SEND 2} Message(Share)
inp.1 << 19:07:02.973 [main] INFO Env - @{1 RCVD 2} Message(Ask)
inp.1 << 19:07:02.973 [main] INFO Env - @{1 SEND 2} Message(Share)
inp.2 << 19:07:02.974 [main] INFO Env - @{2 SEND 4} Message(Ask)
inp.2 << 19:07:02.974 [main] INFO Env - @{2 RCVD 3} Message(Share)
inp.2 << 19:07:02.974 [main] INFO Env - @{2 RCVD 1} Message(Share)
inp.4 << 19:07:02.974 [main] INFO Env - @{4 RCVD 2} Message(Ask)
inp.4 << 19:07:02.974 [main] INFO Env - @{4 SEND 2} Message(Share)
inp.2 << 19:07:02.974 [main] INFO Env - @{2 RCVD 4} Message(Share)
inp.2 << 19:07:02.974 [main] INFO Env - @{2 LOCKED}
out.2 >> unlock
inp.2 << 19:07:02.975 [main] INFO Env - @{2 UNLOCKED}
out.1 >> ping
out.2 >> ping
out.3 >> ping
out.4 >> ping
out.5 >> ping
inp.3 << 19:07:02.976 [main] INFO Env - @{3 PONG}
inp.5 << 19:07:02.976 [main] INFO Env - @{5 PONG}
inp.4 << 19:07:02.976 [main] INFO Env - @{4 PONG}
inp.2 << 19:07:02.976 [main] INFO Env - @{2 PONG}
inp.1 << 19:07:02.977 [main] INFO Env - @{1 PONG}
out.3 >> lock
inp.3 << 19:07:02.977 [main] INFO Env - @{3 SEND 1} Message(Ask)
inp.3 << 19:07:02.977 [main] INFO Env - @{3 SEND 2} Message(Ask)
inp.3 << 19:07:02.977 [main] INFO Env - @{3 SEND 4} Message(Ask)
inp.4 << 19:07:02.977 [main] INFO Env - @{4 RCVD 3} Message(Ask)
inp.4 << 19:07:02.977 [main] INFO Env - @{4 SEND 3} Message(Share)
inp.3 << 19:07:02.977 [main] INFO Env - @{3 RCVD 4} Message(Share)
inp.2 << 19:07:02.978 [main] INFO Env - @{2 RCVD 3} Message(Ask)
inp.1 << 19:07:02.978 [main] INFO Env - @{1 RCVD 3} Message(Ask)
inp.2 << 19:07:02.978 [main] INFO Env - @{2 SEND 3} Message(Share)
inp.1 << 19:07:02.978 [main] INFO Env - @{1 SEND 3} Message(Share)
inp.3 << 19:07:02.978 [main] INFO Env - @{3 RCVD 1} Message(Share)
inp.3 << 19:07:02.978 [main] INFO Env - @{3 RCVD 2} Message(Share)
inp.3 << 19:07:02.978 [main] INFO Env - @{3 LOCKED}
out.3 >> unlock
inp.3 << 19:07:02.978 [main] INFO Env - @{3 UNLOCKED}
out.1 >> ping
out.2 >> ping
out.3 >> ping
out.4 >> ping
out.5 >> ping
inp.5 << 19:07:02.979 [main] INFO Env - @{5 PONG}
inp.3 << 19:07:02.980 [main] INFO Env - @{3 PONG}
inp.4 << 19:07:02.980 [main] INFO Env - @{4 PONG}
inp.1 << 19:07:02.981 [main] INFO Env - @{1 PONG}
inp.2 << 19:07:02.981 [main] INFO Env - @{2 PONG}
out.4 >> lock
inp.4 << 19:07:02.985 [main] INFO Env - @{4 SEND 1} Message(Ask)
inp.4 << 19:07:02.986 [main] INFO Env - @{4 SEND 2} Message(Ask)
inp.1 << 19:07:02.987 [main] INFO Env - @{1 RCVD 4} Message(Ask)
inp.1 << 19:07:02.988 [main] INFO Env - @{1 SEND 4} Message(Share)
inp.4 << 19:07:02.988 [main] INFO Env - @{4 SEND 3} Message(Ask)
inp.4 << 19:07:02.989 [main] INFO Env - @{4 RCVD 1} Message(Share)
inp.2 << 19:07:02.989 [main] INFO Env - @{2 RCVD 4} Message(Ask)
inp.3 << 19:07:02.990 [main] INFO Env - @{3 RCVD 4} Message(Ask)
inp.3 << 19:07:02.990 [main] INFO Env - @{3 SEND 4} Message(Share)
inp.2 << 19:07:02.989 [main] INFO Env - @{2 SEND 4} Message(Share)
inp.4 << 19:07:02.991 [main] INFO Env - @{4 RCVD 3} Message(Share)
inp.4 << 19:07:02.991 [main] INFO Env - @{4 RCVD 2} Message(Share)
inp.4 << 19:07:02.992 [main] INFO Env - @{4 LOCKED}
out.4 >> unlock
inp.4 << 19:07:02.993 [main] INFO Env - @{4 UNLOCKED}
out.1 >> ping
out.2 >> ping
out.3 >> ping
out.4 >> ping
out.5 >> ping
inp.3 << 19:07:02.994 [main] INFO Env - @{3 PONG}
inp.5 << 19:07:02.994 [main] INFO Env - @{5 PONG}
inp.4 << 19:07:02.994 [main] INFO Env - @{4 PONG}
inp.1 << 19:07:02.994 [main] INFO Env - @{1 PONG}
inp.2 << 19:07:02.994 [main] INFO Env - @{2 PONG}
out.5 >> lock
inp.5 << 19:07:02.995 [main] INFO Env - @{5 SEND 1} Message(Ask)
inp.5 << 19:07:02.996 [main] INFO Env - @{5 SEND 2} Message(Ask)
inp.5 << 19:07:02.996 [main] INFO Env - @{5 SEND 3} Message(Ask)
inp.5 << 19:07:02.996 [main] INFO Env - @{5 SEND 4} Message(Ask)
inp.3 << 19:07:02.996 [main] INFO Env - @{3 RCVD 5} Message(Ask)
inp.4 << 19:07:02.996 [main] INFO Env - @{4 RCVD 5} Message(Ask)
inp.3 << 19:07:02.996 [main] INFO Env - @{3 SEND 5} Message(Share)
inp.1 << 19:07:02.996 [main] INFO Env - @{1 RCVD 5} Message(Ask)
inp.4 << 19:07:02.996 [main] INFO Env - @{4 SEND 5} Message(Share)
inp.1 << 19:07:02.996 [main] INFO Env - @{1 SEND 5} Message(Share)
inp.5 << 19:07:02.996 [main] INFO Env - @{5 RCVD 1} Message(Share)
inp.5 << 19:07:02.996 [main] INFO Env - @{5 RCVD 4} Message(Share)
inp.5 << 19:07:02.996 [main] INFO Env - @{5 RCVD 3} Message(Share)
inp.2 << 19:07:02.996 [main] INFO Env - @{2 RCVD 5} Message(Ask)
inp.2 << 19:07:02.996 [main] INFO Env - @{2 SEND 5} Message(Share)
inp.5 << 19:07:02.996 [main] INFO Env - @{5 RCVD 2} Message(Share)
inp.5 << 19:07:02.996 [main] INFO Env - @{5 LOCKED}
out.5 >> unlock
inp.5 << 19:07:02.997 [main] INFO Env - @{5 UNLOCKED}
out.1 >> ping
out.2 >> ping
out.3 >> ping
out.4 >> ping
out.5 >> ping
inp.5 << 19:07:02.997 [main] INFO Env - @{5 PONG}
inp.3 << 19:07:02.997 [main] INFO Env - @{3 PONG}
inp.4 << 19:07:02.997 [main] INFO Env - @{4 PONG}
inp.1 << 19:07:02.998 [main] INFO Env - @{1 PONG}
inp.2 << 19:07:02.998 [main] INFO Env - @{2 PONG}
out.5 >> lock
out.3 >> lock
out.2 >> lock
out.1 >> lock
out.4 >> lock
inp.5 << 19:07:02.999 [main] INFO Env - @{5 LOCKED}
out.5 >> unlock
inp.5 << 19:07:02.999 [main] INFO Env - @{5 UNLOCKED}
inp.3 << 19:07:02.999 [main] INFO Env - @{3 SEND 4} Message(Ask)
inp.3 << 19:07:02.999 [main] INFO Env - @{3 SEND 5} Message(Ask)
inp.5 << 19:07:02.999 [main] INFO Env - @{5 RCVD 3} Message(Ask)
inp.5 << 19:07:02.999 [main] INFO Env - @{5 SEND 3} Message(Share)
inp.3 << 19:07:02.999 [main] INFO Env - @{3 RCVD 5} Message(Share)
inp.4 << 19:07:03.000 [main] INFO Env - @{4 SEND 5} Message(Ask)
inp.5 << 19:07:03.000 [main] INFO Env - @{5 RCVD 4} Message(Ask)
inp.5 << 19:07:03.000 [main] INFO Env - @{5 SEND 4} Message(Share)
inp.4 << 19:07:03.000 [main] INFO Env - @{4 RCVD 3} Message(Ask)
inp.4 << 19:07:03.000 [main] INFO Env - @{4 SEND 3} Message(Share)
inp.4 << 19:07:03.000 [main] INFO Env - @{4 SEND 3} Message(Ask)
inp.4 << 19:07:03.000 [main] INFO Env - @{4 RCVD 5} Message(Share)
inp.3 << 19:07:03.000 [main] INFO Env - @{3 RCVD 4} Message(Share)
inp.3 << 19:07:03.000 [main] INFO Env - @{3 LOCKED}
inp.3 << 19:07:03.000 [main] INFO Env - @{3 RCVD 4} Message(Ask)
out.3 >> unlock
inp.3 << 19:07:03.001 [main] INFO Env - @{3 UNLOCKED}
inp.3 << 19:07:03.001 [main] INFO Env - @{3 SEND 4} Message(Share)
inp.4 << 19:07:03.001 [main] INFO Env - @{4 RCVD 3} Message(Share)
inp.4 << 19:07:03.001 [main] INFO Env - @{4 LOCKED}
out.4 >> unlock
inp.4 << 19:07:03.001 [main] INFO Env - @{4 UNLOCKED}
inp.2 << 19:07:03.001 [main] INFO Env - @{2 SEND 3} Message(Ask)
inp.3 << 19:07:03.002 [main] INFO Env - @{3 RCVD 2} Message(Ask)
inp.3 << 19:07:03.002 [main] INFO Env - @{3 SEND 2} Message(Share)
inp.2 << 19:07:03.002 [main] INFO Env - @{2 SEND 4} Message(Ask)
inp.4 << 19:07:03.002 [main] INFO Env - @{4 RCVD 2} Message(Ask)
inp.4 << 19:07:03.002 [main] INFO Env - @{4 SEND 2} Message(Share)
inp.2 << 19:07:03.002 [main] INFO Env - @{2 SEND 5} Message(Ask)
inp.1 << 19:07:03.002 [main] INFO Env - @{1 SEND 2} Message(Ask)
inp.5 << 19:07:03.002 [main] INFO Env - @{5 RCVD 2} Message(Ask)
inp.1 << 19:07:03.002 [main] INFO Env - @{1 SEND 3} Message(Ask)
inp.5 << 19:07:03.002 [main] INFO Env - @{5 SEND 2} Message(Share)
inp.3 << 19:07:03.003 [main] INFO Env - @{3 RCVD 1} Message(Ask)
inp.2 << 19:07:03.003 [main] INFO Env - @{2 RCVD 3} Message(Share)
inp.1 << 19:07:03.003 [main] INFO Env - @{1 SEND 4} Message(Ask)
inp.1 << 19:07:03.003 [main] INFO Env - @{1 SEND 5} Message(Ask)
inp.3 << 19:07:03.003 [main] INFO Env - @{3 SEND 1} Message(Share)
inp.5 << 19:07:03.003 [main] INFO Env - @{5 RCVD 1} Message(Ask)
inp.4 << 19:07:03.003 [main] INFO Env - @{4 RCVD 1} Message(Ask)
inp.5 << 19:07:03.003 [main] INFO Env - @{5 SEND 1} Message(Share)
inp.4 << 19:07:03.003 [main] INFO Env - @{4 SEND 1} Message(Share)
inp.2 << 19:07:03.003 [main] INFO Env - @{2 RCVD 4} Message(Share)
inp.1 << 19:07:03.003 [main] INFO Env - @{1 RCVD 3} Message(Share)
inp.1 << 19:07:03.003 [main] INFO Env - @{1 RCVD 5} Message(Share)
inp.2 << 19:07:03.003 [main] INFO Env - @{2 RCVD 1} Message(Ask)
inp.1 << 19:07:03.003 [main] INFO Env - @{1 RCVD 4} Message(Share)
inp.2 << 19:07:03.003 [main] INFO Env - @{2 SEND 1} Message(Share)
inp.2 << 19:07:03.003 [main] INFO Env - @{2 SEND 1} Message(Ask)
inp.1 << 19:07:03.003 [main] INFO Env - @{1 RCVD 2} Message(Share)
inp.2 << 19:07:03.003 [main] INFO Env - @{2 RCVD 5} Message(Share)
inp.1 << 19:07:03.003 [main] INFO Env - @{1 LOCKED}
inp.1 << 19:07:03.003 [main] INFO Env - @{1 RCVD 2} Message(Ask)
out.1 >> unlock
inp.1 << 19:07:03.004 [main] INFO Env - @{1 UNLOCKED}
inp.1 << 19:07:03.004 [main] INFO Env - @{1 SEND 2} Message(Share)
inp.2 << 19:07:03.004 [main] INFO Env - @{2 RCVD 1} Message(Share)
inp.2 << 19:07:03.004 [main] INFO Env - @{2 LOCKED}
out.2 >> unlock
inp.2 << 19:07:03.004 [main] INFO Env - @{2 UNLOCKED}
out.1 >> ping
out.2 >> ping
out.3 >> ping
out.4 >> ping
out.5 >> ping
inp.5 << 19:07:03.005 [main] INFO Env - @{5 PONG}
inp.3 << 19:07:03.005 [main] INFO Env - @{3 PONG}
inp.4 << 19:07:03.005 [main] INFO Env - @{4 PONG}
inp.1 << 19:07:03.005 [main] INFO Env - @{1 PONG}
inp.2 << 19:07:03.005 [main] INFO Env - @{2 PONG}
out.1 >> lock
inp.1 << 19:07:03.006 [main] INFO Env - @{1 SEND 2} Message(Ask)
inp.2 << 19:07:03.007 [main] INFO Env - @{2 RCVD 1} Message(Ask)
inp.2 << 19:07:03.007 [main] INFO Env - @{2 SEND 1} Message(Share)
inp.1 << 19:07:03.007 [main] INFO Env - @{1 RCVD 2} Message(Share)
inp.1 << 19:07:03.007 [main] INFO Env - @{1 LOCKED}
out.1 >> unlock
inp.1 << 19:07:03.007 [main] INFO Env - @{1 UNLOCKED}
out.1 >> ping
out.2 >> ping
out.3 >> ping
out.4 >> ping
out.5 >> ping
inp.3 << 19:07:03.008 [main] INFO Env - @{3 PONG}
inp.5 << 19:07:03.008 [main] INFO Env - @{5 PONG}
inp.4 << 19:07:03.008 [main] INFO Env - @{4 PONG}
inp.1 << 19:07:03.008 [main] INFO Env - @{1 PONG}
inp.2 << 19:07:03.008 [main] INFO Env - @{2 PONG}
out.1 >> lock
inp.1 << 19:07:03.008 [main] INFO Env - @{1 LOCKED}
out.1 >> unlock
inp.1 << 19:07:03.009 [main] INFO Env - @{1 UNLOCKED}
out.1 >> ping
out.2 >> ping
out.3 >> ping
out.4 >> ping
out.5 >> ping
inp.5 << 19:07:03.009 [main] INFO Env - @{5 PONG}
inp.3 << 19:07:03.009 [main] INFO Env - @{3 PONG}
inp.4 << 19:07:03.009 [main] INFO Env - @{4 PONG}
inp.1 << 19:07:03.010 [main] INFO Env - @{1 PONG}
inp.2 << 19:07:03.010 [main] INFO Env - @{2 PONG}
out.1 >> lock
inp.1 << 19:07:03.010 [main] INFO Env - @{1 LOCKED}
out.1 >> unlock
inp.1 << 19:07:03.010 [main] INFO Env - @{1 UNLOCKED}
out.1 >> ping
out.2 >> ping
out.3 >> ping
out.4 >> ping
out.5 >> ping
inp.5 << 19:07:03.011 [main] INFO Env - @{5 PONG}
inp.3 << 19:07:03.011 [main] INFO Env - @{3 PONG}
inp.4 << 19:07:03.011 [main] INFO Env - @{4 PONG}
inp.1 << 19:07:03.011 [main] INFO Env - @{1 PONG}
inp.2 << 19:07:03.011 [main] INFO Env - @{2 PONG}
out.1 >> lock
out.5 >> lock
inp.1 << 19:07:03.011 [main] INFO Env - @{1 LOCKED}
inp.5 << 19:07:03.011 [main] INFO Env - @{5 SEND 1} Message(Ask)
out.1 >> unlock
inp.5 << 19:07:03.011 [main] INFO Env - @{5 SEND 2} Message(Ask)
inp.5 << 19:07:03.012 [main] INFO Env - @{5 SEND 3} Message(Ask)
inp.5 << 19:07:03.012 [main] INFO Env - @{5 SEND 4} Message(Ask)
inp.3 << 19:07:03.012 [main] INFO Env - @{3 RCVD 5} Message(Ask)
inp.4 << 19:07:03.012 [main] INFO Env - @{4 RCVD 5} Message(Ask)
inp.3 << 19:07:03.012 [main] INFO Env - @{3 SEND 5} Message(Share)
inp.4 << 19:07:03.012 [main] INFO Env - @{4 SEND 5} Message(Share)
inp.5 << 19:07:03.012 [main] INFO Env - @{5 RCVD 3} Message(Share)
inp.5 << 19:07:03.012 [main] INFO Env - @{5 RCVD 4} Message(Share)
inp.2 << 19:07:03.012 [main] INFO Env - @{2 RCVD 5} Message(Ask)
inp.1 << 19:07:03.012 [main] INFO Env - @{1 RCVD 5} Message(Ask)
inp.2 << 19:07:03.012 [main] INFO Env - @{2 SEND 5} Message(Share)
inp.5 << 19:07:03.012 [main] INFO Env - @{5 RCVD 2} Message(Share)
inp.1 << 19:07:03.012 [main] INFO Env - @{1 UNLOCKED}
inp.1 << 19:07:03.013 [main] INFO Env - @{1 SEND 5} Message(Share)
inp.5 << 19:07:03.013 [main] INFO Env - @{5 RCVD 1} Message(Share)
inp.5 << 19:07:03.013 [main] INFO Env - @{5 LOCKED}
out.5 >> unlock
inp.5 << 19:07:03.013 [main] INFO Env - @{5 UNLOCKED}
out.1 >> ping
out.2 >> ping
out.3 >> ping
out.4 >> ping
out.5 >> ping
inp.5 << 19:07:03.013 [main] INFO Env - @{5 PONG}
inp.4 << 19:07:03.013 [main] INFO Env - @{4 PONG}
inp.3 << 19:07:03.013 [main] INFO Env - @{3 PONG}
inp.1 << 19:07:03.013 [main] INFO Env - @{1 PONG}
inp.2 << 19:07:03.014 [main] INFO Env - @{2 PONG}
out.1 >> lock
out.5 >> lock
inp.5 << 19:07:03.014 [main] INFO Env - @{5 LOCKED}
out.5 >> unlock
inp.5 << 19:07:03.014 [main] INFO Env - @{5 UNLOCKED}
inp.1 << 19:07:03.014 [main] INFO Env - @{1 SEND 5} Message(Ask)
inp.5 << 19:07:03.014 [main] INFO Env - @{5 RCVD 1} Message(Ask)
inp.5 << 19:07:03.014 [main] INFO Env - @{5 SEND 1} Message(Share)
inp.1 << 19:07:03.015 [main] INFO Env - @{1 RCVD 5} Message(Share)
inp.1 << 19:07:03.015 [main] INFO Env - @{1 LOCKED}
out.1 >> unlock
inp.1 << 19:07:03.015 [main] INFO Env - @{1 UNLOCKED}
out.1 >> ping
out.2 >> ping
out.3 >> ping
out.4 >> ping
out.5 >> ping
inp.5 << 19:07:03.015 [main] INFO Env - @{5 PONG}
inp.3 << 19:07:03.015 [main] INFO Env - @{3 PONG}
inp.4 << 19:07:03.015 [main] INFO Env - @{4 PONG}
inp.1 << 19:07:03.016 [main] INFO Env - @{1 PONG}
inp.2 << 19:07:03.016 [main] INFO Env - @{2 PONG}
out.1 >> lock
out.5 >> lock
inp.1 << 19:07:03.016 [main] INFO Env - @{1 LOCKED}
inp.5 << 19:07:03.016 [main] INFO Env - @{5 SEND 1} Message(Ask)
inp.1 << 19:07:03.016 [main] INFO Env - @{1 RCVD 5} Message(Ask)
out.1 >> unlock
inp.1 << 19:07:03.016 [main] INFO Env - @{1 UNLOCKED}
inp.1 << 19:07:03.016 [main] INFO Env - @{1 SEND 5} Message(Share)
inp.5 << 19:07:03.016 [main] INFO Env - @{5 RCVD 1} Message(Share)
inp.5 << 19:07:03.016 [main] INFO Env - @{5 LOCKED}
out.5 >> unlock
inp.5 << 19:07:03.017 [main] INFO Env - @{5 UNLOCKED}
out.1 >> ping
out.2 >> ping
out.3 >> ping
out.4 >> ping
out.5 >> ping
inp.5 << 19:07:03.017 [main] INFO Env - @{5 PONG}
inp.3 << 19:07:03.017 [main] INFO Env - @{3 PONG}
inp.4 << 19:07:03.017 [main] INFO Env - @{4 PONG}
inp.1 << 19:07:03.018 [main] INFO Env - @{1 PONG}
inp.2 << 19:07:03.018 [main] INFO Env - @{2 PONG}
out.1 >> ping
out.2 >> ping
out.3 >> ping
out.4 >> ping
out.5 >> ping
inp.3 << 19:07:03.018 [main] INFO Env - @{3 PONG}
inp.5 << 19:07:03.018 [main] INFO Env - @{5 PONG}
inp.4 << 19:07:03.018 [main] INFO Env - @{4 PONG}
inp.1 << 19:07:03.018 [main] INFO Env - @{1 PONG}
inp.2 << 19:07:03.018 [main] INFO Env - @{2 PONG}
out.1 >> lock
inp.1 << 19:07:03.019 [main] INFO Env - @{1 SEND 5} Message(Ask)
inp.5 << 19:07:03.019 [main] INFO Env - @{5 RCVD 1} Message(Ask)
inp.5 << 19:07:03.019 [main] INFO Env - @{5 SEND 1} Message(Share)
inp.1 << 19:07:03.019 [main] INFO Env - @{1 RCVD 5} Message(Share)
inp.1 << 19:07:03.019 [main] INFO Env - @{1 LOCKED}
out.1 >> unlock
inp.1 << 19:07:03.019 [main] INFO Env - @{1 UNLOCKED}
out.1 >> ping
out.2 >> ping
out.3 >> ping
out.4 >> ping
out.5 >> ping
inp.5 << 19:07:03.020 [main] INFO Env - @{5 PONG}
inp.3 << 19:07:03.021 [main] INFO Env - @{3 PONG}
inp.4 << 19:07:03.021 [main] INFO Env - @{4 PONG}
inp.1 << 19:07:03.024 [main] INFO Env - @{1 PONG}
inp.2 << 19:07:03.024 [main] INFO Env - @{2 PONG}
out.2 >> lock
inp.2 << 19:07:03.025 [main] INFO Env - @{2 SEND 1} Message(Ask)
inp.2 << 19:07:03.025 [main] INFO Env - @{2 SEND 5} Message(Ask)
inp.5 << 19:07:03.025 [main] INFO Env - @{5 RCVD 2} Message(Ask)
inp.1 << 19:07:03.025 [main] INFO Env - @{1 RCVD 2} Message(Ask)
inp.1 << 19:07:03.026 [main] INFO Env - @{1 SEND 2} Message(Share)
inp.5 << 19:07:03.025 [main] INFO Env - @{5 SEND 2} Message(Share)
inp.2 << 19:07:03.026 [main] INFO Env - @{2 RCVD 1} Message(Share)
inp.2 << 19:07:03.026 [main] INFO Env - @{2 RCVD 5} Message(Share)
inp.2 << 19:07:03.026 [main] INFO Env - @{2 LOCKED}
out.2 >> unlock
inp.2 << 19:07:03.026 [main] INFO Env - @{2 UNLOCKED}
out.1 >> ping
out.2 >> ping
out.3 >> ping
out.4 >> ping
out.5 >> ping
inp.5 << 19:07:03.027 [main] INFO Env - @{5 PONG}
inp.3 << 19:07:03.027 [main] INFO Env - @{3 PONG}
inp.4 << 19:07:03.027 [main] INFO Env - @{4 PONG}
inp.2 << 19:07:03.027 [main] INFO Env - @{2 PONG}
inp.1 << 19:07:03.027 [main] INFO Env - @{1 PONG}
out.3 >> lock
inp.3 << 19:07:03.027 [main] INFO Env - @{3 SEND 1} Message(Ask)
inp.3 << 19:07:03.027 [main] INFO Env - @{3 SEND 2} Message(Ask)
inp.3 << 19:07:03.027 [main] INFO Env - @{3 SEND 4} Message(Ask)
inp.3 << 19:07:03.027 [main] INFO Env - @{3 SEND 5} Message(Ask)
inp.4 << 19:07:03.028 [main] INFO Env - @{4 RCVD 3} Message(Ask)
inp.4 << 19:07:03.028 [main] INFO Env - @{4 SEND 3} Message(Share)
inp.5 << 19:07:03.028 [main] INFO Env - @{5 RCVD 3} Message(Ask)
inp.5 << 19:07:03.028 [main] INFO Env - @{5 SEND 3} Message(Share)
inp.3 << 19:07:03.028 [main] INFO Env - @{3 RCVD 4} Message(Share)
inp.3 << 19:07:03.028 [main] INFO Env - @{3 RCVD 5} Message(Share)
inp.1 << 19:07:03.028 [main] INFO Env - @{1 RCVD 3} Message(Ask)
inp.1 << 19:07:03.028 [main] INFO Env - @{1 SEND 3} Message(Share)
inp.2 << 19:07:03.028 [main] INFO Env - @{2 RCVD 3} Message(Ask)
inp.2 << 19:07:03.028 [main] INFO Env - @{2 SEND 3} Message(Share)
inp.3 << 19:07:03.028 [main] INFO Env - @{3 RCVD 1} Message(Share)
inp.3 << 19:07:03.028 [main] INFO Env - @{3 RCVD 2} Message(Share)
inp.3 << 19:07:03.028 [main] INFO Env - @{3 LOCKED}
out.3 >> unlock
inp.3 << 19:07:03.028 [main] INFO Env - @{3 UNLOCKED}
out.1 >> ping
out.2 >> ping
out.3 >> ping
out.4 >> ping
out.5 >> ping
inp.5 << 19:07:03.029 [main] INFO Env - @{5 PONG}
inp.4 << 19:07:03.029 [main] INFO Env - @{4 PONG}
inp.3 << 19:07:03.029 [main] INFO Env - @{3 PONG}
inp.1 << 19:07:03.030 [main] INFO Env - @{1 PONG}
inp.2 << 19:07:03.031 [main] INFO Env - @{2 PONG}
out.4 >> lock
inp.4 << 19:07:03.031 [main] INFO Env - @{4 SEND 1} Message(Ask)
inp.4 << 19:07:03.031 [main] INFO Env - @{4 SEND 2} Message(Ask)
inp.4 << 19:07:03.031 [main] INFO Env - @{4 SEND 3} Message(Ask)
inp.4 << 19:07:03.031 [main] INFO Env - @{4 SEND 5} Message(Ask)
inp.3 << 19:07:03.032 [main] INFO Env - @{3 RCVD 4} Message(Ask)
inp.2 << 19:07:03.032 [main] INFO Env - @{2 RCVD 4} Message(Ask)
inp.1 << 19:07:03.032 [main] INFO Env - @{1 RCVD 4} Message(Ask)
inp.5 << 19:07:03.031 [main] INFO Env - @{5 RCVD 4} Message(Ask)
inp.5 << 19:07:03.032 [main] INFO Env - @{5 SEND 4} Message(Share)
inp.1 << 19:07:03.032 [main] INFO Env - @{1 SEND 4} Message(Share)
inp.2 << 19:07:03.032 [main] INFO Env - @{2 SEND 4} Message(Share)
inp.3 << 19:07:03.032 [main] INFO Env - @{3 SEND 4} Message(Share)
inp.4 << 19:07:03.032 [main] INFO Env - @{4 RCVD 3} Message(Share)
inp.4 << 19:07:03.032 [main] INFO Env - @{4 RCVD 5} Message(Share)
inp.4 << 19:07:03.032 [main] INFO Env - @{4 RCVD 1} Message(Share)
inp.4 << 19:07:03.032 [main] INFO Env - @{4 RCVD 2} Message(Share)
inp.4 << 19:07:03.032 [main] INFO Env - @{4 LOCKED}
out.4 >> unlock
inp.4 << 19:07:03.032 [main] INFO Env - @{4 UNLOCKED}
out.1 >> ping
out.2 >> ping
out.3 >> ping
out.4 >> ping
out.5 >> ping
inp.4 << 19:07:03.033 [main] INFO Env - @{4 PONG}
inp.5 << 19:07:03.033 [main] INFO Env - @{5 PONG}
inp.3 << 19:07:03.033 [main] INFO Env - @{3 PONG}
inp.2 << 19:07:03.033 [main] INFO Env - @{2 PONG}
inp.1 << 19:07:03.033 [main] INFO Env - @{1 PONG}
out.5 >> lock
inp.5 << 19:07:03.033 [main] INFO Env - @{5 SEND 1} Message(Ask)
inp.5 << 19:07:03.033 [main] INFO Env - @{5 SEND 2} Message(Ask)
inp.5 << 19:07:03.033 [main] INFO Env - @{5 SEND 3} Message(Ask)
inp.5 << 19:07:03.033 [main] INFO Env - @{5 SEND 4} Message(Ask)
inp.3 << 19:07:03.034 [main] INFO Env - @{3 RCVD 5} Message(Ask)
inp.3 << 19:07:03.034 [main] INFO Env - @{3 SEND 5} Message(Share)
inp.4 << 19:07:03.034 [main] INFO Env - @{4 RCVD 5} Message(Ask)
inp.4 << 19:07:03.034 [main] INFO Env - @{4 SEND 5} Message(Share)
inp.5 << 19:07:03.034 [main] INFO Env - @{5 RCVD 3} Message(Share)
inp.5 << 19:07:03.034 [main] INFO Env - @{5 RCVD 4} Message(Share)
inp.1 << 19:07:03.034 [main] INFO Env - @{1 RCVD 5} Message(Ask)
inp.1 << 19:07:03.034 [main] INFO Env - @{1 SEND 5} Message(Share)
inp.5 << 19:07:03.034 [main] INFO Env - @{5 RCVD 1} Message(Share)
inp.2 << 19:07:03.034 [main] INFO Env - @{2 RCVD 5} Message(Ask)
inp.2 << 19:07:03.034 [main] INFO Env - @{2 SEND 5} Message(Share)
inp.5 << 19:07:03.034 [main] INFO Env - @{5 RCVD 2} Message(Share)
inp.5 << 19:07:03.034 [main] INFO Env - @{5 LOCKED}
out.5 >> unlock
inp.5 << 19:07:03.035 [main] INFO Env - @{5 UNLOCKED}
out.1 >> ping
out.2 >> ping
out.3 >> ping
out.4 >> ping
out.5 >> ping
inp.5 << 19:07:03.035 [main] INFO Env - @{5 PONG}
inp.3 << 19:07:03.035 [main] INFO Env - @{3 PONG}
inp.4 << 19:07:03.035 [main] INFO Env - @{4 PONG}
inp.1 << 19:07:03.036 [main] INFO Env - @{1 PONG}
inp.2 << 19:07:03.036 [main] INFO Env - @{2 PONG}
out.5 >> lock
out.4 >> lock
out.1 >> lock
out.2 >> lock
out.3 >> lock
inp.5 << 19:07:03.036 [main] INFO Env - @{5 LOCKED}
inp.4 << 19:07:03.036 [main] INFO Env - @{4 SEND 5} Message(Ask)
out.5 >> unlock
inp.5 << 19:07:03.037 [main] INFO Env - @{5 RCVD 4} Message(Ask)
inp.5 << 19:07:03.037 [main] INFO Env - @{5 UNLOCKED}
inp.5 << 19:07:03.037 [main] INFO Env - @{5 SEND 4} Message(Share)
inp.4 << 19:07:03.037 [main] INFO Env - @{4 RCVD 5} Message(Share)
inp.4 << 19:07:03.037 [main] INFO Env - @{4 LOCKED}
inp.3 << 19:07:03.037 [main] INFO Env - @{3 SEND 4} Message(Ask)
out.4 >> unlock
inp.3 << 19:07:03.037 [main] INFO Env - @{3 SEND 5} Message(Ask)
inp.5 << 19:07:03.037 [main] INFO Env - @{5 RCVD 3} Message(Ask)
inp.5 << 19:07:03.037 [main] INFO Env - @{5 SEND 3} Message(Share)
inp.4 << 19:07:03.037 [main] INFO Env - @{4 RCVD 3} Message(Ask)
inp.4 << 19:07:03.037 [main] INFO Env - @{4 UNLOCKED}
inp.3 << 19:07:03.037 [main] INFO Env - @{3 RCVD 5} Message(Share)
inp.4 << 19:07:03.037 [main] INFO Env - @{4 SEND 3} Message(Share)
inp.3 << 19:07:03.038 [main] INFO Env - @{3 RCVD 4} Message(Share)
inp.3 << 19:07:03.038 [main] INFO Env - @{3 LOCKED}
out.3 >> unlock
inp.1 << 19:07:03.038 [main] INFO Env - @{1 SEND 2} Message(Ask)
inp.3 << 19:07:03.038 [main] INFO Env - @{3 UNLOCKED}
inp.1 << 19:07:03.038 [main] INFO Env - @{1 SEND 3} Message(Ask)
inp.1 << 19:07:03.038 [main] INFO Env - @{1 SEND 4} Message(Ask)
inp.1 << 19:07:03.039 [main] INFO Env - @{1 SEND 5} Message(Ask)
inp.3 << 19:07:03.039 [main] INFO Env - @{3 RCVD 1} Message(Ask)
inp.3 << 19:07:03.039 [main] INFO Env - @{3 SEND 1} Message(Share)
inp.4 << 19:07:03.039 [main] INFO Env - @{4 RCVD 1} Message(Ask)
inp.4 << 19:07:03.040 [main] INFO Env - @{4 SEND 1} Message(Share)
inp.5 << 19:07:03.040 [main] INFO Env - @{5 RCVD 1} Message(Ask)
inp.5 << 19:07:03.040 [main] INFO Env - @{5 SEND 1} Message(Share)
inp.2 << 19:07:03.039 [main] INFO Env - @{2 SEND 3} Message(Ask)
inp.1 << 19:07:03.040 [main] INFO Env - @{1 RCVD 3} Message(Share)
inp.1 << 19:07:03.040 [main] INFO Env - @{1 RCVD 4} Message(Share)
inp.2 << 19:07:03.040 [main] INFO Env - @{2 SEND 4} Message(Ask)
inp.1 << 19:07:03.040 [main] INFO Env - @{1 RCVD 5} Message(Share)
inp.2 << 19:07:03.040 [main] INFO Env - @{2 SEND 5} Message(Ask)
inp.4 << 19:07:03.040 [main] INFO Env - @{4 RCVD 2} Message(Ask)
inp.4 << 19:07:03.040 [main] INFO Env - @{4 SEND 2} Message(Share)
inp.3 << 19:07:03.040 [main] INFO Env - @{3 RCVD 2} Message(Ask)
inp.5 << 19:07:03.040 [main] INFO Env - @{5 RCVD 2} Message(Ask)
inp.2 << 19:07:03.040 [main] INFO Env - @{2 RCVD 1} Message(Ask)
inp.3 << 19:07:03.040 [main] INFO Env - @{3 SEND 2} Message(Share)
inp.2 << 19:07:03.040 [main] INFO Env - @{2 SEND 1} Message(Share)
inp.5 << 19:07:03.040 [main] INFO Env - @{5 SEND 2} Message(Share)
inp.2 << 19:07:03.040 [main] INFO Env - @{2 SEND 1} Message(Ask)
inp.2 << 19:07:03.040 [main] INFO Env - @{2 RCVD 4} Message(Share)
inp.2 << 19:07:03.040 [main] INFO Env - @{2 RCVD 3} Message(Share)
inp.2 << 19:07:03.040 [main] INFO Env - @{2 RCVD 5} Message(Share)
inp.1 << 19:07:03.040 [main] INFO Env - @{1 RCVD 2} Message(Share)
inp.1 << 19:07:03.040 [main] INFO Env - @{1 LOCKED}
inp.1 << 19:07:03.040 [main] INFO Env - @{1 RCVD 2} Message(Ask)
out.1 >> unlock
inp.1 << 19:07:03.041 [main] INFO Env - @{1 UNLOCKED}
inp.1 << 19:07:03.041 [main] INFO Env - @{1 SEND 2} Message(Share)
inp.2 << 19:07:03.041 [main] INFO Env - @{2 RCVD 1} Message(Share)
inp.2 << 19:07:03.041 [main] INFO Env - @{2 LOCKED}
out.2 >> unlock
inp.2 << 19:07:03.041 [main] INFO Env - @{2 UNLOCKED}
out.1 >> ping
out.2 >> ping
out.3 >> ping
out.4 >> ping
out.5 >> ping
inp.5 << 19:07:03.043 [main] INFO Env - @{5 PONG}
inp.3 << 19:07:03.043 [main] INFO Env - @{3 PONG}
inp.4 << 19:07:03.043 [main] INFO Env - @{4 PONG}
inp.1 << 19:07:03.043 [main] INFO Env - @{1 PONG}
inp.2 << 19:07:03.044 [main] INFO Env - @{2 PONG}
out.2 >> lock
inp.2 << 19:07:03.045 [main] INFO Env - @{2 LOCKED}
out.2 >> unlock
inp.2 << 19:07:03.047 [main] INFO Env - @{2 UNLOCKED}
out.1 >> ping
out.2 >> ping
out.3 >> ping
out.4 >> ping
out.5 >> ping
inp.5 << 19:07:03.048 [main] INFO Env - @{5 PONG}
inp.3 << 19:07:03.048 [main] INFO Env - @{3 PONG}
inp.4 << 19:07:03.048 [main] INFO Env - @{4 PONG}
inp.1 << 19:07:03.048 [main] INFO Env - @{1 PONG}
inp.2 << 19:07:03.048 [main] INFO Env - @{2 PONG}
out.2 >> lock
inp.2 << 19:07:03.048 [main] INFO Env - @{2 LOCKED}
out.2 >> unlock
inp.2 << 19:07:03.049 [main] INFO Env - @{2 UNLOCKED}
out.1 >> ping
out.2 >> ping
out.3 >> ping
out.4 >> ping
out.5 >> ping
inp.5 << 19:07:03.049 [main] INFO Env - @{5 PONG}
inp.3 << 19:07:03.049 [main] INFO Env - @{3 PONG}
inp.4 << 19:07:03.049 [main] INFO Env - @{4 PONG}
inp.1 << 19:07:03.050 [main] INFO Env - @{1 PONG}
inp.2 << 19:07:03.050 [main] INFO Env - @{2 PONG}
out.2 >> lock
inp.2 << 19:07:03.050 [main] INFO Env - @{2 LOCKED}
out.2 >> unlock
inp.2 << 19:07:03.050 [main] INFO Env - @{2 UNLOCKED}
out.1 >> ping
out.2 >> ping
out.3 >> ping
out.4 >> ping
out.5 >> ping
inp.5 << 19:07:03.050 [main] INFO Env - @{5 PONG}
inp.3 << 19:07:03.050 [main] INFO Env - @{3 PONG}
inp.4 << 19:07:03.050 [main] INFO Env - @{4 PONG}
inp.1 << 19:07:03.051 [main] INFO Env - @{1 PONG}
inp.2 << 19:07:03.051 [main] INFO Env - @{2 PONG}
out.2 >> lock
out.3 >> lock
inp.3 << 19:07:03.052 [main] INFO Env - @{3 SEND 1} Message(Ask)
inp.3 << 19:07:03.052 [main] INFO Env - @{3 SEND 2} Message(Ask)
inp.2 << 19:07:03.053 [main] INFO Env - @{2 LOCKED}
out.2 >> unlock
inp.1 << 19:07:03.054 [main] INFO Env - @{1 RCVD 3} Message(Ask)
inp.1 << 19:07:03.054 [main] INFO Env - @{1 SEND 3} Message(Share)
inp.2 << 19:07:03.054 [main] INFO Env - @{2 RCVD 3} Message(Ask)
inp.2 << 19:07:03.054 [main] INFO Env - @{2 UNLOCKED}
inp.2 << 19:07:03.055 [main] INFO Env - @{2 SEND 3} Message(Share)
inp.3 << 19:07:03.055 [main] INFO Env - @{3 RCVD 1} Message(Share)
inp.3 << 19:07:03.056 [main] INFO Env - @{3 RCVD 2} Message(Share)
inp.3 << 19:07:03.056 [main] INFO Env - @{3 LOCKED}
out.3 >> unlock
inp.3 << 19:07:03.057 [main] INFO Env - @{3 UNLOCKED}
out.1 >> ping
out.2 >> ping
out.3 >> ping
out.4 >> ping
out.5 >> ping
inp.3 << 19:07:03.058 [main] INFO Env - @{3 PONG}
inp.5 << 19:07:03.058 [main] INFO Env - @{5 PONG}
inp.4 << 19:07:03.058 [main] INFO Env - @{4 PONG}
inp.1 << 19:07:03.059 [main] INFO Env - @{1 PONG}
inp.2 << 19:07:03.059 [main] INFO Env - @{2 PONG}
out.2 >> lock
out.3 >> lock
inp.2 << 19:07:03.060 [main] INFO Env - @{2 SEND 3} Message(Ask)
inp.3 << 19:07:03.060 [main] INFO Env - @{3 LOCKED}
out.3 >> unlock
inp.3 << 19:07:03.060 [main] INFO Env - @{3 RCVD 2} Message(Ask)
inp.3 << 19:07:03.060 [main] INFO Env - @{3 UNLOCKED}
inp.3 << 19:07:03.060 [main] INFO Env - @{3 SEND 2} Message(Share)
inp.2 << 19:07:03.061 [main] INFO Env - @{2 RCVD 3} Message(Share)
inp.2 << 19:07:03.061 [main] INFO Env - @{2 LOCKED}
out.2 >> unlock
inp.2 << 19:07:03.061 [main] INFO Env - @{2 UNLOCKED}
out.1 >> ping
out.2 >> ping
out.3 >> ping
out.4 >> ping
out.5 >> ping
inp.3 << 19:07:03.061 [main] INFO Env - @{3 PONG}
inp.5 << 19:07:03.061 [main] INFO Env - @{5 PONG}
inp.4 << 19:07:03.062 [main] INFO Env - @{4 PONG}
inp.2 << 19:07:03.062 [main] INFO Env - @{2 PONG}
inp.1 << 19:07:03.062 [main] INFO Env - @{1 PONG}
out.2 >> lock
out.3 >> lock
inp.3 << 19:07:03.062 [main] INFO Env - @{3 SEND 2} Message(Ask)
inp.2 << 19:07:03.062 [main] INFO Env - @{2 LOCKED}
inp.2 << 19:07:03.062 [main] INFO Env - @{2 RCVD 3} Message(Ask)
out.2 >> unlock
inp.2 << 19:07:03.063 [main] INFO Env - @{2 UNLOCKED}
inp.2 << 19:07:03.063 [main] INFO Env - @{2 SEND 3} Message(Share)
inp.3 << 19:07:03.063 [main] INFO Env - @{3 RCVD 2} Message(Share)
inp.3 << 19:07:03.063 [main] INFO Env - @{3 LOCKED}
out.3 >> unlock
inp.3 << 19:07:03.063 [main] INFO Env - @{3 UNLOCKED}
out.1 >> ping
out.2 >> ping
out.3 >> ping
out.4 >> ping
out.5 >> ping
inp.3 << 19:07:03.063 [main] INFO Env - @{3 PONG}
inp.5 << 19:07:03.063 [main] INFO Env - @{5 PONG}
inp.4 << 19:07:03.063 [main] INFO Env - @{4 PONG}
inp.1 << 19:07:03.064 [main] INFO Env - @{1 PONG}
inp.2 << 19:07:03.064 [main] INFO Env - @{2 PONG}
out.1 >> ping
out.2 >> ping
out.3 >> ping
out.4 >> ping
out.5 >> ping
inp.5 << 19:07:03.064 [main] INFO Env - @{5 PONG}
inp.3 << 19:07:03.064 [main] INFO Env - @{3 PONG}
inp.4 << 19:07:03.064 [main] INFO Env - @{4 PONG}
inp.2 << 19:07:03.064 [main] INFO Env - @{2 PONG}
inp.1 << 19:07:03.064 [main] INFO Env - @{1 PONG}
out.1 >> lock
inp.1 << 19:07:03.064 [main] INFO Env - @{1 SEND 2} Message(Ask)
inp.1 << 19:07:03.064 [main] INFO Env - @{1 SEND 3} Message(Ask)
inp.3 << 19:07:03.065 [main] INFO Env - @{3 RCVD 1} Message(Ask)
inp.3 << 19:07:03.065 [main] INFO Env - @{3 SEND 1} Message(Share)
inp.2 << 19:07:03.065 [main] INFO Env - @{2 RCVD 1} Message(Ask)
inp.2 << 19:07:03.065 [main] INFO Env - @{2 SEND 1} Message(Share)
inp.1 << 19:07:03.065 [main] INFO Env - @{1 RCVD 3} Message(Share)
inp.1 << 19:07:03.065 [main] INFO Env - @{1 RCVD 2} Message(Share)
inp.1 << 19:07:03.065 [main] INFO Env - @{1 LOCKED}
out.1 >> unlock
inp.1 << 19:07:03.065 [main] INFO Env - @{1 UNLOCKED}
out.1 >> ping
out.2 >> ping
out.3 >> ping
out.4 >> ping
out.5 >> ping
inp.5 << 19:07:03.066 [main] INFO Env - @{5 PONG}
inp.3 << 19:07:03.066 [main] INFO Env - @{3 PONG}
inp.4 << 19:07:03.066 [main] INFO Env - @{4 PONG}
inp.1 << 19:07:03.066 [main] INFO Env - @{1 PONG}
inp.2 << 19:07:03.066 [main] INFO Env - @{2 PONG}
out.2 >> lock
inp.2 << 19:07:03.066 [main] INFO Env - @{2 SEND 1} Message(Ask)
inp.2 << 19:07:03.066 [main] INFO Env - @{2 SEND 3} Message(Ask)
inp.3 << 19:07:03.067 [main] INFO Env - @{3 RCVD 2} Message(Ask)
inp.1 << 19:07:03.067 [main] INFO Env - @{1 RCVD 2} Message(Ask)
inp.1 << 19:07:03.067 [main] INFO Env - @{1 SEND 2} Message(Share)
inp.3 << 19:07:03.067 [main] INFO Env - @{3 SEND 2} Message(Share)
inp.2 << 19:07:03.067 [main] INFO Env - @{2 RCVD 1} Message(Share)
inp.2 << 19:07:03.067 [main] INFO Env - @{2 RCVD 3} Message(Share)
inp.2 << 19:07:03.067 [main] INFO Env - @{2 LOCKED}
out.2 >> unlock
inp.2 << 19:07:03.067 [main] INFO Env - @{2 UNLOCKED}
out.1 >> ping
out.2 >> ping
out.3 >> ping
out.4 >> ping
out.5 >> ping
inp.5 << 19:07:03.068 [main] INFO Env - @{5 PONG}
inp.3 << 19:07:03.068 [main] INFO Env - @{3 PONG}
inp.4 << 19:07:03.068 [main] INFO Env - @{4 PONG}
inp.1 << 19:07:03.068 [main] INFO Env - @{1 PONG}
inp.2 << 19:07:03.068 [main] INFO Env - @{2 PONG}
out.3 >> lock
inp.3 << 19:07:03.068 [main] INFO Env - @{3 SEND 1} Message(Ask)
inp.3 << 19:07:03.068 [main] INFO Env - @{3 SEND 2} Message(Ask)
inp.1 << 19:07:03.069 [main] INFO Env - @{1 RCVD 3} Message(Ask)
inp.1 << 19:07:03.069 [main] INFO Env - @{1 SEND 3} Message(Share)
inp.3 << 19:07:03.069 [main] INFO Env - @{3 RCVD 1} Message(Share)
inp.2 << 19:07:03.069 [main] INFO Env - @{2 RCVD 3} Message(Ask)
inp.2 << 19:07:03.069 [main] INFO Env - @{2 SEND 3} Message(Share)
inp.3 << 19:07:03.069 [main] INFO Env - @{3 RCVD 2} Message(Share)
inp.3 << 19:07:03.069 [main] INFO Env - @{3 LOCKED}
out.3 >> unlock
inp.3 << 19:07:03.069 [main] INFO Env - @{3 UNLOCKED}
out.1 >> ping
out.2 >> ping
out.3 >> ping
out.4 >> ping
out.5 >> ping
inp.5 << 19:07:03.070 [main] INFO Env - @{5 PONG}
inp.3 << 19:07:03.070 [main] INFO Env - @{3 PONG}
inp.4 << 19:07:03.070 [main] INFO Env - @{4 PONG}
inp.1 << 19:07:03.070 [main] INFO Env - @{1 PONG}
inp.2 << 19:07:03.070 [main] INFO Env - @{2 PONG}
out.4 >> lock
inp.4 << 19:07:03.070 [main] INFO Env - @{4 SEND 1} Message(Ask)
inp.4 << 19:07:03.071 [main] INFO Env - @{4 SEND 2} Message(Ask)
inp.4 << 19:07:03.071 [main] INFO Env - @{4 SEND 3} Message(Ask)
inp.3 << 19:07:03.071 [main] INFO Env - @{3 RCVD 4} Message(Ask)
inp.3 << 19:07:03.071 [main] INFO Env - @{3 SEND 4} Message(Share)
inp.2 << 19:07:03.071 [main] INFO Env - @{2 RCVD 4} Message(Ask)
inp.1 << 19:07:03.071 [main] INFO Env - @{1 RCVD 4} Message(Ask)
inp.1 << 19:07:03.071 [main] INFO Env - @{1 SEND 4} Message(Share)
inp.2 << 19:07:03.071 [main] INFO Env - @{2 SEND 4} Message(Share)
inp.4 << 19:07:03.071 [main] INFO Env - @{4 RCVD 1} Message(Share)
inp.4 << 19:07:03.071 [main] INFO Env - @{4 RCVD 3} Message(Share)
inp.4 << 19:07:03.071 [main] INFO Env - @{4 RCVD 2} Message(Share)
inp.4 << 19:07:03.071 [main] INFO Env - @{4 LOCKED}
out.4 >> unlock
inp.4 << 19:07:03.071 [main] INFO Env - @{4 UNLOCKED}
out.1 >> ping
out.2 >> ping
out.3 >> ping
out.4 >> ping
out.5 >> ping
inp.4 << 19:07:03.071 [main] INFO Env - @{4 PONG}
inp.3 << 19:07:03.071 [main] INFO Env - @{3 PONG}
inp.1 << 19:07:03.071 [main] INFO Env - @{1 PONG}
inp.5 << 19:07:03.071 [main] INFO Env - @{5 PONG}
inp.2 << 19:07:03.072 [main] INFO Env - @{2 PONG}
out.5 >> lock
inp.5 << 19:07:03.072 [main] INFO Env - @{5 SEND 1} Message(Ask)
inp.5 << 19:07:03.072 [main] INFO Env - @{5 SEND 2} Message(Ask)
inp.5 << 19:07:03.072 [main] INFO Env - @{5 SEND 3} Message(Ask)
inp.5 << 19:07:03.072 [main] INFO Env - @{5 SEND 4} Message(Ask)
inp.3 << 19:07:03.072 [main] INFO Env - @{3 RCVD 5} Message(Ask)
inp.1 << 19:07:03.072 [main] INFO Env - @{1 RCVD 5} Message(Ask)
inp.4 << 19:07:03.072 [main] INFO Env - @{4 RCVD 5} Message(Ask)
inp.3 << 19:07:03.072 [main] INFO Env - @{3 SEND 5} Message(Share)
inp.1 << 19:07:03.072 [main] INFO Env - @{1 SEND 5} Message(Share)
inp.5 << 19:07:03.072 [main] INFO Env - @{5 RCVD 3} Message(Share)
inp.5 << 19:07:03.072 [main] INFO Env - @{5 RCVD 1} Message(Share)
inp.4 << 19:07:03.072 [main] INFO Env - @{4 SEND 5} Message(Share)
inp.2 << 19:07:03.072 [main] INFO Env - @{2 RCVD 5} Message(Ask)
inp.2 << 19:07:03.072 [main] INFO Env - @{2 SEND 5} Message(Share)
inp.5 << 19:07:03.073 [main] INFO Env - @{5 RCVD 4} Message(Share)
inp.5 << 19:07:03.073 [main] INFO Env - @{5 RCVD 2} Message(Share)
inp.5 << 19:07:03.073 [main] INFO Env - @{5 LOCKED}
out.5 >> unlock
inp.5 << 19:07:03.073 [main] INFO Env - @{5 UNLOCKED}
out.1 >> ping
out.2 >> ping
out.3 >> ping
out.4 >> ping
out.5 >> ping
inp.5 << 19:07:03.073 [main] INFO Env - @{5 PONG}
inp.4 << 19:07:03.073 [main] INFO Env - @{4 PONG}
inp.3 << 19:07:03.073 [main] INFO Env - @{3 PONG}
inp.2 << 19:07:03.073 [main] INFO Env - @{2 PONG}
inp.1 << 19:07:03.073 [main] INFO Env - @{1 PONG}
out.1 >> lock
out.2 >> lock
out.3 >> lock
out.4 >> lock
out.5 >> lock
inp.5 << 19:07:03.074 [main] INFO Env - @{5 LOCKED}
inp.3 << 19:07:03.074 [main] INFO Env - @{3 SEND 4} Message(Ask)
inp.3 << 19:07:03.074 [main] INFO Env - @{3 SEND 5} Message(Ask)
inp.4 << 19:07:03.074 [main] INFO Env - @{4 SEND 5} Message(Ask)
out.5 >> unlock
inp.4 << 19:07:03.074 [main] INFO Env - @{4 RCVD 3} Message(Ask)
inp.5 << 19:07:03.074 [main] INFO Env - @{5 RCVD 4} Message(Ask)
inp.4 << 19:07:03.074 [main] INFO Env - @{4 SEND 3} Message(Share)
inp.1 << 19:07:03.074 [main] INFO Env - @{1 SEND 2} Message(Ask)
inp.4 << 19:07:03.074 [main] INFO Env - @{4 SEND 3} Message(Ask)
inp.1 << 19:07:03.074 [main] INFO Env - @{1 SEND 3} Message(Ask)
inp.5 << 19:07:03.074 [main] INFO Env - @{5 RCVD 3} Message(Ask)
inp.1 << 19:07:03.074 [main] INFO Env - @{1 SEND 4} Message(Ask)
inp.5 << 19:07:03.074 [main] INFO Env - @{5 UNLOCKED}
inp.5 << 19:07:03.074 [main] INFO Env - @{5 SEND 3} Message(Share)
inp.5 << 19:07:03.074 [main] INFO Env - @{5 SEND 4} Message(Share)
inp.3 << 19:07:03.074 [main] INFO Env - @{3 RCVD 4} Message(Share)
inp.3 << 19:07:03.074 [main] INFO Env - @{3 RCVD 4} Message(Ask)
inp.3 << 19:07:03.074 [main] INFO Env - @{3 RCVD 1} Message(Ask)
inp.3 << 19:07:03.074 [main] INFO Env - @{3 SEND 1} Message(Share)
inp.4 << 19:07:03.074 [main] INFO Env - @{4 RCVD 1} Message(Ask)
inp.4 << 19:07:03.074 [main] INFO Env - @{4 SEND 1} Message(Share)
inp.4 << 19:07:03.074 [main] INFO Env - @{4 SEND 1} Message(Ask)
inp.4 << 19:07:03.074 [main] INFO Env - @{4 RCVD 5} Message(Share)
inp.3 << 19:07:03.074 [main] INFO Env - @{3 SEND 1} Message(Ask)
inp.3 << 19:07:03.074 [main] INFO Env - @{3 RCVD 5} Message(Share)
inp.1 << 19:07:03.074 [main] INFO Env - @{1 SEND 5} Message(Ask)
inp.2 << 19:07:03.075 [main] INFO Env - @{2 SEND 3} Message(Ask)
inp.1 << 19:07:03.075 [main] INFO Env - @{1 RCVD 4} Message(Share)
inp.5 << 19:07:03.075 [main] INFO Env - @{5 RCVD 1} Message(Ask)
inp.1 << 19:07:03.075 [main] INFO Env - @{1 RCVD 4} Message(Ask)
inp.1 << 19:07:03.075 [main] INFO Env - @{1 RCVD 3} Message(Share)
inp.1 << 19:07:03.075 [main] INFO Env - @{1 RCVD 3} Message(Ask)
inp.5 << 19:07:03.075 [main] INFO Env - @{5 SEND 1} Message(Share)
inp.2 << 19:07:03.075 [main] INFO Env - @{2 SEND 4} Message(Ask)
inp.3 << 19:07:03.075 [main] INFO Env - @{3 RCVD 2} Message(Ask)
inp.3 << 19:07:03.075 [main] INFO Env - @{3 SEND 2} Message(Share)
inp.2 << 19:07:03.075 [main] INFO Env - @{2 SEND 5} Message(Ask)
inp.3 << 19:07:03.075 [main] INFO Env - @{3 SEND 2} Message(Ask)
inp.5 << 19:07:03.075 [main] INFO Env - @{5 RCVD 2} Message(Ask)
inp.5 << 19:07:03.075 [main] INFO Env - @{5 SEND 2} Message(Share)
inp.2 << 19:07:03.075 [main] INFO Env - @{2 RCVD 1} Message(Ask)
inp.4 << 19:07:03.075 [main] INFO Env - @{4 RCVD 2} Message(Ask)
inp.4 << 19:07:03.075 [main] INFO Env - @{4 SEND 2} Message(Share)
inp.2 << 19:07:03.075 [main] INFO Env - @{2 SEND 1} Message(Share)
inp.2 << 19:07:03.075 [main] INFO Env - @{2 SEND 1} Message(Ask)
inp.2 << 19:07:03.075 [main] INFO Env - @{2 RCVD 3} Message(Share)
inp.2 << 19:07:03.075 [main] INFO Env - @{2 RCVD 3} Message(Ask)
inp.2 << 19:07:03.075 [main] INFO Env - @{2 RCVD 5} Message(Share)
inp.1 << 19:07:03.075 [main] INFO Env - @{1 RCVD 5} Message(Share)
inp.1 << 19:07:03.075 [main] INFO Env - @{1 RCVD 2} Message(Share)
inp.4 << 19:07:03.075 [main] INFO Env - @{4 SEND 2} Message(Ask)
inp.2 << 19:07:03.076 [main] INFO Env - @{2 RCVD 4} Message(Share)
inp.2 << 19:07:03.076 [main] INFO Env - @{2 RCVD 4} Message(Ask)
inp.1 << 19:07:03.075 [main] INFO Env - @{1 LOCKED}
out.1 >> unlock
inp.1 << 19:07:03.076 [main] INFO Env - @{1 RCVD 2} Message(Ask)
inp.1 << 19:07:03.076 [main] INFO Env - @{1 UNLOCKED}
inp.1 << 19:07:03.076 [main] INFO Env - @{1 SEND 2} Message(Share)
inp.1 << 19:07:03.076 [main] INFO Env - @{1 SEND 3} Message(Share)
inp.1 << 19:07:03.076 [main] INFO Env - @{1 SEND 4} Message(Share)
inp.3 << 19:07:03.077 [main] INFO Env - @{3 RCVD 1} Message(Share)
inp.4 << 19:07:03.077 [main] INFO Env - @{4 RCVD 1} Message(Share)
inp.2 << 19:07:03.077 [main] INFO Env - @{2 RCVD 1} Message(Share)
inp.2 << 19:07:03.077 [main] INFO Env - @{2 LOCKED}
out.2 >> unlock
inp.2 << 19:07:03.077 [main] INFO Env - @{2 UNLOCKED}
inp.2 << 19:07:03.077 [main] INFO Env - @{2 SEND 3} Message(Share)
inp.2 << 19:07:03.077 [main] INFO Env - @{2 SEND 4} Message(Share)
inp.3 << 19:07:03.077 [main] INFO Env - @{3 RCVD 2} Message(Share)
inp.3 << 19:07:03.077 [main] INFO Env - @{3 LOCKED}
out.3 >> unlock
inp.4 << 19:07:03.077 [main] INFO Env - @{4 RCVD 2} Message(Share)
inp.3 << 19:07:03.077 [main] INFO Env - @{3 UNLOCKED}
inp.3 << 19:07:03.077 [main] INFO Env - @{3 SEND 4} Message(Share)
inp.4 << 19:07:03.078 [main] INFO Env - @{4 RCVD 3} Message(Share)
inp.4 << 19:07:03.078 [main] INFO Env - @{4 LOCKED}
out.4 >> unlock
inp.4 << 19:07:03.078 [main] INFO Env - @{4 UNLOCKED}
out.1 >> ping
out.2 >> ping
out.3 >> ping
out.4 >> ping
out.5 >> ping
inp.5 << 19:07:03.078 [main] INFO Env - @{5 PONG}
inp.3 << 19:07:03.078 [main] INFO Env - @{3 PONG}
inp.4 << 19:07:03.078 [main] INFO Env - @{4 PONG}
inp.1 << 19:07:03.079 [main] INFO Env - @{1 PONG}
inp.2 << 19:07:03.079 [main] INFO Env - @{2 PONG}
out.2 >> lock
inp.2 << 19:07:03.079 [main] INFO Env - @{2 SEND 3} Message(Ask)
inp.3 << 19:07:03.080 [main] INFO Env - @{3 RCVD 2} Message(Ask)
inp.3 << 19:07:03.080 [main] INFO Env - @{3 SEND 2} Message(Share)
inp.2 << 19:07:03.080 [main] INFO Env - @{2 SEND 4} Message(Ask)
inp.4 << 19:07:03.080 [main] INFO Env - @{4 RCVD 2} Message(Ask)
inp.4 << 19:07:03.080 [main] INFO Env - @{4 SEND 2} Message(Share)
inp.2 << 19:07:03.080 [main] INFO Env - @{2 RCVD 3} Message(Share)
inp.2 << 19:07:03.080 [main] INFO Env - @{2 RCVD 4} Message(Share)
inp.2 << 19:07:03.080 [main] INFO Env - @{2 LOCKED}
out.2 >> unlock
inp.2 << 19:07:03.080 [main] INFO Env - @{2 UNLOCKED}
out.1 >> ping
out.2 >> ping
out.3 >> ping
out.4 >> ping
out.5 >> ping
inp.5 << 19:07:03.081 [main] INFO Env - @{5 PONG}
inp.3 << 19:07:03.081 [main] INFO Env - @{3 PONG}
inp.4 << 19:07:03.081 [main] INFO Env - @{4 PONG}
inp.2 << 19:07:03.081 [main] INFO Env - @{2 PONG}
inp.1 << 19:07:03.081 [main] INFO Env - @{1 PONG}
out.2 >> lock
inp.2 << 19:07:03.081 [main] INFO Env - @{2 LOCKED}
out.2 >> unlock
inp.2 << 19:07:03.081 [main] INFO Env - @{2 UNLOCKED}
out.1 >> ping
out.2 >> ping
out.3 >> ping
out.4 >> ping
out.5 >> ping
inp.5 << 19:07:03.082 [main] INFO Env - @{5 PONG}
inp.3 << 19:07:03.082 [main] INFO Env - @{3 PONG}
inp.4 << 19:07:03.082 [main] INFO Env - @{4 PONG}
inp.2 << 19:07:03.082 [main] INFO Env - @{2 PONG}
inp.1 << 19:07:03.082 [main] INFO Env - @{1 PONG}
out.2 >> lock
inp.2 << 19:07:03.082 [main] INFO Env - @{2 LOCKED}
out.2 >> unlock
inp.2 << 19:07:03.082 [main] INFO Env - @{2 UNLOCKED}
out.1 >> ping
out.2 >> ping
out.3 >> ping
out.4 >> ping
out.5 >> ping
inp.5 << 19:07:03.083 [main] INFO Env - @{5 PONG}
inp.3 << 19:07:03.083 [main] INFO Env - @{3 PONG}
inp.4 << 19:07:03.083 [main] INFO Env - @{4 PONG}
inp.1 << 19:07:03.083 [main] INFO Env - @{1 PONG}
inp.2 << 19:07:03.083 [main] INFO Env - @{2 PONG}
out.2 >> lock
out.5 >> lock
inp.5 << 19:07:03.084 [main] INFO Env - @{5 SEND 1} Message(Ask)
inp.5 << 19:07:03.084 [main] INFO Env - @{5 SEND 2} Message(Ask)
inp.5 << 19:07:03.084 [main] INFO Env - @{5 SEND 3} Message(Ask)
inp.2 << 19:07:03.084 [main] INFO Env - @{2 LOCKED}
inp.5 << 19:07:03.084 [main] INFO Env - @{5 SEND 4} Message(Ask)
inp.2 << 19:07:03.084 [main] INFO Env - @{2 RCVD 5} Message(Ask)
out.2 >> unlock
inp.3 << 19:07:03.084 [main] INFO Env - @{3 RCVD 5} Message(Ask)
inp.4 << 19:07:03.084 [main] INFO Env - @{4 RCVD 5} Message(Ask)
inp.3 << 19:07:03.084 [main] INFO Env - @{3 SEND 5} Message(Share)
inp.4 << 19:07:03.085 [main] INFO Env - @{4 SEND 5} Message(Share)
inp.5 << 19:07:03.085 [main] INFO Env - @{5 RCVD 3} Message(Share)
inp.5 << 19:07:03.085 [main] INFO Env - @{5 RCVD 4} Message(Share)
inp.1 << 19:07:03.085 [main] INFO Env - @{1 RCVD 5} Message(Ask)
inp.1 << 19:07:03.085 [main] INFO Env - @{1 SEND 5} Message(Share)
inp.5 << 19:07:03.085 [main] INFO Env - @{5 RCVD 1} Message(Share)
inp.2 << 19:07:03.085 [main] INFO Env - @{2 UNLOCKED}
inp.2 << 19:07:03.085 [main] INFO Env - @{2 SEND 5} Message(Share)
inp.5 << 19:07:03.085 [main] INFO Env - @{5 RCVD 2} Message(Share)
inp.5 << 19:07:03.085 [main] INFO Env - @{5 LOCKED}
out.5 >> unlock
inp.5 << 19:07:03.085 [main] INFO Env - @{5 UNLOCKED}
out.1 >> ping
out.2 >> ping
out.3 >> ping
out.4 >> ping
out.5 >> ping
inp.5 << 19:07:03.086 [main] INFO Env - @{5 PONG}
inp.3 << 19:07:03.086 [main] INFO Env - @{3 PONG}
inp.4 << 19:07:03.086 [main] INFO Env - @{4 PONG}
inp.2 << 19:07:03.086 [main] INFO Env - @{2 PONG}
inp.1 << 19:07:03.086 [main] INFO Env - @{1 PONG}
out.2 >> lock
out.5 >> lock
inp.5 << 19:07:03.086 [main] INFO Env - @{5 LOCKED}
out.5 >> unlock
inp.5 << 19:07:03.086 [main] INFO Env - @{5 UNLOCKED}
inp.2 << 19:07:03.087 [main] INFO Env - @{2 SEND 5} Message(Ask)
inp.5 << 19:07:03.087 [main] INFO Env - @{5 RCVD 2} Message(Ask)
inp.5 << 19:07:03.087 [main] INFO Env - @{5 SEND 2} Message(Share)
inp.2 << 19:07:03.087 [main] INFO Env - @{2 RCVD 5} Message(Share)
inp.2 << 19:07:03.087 [main] INFO Env - @{2 LOCKED}
out.2 >> unlock
inp.2 << 19:07:03.087 [main] INFO Env - @{2 UNLOCKED}
out.1 >> ping
out.2 >> ping
out.3 >> ping
out.4 >> ping
out.5 >> ping
inp.5 << 19:07:03.088 [main] INFO Env - @{5 PONG}
inp.3 << 19:07:03.088 [main] INFO Env - @{3 PONG}
inp.4 << 19:07:03.088 [main] INFO Env - @{4 PONG}
inp.1 << 19:07:03.088 [main] INFO Env - @{1 PONG}
inp.2 << 19:07:03.088 [main] INFO Env - @{2 PONG}
out.2 >> lock
out.5 >> lock
inp.2 << 19:07:03.089 [main] INFO Env - @{2 LOCKED}
out.2 >> unlock
inp.5 << 19:07:03.089 [main] INFO Env - @{5 SEND 2} Message(Ask)
inp.2 << 19:07:03.089 [main] INFO Env - @{2 UNLOCKED}
inp.2 << 19:07:03.089 [main] INFO Env - @{2 RCVD 5} Message(Ask)
inp.2 << 19:07:03.089 [main] INFO Env - @{2 SEND 5} Message(Share)
inp.5 << 19:07:03.089 [main] INFO Env - @{5 RCVD 2} Message(Share)
inp.5 << 19:07:03.089 [main] INFO Env - @{5 LOCKED}
out.5 >> unlock
inp.5 << 19:07:03.089 [main] INFO Env - @{5 UNLOCKED}
out.1 >> ping
out.2 >> ping
out.3 >> ping
out.4 >> ping
out.5 >> ping
inp.5 << 19:07:03.090 [main] INFO Env - @{5 PONG}
inp.3 << 19:07:03.090 [main] INFO Env - @{3 PONG}
inp.4 << 19:07:03.090 [main] INFO Env - @{4 PONG}
inp.1 << 19:07:03.090 [main] INFO Env - @{1 PONG}
inp.2 << 19:07:03.090 [main] INFO Env - @{2 PONG}
out.1 >> ping
out.2 >> ping
out.3 >> ping
out.4 >> ping
out.5 >> ping
inp.5 << 19:07:03.090 [main] INFO Env - @{5 PONG}
inp.3 << 19:07:03.090 [main] INFO Env - @{3 PONG}
inp.4 << 19:07:03.090 [main] INFO Env - @{4 PONG}
inp.1 << 19:07:03.091 [main] INFO Env - @{1 PONG}
inp.2 << 19:07:03.091 [main] INFO Env - @{2 PONG}
out.1 >> lock
inp.1 << 19:07:03.091 [main] INFO Env - @{1 SEND 2} Message(Ask)
inp.1 << 19:07:03.091 [main] INFO Env - @{1 SEND 3} Message(Ask)
inp.1 << 19:07:03.091 [main] INFO Env - @{1 SEND 4} Message(Ask)
inp.3 << 19:07:03.091 [main] INFO Env - @{3 RCVD 1} Message(Ask)
inp.3 << 19:07:03.091 [main] INFO Env - @{3 SEND 1} Message(Share)
inp.1 << 19:07:03.092 [main] INFO Env - @{1 SEND 5} Message(Ask)
inp.4 << 19:07:03.091 [main] INFO Env - @{4 RCVD 1} Message(Ask)
inp.4 << 19:07:03.092 [main] INFO Env - @{4 SEND 1} Message(Share)
inp.1 << 19:07:03.092 [main] INFO Env - @{1 RCVD 3} Message(Share)
inp.5 << 19:07:03.092 [main] INFO Env - @{5 RCVD 1} Message(Ask)
inp.5 << 19:07:03.092 [main] INFO Env - @{5 SEND 1} Message(Share)
inp.1 << 19:07:03.092 [main] INFO Env - @{1 RCVD 4} Message(Share)
inp.1 << 19:07:03.092 [main] INFO Env - @{1 RCVD 5} Message(Share)
inp.2 << 19:07:03.092 [main] INFO Env - @{2 RCVD 1} Message(Ask)
inp.2 << 19:07:03.092 [main] INFO Env - @{2 SEND 1} Message(Share)
inp.1 << 19:07:03.092 [main] INFO Env - @{1 RCVD 2} Message(Share)
inp.1 << 19:07:03.092 [main] INFO Env - @{1 LOCKED}
out.1 >> unlock
inp.1 << 19:07:03.093 [main] INFO Env - @{1 UNLOCKED}
out.1 >> ping
out.2 >> ping
out.3 >> ping
out.4 >> ping
out.5 >> ping
inp.5 << 19:07:03.093 [main] INFO Env - @{5 PONG}
inp.3 << 19:07:03.093 [main] INFO Env - @{3 PONG}
inp.4 << 19:07:03.093 [main] INFO Env - @{4 PONG}
inp.1 << 19:07:03.093 [main] INFO Env - @{1 PONG}
inp.2 << 19:07:03.094 [main] INFO Env - @{2 PONG}
out.2 >> lock
inp.2 << 19:07:03.094 [main] INFO Env - @{2 SEND 1} Message(Ask)
inp.2 << 19:07:03.094 [main] INFO Env - @{2 SEND 5} Message(Ask)
inp.5 << 19:07:03.094 [main] INFO Env - @{5 RCVD 2} Message(Ask)
inp.5 << 19:07:03.094 [main] INFO Env - @{5 SEND 2} Message(Share)
inp.1 << 19:07:03.094 [main] INFO Env - @{1 RCVD 2} Message(Ask)
inp.1 << 19:07:03.094 [main] INFO Env - @{1 SEND 2} Message(Share)
inp.2 << 19:07:03.094 [main] INFO Env - @{2 RCVD 5} Message(Share)
inp.2 << 19:07:03.094 [main] INFO Env - @{2 RCVD 1} Message(Share)
inp.2 << 19:07:03.095 [main] INFO Env - @{2 LOCKED}
out.2 >> unlock
inp.2 << 19:07:03.095 [main] INFO Env - @{2 UNLOCKED}
out.1 >> ping
out.2 >> ping
out.3 >> ping
out.4 >> ping
out.5 >> ping
inp.5 << 19:07:03.095 [main] INFO Env - @{5 PONG}
inp.3 << 19:07:03.095 [main] INFO Env - @{3 PONG}
inp.4 << 19:07:03.096 [main] INFO Env - @{4 PONG}
inp.1 << 19:07:03.096 [main] INFO Env - @{1 PONG}
inp.2 << 19:07:03.096 [main] INFO Env - @{2 PONG}
out.3 >> lock
inp.3 << 19:07:03.096 [main] INFO Env - @{3 SEND 1} Message(Ask)
inp.3 << 19:07:03.097 [main] INFO Env - @{3 SEND 2} Message(Ask)
inp.3 << 19:07:03.097 [main] INFO Env - @{3 SEND 4} Message(Ask)
inp.3 << 19:07:03.097 [main] INFO Env - @{3 SEND 5} Message(Ask)
inp.5 << 19:07:03.097 [main] INFO Env - @{5 RCVD 3} Message(Ask)
inp.5 << 19:07:03.097 [main] INFO Env - @{5 SEND 3} Message(Share)
inp.3 << 19:07:03.097 [main] INFO Env - @{3 RCVD 5} Message(Share)
inp.4 << 19:07:03.097 [main] INFO Env - @{4 RCVD 3} Message(Ask)
inp.4 << 19:07:03.097 [main] INFO Env - @{4 SEND 3} Message(Share)
inp.3 << 19:07:03.098 [main] INFO Env - @{3 RCVD 4} Message(Share)
inp.1 << 19:07:03.098 [main] INFO Env - @{1 RCVD 3} Message(Ask)
inp.1 << 19:07:03.098 [main] INFO Env - @{1 SEND 3} Message(Share)
inp.3 << 19:07:03.098 [main] INFO Env - @{3 RCVD 1} Message(Share)
inp.2 << 19:07:03.098 [main] INFO Env - @{2 RCVD 3} Message(Ask)
inp.2 << 19:07:03.098 [main] INFO Env - @{2 SEND 3} Message(Share)
inp.3 << 19:07:03.098 [main] INFO Env - @{3 RCVD 2} Message(Share)
inp.3 << 19:07:03.098 [main] INFO Env - @{3 LOCKED}
out.3 >> unlock
inp.3 << 19:07:03.099 [main] INFO Env - @{3 UNLOCKED}
out.1 >> ping
out.2 >> ping
out.3 >> ping
out.4 >> ping
out.5 >> ping
inp.5 << 19:07:03.099 [main] INFO Env - @{5 PONG}
inp.4 << 19:07:03.099 [main] INFO Env - @{4 PONG}
inp.3 << 19:07:03.099 [main] INFO Env - @{3 PONG}
inp.2 << 19:07:03.099 [main] INFO Env - @{2 PONG}
inp.1 << 19:07:03.099 [main] INFO Env - @{1 PONG}
out.4 >> lock
inp.4 << 19:07:03.100 [main] INFO Env - @{4 SEND 1} Message(Ask)
inp.4 << 19:07:03.100 [main] INFO Env - @{4 SEND 2} Message(Ask)
inp.4 << 19:07:03.100 [main] INFO Env - @{4 SEND 3} Message(Ask)
inp.4 << 19:07:03.100 [main] INFO Env - @{4 SEND 5} Message(Ask)
inp.3 << 19:07:03.101 [main] INFO Env - @{3 RCVD 4} Message(Ask)
inp.3 << 19:07:03.101 [main] INFO Env - @{3 SEND 4} Message(Share)
inp.4 << 19:07:03.102 [main] INFO Env - @{4 RCVD 3} Message(Share)
inp.5 << 19:07:03.101 [main] INFO Env - @{5 RCVD 4} Message(Ask)
inp.5 << 19:07:03.102 [main] INFO Env - @{5 SEND 4} Message(Share)
inp.1 << 19:07:03.100 [main] INFO Env - @{1 RCVD 4} Message(Ask)
inp.1 << 19:07:03.102 [main] INFO Env - @{1 SEND 4} Message(Share)
inp.4 << 19:07:03.102 [main] INFO Env - @{4 RCVD 5} Message(Share)
inp.4 << 19:07:03.102 [main] INFO Env - @{4 RCVD 1} Message(Share)
inp.2 << 19:07:03.102 [main] INFO Env - @{2 RCVD 4} Message(Ask)
inp.2 << 19:07:03.102 [main] INFO Env - @{2 SEND 4} Message(Share)
inp.4 << 19:07:03.102 [main] INFO Env - @{4 RCVD 2} Message(Share)
inp.4 << 19:07:03.102 [main] INFO Env - @{4 LOCKED}
out.4 >> unlock
inp.4 << 19:07:03.102 [main] INFO Env - @{4 UNLOCKED}
out.1 >> ping
out.2 >> ping
out.3 >> ping
out.4 >> ping
out.5 >> ping
inp.5 << 19:07:03.103 [main] INFO Env - @{5 PONG}
inp.3 << 19:07:03.103 [main] INFO Env - @{3 PONG}
inp.4 << 19:07:03.103 [main] INFO Env - @{4 PONG}
inp.1 << 19:07:03.103 [main] INFO Env - @{1 PONG}
inp.2 << 19:07:03.103 [main] INFO Env - @{2 PONG}
out.5 >> lock
inp.5 << 19:07:03.103 [main] INFO Env - @{5 SEND 1} Message(Ask)
inp.5 << 19:07:03.104 [main] INFO Env - @{5 SEND 2} Message(Ask)
inp.5 << 19:07:03.104 [main] INFO Env - @{5 SEND 3} Message(Ask)
inp.5 << 19:07:03.104 [main] INFO Env - @{5 SEND 4} Message(Ask)
inp.3 << 19:07:03.104 [main] INFO Env - @{3 RCVD 5} Message(Ask)
inp.3 << 19:07:03.104 [main] INFO Env - @{3 SEND 5} Message(Share)
inp.5 << 19:07:03.104 [main] INFO Env - @{5 RCVD 3} Message(Share)
inp.5 << 19:07:03.104 [main] INFO Env - @{5 RCVD 4} Message(Share)
inp.1 << 19:07:03.104 [main] INFO Env - @{1 RCVD 5} Message(Ask)
inp.1 << 19:07:03.104 [main] INFO Env - @{1 SEND 5} Message(Share)
inp.2 << 19:07:03.104 [main] INFO Env - @{2 RCVD 5} Message(Ask)
inp.5 << 19:07:03.104 [main] INFO Env - @{5 RCVD 1} Message(Share)
inp.2 << 19:07:03.104 [main] INFO Env - @{2 SEND 5} Message(Share)
inp.5 << 19:07:03.104 [main] INFO Env - @{5 RCVD 2} Message(Share)
inp.5 << 19:07:03.105 [main] INFO Env - @{5 LOCKED}
inp.4 << 19:07:03.104 [main] INFO Env - @{4 RCVD 5} Message(Ask)
inp.4 << 19:07:03.104 [main] INFO Env - @{4 SEND 5} Message(Share)
out.5 >> unlock
inp.5 << 19:07:03.107 [main] INFO Env - @{5 UNLOCKED}
out.1 >> ping
out.2 >> ping
out.3 >> ping
out.4 >> ping
out.5 >> ping
inp.5 << 19:07:03.108 [main] INFO Env - @{5 PONG}
inp.2 << 19:07:03.109 [main] INFO Env - @{2 PONG}
inp.1 << 19:07:03.109 [main] INFO Env - @{1 PONG}
inp.3 << 19:07:03.118 [main] INFO Env - @{3 PONG}
inp.4 << 19:07:03.118 [main] INFO Env - @{4 PONG}
out.4 >> lock
out.3 >> lock
out.5 >> lock
out.1 >> lock
out.2 >> lock
inp.4 << 19:07:03.119 [main] INFO Env - @{4 SEND 5} Message(Ask)
inp.5 << 19:07:03.119 [main] INFO Env - @{5 LOCKED}
inp.3 << 19:07:03.119 [main] INFO Env - @{3 SEND 4} Message(Ask)
out.5 >> unlock
inp.1 << 19:07:03.119 [main] INFO Env - @{1 SEND 2} Message(Ask)
inp.3 << 19:07:03.120 [main] INFO Env - @{3 SEND 5} Message(Ask)
inp.5 << 19:07:03.120 [main] INFO Env - @{5 RCVD 4} Message(Ask)
inp.5 << 19:07:03.120 [main] INFO Env - @{5 UNLOCKED}
inp.4 << 19:07:03.121 [main] INFO Env - @{4 RCVD 3} Message(Ask)
inp.1 << 19:07:03.121 [main] INFO Env - @{1 SEND 3} Message(Ask)
inp.5 << 19:07:03.121 [main] INFO Env - @{5 SEND 4} Message(Share)
inp.1 << 19:07:03.121 [main] INFO Env - @{1 SEND 4} Message(Ask)
inp.4 << 19:07:03.121 [main] INFO Env - @{4 SEND 3} Message(Share)
inp.4 << 19:07:03.121 [main] INFO Env - @{4 SEND 3} Message(Ask)
inp.4 << 19:07:03.121 [main] INFO Env - @{4 RCVD 1} Message(Ask)
inp.5 << 19:07:03.122 [main] INFO Env - @{5 RCVD 3} Message(Ask)
inp.5 << 19:07:03.122 [main] INFO Env - @{5 SEND 3} Message(Share)
inp.4 << 19:07:03.122 [main] INFO Env - @{4 SEND 1} Message(Share)
inp.3 << 19:07:03.122 [main] INFO Env - @{3 RCVD 1} Message(Ask)
inp.3 << 19:07:03.122 [main] INFO Env - @{3 SEND 1} Message(Share)
inp.4 << 19:07:03.123 [main] INFO Env - @{4 SEND 1} Message(Ask)
inp.3 << 19:07:03.124 [main] INFO Env - @{3 SEND 1} Message(Ask)
inp.3 << 19:07:03.124 [main] INFO Env - @{3 RCVD 4} Message(Share)
inp.3 << 19:07:03.124 [main] INFO Env - @{3 RCVD 4} Message(Ask)
inp.4 << 19:07:03.123 [main] INFO Env - @{4 RCVD 5} Message(Share)
inp.3 << 19:07:03.124 [main] INFO Env - @{3 RCVD 5} Message(Share)
inp.1 << 19:07:03.122 [main] INFO Env - @{1 SEND 5} Message(Ask)
inp.5 << 19:07:03.125 [main] INFO Env - @{5 RCVD 1} Message(Ask)
inp.5 << 19:07:03.125 [main] INFO Env - @{5 SEND 1} Message(Share)
inp.1 << 19:07:03.126 [main] INFO Env - @{1 RCVD 4} Message(Share)
inp.1 << 19:07:03.126 [main] INFO Env - @{1 RCVD 3} Message(Share)
inp.1 << 19:07:03.126 [main] INFO Env - @{1 RCVD 4} Message(Ask)
inp.1 << 19:07:03.126 [main] INFO Env - @{1 RCVD 3} Message(Ask)
inp.1 << 19:07:03.127 [main] INFO Env - @{1 RCVD 5} Message(Share)
inp.2 << 19:07:03.125 [main] INFO Env - @{2 SEND 3} Message(Ask)
inp.2 << 19:07:03.127 [main] INFO Env - @{2 SEND 4} Message(Ask)
inp.2 << 19:07:03.127 [main] INFO Env - @{2 SEND 5} Message(Ask)
inp.2 << 19:07:03.127 [main] INFO Env - @{2 RCVD 1} Message(Ask)
inp.2 << 19:07:03.127 [main] INFO Env - @{2 SEND 1} Message(Share)
inp.2 << 19:07:03.128 [main] INFO Env - @{2 SEND 1} Message(Ask)
inp.5 << 19:07:03.128 [main] INFO Env - @{5 RCVD 2} Message(Ask)
inp.5 << 19:07:03.128 [main] INFO Env - @{5 SEND 2} Message(Share)
inp.3 << 19:07:03.127 [main] INFO Env - @{3 RCVD 2} Message(Ask)
inp.4 << 19:07:03.128 [main] INFO Env - @{4 RCVD 2} Message(Ask)
inp.4 << 19:07:03.128 [main] INFO Env - @{4 SEND 2} Message(Share)
inp.4 << 19:07:03.128 [main] INFO Env - @{4 SEND 2} Message(Ask)
inp.2 << 19:07:03.129 [main] INFO Env - @{2 RCVD 5} Message(Share)
inp.3 << 19:07:03.129 [main] INFO Env - @{3 SEND 2} Message(Share)
inp.2 << 19:07:03.129 [main] INFO Env - @{2 RCVD 4} Message(Share)
inp.2 << 19:07:03.129 [main] INFO Env - @{2 RCVD 4} Message(Ask)
inp.3 << 19:07:03.129 [main] INFO Env - @{3 SEND 2} Message(Ask)
inp.1 << 19:07:03.129 [main] INFO Env - @{1 RCVD 2} Message(Share)
inp.1 << 19:07:03.129 [main] INFO Env - @{1 LOCKED}
out.1 >> unlock
inp.1 << 19:07:03.129 [main] INFO Env - @{1 RCVD 2} Message(Ask)
inp.2 << 19:07:03.129 [main] INFO Env - @{2 RCVD 3} Message(Share)
inp.2 << 19:07:03.129 [main] INFO Env - @{2 RCVD 3} Message(Ask)
inp.1 << 19:07:03.129 [main] INFO Env - @{1 UNLOCKED}
inp.1 << 19:07:03.129 [main] INFO Env - @{1 SEND 2} Message(Share)
inp.1 << 19:07:03.129 [main] INFO Env - @{1 SEND 3} Message(Share)
inp.1 << 19:07:03.129 [main] INFO Env - @{1 SEND 4} Message(Share)
inp.3 << 19:07:03.129 [main] INFO Env - @{3 RCVD 1} Message(Share)
inp.2 << 19:07:03.129 [main] INFO Env - @{2 RCVD 1} Message(Share)
inp.4 << 19:07:03.129 [main] INFO Env - @{4 RCVD 1} Message(Share)
inp.2 << 19:07:03.129 [main] INFO Env - @{2 LOCKED}
out.2 >> unlock
inp.2 << 19:07:03.130 [main] INFO Env - @{2 UNLOCKED}
inp.2 << 19:07:03.130 [main] INFO Env - @{2 SEND 3} Message(Share)
inp.2 << 19:07:03.130 [main] INFO Env - @{2 SEND 4} Message(Share)
inp.3 << 19:07:03.130 [main] INFO Env - @{3 RCVD 2} Message(Share)
inp.4 << 19:07:03.130 [main] INFO Env - @{4 RCVD 2} Message(Share)
inp.3 << 19:07:03.130 [main] INFO Env - @{3 LOCKED}
out.3 >> unlock
inp.3 << 19:07:03.130 [main] INFO Env - @{3 UNLOCKED}
inp.3 << 19:07:03.130 [main] INFO Env - @{3 SEND 4} Message(Share)
inp.4 << 19:07:03.130 [main] INFO Env - @{4 RCVD 3} Message(Share)
inp.4 << 19:07:03.130 [main] INFO Env - @{4 LOCKED}
out.4 >> unlock
inp.4 << 19:07:03.130 [main] INFO Env - @{4 UNLOCKED}
out.1 >> ping
out.2 >> ping
out.3 >> ping
out.4 >> ping
out.5 >> ping
inp.5 << 19:07:03.132 [main] INFO Env - @{5 PONG}
inp.3 << 19:07:03.133 [main] INFO Env - @{3 PONG}
inp.4 << 19:07:03.133 [main] INFO Env - @{4 PONG}
inp.1 << 19:07:03.133 [main] INFO Env - @{1 PONG}
inp.2 << 19:07:03.133 [main] INFO Env - @{2 PONG}
out.5 >> lock
inp.5 << 19:07:03.133 [main] INFO Env - @{5 SEND 1} Message(Ask)
inp.5 << 19:07:03.133 [main] INFO Env - @{5 SEND 2} Message(Ask)
inp.5 << 19:07:03.134 [main] INFO Env - @{5 SEND 3} Message(Ask)
inp.5 << 19:07:03.134 [main] INFO Env - @{5 SEND 4} Message(Ask)
inp.4 << 19:07:03.134 [main] INFO Env - @{4 RCVD 5} Message(Ask)
inp.3 << 19:07:03.134 [main] INFO Env - @{3 RCVD 5} Message(Ask)
inp.4 << 19:07:03.134 [main] INFO Env - @{4 SEND 5} Message(Share)
inp.1 << 19:07:03.134 [main] INFO Env - @{1 RCVD 5} Message(Ask)
inp.1 << 19:07:03.134 [main] INFO Env - @{1 SEND 5} Message(Share)
inp.5 << 19:07:03.134 [main] INFO Env - @{5 RCVD 4} Message(Share)
inp.5 << 19:07:03.134 [main] INFO Env - @{5 RCVD 1} Message(Share)
inp.3 << 19:07:03.134 [main] INFO Env - @{3 SEND 5} Message(Share)
inp.5 << 19:07:03.134 [main] INFO Env - @{5 RCVD 3} Message(Share)
inp.2 << 19:07:03.134 [main] INFO Env - @{2 RCVD 5} Message(Ask)
inp.2 << 19:07:03.134 [main] INFO Env - @{2 SEND 5} Message(Share)
inp.5 << 19:07:03.134 [main] INFO Env - @{5 RCVD 2} Message(Share)
inp.5 << 19:07:03.134 [main] INFO Env - @{5 LOCKED}
out.5 >> unlock
inp.5 << 19:07:03.135 [main] INFO Env - @{5 UNLOCKED}
out.1 >> ping
out.2 >> ping
out.3 >> ping
out.4 >> ping
out.5 >> ping
inp.5 << 19:07:03.135 [main] INFO Env - @{5 PONG}
inp.4 << 19:07:03.135 [main] INFO Env - @{4 PONG}
inp.3 << 19:07:03.135 [main] INFO Env - @{3 PONG}
inp.2 << 19:07:03.135 [main] INFO Env - @{2 PONG}
inp.1 << 19:07:03.135 [main] INFO Env - @{1 PONG}
out.5 >> lock
inp.5 << 19:07:03.136 [main] INFO Env - @{5 LOCKED}
out.5 >> unlock
inp.5 << 19:07:03.136 [main] INFO Env - @{5 UNLOCKED}
out.1 >> ping
out.2 >> ping
out.3 >> ping
out.4 >> ping
out.5 >> ping
inp.5 << 19:07:03.136 [main] INFO Env - @{5 PONG}
inp.3 << 19:07:03.136 [main] INFO Env - @{3 PONG}
inp.4 << 19:07:03.136 [main] INFO Env - @{4 PONG}
inp.1 << 19:07:03.136 [main] INFO Env - @{1 PONG}
inp.2 << 19:07:03.137 [main] INFO Env - @{2 PONG}
out.5 >> lock
inp.5 << 19:07:03.137 [main] INFO Env - @{5 LOCKED}
out.5 >> unlock
inp.5 << 19:07:03.137 [main] INFO Env - @{5 UNLOCKED}
out.1 >> ping
out.2 >> ping
out.3 >> ping
out.4 >> ping
out.5 >> ping
inp.5 << 19:07:03.137 [main] INFO Env - @{5 PONG}
inp.3 << 19:07:03.138 [main] INFO Env - @{3 PONG}
inp.4 << 19:07:03.138 [main] INFO Env - @{4 PONG}
inp.1 << 19:07:03.138 [main] INFO Env - @{1 PONG}
inp.2 << 19:07:03.138 [main] INFO Env - @{2 PONG}
out.5 >> lock
out.4 >> lock
inp.5 << 19:07:03.138 [main] INFO Env - @{5 LOCKED}
inp.4 << 19:07:03.138 [main] INFO Env - @{4 SEND 5} Message(Ask)
out.5 >> unlock
inp.5 << 19:07:03.139 [main] INFO Env - @{5 RCVD 4} Message(Ask)
inp.5 << 19:07:03.139 [main] INFO Env - @{5 UNLOCKED}
inp.5 << 19:07:03.139 [main] INFO Env - @{5 SEND 4} Message(Share)
inp.4 << 19:07:03.139 [main] INFO Env - @{4 RCVD 5} Message(Share)
inp.4 << 19:07:03.140 [main] INFO Env - @{4 LOCKED}
out.4 >> unlock
inp.4 << 19:07:03.140 [main] INFO Env - @{4 UNLOCKED}
out.1 >> ping
out.2 >> ping
out.3 >> ping
out.4 >> ping
out.5 >> ping
inp.5 << 19:07:03.140 [main] INFO Env - @{5 PONG}
inp.4 << 19:07:03.140 [main] INFO Env - @{4 PONG}
inp.3 << 19:07:03.140 [main] INFO Env - @{3 PONG}
inp.1 << 19:07:03.140 [main] INFO Env - @{1 PONG}
inp.2 << 19:07:03.140 [main] INFO Env - @{2 PONG}
out.5 >> lock
out.4 >> lock
inp.4 << 19:07:03.141 [main] INFO Env - @{4 LOCKED}
inp.5 << 19:07:03.141 [main] INFO Env - @{5 SEND 4} Message(Ask)
out.4 >> unlock
inp.4 << 19:07:03.141 [main] INFO Env - @{4 RCVD 5} Message(Ask)
inp.4 << 19:07:03.141 [main] INFO Env - @{4 UNLOCKED}
inp.4 << 19:07:03.141 [main] INFO Env - @{4 SEND 5} Message(Share)
inp.5 << 19:07:03.141 [main] INFO Env - @{5 RCVD 4} Message(Share)
inp.5 << 19:07:03.141 [main] INFO Env - @{5 LOCKED}
out.5 >> unlock
inp.5 << 19:07:03.142 [main] INFO Env - @{5 UNLOCKED}
out.1 >> ping
out.2 >> ping
out.3 >> ping
out.4 >> ping
out.5 >> ping
inp.5 << 19:07:03.142 [main] INFO Env - @{5 PONG}
inp.3 << 19:07:03.142 [main] INFO Env - @{3 PONG}
inp.4 << 19:07:03.142 [main] INFO Env - @{4 PONG}
inp.1 << 19:07:03.142 [main] INFO Env - @{1 PONG}
inp.2 << 19:07:03.142 [main] INFO Env - @{2 PONG}
out.5 >> lock
out.4 >> lock
inp.5 << 19:07:03.143 [main] INFO Env - @{5 LOCKED}
out.5 >> unlock
inp.4 << 19:07:03.143 [main] INFO Env - @{4 SEND 5} Message(Ask)
inp.5 << 19:07:03.143 [main] INFO Env - @{5 UNLOCKED}
inp.5 << 19:07:03.143 [main] INFO Env - @{5 RCVD 4} Message(Ask)
inp.5 << 19:07:03.143 [main] INFO Env - @{5 SEND 4} Message(Share)
inp.4 << 19:07:03.143 [main] INFO Env - @{4 RCVD 5} Message(Share)
inp.4 << 19:07:03.143 [main] INFO Env - @{4 LOCKED}
out.4 >> unlock
inp.4 << 19:07:03.144 [main] INFO Env - @{4 UNLOCKED}
out.1 >> ping
out.2 >> ping
out.3 >> ping
out.4 >> ping
out.5 >> ping
inp.4 << 19:07:03.144 [main] INFO Env - @{4 PONG}
inp.5 << 19:07:03.144 [main] INFO Env - @{5 PONG}
inp.3 << 19:07:03.144 [main] INFO Env - @{3 PONG}
inp.1 << 19:07:03.144 [main] INFO Env - @{1 PONG}
inp.2 << 19:07:03.144 [main] INFO Env - @{2 PONG}
out.1 >> ping
out.2 >> ping
out.3 >> ping
out.4 >> ping
out.5 >> ping
inp.5 << 19:07:03.145 [main] INFO Env - @{5 PONG}
inp.3 << 19:07:03.145 [main] INFO Env - @{3 PONG}
inp.4 << 19:07:03.145 [main] INFO Env - @{4 PONG}
inp.1 << 19:07:03.145 [main] INFO Env - @{1 PONG}
inp.2 << 19:07:03.145 [main] INFO Env - @{2 PONG}
out.1 >> lock
inp.1 << 19:07:03.145 [main] INFO Env - @{1 SEND 2} Message(Ask)
inp.2 << 19:07:03.145 [main] INFO Env - @{2 RCVD 1} Message(Ask)
inp.1 << 19:07:03.145 [main] INFO Env - @{1 SEND 3} Message(Ask)
inp.2 << 19:07:03.145 [main] INFO Env - @{2 SEND 1} Message(Share)
inp.1 << 19:07:03.146 [main] INFO Env - @{1 SEND 4} Message(Ask)
inp.1 << 19:07:03.146 [main] INFO Env - @{1 SEND 5} Message(Ask)
inp.5 << 19:07:03.146 [main] INFO Env - @{5 RCVD 1} Message(Ask)
inp.5 << 19:07:03.146 [main] INFO Env - @{5 SEND 1} Message(Share)
inp.4 << 19:07:03.146 [main] INFO Env - @{4 RCVD 1} Message(Ask)
inp.4 << 19:07:03.146 [main] INFO Env - @{4 SEND 1} Message(Share)
inp.3 << 19:07:03.146 [main] INFO Env - @{3 RCVD 1} Message(Ask)
inp.3 << 19:07:03.146 [main] INFO Env - @{3 SEND 1} Message(Share)
inp.1 << 19:07:03.146 [main] INFO Env - @{1 RCVD 2} Message(Share)
inp.1 << 19:07:03.146 [main] INFO Env - @{1 RCVD 5} Message(Share)
inp.1 << 19:07:03.146 [main] INFO Env - @{1 RCVD 4} Message(Share)
inp.1 << 19:07:03.146 [main] INFO Env - @{1 RCVD 3} Message(Share)
inp.1 << 19:07:03.146 [main] INFO Env - @{1 LOCKED}
out.1 >> unlock
inp.1 << 19:07:03.147 [main] INFO Env - @{1 UNLOCKED}
out.1 >> ping
out.2 >> ping
out.3 >> ping
out.4 >> ping
out.5 >> ping
inp.3 << 19:07:03.147 [main] INFO Env - @{3 PONG}
inp.5 << 19:07:03.147 [main] INFO Env - @{5 PONG}
inp.1 << 19:07:03.147 [main] INFO Env - @{1 PONG}
inp.4 << 19:07:03.147 [main] INFO Env - @{4 PONG}
inp.2 << 19:07:03.147 [main] INFO Env - @{2 PONG}
out.2 >> lock
inp.2 << 19:07:03.147 [main] INFO Env - @{2 SEND 1} Message(Ask)
inp.2 << 19:07:03.147 [main] INFO Env - @{2 SEND 3} Message(Ask)
inp.2 << 19:07:03.147 [main] INFO Env - @{2 SEND 4} Message(Ask)
inp.2 << 19:07:03.148 [main] INFO Env - @{2 SEND 5} Message(Ask)
inp.3 << 19:07:03.148 [main] INFO Env - @{3 RCVD 2} Message(Ask)
inp.4 << 19:07:03.148 [main] INFO Env - @{4 RCVD 2} Message(Ask)
inp.4 << 19:07:03.148 [main] INFO Env - @{4 SEND 2} Message(Share)
inp.3 << 19:07:03.148 [main] INFO Env - @{3 SEND 2} Message(Share)
inp.2 << 19:07:03.148 [main] INFO Env - @{2 RCVD 3} Message(Share)
inp.2 << 19:07:03.148 [main] INFO Env - @{2 RCVD 4} Message(Share)
inp.5 << 19:07:03.148 [main] INFO Env - @{5 RCVD 2} Message(Ask)
inp.5 << 19:07:03.148 [main] INFO Env - @{5 SEND 2} Message(Share)
inp.1 << 19:07:03.148 [main] INFO Env - @{1 RCVD 2} Message(Ask)
inp.1 << 19:07:03.148 [main] INFO Env - @{1 SEND 2} Message(Share)
inp.2 << 19:07:03.148 [main] INFO Env - @{2 RCVD 5} Message(Share)
inp.2 << 19:07:03.148 [main] INFO Env - @{2 RCVD 1} Message(Share)
inp.2 << 19:07:03.148 [main] INFO Env - @{2 LOCKED}
out.2 >> unlock
inp.2 << 19:07:03.148 [main] INFO Env - @{2 UNLOCKED}
out.1 >> ping
out.2 >> ping
out.3 >> ping
out.4 >> ping
out.5 >> ping
inp.5 << 19:07:03.149 [main] INFO Env - @{5 PONG}
inp.3 << 19:07:03.149 [main] INFO Env - @{3 PONG}
inp.4 << 19:07:03.149 [main] INFO Env - @{4 PONG}
inp.1 << 19:07:03.149 [main] INFO Env - @{1 PONG}
inp.2 << 19:07:03.149 [main] INFO Env - @{2 PONG}
out.3 >> lock
inp.3 << 19:07:03.149 [main] INFO Env - @{3 SEND 1} Message(Ask)
inp.3 << 19:07:03.149 [main] INFO Env - @{3 SEND 2} Message(Ask)
inp.3 << 19:07:03.149 [main] INFO Env - @{3 SEND 4} Message(Ask)
inp.4 << 19:07:03.150 [main] INFO Env - @{4 RCVD 3} Message(Ask)
inp.3 << 19:07:03.150 [main] INFO Env - @{3 SEND 5} Message(Ask)
inp.4 << 19:07:03.150 [main] INFO Env - @{4 SEND 3} Message(Share)
inp.5 << 19:07:03.150 [main] INFO Env - @{5 RCVD 3} Message(Ask)
inp.5 << 19:07:03.150 [main] INFO Env - @{5 SEND 3} Message(Share)
inp.1 << 19:07:03.150 [main] INFO Env - @{1 RCVD 3} Message(Ask)
inp.1 << 19:07:03.150 [main] INFO Env - @{1 SEND 3} Message(Share)
inp.3 << 19:07:03.150 [main] INFO Env - @{3 RCVD 4} Message(Share)
inp.3 << 19:07:03.150 [main] INFO Env - @{3 RCVD 5} Message(Share)
inp.3 << 19:07:03.150 [main] INFO Env - @{3 RCVD 1} Message(Share)
inp.2 << 19:07:03.150 [main] INFO Env - @{2 RCVD 3} Message(Ask)
inp.2 << 19:07:03.150 [main] INFO Env - @{2 SEND 3} Message(Share)
inp.3 << 19:07:03.150 [main] INFO Env - @{3 RCVD 2} Message(Share)
inp.3 << 19:07:03.150 [main] INFO Env - @{3 LOCKED}
out.3 >> unlock
inp.3 << 19:07:03.151 [main] INFO Env - @{3 UNLOCKED}
out.1 >> ping
out.2 >> ping
out.3 >> ping
out.4 >> ping
out.5 >> ping
inp.5 << 19:07:03.151 [main] INFO Env - @{5 PONG}
inp.3 << 19:07:03.151 [main] INFO Env - @{3 PONG}
inp.4 << 19:07:03.151 [main] INFO Env - @{4 PONG}
inp.1 << 19:07:03.151 [main] INFO Env - @{1 PONG}
inp.2 << 19:07:03.152 [main] INFO Env - @{2 PONG}
out.4 >> lock
inp.4 << 19:07:03.152 [main] INFO Env - @{4 SEND 1} Message(Ask)
inp.4 << 19:07:03.152 [main] INFO Env - @{4 SEND 2} Message(Ask)
inp.4 << 19:07:03.152 [main] INFO Env - @{4 SEND 3} Message(Ask)
inp.3 << 19:07:03.152 [main] INFO Env - @{3 RCVD 4} Message(Ask)
inp.1 << 19:07:03.152 [main] INFO Env - @{1 RCVD 4} Message(Ask)
inp.3 << 19:07:03.152 [main] INFO Env - @{3 SEND 4} Message(Share)
inp.1 << 19:07:03.152 [main] INFO Env - @{1 SEND 4} Message(Share)
inp.4 << 19:07:03.152 [main] INFO Env - @{4 RCVD 3} Message(Share)
inp.4 << 19:07:03.152 [main] INFO Env - @{4 RCVD 1} Message(Share)
inp.2 << 19:07:03.152 [main] INFO Env - @{2 RCVD 4} Message(Ask)
inp.2 << 19:07:03.152 [main] INFO Env - @{2 SEND 4} Message(Share)
inp.4 << 19:07:03.152 [main] INFO Env - @{4 RCVD 2} Message(Share)
inp.4 << 19:07:03.153 [main] INFO Env - @{4 LOCKED}
out.4 >> unlock
inp.4 << 19:07:03.153 [main] INFO Env - @{4 UNLOCKED}
out.1 >> ping
out.2 >> ping
out.3 >> ping
out.4 >> ping
out.5 >> ping
inp.5 << 19:07:03.153 [main] INFO Env - @{5 PONG}
inp.3 << 19:07:03.153 [main] INFO Env - @{3 PONG}
inp.4 << 19:07:03.153 [main] INFO Env - @{4 PONG}
inp.1 << 19:07:03.153 [main] INFO Env - @{1 PONG}
inp.2 << 19:07:03.153 [main] INFO Env - @{2 PONG}
out.5 >> lock
inp.5 << 19:07:03.154 [main] INFO Env - @{5 SEND 1} Message(Ask)
inp.5 << 19:07:03.154 [main] INFO Env - @{5 SEND 2} Message(Ask)
inp.5 << 19:07:03.154 [main] INFO Env - @{5 SEND 3} Message(Ask)
inp.5 << 19:07:03.154 [main] INFO Env - @{5 SEND 4} Message(Ask)
inp.4 << 19:07:03.154 [main] INFO Env - @{4 RCVD 5} Message(Ask)
inp.4 << 19:07:03.154 [main] INFO Env - @{4 SEND 5} Message(Share)
inp.3 << 19:07:03.154 [main] INFO Env - @{3 RCVD 5} Message(Ask)
inp.3 << 19:07:03.154 [main] INFO Env - @{3 SEND 5} Message(Share)
inp.5 << 19:07:03.154 [main] INFO Env - @{5 RCVD 3} Message(Share)
inp.5 << 19:07:03.154 [main] INFO Env - @{5 RCVD 4} Message(Share)
inp.1 << 19:07:03.154 [main] INFO Env - @{1 RCVD 5} Message(Ask)
inp.1 << 19:07:03.154 [main] INFO Env - @{1 SEND 5} Message(Share)
inp.2 << 19:07:03.154 [main] INFO Env - @{2 RCVD 5} Message(Ask)
inp.5 << 19:07:03.154 [main] INFO Env - @{5 RCVD 1} Message(Share)
inp.2 << 19:07:03.154 [main] INFO Env - @{2 SEND 5} Message(Share)
inp.5 << 19:07:03.155 [main] INFO Env - @{5 RCVD 2} Message(Share)
inp.5 << 19:07:03.155 [main] INFO Env - @{5 LOCKED}
out.5 >> unlock
inp.5 << 19:07:03.155 [main] INFO Env - @{5 UNLOCKED}
out.1 >> ping
out.2 >> ping
out.3 >> ping
out.4 >> ping
out.5 >> ping
inp.5 << 19:07:03.155 [main] INFO Env - @{5 PONG}
inp.3 << 19:07:03.155 [main] INFO Env - @{3 PONG}
inp.4 << 19:07:03.155 [main] INFO Env - @{4 PONG}
inp.1 << 19:07:03.155 [main] INFO Env - @{1 PONG}
inp.2 << 19:07:03.155 [main] INFO Env - @{2 PONG}
out.4 >> lock
out.1 >> lock
out.5 >> lock
out.2 >> lock
out.3 >> lock
inp.5 << 19:07:03.156 [main] INFO Env - @{5 LOCKED}
out.5 >> unlock
inp.5 << 19:07:03.156 [main] INFO Env - @{5 UNLOCKED}
inp.4 << 19:07:03.156 [main] INFO Env - @{4 SEND 5} Message(Ask)
inp.5 << 19:07:03.156 [main] INFO Env - @{5 RCVD 4} Message(Ask)
inp.1 << 19:07:03.156 [main] INFO Env - @{1 SEND 2} Message(Ask)
inp.5 << 19:07:03.156 [main] INFO Env - @{5 SEND 4} Message(Share)
inp.1 << 19:07:03.156 [main] INFO Env - @{1 SEND 3} Message(Ask)
inp.3 << 19:07:03.156 [main] INFO Env - @{3 SEND 4} Message(Ask)
inp.2 << 19:07:03.156 [main] INFO Env - @{2 SEND 3} Message(Ask)
inp.2 << 19:07:03.157 [main] INFO Env - @{2 SEND 4} Message(Ask)
inp.3 << 19:07:03.157 [main] INFO Env - @{3 SEND 5} Message(Ask)
inp.1 << 19:07:03.157 [main] INFO Env - @{1 SEND 4} Message(Ask)
inp.3 << 19:07:03.157 [main] INFO Env - @{3 RCVD 2} Message(Ask)
inp.3 << 19:07:03.157 [main] INFO Env - @{3 SEND 2} Message(Share)
inp.5 << 19:07:03.157 [main] INFO Env - @{5 RCVD 3} Message(Ask)
inp.3 << 19:07:03.157 [main] INFO Env - @{3 SEND 2} Message(Ask)
inp.5 << 19:07:03.157 [main] INFO Env - @{5 SEND 3} Message(Share)
inp.3 << 19:07:03.157 [main] INFO Env - @{3 RCVD 1} Message(Ask)
inp.4 << 19:07:03.157 [main] INFO Env - @{4 RCVD 5} Message(Share)
inp.3 << 19:07:03.157 [main] INFO Env - @{3 SEND 1} Message(Share)
inp.4 << 19:07:03.157 [main] INFO Env - @{4 LOCKED}
inp.4 << 19:07:03.157 [main] INFO Env - @{4 RCVD 3} Message(Ask)
inp.4 << 19:07:03.157 [main] INFO Env - @{4 RCVD 2} Message(Ask)
inp.4 << 19:07:03.157 [main] INFO Env - @{4 RCVD 1} Message(Ask)
inp.1 << 19:07:03.157 [main] INFO Env - @{1 SEND 5} Message(Ask)
inp.3 << 19:07:03.157 [main] INFO Env - @{3 SEND 1} Message(Ask)
inp.2 << 19:07:03.157 [main] INFO Env - @{2 SEND 5} Message(Ask)
inp.3 << 19:07:03.157 [main] INFO Env - @{3 RCVD 5} Message(Share)
out.4 >> unlock
inp.5 << 19:07:03.157 [main] INFO Env - @{5 RCVD 1} Message(Ask)
inp.5 << 19:07:03.157 [main] INFO Env - @{5 SEND 1} Message(Share)
inp.2 << 19:07:03.157 [main] INFO Env - @{2 RCVD 1} Message(Ask)
inp.2 << 19:07:03.157 [main] INFO Env - @{2 SEND 1} Message(Share)
inp.5 << 19:07:03.157 [main] INFO Env - @{5 RCVD 2} Message(Ask)
inp.5 << 19:07:03.157 [main] INFO Env - @{5 SEND 2} Message(Share)
inp.2 << 19:07:03.157 [main] INFO Env - @{2 SEND 1} Message(Ask)
inp.2 << 19:07:03.157 [main] INFO Env - @{2 RCVD 3} Message(Share)
inp.2 << 19:07:03.157 [main] INFO Env - @{2 RCVD 3} Message(Ask)
inp.2 << 19:07:03.157 [main] INFO Env - @{2 RCVD 5} Message(Share)
inp.2 << 19:07:03.157 [main] INFO Env - @{2 RCVD 4} Message(Share)
inp.3 << 19:07:03.157 [main] INFO Env - @{3 RCVD 4} Message(Share)
inp.1 << 19:07:03.157 [main] INFO Env - @{1 RCVD 3} Message(Share)
inp.1 << 19:07:03.158 [main] INFO Env - @{1 RCVD 3} Message(Ask)
inp.4 << 19:07:03.157 [main] INFO Env - @{4 UNLOCKED}
inp.4 << 19:07:03.157 [main] INFO Env - @{4 SEND 1} Message(Share)
inp.4 << 19:07:03.157 [main] INFO Env - @{4 SEND 2} Message(Share)
inp.4 << 19:07:03.157 [main] INFO Env - @{4 SEND 3} Message(Share)
inp.1 << 19:07:03.158 [main] INFO Env - @{1 RCVD 2} Message(Share)
inp.1 << 19:07:03.158 [main] INFO Env - @{1 RCVD 5} Message(Share)
inp.1 << 19:07:03.158 [main] INFO Env - @{1 RCVD 2} Message(Ask)
inp.1 << 19:07:03.158 [main] INFO Env - @{1 RCVD 4} Message(Share)
inp.1 << 19:07:03.158 [main] INFO Env - @{1 LOCKED}
out.1 >> unlock
inp.1 << 19:07:03.158 [main] INFO Env - @{1 UNLOCKED}
inp.1 << 19:07:03.158 [main] INFO Env - @{1 SEND 2} Message(Share)
inp.1 << 19:07:03.158 [main] INFO Env - @{1 SEND 3} Message(Share)
inp.2 << 19:07:03.158 [main] INFO Env - @{2 RCVD 1} Message(Share)
inp.3 << 19:07:03.158 [main] INFO Env - @{3 RCVD 1} Message(Share)
inp.2 << 19:07:03.158 [main] INFO Env - @{2 LOCKED}
out.2 >> unlock
inp.2 << 19:07:03.158 [main] INFO Env - @{2 UNLOCKED}
inp.2 << 19:07:03.158 [main] INFO Env - @{2 SEND 3} Message(Share)
inp.3 << 19:07:03.159 [main] INFO Env - @{3 RCVD 2} Message(Share)
inp.3 << 19:07:03.159 [main] INFO Env - @{3 LOCKED}
out.3 >> unlock
inp.3 << 19:07:03.159 [main] INFO Env - @{3 UNLOCKED}
out.1 >> ping
out.2 >> ping
out.3 >> ping
out.4 >> ping
out.5 >> ping
inp.3 << 19:07:03.159 [main] INFO Env - @{3 PONG}
inp.5 << 19:07:03.159 [main] INFO Env - @{5 PONG}
inp.4 << 19:07:03.159 [main] INFO Env - @{4 PONG}
inp.2 << 19:07:03.159 [main] INFO Env - @{2 PONG}
inp.1 << 19:07:03.159 [main] INFO Env - @{1 PONG}
out.5 >> lock
inp.5 << 19:07:03.160 [main] INFO Env - @{5 SEND 1} Message(Ask)
inp.5 << 19:07:03.160 [main] INFO Env - @{5 SEND 2} Message(Ask)
inp.5 << 19:07:03.160 [main] INFO Env - @{5 SEND 3} Message(Ask)
inp.5 << 19:07:03.160 [main] INFO Env - @{5 SEND 4} Message(Ask)
inp.1 << 19:07:03.160 [main] INFO Env - @{1 RCVD 5} Message(Ask)
inp.1 << 19:07:03.160 [main] INFO Env - @{1 SEND 5} Message(Share)
inp.3 << 19:07:03.160 [main] INFO Env - @{3 RCVD 5} Message(Ask)
inp.4 << 19:07:03.160 [main] INFO Env - @{4 RCVD 5} Message(Ask)
inp.3 << 19:07:03.160 [main] INFO Env - @{3 SEND 5} Message(Share)
inp.4 << 19:07:03.160 [main] INFO Env - @{4 SEND 5} Message(Share)
inp.5 << 19:07:03.160 [main] INFO Env - @{5 RCVD 1} Message(Share)
inp.5 << 19:07:03.160 [main] INFO Env - @{5 RCVD 3} Message(Share)
inp.5 << 19:07:03.160 [main] INFO Env - @{5 RCVD 4} Message(Share)
inp.2 << 19:07:03.160 [main] INFO Env - @{2 RCVD 5} Message(Ask)
inp.2 << 19:07:03.160 [main] INFO Env - @{2 SEND 5} Message(Share)
inp.5 << 19:07:03.160 [main] INFO Env - @{5 RCVD 2} Message(Share)
inp.5 << 19:07:03.160 [main] INFO Env - @{5 LOCKED}
out.5 >> unlock
inp.5 << 19:07:03.161 [main] INFO Env - @{5 UNLOCKED}
out.1 >> ping
out.2 >> ping
out.3 >> ping
out.4 >> ping
out.5 >> ping
inp.5 << 19:07:03.161 [main] INFO Env - @{5 PONG}
inp.3 << 19:07:03.161 [main] INFO Env - @{3 PONG}
inp.4 << 19:07:03.161 [main] INFO Env - @{4 PONG}
inp.1 << 19:07:03.161 [main] INFO Env - @{1 PONG}
inp.2 << 19:07:03.161 [main] INFO Env - @{2 PONG}
out.5 >> lock
inp.5 << 19:07:03.162 [main] INFO Env - @{5 LOCKED}
out.5 >> unlock
inp.5 << 19:07:03.162 [main] INFO Env - @{5 UNLOCKED}
out.1 >> ping
out.2 >> ping
out.3 >> ping
out.4 >> ping
out.5 >> ping
inp.5 << 19:07:03.162 [main] INFO Env - @{5 PONG}
inp.3 << 19:07:03.162 [main] INFO Env - @{3 PONG}
inp.4 << 19:07:03.162 [main] INFO Env - @{4 PONG}
inp.1 << 19:07:03.162 [main] INFO Env - @{1 PONG}
inp.2 << 19:07:03.162 [main] INFO Env - @{2 PONG}
out.5 >> lock
inp.5 << 19:07:03.162 [main] INFO Env - @{5 LOCKED}
out.5 >> unlock
inp.5 << 19:07:03.163 [main] INFO Env - @{5 UNLOCKED}
out.1 >> ping
out.2 >> ping
out.3 >> ping
out.4 >> ping
out.5 >> ping
inp.5 << 19:07:03.163 [main] INFO Env - @{5 PONG}
inp.3 << 19:07:03.163 [main] INFO Env - @{3 PONG}
inp.4 << 19:07:03.163 [main] INFO Env - @{4 PONG}
inp.1 << 19:07:03.163 [main] INFO Env - @{1 PONG}
inp.2 << 19:07:03.163 [main] INFO Env - @{2 PONG}
out.5 >> lock
out.1 >> lock
inp.5 << 19:07:03.164 [main] INFO Env - @{5 LOCKED}
out.5 >> unlock
inp.1 << 19:07:03.164 [main] INFO Env - @{1 SEND 2} Message(Ask)
inp.1 << 19:07:03.164 [main] INFO Env - @{1 SEND 3} Message(Ask)
inp.5 << 19:07:03.164 [main] INFO Env - @{5 UNLOCKED}
inp.1 << 19:07:03.164 [main] INFO Env - @{1 SEND 5} Message(Ask)
inp.2 << 19:07:03.164 [main] INFO Env - @{2 RCVD 1} Message(Ask)
inp.3 << 19:07:03.164 [main] INFO Env - @{3 RCVD 1} Message(Ask)
inp.3 << 19:07:03.164 [main] INFO Env - @{3 SEND 1} Message(Share)
inp.2 << 19:07:03.164 [main] INFO Env - @{2 SEND 1} Message(Share)
inp.5 << 19:07:03.164 [main] INFO Env - @{5 RCVD 1} Message(Ask)
inp.5 << 19:07:03.164 [main] INFO Env - @{5 SEND 1} Message(Share)
inp.1 << 19:07:03.164 [main] INFO Env - @{1 RCVD 3} Message(Share)
inp.1 << 19:07:03.164 [main] INFO Env - @{1 RCVD 2} Message(Share)
inp.1 << 19:07:03.164 [main] INFO Env - @{1 RCVD 5} Message(Share)
inp.1 << 19:07:03.164 [main] INFO Env - @{1 LOCKED}
out.1 >> unlock
inp.1 << 19:07:03.164 [main] INFO Env - @{1 UNLOCKED}
out.1 >> ping
out.2 >> ping
out.3 >> ping
out.4 >> ping
out.5 >> ping
inp.4 << 19:07:03.165 [main] INFO Env - @{4 PONG}
inp.5 << 19:07:03.165 [main] INFO Env - @{5 PONG}
inp.3 << 19:07:03.165 [main] INFO Env - @{3 PONG}
inp.1 << 19:07:03.165 [main] INFO Env - @{1 PONG}
inp.2 << 19:07:03.165 [main] INFO Env - @{2 PONG}
out.5 >> lock
out.1 >> lock
inp.5 << 19:07:03.165 [main] INFO Env - @{5 SEND 1} Message(Ask)
inp.1 << 19:07:03.165 [main] INFO Env - @{1 LOCKED}
out.1 >> unlock
inp.1 << 19:07:03.165 [main] INFO Env - @{1 RCVD 5} Message(Ask)
inp.1 << 19:07:03.165 [main] INFO Env - @{1 UNLOCKED}
inp.1 << 19:07:03.165 [main] INFO Env - @{1 SEND 5} Message(Share)
inp.5 << 19:07:03.166 [main] INFO Env - @{5 RCVD 1} Message(Share)
inp.5 << 19:07:03.166 [main] INFO Env - @{5 LOCKED}
out.5 >> unlock
inp.5 << 19:07:03.166 [main] INFO Env - @{5 UNLOCKED}
out.1 >> ping
out.2 >> ping
out.3 >> ping
out.4 >> ping
out.5 >> ping
inp.5 << 19:07:03.166 [main] INFO Env - @{5 PONG}
inp.3 << 19:07:03.166 [main] INFO Env - @{3 PONG}
inp.1 << 19:07:03.167 [main] INFO Env - @{1 PONG}
inp.4 << 19:07:03.166 [main] INFO Env - @{4 PONG}
inp.2 << 19:07:03.167 [main] INFO Env - @{2 PONG}
out.5 >> lock
out.1 >> lock
inp.5 << 19:07:03.168 [main] INFO Env - @{5 LOCKED}
out.5 >> unlock
inp.1 << 19:07:03.168 [main] INFO Env - @{1 SEND 5} Message(Ask)
inp.5 << 19:07:03.168 [main] INFO Env - @{5 UNLOCKED}
inp.5 << 19:07:03.168 [main] INFO Env - @{5 RCVD 1} Message(Ask)
inp.5 << 19:07:03.168 [main] INFO Env - @{5 SEND 1} Message(Share)
inp.1 << 19:07:03.168 [main] INFO Env - @{1 RCVD 5} Message(Share)
inp.1 << 19:07:03.168 [main] INFO Env - @{1 LOCKED}
out.1 >> unlock
inp.1 << 19:07:03.168 [main] INFO Env - @{1 UNLOCKED}
out.1 >> ping
out.2 >> ping
out.3 >> ping
out.4 >> ping
out.5 >> ping
inp.5 << 19:07:03.168 [main] INFO Env - @{5 PONG}
inp.3 << 19:07:03.168 [main] INFO Env - @{3 PONG}
inp.4 << 19:07:03.169 [main] INFO Env - @{4 PONG}
inp.1 << 19:07:03.169 [main] INFO Env - @{1 PONG}
inp.2 << 19:07:03.169 [main] INFO Env - @{2 PONG}
out.1 >> ping
out.2 >> ping
out.3 >> ping
out.4 >> ping
out.5 >> ping
inp.3 << 19:07:03.169 [main] INFO Env - @{3 PONG}
inp.4 << 19:07:03.169 [main] INFO Env - @{4 PONG}
inp.5 << 19:07:03.169 [main] INFO Env - @{5 PONG}
inp.1 << 19:07:03.169 [main] INFO Env - @{1 PONG}
inp.2 << 19:07:03.169 [main] INFO Env - @{2 PONG}
out.1 >> lock
inp.1 << 19:07:03.170 [main] INFO Env - @{1 LOCKED}
out.1 >> unlock
inp.1 << 19:07:03.170 [main] INFO Env - @{1 UNLOCKED}
out.1 >> ping
out.2 >> ping
out.3 >> ping
out.4 >> ping
out.5 >> ping
inp.1 << 19:07:03.172 [main] INFO Env - @{1 PONG}
inp.4 << 19:07:03.172 [main] INFO Env - @{4 PONG}
inp.3 << 19:07:03.172 [main] INFO Env - @{3 PONG}
inp.5 << 19:07:03.172 [main] INFO Env - @{5 PONG}
inp.2 << 19:07:03.172 [main] INFO Env - @{2 PONG}
out.2 >> lock
inp.2 << 19:07:03.173 [main] INFO Env - @{2 SEND 1} Message(Ask)
inp.2 << 19:07:03.174 [main] INFO Env - @{2 SEND 3} Message(Ask)
inp.2 << 19:07:03.174 [main] INFO Env - @{2 SEND 5} Message(Ask)
inp.3 << 19:07:03.175 [main] INFO Env - @{3 RCVD 2} Message(Ask)
inp.3 << 19:07:03.175 [main] INFO Env - @{3 SEND 2} Message(Share)
inp.1 << 19:07:03.174 [main] INFO Env - @{1 RCVD 2} Message(Ask)
inp.2 << 19:07:03.176 [main] INFO Env - @{2 RCVD 3} Message(Share)
inp.1 << 19:07:03.176 [main] INFO Env - @{1 SEND 2} Message(Share)
inp.2 << 19:07:03.176 [main] INFO Env - @{2 RCVD 1} Message(Share)
inp.5 << 19:07:03.176 [main] INFO Env - @{5 RCVD 2} Message(Ask)
inp.5 << 19:07:03.177 [main] INFO Env - @{5 SEND 2} Message(Share)
inp.2 << 19:07:03.177 [main] INFO Env - @{2 RCVD 5} Message(Share)
inp.2 << 19:07:03.177 [main] INFO Env - @{2 LOCKED}
out.2 >> unlock
inp.2 << 19:07:03.177 [main] INFO Env - @{2 UNLOCKED}
out.1 >> ping
out.2 >> ping
out.3 >> ping
out.4 >> ping
out.5 >> ping
inp.3 << 19:07:03.177 [main] INFO Env - @{3 PONG}
inp.5 << 19:07:03.177 [main] INFO Env - @{5 PONG}
inp.4 << 19:07:03.177 [main] INFO Env - @{4 PONG}
inp.2 << 19:07:03.177 [main] INFO Env - @{2 PONG}
inp.1 << 19:07:03.177 [main] INFO Env - @{1 PONG}
out.3 >> lock
inp.3 << 19:07:03.178 [main] INFO Env - @{3 SEND 1} Message(Ask)
inp.3 << 19:07:03.178 [main] INFO Env - @{3 SEND 2} Message(Ask)
inp.3 << 19:07:03.178 [main] INFO Env - @{3 SEND 5} Message(Ask)
inp.1 << 19:07:03.178 [main] INFO Env - @{1 RCVD 3} Message(Ask)
inp.1 << 19:07:03.178 [main] INFO Env - @{1 SEND 3} Message(Share)
inp.3 << 19:07:03.178 [main] INFO Env - @{3 RCVD 1} Message(Share)
inp.5 << 19:07:03.178 [main] INFO Env - @{5 RCVD 3} Message(Ask)
inp.5 << 19:07:03.178 [main] INFO Env - @{5 SEND 3} Message(Share)
inp.3 << 19:07:03.178 [main] INFO Env - @{3 RCVD 5} Message(Share)
inp.2 << 19:07:03.178 [main] INFO Env - @{2 RCVD 3} Message(Ask)
inp.2 << 19:07:03.178 [main] INFO Env - @{2 SEND 3} Message(Share)
inp.3 << 19:07:03.178 [main] INFO Env - @{3 RCVD 2} Message(Share)
inp.3 << 19:07:03.178 [main] INFO Env - @{3 LOCKED}
out.3 >> unlock
inp.3 << 19:07:03.178 [main] INFO Env - @{3 UNLOCKED}
out.1 >> ping
out.2 >> ping
out.3 >> ping
out.4 >> ping
out.5 >> ping
inp.3 << 19:07:03.179 [main] INFO Env - @{3 PONG}
inp.5 << 19:07:03.179 [main] INFO Env - @{5 PONG}
inp.4 << 19:07:03.179 [main] INFO Env - @{4 PONG}
inp.2 << 19:07:03.179 [main] INFO Env - @{2 PONG}
inp.1 << 19:07:03.179 [main] INFO Env - @{1 PONG}
out.4 >> lock
inp.4 << 19:07:03.179 [main] INFO Env - @{4 SEND 1} Message(Ask)
inp.4 << 19:07:03.179 [main] INFO Env - @{4 SEND 2} Message(Ask)
inp.4 << 19:07:03.179 [main] INFO Env - @{4 SEND 3} Message(Ask)
inp.4 << 19:07:03.179 [main] INFO Env - @{4 SEND 5} Message(Ask)
inp.5 << 19:07:03.179 [main] INFO Env - @{5 RCVD 4} Message(Ask)
inp.3 << 19:07:03.179 [main] INFO Env - @{3 RCVD 4} Message(Ask)
inp.3 << 19:07:03.179 [main] INFO Env - @{3 SEND 4} Message(Share)
inp.5 << 19:07:03.179 [main] INFO Env - @{5 SEND 4} Message(Share)
inp.4 << 19:07:03.180 [main] INFO Env - @{4 RCVD 3} Message(Share)
inp.4 << 19:07:03.180 [main] INFO Env - @{4 RCVD 5} Message(Share)
inp.1 << 19:07:03.179 [main] INFO Env - @{1 RCVD 4} Message(Ask)
inp.1 << 19:07:03.180 [main] INFO Env - @{1 SEND 4} Message(Share)
inp.4 << 19:07:03.180 [main] INFO Env - @{4 RCVD 1} Message(Share)
inp.2 << 19:07:03.180 [main] INFO Env - @{2 RCVD 4} Message(Ask)
inp.2 << 19:07:03.180 [main] INFO Env - @{2 SEND 4} Message(Share)
inp.4 << 19:07:03.180 [main] INFO Env - @{4 RCVD 2} Message(Share)
inp.4 << 19:07:03.180 [main] INFO Env - @{4 LOCKED}
out.4 >> unlock
inp.4 << 19:07:03.180 [main] INFO Env - @{4 UNLOCKED}
out.1 >> ping
out.2 >> ping
out.3 >> ping
out.4 >> ping
out.5 >> ping
inp.3 << 19:07:03.180 [main] INFO Env - @{3 PONG}
inp.5 << 19:07:03.180 [main] INFO Env - @{5 PONG}
inp.4 << 19:07:03.180 [main] INFO Env - @{4 PONG}
inp.1 << 19:07:03.181 [main] INFO Env - @{1 PONG}
inp.2 << 19:07:03.181 [main] INFO Env - @{2 PONG}
out.5 >> lock
inp.5 << 19:07:03.181 [main] INFO Env - @{5 SEND 1} Message(Ask)
inp.5 << 19:07:03.181 [main] INFO Env - @{5 SEND 2} Message(Ask)
inp.5 << 19:07:03.181 [main] INFO Env - @{5 SEND 3} Message(Ask)
inp.5 << 19:07:03.181 [main] INFO Env - @{5 SEND 4} Message(Ask)
inp.4 << 19:07:03.181 [main] INFO Env - @{4 RCVD 5} Message(Ask)
inp.3 << 19:07:03.181 [main] INFO Env - @{3 RCVD 5} Message(Ask)
inp.3 << 19:07:03.181 [main] INFO Env - @{3 SEND 5} Message(Share)
inp.5 << 19:07:03.181 [main] INFO Env - @{5 RCVD 3} Message(Share)
inp.4 << 19:07:03.181 [main] INFO Env - @{4 SEND 5} Message(Share)
inp.5 << 19:07:03.181 [main] INFO Env - @{5 RCVD 4} Message(Share)
inp.1 << 19:07:03.181 [main] INFO Env - @{1 RCVD 5} Message(Ask)
inp.2 << 19:07:03.181 [main] INFO Env - @{2 RCVD 5} Message(Ask)
inp.1 << 19:07:03.181 [main] INFO Env - @{1 SEND 5} Message(Share)
inp.5 << 19:07:03.182 [main] INFO Env - @{5 RCVD 1} Message(Share)
inp.2 << 19:07:03.182 [main] INFO Env - @{2 SEND 5} Message(Share)
inp.5 << 19:07:03.182 [main] INFO Env - @{5 RCVD 2} Message(Share)
inp.5 << 19:07:03.182 [main] INFO Env - @{5 LOCKED}
out.5 >> unlock
inp.5 << 19:07:03.182 [main] INFO Env - @{5 UNLOCKED}
out.1 >> ping
out.2 >> ping
out.3 >> ping
out.4 >> ping
out.5 >> ping
inp.5 << 19:07:03.182 [main] INFO Env - @{5 PONG}
inp.3 << 19:07:03.182 [main] INFO Env - @{3 PONG}
inp.4 << 19:07:03.182 [main] INFO Env - @{4 PONG}
inp.2 << 19:07:03.182 [main] INFO Env - @{2 PONG}
inp.1 << 19:07:03.182 [main] INFO Env - @{1 PONG}
out.2 >> lock
out.5 >> lock
out.4 >> lock
out.3 >> lock
out.1 >> lock
inp.5 << 19:07:03.183 [main] INFO Env - @{5 LOCKED}
inp.4 << 19:07:03.183 [main] INFO Env - @{4 SEND 5} Message(Ask)
out.5 >> unlock
inp.5 << 19:07:03.183 [main] INFO Env - @{5 RCVD 4} Message(Ask)
inp.5 << 19:07:03.183 [main] INFO Env - @{5 UNLOCKED}
inp.5 << 19:07:03.183 [main] INFO Env - @{5 SEND 4} Message(Share)
inp.4 << 19:07:03.183 [main] INFO Env - @{4 RCVD 5} Message(Share)
inp.4 << 19:07:03.183 [main] INFO Env - @{4 LOCKED}
out.4 >> unlock
inp.3 << 19:07:03.183 [main] INFO Env - @{3 SEND 4} Message(Ask)
inp.3 << 19:07:03.183 [main] INFO Env - @{3 SEND 5} Message(Ask)
inp.5 << 19:07:03.184 [main] INFO Env - @{5 RCVD 3} Message(Ask)
inp.5 << 19:07:03.184 [main] INFO Env - @{5 SEND 3} Message(Share)
inp.4 << 19:07:03.184 [main] INFO Env - @{4 UNLOCKED}
inp.4 << 19:07:03.184 [main] INFO Env - @{4 RCVD 3} Message(Ask)
inp.4 << 19:07:03.185 [main] INFO Env - @{4 SEND 3} Message(Share)
inp.3 << 19:07:03.185 [main] INFO Env - @{3 RCVD 5} Message(Share)
inp.3 << 19:07:03.186 [main] INFO Env - @{3 RCVD 4} Message(Share)
inp.2 << 19:07:03.186 [main] INFO Env - @{2 SEND 3} Message(Ask)
inp.3 << 19:07:03.186 [main] INFO Env - @{3 LOCKED}
inp.2 << 19:07:03.186 [main] INFO Env - @{2 SEND 4} Message(Ask)
out.3 >> unlock
inp.3 << 19:07:03.186 [main] INFO Env - @{3 RCVD 2} Message(Ask)
inp.4 << 19:07:03.187 [main] INFO Env - @{4 RCVD 2} Message(Ask)
inp.4 << 19:07:03.187 [main] INFO Env - @{4 SEND 2} Message(Share)
inp.3 << 19:07:03.187 [main] INFO Env - @{3 UNLOCKED}
inp.2 << 19:07:03.187 [main] INFO Env - @{2 SEND 5} Message(Ask)
inp.3 << 19:07:03.187 [main] INFO Env - @{3 SEND 2} Message(Share)
inp.5 << 19:07:03.188 [main] INFO Env - @{5 RCVD 2} Message(Ask)
inp.2 << 19:07:03.188 [main] INFO Env - @{2 RCVD 3} Message(Share)
inp.2 << 19:07:03.188 [main] INFO Env - @{2 RCVD 4} Message(Share)
inp.5 << 19:07:03.188 [main] INFO Env - @{5 SEND 2} Message(Share)
inp.2 << 19:07:03.189 [main] INFO Env - @{2 RCVD 5} Message(Share)
inp.1 << 19:07:03.189 [main] INFO Env - @{1 SEND 2} Message(Ask)
inp.2 << 19:07:03.189 [main] INFO Env - @{2 LOCKED}
out.2 >> unlock
inp.2 << 19:07:03.190 [main] INFO Env - @{2 RCVD 1} Message(Ask)
inp.1 << 19:07:03.190 [main] INFO Env - @{1 SEND 3} Message(Ask)
inp.1 << 19:07:03.190 [main] INFO Env - @{1 SEND 4} Message(Ask)
inp.4 << 19:07:03.191 [main] INFO Env - @{4 RCVD 1} Message(Ask)
inp.2 << 19:07:03.191 [main] INFO Env - @{2 UNLOCKED}
inp.4 << 19:07:03.191 [main] INFO Env - @{4 SEND 1} Message(Share)
inp.3 << 19:07:03.190 [main] INFO Env - @{3 RCVD 1} Message(Ask)
inp.2 << 19:07:03.191 [main] INFO Env - @{2 SEND 1} Message(Share)
inp.3 << 19:07:03.191 [main] INFO Env - @{3 SEND 1} Message(Share)
inp.1 << 19:07:03.192 [main] INFO Env - @{1 SEND 5} Message(Ask)
inp.1 << 19:07:03.193 [main] INFO Env - @{1 RCVD 3} Message(Share)
inp.1 << 19:07:03.193 [main] INFO Env - @{1 RCVD 2} Message(Share)
inp.1 << 19:07:03.193 [main] INFO Env - @{1 RCVD 4} Message(Share)
inp.5 << 19:07:03.193 [main] INFO Env - @{5 RCVD 1} Message(Ask)
inp.5 << 19:07:03.194 [main] INFO Env - @{5 SEND 1} Message(Share)
inp.1 << 19:07:03.194 [main] INFO Env - @{1 RCVD 5} Message(Share)
inp.1 << 19:07:03.194 [main] INFO Env - @{1 LOCKED}
out.1 >> unlock
inp.1 << 19:07:03.194 [main] INFO Env - @{1 UNLOCKED}
out.1 >> ping
out.2 >> ping
out.3 >> ping
out.4 >> ping
out.5 >> ping
inp.5 << 19:07:03.195 [main] INFO Env - @{5 PONG}
inp.3 << 19:07:03.195 [main] INFO Env - @{3 PONG}
inp.4 << 19:07:03.195 [main] INFO Env - @{4 PONG}
inp.1 << 19:07:03.195 [main] INFO Env - @{1 PONG}
inp.2 << 19:07:03.195 [main] INFO Env - @{2 PONG}
out.1 >> lock
inp.1 << 19:07:03.195 [main] INFO Env - @{1 LOCKED}
out.1 >> unlock
inp.1 << 19:07:03.196 [main] INFO Env - @{1 UNLOCKED}
out.1 >> ping
out.2 >> ping
out.3 >> ping
out.4 >> ping
out.5 >> ping
inp.5 << 19:07:03.196 [main] INFO Env - @{5 PONG}
inp.3 << 19:07:03.196 [main] INFO Env - @{3 PONG}
inp.4 << 19:07:03.196 [main] INFO Env - @{4 PONG}
inp.1 << 19:07:03.196 [main] INFO Env - @{1 PONG}
inp.2 << 19:07:03.196 [main] INFO Env - @{2 PONG}
out.1 >> lock
inp.1 << 19:07:03.197 [main] INFO Env - @{1 LOCKED}
out.1 >> unlock
inp.1 << 19:07:03.197 [main] INFO Env - @{1 UNLOCKED}
out.1 >> ping
out.2 >> ping
out.3 >> ping
out.4 >> ping
out.5 >> ping
inp.5 << 19:07:03.197 [main] INFO Env - @{5 PONG}
inp.3 << 19:07:03.197 [main] INFO Env - @{3 PONG}
inp.4 << 19:07:03.197 [main] INFO Env - @{4 PONG}
inp.1 << 19:07:03.197 [main] INFO Env - @{1 PONG}
inp.2 << 19:07:03.197 [main] INFO Env - @{2 PONG}
out.1 >> lock
inp.1 << 19:07:03.197 [main] INFO Env - @{1 LOCKED}
out.1 >> unlock
inp.1 << 19:07:03.198 [main] INFO Env - @{1 UNLOCKED}
out.1 >> ping
out.2 >> ping
out.3 >> ping
out.4 >> ping
out.5 >> ping
inp.3 << 19:07:03.198 [main] INFO Env - @{3 PONG}
inp.5 << 19:07:03.198 [main] INFO Env - @{5 PONG}
inp.4 << 19:07:03.198 [main] INFO Env - @{4 PONG}
inp.1 << 19:07:03.198 [main] INFO Env - @{1 PONG}
inp.2 << 19:07:03.198 [main] INFO Env - @{2 PONG}
out.1 >> lock
out.3 >> lock
inp.3 << 19:07:03.198 [main] INFO Env - @{3 SEND 1} Message(Ask)
inp.1 << 19:07:03.198 [main] INFO Env - @{1 LOCKED}
out.1 >> unlock
inp.3 << 19:07:03.199 [main] INFO Env - @{3 SEND 2} Message(Ask)
inp.1 << 19:07:03.199 [main] INFO Env - @{1 RCVD 3} Message(Ask)
inp.1 << 19:07:03.199 [main] INFO Env - @{1 UNLOCKED}
inp.1 << 19:07:03.199 [main] INFO Env - @{1 SEND 3} Message(Share)
inp.3 << 19:07:03.199 [main] INFO Env - @{3 RCVD 1} Message(Share)
inp.2 << 19:07:03.199 [main] INFO Env - @{2 RCVD 3} Message(Ask)
inp.2 << 19:07:03.199 [main] INFO Env - @{2 SEND 3} Message(Share)
inp.3 << 19:07:03.199 [main] INFO Env - @{3 RCVD 2} Message(Share)
inp.3 << 19:07:03.199 [main] INFO Env - @{3 LOCKED}
out.3 >> unlock
inp.3 << 19:07:03.199 [main] INFO Env - @{3 UNLOCKED}
out.1 >> ping
out.2 >> ping
out.3 >> ping
out.4 >> ping
out.5 >> ping
inp.5 << 19:07:03.200 [main] INFO Env - @{5 PONG}
inp.3 << 19:07:03.200 [main] INFO Env - @{3 PONG}
inp.4 << 19:07:03.200 [main] INFO Env - @{4 PONG}
inp.1 << 19:07:03.200 [main] INFO Env - @{1 PONG}
inp.2 << 19:07:03.200 [main] INFO Env - @{2 PONG}
out.1 >> lock
out.3 >> lock
inp.3 << 19:07:03.200 [main] INFO Env - @{3 LOCKED}
out.3 >> unlock
inp.3 << 19:07:03.201 [main] INFO Env - @{3 UNLOCKED}
inp.1 << 19:07:03.201 [main] INFO Env - @{1 SEND 3} Message(Ask)
inp.3 << 19:07:03.201 [main] INFO Env - @{3 RCVD 1} Message(Ask)
inp.3 << 19:07:03.201 [main] INFO Env - @{3 SEND 1} Message(Share)
inp.1 << 19:07:03.201 [main] INFO Env - @{1 RCVD 3} Message(Share)
inp.1 << 19:07:03.201 [main] INFO Env - @{1 LOCKED}
out.1 >> unlock
inp.1 << 19:07:03.201 [main] INFO Env - @{1 UNLOCKED}
out.1 >> ping
out.2 >> ping
out.3 >> ping
out.4 >> ping
out.5 >> ping
inp.5 << 19:07:03.202 [main] INFO Env - @{5 PONG}
inp.3 << 19:07:03.202 [main] INFO Env - @{3 PONG}
inp.4 << 19:07:03.202 [main] INFO Env - @{4 PONG}
inp.1 << 19:07:03.202 [main] INFO Env - @{1 PONG}
inp.2 << 19:07:03.202 [main] INFO Env - @{2 PONG}
out.1 >> lock
out.3 >> lock
inp.3 << 19:07:03.202 [main] INFO Env - @{3 SEND 1} Message(Ask)
inp.1 << 19:07:03.202 [main] INFO Env - @{1 LOCKED}
inp.1 << 19:07:03.202 [main] INFO Env - @{1 RCVD 3} Message(Ask)
out.1 >> unlock
inp.1 << 19:07:03.203 [main] INFO Env - @{1 UNLOCKED}
inp.1 << 19:07:03.203 [main] INFO Env - @{1 SEND 3} Message(Share)
inp.3 << 19:07:03.203 [main] INFO Env - @{3 RCVD 1} Message(Share)
inp.3 << 19:07:03.203 [main] INFO Env - @{3 LOCKED}
out.3 >> unlock
inp.3 << 19:07:03.203 [main] INFO Env - @{3 UNLOCKED}
out.1 >> ping
out.2 >> ping
out.3 >> ping
out.4 >> ping
out.5 >> ping
inp.3 << 19:07:03.203 [main] INFO Env - @{3 PONG}
inp.5 << 19:07:03.203 [main] INFO Env - @{5 PONG}
inp.4 << 19:07:03.203 [main] INFO Env - @{4 PONG}
inp.1 << 19:07:03.203 [main] INFO Env - @{1 PONG}
inp.2 << 19:07:03.203 [main] INFO Env - @{2 PONG}
out.1 >> ping
out.2 >> ping
out.3 >> ping
out.4 >> ping
out.5 >> ping
inp.3 << 19:07:03.204 [main] INFO Env - @{3 PONG}
inp.5 << 19:07:03.204 [main] INFO Env - @{5 PONG}
inp.4 << 19:07:03.204 [main] INFO Env - @{4 PONG}
inp.1 << 19:07:03.204 [main] INFO Env - @{1 PONG}
inp.2 << 19:07:03.204 [main] INFO Env - @{2 PONG}
out.1 >> lock
inp.1 << 19:07:03.204 [main] INFO Env - @{1 SEND 3} Message(Ask)
inp.3 << 19:07:03.204 [main] INFO Env - @{3 RCVD 1} Message(Ask)
inp.3 << 19:07:03.204 [main] INFO Env - @{3 SEND 1} Message(Share)
inp.1 << 19:07:03.205 [main] INFO Env - @{1 RCVD 3} Message(Share)
inp.1 << 19:07:03.205 [main] INFO Env - @{1 LOCKED}
out.1 >> unlock
inp.1 << 19:07:03.205 [main] INFO Env - @{1 UNLOCKED}
out.1 >> ping
out.2 >> ping
out.3 >> ping
out.4 >> ping
out.5 >> ping
inp.3 << 19:07:03.205 [main] INFO Env - @{3 PONG}
inp.5 << 19:07:03.205 [main] INFO Env - @{5 PONG}
inp.4 << 19:07:03.205 [main] INFO Env - @{4 PONG}
inp.2 << 19:07:03.205 [main] INFO Env - @{2 PONG}
inp.1 << 19:07:03.205 [main] INFO Env - @{1 PONG}
out.2 >> lock
inp.2 << 19:07:03.206 [main] INFO Env - @{2 SEND 1} Message(Ask)
inp.2 << 19:07:03.206 [main] INFO Env - @{2 SEND 3} Message(Ask)
inp.3 << 19:07:03.206 [main] INFO Env - @{3 RCVD 2} Message(Ask)
inp.1 << 19:07:03.206 [main] INFO Env - @{1 RCVD 2} Message(Ask)
inp.3 << 19:07:03.206 [main] INFO Env - @{3 SEND 2} Message(Share)
inp.1 << 19:07:03.206 [main] INFO Env - @{1 SEND 2} Message(Share)
inp.2 << 19:07:03.207 [main] INFO Env - @{2 RCVD 3} Message(Share)
inp.2 << 19:07:03.207 [main] INFO Env - @{2 RCVD 1} Message(Share)
inp.2 << 19:07:03.207 [main] INFO Env - @{2 LOCKED}
out.2 >> unlock
inp.2 << 19:07:03.207 [main] INFO Env - @{2 UNLOCKED}
out.1 >> ping
out.2 >> ping
out.3 >> ping
out.4 >> ping
out.5 >> ping
inp.3 << 19:07:03.208 [main] INFO Env - @{3 PONG}
inp.5 << 19:07:03.208 [main] INFO Env - @{5 PONG}
inp.4 << 19:07:03.208 [main] INFO Env - @{4 PONG}
inp.1 << 19:07:03.208 [main] INFO Env - @{1 PONG}
inp.2 << 19:07:03.208 [main] INFO Env - @{2 PONG}
out.3 >> lock
inp.3 << 19:07:03.208 [main] INFO Env - @{3 SEND 1} Message(Ask)
inp.3 << 19:07:03.208 [main] INFO Env - @{3 SEND 2} Message(Ask)
inp.1 << 19:07:03.209 [main] INFO Env - @{1 RCVD 3} Message(Ask)
inp.2 << 19:07:03.209 [main] INFO Env - @{2 RCVD 3} Message(Ask)
inp.1 << 19:07:03.209 [main] INFO Env - @{1 SEND 3} Message(Share)
inp.2 << 19:07:03.209 [main] INFO Env - @{2 SEND 3} Message(Share)
inp.3 << 19:07:03.209 [main] INFO Env - @{3 RCVD 1} Message(Share)
inp.3 << 19:07:03.209 [main] INFO Env - @{3 RCVD 2} Message(Share)
inp.3 << 19:07:03.209 [main] INFO Env - @{3 LOCKED}
out.3 >> unlock
inp.3 << 19:07:03.209 [main] INFO Env - @{3 UNLOCKED}
out.1 >> ping
out.2 >> ping
out.3 >> ping
out.4 >> ping
out.5 >> ping
inp.3 << 19:07:03.209 [main] INFO Env - @{3 PONG}
inp.5 << 19:07:03.209 [main] INFO Env - @{5 PONG}
inp.4 << 19:07:03.209 [main] INFO Env - @{4 PONG}
inp.1 << 19:07:03.210 [main] INFO Env - @{1 PONG}
inp.2 << 19:07:03.210 [main] INFO Env - @{2 PONG}
out.4 >> lock
inp.4 << 19:07:03.210 [main] INFO Env - @{4 SEND 1} Message(Ask)
inp.4 << 19:07:03.210 [main] INFO Env - @{4 SEND 2} Message(Ask)
inp.1 << 19:07:03.210 [main] INFO Env - @{1 RCVD 4} Message(Ask)
inp.4 << 19:07:03.210 [main] INFO Env - @{4 SEND 3} Message(Ask)
inp.1 << 19:07:03.210 [main] INFO Env - @{1 SEND 4} Message(Share)
inp.3 << 19:07:03.210 [main] INFO Env - @{3 RCVD 4} Message(Ask)
inp.2 << 19:07:03.210 [main] INFO Env - @{2 RCVD 4} Message(Ask)
inp.3 << 19:07:03.210 [main] INFO Env - @{3 SEND 4} Message(Share)
inp.2 << 19:07:03.210 [main] INFO Env - @{2 SEND 4} Message(Share)
inp.4 << 19:07:03.211 [main] INFO Env - @{4 RCVD 1} Message(Share)
inp.4 << 19:07:03.211 [main] INFO Env - @{4 RCVD 2} Message(Share)
inp.4 << 19:07:03.211 [main] INFO Env - @{4 RCVD 3} Message(Share)
inp.4 << 19:07:03.211 [main] INFO Env - @{4 LOCKED}
out.4 >> unlock
inp.4 << 19:07:03.211 [main] INFO Env - @{4 UNLOCKED}
out.1 >> ping
out.2 >> ping
out.3 >> ping
out.4 >> ping
out.5 >> ping
inp.3 << 19:07:03.211 [main] INFO Env - @{3 PONG}
inp.5 << 19:07:03.211 [main] INFO Env - @{5 PONG}
inp.4 << 19:07:03.211 [main] INFO Env - @{4 PONG}
inp.1 << 19:07:03.211 [main] INFO Env - @{1 PONG}
inp.2 << 19:07:03.211 [main] INFO Env - @{2 PONG}
out.5 >> lock
inp.5 << 19:07:03.212 [main] INFO Env - @{5 SEND 1} Message(Ask)
inp.5 << 19:07:03.212 [main] INFO Env - @{5 SEND 2} Message(Ask)
inp.5 << 19:07:03.212 [main] INFO Env - @{5 SEND 3} Message(Ask)
inp.5 << 19:07:03.212 [main] INFO Env - @{5 SEND 4} Message(Ask)
inp.4 << 19:07:03.212 [main] INFO Env - @{4 RCVD 5} Message(Ask)
inp.3 << 19:07:03.212 [main] INFO Env - @{3 RCVD 5} Message(Ask)
inp.3 << 19:07:03.212 [main] INFO Env - @{3 SEND 5} Message(Share)
inp.5 << 19:07:03.212 [main] INFO Env - @{5 RCVD 3} Message(Share)
inp.4 << 19:07:03.212 [main] INFO Env - @{4 SEND 5} Message(Share)
inp.5 << 19:07:03.212 [main] INFO Env - @{5 RCVD 4} Message(Share)
inp.1 << 19:07:03.212 [main] INFO Env - @{1 RCVD 5} Message(Ask)
inp.1 << 19:07:03.212 [main] INFO Env - @{1 SEND 5} Message(Share)
inp.5 << 19:07:03.212 [main] INFO Env - @{5 RCVD 1} Message(Share)
inp.2 << 19:07:03.212 [main] INFO Env - @{2 RCVD 5} Message(Ask)
inp.2 << 19:07:03.213 [main] INFO Env - @{2 SEND 5} Message(Share)
inp.5 << 19:07:03.213 [main] INFO Env - @{5 RCVD 2} Message(Share)
inp.5 << 19:07:03.213 [main] INFO Env - @{5 LOCKED}
out.5 >> unlock
inp.5 << 19:07:03.213 [main] INFO Env - @{5 UNLOCKED}
out.1 >> ping
out.2 >> ping
out.3 >> ping
out.4 >> ping
out.5 >> ping
inp.5 << 19:07:03.213 [main] INFO Env - @{5 PONG}
inp.3 << 19:07:03.213 [main] INFO Env - @{3 PONG}
inp.4 << 19:07:03.213 [main] INFO Env - @{4 PONG}
inp.2 << 19:07:03.213 [main] INFO Env - @{2 PONG}
inp.1 << 19:07:03.213 [main] INFO Env - @{1 PONG}
out.4 >> lock
out.1 >> lock
out.2 >> lock
out.3 >> lock
out.5 >> lock
inp.5 << 19:07:03.214 [main] INFO Env - @{5 LOCKED}
inp.4 << 19:07:03.214 [main] INFO Env - @{4 SEND 5} Message(Ask)
out.5 >> unlock
inp.5 << 19:07:03.214 [main] INFO Env - @{5 RCVD 4} Message(Ask)
inp.5 << 19:07:03.214 [main] INFO Env - @{5 UNLOCKED}
inp.5 << 19:07:03.214 [main] INFO Env - @{5 SEND 4} Message(Share)
inp.4 << 19:07:03.214 [main] INFO Env - @{4 RCVD 5} Message(Share)
inp.3 << 19:07:03.214 [main] INFO Env - @{3 SEND 4} Message(Ask)
inp.4 << 19:07:03.214 [main] INFO Env - @{4 LOCKED}
out.4 >> unlock
inp.4 << 19:07:03.214 [main] INFO Env - @{4 RCVD 3} Message(Ask)
inp.3 << 19:07:03.214 [main] INFO Env - @{3 SEND 5} Message(Ask)
inp.4 << 19:07:03.214 [main] INFO Env - @{4 UNLOCKED}
inp.5 << 19:07:03.214 [main] INFO Env - @{5 RCVD 3} Message(Ask)
inp.4 << 19:07:03.214 [main] INFO Env - @{4 SEND 3} Message(Share)
inp.5 << 19:07:03.214 [main] INFO Env - @{5 SEND 3} Message(Share)
inp.3 << 19:07:03.214 [main] INFO Env - @{3 RCVD 4} Message(Share)
inp.3 << 19:07:03.214 [main] INFO Env - @{3 RCVD 5} Message(Share)
inp.3 << 19:07:03.214 [main] INFO Env - @{3 LOCKED}
inp.2 << 19:07:03.215 [main] INFO Env - @{2 SEND 3} Message(Ask)
inp.1 << 19:07:03.215 [main] INFO Env - @{1 SEND 2} Message(Ask)
out.3 >> unlock
inp.3 << 19:07:03.215 [main] INFO Env - @{3 RCVD 2} Message(Ask)
inp.1 << 19:07:03.215 [main] INFO Env - @{1 SEND 3} Message(Ask)
inp.3 << 19:07:03.215 [main] INFO Env - @{3 UNLOCKED}
inp.1 << 19:07:03.215 [main] INFO Env - @{1 SEND 4} Message(Ask)
inp.3 << 19:07:03.215 [main] INFO Env - @{3 SEND 2} Message(Share)
inp.4 << 19:07:03.216 [main] INFO Env - @{4 RCVD 1} Message(Ask)
inp.2 << 19:07:03.216 [main] INFO Env - @{2 SEND 4} Message(Ask)
inp.3 << 19:07:03.216 [main] INFO Env - @{3 RCVD 1} Message(Ask)
inp.4 << 19:07:03.216 [main] INFO Env - @{4 SEND 1} Message(Share)
inp.4 << 19:07:03.216 [main] INFO Env - @{4 RCVD 2} Message(Ask)
inp.4 << 19:07:03.216 [main] INFO Env - @{4 SEND 2} Message(Share)
inp.3 << 19:07:03.216 [main] INFO Env - @{3 SEND 1} Message(Share)
inp.2 << 19:07:03.216 [main] INFO Env - @{2 SEND 5} Message(Ask)
inp.2 << 19:07:03.216 [main] INFO Env - @{2 RCVD 1} Message(Ask)
inp.2 << 19:07:03.216 [main] INFO Env - @{2 SEND 1} Message(Share)
inp.1 << 19:07:03.216 [main] INFO Env - @{1 SEND 5} Message(Ask)
inp.2 << 19:07:03.216 [main] INFO Env - @{2 SEND 1} Message(Ask)
inp.2 << 19:07:03.216 [main] INFO Env - @{2 RCVD 3} Message(Share)
inp.2 << 19:07:03.216 [main] INFO Env - @{2 RCVD 4} Message(Share)
inp.5 << 19:07:03.216 [main] INFO Env - @{5 RCVD 2} Message(Ask)
inp.5 << 19:07:03.216 [main] INFO Env - @{5 SEND 2} Message(Share)
inp.1 << 19:07:03.216 [main] INFO Env - @{1 RCVD 3} Message(Share)
inp.5 << 19:07:03.216 [main] INFO Env - @{5 RCVD 1} Message(Ask)
inp.1 << 19:07:03.216 [main] INFO Env - @{1 RCVD 4} Message(Share)
inp.1 << 19:07:03.216 [main] INFO Env - @{1 RCVD 2} Message(Share)
inp.1 << 19:07:03.216 [main] INFO Env - @{1 RCVD 2} Message(Ask)
inp.5 << 19:07:03.216 [main] INFO Env - @{5 SEND 1} Message(Share)
inp.2 << 19:07:03.216 [main] INFO Env - @{2 RCVD 5} Message(Share)
inp.1 << 19:07:03.216 [main] INFO Env - @{1 RCVD 5} Message(Share)
inp.1 << 19:07:03.216 [main] INFO Env - @{1 LOCKED}
out.1 >> unlock
inp.1 << 19:07:03.216 [main] INFO Env - @{1 UNLOCKED}
inp.1 << 19:07:03.217 [main] INFO Env - @{1 SEND 2} Message(Share)
inp.2 << 19:07:03.217 [main] INFO Env - @{2 RCVD 1} Message(Share)
inp.2 << 19:07:03.217 [main] INFO Env - @{2 LOCKED}
out.2 >> unlock
inp.2 << 19:07:03.217 [main] INFO Env - @{2 UNLOCKED}
out.1 >> ping
out.2 >> ping
out.3 >> ping
out.4 >> ping
out.5 >> ping
inp.5 << 19:07:03.217 [main] INFO Env - @{5 PONG}
inp.1 << 19:07:03.217 [main] INFO Env - @{1 PONG}
inp.2 << 19:07:03.218 [main] INFO Env - @{2 PONG}
inp.3 << 19:07:03.218 [main] INFO Env - @{3 PONG}
inp.4 << 19:07:03.218 [main] INFO Env - @{4 PONG}
out.4 >> lock
inp.4 << 19:07:03.218 [main] INFO Env - @{4 SEND 1} Message(Ask)
inp.4 << 19:07:03.218 [main] INFO Env - @{4 SEND 2} Message(Ask)
inp.4 << 19:07:03.218 [main] INFO Env - @{4 SEND 3} Message(Ask)
inp.2 << 19:07:03.218 [main] INFO Env - @{2 RCVD 4} Message(Ask)
inp.2 << 19:07:03.218 [main] INFO Env - @{2 SEND 4} Message(Share)
inp.1 << 19:07:03.218 [main] INFO Env - @{1 RCVD 4} Message(Ask)
inp.1 << 19:07:03.218 [main] INFO Env - @{1 SEND 4} Message(Share)
inp.4 << 19:07:03.218 [main] INFO Env - @{4 RCVD 2} Message(Share)
inp.4 << 19:07:03.218 [main] INFO Env - @{4 RCVD 1} Message(Share)
inp.3 << 19:07:03.218 [main] INFO Env - @{3 RCVD 4} Message(Ask)
inp.3 << 19:07:03.218 [main] INFO Env - @{3 SEND 4} Message(Share)
inp.4 << 19:07:03.219 [main] INFO Env - @{4 RCVD 3} Message(Share)
inp.4 << 19:07:03.219 [main] INFO Env - @{4 LOCKED}
out.4 >> unlock
inp.4 << 19:07:03.219 [main] INFO Env - @{4 UNLOCKED}
out.1 >> ping
out.2 >> ping
out.3 >> ping
out.4 >> ping
out.5 >> ping
inp.5 << 19:07:03.219 [main] INFO Env - @{5 PONG}
inp.1 << 19:07:03.219 [main] INFO Env - @{1 PONG}
inp.2 << 19:07:03.219 [main] INFO Env - @{2 PONG}
inp.3 << 19:07:03.219 [main] INFO Env - @{3 PONG}
inp.4 << 19:07:03.219 [main] INFO Env - @{4 PONG}
out.4 >> lock
inp.4 << 19:07:03.219 [main] INFO Env - @{4 LOCKED}
out.4 >> unlock
inp.4 << 19:07:03.220 [main] INFO Env - @{4 UNLOCKED}
out.1 >> ping
out.2 >> ping
out.3 >> ping
out.4 >> ping
out.5 >> ping
inp.5 << 19:07:03.220 [main] INFO Env - @{5 PONG}
inp.1 << 19:07:03.220 [main] INFO Env - @{1 PONG}
inp.2 << 19:07:03.220 [main] INFO Env - @{2 PONG}
inp.3 << 19:07:03.220 [main] INFO Env - @{3 PONG}
inp.4 << 19:07:03.220 [main] INFO Env - @{4 PONG}
out.4 >> lock
inp.4 << 19:07:03.220 [main] INFO Env - @{4 LOCKED}
out.4 >> unlock
inp.4 << 19:07:03.220 [main] INFO Env - @{4 UNLOCKED}
out.1 >> ping
out.2 >> ping
out.3 >> ping
out.4 >> ping
out.5 >> ping
inp.5 << 19:07:03.221 [main] INFO Env - @{5 PONG}
inp.1 << 19:07:03.221 [main] INFO Env - @{1 PONG}
inp.2 << 19:07:03.221 [main] INFO Env - @{2 PONG}
inp.4 << 19:07:03.221 [main] INFO Env - @{4 PONG}
inp.3 << 19:07:03.221 [main] INFO Env - @{3 PONG}
out.4 >> lock
out.1 >> lock
inp.4 << 19:07:03.221 [main] INFO Env - @{4 LOCKED}
inp.1 << 19:07:03.221 [main] INFO Env - @{1 SEND 2} Message(Ask)
inp.1 << 19:07:03.221 [main] INFO Env - @{1 SEND 4} Message(Ask)
out.4 >> unlock
inp.2 << 19:07:03.222 [main] INFO Env - @{2 RCVD 1} Message(Ask)
inp.4 << 19:07:03.222 [main] INFO Env - @{4 RCVD 1} Message(Ask)
inp.2 << 19:07:03.222 [main] INFO Env - @{2 SEND 1} Message(Share)
inp.4 << 19:07:03.222 [main] INFO Env - @{4 UNLOCKED}
inp.4 << 19:07:03.222 [main] INFO Env - @{4 SEND 1} Message(Share)
inp.1 << 19:07:03.222 [main] INFO Env - @{1 RCVD 2} Message(Share)
inp.1 << 19:07:03.222 [main] INFO Env - @{1 RCVD 4} Message(Share)
inp.1 << 19:07:03.222 [main] INFO Env - @{1 LOCKED}
out.1 >> unlock
inp.1 << 19:07:03.222 [main] INFO Env - @{1 UNLOCKED}
out.1 >> ping
out.2 >> ping
out.3 >> ping
out.4 >> ping
out.5 >> ping
inp.1 << 19:07:03.222 [main] INFO Env - @{1 PONG}
inp.4 << 19:07:03.222 [main] INFO Env - @{4 PONG}
inp.5 << 19:07:03.222 [main] INFO Env - @{5 PONG}
inp.2 << 19:07:03.222 [main] INFO Env - @{2 PONG}
inp.3 << 19:07:03.222 [main] INFO Env - @{3 PONG}
out.4 >> lock
out.1 >> lock
inp.1 << 19:07:03.223 [main] INFO Env - @{1 LOCKED}
inp.4 << 19:07:03.223 [main] INFO Env - @{4 SEND 1} Message(Ask)
out.1 >> unlock
inp.1 << 19:07:03.223 [main] INFO Env - @{1 RCVD 4} Message(Ask)
inp.1 << 19:07:03.223 [main] INFO Env - @{1 UNLOCKED}
inp.1 << 19:07:03.223 [main] INFO Env - @{1 SEND 4} Message(Share)
inp.4 << 19:07:03.223 [main] INFO Env - @{4 RCVD 1} Message(Share)
inp.4 << 19:07:03.223 [main] INFO Env - @{4 LOCKED}
out.4 >> unlock
inp.4 << 19:07:03.223 [main] INFO Env - @{4 UNLOCKED}
out.1 >> ping
out.2 >> ping
out.3 >> ping
out.4 >> ping
out.5 >> ping
inp.5 << 19:07:03.223 [main] INFO Env - @{5 PONG}
inp.1 << 19:07:03.223 [main] INFO Env - @{1 PONG}
inp.4 << 19:07:03.224 [main] INFO Env - @{4 PONG}
inp.2 << 19:07:03.224 [main] INFO Env - @{2 PONG}
inp.3 << 19:07:03.224 [main] INFO Env - @{3 PONG}
out.4 >> lock
out.1 >> lock
inp.4 << 19:07:03.224 [main] INFO Env - @{4 LOCKED}
out.4 >> unlock
inp.1 << 19:07:03.224 [main] INFO Env - @{1 SEND 4} Message(Ask)
inp.4 << 19:07:03.224 [main] INFO Env - @{4 UNLOCKED}
inp.4 << 19:07:03.224 [main] INFO Env - @{4 RCVD 1} Message(Ask)
inp.4 << 19:07:03.224 [main] INFO Env - @{4 SEND 1} Message(Share)
inp.1 << 19:07:03.224 [main] INFO Env - @{1 RCVD 4} Message(Share)
inp.1 << 19:07:03.224 [main] INFO Env - @{1 LOCKED}
out.1 >> unlock
inp.1 << 19:07:03.224 [main] INFO Env - @{1 UNLOCKED}
out.1 >> ping
out.2 >> ping
out.3 >> ping
out.4 >> ping
out.5 >> ping
inp.1 << 19:07:03.225 [main] INFO Env - @{1 PONG}
inp.5 << 19:07:03.225 [main] INFO Env - @{5 PONG}
inp.2 << 19:07:03.225 [main] INFO Env - @{2 PONG}
inp.3 << 19:07:03.225 [main] INFO Env - @{3 PONG}
inp.4 << 19:07:03.225 [main] INFO Env - @{4 PONG}
out.1 >> ping
out.2 >> ping
out.3 >> ping
out.4 >> ping
out.5 >> ping
inp.5 << 19:07:03.226 [main] INFO Env - @{5 PONG}
inp.1 << 19:07:03.226 [main] INFO Env - @{1 PONG}
inp.2 << 19:07:03.226 [main] INFO Env - @{2 PONG}
inp.3 << 19:07:03.226 [main] INFO Env - @{3 PONG}
inp.4 << 19:07:03.226 [main] INFO Env - @{4 PONG}
out.1 >> lock
inp.1 << 19:07:03.226 [main] INFO Env - @{1 LOCKED}
out.1 >> unlock
inp.1 << 19:07:03.226 [main] INFO Env - @{1 UNLOCKED}
out.1 >> ping
out.2 >> ping
out.3 >> ping
out.4 >> ping
out.5 >> ping
inp.5 << 19:07:03.227 [main] INFO Env - @{5 PONG}
inp.1 << 19:07:03.227 [main] INFO Env - @{1 PONG}
inp.2 << 19:07:03.227 [main] INFO Env - @{2 PONG}
inp.3 << 19:07:03.227 [main] INFO Env - @{3 PONG}
inp.4 << 19:07:03.227 [main] INFO Env - @{4 PONG}
out.2 >> lock
inp.2 << 19:07:03.228 [main] INFO Env - @{2 SEND 1} Message(Ask)
inp.2 << 19:07:03.228 [main] INFO Env - @{2 SEND 4} Message(Ask)
inp.1 << 19:07:03.228 [main] INFO Env - @{1 RCVD 2} Message(Ask)
inp.1 << 19:07:03.228 [main] INFO Env - @{1 SEND 2} Message(Share)
inp.4 << 19:07:03.228 [main] INFO Env - @{4 RCVD 2} Message(Ask)
inp.4 << 19:07:03.228 [main] INFO Env - @{4 SEND 2} Message(Share)
inp.2 << 19:07:03.228 [main] INFO Env - @{2 RCVD 1} Message(Share)
inp.2 << 19:07:03.228 [main] INFO Env - @{2 RCVD 4} Message(Share)
inp.2 << 19:07:03.228 [main] INFO Env - @{2 LOCKED}
out.2 >> unlock
inp.2 << 19:07:03.228 [main] INFO Env - @{2 UNLOCKED}
out.1 >> ping
out.2 >> ping
out.3 >> ping
out.4 >> ping
out.5 >> ping
inp.1 << 19:07:03.228 [main] INFO Env - @{1 PONG}
inp.5 << 19:07:03.228 [main] INFO Env - @{5 PONG}
inp.2 << 19:07:03.229 [main] INFO Env - @{2 PONG}
inp.3 << 19:07:03.229 [main] INFO Env - @{3 PONG}
inp.4 << 19:07:03.229 [main] INFO Env - @{4 PONG}
out.3 >> lock
inp.3 << 19:07:03.229 [main] INFO Env - @{3 SEND 1} Message(Ask)
inp.3 << 19:07:03.229 [main] INFO Env - @{3 SEND 2} Message(Ask)
inp.3 << 19:07:03.229 [main] INFO Env - @{3 SEND 4} Message(Ask)
inp.2 << 19:07:03.229 [main] INFO Env - @{2 RCVD 3} Message(Ask)
inp.2 << 19:07:03.229 [main] INFO Env - @{2 SEND 3} Message(Share)
inp.4 << 19:07:03.229 [main] INFO Env - @{4 RCVD 3} Message(Ask)
inp.1 << 19:07:03.229 [main] INFO Env - @{1 RCVD 3} Message(Ask)
inp.1 << 19:07:03.229 [main] INFO Env - @{1 SEND 3} Message(Share)
inp.4 << 19:07:03.229 [main] INFO Env - @{4 SEND 3} Message(Share)
inp.3 << 19:07:03.229 [main] INFO Env - @{3 RCVD 1} Message(Share)
inp.3 << 19:07:03.229 [main] INFO Env - @{3 RCVD 2} Message(Share)
inp.3 << 19:07:03.229 [main] INFO Env - @{3 RCVD 4} Message(Share)
inp.3 << 19:07:03.229 [main] INFO Env - @{3 LOCKED}
out.3 >> unlock
inp.3 << 19:07:03.230 [main] INFO Env - @{3 UNLOCKED}
out.1 >> ping
out.2 >> ping
out.3 >> ping
out.4 >> ping
out.5 >> ping
inp.5 << 19:07:03.230 [main] INFO Env - @{5 PONG}
inp.1 << 19:07:03.230 [main] INFO Env - @{1 PONG}
inp.2 << 19:07:03.230 [main] INFO Env - @{2 PONG}
inp.3 << 19:07:03.230 [main] INFO Env - @{3 PONG}
inp.4 << 19:07:03.231 [main] INFO Env - @{4 PONG}
out.4 >> lock
inp.4 << 19:07:03.231 [main] INFO Env - @{4 SEND 1} Message(Ask)
inp.4 << 19:07:03.231 [main] INFO Env - @{4 SEND 2} Message(Ask)
inp.1 << 19:07:03.232 [main] INFO Env - @{1 RCVD 4} Message(Ask)
inp.4 << 19:07:03.232 [main] INFO Env - @{4 SEND 3} Message(Ask)
inp.2 << 19:07:03.232 [main] INFO Env - @{2 RCVD 4} Message(Ask)
inp.2 << 19:07:03.233 [main] INFO Env - @{2 SEND 4} Message(Share)
inp.3 << 19:07:03.233 [main] INFO Env - @{3 RCVD 4} Message(Ask)
inp.1 << 19:07:03.233 [main] INFO Env - @{1 SEND 4} Message(Share)
inp.3 << 19:07:03.233 [main] INFO Env - @{3 SEND 4} Message(Share)
inp.4 << 19:07:03.233 [main] INFO Env - @{4 RCVD 1} Message(Share)
inp.4 << 19:07:03.233 [main] INFO Env - @{4 RCVD 2} Message(Share)
inp.4 << 19:07:03.233 [main] INFO Env - @{4 RCVD 3} Message(Share)
inp.4 << 19:07:03.233 [main] INFO Env - @{4 LOCKED}
out.4 >> unlock
inp.4 << 19:07:03.233 [main] INFO Env - @{4 UNLOCKED}
out.1 >> ping
out.2 >> ping
out.3 >> ping
out.4 >> ping
out.5 >> ping
inp.1 << 19:07:03.233 [main] INFO Env - @{1 PONG}
inp.5 << 19:07:03.233 [main] INFO Env - @{5 PONG}
inp.2 << 19:07:03.234 [main] INFO Env - @{2 PONG}
inp.3 << 19:07:03.234 [main] INFO Env - @{3 PONG}
inp.4 << 19:07:03.234 [main] INFO Env - @{4 PONG}
out.5 >> lock
inp.5 << 19:07:03.234 [main] INFO Env - @{5 SEND 1} Message(Ask)
inp.5 << 19:07:03.234 [main] INFO Env - @{5 SEND 2} Message(Ask)
inp.5 << 19:07:03.234 [main] INFO Env - @{5 SEND 3} Message(Ask)
inp.5 << 19:07:03.234 [main] INFO Env - @{5 SEND 4} Message(Ask)
inp.2 << 19:07:03.234 [main] INFO Env - @{2 RCVD 5} Message(Ask)
inp.2 << 19:07:03.234 [main] INFO Env - @{2 SEND 5} Message(Share)
inp.1 << 19:07:03.234 [main] INFO Env - @{1 RCVD 5} Message(Ask)
inp.1 << 19:07:03.234 [main] INFO Env - @{1 SEND 5} Message(Share)
inp.5 << 19:07:03.234 [main] INFO Env - @{5 RCVD 1} Message(Share)
inp.5 << 19:07:03.235 [main] INFO Env - @{5 RCVD 2} Message(Share)
inp.3 << 19:07:03.235 [main] INFO Env - @{3 RCVD 5} Message(Ask)
inp.3 << 19:07:03.235 [main] INFO Env - @{3 SEND 5} Message(Share)
inp.5 << 19:07:03.235 [main] INFO Env - @{5 RCVD 3} Message(Share)
inp.4 << 19:07:03.235 [main] INFO Env - @{4 RCVD 5} Message(Ask)
inp.4 << 19:07:03.235 [main] INFO Env - @{4 SEND 5} Message(Share)
inp.5 << 19:07:03.235 [main] INFO Env - @{5 RCVD 4} Message(Share)
inp.5 << 19:07:03.235 [main] INFO Env - @{5 LOCKED}
out.5 >> unlock
inp.5 << 19:07:03.235 [main] INFO Env - @{5 UNLOCKED}
out.1 >> ping
out.2 >> ping
out.3 >> ping
out.4 >> ping
out.5 >> ping
inp.5 << 19:07:03.235 [main] INFO Env - @{5 PONG}
inp.2 << 19:07:03.236 [main] INFO Env - @{2 PONG}
inp.1 << 19:07:03.236 [main] INFO Env - @{1 PONG}
inp.4 << 19:07:03.236 [main] INFO Env - @{4 PONG}
inp.3 << 19:07:03.236 [main] INFO Env - @{3 PONG}
out.4 >> lock
out.1 >> lock
out.2 >> lock
out.5 >> lock
out.3 >> lock
inp.5 << 19:07:03.236 [main] INFO Env - @{5 LOCKED}
out.5 >> unlock
inp.1 << 19:07:03.237 [main] INFO Env - @{1 SEND 2} Message(Ask)
inp.4 << 19:07:03.237 [main] INFO Env - @{4 SEND 5} Message(Ask)
inp.1 << 19:07:03.237 [main] INFO Env - @{1 SEND 3} Message(Ask)
inp.5 << 19:07:03.237 [main] INFO Env - @{5 UNLOCKED}
inp.5 << 19:07:03.237 [main] INFO Env - @{5 RCVD 4} Message(Ask)
inp.1 << 19:07:03.237 [main] INFO Env - @{1 SEND 4} Message(Ask)
inp.5 << 19:07:03.237 [main] INFO Env - @{5 SEND 4} Message(Share)
inp.1 << 19:07:03.237 [main] INFO Env - @{1 SEND 5} Message(Ask)
inp.2 << 19:07:03.237 [main] INFO Env - @{2 SEND 3} Message(Ask)
inp.5 << 19:07:03.237 [main] INFO Env - @{5 RCVD 1} Message(Ask)
inp.3 << 19:07:03.237 [main] INFO Env - @{3 SEND 4} Message(Ask)
inp.3 << 19:07:03.237 [main] INFO Env - @{3 SEND 5} Message(Ask)
inp.3 << 19:07:03.237 [main] INFO Env - @{3 RCVD 1} Message(Ask)
inp.3 << 19:07:03.237 [main] INFO Env - @{3 SEND 1} Message(Share)
inp.3 << 19:07:03.237 [main] INFO Env - @{3 SEND 1} Message(Ask)
inp.5 << 19:07:03.237 [main] INFO Env - @{5 SEND 1} Message(Share)
inp.5 << 19:07:03.237 [main] INFO Env - @{5 RCVD 3} Message(Ask)
inp.5 << 19:07:03.237 [main] INFO Env - @{5 SEND 3} Message(Share)
inp.1 << 19:07:03.238 [main] INFO Env - @{1 RCVD 3} Message(Share)
inp.1 << 19:07:03.238 [main] INFO Env - @{1 RCVD 3} Message(Ask)
inp.4 << 19:07:03.238 [main] INFO Env - @{4 RCVD 5} Message(Share)
inp.1 << 19:07:03.238 [main] INFO Env - @{1 RCVD 5} Message(Share)
inp.4 << 19:07:03.238 [main] INFO Env - @{4 LOCKED}
inp.4 << 19:07:03.238 [main] INFO Env - @{4 RCVD 1} Message(Ask)
inp.4 << 19:07:03.238 [main] INFO Env - @{4 RCVD 3} Message(Ask)
out.4 >> unlock
inp.2 << 19:07:03.238 [main] INFO Env - @{2 SEND 4} Message(Ask)
inp.3 << 19:07:03.238 [main] INFO Env - @{3 RCVD 2} Message(Ask)
inp.3 << 19:07:03.238 [main] INFO Env - @{3 SEND 2} Message(Share)
inp.3 << 19:07:03.238 [main] INFO Env - @{3 SEND 2} Message(Ask)
inp.2 << 19:07:03.238 [main] INFO Env - @{2 SEND 5} Message(Ask)
inp.5 << 19:07:03.239 [main] INFO Env - @{5 RCVD 2} Message(Ask)
inp.5 << 19:07:03.240 [main] INFO Env - @{5 SEND 2} Message(Share)
inp.2 << 19:07:03.241 [main] INFO Env - @{2 RCVD 1} Message(Ask)
inp.3 << 19:07:03.241 [main] INFO Env - @{3 RCVD 5} Message(Share)
inp.4 << 19:07:03.241 [main] INFO Env - @{4 RCVD 2} Message(Ask)
inp.4 << 19:07:03.241 [main] INFO Env - @{4 UNLOCKED}
inp.4 << 19:07:03.242 [main] INFO Env - @{4 SEND 1} Message(Share)
inp.4 << 19:07:03.243 [main] INFO Env - @{4 SEND 2} Message(Share)
inp.4 << 19:07:03.243 [main] INFO Env - @{4 SEND 3} Message(Share)
inp.2 << 19:07:03.243 [main] INFO Env - @{2 SEND 1} Message(Share)
inp.1 << 19:07:03.244 [main] INFO Env - @{1 RCVD 4} Message(Share)
inp.1 << 19:07:03.244 [main] INFO Env - @{1 RCVD 2} Message(Share)
inp.2 << 19:07:03.244 [main] INFO Env - @{2 SEND 1} Message(Ask)
inp.1 << 19:07:03.245 [main] INFO Env - @{1 LOCKED}
inp.2 << 19:07:03.245 [main] INFO Env - @{2 RCVD 3} Message(Share)
inp.2 << 19:07:03.245 [main] INFO Env - @{2 RCVD 3} Message(Ask)
inp.2 << 19:07:03.245 [main] INFO Env - @{2 RCVD 5} Message(Share)
inp.3 << 19:07:03.244 [main] INFO Env - @{3 RCVD 4} Message(Share)
inp.1 << 19:07:03.245 [main] INFO Env - @{1 RCVD 2} Message(Ask)
out.1 >> unlock
inp.2 << 19:07:03.245 [main] INFO Env - @{2 RCVD 4} Message(Share)
inp.1 << 19:07:03.246 [main] INFO Env - @{1 UNLOCKED}
inp.1 << 19:07:03.246 [main] INFO Env - @{1 SEND 2} Message(Share)
inp.1 << 19:07:03.246 [main] INFO Env - @{1 SEND 3} Message(Share)
inp.2 << 19:07:03.246 [main] INFO Env - @{2 RCVD 1} Message(Share)
inp.3 << 19:07:03.246 [main] INFO Env - @{3 RCVD 1} Message(Share)
inp.2 << 19:07:03.246 [main] INFO Env - @{2 LOCKED}
out.2 >> unlock
inp.2 << 19:07:03.247 [main] INFO Env - @{2 UNLOCKED}
inp.2 << 19:07:03.247 [main] INFO Env - @{2 SEND 3} Message(Share)
inp.3 << 19:07:03.247 [main] INFO Env - @{3 RCVD 2} Message(Share)
inp.3 << 19:07:03.247 [main] INFO Env - @{3 LOCKED}
out.3 >> unlock
inp.3 << 19:07:03.247 [main] INFO Env - @{3 UNLOCKED}
out.1 >> ping
out.2 >> ping
out.3 >> ping
out.4 >> ping
out.5 >> ping
inp.5 << 19:07:03.247 [main] INFO Env - @{5 PONG}
inp.1 << 19:07:03.247 [main] INFO Env - @{1 PONG}
inp.2 << 19:07:03.248 [main] INFO Env - @{2 PONG}
inp.3 << 19:07:03.248 [main] INFO Env - @{3 PONG}
inp.4 << 19:07:03.248 [main] INFO Env - @{4 PONG}
out.1 >> lock
inp.1 << 19:07:03.248 [main] INFO Env - @{1 SEND 2} Message(Ask)
inp.1 << 19:07:03.248 [main] INFO Env - @{1 SEND 3} Message(Ask)
inp.2 << 19:07:03.248 [main] INFO Env - @{2 RCVD 1} Message(Ask)
inp.3 << 19:07:03.248 [main] INFO Env - @{3 RCVD 1} Message(Ask)
inp.2 << 19:07:03.248 [main] INFO Env - @{2 SEND 1} Message(Share)
inp.3 << 19:07:03.248 [main] INFO Env - @{3 SEND 1} Message(Share)
inp.1 << 19:07:03.249 [main] INFO Env - @{1 RCVD 3} Message(Share)
inp.1 << 19:07:03.249 [main] INFO Env - @{1 RCVD 2} Message(Share)
inp.1 << 19:07:03.250 [main] INFO Env - @{1 LOCKED}
out.1 >> unlock
inp.1 << 19:07:03.250 [main] INFO Env - @{1 UNLOCKED}
out.1 >> ping
out.2 >> ping
out.3 >> ping
out.4 >> ping
out.5 >> ping
inp.5 << 19:07:03.250 [main] INFO Env - @{5 PONG}
inp.1 << 19:07:03.250 [main] INFO Env - @{1 PONG}
inp.2 << 19:07:03.250 [main] INFO Env - @{2 PONG}
inp.3 << 19:07:03.251 [main] INFO Env - @{3 PONG}
inp.4 << 19:07:03.251 [main] INFO Env - @{4 PONG}
out.1 >> lock
inp.1 << 19:07:03.251 [main] INFO Env - @{1 LOCKED}
out.1 >> unlock
inp.1 << 19:07:03.251 [main] INFO Env - @{1 UNLOCKED}
out.1 >> ping
out.2 >> ping
out.3 >> ping
out.4 >> ping
out.5 >> ping
inp.1 << 19:07:03.251 [main] INFO Env - @{1 PONG}
inp.5 << 19:07:03.251 [main] INFO Env - @{5 PONG}
inp.2 << 19:07:03.252 [main] INFO Env - @{2 PONG}
inp.3 << 19:07:03.252 [main] INFO Env - @{3 PONG}
inp.4 << 19:07:03.252 [main] INFO Env - @{4 PONG}
out.1 >> lock
inp.1 << 19:07:03.253 [main] INFO Env - @{1 LOCKED}
out.1 >> unlock
inp.1 << 19:07:03.254 [main] INFO Env - @{1 UNLOCKED}
out.1 >> ping
out.2 >> ping
out.3 >> ping
out.4 >> ping
out.5 >> ping
inp.1 << 19:07:03.255 [main] INFO Env - @{1 PONG}
inp.5 << 19:07:03.255 [main] INFO Env - @{5 PONG}
inp.2 << 19:07:03.256 [main] INFO Env - @{2 PONG}
inp.3 << 19:07:03.256 [main] INFO Env - @{3 PONG}
inp.4 << 19:07:03.256 [main] INFO Env - @{4 PONG}
out.1 >> lock
out.3 >> lock
inp.1 << 19:07:03.258 [main] INFO Env - @{1 LOCKED}
out.1 >> unlock
inp.3 << 19:07:03.259 [main] INFO Env - @{3 SEND 1} Message(Ask)
inp.1 << 19:07:03.259 [main] INFO Env - @{1 RCVD 3} Message(Ask)
inp.1 << 19:07:03.259 [main] INFO Env - @{1 UNLOCKED}
inp.1 << 19:07:03.260 [main] INFO Env - @{1 SEND 3} Message(Share)
inp.3 << 19:07:03.260 [main] INFO Env - @{3 RCVD 1} Message(Share)
inp.3 << 19:07:03.260 [main] INFO Env - @{3 LOCKED}
out.3 >> unlock
inp.3 << 19:07:03.261 [main] INFO Env - @{3 UNLOCKED}
out.1 >> ping
out.2 >> ping
out.3 >> ping
out.4 >> ping
out.5 >> ping
inp.5 << 19:07:03.262 [main] INFO Env - @{5 PONG}
inp.3 << 19:07:03.262 [main] INFO Env - @{3 PONG}
inp.1 << 19:07:03.261 [main] INFO Env - @{1 PONG}
inp.2 << 19:07:03.262 [main] INFO Env - @{2 PONG}
inp.4 << 19:07:03.262 [main] INFO Env - @{4 PONG}
out.1 >> lock
out.3 >> lock
inp.3 << 19:07:03.263 [main] INFO Env - @{3 LOCKED}
out.3 >> unlock
inp.1 << 19:07:03.263 [main] INFO Env - @{1 SEND 3} Message(Ask)
inp.3 << 19:07:03.263 [main] INFO Env - @{3 UNLOCKED}
inp.3 << 19:07:03.263 [main] INFO Env - @{3 RCVD 1} Message(Ask)
inp.3 << 19:07:03.263 [main] INFO Env - @{3 SEND 1} Message(Share)
inp.1 << 19:07:03.263 [main] INFO Env - @{1 RCVD 3} Message(Share)
inp.1 << 19:07:03.264 [main] INFO Env - @{1 LOCKED}
out.1 >> unlock
inp.1 << 19:07:03.264 [main] INFO Env - @{1 UNLOCKED}
out.1 >> ping
out.2 >> ping
out.3 >> ping
out.4 >> ping
out.5 >> ping
inp.5 << 19:07:03.264 [main] INFO Env - @{5 PONG}
inp.1 << 19:07:03.266 [main] INFO Env - @{1 PONG}
inp.2 << 19:07:03.266 [main] INFO Env - @{2 PONG}
inp.3 << 19:07:03.270 [main] INFO Env - @{3 PONG}
inp.4 << 19:07:03.271 [main] INFO Env - @{4 PONG}
out.1 >> lock
out.3 >> lock
inp.1 << 19:07:03.273 [main] INFO Env - @{1 LOCKED}
out.1 >> unlock
inp.3 << 19:07:03.274 [main] INFO Env - @{3 SEND 1} Message(Ask)
inp.1 << 19:07:03.276 [main] INFO Env - @{1 UNLOCKED}
inp.1 << 19:07:03.277 [main] INFO Env - @{1 RCVD 3} Message(Ask)
inp.1 << 19:07:03.277 [main] INFO Env - @{1 SEND 3} Message(Share)
inp.3 << 19:07:03.277 [main] INFO Env - @{3 RCVD 1} Message(Share)
inp.3 << 19:07:03.278 [main] INFO Env - @{3 LOCKED}
out.3 >> unlock
inp.3 << 19:07:03.278 [main] INFO Env - @{3 UNLOCKED}
out.1 >> ping
out.2 >> ping
out.3 >> ping
out.4 >> ping
out.5 >> ping
inp.3 << 19:07:03.279 [main] INFO Env - @{3 PONG}
inp.5 << 19:07:03.279 [main] INFO Env - @{5 PONG}
inp.1 << 19:07:03.279 [main] INFO Env - @{1 PONG}
inp.4 << 19:07:03.279 [main] INFO Env - @{4 PONG}
inp.2 << 19:07:03.279 [main] INFO Env - @{2 PONG}
out.1 >> ping
out.2 >> ping
out.3 >> ping
out.4 >> ping
out.5 >> ping
inp.1 << 19:07:03.280 [main] INFO Env - @{1 PONG}
inp.5 << 19:07:03.280 [main] INFO Env - @{5 PONG}
inp.2 << 19:07:03.281 [main] INFO Env - @{2 PONG}
inp.3 << 19:07:03.281 [main] INFO Env - @{3 PONG}
inp.4 << 19:07:03.281 [main] INFO Env - @{4 PONG}
out.1 >> lock
inp.1 << 19:07:03.281 [main] INFO Env - @{1 SEND 3} Message(Ask)
inp.3 << 19:07:03.282 [main] INFO Env - @{3 RCVD 1} Message(Ask)
inp.3 << 19:07:03.282 [main] INFO Env - @{3 SEND 1} Message(Share)
inp.1 << 19:07:03.282 [main] INFO Env - @{1 RCVD 3} Message(Share)
inp.1 << 19:07:03.282 [main] INFO Env - @{1 LOCKED}
out.1 >> unlock
inp.1 << 19:07:03.282 [main] INFO Env - @{1 UNLOCKED}
out.1 >> ping
out.2 >> ping
out.3 >> ping
out.4 >> ping
out.5 >> ping
inp.5 << 19:07:03.282 [main] INFO Env - @{5 PONG}
inp.1 << 19:07:03.283 [main] INFO Env - @{1 PONG}
inp.2 << 19:07:03.283 [main] INFO Env - @{2 PONG}
inp.3 << 19:07:03.283 [main] INFO Env - @{3 PONG}
inp.4 << 19:07:03.283 [main] INFO Env - @{4 PONG}
out.2 >> lock
inp.2 << 19:07:03.283 [main] INFO Env - @{2 SEND 1} Message(Ask)
inp.2 << 19:07:03.283 [main] INFO Env - @{2 SEND 3} Message(Ask)
inp.1 << 19:07:03.283 [main] INFO Env - @{1 RCVD 2} Message(Ask)
inp.3 << 19:07:03.283 [main] INFO Env - @{3 RCVD 2} Message(Ask)
inp.2 << 19:07:03.283 [main] INFO Env - @{2 RCVD 1} Message(Share)
inp.3 << 19:07:03.283 [main] INFO Env - @{3 SEND 2} Message(Share)
inp.2 << 19:07:03.284 [main] INFO Env - @{2 RCVD 3} Message(Share)
inp.2 << 19:07:03.284 [main] INFO Env - @{2 LOCKED}
inp.1 << 19:07:03.283 [main] INFO Env - @{1 SEND 2} Message(Share)
out.2 >> unlock
inp.2 << 19:07:03.284 [main] INFO Env - @{2 UNLOCKED}
out.1 >> ping
out.2 >> ping
out.3 >> ping
out.4 >> ping
out.5 >> ping
inp.2 << 19:07:03.284 [main] INFO Env - @{2 PONG}
inp.5 << 19:07:03.284 [main] INFO Env - @{5 PONG}
inp.1 << 19:07:03.284 [main] INFO Env - @{1 PONG}
inp.3 << 19:07:03.284 [main] INFO Env - @{3 PONG}
inp.4 << 19:07:03.284 [main] INFO Env - @{4 PONG}
out.3 >> lock
inp.3 << 19:07:03.285 [main] INFO Env - @{3 SEND 1} Message(Ask)
inp.3 << 19:07:03.286 [main] INFO Env - @{3 SEND 2} Message(Ask)
inp.2 << 19:07:03.286 [main] INFO Env - @{2 RCVD 3} Message(Ask)
inp.1 << 19:07:03.286 [main] INFO Env - @{1 RCVD 3} Message(Ask)
inp.2 << 19:07:03.286 [main] INFO Env - @{2 SEND 3} Message(Share)
inp.1 << 19:07:03.286 [main] INFO Env - @{1 SEND 3} Message(Share)
inp.3 << 19:07:03.286 [main] INFO Env - @{3 RCVD 1} Message(Share)
inp.3 << 19:07:03.286 [main] INFO Env - @{3 RCVD 2} Message(Share)
inp.3 << 19:07:03.286 [main] INFO Env - @{3 LOCKED}
out.3 >> unlock
inp.3 << 19:07:03.286 [main] INFO Env - @{3 UNLOCKED}
out.1 >> ping
out.2 >> ping
out.3 >> ping
out.4 >> ping
out.5 >> ping
inp.5 << 19:07:03.286 [main] INFO Env - @{5 PONG}
inp.1 << 19:07:03.286 [main] INFO Env - @{1 PONG}
inp.2 << 19:07:03.287 [main] INFO Env - @{2 PONG}
inp.3 << 19:07:03.287 [main] INFO Env - @{3 PONG}
inp.4 << 19:07:03.287 [main] INFO Env - @{4 PONG}
out.4 >> lock
inp.4 << 19:07:03.287 [main] INFO Env - @{4 SEND 1} Message(Ask)
inp.4 << 19:07:03.287 [main] INFO Env - @{4 SEND 2} Message(Ask)
inp.1 << 19:07:03.287 [main] INFO Env - @{1 RCVD 4} Message(Ask)
inp.4 << 19:07:03.287 [main] INFO Env - @{4 SEND 3} Message(Ask)
inp.1 << 19:07:03.287 [main] INFO Env - @{1 SEND 4} Message(Share)
inp.2 << 19:07:03.287 [main] INFO Env - @{2 RCVD 4} Message(Ask)
inp.3 << 19:07:03.287 [main] INFO Env - @{3 RCVD 4} Message(Ask)
inp.2 << 19:07:03.287 [main] INFO Env - @{2 SEND 4} Message(Share)
inp.3 << 19:07:03.287 [main] INFO Env - @{3 SEND 4} Message(Share)
inp.4 << 19:07:03.288 [main] INFO Env - @{4 RCVD 1} Message(Share)
inp.4 << 19:07:03.288 [main] INFO Env - @{4 RCVD 2} Message(Share)
inp.4 << 19:07:03.288 [main] INFO Env - @{4 RCVD 3} Message(Share)
inp.4 << 19:07:03.288 [main] INFO Env - @{4 LOCKED}
out.4 >> unlock
inp.4 << 19:07:03.288 [main] INFO Env - @{4 UNLOCKED}
out.1 >> ping
out.2 >> ping
out.3 >> ping
out.4 >> ping
out.5 >> ping
inp.1 << 19:07:03.288 [main] INFO Env - @{1 PONG}
inp.5 << 19:07:03.288 [main] INFO Env - @{5 PONG}
inp.4 << 19:07:03.288 [main] INFO Env - @{4 PONG}
inp.2 << 19:07:03.288 [main] INFO Env - @{2 PONG}
inp.3 << 19:07:03.288 [main] INFO Env - @{3 PONG}
out.5 >> lock
inp.5 << 19:07:03.289 [main] INFO Env - @{5 SEND 1} Message(Ask)
inp.5 << 19:07:03.289 [main] INFO Env - @{5 SEND 2} Message(Ask)
inp.5 << 19:07:03.289 [main] INFO Env - @{5 SEND 3} Message(Ask)
inp.5 << 19:07:03.289 [main] INFO Env - @{5 SEND 4} Message(Ask)
inp.2 << 19:07:03.289 [main] INFO Env - @{2 RCVD 5} Message(Ask)
inp.1 << 19:07:03.289 [main] INFO Env - @{1 RCVD 5} Message(Ask)
inp.2 << 19:07:03.289 [main] INFO Env - @{2 SEND 5} Message(Share)
inp.1 << 19:07:03.289 [main] INFO Env - @{1 SEND 5} Message(Share)
inp.5 << 19:07:03.289 [main] INFO Env - @{5 RCVD 1} Message(Share)
inp.5 << 19:07:03.289 [main] INFO Env - @{5 RCVD 2} Message(Share)
inp.3 << 19:07:03.289 [main] INFO Env - @{3 RCVD 5} Message(Ask)
inp.3 << 19:07:03.289 [main] INFO Env - @{3 SEND 5} Message(Share)
inp.4 << 19:07:03.289 [main] INFO Env - @{4 RCVD 5} Message(Ask)
inp.4 << 19:07:03.290 [main] INFO Env - @{4 SEND 5} Message(Share)
inp.5 << 19:07:03.290 [main] INFO Env - @{5 RCVD 3} Message(Share)
inp.5 << 19:07:03.290 [main] INFO Env - @{5 RCVD 4} Message(Share)
inp.5 << 19:07:03.290 [main] INFO Env - @{5 LOCKED}
out.5 >> unlock
inp.5 << 19:07:03.290 [main] INFO Env - @{5 UNLOCKED}
out.1 >> ping
out.2 >> ping
out.3 >> ping
out.4 >> ping
out.5 >> ping
inp.5 << 19:07:03.291 [main] INFO Env - @{5 PONG}
inp.1 << 19:07:03.292 [main] INFO Env - @{1 PONG}
inp.2 << 19:07:03.292 [main] INFO Env - @{2 PONG}
inp.3 << 19:07:03.292 [main] INFO Env - @{3 PONG}
inp.4 << 19:07:03.292 [main] INFO Env - @{4 PONG}
out.1 >> lock
out.3 >> lock
out.4 >> lock
out.2 >> lock
out.5 >> lock
inp.5 << 19:07:03.294 [main] INFO Env - @{5 LOCKED}
out.5 >> unlock
inp.5 << 19:07:03.295 [main] INFO Env - @{5 UNLOCKED}
inp.1 << 19:07:03.295 [main] INFO Env - @{1 SEND 2} Message(Ask)
inp.1 << 19:07:03.295 [main] INFO Env - @{1 SEND 3} Message(Ask)
inp.1 << 19:07:03.295 [main] INFO Env - @{1 SEND 4} Message(Ask)
inp.1 << 19:07:03.295 [main] INFO Env - @{1 SEND 5} Message(Ask)
inp.5 << 19:07:03.295 [main] INFO Env - @{5 RCVD 1} Message(Ask)
inp.5 << 19:07:03.295 [main] INFO Env - @{5 SEND 1} Message(Share)
inp.3 << 19:07:03.295 [main] INFO Env - @{3 SEND 4} Message(Ask)
inp.3 << 19:07:03.295 [main] INFO Env - @{3 SEND 5} Message(Ask)
inp.5 << 19:07:03.295 [main] INFO Env - @{5 RCVD 3} Message(Ask)
inp.4 << 19:07:03.295 [main] INFO Env - @{4 SEND 5} Message(Ask)
inp.5 << 19:07:03.295 [main] INFO Env - @{5 SEND 3} Message(Share)
inp.5 << 19:07:03.296 [main] INFO Env - @{5 RCVD 4} Message(Ask)
inp.5 << 19:07:03.296 [main] INFO Env - @{5 SEND 4} Message(Share)
inp.3 << 19:07:03.296 [main] INFO Env - @{3 RCVD 1} Message(Ask)
inp.3 << 19:07:03.296 [main] INFO Env - @{3 SEND 1} Message(Share)
inp.3 << 19:07:03.296 [main] INFO Env - @{3 SEND 1} Message(Ask)
inp.3 << 19:07:03.296 [main] INFO Env - @{3 RCVD 5} Message(Share)
inp.3 << 19:07:03.296 [main] INFO Env - @{3 RCVD 4} Message(Share)
inp.3 << 19:07:03.296 [main] INFO Env - @{3 RCVD 4} Message(Ask)
inp.2 << 19:07:03.296 [main] INFO Env - @{2 SEND 3} Message(Ask)
inp.2 << 19:07:03.296 [main] INFO Env - @{2 SEND 4} Message(Ask)
inp.1 << 19:07:03.296 [main] INFO Env - @{1 RCVD 5} Message(Share)
inp.2 << 19:07:03.296 [main] INFO Env - @{2 SEND 5} Message(Ask)
inp.2 << 19:07:03.297 [main] INFO Env - @{2 RCVD 1} Message(Ask)
inp.2 << 19:07:03.297 [main] INFO Env - @{2 SEND 1} Message(Share)
inp.5 << 19:07:03.297 [main] INFO Env - @{5 RCVD 2} Message(Ask)
inp.5 << 19:07:03.297 [main] INFO Env - @{5 SEND 2} Message(Share)
inp.2 << 19:07:03.297 [main] INFO Env - @{2 SEND 1} Message(Ask)
inp.2 << 19:07:03.297 [main] INFO Env - @{2 RCVD 5} Message(Share)
inp.1 << 19:07:03.297 [main] INFO Env - @{1 RCVD 4} Message(Share)
inp.1 << 19:07:03.297 [main] INFO Env - @{1 RCVD 4} Message(Ask)
inp.3 << 19:07:03.297 [main] INFO Env - @{3 RCVD 2} Message(Ask)
inp.1 << 19:07:03.297 [main] INFO Env - @{1 RCVD 3} Message(Share)
inp.1 << 19:07:03.297 [main] INFO Env - @{1 RCVD 3} Message(Ask)
inp.1 << 19:07:03.297 [main] INFO Env - @{1 RCVD 2} Message(Share)
inp.1 << 19:07:03.297 [main] INFO Env - @{1 LOCKED}
inp.1 << 19:07:03.297 [main] INFO Env - @{1 RCVD 2} Message(Ask)
inp.3 << 19:07:03.297 [main] INFO Env - @{3 SEND 2} Message(Share)
inp.3 << 19:07:03.297 [main] INFO Env - @{3 SEND 2} Message(Ask)
inp.4 << 19:07:03.296 [main] INFO Env - @{4 RCVD 1} Message(Ask)
inp.4 << 19:07:03.296 [main] INFO Env - @{4 SEND 1} Message(Share)
inp.2 << 19:07:03.297 [main] INFO Env - @{2 RCVD 4} Message(Share)
inp.4 << 19:07:03.296 [main] INFO Env - @{4 SEND 1} Message(Ask)
inp.2 << 19:07:03.297 [main] INFO Env - @{2 RCVD 4} Message(Ask)
inp.4 << 19:07:03.296 [main] INFO Env - @{4 RCVD 3} Message(Ask)
inp.4 << 19:07:03.296 [main] INFO Env - @{4 SEND 3} Message(Share)
inp.4 << 19:07:03.296 [main] INFO Env - @{4 SEND 3} Message(Ask)
inp.4 << 19:07:03.296 [main] INFO Env - @{4 RCVD 5} Message(Share)
inp.4 << 19:07:03.297 [main] INFO Env - @{4 RCVD 2} Message(Ask)
inp.4 << 19:07:03.297 [main] INFO Env - @{4 SEND 2} Message(Share)
inp.4 << 19:07:03.297 [main] INFO Env - @{4 SEND 2} Message(Ask)
inp.2 << 19:07:03.297 [main] INFO Env - @{2 RCVD 3} Message(Share)
inp.2 << 19:07:03.298 [main] INFO Env - @{2 RCVD 3} Message(Ask)
out.1 >> unlock
inp.1 << 19:07:03.298 [main] INFO Env - @{1 UNLOCKED}
inp.1 << 19:07:03.298 [main] INFO Env - @{1 SEND 2} Message(Share)
inp.1 << 19:07:03.298 [main] INFO Env - @{1 SEND 3} Message(Share)
inp.1 << 19:07:03.298 [main] INFO Env - @{1 SEND 4} Message(Share)
inp.2 << 19:07:03.298 [main] INFO Env - @{2 RCVD 1} Message(Share)
inp.3 << 19:07:03.298 [main] INFO Env - @{3 RCVD 1} Message(Share)
inp.2 << 19:07:03.298 [main] INFO Env - @{2 LOCKED}
out.2 >> unlock
inp.4 << 19:07:03.299 [main] INFO Env - @{4 RCVD 1} Message(Share)
inp.2 << 19:07:03.299 [main] INFO Env - @{2 UNLOCKED}
inp.2 << 19:07:03.299 [main] INFO Env - @{2 SEND 3} Message(Share)
inp.2 << 19:07:03.299 [main] INFO Env - @{2 SEND 4} Message(Share)
inp.4 << 19:07:03.300 [main] INFO Env - @{4 RCVD 2} Message(Share)
inp.3 << 19:07:03.300 [main] INFO Env - @{3 RCVD 2} Message(Share)
inp.3 << 19:07:03.300 [main] INFO Env - @{3 LOCKED}
out.3 >> unlock
inp.3 << 19:07:03.301 [main] INFO Env - @{3 UNLOCKED}
inp.3 << 19:07:03.301 [main] INFO Env - @{3 SEND 4} Message(Share)
inp.4 << 19:07:03.302 [main] INFO Env - @{4 RCVD 3} Message(Share)
inp.4 << 19:07:03.302 [main] INFO Env - @{4 LOCKED}
out.4 >> unlock
inp.4 << 19:07:03.303 [main] INFO Env - @{4 UNLOCKED}
out.1 >> ping
out.2 >> ping
out.3 >> ping
out.4 >> ping
out.5 >> ping
inp.5 << 19:07:03.304 [main] INFO Env - @{5 PONG}
inp.1 << 19:07:03.305 [main] INFO Env - @{1 PONG}
inp.2 << 19:07:03.305 [main] INFO Env - @{2 PONG}
inp.4 << 19:07:03.305 [main] INFO Env - @{4 PONG}
inp.3 << 19:07:03.305 [main] INFO Env - @{3 PONG}
out.5 >> lock
inp.5 << 19:07:03.306 [main] INFO Env - @{5 SEND 1} Message(Ask)
inp.5 << 19:07:03.306 [main] INFO Env - @{5 SEND 2} Message(Ask)
inp.5 << 19:07:03.306 [main] INFO Env - @{5 SEND 3} Message(Ask)
inp.5 << 19:07:03.307 [main] INFO Env - @{5 SEND 4} Message(Ask)
inp.1 << 19:07:03.307 [main] INFO Env - @{1 RCVD 5} Message(Ask)
inp.1 << 19:07:03.307 [main] INFO Env - @{1 SEND 5} Message(Share)
inp.2 << 19:07:03.307 [main] INFO Env - @{2 RCVD 5} Message(Ask)
inp.2 << 19:07:03.307 [main] INFO Env - @{2 SEND 5} Message(Share)
inp.4 << 19:07:03.307 [main] INFO Env - @{4 RCVD 5} Message(Ask)
inp.5 << 19:07:03.307 [main] INFO Env - @{5 RCVD 1} Message(Share)
inp.3 << 19:07:03.307 [main] INFO Env - @{3 RCVD 5} Message(Ask)
inp.3 << 19:07:03.307 [main] INFO Env - @{3 SEND 5} Message(Share)
inp.5 << 19:07:03.307 [main] INFO Env - @{5 RCVD 2} Message(Share)
inp.5 << 19:07:03.307 [main] INFO Env - @{5 RCVD 3} Message(Share)
inp.5 << 19:07:03.307 [main] INFO Env - @{5 RCVD 4} Message(Share)
inp.5 << 19:07:03.307 [main] INFO Env - @{5 LOCKED}
inp.4 << 19:07:03.307 [main] INFO Env - @{4 SEND 5} Message(Share)
out.5 >> unlock
inp.5 << 19:07:03.307 [main] INFO Env - @{5 UNLOCKED}
out.1 >> ping
out.2 >> ping
out.3 >> ping
out.4 >> ping
out.5 >> ping
inp.5 << 19:07:03.307 [main] INFO Env - @{5 PONG}
inp.1 << 19:07:03.307 [main] INFO Env - @{1 PONG}
inp.2 << 19:07:03.308 [main] INFO Env - @{2 PONG}
inp.3 << 19:07:03.308 [main] INFO Env - @{3 PONG}
inp.4 << 19:07:03.308 [main] INFO Env - @{4 PONG}
out.5 >> lock
inp.5 << 19:07:03.309 [main] INFO Env - @{5 LOCKED}
out.5 >> unlock
inp.5 << 19:07:03.309 [main] INFO Env - @{5 UNLOCKED}
out.1 >> ping
out.2 >> ping
out.3 >> ping
out.4 >> ping
out.5 >> ping
inp.5 << 19:07:03.309 [main] INFO Env - @{5 PONG}
inp.1 << 19:07:03.309 [main] INFO Env - @{1 PONG}
inp.2 << 19:07:03.309 [main] INFO Env - @{2 PONG}
inp.3 << 19:07:03.309 [main] INFO Env - @{3 PONG}
inp.4 << 19:07:03.309 [main] INFO Env - @{4 PONG}
out.5 >> lock
inp.5 << 19:07:03.310 [main] INFO Env - @{5 LOCKED}
out.5 >> unlock
inp.5 << 19:07:03.310 [main] INFO Env - @{5 UNLOCKED}
out.1 >> ping
out.2 >> ping
out.3 >> ping
out.4 >> ping
out.5 >> ping
inp.5 << 19:07:03.310 [main] INFO Env - @{5 PONG}
inp.2 << 19:07:03.310 [main] INFO Env - @{2 PONG}
inp.1 << 19:07:03.310 [main] INFO Env - @{1 PONG}
inp.3 << 19:07:03.311 [main] INFO Env - @{3 PONG}
inp.4 << 19:07:03.311 [main] INFO Env - @{4 PONG}
out.5 >> lock
out.2 >> lock
inp.5 << 19:07:03.312 [main] INFO Env - @{5 LOCKED}
out.5 >> unlock
inp.2 << 19:07:03.312 [main] INFO Env - @{2 SEND 3} Message(Ask)
inp.5 << 19:07:03.312 [main] INFO Env - @{5 UNLOCKED}
inp.2 << 19:07:03.312 [main] INFO Env - @{2 SEND 4} Message(Ask)
inp.2 << 19:07:03.312 [main] INFO Env - @{2 SEND 5} Message(Ask)
inp.5 << 19:07:03.312 [main] INFO Env - @{5 RCVD 2} Message(Ask)
inp.5 << 19:07:03.312 [main] INFO Env - @{5 SEND 2} Message(Share)
inp.3 << 19:07:03.312 [main] INFO Env - @{3 RCVD 2} Message(Ask)
inp.2 << 19:07:03.312 [main] INFO Env - @{2 RCVD 5} Message(Share)
inp.3 << 19:07:03.312 [main] INFO Env - @{3 SEND 2} Message(Share)
inp.2 << 19:07:03.312 [main] INFO Env - @{2 RCVD 3} Message(Share)
inp.4 << 19:07:03.312 [main] INFO Env - @{4 RCVD 2} Message(Ask)
inp.4 << 19:07:03.313 [main] INFO Env - @{4 SEND 2} Message(Share)
inp.2 << 19:07:03.313 [main] INFO Env - @{2 RCVD 4} Message(Share)
inp.2 << 19:07:03.313 [main] INFO Env - @{2 LOCKED}
out.2 >> unlock
inp.2 << 19:07:03.313 [main] INFO Env - @{2 UNLOCKED}
out.1 >> ping
out.2 >> ping
out.3 >> ping
out.4 >> ping
out.5 >> ping
inp.5 << 19:07:03.313 [main] INFO Env - @{5 PONG}
inp.1 << 19:07:03.313 [main] INFO Env - @{1 PONG}
inp.2 << 19:07:03.313 [main] INFO Env - @{2 PONG}
inp.4 << 19:07:03.313 [main] INFO Env - @{4 PONG}
inp.3 << 19:07:03.313 [main] INFO Env - @{3 PONG}
out.5 >> lock
out.2 >> lock
inp.2 << 19:07:03.314 [main] INFO Env - @{2 LOCKED}
inp.5 << 19:07:03.314 [main] INFO Env - @{5 SEND 2} Message(Ask)
out.2 >> unlock
inp.2 << 19:07:03.314 [main] INFO Env - @{2 RCVD 5} Message(Ask)
inp.2 << 19:07:03.314 [main] INFO Env - @{2 UNLOCKED}
inp.2 << 19:07:03.314 [main] INFO Env - @{2 SEND 5} Message(Share)
inp.5 << 19:07:03.314 [main] INFO Env - @{5 RCVD 2} Message(Share)
inp.5 << 19:07:03.314 [main] INFO Env - @{5 LOCKED}
out.5 >> unlock
inp.5 << 19:07:03.314 [main] INFO Env - @{5 UNLOCKED}
out.1 >> ping
out.2 >> ping
out.3 >> ping
out.4 >> ping
out.5 >> ping
inp.5 << 19:07:03.314 [main] INFO Env - @{5 PONG}
inp.2 << 19:07:03.314 [main] INFO Env - @{2 PONG}
inp.3 << 19:07:03.315 [main] INFO Env - @{3 PONG}
inp.4 << 19:07:03.315 [main] INFO Env - @{4 PONG}
inp.1 << 19:07:03.314 [main] INFO Env - @{1 PONG}
out.5 >> lock
out.2 >> lock
inp.5 << 19:07:03.315 [main] INFO Env - @{5 LOCKED}
inp.2 << 19:07:03.315 [main] INFO Env - @{2 SEND 5} Message(Ask)
out.5 >> unlock
inp.5 << 19:07:03.315 [main] INFO Env - @{5 RCVD 2} Message(Ask)
inp.5 << 19:07:03.315 [main] INFO Env - @{5 UNLOCKED}
inp.5 << 19:07:03.315 [main] INFO Env - @{5 SEND 2} Message(Share)
inp.2 << 19:07:03.315 [main] INFO Env - @{2 RCVD 5} Message(Share)
inp.2 << 19:07:03.315 [main] INFO Env - @{2 LOCKED}
out.2 >> unlock
inp.2 << 19:07:03.315 [main] INFO Env - @{2 UNLOCKED}
out.1 >> ping
out.2 >> ping
out.3 >> ping
out.4 >> ping
out.5 >> ping
inp.5 << 19:07:03.316 [main] INFO Env - @{5 PONG}
inp.1 << 19:07:03.316 [main] INFO Env - @{1 PONG}
inp.2 << 19:07:03.316 [main] INFO Env - @{2 PONG}
inp.3 << 19:07:03.316 [main] INFO Env - @{3 PONG}
inp.4 << 19:07:03.316 [main] INFO Env - @{4 PONG}
out.1 >> ping
out.2 >> ping
out.3 >> ping
out.4 >> ping
out.5 >> ping
inp.5 << 19:07:03.317 [main] INFO Env - @{5 PONG}
inp.1 << 19:07:03.317 [main] INFO Env - @{1 PONG}
inp.2 << 19:07:03.317 [main] INFO Env - @{2 PONG}
inp.3 << 19:07:03.317 [main] INFO Env - @{3 PONG}
inp.4 << 19:07:03.317 [main] INFO Env - @{4 PONG}
out.1 >> lock
inp.1 << 19:07:03.318 [main] INFO Env - @{1 SEND 2} Message(Ask)
inp.1 << 19:07:03.319 [main] INFO Env - @{1 SEND 3} Message(Ask)
inp.2 << 19:07:03.319 [main] INFO Env - @{2 RCVD 1} Message(Ask)
inp.1 << 19:07:03.319 [main] INFO Env - @{1 SEND 4} Message(Ask)
inp.2 << 19:07:03.319 [main] INFO Env - @{2 SEND 1} Message(Share)
inp.3 << 19:07:03.320 [main] INFO Env - @{3 RCVD 1} Message(Ask)
inp.3 << 19:07:03.320 [main] INFO Env - @{3 SEND 1} Message(Share)
inp.1 << 19:07:03.320 [main] INFO Env - @{1 SEND 5} Message(Ask)
inp.1 << 19:07:03.320 [main] INFO Env - @{1 RCVD 2} Message(Share)
inp.1 << 19:07:03.320 [main] INFO Env - @{1 RCVD 3} Message(Share)
inp.5 << 19:07:03.320 [main] INFO Env - @{5 RCVD 1} Message(Ask)
inp.5 << 19:07:03.321 [main] INFO Env - @{5 SEND 1} Message(Share)
inp.4 << 19:07:03.320 [main] INFO Env - @{4 RCVD 1} Message(Ask)
inp.1 << 19:07:03.321 [main] INFO Env - @{1 RCVD 5} Message(Share)
inp.4 << 19:07:03.321 [main] INFO Env - @{4 SEND 1} Message(Share)
inp.1 << 19:07:03.322 [main] INFO Env - @{1 RCVD 4} Message(Share)
inp.1 << 19:07:03.322 [main] INFO Env - @{1 LOCKED}
out.1 >> unlock
inp.1 << 19:07:03.323 [main] INFO Env - @{1 UNLOCKED}
out.1 >> ping
out.2 >> ping
out.3 >> ping
out.4 >> ping
out.5 >> ping
inp.1 << 19:07:03.324 [main] INFO Env - @{1 PONG}
inp.5 << 19:07:03.324 [main] INFO Env - @{5 PONG}
inp.2 << 19:07:03.324 [main] INFO Env - @{2 PONG}
inp.3 << 19:07:03.324 [main] INFO Env - @{3 PONG}
inp.4 << 19:07:03.324 [main] INFO Env - @{4 PONG}
out.2 >> lock
inp.2 << 19:07:03.325 [main] INFO Env - @{2 SEND 1} Message(Ask)
inp.1 << 19:07:03.326 [main] INFO Env - @{1 RCVD 2} Message(Ask)
inp.1 << 19:07:03.326 [main] INFO Env - @{1 SEND 2} Message(Share)
inp.2 << 19:07:03.361 [main] INFO Env - @{2 RCVD 1} Message(Share)
inp.2 << 19:07:03.361 [main] INFO Env - @{2 LOCKED}
out.2 >> unlock
inp.2 << 19:07:03.361 [main] INFO Env - @{2 UNLOCKED}
out.1 >> ping
out.2 >> ping
out.3 >> ping
out.4 >> ping
out.5 >> ping
inp.4 << 19:07:03.361 [main] INFO Env - @{4 PONG}
inp.5 << 19:07:03.361 [main] INFO Env - @{5 PONG}
inp.2 << 19:07:03.361 [main] INFO Env - @{2 PONG}
inp.3 << 19:07:03.361 [main] INFO Env - @{3 PONG}
inp.1 << 19:07:03.363 [main] INFO Env - @{1 PONG}
out.3 >> lock
inp.3 << 19:07:03.363 [main] INFO Env - @{3 SEND 1} Message(Ask)
inp.3 << 19:07:03.363 [main] INFO Env - @{3 SEND 2} Message(Ask)
inp.3 << 19:07:03.364 [main] INFO Env - @{3 SEND 4} Message(Ask)
inp.3 << 19:07:03.364 [main] INFO Env - @{3 SEND 5} Message(Ask)
inp.2 << 19:07:03.364 [main] INFO Env - @{2 RCVD 3} Message(Ask)
inp.2 << 19:07:03.364 [main] INFO Env - @{2 SEND 3} Message(Share)
inp.5 << 19:07:03.364 [main] INFO Env - @{5 RCVD 3} Message(Ask)
inp.4 << 19:07:03.364 [main] INFO Env - @{4 RCVD 3} Message(Ask)
inp.5 << 19:07:03.364 [main] INFO Env - @{5 SEND 3} Message(Share)
inp.4 << 19:07:03.364 [main] INFO Env - @{4 SEND 3} Message(Share)
inp.3 << 19:07:03.364 [main] INFO Env - @{3 RCVD 2} Message(Share)
inp.3 << 19:07:03.364 [main] INFO Env - @{3 RCVD 4} Message(Share)
inp.3 << 19:07:03.364 [main] INFO Env - @{3 RCVD 5} Message(Share)
inp.1 << 19:07:03.374 [main] INFO Env - @{1 RCVD 3} Message(Ask)
inp.1 << 19:07:03.374 [main] INFO Env - @{1 SEND 3} Message(Share)
inp.3 << 19:07:03.375 [main] INFO Env - @{3 RCVD 1} Message(Share)
inp.3 << 19:07:03.375 [main] INFO Env - @{3 LOCKED}
out.3 >> unlock
inp.3 << 19:07:03.375 [main] INFO Env - @{3 UNLOCKED}
out.1 >> ping
out.2 >> ping
out.3 >> ping
out.4 >> ping
out.5 >> ping
inp.5 << 19:07:03.375 [main] INFO Env - @{5 PONG}
inp.4 << 19:07:03.375 [main] INFO Env - @{4 PONG}
inp.2 << 19:07:03.376 [main] INFO Env - @{2 PONG}
inp.3 << 19:07:03.376 [main] INFO Env - @{3 PONG}
inp.1 << 19:07:03.376 [main] INFO Env - @{1 PONG}
out.4 >> lock
inp.4 << 19:07:03.377 [main] INFO Env - @{4 SEND 1} Message(Ask)
inp.4 << 19:07:03.377 [main] INFO Env - @{4 SEND 2} Message(Ask)
inp.4 << 19:07:03.377 [main] INFO Env - @{4 SEND 3} Message(Ask)
inp.4 << 19:07:03.377 [main] INFO Env - @{4 SEND 5} Message(Ask)
inp.2 << 19:07:03.377 [main] INFO Env - @{2 RCVD 4} Message(Ask)
inp.2 << 19:07:03.377 [main] INFO Env - @{2 SEND 4} Message(Share)
inp.5 << 19:07:03.377 [main] INFO Env - @{5 RCVD 4} Message(Ask)
inp.5 << 19:07:03.377 [main] INFO Env - @{5 SEND 4} Message(Share)
inp.4 << 19:07:03.377 [main] INFO Env - @{4 RCVD 2} Message(Share)
inp.4 << 19:07:03.377 [main] INFO Env - @{4 RCVD 5} Message(Share)
inp.3 << 19:07:03.377 [main] INFO Env - @{3 RCVD 4} Message(Ask)
inp.3 << 19:07:03.377 [main] INFO Env - @{3 SEND 4} Message(Share)
inp.4 << 19:07:03.377 [main] INFO Env - @{4 RCVD 3} Message(Share)
inp.1 << 19:07:03.378 [main] INFO Env - @{1 RCVD 4} Message(Ask)
inp.1 << 19:07:03.378 [main] INFO Env - @{1 SEND 4} Message(Share)
inp.4 << 19:07:03.378 [main] INFO Env - @{4 RCVD 1} Message(Share)
inp.4 << 19:07:03.379 [main] INFO Env - @{4 LOCKED}
out.4 >> unlock
inp.4 << 19:07:03.379 [main] INFO Env - @{4 UNLOCKED}
out.1 >> ping
out.2 >> ping
out.3 >> ping
out.4 >> ping
out.5 >> ping
inp.5 << 19:07:03.379 [main] INFO Env - @{5 PONG}
inp.4 << 19:07:03.379 [main] INFO Env - @{4 PONG}
inp.2 << 19:07:03.379 [main] INFO Env - @{2 PONG}
inp.3 << 19:07:03.379 [main] INFO Env - @{3 PONG}
inp.1 << 19:07:03.380 [main] INFO Env - @{1 PONG}
out.5 >> lock
inp.5 << 19:07:03.380 [main] INFO Env - @{5 SEND 1} Message(Ask)
inp.5 << 19:07:03.380 [main] INFO Env - @{5 SEND 2} Message(Ask)
inp.5 << 19:07:03.380 [main] INFO Env - @{5 SEND 3} Message(Ask)
inp.5 << 19:07:03.380 [main] INFO Env - @{5 SEND 4} Message(Ask)
inp.2 << 19:07:03.380 [main] INFO Env - @{2 RCVD 5} Message(Ask)
inp.2 << 19:07:03.381 [main] INFO Env - @{2 SEND 5} Message(Share)
inp.4 << 19:07:03.381 [main] INFO Env - @{4 RCVD 5} Message(Ask)
inp.4 << 19:07:03.381 [main] INFO Env - @{4 SEND 5} Message(Share)
inp.5 << 19:07:03.381 [main] INFO Env - @{5 RCVD 2} Message(Share)
inp.5 << 19:07:03.381 [main] INFO Env - @{5 RCVD 4} Message(Share)
inp.3 << 19:07:03.381 [main] INFO Env - @{3 RCVD 5} Message(Ask)
inp.3 << 19:07:03.381 [main] INFO Env - @{3 SEND 5} Message(Share)
inp.5 << 19:07:03.381 [main] INFO Env - @{5 RCVD 3} Message(Share)
inp.1 << 19:07:03.381 [main] INFO Env - @{1 RCVD 5} Message(Ask)
inp.1 << 19:07:03.382 [main] INFO Env - @{1 SEND 5} Message(Share)
inp.5 << 19:07:03.382 [main] INFO Env - @{5 RCVD 1} Message(Share)
inp.5 << 19:07:03.382 [main] INFO Env - @{5 LOCKED}
out.5 >> unlock
inp.5 << 19:07:03.382 [main] INFO Env - @{5 UNLOCKED}
out.1 >> ping
out.2 >> ping
out.3 >> ping
out.4 >> ping
out.5 >> ping
inp.5 << 19:07:03.382 [main] INFO Env - @{5 PONG}
inp.4 << 19:07:03.382 [main] INFO Env - @{4 PONG}
inp.3 << 19:07:03.382 [main] INFO Env - @{3 PONG}
inp.2 << 19:07:03.382 [main] INFO Env - @{2 PONG}
inp.1 << 19:07:03.382 [main] INFO Env - @{1 PONG}
out.3 >> lock
out.2 >> lock
out.5 >> lock
out.4 >> lock
out.1 >> lock
inp.5 << 19:07:03.383 [main] INFO Env - @{5 LOCKED}
out.5 >> unlock
inp.5 << 19:07:03.383 [main] INFO Env - @{5 UNLOCKED}
inp.4 << 19:07:03.383 [main] INFO Env - @{4 SEND 5} Message(Ask)
inp.5 << 19:07:03.383 [main] INFO Env - @{5 RCVD 4} Message(Ask)
inp.2 << 19:07:03.383 [main] INFO Env - @{2 SEND 3} Message(Ask)
inp.5 << 19:07:03.383 [main] INFO Env - @{5 SEND 4} Message(Share)
inp.2 << 19:07:03.383 [main] INFO Env - @{2 SEND 4} Message(Ask)
inp.4 << 19:07:03.383 [main] INFO Env - @{4 RCVD 5} Message(Share)
inp.4 << 19:07:03.383 [main] INFO Env - @{4 LOCKED}
inp.3 << 19:07:03.383 [main] INFO Env - @{3 SEND 4} Message(Ask)
inp.4 << 19:07:03.383 [main] INFO Env - @{4 RCVD 3} Message(Ask)
inp.3 << 19:07:03.383 [main] INFO Env - @{3 SEND 5} Message(Ask)
inp.3 << 19:07:03.383 [main] INFO Env - @{3 RCVD 2} Message(Ask)
inp.3 << 19:07:03.383 [main] INFO Env - @{3 SEND 2} Message(Share)
inp.3 << 19:07:03.383 [main] INFO Env - @{3 SEND 2} Message(Ask)
inp.5 << 19:07:03.383 [main] INFO Env - @{5 RCVD 3} Message(Ask)
out.4 >> unlock
inp.4 << 19:07:03.383 [main] INFO Env - @{4 RCVD 2} Message(Ask)
inp.5 << 19:07:03.383 [main] INFO Env - @{5 SEND 3} Message(Share)
inp.2 << 19:07:03.384 [main] INFO Env - @{2 SEND 5} Message(Ask)
inp.4 << 19:07:03.384 [main] INFO Env - @{4 UNLOCKED}
inp.3 << 19:07:03.384 [main] INFO Env - @{3 RCVD 5} Message(Share)
inp.4 << 19:07:03.384 [main] INFO Env - @{4 SEND 2} Message(Share)
inp.4 << 19:07:03.384 [main] INFO Env - @{4 SEND 3} Message(Share)
inp.5 << 19:07:03.384 [main] INFO Env - @{5 RCVD 2} Message(Ask)
inp.2 << 19:07:03.384 [main] INFO Env - @{2 RCVD 3} Message(Share)
inp.5 << 19:07:03.384 [main] INFO Env - @{5 SEND 2} Message(Share)
inp.2 << 19:07:03.384 [main] INFO Env - @{2 RCVD 3} Message(Ask)
inp.2 << 19:07:03.384 [main] INFO Env - @{2 RCVD 4} Message(Share)
inp.3 << 19:07:03.384 [main] INFO Env - @{3 RCVD 4} Message(Share)
inp.2 << 19:07:03.384 [main] INFO Env - @{2 RCVD 5} Message(Share)
inp.2 << 19:07:03.384 [main] INFO Env - @{2 LOCKED}
out.2 >> unlock
inp.2 << 19:07:03.384 [main] INFO Env - @{2 UNLOCKED}
inp.2 << 19:07:03.384 [main] INFO Env - @{2 SEND 3} Message(Share)
inp.3 << 19:07:03.384 [main] INFO Env - @{3 RCVD 2} Message(Share)
inp.3 << 19:07:03.384 [main] INFO Env - @{3 LOCKED}
out.3 >> unlock
inp.3 << 19:07:03.384 [main] INFO Env - @{3 UNLOCKED}
inp.1 << 19:07:03.384 [main] INFO Env - @{1 SEND 2} Message(Ask)
inp.1 << 19:07:03.385 [main] INFO Env - @{1 SEND 3} Message(Ask)
inp.2 << 19:07:03.385 [main] INFO Env - @{2 RCVD 1} Message(Ask)
inp.2 << 19:07:03.385 [main] INFO Env - @{2 SEND 1} Message(Share)
inp.3 << 19:07:03.385 [main] INFO Env - @{3 RCVD 1} Message(Ask)
inp.3 << 19:07:03.385 [main] INFO Env - @{3 SEND 1} Message(Share)
inp.1 << 19:07:03.385 [main] INFO Env - @{1 SEND 4} Message(Ask)
inp.4 << 19:07:03.385 [main] INFO Env - @{4 RCVD 1} Message(Ask)
inp.1 << 19:07:03.385 [main] INFO Env - @{1 SEND 5} Message(Ask)
inp.5 << 19:07:03.385 [main] INFO Env - @{5 RCVD 1} Message(Ask)
inp.5 << 19:07:03.385 [main] INFO Env - @{5 SEND 1} Message(Share)
inp.4 << 19:07:03.385 [main] INFO Env - @{4 SEND 1} Message(Share)
inp.1 << 19:07:03.385 [main] INFO Env - @{1 RCVD 2} Message(Share)
inp.1 << 19:07:03.385 [main] INFO Env - @{1 RCVD 3} Message(Share)
inp.1 << 19:07:03.385 [main] INFO Env - @{1 RCVD 5} Message(Share)
inp.1 << 19:07:03.386 [main] INFO Env - @{1 RCVD 4} Message(Share)
inp.1 << 19:07:03.386 [main] INFO Env - @{1 LOCKED}
out.1 >> unlock
inp.1 << 19:07:03.386 [main] INFO Env - @{1 UNLOCKED}
out.1 >> ping
out.2 >> ping
out.3 >> ping
out.4 >> ping
out.5 >> ping
inp.5 << 19:07:03.386 [main] INFO Env - @{5 PONG}
inp.2 << 19:07:03.386 [main] INFO Env - @{2 PONG}
inp.3 << 19:07:03.386 [main] INFO Env - @{3 PONG}
inp.4 << 19:07:03.386 [main] INFO Env - @{4 PONG}
inp.1 << 19:07:03.387 [main] INFO Env - @{1 PONG}
out.5 >> lock
inp.5 << 19:07:03.387 [main] INFO Env - @{5 SEND 1} Message(Ask)
inp.5 << 19:07:03.387 [main] INFO Env - @{5 SEND 2} Message(Ask)
inp.5 << 19:07:03.387 [main] INFO Env - @{5 SEND 3} Message(Ask)
inp.5 << 19:07:03.387 [main] INFO Env - @{5 SEND 4} Message(Ask)
inp.2 << 19:07:03.387 [main] INFO Env - @{2 RCVD 5} Message(Ask)
inp.2 << 19:07:03.387 [main] INFO Env - @{2 SEND 5} Message(Share)
inp.4 << 19:07:03.387 [main] INFO Env - @{4 RCVD 5} Message(Ask)
inp.4 << 19:07:03.387 [main] INFO Env - @{4 SEND 5} Message(Share)
inp.5 << 19:07:03.387 [main] INFO Env - @{5 RCVD 2} Message(Share)
inp.5 << 19:07:03.388 [main] INFO Env - @{5 RCVD 4} Message(Share)
inp.3 << 19:07:03.388 [main] INFO Env - @{3 RCVD 5} Message(Ask)
inp.3 << 19:07:03.388 [main] INFO Env - @{3 SEND 5} Message(Share)
inp.1 << 19:07:03.388 [main] INFO Env - @{1 RCVD 5} Message(Ask)
inp.5 << 19:07:03.388 [main] INFO Env - @{5 RCVD 3} Message(Share)
inp.1 << 19:07:03.388 [main] INFO Env - @{1 SEND 5} Message(Share)
inp.5 << 19:07:03.388 [main] INFO Env - @{5 RCVD 1} Message(Share)
inp.5 << 19:07:03.388 [main] INFO Env - @{5 LOCKED}
out.5 >> unlock
inp.5 << 19:07:03.388 [main] INFO Env - @{5 UNLOCKED}
out.1 >> ping
out.2 >> ping
out.3 >> ping
out.4 >> ping
out.5 >> ping
inp.5 << 19:07:03.388 [main] INFO Env - @{5 PONG}
inp.4 << 19:07:03.389 [main] INFO Env - @{4 PONG}
inp.2 << 19:07:03.389 [main] INFO Env - @{2 PONG}
inp.3 << 19:07:03.389 [main] INFO Env - @{3 PONG}
inp.1 << 19:07:03.389 [main] INFO Env - @{1 PONG}
out.5 >> lock
inp.5 << 19:07:03.389 [main] INFO Env - @{5 LOCKED}
out.5 >> unlock
inp.5 << 19:07:03.389 [main] INFO Env - @{5 UNLOCKED}
out.1 >> ping
out.2 >> ping
out.3 >> ping
out.4 >> ping
out.5 >> ping
inp.5 << 19:07:03.390 [main] INFO Env - @{5 PONG}
inp.4 << 19:07:03.390 [main] INFO Env - @{4 PONG}
inp.2 << 19:07:03.390 [main] INFO Env - @{2 PONG}
inp.3 << 19:07:03.390 [main] INFO Env - @{3 PONG}
inp.1 << 19:07:03.390 [main] INFO Env - @{1 PONG}
out.5 >> lock
inp.5 << 19:07:03.390 [main] INFO Env - @{5 LOCKED}
out.5 >> unlock
inp.5 << 19:07:03.391 [main] INFO Env - @{5 UNLOCKED}
out.1 >> ping
out.2 >> ping
out.3 >> ping
out.4 >> ping
out.5 >> ping
inp.5 << 19:07:03.391 [main] INFO Env - @{5 PONG}
inp.4 << 19:07:03.391 [main] INFO Env - @{4 PONG}
inp.2 << 19:07:03.391 [main] INFO Env - @{2 PONG}
inp.3 << 19:07:03.391 [main] INFO Env - @{3 PONG}
inp.1 << 19:07:03.391 [main] INFO Env - @{1 PONG}
out.5 >> lock
out.4 >> lock
inp.5 << 19:07:03.392 [main] INFO Env - @{5 LOCKED}
inp.4 << 19:07:03.392 [main] INFO Env - @{4 SEND 1} Message(Ask)
out.5 >> unlock
inp.4 << 19:07:03.392 [main] INFO Env - @{4 SEND 2} Message(Ask)
inp.5 << 19:07:03.392 [main] INFO Env - @{5 UNLOCKED}
inp.4 << 19:07:03.392 [main] INFO Env - @{4 SEND 3} Message(Ask)
inp.2 << 19:07:03.392 [main] INFO Env - @{2 RCVD 4} Message(Ask)
inp.2 << 19:07:03.392 [main] INFO Env - @{2 SEND 4} Message(Share)
inp.4 << 19:07:03.392 [main] INFO Env - @{4 SEND 5} Message(Ask)
inp.4 << 19:07:03.392 [main] INFO Env - @{4 RCVD 2} Message(Share)
inp.5 << 19:07:03.392 [main] INFO Env - @{5 RCVD 4} Message(Ask)
inp.5 << 19:07:03.392 [main] INFO Env - @{5 SEND 4} Message(Share)
inp.3 << 19:07:03.392 [main] INFO Env - @{3 RCVD 4} Message(Ask)
inp.3 << 19:07:03.392 [main] INFO Env - @{3 SEND 4} Message(Share)
inp.4 << 19:07:03.393 [main] INFO Env - @{4 RCVD 5} Message(Share)
inp.4 << 19:07:03.393 [main] INFO Env - @{4 RCVD 3} Message(Share)
inp.1 << 19:07:03.393 [main] INFO Env - @{1 RCVD 4} Message(Ask)
inp.1 << 19:07:03.393 [main] INFO Env - @{1 SEND 4} Message(Share)
inp.4 << 19:07:03.393 [main] INFO Env - @{4 RCVD 1} Message(Share)
inp.4 << 19:07:03.393 [main] INFO Env - @{4 LOCKED}
out.4 >> unlock
inp.4 << 19:07:03.393 [main] INFO Env - @{4 UNLOCKED}
out.1 >> ping
out.2 >> ping
out.3 >> ping
out.4 >> ping
out.5 >> ping
inp.5 << 19:07:03.393 [main] INFO Env - @{5 PONG}
inp.4 << 19:07:03.394 [main] INFO Env - @{4 PONG}
inp.2 << 19:07:03.394 [main] INFO Env - @{2 PONG}
inp.3 << 19:07:03.394 [main] INFO Env - @{3 PONG}
inp.1 << 19:07:03.394 [main] INFO Env - @{1 PONG}
out.5 >> lock
out.4 >> lock
inp.5 << 19:07:03.394 [main] INFO Env - @{5 SEND 4} Message(Ask)
inp.4 << 19:07:03.395 [main] INFO Env - @{4 LOCKED}
inp.4 << 19:07:03.395 [main] INFO Env - @{4 RCVD 5} Message(Ask)
out.4 >> unlock
inp.4 << 19:07:03.395 [main] INFO Env - @{4 UNLOCKED}
inp.4 << 19:07:03.395 [main] INFO Env - @{4 SEND 5} Message(Share)
inp.5 << 19:07:03.395 [main] INFO Env - @{5 RCVD 4} Message(Share)
inp.5 << 19:07:03.395 [main] INFO Env - @{5 LOCKED}
out.5 >> unlock
inp.5 << 19:07:03.395 [main] INFO Env - @{5 UNLOCKED}
out.1 >> ping
out.2 >> ping
out.3 >> ping
out.4 >> ping
out.5 >> ping
inp.5 << 19:07:03.396 [main] INFO Env - @{5 PONG}
inp.4 << 19:07:03.396 [main] INFO Env - @{4 PONG}
inp.2 << 19:07:03.396 [main] INFO Env - @{2 PONG}
inp.3 << 19:07:03.396 [main] INFO Env - @{3 PONG}
inp.1 << 19:07:03.396 [main] INFO Env - @{1 PONG}
out.5 >> lock
out.4 >> lock
inp.5 << 19:07:03.396 [main] INFO Env - @{5 LOCKED}
out.5 >> unlock
inp.5 << 19:07:03.397 [main] INFO Env - @{5 UNLOCKED}
inp.4 << 19:07:03.397 [main] INFO Env - @{4 SEND 5} Message(Ask)
inp.5 << 19:07:03.397 [main] INFO Env - @{5 RCVD 4} Message(Ask)
inp.5 << 19:07:03.397 [main] INFO Env - @{5 SEND 4} Message(Share)
inp.4 << 19:07:03.397 [main] INFO Env - @{4 RCVD 5} Message(Share)
inp.4 << 19:07:03.397 [main] INFO Env - @{4 LOCKED}
out.4 >> unlock
inp.4 << 19:07:03.397 [main] INFO Env - @{4 UNLOCKED}
out.1 >> ping
out.2 >> ping
out.3 >> ping
out.4 >> ping
out.5 >> ping
inp.5 << 19:07:03.397 [main] INFO Env - @{5 PONG}
inp.4 << 19:07:03.397 [main] INFO Env - @{4 PONG}
inp.2 << 19:07:03.398 [main] INFO Env - @{2 PONG}
inp.3 << 19:07:03.398 [main] INFO Env - @{3 PONG}
inp.1 << 19:07:03.398 [main] INFO Env - @{1 PONG}
out.1 >> ping
out.2 >> ping
out.3 >> ping
out.4 >> ping
out.5 >> ping
inp.5 << 19:07:03.399 [main] INFO Env - @{5 PONG}
inp.4 << 19:07:03.399 [main] INFO Env - @{4 PONG}
inp.2 << 19:07:03.399 [main] INFO Env - @{2 PONG}
inp.3 << 19:07:03.399 [main] INFO Env - @{3 PONG}
inp.1 << 19:07:03.399 [main] INFO Env - @{1 PONG}
out.1 >> lock
inp.1 << 19:07:03.399 [main] INFO Env - @{1 SEND 4} Message(Ask)
inp.4 << 19:07:03.400 [main] INFO Env - @{4 RCVD 1} Message(Ask)
inp.4 << 19:07:03.400 [main] INFO Env - @{4 SEND 1} Message(Share)
inp.1 << 19:07:03.400 [main] INFO Env - @{1 SEND 5} Message(Ask)
inp.5 << 19:07:03.400 [main] INFO Env - @{5 RCVD 1} Message(Ask)
inp.5 << 19:07:03.400 [main] INFO Env - @{5 SEND 1} Message(Share)
inp.1 << 19:07:03.400 [main] INFO Env - @{1 RCVD 4} Message(Share)
inp.1 << 19:07:03.400 [main] INFO Env - @{1 RCVD 5} Message(Share)
inp.1 << 19:07:03.400 [main] INFO Env - @{1 LOCKED}
out.1 >> unlock
inp.1 << 19:07:03.400 [main] INFO Env - @{1 UNLOCKED}
out.1 >> ping
out.2 >> ping
out.3 >> ping
out.4 >> ping
out.5 >> ping
inp.4 << 19:07:03.400 [main] INFO Env - @{4 PONG}
inp.5 << 19:07:03.400 [main] INFO Env - @{5 PONG}
inp.2 << 19:07:03.400 [main] INFO Env - @{2 PONG}
inp.3 << 19:07:03.400 [main] INFO Env - @{3 PONG}
inp.1 << 19:07:03.401 [main] INFO Env - @{1 PONG}
out.2 >> lock
inp.2 << 19:07:03.401 [main] INFO Env - @{2 SEND 1} Message(Ask)
inp.2 << 19:07:03.401 [main] INFO Env - @{2 SEND 3} Message(Ask)
inp.2 << 19:07:03.401 [main] INFO Env - @{2 SEND 4} Message(Ask)
inp.4 << 19:07:03.401 [main] INFO Env - @{4 RCVD 2} Message(Ask)
inp.4 << 19:07:03.402 [main] INFO Env - @{4 SEND 2} Message(Share)
inp.3 << 19:07:03.401 [main] INFO Env - @{3 RCVD 2} Message(Ask)
inp.3 << 19:07:03.402 [main] INFO Env - @{3 SEND 2} Message(Share)
inp.2 << 19:07:03.401 [main] INFO Env - @{2 SEND 5} Message(Ask)
inp.2 << 19:07:03.402 [main] INFO Env - @{2 RCVD 4} Message(Share)
inp.1 << 19:07:03.402 [main] INFO Env - @{1 RCVD 2} Message(Ask)
inp.2 << 19:07:03.402 [main] INFO Env - @{2 RCVD 3} Message(Share)
inp.1 << 19:07:03.402 [main] INFO Env - @{1 SEND 2} Message(Share)
inp.2 << 19:07:03.402 [main] INFO Env - @{2 RCVD 1} Message(Share)
inp.5 << 19:07:03.402 [main] INFO Env - @{5 RCVD 2} Message(Ask)
inp.5 << 19:07:03.402 [main] INFO Env - @{5 SEND 2} Message(Share)
inp.2 << 19:07:03.402 [main] INFO Env - @{2 RCVD 5} Message(Share)
inp.2 << 19:07:03.402 [main] INFO Env - @{2 LOCKED}
out.2 >> unlock
inp.2 << 19:07:03.402 [main] INFO Env - @{2 UNLOCKED}
out.1 >> ping
out.2 >> ping
out.3 >> ping
out.4 >> ping
out.5 >> ping
inp.4 << 19:07:03.403 [main] INFO Env - @{4 PONG}
inp.5 << 19:07:03.403 [main] INFO Env - @{5 PONG}
inp.2 << 19:07:03.403 [main] INFO Env - @{2 PONG}
inp.3 << 19:07:03.403 [main] INFO Env - @{3 PONG}
inp.1 << 19:07:03.403 [main] INFO Env - @{1 PONG}
out.3 >> lock
inp.3 << 19:07:03.403 [main] INFO Env - @{3 SEND 1} Message(Ask)
inp.3 << 19:07:03.403 [main] INFO Env - @{3 SEND 2} Message(Ask)
inp.3 << 19:07:03.403 [main] INFO Env - @{3 SEND 4} Message(Ask)
inp.3 << 19:07:03.404 [main] INFO Env - @{3 SEND 5} Message(Ask)
inp.1 << 19:07:03.404 [main] INFO Env - @{1 RCVD 3} Message(Ask)
inp.1 << 19:07:03.404 [main] INFO Env - @{1 SEND 3} Message(Share)
inp.4 << 19:07:03.404 [main] INFO Env - @{4 RCVD 3} Message(Ask)
inp.5 << 19:07:03.404 [main] INFO Env - @{5 RCVD 3} Message(Ask)
inp.2 << 19:07:03.404 [main] INFO Env - @{2 RCVD 3} Message(Ask)
inp.4 << 19:07:03.404 [main] INFO Env - @{4 SEND 3} Message(Share)
inp.5 << 19:07:03.404 [main] INFO Env - @{5 SEND 3} Message(Share)
inp.2 << 19:07:03.404 [main] INFO Env - @{2 SEND 3} Message(Share)
inp.3 << 19:07:03.404 [main] INFO Env - @{3 RCVD 1} Message(Share)
inp.3 << 19:07:03.404 [main] INFO Env - @{3 RCVD 4} Message(Share)
inp.3 << 19:07:03.404 [main] INFO Env - @{3 RCVD 5} Message(Share)
inp.3 << 19:07:03.404 [main] INFO Env - @{3 RCVD 2} Message(Share)
inp.3 << 19:07:03.404 [main] INFO Env - @{3 LOCKED}
out.3 >> unlock
inp.3 << 19:07:03.405 [main] INFO Env - @{3 UNLOCKED}
out.1 >> ping
out.2 >> ping
out.3 >> ping
out.4 >> ping
out.5 >> ping
inp.4 << 19:07:03.407 [main] INFO Env - @{4 PONG}
inp.3 << 19:07:03.407 [main] INFO Env - @{3 PONG}
inp.5 << 19:07:03.407 [main] INFO Env - @{5 PONG}
inp.2 << 19:07:03.407 [main] INFO Env - @{2 PONG}
inp.1 << 19:07:03.407 [main] INFO Env - @{1 PONG}
out.4 >> lock
inp.4 << 19:07:03.409 [main] INFO Env - @{4 SEND 1} Message(Ask)
inp.4 << 19:07:03.410 [main] INFO Env - @{4 SEND 2} Message(Ask)
inp.4 << 19:07:03.410 [main] INFO Env - @{4 SEND 3} Message(Ask)
inp.1 << 19:07:03.410 [main] INFO Env - @{1 RCVD 4} Message(Ask)
inp.2 << 19:07:03.411 [main] INFO Env - @{2 RCVD 4} Message(Ask)
inp.1 << 19:07:03.411 [main] INFO Env - @{1 SEND 4} Message(Share)
inp.2 << 19:07:03.411 [main] INFO Env - @{2 SEND 4} Message(Share)
inp.3 << 19:07:03.411 [main] INFO Env - @{3 RCVD 4} Message(Ask)
inp.4 << 19:07:03.412 [main] INFO Env - @{4 RCVD 1} Message(Share)
inp.4 << 19:07:03.412 [main] INFO Env - @{4 RCVD 2} Message(Share)
inp.3 << 19:07:03.412 [main] INFO Env - @{3 SEND 4} Message(Share)
inp.4 << 19:07:03.412 [main] INFO Env - @{4 RCVD 3} Message(Share)
inp.4 << 19:07:03.412 [main] INFO Env - @{4 LOCKED}
out.4 >> unlock
inp.4 << 19:07:03.413 [main] INFO Env - @{4 UNLOCKED}
out.1 >> ping
out.2 >> ping
out.3 >> ping
out.4 >> ping
out.5 >> ping
inp.4 << 19:07:03.413 [main] INFO Env - @{4 PONG}
inp.5 << 19:07:03.413 [main] INFO Env - @{5 PONG}
inp.2 << 19:07:03.413 [main] INFO Env - @{2 PONG}
inp.3 << 19:07:03.413 [main] INFO Env - @{3 PONG}
inp.1 << 19:07:03.413 [main] INFO Env - @{1 PONG}
out.5 >> lock
inp.5 << 19:07:03.413 [main] INFO Env - @{5 SEND 1} Message(Ask)
inp.5 << 19:07:03.413 [main] INFO Env - @{5 SEND 2} Message(Ask)
inp.5 << 19:07:03.413 [main] INFO Env - @{5 SEND 3} Message(Ask)
inp.5 << 19:07:03.413 [main] INFO Env - @{5 SEND 4} Message(Ask)
inp.4 << 19:07:03.414 [main] INFO Env - @{4 RCVD 5} Message(Ask)
inp.2 << 19:07:03.414 [main] INFO Env - @{2 RCVD 5} Message(Ask)
inp.2 << 19:07:03.414 [main] INFO Env - @{2 SEND 5} Message(Share)
inp.4 << 19:07:03.414 [main] INFO Env - @{4 SEND 5} Message(Share)
inp.5 << 19:07:03.414 [main] INFO Env - @{5 RCVD 2} Message(Share)
inp.5 << 19:07:03.414 [main] INFO Env - @{5 RCVD 4} Message(Share)
inp.3 << 19:07:03.414 [main] INFO Env - @{3 RCVD 5} Message(Ask)
inp.3 << 19:07:03.414 [main] INFO Env - @{3 SEND 5} Message(Share)
inp.5 << 19:07:03.414 [main] INFO Env - @{5 RCVD 3} Message(Share)
inp.1 << 19:07:03.414 [main] INFO Env - @{1 RCVD 5} Message(Ask)
inp.1 << 19:07:03.415 [main] INFO Env - @{1 SEND 5} Message(Share)
inp.5 << 19:07:03.415 [main] INFO Env - @{5 RCVD 1} Message(Share)
inp.5 << 19:07:03.415 [main] INFO Env - @{5 LOCKED}
out.5 >> unlock
inp.5 << 19:07:03.415 [main] INFO Env - @{5 UNLOCKED}
out.1 >> ping
out.2 >> ping
out.3 >> ping
out.4 >> ping
out.5 >> ping
inp.5 << 19:07:03.415 [main] INFO Env - @{5 PONG}
inp.4 << 19:07:03.415 [main] INFO Env - @{4 PONG}
inp.2 << 19:07:03.415 [main] INFO Env - @{2 PONG}
inp.3 << 19:07:03.415 [main] INFO Env - @{3 PONG}
inp.1 << 19:07:03.415 [main] INFO Env - @{1 PONG}
out.4 >> lock
out.3 >> lock
out.2 >> lock
out.1 >> lock
out.5 >> lock
inp.5 << 19:07:03.416 [main] INFO Env - @{5 LOCKED}
out.5 >> unlock
inp.5 << 19:07:03.416 [main] INFO Env - @{5 UNLOCKED}
inp.4 << 19:07:03.416 [main] INFO Env - @{4 SEND 5} Message(Ask)
inp.5 << 19:07:03.416 [main] INFO Env - @{5 RCVD 4} Message(Ask)
inp.5 << 19:07:03.416 [main] INFO Env - @{5 SEND 4} Message(Share)
inp.4 << 19:07:03.417 [main] INFO Env - @{4 RCVD 5} Message(Share)
inp.4 << 19:07:03.417 [main] INFO Env - @{4 LOCKED}
inp.3 << 19:07:03.416 [main] INFO Env - @{3 SEND 4} Message(Ask)
inp.4 << 19:07:03.417 [main] INFO Env - @{4 RCVD 3} Message(Ask)
out.4 >> unlock
inp.2 << 19:07:03.417 [main] INFO Env - @{2 SEND 3} Message(Ask)
inp.3 << 19:07:03.417 [main] INFO Env - @{3 SEND 5} Message(Ask)
inp.5 << 19:07:03.417 [main] INFO Env - @{5 RCVD 3} Message(Ask)
inp.5 << 19:07:03.417 [main] INFO Env - @{5 SEND 3} Message(Share)
inp.4 << 19:07:03.417 [main] INFO Env - @{4 UNLOCKED}
inp.2 << 19:07:03.417 [main] INFO Env - @{2 SEND 4} Message(Ask)
inp.4 << 19:07:03.417 [main] INFO Env - @{4 SEND 3} Message(Share)
inp.2 << 19:07:03.417 [main] INFO Env - @{2 SEND 5} Message(Ask)
inp.4 << 19:07:03.418 [main] INFO Env - @{4 RCVD 2} Message(Ask)
inp.4 << 19:07:03.418 [main] INFO Env - @{4 SEND 2} Message(Share)
inp.3 << 19:07:03.418 [main] INFO Env - @{3 RCVD 2} Message(Ask)
inp.5 << 19:07:03.418 [main] INFO Env - @{5 RCVD 2} Message(Ask)
inp.5 << 19:07:03.419 [main] INFO Env - @{5 SEND 2} Message(Share)
inp.3 << 19:07:03.419 [main] INFO Env - @{3 SEND 2} Message(Share)
inp.3 << 19:07:03.419 [main] INFO Env - @{3 SEND 2} Message(Ask)
inp.2 << 19:07:03.419 [main] INFO Env - @{2 RCVD 4} Message(Share)
inp.2 << 19:07:03.419 [main] INFO Env - @{2 RCVD 5} Message(Share)
inp.2 << 19:07:03.420 [main] INFO Env - @{2 RCVD 3} Message(Share)
inp.2 << 19:07:03.420 [main] INFO Env - @{2 LOCKED}
inp.3 << 19:07:03.420 [main] INFO Env - @{3 RCVD 5} Message(Share)
inp.3 << 19:07:03.420 [main] INFO Env - @{3 RCVD 4} Message(Share)
out.2 >> unlock
inp.2 << 19:07:03.420 [main] INFO Env - @{2 RCVD 3} Message(Ask)
inp.1 << 19:07:03.420 [main] INFO Env - @{1 SEND 2} Message(Ask)
inp.1 << 19:07:03.421 [main] INFO Env - @{1 SEND 3} Message(Ask)
inp.1 << 19:07:03.421 [main] INFO Env - @{1 SEND 4} Message(Ask)
inp.2 << 19:07:03.421 [main] INFO Env - @{2 UNLOCKED}
inp.2 << 19:07:03.421 [main] INFO Env - @{2 SEND 3} Message(Share)
inp.2 << 19:07:03.421 [main] INFO Env - @{2 RCVD 1} Message(Ask)
inp.2 << 19:07:03.422 [main] INFO Env - @{2 SEND 1} Message(Share)
inp.1 << 19:07:03.422 [main] INFO Env - @{1 SEND 5} Message(Ask)
inp.3 << 19:07:03.422 [main] INFO Env - @{3 RCVD 1} Message(Ask)
inp.3 << 19:07:03.422 [main] INFO Env - @{3 SEND 1} Message(Share)
inp.4 << 19:07:03.422 [main] INFO Env - @{4 RCVD 1} Message(Ask)
inp.4 << 19:07:03.422 [main] INFO Env - @{4 SEND 1} Message(Share)
inp.3 << 19:07:03.422 [main] INFO Env - @{3 SEND 1} Message(Ask)
inp.5 << 19:07:03.423 [main] INFO Env - @{5 RCVD 1} Message(Ask)
inp.5 << 19:07:03.423 [main] INFO Env - @{5 SEND 1} Message(Share)
inp.3 << 19:07:03.423 [main] INFO Env - @{3 RCVD 2} Message(Share)
inp.1 << 19:07:03.423 [main] INFO Env - @{1 RCVD 3} Message(Share)
inp.1 << 19:07:03.423 [main] INFO Env - @{1 RCVD 2} Message(Share)
inp.1 << 19:07:03.424 [main] INFO Env - @{1 RCVD 4} Message(Share)
inp.1 << 19:07:03.424 [main] INFO Env - @{1 RCVD 3} Message(Ask)
inp.1 << 19:07:03.425 [main] INFO Env - @{1 RCVD 5} Message(Share)
inp.1 << 19:07:03.425 [main] INFO Env - @{1 LOCKED}
out.1 >> unlock
inp.1 << 19:07:03.426 [main] INFO Env - @{1 UNLOCKED}
inp.1 << 19:07:03.426 [main] INFO Env - @{1 SEND 3} Message(Share)
inp.3 << 19:07:03.427 [main] INFO Env - @{3 RCVD 1} Message(Share)
inp.3 << 19:07:03.427 [main] INFO Env - @{3 LOCKED}
out.3 >> unlock
inp.3 << 19:07:03.427 [main] INFO Env - @{3 UNLOCKED}
out.1 >> ping
out.2 >> ping
out.3 >> ping
out.4 >> ping
out.5 >> ping
inp.5 << 19:07:03.428 [main] INFO Env - @{5 PONG}
inp.4 << 19:07:03.427 [main] INFO Env - @{4 PONG}
inp.2 << 19:07:03.428 [main] INFO Env - @{2 PONG}
inp.3 << 19:07:03.428 [main] INFO Env - @{3 PONG}
inp.1 << 19:07:03.428 [main] INFO Env - @{1 PONG}
out.5 >> lock
inp.5 << 19:07:03.428 [main] INFO Env - @{5 SEND 1} Message(Ask)
inp.5 << 19:07:03.428 [main] INFO Env - @{5 SEND 2} Message(Ask)
inp.5 << 19:07:03.428 [main] INFO Env - @{5 SEND 3} Message(Ask)
inp.2 << 19:07:03.428 [main] INFO Env - @{2 RCVD 5} Message(Ask)
inp.2 << 19:07:03.428 [main] INFO Env - @{2 SEND 5} Message(Share)
inp.5 << 19:07:03.428 [main] INFO Env - @{5 SEND 4} Message(Ask)
inp.5 << 19:07:03.428 [main] INFO Env - @{5 RCVD 2} Message(Share)
inp.3 << 19:07:03.428 [main] INFO Env - @{3 RCVD 5} Message(Ask)
inp.1 << 19:07:03.428 [main] INFO Env - @{1 RCVD 5} Message(Ask)
inp.4 << 19:07:03.428 [main] INFO Env - @{4 RCVD 5} Message(Ask)
inp.1 << 19:07:03.428 [main] INFO Env - @{1 SEND 5} Message(Share)
inp.4 << 19:07:03.428 [main] INFO Env - @{4 SEND 5} Message(Share)
inp.3 << 19:07:03.428 [main] INFO Env - @{3 SEND 5} Message(Share)
inp.5 << 19:07:03.429 [main] INFO Env - @{5 RCVD 1} Message(Share)
inp.5 << 19:07:03.429 [main] INFO Env - @{5 RCVD 4} Message(Share)
inp.5 << 19:07:03.429 [main] INFO Env - @{5 RCVD 3} Message(Share)
inp.5 << 19:07:03.429 [main] INFO Env - @{5 LOCKED}
out.5 >> unlock
inp.5 << 19:07:03.429 [main] INFO Env - @{5 UNLOCKED}
out.1 >> ping
out.2 >> ping
out.3 >> ping
out.4 >> ping
out.5 >> ping
inp.5 << 19:07:03.429 [main] INFO Env - @{5 PONG}
inp.4 << 19:07:03.429 [main] INFO Env - @{4 PONG}
inp.2 << 19:07:03.429 [main] INFO Env - @{2 PONG}
inp.3 << 19:07:03.429 [main] INFO Env - @{3 PONG}
inp.1 << 19:07:03.429 [main] INFO Env - @{1 PONG}
out.5 >> lock
inp.5 << 19:07:03.429 [main] INFO Env - @{5 LOCKED}
out.5 >> unlock
inp.5 << 19:07:03.430 [main] INFO Env - @{5 UNLOCKED}
out.1 >> ping
out.2 >> ping
out.3 >> ping
out.4 >> ping
out.5 >> ping
inp.5 << 19:07:03.430 [main] INFO Env - @{5 PONG}
inp.4 << 19:07:03.430 [main] INFO Env - @{4 PONG}
inp.2 << 19:07:03.430 [main] INFO Env - @{2 PONG}
inp.3 << 19:07:03.430 [main] INFO Env - @{3 PONG}
inp.1 << 19:07:03.430 [main] INFO Env - @{1 PONG}
out.5 >> lock
inp.5 << 19:07:03.430 [main] INFO Env - @{5 LOCKED}
out.5 >> unlock
inp.5 << 19:07:03.430 [main] INFO Env - @{5 UNLOCKED}
out.1 >> ping
out.2 >> ping
out.3 >> ping
out.4 >> ping
out.5 >> ping
inp.5 << 19:07:03.431 [main] INFO Env - @{5 PONG}
inp.4 << 19:07:03.431 [main] INFO Env - @{4 PONG}
inp.2 << 19:07:03.431 [main] INFO Env - @{2 PONG}
inp.3 << 19:07:03.431 [main] INFO Env - @{3 PONG}
inp.1 << 19:07:03.431 [main] INFO Env - @{1 PONG}
out.5 >> lock
out.4 >> lock
inp.5 << 19:07:03.432 [main] INFO Env - @{5 LOCKED}
out.5 >> unlock
inp.5 << 19:07:03.432 [main] INFO Env - @{5 UNLOCKED}
inp.4 << 19:07:03.432 [main] INFO Env - @{4 SEND 1} Message(Ask)
inp.1 << 19:07:03.435 [main] INFO Env - @{1 RCVD 4} Message(Ask)
inp.1 << 19:07:03.436 [main] INFO Env - @{1 SEND 4} Message(Share)
inp.4 << 19:07:03.436 [main] INFO Env - @{4 SEND 2} Message(Ask)
inp.4 << 19:07:03.446 [main] INFO Env - @{4 SEND 3} Message(Ask)
inp.4 << 19:07:03.447 [main] INFO Env - @{4 SEND 5} Message(Ask)
inp.4 << 19:07:03.447 [main] INFO Env - @{4 RCVD 1} Message(Share)
inp.5 << 19:07:03.447 [main] INFO Env - @{5 RCVD 4} Message(Ask)
inp.2 << 19:07:03.447 [main] INFO Env - @{2 RCVD 4} Message(Ask)
inp.2 << 19:07:03.447 [main] INFO Env - @{2 SEND 4} Message(Share)
inp.3 << 19:07:03.447 [main] INFO Env - @{3 RCVD 4} Message(Ask)
inp.3 << 19:07:03.447 [main] INFO Env - @{3 SEND 4} Message(Share)
inp.5 << 19:07:03.447 [main] INFO Env - @{5 SEND 4} Message(Share)
inp.4 << 19:07:03.447 [main] INFO Env - @{4 RCVD 2} Message(Share)
inp.4 << 19:07:03.447 [main] INFO Env - @{4 RCVD 3} Message(Share)
inp.4 << 19:07:03.447 [main] INFO Env - @{4 RCVD 5} Message(Share)
inp.4 << 19:07:03.447 [main] INFO Env - @{4 LOCKED}
out.4 >> unlock
inp.4 << 19:07:03.447 [main] INFO Env - @{4 UNLOCKED}
out.1 >> ping
out.2 >> ping
out.3 >> ping
out.4 >> ping
out.5 >> ping
inp.4 << 19:07:03.447 [main] INFO Env - @{4 PONG}
inp.5 << 19:07:03.448 [main] INFO Env - @{5 PONG}
inp.2 << 19:07:03.448 [main] INFO Env - @{2 PONG}
inp.3 << 19:07:03.448 [main] INFO Env - @{3 PONG}
inp.1 << 19:07:03.448 [main] INFO Env - @{1 PONG}
out.5 >> lock
out.4 >> lock
inp.5 << 19:07:03.448 [main] INFO Env - @{5 SEND 4} Message(Ask)
inp.4 << 19:07:03.448 [main] INFO Env - @{4 LOCKED}
out.4 >> unlock
inp.4 << 19:07:03.448 [main] INFO Env - @{4 RCVD 5} Message(Ask)
inp.4 << 19:07:03.448 [main] INFO Env - @{4 UNLOCKED}
inp.4 << 19:07:03.448 [main] INFO Env - @{4 SEND 5} Message(Share)
inp.5 << 19:07:03.448 [main] INFO Env - @{5 RCVD 4} Message(Share)
inp.5 << 19:07:03.448 [main] INFO Env - @{5 LOCKED}
out.5 >> unlock
inp.5 << 19:07:03.449 [main] INFO Env - @{5 UNLOCKED}
out.1 >> ping
out.2 >> ping
out.3 >> ping
out.4 >> ping
out.5 >> ping
inp.5 << 19:07:03.449 [main] INFO Env - @{5 PONG}
inp.4 << 19:07:03.449 [main] INFO Env - @{4 PONG}
inp.2 << 19:07:03.449 [main] INFO Env - @{2 PONG}
inp.3 << 19:07:03.449 [main] INFO Env - @{3 PONG}
inp.1 << 19:07:03.450 [main] INFO Env - @{1 PONG}
out.5 >> lock
out.4 >> lock
inp.5 << 19:07:03.450 [main] INFO Env - @{5 LOCKED}
out.5 >> unlock
inp.5 << 19:07:03.450 [main] INFO Env - @{5 UNLOCKED}
inp.4 << 19:07:03.450 [main] INFO Env - @{4 SEND 5} Message(Ask)
inp.5 << 19:07:03.450 [main] INFO Env - @{5 RCVD 4} Message(Ask)
inp.5 << 19:07:03.450 [main] INFO Env - @{5 SEND 4} Message(Share)
inp.4 << 19:07:03.450 [main] INFO Env - @{4 RCVD 5} Message(Share)
inp.4 << 19:07:03.450 [main] INFO Env - @{4 LOCKED}
out.4 >> unlock
inp.4 << 19:07:03.451 [main] INFO Env - @{4 UNLOCKED}
out.1 >> ping
out.2 >> ping
out.3 >> ping
out.4 >> ping
out.5 >> ping
inp.5 << 19:07:03.451 [main] INFO Env - @{5 PONG}
inp.4 << 19:07:03.451 [main] INFO Env - @{4 PONG}
inp.2 << 19:07:03.451 [main] INFO Env - @{2 PONG}
inp.3 << 19:07:03.451 [main] INFO Env - @{3 PONG}
inp.1 << 19:07:03.451 [main] INFO Env - @{1 PONG}
out.1 >> ping
out.2 >> ping
out.3 >> ping
out.4 >> ping
out.5 >> ping
inp.4 << 19:07:03.451 [main] INFO Env - @{4 PONG}
inp.5 << 19:07:03.451 [main] INFO Env - @{5 PONG}
inp.2 << 19:07:03.451 [main] INFO Env - @{2 PONG}
inp.3 << 19:07:03.451 [main] INFO Env - @{3 PONG}
inp.1 << 19:07:03.452 [main] INFO Env - @{1 PONG}
out.1 >> lock
inp.1 << 19:07:03.452 [main] INFO Env - @{1 SEND 3} Message(Ask)
inp.1 << 19:07:03.452 [main] INFO Env - @{1 SEND 4} Message(Ask)
inp.4 << 19:07:03.452 [main] INFO Env - @{4 RCVD 1} Message(Ask)
inp.3 << 19:07:03.452 [main] INFO Env - @{3 RCVD 1} Message(Ask)
inp.3 << 19:07:03.452 [main] INFO Env - @{3 SEND 1} Message(Share)
inp.4 << 19:07:03.452 [main] INFO Env - @{4 SEND 1} Message(Share)
inp.1 << 19:07:03.452 [main] INFO Env - @{1 SEND 5} Message(Ask)
inp.1 << 19:07:03.452 [main] INFO Env - @{1 RCVD 3} Message(Share)
inp.1 << 19:07:03.452 [main] INFO Env - @{1 RCVD 4} Message(Share)
inp.5 << 19:07:03.452 [main] INFO Env - @{5 RCVD 1} Message(Ask)
inp.5 << 19:07:03.452 [main] INFO Env - @{5 SEND 1} Message(Share)
inp.1 << 19:07:03.453 [main] INFO Env - @{1 RCVD 5} Message(Share)
inp.1 << 19:07:03.453 [main] INFO Env - @{1 LOCKED}
out.1 >> unlock
inp.1 << 19:07:03.453 [main] INFO Env - @{1 UNLOCKED}
out.1 >> ping
out.2 >> ping
out.3 >> ping
out.4 >> ping
out.5 >> ping
inp.5 << 19:07:03.453 [main] INFO Env - @{5 PONG}
inp.4 << 19:07:03.454 [main] INFO Env - @{4 PONG}
inp.2 << 19:07:03.454 [main] INFO Env - @{2 PONG}
inp.3 << 19:07:03.454 [main] INFO Env - @{3 PONG}
inp.1 << 19:07:03.455 [main] INFO Env - @{1 PONG}
out.2 >> lock
inp.2 << 19:07:03.455 [main] INFO Env - @{2 SEND 1} Message(Ask)
inp.2 << 19:07:03.455 [main] INFO Env - @{2 SEND 3} Message(Ask)
inp.2 << 19:07:03.455 [main] INFO Env - @{2 SEND 4} Message(Ask)
inp.3 << 19:07:03.455 [main] INFO Env - @{3 RCVD 2} Message(Ask)
inp.3 << 19:07:03.455 [main] INFO Env - @{3 SEND 2} Message(Share)
inp.2 << 19:07:03.455 [main] INFO Env - @{2 SEND 5} Message(Ask)
inp.2 << 19:07:03.455 [main] INFO Env - @{2 RCVD 3} Message(Share)
inp.4 << 19:07:03.455 [main] INFO Env - @{4 RCVD 2} Message(Ask)
inp.4 << 19:07:03.455 [main] INFO Env - @{4 SEND 2} Message(Share)
inp.1 << 19:07:03.455 [main] INFO Env - @{1 RCVD 2} Message(Ask)
inp.1 << 19:07:03.455 [main] INFO Env - @{1 SEND 2} Message(Share)
inp.2 << 19:07:03.456 [main] INFO Env - @{2 RCVD 4} Message(Share)
inp.2 << 19:07:03.456 [main] INFO Env - @{2 RCVD 1} Message(Share)
inp.5 << 19:07:03.456 [main] INFO Env - @{5 RCVD 2} Message(Ask)
inp.5 << 19:07:03.456 [main] INFO Env - @{5 SEND 2} Message(Share)
inp.2 << 19:07:03.456 [main] INFO Env - @{2 RCVD 5} Message(Share)
inp.2 << 19:07:03.456 [main] INFO Env - @{2 LOCKED}
out.2 >> unlock
inp.2 << 19:07:03.456 [main] INFO Env - @{2 UNLOCKED}
out.1 >> ping
out.2 >> ping
out.3 >> ping
out.4 >> ping
out.5 >> ping
inp.5 << 19:07:03.456 [main] INFO Env - @{5 PONG}
inp.4 << 19:07:03.456 [main] INFO Env - @{4 PONG}
inp.2 << 19:07:03.456 [main] INFO Env - @{2 PONG}
inp.3 << 19:07:03.456 [main] INFO Env - @{3 PONG}
inp.1 << 19:07:03.456 [main] INFO Env - @{1 PONG}
out.3 >> lock
inp.3 << 19:07:03.457 [main] INFO Env - @{3 SEND 1} Message(Ask)
inp.3 << 19:07:03.457 [main] INFO Env - @{3 SEND 2} Message(Ask)
inp.2 << 19:07:03.458 [main] INFO Env - @{2 RCVD 3} Message(Ask)
inp.3 << 19:07:03.457 [main] INFO Env - @{3 SEND 4} Message(Ask)
inp.4 << 19:07:03.457 [main] INFO Env - @{4 RCVD 3} Message(Ask)
inp.2 << 19:07:03.458 [main] INFO Env - @{2 SEND 3} Message(Share)
inp.3 << 19:07:03.457 [main] INFO Env - @{3 SEND 5} Message(Ask)
inp.5 << 19:07:03.457 [main] INFO Env - @{5 RCVD 3} Message(Ask)
inp.4 << 19:07:03.457 [main] INFO Env - @{4 SEND 3} Message(Share)
inp.3 << 19:07:03.458 [main] INFO Env - @{3 RCVD 4} Message(Share)
inp.3 << 19:07:03.458 [main] INFO Env - @{3 RCVD 5} Message(Share)
inp.5 << 19:07:03.458 [main] INFO Env - @{5 SEND 3} Message(Share)
inp.3 << 19:07:03.458 [main] INFO Env - @{3 RCVD 2} Message(Share)
inp.1 << 19:07:03.458 [main] INFO Env - @{1 RCVD 3} Message(Ask)
inp.1 << 19:07:03.458 [main] INFO Env - @{1 SEND 3} Message(Share)
inp.3 << 19:07:03.458 [main] INFO Env - @{3 RCVD 1} Message(Share)
inp.3 << 19:07:03.458 [main] INFO Env - @{3 LOCKED}
out.3 >> unlock
inp.3 << 19:07:03.459 [main] INFO Env - @{3 UNLOCKED}
out.1 >> ping
out.2 >> ping
out.3 >> ping
out.4 >> ping
out.5 >> ping
inp.5 << 19:07:03.459 [main] INFO Env - @{5 PONG}
inp.4 << 19:07:03.459 [main] INFO Env - @{4 PONG}
inp.2 << 19:07:03.459 [main] INFO Env - @{2 PONG}
inp.3 << 19:07:03.459 [main] INFO Env - @{3 PONG}
inp.1 << 19:07:03.460 [main] INFO Env - @{1 PONG}
out.4 >> lock
inp.4 << 19:07:03.460 [main] INFO Env - @{4 SEND 1} Message(Ask)
inp.4 << 19:07:03.460 [main] INFO Env - @{4 SEND 2} Message(Ask)
inp.4 << 19:07:03.460 [main] INFO Env - @{4 SEND 3} Message(Ask)
inp.2 << 19:07:03.460 [main] INFO Env - @{2 RCVD 4} Message(Ask)
inp.3 << 19:07:03.460 [main] INFO Env - @{3 RCVD 4} Message(Ask)
inp.2 << 19:07:03.460 [main] INFO Env - @{2 SEND 4} Message(Share)
inp.3 << 19:07:03.460 [main] INFO Env - @{3 SEND 4} Message(Share)
inp.4 << 19:07:03.460 [main] INFO Env - @{4 RCVD 2} Message(Share)
inp.4 << 19:07:03.460 [main] INFO Env - @{4 RCVD 3} Message(Share)
inp.1 << 19:07:03.460 [main] INFO Env - @{1 RCVD 4} Message(Ask)
inp.1 << 19:07:03.460 [main] INFO Env - @{1 SEND 4} Message(Share)
inp.4 << 19:07:03.460 [main] INFO Env - @{4 RCVD 1} Message(Share)
inp.4 << 19:07:03.460 [main] INFO Env - @{4 LOCKED}
out.4 >> unlock
inp.4 << 19:07:03.460 [main] INFO Env - @{4 UNLOCKED}
out.1 >> ping
out.2 >> ping
out.3 >> ping
out.4 >> ping
out.5 >> ping
inp.5 << 19:07:03.461 [main] INFO Env - @{5 PONG}
inp.4 << 19:07:03.461 [main] INFO Env - @{4 PONG}
inp.2 << 19:07:03.461 [main] INFO Env - @{2 PONG}
inp.3 << 19:07:03.461 [main] INFO Env - @{3 PONG}
inp.1 << 19:07:03.462 [main] INFO Env - @{1 PONG}
out.5 >> lock
inp.5 << 19:07:03.462 [main] INFO Env - @{5 SEND 1} Message(Ask)
inp.5 << 19:07:03.462 [main] INFO Env - @{5 SEND 2} Message(Ask)
inp.5 << 19:07:03.462 [main] INFO Env - @{5 SEND 3} Message(Ask)
inp.5 << 19:07:03.462 [main] INFO Env - @{5 SEND 4} Message(Ask)
inp.2 << 19:07:03.462 [main] INFO Env - @{2 RCVD 5} Message(Ask)
inp.2 << 19:07:03.462 [main] INFO Env - @{2 SEND 5} Message(Share)
inp.4 << 19:07:03.462 [main] INFO Env - @{4 RCVD 5} Message(Ask)
inp.4 << 19:07:03.462 [main] INFO Env - @{4 SEND 5} Message(Share)
inp.5 << 19:07:03.462 [main] INFO Env - @{5 RCVD 2} Message(Share)
inp.5 << 19:07:03.462 [main] INFO Env - @{5 RCVD 4} Message(Share)
inp.3 << 19:07:03.462 [main] INFO Env - @{3 RCVD 5} Message(Ask)
inp.3 << 19:07:03.463 [main] INFO Env - @{3 SEND 5} Message(Share)
inp.5 << 19:07:03.463 [main] INFO Env - @{5 RCVD 3} Message(Share)
inp.1 << 19:07:03.463 [main] INFO Env - @{1 RCVD 5} Message(Ask)
inp.1 << 19:07:03.463 [main] INFO Env - @{1 SEND 5} Message(Share)
inp.5 << 19:07:03.463 [main] INFO Env - @{5 RCVD 1} Message(Share)
inp.5 << 19:07:03.463 [main] INFO Env - @{5 LOCKED}
out.5 >> unlock
inp.5 << 19:07:03.463 [main] INFO Env - @{5 UNLOCKED}
out.1 >> ping
out.2 >> ping
out.3 >> ping
out.4 >> ping
out.5 >> ping
inp.5 << 19:07:03.463 [main] INFO Env - @{5 PONG}
inp.4 << 19:07:03.463 [main] INFO Env - @{4 PONG}
inp.2 << 19:07:03.463 [main] INFO Env - @{2 PONG}
inp.3 << 19:07:03.464 [main] INFO Env - @{3 PONG}
inp.1 << 19:07:03.464 [main] INFO Env - @{1 PONG}
out.5 >> lock
out.1 >> lock
out.2 >> lock
out.3 >> lock
out.4 >> lock
inp.5 << 19:07:03.464 [main] INFO Env - @{5 LOCKED}
out.5 >> unlock
inp.5 << 19:07:03.464 [main] INFO Env - @{5 UNLOCKED}
inp.4 << 19:07:03.464 [main] INFO Env - @{4 SEND 5} Message(Ask)
inp.5 << 19:07:03.465 [main] INFO Env - @{5 RCVD 4} Message(Ask)
inp.5 << 19:07:03.465 [main] INFO Env - @{5 SEND 4} Message(Share)
inp.2 << 19:07:03.465 [main] INFO Env - @{2 SEND 3} Message(Ask)
inp.4 << 19:07:03.465 [main] INFO Env - @{4 RCVD 5} Message(Share)
inp.4 << 19:07:03.466 [main] INFO Env - @{4 LOCKED}
inp.2 << 19:07:03.466 [main] INFO Env - @{2 SEND 4} Message(Ask)
out.4 >> unlock
inp.4 << 19:07:03.466 [main] INFO Env - @{4 RCVD 2} Message(Ask)
inp.4 << 19:07:03.466 [main] INFO Env - @{4 UNLOCKED}
inp.4 << 19:07:03.466 [main] INFO Env - @{4 SEND 2} Message(Share)
inp.2 << 19:07:03.466 [main] INFO Env - @{2 SEND 5} Message(Ask)
inp.2 << 19:07:03.466 [main] INFO Env - @{2 RCVD 4} Message(Share)
inp.3 << 19:07:03.466 [main] INFO Env - @{3 SEND 4} Message(Ask)
inp.5 << 19:07:03.466 [main] INFO Env - @{5 RCVD 2} Message(Ask)
inp.5 << 19:07:03.466 [main] INFO Env - @{5 SEND 2} Message(Share)
inp.3 << 19:07:03.466 [main] INFO Env - @{3 SEND 5} Message(Ask)
inp.3 << 19:07:03.466 [main] INFO Env - @{3 RCVD 2} Message(Ask)
inp.1 << 19:07:03.466 [main] INFO Env - @{1 SEND 2} Message(Ask)
inp.5 << 19:07:03.466 [main] INFO Env - @{5 RCVD 3} Message(Ask)
inp.3 << 19:07:03.466 [main] INFO Env - @{3 SEND 2} Message(Share)
inp.1 << 19:07:03.466 [main] INFO Env - @{1 SEND 3} Message(Ask)
inp.5 << 19:07:03.466 [main] INFO Env - @{5 SEND 3} Message(Share)
inp.4 << 19:07:03.466 [main] INFO Env - @{4 RCVD 3} Message(Ask)
inp.3 << 19:07:03.466 [main] INFO Env - @{3 SEND 2} Message(Ask)
inp.1 << 19:07:03.466 [main] INFO Env - @{1 SEND 4} Message(Ask)
inp.1 << 19:07:03.467 [main] INFO Env - @{1 SEND 5} Message(Ask)
inp.4 << 19:07:03.467 [main] INFO Env - @{4 SEND 3} Message(Share)
inp.4 << 19:07:03.467 [main] INFO Env - @{4 RCVD 1} Message(Ask)
inp.5 << 19:07:03.467 [main] INFO Env - @{5 RCVD 1} Message(Ask)
inp.5 << 19:07:03.467 [main] INFO Env - @{5 SEND 1} Message(Share)
inp.4 << 19:07:03.467 [main] INFO Env - @{4 SEND 1} Message(Share)
inp.2 << 19:07:03.467 [main] INFO Env - @{2 RCVD 5} Message(Share)
inp.1 << 19:07:03.467 [main] INFO Env - @{1 RCVD 5} Message(Share)
inp.1 << 19:07:03.467 [main] INFO Env - @{1 RCVD 4} Message(Share)
inp.2 << 19:07:03.467 [main] INFO Env - @{2 RCVD 1} Message(Ask)
inp.2 << 19:07:03.467 [main] INFO Env - @{2 SEND 1} Message(Share)
inp.2 << 19:07:03.467 [main] INFO Env - @{2 SEND 1} Message(Ask)
inp.2 << 19:07:03.467 [main] INFO Env - @{2 RCVD 3} Message(Share)
inp.2 << 19:07:03.472 [main] INFO Env - @{2 RCVD 3} Message(Ask)
inp.1 << 19:07:03.472 [main] INFO Env - @{1 RCVD 2} Message(Share)
inp.1 << 19:07:03.472 [main] INFO Env - @{1 RCVD 2} Message(Ask)
inp.3 << 19:07:03.483 [main] INFO Env - @{3 RCVD 5} Message(Share)
inp.3 << 19:07:03.483 [main] INFO Env - @{3 RCVD 1} Message(Ask)
inp.3 << 19:07:03.483 [main] INFO Env - @{3 SEND 1} Message(Share)
inp.3 << 19:07:03.483 [main] INFO Env - @{3 SEND 1} Message(Ask)
inp.3 << 19:07:03.483 [main] INFO Env - @{3 RCVD 4} Message(Share)
inp.1 << 19:07:03.483 [main] INFO Env - @{1 RCVD 3} Message(Share)
inp.1 << 19:07:03.483 [main] INFO Env - @{1 LOCKED}
inp.1 << 19:07:03.483 [main] INFO Env - @{1 RCVD 3} Message(Ask)
out.1 >> unlock
inp.1 << 19:07:03.484 [main] INFO Env - @{1 UNLOCKED}
inp.1 << 19:07:03.484 [main] INFO Env - @{1 SEND 2} Message(Share)
inp.1 << 19:07:03.484 [main] INFO Env - @{1 SEND 3} Message(Share)
inp.3 << 19:07:03.484 [main] INFO Env - @{3 RCVD 1} Message(Share)
inp.2 << 19:07:03.484 [main] INFO Env - @{2 RCVD 1} Message(Share)
inp.2 << 19:07:03.484 [main] INFO Env - @{2 LOCKED}
out.2 >> unlock
inp.2 << 19:07:03.484 [main] INFO Env - @{2 UNLOCKED}
inp.2 << 19:07:03.484 [main] INFO Env - @{2 SEND 3} Message(Share)
inp.3 << 19:07:03.484 [main] INFO Env - @{3 RCVD 2} Message(Share)
inp.3 << 19:07:03.484 [main] INFO Env - @{3 LOCKED}
out.3 >> unlock
inp.3 << 19:07:03.485 [main] INFO Env - @{3 UNLOCKED}
out.1 >> ping
out.2 >> ping
out.3 >> ping
out.4 >> ping
out.5 >> ping
inp.5 << 19:07:03.485 [main] INFO Env - @{5 PONG}
inp.1 << 19:07:03.485 [main] INFO Env - @{1 PONG}
inp.2 << 19:07:03.485 [main] INFO Env - @{2 PONG}
inp.3 << 19:07:03.485 [main] INFO Env - @{3 PONG}
inp.4 << 19:07:03.486 [main] INFO Env - @{4 PONG}
out.2 >> lock
inp.2 << 19:07:03.486 [main] INFO Env - @{2 SEND 3} Message(Ask)
inp.3 << 19:07:03.486 [main] INFO Env - @{3 RCVD 2} Message(Ask)
inp.3 << 19:07:03.486 [main] INFO Env - @{3 SEND 2} Message(Share)
inp.2 << 19:07:03.486 [main] INFO Env - @{2 RCVD 3} Message(Share)
inp.2 << 19:07:03.486 [main] INFO Env - @{2 LOCKED}
out.2 >> unlock
inp.2 << 19:07:03.486 [main] INFO Env - @{2 UNLOCKED}
out.1 >> ping
out.2 >> ping
out.3 >> ping
out.4 >> ping
out.5 >> ping
inp.5 << 19:07:03.487 [main] INFO Env - @{5 PONG}
inp.2 << 19:07:03.487 [main] INFO Env - @{2 PONG}
inp.3 << 19:07:03.487 [main] INFO Env - @{3 PONG}
inp.1 << 19:07:03.487 [main] INFO Env - @{1 PONG}
inp.4 << 19:07:03.487 [main] INFO Env - @{4 PONG}
out.2 >> lock
inp.2 << 19:07:03.487 [main] INFO Env - @{2 LOCKED}
out.2 >> unlock
inp.2 << 19:07:03.487 [main] INFO Env - @{2 UNLOCKED}
out.1 >> ping
out.2 >> ping
out.3 >> ping
out.4 >> ping
out.5 >> ping
inp.5 << 19:07:03.488 [main] INFO Env - @{5 PONG}
inp.1 << 19:07:03.488 [main] INFO Env - @{1 PONG}
inp.2 << 19:07:03.488 [main] INFO Env - @{2 PONG}
inp.3 << 19:07:03.488 [main] INFO Env - @{3 PONG}
inp.4 << 19:07:03.488 [main] INFO Env - @{4 PONG}
out.2 >> lock
inp.2 << 19:07:03.488 [main] INFO Env - @{2 LOCKED}
out.2 >> unlock
inp.2 << 19:07:03.488 [main] INFO Env - @{2 UNLOCKED}
out.1 >> ping
out.2 >> ping
out.3 >> ping
out.4 >> ping
out.5 >> ping
inp.5 << 19:07:03.488 [main] INFO Env - @{5 PONG}
inp.2 << 19:07:03.489 [main] INFO Env - @{2 PONG}
inp.1 << 19:07:03.489 [main] INFO Env - @{1 PONG}
inp.3 << 19:07:03.489 [main] INFO Env - @{3 PONG}
inp.4 << 19:07:03.489 [main] INFO Env - @{4 PONG}
out.2 >> lock
out.5 >> lock
inp.5 << 19:07:03.489 [main] INFO Env - @{5 SEND 1} Message(Ask)
inp.2 << 19:07:03.489 [main] INFO Env - @{2 LOCKED}
inp.5 << 19:07:03.489 [main] INFO Env - @{5 SEND 2} Message(Ask)
out.2 >> unlock
inp.5 << 19:07:03.491 [main] INFO Env - @{5 SEND 3} Message(Ask)
inp.5 << 19:07:03.491 [main] INFO Env - @{5 SEND 4} Message(Ask)
inp.1 << 19:07:03.491 [main] INFO Env - @{1 RCVD 5} Message(Ask)
inp.2 << 19:07:03.491 [main] INFO Env - @{2 RCVD 5} Message(Ask)
inp.1 << 19:07:03.492 [main] INFO Env - @{1 SEND 5} Message(Share)
inp.2 << 19:07:03.492 [main] INFO Env - @{2 UNLOCKED}
inp.2 << 19:07:03.492 [main] INFO Env - @{2 SEND 5} Message(Share)
inp.5 << 19:07:03.492 [main] INFO Env - @{5 RCVD 1} Message(Share)
inp.5 << 19:07:03.492 [main] INFO Env - @{5 RCVD 2} Message(Share)
inp.3 << 19:07:03.492 [main] INFO Env - @{3 RCVD 5} Message(Ask)
inp.4 << 19:07:03.492 [main] INFO Env - @{4 RCVD 5} Message(Ask)
inp.3 << 19:07:03.492 [main] INFO Env - @{3 SEND 5} Message(Share)
inp.4 << 19:07:03.492 [main] INFO Env - @{4 SEND 5} Message(Share)
inp.5 << 19:07:03.492 [main] INFO Env - @{5 RCVD 3} Message(Share)
inp.5 << 19:07:03.492 [main] INFO Env - @{5 RCVD 4} Message(Share)
inp.5 << 19:07:03.492 [main] INFO Env - @{5 LOCKED}
out.5 >> unlock
inp.5 << 19:07:03.493 [main] INFO Env - @{5 UNLOCKED}
out.1 >> ping
out.2 >> ping
out.3 >> ping
out.4 >> ping
out.5 >> ping
inp.5 << 19:07:03.493 [main] INFO Env - @{5 PONG}
inp.1 << 19:07:03.493 [main] INFO Env - @{1 PONG}
inp.2 << 19:07:03.493 [main] INFO Env - @{2 PONG}
inp.3 << 19:07:03.493 [main] INFO Env - @{3 PONG}
inp.4 << 19:07:03.494 [main] INFO Env - @{4 PONG}
out.2 >> lock
out.5 >> lock
inp.5 << 19:07:03.494 [main] INFO Env - @{5 LOCKED}
inp.2 << 19:07:03.494 [main] INFO Env - @{2 SEND 5} Message(Ask)
out.5 >> unlock
inp.5 << 19:07:03.495 [main] INFO Env - @{5 RCVD 2} Message(Ask)
inp.5 << 19:07:03.495 [main] INFO Env - @{5 UNLOCKED}
inp.5 << 19:07:03.495 [main] INFO Env - @{5 SEND 2} Message(Share)
inp.2 << 19:07:03.495 [main] INFO Env - @{2 RCVD 5} Message(Share)
inp.2 << 19:07:03.495 [main] INFO Env - @{2 LOCKED}
out.2 >> unlock
inp.2 << 19:07:03.495 [main] INFO Env - @{2 UNLOCKED}
out.1 >> ping
out.2 >> ping
out.3 >> ping
out.4 >> ping
out.5 >> ping
inp.5 << 19:07:03.495 [main] INFO Env - @{5 PONG}
inp.2 << 19:07:03.495 [main] INFO Env - @{2 PONG}
inp.1 << 19:07:03.495 [main] INFO Env - @{1 PONG}
inp.3 << 19:07:03.495 [main] INFO Env - @{3 PONG}
inp.4 << 19:07:03.496 [main] INFO Env - @{4 PONG}
out.2 >> lock
out.5 >> lock
inp.5 << 19:07:03.496 [main] INFO Env - @{5 SEND 2} Message(Ask)
inp.2 << 19:07:03.496 [main] INFO Env - @{2 LOCKED}
out.2 >> unlock
inp.2 << 19:07:03.496 [main] INFO Env - @{2 RCVD 5} Message(Ask)
inp.2 << 19:07:03.496 [main] INFO Env - @{2 UNLOCKED}
inp.2 << 19:07:03.496 [main] INFO Env - @{2 SEND 5} Message(Share)
inp.5 << 19:07:03.496 [main] INFO Env - @{5 RCVD 2} Message(Share)
inp.5 << 19:07:03.496 [main] INFO Env - @{5 LOCKED}
out.5 >> unlock
inp.5 << 19:07:03.496 [main] INFO Env - @{5 UNLOCKED}
out.1 >> ping
out.2 >> ping
out.3 >> ping
out.4 >> ping
out.5 >> ping
inp.5 << 19:07:03.497 [main] INFO Env - @{5 PONG}
inp.1 << 19:07:03.497 [main] INFO Env - @{1 PONG}
inp.2 << 19:07:03.497 [main] INFO Env - @{2 PONG}
inp.3 << 19:07:03.497 [main] INFO Env - @{3 PONG}
inp.4 << 19:07:03.497 [main] INFO Env - @{4 PONG}
out.1 >> ping
out.2 >> ping
out.3 >> ping
out.4 >> ping
out.5 >> ping
inp.1 << 19:07:03.497 [main] INFO Env - @{1 PONG}
inp.5 << 19:07:03.497 [main] INFO Env - @{5 PONG}
inp.2 << 19:07:03.497 [main] INFO Env - @{2 PONG}
inp.3 << 19:07:03.497 [main] INFO Env - @{3 PONG}
inp.4 << 19:07:03.497 [main] INFO Env - @{4 PONG}
out.1 >> lock
inp.1 << 19:07:03.498 [main] INFO Env - @{1 SEND 2} Message(Ask)
inp.1 << 19:07:03.498 [main] INFO Env - @{1 SEND 3} Message(Ask)
inp.1 << 19:07:03.498 [main] INFO Env - @{1 SEND 5} Message(Ask)
inp.2 << 19:07:03.498 [main] INFO Env - @{2 RCVD 1} Message(Ask)
inp.5 << 19:07:03.498 [main] INFO Env - @{5 RCVD 1} Message(Ask)
inp.3 << 19:07:03.498 [main] INFO Env - @{3 RCVD 1} Message(Ask)
inp.5 << 19:07:03.498 [main] INFO Env - @{5 SEND 1} Message(Share)
inp.3 << 19:07:03.498 [main] INFO Env - @{3 SEND 1} Message(Share)
inp.2 << 19:07:03.498 [main] INFO Env - @{2 SEND 1} Message(Share)
inp.1 << 19:07:03.498 [main] INFO Env - @{1 RCVD 3} Message(Share)
inp.1 << 19:07:03.498 [main] INFO Env - @{1 RCVD 5} Message(Share)
inp.1 << 19:07:03.498 [main] INFO Env - @{1 RCVD 2} Message(Share)
inp.1 << 19:07:03.498 [main] INFO Env - @{1 LOCKED}
out.1 >> unlock
inp.1 << 19:07:03.498 [main] INFO Env - @{1 UNLOCKED}
out.1 >> ping
out.2 >> ping
out.3 >> ping
out.4 >> ping
out.5 >> ping
inp.1 << 19:07:03.499 [main] INFO Env - @{1 PONG}
inp.5 << 19:07:03.499 [main] INFO Env - @{5 PONG}
inp.2 << 19:07:03.499 [main] INFO Env - @{2 PONG}
inp.3 << 19:07:03.499 [main] INFO Env - @{3 PONG}
inp.4 << 19:07:03.499 [main] INFO Env - @{4 PONG}
out.2 >> lock
inp.2 << 19:07:03.500 [main] INFO Env - @{2 SEND 1} Message(Ask)
inp.2 << 19:07:03.500 [main] INFO Env - @{2 SEND 5} Message(Ask)
inp.1 << 19:07:03.500 [main] INFO Env - @{1 RCVD 2} Message(Ask)
inp.1 << 19:07:03.500 [main] INFO Env - @{1 SEND 2} Message(Share)
inp.2 << 19:07:03.500 [main] INFO Env - @{2 RCVD 1} Message(Share)
inp.5 << 19:07:03.500 [main] INFO Env - @{5 RCVD 2} Message(Ask)
inp.5 << 19:07:03.500 [main] INFO Env - @{5 SEND 2} Message(Share)
inp.2 << 19:07:03.500 [main] INFO Env - @{2 RCVD 5} Message(Share)
inp.2 << 19:07:03.500 [main] INFO Env - @{2 LOCKED}
out.2 >> unlock
inp.2 << 19:07:03.501 [main] INFO Env - @{2 UNLOCKED}
out.1 >> ping
out.2 >> ping
out.3 >> ping
out.4 >> ping
out.5 >> ping
inp.5 << 19:07:03.501 [main] INFO Env - @{5 PONG}
inp.1 << 19:07:03.501 [main] INFO Env - @{1 PONG}
inp.2 << 19:07:03.502 [main] INFO Env - @{2 PONG}
inp.3 << 19:07:03.502 [main] INFO Env - @{3 PONG}
inp.4 << 19:07:03.502 [main] INFO Env - @{4 PONG}
out.3 >> lock
inp.3 << 19:07:03.502 [main] INFO Env - @{3 SEND 1} Message(Ask)
inp.3 << 19:07:03.502 [main] INFO Env - @{3 SEND 2} Message(Ask)
inp.3 << 19:07:03.502 [main] INFO Env - @{3 SEND 5} Message(Ask)
inp.5 << 19:07:03.503 [main] INFO Env - @{5 RCVD 3} Message(Ask)
inp.5 << 19:07:03.503 [main] INFO Env - @{5 SEND 3} Message(Share)
inp.2 << 19:07:03.503 [main] INFO Env - @{2 RCVD 3} Message(Ask)
inp.1 << 19:07:03.503 [main] INFO Env - @{1 RCVD 3} Message(Ask)
inp.2 << 19:07:03.503 [main] INFO Env - @{2 SEND 3} Message(Share)
inp.1 << 19:07:03.503 [main] INFO Env - @{1 SEND 3} Message(Share)
inp.3 << 19:07:03.503 [main] INFO Env - @{3 RCVD 5} Message(Share)
inp.3 << 19:07:03.503 [main] INFO Env - @{3 RCVD 2} Message(Share)
inp.3 << 19:07:03.503 [main] INFO Env - @{3 RCVD 1} Message(Share)
inp.3 << 19:07:03.503 [main] INFO Env - @{3 LOCKED}
out.3 >> unlock
inp.3 << 19:07:03.503 [main] INFO Env - @{3 UNLOCKED}
out.1 >> ping
out.2 >> ping
out.3 >> ping
out.4 >> ping
out.5 >> ping
inp.5 << 19:07:03.503 [main] INFO Env - @{5 PONG}
inp.1 << 19:07:03.504 [main] INFO Env - @{1 PONG}
inp.2 << 19:07:03.504 [main] INFO Env - @{2 PONG}
inp.3 << 19:07:03.504 [main] INFO Env - @{3 PONG}
inp.4 << 19:07:03.504 [main] INFO Env - @{4 PONG}
out.4 >> lock
inp.4 << 19:07:03.504 [main] INFO Env - @{4 SEND 1} Message(Ask)
inp.4 << 19:07:03.504 [main] INFO Env - @{4 SEND 2} Message(Ask)
inp.4 << 19:07:03.504 [main] INFO Env - @{4 SEND 3} Message(Ask)
inp.4 << 19:07:03.504 [main] INFO Env - @{4 SEND 5} Message(Ask)
inp.5 << 19:07:03.504 [main] INFO Env - @{5 RCVD 4} Message(Ask)
inp.5 << 19:07:03.504 [main] INFO Env - @{5 SEND 4} Message(Share)
inp.2 << 19:07:03.504 [main] INFO Env - @{2 RCVD 4} Message(Ask)
inp.1 << 19:07:03.504 [main] INFO Env - @{1 RCVD 4} Message(Ask)
inp.2 << 19:07:03.504 [main] INFO Env - @{2 SEND 4} Message(Share)
inp.1 << 19:07:03.504 [main] INFO Env - @{1 SEND 4} Message(Share)
inp.4 << 19:07:03.504 [main] INFO Env - @{4 RCVD 1} Message(Share)
inp.4 << 19:07:03.504 [main] INFO Env - @{4 RCVD 5} Message(Share)
inp.4 << 19:07:03.504 [main] INFO Env - @{4 RCVD 2} Message(Share)
inp.3 << 19:07:03.504 [main] INFO Env - @{3 RCVD 4} Message(Ask)
inp.3 << 19:07:03.504 [main] INFO Env - @{3 SEND 4} Message(Share)
inp.4 << 19:07:03.504 [main] INFO Env - @{4 RCVD 3} Message(Share)
inp.4 << 19:07:03.504 [main] INFO Env - @{4 LOCKED}
out.4 >> unlock
inp.4 << 19:07:03.505 [main] INFO Env - @{4 UNLOCKED}
out.1 >> ping
out.2 >> ping
out.3 >> ping
out.4 >> ping
out.5 >> ping
inp.5 << 19:07:03.505 [main] INFO Env - @{5 PONG}
inp.1 << 19:07:03.505 [main] INFO Env - @{1 PONG}
inp.2 << 19:07:03.505 [main] INFO Env - @{2 PONG}
inp.3 << 19:07:03.505 [main] INFO Env - @{3 PONG}
inp.4 << 19:07:03.506 [main] INFO Env - @{4 PONG}
out.5 >> lock
inp.5 << 19:07:03.506 [main] INFO Env - @{5 SEND 1} Message(Ask)
inp.5 << 19:07:03.506 [main] INFO Env - @{5 SEND 2} Message(Ask)
inp.5 << 19:07:03.506 [main] INFO Env - @{5 SEND 3} Message(Ask)
inp.5 << 19:07:03.506 [main] INFO Env - @{5 SEND 4} Message(Ask)
inp.4 << 19:07:03.506 [main] INFO Env - @{4 RCVD 5} Message(Ask)
inp.1 << 19:07:03.506 [main] INFO Env - @{1 RCVD 5} Message(Ask)
inp.2 << 19:07:03.506 [main] INFO Env - @{2 RCVD 5} Message(Ask)
inp.4 << 19:07:03.506 [main] INFO Env - @{4 SEND 5} Message(Share)
inp.2 << 19:07:03.506 [main] INFO Env - @{2 SEND 5} Message(Share)
inp.1 << 19:07:03.506 [main] INFO Env - @{1 SEND 5} Message(Share)
inp.3 << 19:07:03.506 [main] INFO Env - @{3 RCVD 5} Message(Ask)
inp.5 << 19:07:03.506 [main] INFO Env - @{5 RCVD 1} Message(Share)
inp.5 << 19:07:03.506 [main] INFO Env - @{5 RCVD 4} Message(Share)
inp.3 << 19:07:03.506 [main] INFO Env - @{3 SEND 5} Message(Share)
inp.5 << 19:07:03.506 [main] INFO Env - @{5 RCVD 3} Message(Share)
inp.5 << 19:07:03.506 [main] INFO Env - @{5 RCVD 2} Message(Share)
inp.5 << 19:07:03.506 [main] INFO Env - @{5 LOCKED}
out.5 >> unlock
inp.5 << 19:07:03.507 [main] INFO Env - @{5 UNLOCKED}
out.1 >> ping
out.2 >> ping
out.3 >> ping
out.4 >> ping
out.5 >> ping
inp.5 << 19:07:03.507 [main] INFO Env - @{5 PONG}
inp.1 << 19:07:03.507 [main] INFO Env - @{1 PONG}
inp.2 << 19:07:03.507 [main] INFO Env - @{2 PONG}
inp.3 << 19:07:03.507 [main] INFO Env - @{3 PONG}
inp.4 << 19:07:03.507 [main] INFO Env - @{4 PONG}
out.4 >> lock
out.2 >> lock
out.3 >> lock
out.1 >> lock
out.5 >> lock
inp.5 << 19:07:03.508 [main] INFO Env - @{5 LOCKED}
out.5 >> unlock
inp.5 << 19:07:03.508 [main] INFO Env - @{5 UNLOCKED}
inp.2 << 19:07:03.509 [main] INFO Env - @{2 SEND 3} Message(Ask)
inp.4 << 19:07:03.509 [main] INFO Env - @{4 SEND 5} Message(Ask)
inp.2 << 19:07:03.509 [main] INFO Env - @{2 SEND 4} Message(Ask)
inp.2 << 19:07:03.509 [main] INFO Env - @{2 SEND 5} Message(Ask)
inp.5 << 19:07:03.509 [main] INFO Env - @{5 RCVD 4} Message(Ask)
inp.5 << 19:07:03.509 [main] INFO Env - @{5 SEND 4} Message(Share)
inp.5 << 19:07:03.509 [main] INFO Env - @{5 RCVD 2} Message(Ask)
inp.5 << 19:07:03.509 [main] INFO Env - @{5 SEND 2} Message(Share)
inp.3 << 19:07:03.509 [main] INFO Env - @{3 SEND 4} Message(Ask)
inp.3 << 19:07:03.509 [main] INFO Env - @{3 SEND 5} Message(Ask)
inp.3 << 19:07:03.509 [main] INFO Env - @{3 RCVD 2} Message(Ask)
inp.3 << 19:07:03.509 [main] INFO Env - @{3 SEND 2} Message(Share)
inp.3 << 19:07:03.509 [main] INFO Env - @{3 SEND 2} Message(Ask)
inp.5 << 19:07:03.509 [main] INFO Env - @{5 RCVD 3} Message(Ask)
inp.5 << 19:07:03.509 [main] INFO Env - @{5 SEND 3} Message(Share)
inp.4 << 19:07:03.509 [main] INFO Env - @{4 RCVD 2} Message(Ask)
inp.4 << 19:07:03.510 [main] INFO Env - @{4 SEND 2} Message(Share)
inp.4 << 19:07:03.510 [main] INFO Env - @{4 SEND 2} Message(Ask)
inp.2 << 19:07:03.510 [main] INFO Env - @{2 RCVD 5} Message(Share)
inp.2 << 19:07:03.510 [main] INFO Env - @{2 RCVD 3} Message(Share)
inp.2 << 19:07:03.510 [main] INFO Env - @{2 RCVD 3} Message(Ask)
inp.2 << 19:07:03.510 [main] INFO Env - @{2 RCVD 4} Message(Share)
inp.4 << 19:07:03.510 [main] INFO Env - @{4 RCVD 5} Message(Share)
inp.2 << 19:07:03.510 [main] INFO Env - @{2 LOCKED}
inp.2 << 19:07:03.510 [main] INFO Env - @{2 RCVD 4} Message(Ask)
inp.4 << 19:07:03.510 [main] INFO Env - @{4 RCVD 3} Message(Ask)
inp.4 << 19:07:03.510 [main] INFO Env - @{4 SEND 3} Message(Share)
out.2 >> unlock
inp.4 << 19:07:03.510 [main] INFO Env - @{4 SEND 3} Message(Ask)
inp.1 << 19:07:03.510 [main] INFO Env - @{1 SEND 2} Message(Ask)
inp.3 << 19:07:03.511 [main] INFO Env - @{3 RCVD 5} Message(Share)
inp.3 << 19:07:03.511 [main] INFO Env - @{3 RCVD 4} Message(Share)
inp.3 << 19:07:03.511 [main] INFO Env - @{3 RCVD 4} Message(Ask)
inp.2 << 19:07:03.511 [main] INFO Env - @{2 UNLOCKED}
inp.3 << 19:07:03.511 [main] INFO Env - @{3 RCVD 1} Message(Ask)
inp.4 << 19:07:03.512 [main] INFO Env - @{4 RCVD 2} Message(Share)
inp.2 << 19:07:03.511 [main] INFO Env - @{2 SEND 3} Message(Share)
inp.2 << 19:07:03.511 [main] INFO Env - @{2 SEND 4} Message(Share)
inp.1 << 19:07:03.511 [main] INFO Env - @{1 SEND 3} Message(Ask)
inp.3 << 19:07:03.511 [main] INFO Env - @{3 SEND 1} Message(Share)
inp.3 << 19:07:03.511 [main] INFO Env - @{3 SEND 1} Message(Ask)
inp.1 << 19:07:03.511 [main] INFO Env - @{1 SEND 4} Message(Ask)
inp.1 << 19:07:03.512 [main] INFO Env - @{1 SEND 5} Message(Ask)
inp.1 << 19:07:03.512 [main] INFO Env - @{1 RCVD 3} Message(Share)
inp.1 << 19:07:03.512 [main] INFO Env - @{1 RCVD 3} Message(Ask)
inp.1 << 19:07:03.512 [main] INFO Env - @{1 RCVD 2} Message(Share)
inp.4 << 19:07:03.512 [main] INFO Env - @{4 RCVD 1} Message(Ask)
inp.1 << 19:07:03.512 [main] INFO Env - @{1 RCVD 4} Message(Share)
inp.4 << 19:07:03.512 [main] INFO Env - @{4 SEND 1} Message(Share)
inp.4 << 19:07:03.512 [main] INFO Env - @{4 SEND 1} Message(Ask)
inp.3 << 19:07:03.511 [main] INFO Env - @{3 RCVD 2} Message(Share)
inp.2 << 19:07:03.511 [main] INFO Env - @{2 RCVD 1} Message(Ask)
inp.5 << 19:07:03.512 [main] INFO Env - @{5 RCVD 1} Message(Ask)
inp.2 << 19:07:03.511 [main] INFO Env - @{2 SEND 1} Message(Share)
inp.1 << 19:07:03.512 [main] INFO Env - @{1 RCVD 4} Message(Ask)
inp.5 << 19:07:03.512 [main] INFO Env - @{5 SEND 1} Message(Share)
inp.1 << 19:07:03.512 [main] INFO Env - @{1 RCVD 5} Message(Share)
inp.1 << 19:07:03.512 [main] INFO Env - @{1 LOCKED}
out.1 >> unlock
inp.1 << 19:07:03.512 [main] INFO Env - @{1 UNLOCKED}
inp.1 << 19:07:03.512 [main] INFO Env - @{1 SEND 3} Message(Share)
inp.1 << 19:07:03.512 [main] INFO Env - @{1 SEND 4} Message(Share)
inp.3 << 19:07:03.512 [main] INFO Env - @{3 RCVD 1} Message(Share)
inp.3 << 19:07:03.512 [main] INFO Env - @{3 LOCKED}
out.3 >> unlock
inp.4 << 19:07:03.512 [main] INFO Env - @{4 RCVD 1} Message(Share)
inp.3 << 19:07:03.513 [main] INFO Env - @{3 UNLOCKED}
inp.3 << 19:07:03.513 [main] INFO Env - @{3 SEND 4} Message(Share)
inp.4 << 19:07:03.513 [main] INFO Env - @{4 RCVD 3} Message(Share)
inp.4 << 19:07:03.513 [main] INFO Env - @{4 LOCKED}
out.4 >> unlock
inp.4 << 19:07:03.513 [main] INFO Env - @{4 UNLOCKED}
out.1 >> ping
out.2 >> ping
out.3 >> ping
out.4 >> ping
out.5 >> ping
inp.5 << 19:07:03.514 [main] INFO Env - @{5 PONG}
inp.1 << 19:07:03.514 [main] INFO Env - @{1 PONG}
inp.2 << 19:07:03.514 [main] INFO Env - @{2 PONG}
inp.3 << 19:07:03.514 [main] INFO Env - @{3 PONG}
inp.4 << 19:07:03.514 [main] INFO Env - @{4 PONG}
out.1 >> lock
inp.1 << 19:07:03.515 [main] INFO Env - @{1 SEND 3} Message(Ask)
inp.1 << 19:07:03.515 [main] INFO Env - @{1 SEND 4} Message(Ask)
inp.3 << 19:07:03.515 [main] INFO Env - @{3 RCVD 1} Message(Ask)
inp.3 << 19:07:03.515 [main] INFO Env - @{3 SEND 1} Message(Share)
inp.4 << 19:07:03.515 [main] INFO Env - @{4 RCVD 1} Message(Ask)
inp.4 << 19:07:03.515 [main] INFO Env - @{4 SEND 1} Message(Share)
inp.1 << 19:07:03.515 [main] INFO Env - @{1 RCVD 3} Message(Share)
inp.1 << 19:07:03.515 [main] INFO Env - @{1 RCVD 4} Message(Share)
inp.1 << 19:07:03.515 [main] INFO Env - @{1 LOCKED}
out.1 >> unlock
inp.1 << 19:07:03.515 [main] INFO Env - @{1 UNLOCKED}
out.1 >> ping
out.2 >> ping
out.3 >> ping
out.4 >> ping
out.5 >> ping
inp.5 << 19:07:03.515 [main] INFO Env - @{5 PONG}
inp.1 << 19:07:03.516 [main] INFO Env - @{1 PONG}
inp.2 << 19:07:03.516 [main] INFO Env - @{2 PONG}
inp.3 << 19:07:03.516 [main] INFO Env - @{3 PONG}
inp.4 << 19:07:03.516 [main] INFO Env - @{4 PONG}
out.1 >> lock
inp.1 << 19:07:03.516 [main] INFO Env - @{1 LOCKED}
out.1 >> unlock
inp.1 << 19:07:03.516 [main] INFO Env - @{1 UNLOCKED}
out.1 >> ping
out.2 >> ping
out.3 >> ping
out.4 >> ping
out.5 >> ping
inp.5 << 19:07:03.516 [main] INFO Env - @{5 PONG}
inp.1 << 19:07:03.517 [main] INFO Env - @{1 PONG}
inp.2 << 19:07:03.517 [main] INFO Env - @{2 PONG}
inp.3 << 19:07:03.517 [main] INFO Env - @{3 PONG}
inp.4 << 19:07:03.517 [main] INFO Env - @{4 PONG}
out.1 >> lock
inp.1 << 19:07:03.517 [main] INFO Env - @{1 LOCKED}
out.1 >> unlock
inp.1 << 19:07:03.518 [main] INFO Env - @{1 UNLOCKED}
out.1 >> ping
out.2 >> ping
out.3 >> ping
out.4 >> ping
out.5 >> ping
inp.1 << 19:07:03.518 [main] INFO Env - @{1 PONG}
inp.2 << 19:07:03.518 [main] INFO Env - @{2 PONG}
inp.5 << 19:07:03.518 [main] INFO Env - @{5 PONG}
inp.3 << 19:07:03.518 [main] INFO Env - @{3 PONG}
inp.4 << 19:07:03.518 [main] INFO Env - @{4 PONG}
out.1 >> lock
out.3 >> lock
inp.1 << 19:07:03.519 [main] INFO Env - @{1 LOCKED}
inp.3 << 19:07:03.519 [main] INFO Env - @{3 SEND 1} Message(Ask)
inp.3 << 19:07:03.519 [main] INFO Env - @{3 SEND 4} Message(Ask)
out.1 >> unlock
inp.1 << 19:07:03.519 [main] INFO Env - @{1 RCVD 3} Message(Ask)
inp.1 << 19:07:03.519 [main] INFO Env - @{1 UNLOCKED}
inp.4 << 19:07:03.519 [main] INFO Env - @{4 RCVD 3} Message(Ask)
inp.4 << 19:07:03.519 [main] INFO Env - @{4 SEND 3} Message(Share)
inp.1 << 19:07:03.519 [main] INFO Env - @{1 SEND 3} Message(Share)
inp.3 << 19:07:03.520 [main] INFO Env - @{3 RCVD 1} Message(Share)
inp.3 << 19:07:03.520 [main] INFO Env - @{3 RCVD 4} Message(Share)
inp.3 << 19:07:03.520 [main] INFO Env - @{3 LOCKED}
out.3 >> unlock
inp.3 << 19:07:03.520 [main] INFO Env - @{3 UNLOCKED}
out.1 >> ping
out.2 >> ping
out.3 >> ping
out.4 >> ping
out.5 >> ping
inp.5 << 19:07:03.520 [main] INFO Env - @{5 PONG}
inp.1 << 19:07:03.520 [main] INFO Env - @{1 PONG}
inp.3 << 19:07:03.520 [main] INFO Env - @{3 PONG}
inp.2 << 19:07:03.520 [main] INFO Env - @{2 PONG}
inp.4 << 19:07:03.520 [main] INFO Env - @{4 PONG}
out.1 >> lock
out.3 >> lock
inp.3 << 19:07:03.521 [main] INFO Env - @{3 LOCKED}
inp.1 << 19:07:03.521 [main] INFO Env - @{1 SEND 3} Message(Ask)
out.3 >> unlock
inp.3 << 19:07:03.521 [main] INFO Env - @{3 RCVD 1} Message(Ask)
inp.3 << 19:07:03.521 [main] INFO Env - @{3 UNLOCKED}
inp.3 << 19:07:03.521 [main] INFO Env - @{3 SEND 1} Message(Share)
inp.1 << 19:07:03.521 [main] INFO Env - @{1 RCVD 3} Message(Share)
inp.1 << 19:07:03.521 [main] INFO Env - @{1 LOCKED}
out.1 >> unlock
inp.1 << 19:07:03.521 [main] INFO Env - @{1 UNLOCKED}
out.1 >> ping
out.2 >> ping
out.3 >> ping
out.4 >> ping
out.5 >> ping
inp.5 << 19:07:03.522 [main] INFO Env - @{5 PONG}
inp.1 << 19:07:03.522 [main] INFO Env - @{1 PONG}
inp.3 << 19:07:03.522 [main] INFO Env - @{3 PONG}
inp.2 << 19:07:03.522 [main] INFO Env - @{2 PONG}
inp.4 << 19:07:03.522 [main] INFO Env - @{4 PONG}
out.1 >> lock
out.3 >> lock
inp.1 << 19:07:03.522 [main] INFO Env - @{1 LOCKED}
inp.3 << 19:07:03.522 [main] INFO Env - @{3 SEND 1} Message(Ask)
out.1 >> unlock
inp.1 << 19:07:03.522 [main] INFO Env - @{1 RCVD 3} Message(Ask)
inp.1 << 19:07:03.522 [main] INFO Env - @{1 UNLOCKED}
inp.1 << 19:07:03.522 [main] INFO Env - @{1 SEND 3} Message(Share)
inp.3 << 19:07:03.522 [main] INFO Env - @{3 RCVD 1} Message(Share)
inp.3 << 19:07:03.523 [main] INFO Env - @{3 LOCKED}
out.3 >> unlock
inp.3 << 19:07:03.523 [main] INFO Env - @{3 UNLOCKED}
out.1 >> ping
out.2 >> ping
out.3 >> ping
out.4 >> ping
out.5 >> ping
inp.5 << 19:07:03.523 [main] INFO Env - @{5 PONG}
inp.1 << 19:07:03.523 [main] INFO Env - @{1 PONG}
inp.3 << 19:07:03.523 [main] INFO Env - @{3 PONG}
inp.2 << 19:07:03.523 [main] INFO Env - @{2 PONG}
inp.4 << 19:07:03.523 [main] INFO Env - @{4 PONG}
out.1 >> ping
out.2 >> ping
out.3 >> ping
out.4 >> ping
out.5 >> ping
inp.5 << 19:07:03.524 [main] INFO Env - @{5 PONG}
inp.1 << 19:07:03.524 [main] INFO Env - @{1 PONG}
inp.3 << 19:07:03.524 [main] INFO Env - @{3 PONG}
inp.2 << 19:07:03.524 [main] INFO Env - @{2 PONG}
inp.4 << 19:07:03.524 [main] INFO Env - @{4 PONG}
out.1 >> lock
inp.1 << 19:07:03.524 [main] INFO Env - @{1 SEND 3} Message(Ask)
inp.3 << 19:07:03.524 [main] INFO Env - @{3 RCVD 1} Message(Ask)
inp.3 << 19:07:03.524 [main] INFO Env - @{3 SEND 1} Message(Share)
inp.1 << 19:07:03.524 [main] INFO Env - @{1 RCVD 3} Message(Share)
inp.1 << 19:07:03.524 [main] INFO Env - @{1 LOCKED}
out.1 >> unlock
inp.1 << 19:07:03.525 [main] INFO Env - @{1 UNLOCKED}
out.1 >> ping
out.2 >> ping
out.3 >> ping
out.4 >> ping
out.5 >> ping
inp.5 << 19:07:03.525 [main] INFO Env - @{5 PONG}
inp.1 << 19:07:03.525 [main] INFO Env - @{1 PONG}
inp.2 << 19:07:03.526 [main] INFO Env - @{2 PONG}
inp.3 << 19:07:03.526 [main] INFO Env - @{3 PONG}
inp.4 << 19:07:03.526 [main] INFO Env - @{4 PONG}
out.2 >> lock
inp.2 << 19:07:03.526 [main] INFO Env - @{2 SEND 1} Message(Ask)
inp.2 << 19:07:03.526 [main] INFO Env - @{2 SEND 3} Message(Ask)
inp.2 << 19:07:03.526 [main] INFO Env - @{2 SEND 4} Message(Ask)
inp.1 << 19:07:03.526 [main] INFO Env - @{1 RCVD 2} Message(Ask)
inp.3 << 19:07:03.527 [main] INFO Env - @{3 RCVD 2} Message(Ask)
inp.1 << 19:07:03.527 [main] INFO Env - @{1 SEND 2} Message(Share)
inp.3 << 19:07:03.527 [main] INFO Env - @{3 SEND 2} Message(Share)
inp.2 << 19:07:03.527 [main] INFO Env - @{2 RCVD 1} Message(Share)
inp.4 << 19:07:03.527 [main] INFO Env - @{4 RCVD 2} Message(Ask)
inp.4 << 19:07:03.527 [main] INFO Env - @{4 SEND 2} Message(Share)
inp.2 << 19:07:03.527 [main] INFO Env - @{2 RCVD 3} Message(Share)
inp.2 << 19:07:03.527 [main] INFO Env - @{2 RCVD 4} Message(Share)
inp.2 << 19:07:03.527 [main] INFO Env - @{2 LOCKED}
out.2 >> unlock
inp.2 << 19:07:03.527 [main] INFO Env - @{2 UNLOCKED}
out.1 >> ping
out.2 >> ping
out.3 >> ping
out.4 >> ping
out.5 >> ping
inp.2 << 19:07:03.528 [main] INFO Env - @{2 PONG}
inp.5 << 19:07:03.528 [main] INFO Env - @{5 PONG}
inp.1 << 19:07:03.528 [main] INFO Env - @{1 PONG}
inp.3 << 19:07:03.528 [main] INFO Env - @{3 PONG}
inp.4 << 19:07:03.528 [main] INFO Env - @{4 PONG}
out.3 >> lock
inp.3 << 19:07:03.528 [main] INFO Env - @{3 SEND 1} Message(Ask)
inp.3 << 19:07:03.528 [main] INFO Env - @{3 SEND 2} Message(Ask)
inp.1 << 19:07:03.528 [main] INFO Env - @{1 RCVD 3} Message(Ask)
inp.2 << 19:07:03.529 [main] INFO Env - @{2 RCVD 3} Message(Ask)
inp.1 << 19:07:03.529 [main] INFO Env - @{1 SEND 3} Message(Share)
inp.2 << 19:07:03.529 [main] INFO Env - @{2 SEND 3} Message(Share)
inp.3 << 19:07:03.529 [main] INFO Env - @{3 RCVD 1} Message(Share)
inp.3 << 19:07:03.529 [main] INFO Env - @{3 RCVD 2} Message(Share)
inp.3 << 19:07:03.529 [main] INFO Env - @{3 LOCKED}
out.3 >> unlock
inp.3 << 19:07:03.529 [main] INFO Env - @{3 UNLOCKED}
out.1 >> ping
out.2 >> ping
out.3 >> ping
out.4 >> ping
out.5 >> ping
inp.3 << 19:07:03.529 [main] INFO Env - @{3 PONG}
inp.1 << 19:07:03.529 [main] INFO Env - @{1 PONG}
inp.5 << 19:07:03.529 [main] INFO Env - @{5 PONG}
inp.2 << 19:07:03.529 [main] INFO Env - @{2 PONG}
inp.4 << 19:07:03.529 [main] INFO Env - @{4 PONG}
out.4 >> lock
inp.4 << 19:07:03.530 [main] INFO Env - @{4 SEND 1} Message(Ask)
inp.4 << 19:07:03.530 [main] INFO Env - @{4 SEND 2} Message(Ask)
inp.4 << 19:07:03.530 [main] INFO Env - @{4 SEND 3} Message(Ask)
inp.3 << 19:07:03.531 [main] INFO Env - @{3 RCVD 4} Message(Ask)
inp.2 << 19:07:03.531 [main] INFO Env - @{2 RCVD 4} Message(Ask)
inp.3 << 19:07:03.532 [main] INFO Env - @{3 SEND 4} Message(Share)
inp.2 << 19:07:03.531 [main] INFO Env - @{2 SEND 4} Message(Share)
inp.4 << 19:07:03.540 [main] INFO Env - @{4 RCVD 2} Message(Share)
inp.1 << 19:07:03.530 [main] INFO Env - @{1 RCVD 4} Message(Ask)
inp.1 << 19:07:03.541 [main] INFO Env - @{1 SEND 4} Message(Share)
inp.4 << 19:07:03.540 [main] INFO Env - @{4 RCVD 3} Message(Share)
inp.4 << 19:07:03.541 [main] INFO Env - @{4 RCVD 1} Message(Share)
inp.4 << 19:07:03.541 [main] INFO Env - @{4 LOCKED}
out.4 >> unlock
inp.4 << 19:07:03.541 [main] INFO Env - @{4 UNLOCKED}
out.1 >> ping
out.2 >> ping
out.3 >> ping
out.4 >> ping
out.5 >> ping
inp.1 << 19:07:03.542 [main] INFO Env - @{1 PONG}
inp.5 << 19:07:03.542 [main] INFO Env - @{5 PONG}
inp.2 << 19:07:03.542 [main] INFO Env - @{2 PONG}
inp.3 << 19:07:03.542 [main] INFO Env - @{3 PONG}
inp.4 << 19:07:03.542 [main] INFO Env - @{4 PONG}
out.5 >> lock
inp.5 << 19:07:03.542 [main] INFO Env - @{5 SEND 1} Message(Ask)
inp.5 << 19:07:03.543 [main] INFO Env - @{5 SEND 2} Message(Ask)
inp.5 << 19:07:03.543 [main] INFO Env - @{5 SEND 3} Message(Ask)
inp.5 << 19:07:03.543 [main] INFO Env - @{5 SEND 4} Message(Ask)
inp.1 << 19:07:03.543 [main] INFO Env - @{1 RCVD 5} Message(Ask)
inp.1 << 19:07:03.543 [main] INFO Env - @{1 SEND 5} Message(Share)
inp.5 << 19:07:03.543 [main] INFO Env - @{5 RCVD 1} Message(Share)
inp.2 << 19:07:03.543 [main] INFO Env - @{2 RCVD 5} Message(Ask)
inp.3 << 19:07:03.543 [main] INFO Env - @{3 RCVD 5} Message(Ask)
inp.2 << 19:07:03.543 [main] INFO Env - @{2 SEND 5} Message(Share)
inp.4 << 19:07:03.543 [main] INFO Env - @{4 RCVD 5} Message(Ask)
inp.4 << 19:07:03.543 [main] INFO Env - @{4 SEND 5} Message(Share)
inp.3 << 19:07:03.543 [main] INFO Env - @{3 SEND 5} Message(Share)
inp.5 << 19:07:03.543 [main] INFO Env - @{5 RCVD 2} Message(Share)
inp.5 << 19:07:03.543 [main] INFO Env - @{5 RCVD 4} Message(Share)
inp.5 << 19:07:03.543 [main] INFO Env - @{5 RCVD 3} Message(Share)
inp.5 << 19:07:03.543 [main] INFO Env - @{5 LOCKED}
out.5 >> unlock
inp.5 << 19:07:03.543 [main] INFO Env - @{5 UNLOCKED}
out.1 >> ping
out.2 >> ping
out.3 >> ping
out.4 >> ping
out.5 >> ping
inp.5 << 19:07:03.544 [main] INFO Env - @{5 PONG}
inp.1 << 19:07:03.544 [main] INFO Env - @{1 PONG}
inp.2 << 19:07:03.544 [main] INFO Env - @{2 PONG}
inp.3 << 19:07:03.544 [main] INFO Env - @{3 PONG}
inp.4 << 19:07:03.544 [main] INFO Env - @{4 PONG}
out.5 >> lock
out.3 >> lock
out.2 >> lock
out.1 >> lock
out.4 >> lock
inp.3 << 19:07:03.544 [main] INFO Env - @{3 SEND 4} Message(Ask)
inp.5 << 19:07:03.544 [main] INFO Env - @{5 LOCKED}
out.5 >> unlock
inp.5 << 19:07:03.545 [main] INFO Env - @{5 UNLOCKED}
inp.3 << 19:07:03.545 [main] INFO Env - @{3 SEND 5} Message(Ask)
inp.2 << 19:07:03.545 [main] INFO Env - @{2 SEND 3} Message(Ask)
inp.2 << 19:07:03.545 [main] INFO Env - @{2 SEND 4} Message(Ask)
inp.5 << 19:07:03.545 [main] INFO Env - @{5 RCVD 3} Message(Ask)
inp.5 << 19:07:03.545 [main] INFO Env - @{5 SEND 3} Message(Share)
inp.2 << 19:07:03.545 [main] INFO Env - @{2 SEND 5} Message(Ask)
inp.5 << 19:07:03.545 [main] INFO Env - @{5 RCVD 2} Message(Ask)
inp.5 << 19:07:03.545 [main] INFO Env - @{5 SEND 2} Message(Share)
inp.3 << 19:07:03.545 [main] INFO Env - @{3 RCVD 2} Message(Ask)
inp.3 << 19:07:03.546 [main] INFO Env - @{3 SEND 2} Message(Share)
inp.3 << 19:07:03.546 [main] INFO Env - @{3 SEND 2} Message(Ask)
inp.3 << 19:07:03.546 [main] INFO Env - @{3 RCVD 5} Message(Share)
inp.1 << 19:07:03.546 [main] INFO Env - @{1 SEND 2} Message(Ask)
inp.1 << 19:07:03.546 [main] INFO Env - @{1 SEND 3} Message(Ask)
inp.1 << 19:07:03.546 [main] INFO Env - @{1 SEND 4} Message(Ask)
inp.1 << 19:07:03.546 [main] INFO Env - @{1 SEND 5} Message(Ask)
inp.4 << 19:07:03.546 [main] INFO Env - @{4 SEND 5} Message(Ask)
inp.5 << 19:07:03.546 [main] INFO Env - @{5 RCVD 1} Message(Ask)
inp.4 << 19:07:03.546 [main] INFO Env - @{4 RCVD 3} Message(Ask)
inp.5 << 19:07:03.546 [main] INFO Env - @{5 SEND 1} Message(Share)
inp.4 << 19:07:03.546 [main] INFO Env - @{4 SEND 3} Message(Share)
inp.5 << 19:07:03.546 [main] INFO Env - @{5 RCVD 4} Message(Ask)
inp.5 << 19:07:03.546 [main] INFO Env - @{5 SEND 4} Message(Share)
inp.4 << 19:07:03.546 [main] INFO Env - @{4 SEND 3} Message(Ask)
inp.4 << 19:07:03.546 [main] INFO Env - @{4 RCVD 2} Message(Ask)
inp.3 << 19:07:03.547 [main] INFO Env - @{3 RCVD 1} Message(Ask)
inp.4 << 19:07:03.547 [main] INFO Env - @{4 SEND 2} Message(Share)
inp.3 << 19:07:03.547 [main] INFO Env - @{3 SEND 1} Message(Share)
inp.1 << 19:07:03.547 [main] INFO Env - @{1 RCVD 5} Message(Share)
inp.3 << 19:07:03.547 [main] INFO Env - @{3 SEND 1} Message(Ask)
inp.4 << 19:07:03.547 [main] INFO Env - @{4 SEND 2} Message(Ask)
inp.4 << 19:07:03.547 [main] INFO Env - @{4 RCVD 1} Message(Ask)
inp.4 << 19:07:03.547 [main] INFO Env - @{4 SEND 1} Message(Share)
inp.4 << 19:07:03.547 [main] INFO Env - @{4 SEND 1} Message(Ask)
inp.4 << 19:07:03.547 [main] INFO Env - @{4 RCVD 5} Message(Share)
inp.3 << 19:07:03.547 [main] INFO Env - @{3 RCVD 4} Message(Share)
inp.3 << 19:07:03.547 [main] INFO Env - @{3 RCVD 4} Message(Ask)
inp.2 << 19:07:03.547 [main] INFO Env - @{2 RCVD 5} Message(Share)
inp.1 << 19:07:03.547 [main] INFO Env - @{1 RCVD 3} Message(Share)
inp.2 << 19:07:03.547 [main] INFO Env - @{2 RCVD 3} Message(Share)
inp.1 << 19:07:03.547 [main] INFO Env - @{1 RCVD 3} Message(Ask)
inp.2 << 19:07:03.547 [main] INFO Env - @{2 RCVD 3} Message(Ask)
inp.2 << 19:07:03.547 [main] INFO Env - @{2 RCVD 1} Message(Ask)
inp.1 << 19:07:03.547 [main] INFO Env - @{1 RCVD 4} Message(Share)
inp.2 << 19:07:03.547 [main] INFO Env - @{2 SEND 1} Message(Share)
inp.1 << 19:07:03.547 [main] INFO Env - @{1 RCVD 4} Message(Ask)
inp.2 << 19:07:03.547 [main] INFO Env - @{2 SEND 1} Message(Ask)
inp.2 << 19:07:03.547 [main] INFO Env - @{2 RCVD 4} Message(Share)
inp.2 << 19:07:03.547 [main] INFO Env - @{2 RCVD 4} Message(Ask)
inp.1 << 19:07:03.547 [main] INFO Env - @{1 RCVD 2} Message(Share)
inp.1 << 19:07:03.547 [main] INFO Env - @{1 LOCKED}
inp.1 << 19:07:03.547 [main] INFO Env - @{1 RCVD 2} Message(Ask)
out.1 >> unlock
inp.1 << 19:07:03.547 [main] INFO Env - @{1 UNLOCKED}
inp.1 << 19:07:03.547 [main] INFO Env - @{1 SEND 2} Message(Share)
inp.2 << 19:07:03.547 [main] INFO Env - @{2 RCVD 1} Message(Share)
inp.1 << 19:07:03.547 [main] INFO Env - @{1 SEND 3} Message(Share)
inp.2 << 19:07:03.547 [main] INFO Env - @{2 LOCKED}
out.2 >> unlock
inp.1 << 19:07:03.548 [main] INFO Env - @{1 SEND 4} Message(Share)
inp.2 << 19:07:03.548 [main] INFO Env - @{2 UNLOCKED}
inp.3 << 19:07:03.548 [main] INFO Env - @{3 RCVD 1} Message(Share)
inp.2 << 19:07:03.548 [main] INFO Env - @{2 SEND 3} Message(Share)
inp.2 << 19:07:03.548 [main] INFO Env - @{2 SEND 4} Message(Share)
inp.3 << 19:07:03.548 [main] INFO Env - @{3 RCVD 2} Message(Share)
inp.3 << 19:07:03.548 [main] INFO Env - @{3 LOCKED}
inp.4 << 19:07:03.548 [main] INFO Env - @{4 RCVD 1} Message(Share)
out.3 >> unlock
inp.4 << 19:07:03.548 [main] INFO Env - @{4 RCVD 2} Message(Share)
inp.3 << 19:07:03.548 [main] INFO Env - @{3 UNLOCKED}
inp.3 << 19:07:03.548 [main] INFO Env - @{3 SEND 4} Message(Share)
inp.4 << 19:07:03.548 [main] INFO Env - @{4 RCVD 3} Message(Share)
inp.4 << 19:07:03.548 [main] INFO Env - @{4 LOCKED}
out.4 >> unlock
inp.4 << 19:07:03.549 [main] INFO Env - @{4 UNLOCKED}
out.1 >> ping
out.2 >> ping
out.3 >> ping
out.4 >> ping
out.5 >> ping
inp.5 << 19:07:03.549 [main] INFO Env - @{5 PONG}
inp.1 << 19:07:03.549 [main] INFO Env - @{1 PONG}
inp.2 << 19:07:03.549 [main] INFO Env - @{2 PONG}
inp.3 << 19:07:03.549 [main] INFO Env - @{3 PONG}
inp.4 << 19:07:03.549 [main] INFO Env - @{4 PONG}
out.4 >> lock
inp.4 << 19:07:03.550 [main] INFO Env - @{4 LOCKED}
out.4 >> unlock
inp.4 << 19:07:03.550 [main] INFO Env - @{4 UNLOCKED}
out.1 >> ping
out.2 >> ping
out.3 >> ping
out.4 >> ping
out.5 >> ping
inp.1 << 19:07:03.550 [main] INFO Env - @{1 PONG}
inp.5 << 19:07:03.550 [main] INFO Env - @{5 PONG}
inp.2 << 19:07:03.551 [main] INFO Env - @{2 PONG}
inp.3 << 19:07:03.551 [main] INFO Env - @{3 PONG}
inp.4 << 19:07:03.551 [main] INFO Env - @{4 PONG}
out.4 >> lock
inp.4 << 19:07:03.552 [main] INFO Env - @{4 LOCKED}
out.4 >> unlock
inp.4 << 19:07:03.554 [main] INFO Env - @{4 UNLOCKED}
out.1 >> ping
out.2 >> ping
out.3 >> ping
out.4 >> ping
out.5 >> ping
inp.1 << 19:07:03.555 [main] INFO Env - @{1 PONG}
inp.2 << 19:07:03.555 [main] INFO Env - @{2 PONG}
inp.5 << 19:07:03.555 [main] INFO Env - @{5 PONG}
inp.4 << 19:07:03.555 [main] INFO Env - @{4 PONG}
inp.3 << 19:07:03.555 [main] INFO Env - @{3 PONG}
out.4 >> lock
inp.4 << 19:07:03.556 [main] INFO Env - @{4 LOCKED}
out.4 >> unlock
inp.4 << 19:07:03.556 [main] INFO Env - @{4 UNLOCKED}
out.1 >> ping
out.2 >> ping
out.3 >> ping
out.4 >> ping
out.5 >> ping
inp.5 << 19:07:03.557 [main] INFO Env - @{5 PONG}
inp.1 << 19:07:03.557 [main] INFO Env - @{1 PONG}
inp.2 << 19:07:03.558 [main] INFO Env - @{2 PONG}
inp.3 << 19:07:03.558 [main] INFO Env - @{3 PONG}
inp.4 << 19:07:03.558 [main] INFO Env - @{4 PONG}
out.4 >> lock
out.2 >> lock
inp.4 << 19:07:03.559 [main] INFO Env - @{4 LOCKED}
out.4 >> unlock
inp.2 << 19:07:03.559 [main] INFO Env - @{2 SEND 3} Message(Ask)
inp.2 << 19:07:03.559 [main] INFO Env - @{2 SEND 4} Message(Ask)
inp.4 << 19:07:03.559 [main] INFO Env - @{4 UNLOCKED}
inp.4 << 19:07:03.560 [main] INFO Env - @{4 RCVD 2} Message(Ask)
inp.4 << 19:07:03.560 [main] INFO Env - @{4 SEND 2} Message(Share)
inp.3 << 19:07:03.560 [main] INFO Env - @{3 RCVD 2} Message(Ask)
inp.3 << 19:07:03.560 [main] INFO Env - @{3 SEND 2} Message(Share)
inp.2 << 19:07:03.560 [main] INFO Env - @{2 RCVD 3} Message(Share)
inp.2 << 19:07:03.560 [main] INFO Env - @{2 RCVD 4} Message(Share)
inp.2 << 19:07:03.560 [main] INFO Env - @{2 LOCKED}
out.2 >> unlock
inp.2 << 19:07:03.560 [main] INFO Env - @{2 UNLOCKED}
out.1 >> ping
out.2 >> ping
out.3 >> ping
out.4 >> ping
out.5 >> ping
inp.5 << 19:07:03.561 [main] INFO Env - @{5 PONG}
inp.1 << 19:07:03.561 [main] INFO Env - @{1 PONG}
inp.2 << 19:07:03.561 [main] INFO Env - @{2 PONG}
inp.3 << 19:07:03.561 [main] INFO Env - @{3 PONG}
inp.4 << 19:07:03.561 [main] INFO Env - @{4 PONG}
out.4 >> lock
out.2 >> lock
inp.2 << 19:07:03.561 [main] INFO Env - @{2 LOCKED}
inp.4 << 19:07:03.562 [main] INFO Env - @{4 SEND 2} Message(Ask)
out.2 >> unlock
inp.2 << 19:07:03.562 [main] INFO Env - @{2 RCVD 4} Message(Ask)
inp.2 << 19:07:03.562 [main] INFO Env - @{2 UNLOCKED}
inp.2 << 19:07:03.562 [main] INFO Env - @{2 SEND 4} Message(Share)
inp.4 << 19:07:03.562 [main] INFO Env - @{4 RCVD 2} Message(Share)
inp.4 << 19:07:03.562 [main] INFO Env - @{4 LOCKED}
out.4 >> unlock
inp.4 << 19:07:03.562 [main] INFO Env - @{4 UNLOCKED}
out.1 >> ping
out.2 >> ping
out.3 >> ping
out.4 >> ping
out.5 >> ping
inp.5 << 19:07:03.562 [main] INFO Env - @{5 PONG}
inp.1 << 19:07:03.563 [main] INFO Env - @{1 PONG}
inp.2 << 19:07:03.563 [main] INFO Env - @{2 PONG}
inp.3 << 19:07:03.563 [main] INFO Env - @{3 PONG}
inp.4 << 19:07:03.563 [main] INFO Env - @{4 PONG}
out.4 >> lock
out.2 >> lock
inp.4 << 19:07:03.563 [main] INFO Env - @{4 LOCKED}
out.4 >> unlock
inp.2 << 19:07:03.563 [main] INFO Env - @{2 SEND 4} Message(Ask)
inp.4 << 19:07:03.563 [main] INFO Env - @{4 UNLOCKED}
inp.4 << 19:07:03.563 [main] INFO Env - @{4 RCVD 2} Message(Ask)
inp.4 << 19:07:03.564 [main] INFO Env - @{4 SEND 2} Message(Share)
inp.2 << 19:07:03.564 [main] INFO Env - @{2 RCVD 4} Message(Share)
inp.2 << 19:07:03.564 [main] INFO Env - @{2 LOCKED}
out.2 >> unlock
inp.2 << 19:07:03.564 [main] INFO Env - @{2 UNLOCKED}
out.1 >> ping
out.2 >> ping
out.3 >> ping
out.4 >> ping
out.5 >> ping
inp.5 << 19:07:03.564 [main] INFO Env - @{5 PONG}
inp.2 << 19:07:03.564 [main] INFO Env - @{2 PONG}
inp.3 << 19:07:03.565 [main] INFO Env - @{3 PONG}
inp.1 << 19:07:03.565 [main] INFO Env - @{1 PONG}
inp.4 << 19:07:03.565 [main] INFO Env - @{4 PONG}
out.1 >> ping
out.2 >> ping
out.3 >> ping
out.4 >> ping
out.5 >> ping
inp.5 << 19:07:03.565 [main] INFO Env - @{5 PONG}
inp.1 << 19:07:03.565 [main] INFO Env - @{1 PONG}
inp.2 << 19:07:03.565 [main] INFO Env - @{2 PONG}
inp.3 << 19:07:03.565 [main] INFO Env - @{3 PONG}
inp.4 << 19:07:03.566 [main] INFO Env - @{4 PONG}
out.1 >> lock
inp.1 << 19:07:03.566 [main] INFO Env - @{1 SEND 2} Message(Ask)
inp.1 << 19:07:03.566 [main] INFO Env - @{1 SEND 3} Message(Ask)
inp.1 << 19:07:03.566 [main] INFO Env - @{1 SEND 4} Message(Ask)
inp.2 << 19:07:03.566 [main] INFO Env - @{2 RCVD 1} Message(Ask)
inp.2 << 19:07:03.566 [main] INFO Env - @{2 SEND 1} Message(Share)
inp.3 << 19:07:03.566 [main] INFO Env - @{3 RCVD 1} Message(Ask)
inp.3 << 19:07:03.566 [main] INFO Env - @{3 SEND 1} Message(Share)
inp.4 << 19:07:03.566 [main] INFO Env - @{4 RCVD 1} Message(Ask)
inp.1 << 19:07:03.566 [main] INFO Env - @{1 RCVD 2} Message(Share)
inp.4 << 19:07:03.566 [main] INFO Env - @{4 SEND 1} Message(Share)
inp.1 << 19:07:03.566 [main] INFO Env - @{1 RCVD 3} Message(Share)
inp.1 << 19:07:03.566 [main] INFO Env - @{1 RCVD 4} Message(Share)
inp.1 << 19:07:03.566 [main] INFO Env - @{1 LOCKED}
out.1 >> unlock
inp.1 << 19:07:03.567 [main] INFO Env - @{1 UNLOCKED}
out.1 >> ping
out.2 >> ping
out.3 >> ping
out.4 >> ping
out.5 >> ping
inp.5 << 19:07:03.567 [main] INFO Env - @{5 PONG}
inp.1 << 19:07:03.567 [main] INFO Env - @{1 PONG}
inp.2 << 19:07:03.567 [main] INFO Env - @{2 PONG}
inp.3 << 19:07:03.567 [main] INFO Env - @{3 PONG}
inp.4 << 19:07:03.567 [main] INFO Env - @{4 PONG}
out.2 >> lock
inp.2 << 19:07:03.568 [main] INFO Env - @{2 SEND 1} Message(Ask)
inp.1 << 19:07:03.568 [main] INFO Env - @{1 RCVD 2} Message(Ask)
inp.1 << 19:07:03.568 [main] INFO Env - @{1 SEND 2} Message(Share)
inp.2 << 19:07:03.568 [main] INFO Env - @{2 RCVD 1} Message(Share)
inp.2 << 19:07:03.568 [main] INFO Env - @{2 LOCKED}
out.2 >> unlock
inp.2 << 19:07:03.568 [main] INFO Env - @{2 UNLOCKED}
out.1 >> ping
out.2 >> ping
out.3 >> ping
out.4 >> ping
out.5 >> ping
inp.1 << 19:07:03.568 [main] INFO Env - @{1 PONG}
inp.5 << 19:07:03.568 [main] INFO Env - @{5 PONG}
inp.2 << 19:07:03.568 [main] INFO Env - @{2 PONG}
inp.3 << 19:07:03.569 [main] INFO Env - @{3 PONG}
inp.4 << 19:07:03.569 [main] INFO Env - @{4 PONG}
out.3 >> lock
inp.3 << 19:07:03.569 [main] INFO Env - @{3 SEND 1} Message(Ask)
inp.3 << 19:07:03.569 [main] INFO Env - @{3 SEND 2} Message(Ask)
inp.3 << 19:07:03.569 [main] INFO Env - @{3 SEND 4} Message(Ask)
inp.1 << 19:07:03.569 [main] INFO Env - @{1 RCVD 3} Message(Ask)
inp.1 << 19:07:03.569 [main] INFO Env - @{1 SEND 3} Message(Share)
inp.2 << 19:07:03.569 [main] INFO Env - @{2 RCVD 3} Message(Ask)
inp.2 << 19:07:03.569 [main] INFO Env - @{2 SEND 3} Message(Share)
inp.4 << 19:07:03.569 [main] INFO Env - @{4 RCVD 3} Message(Ask)
inp.4 << 19:07:03.569 [main] INFO Env - @{4 SEND 3} Message(Share)
inp.3 << 19:07:03.569 [main] INFO Env - @{3 RCVD 1} Message(Share)
inp.3 << 19:07:03.569 [main] INFO Env - @{3 RCVD 2} Message(Share)
inp.3 << 19:07:03.569 [main] INFO Env - @{3 RCVD 4} Message(Share)
inp.3 << 19:07:03.569 [main] INFO Env - @{3 LOCKED}
out.3 >> unlock
inp.3 << 19:07:03.570 [main] INFO Env - @{3 UNLOCKED}
out.1 >> ping
out.2 >> ping
out.3 >> ping
out.4 >> ping
out.5 >> ping
inp.5 << 19:07:03.570 [main] INFO Env - @{5 PONG}
inp.2 << 19:07:03.570 [main] INFO Env - @{2 PONG}
inp.3 << 19:07:03.570 [main] INFO Env - @{3 PONG}
inp.1 << 19:07:03.570 [main] INFO Env - @{1 PONG}
inp.4 << 19:07:03.570 [main] INFO Env - @{4 PONG}
out.4 >> lock
inp.4 << 19:07:03.570 [main] INFO Env - @{4 SEND 1} Message(Ask)
inp.4 << 19:07:03.570 [main] INFO Env - @{4 SEND 2} Message(Ask)
inp.4 << 19:07:03.571 [main] INFO Env - @{4 SEND 3} Message(Ask)
inp.1 << 19:07:03.571 [main] INFO Env - @{1 RCVD 4} Message(Ask)
inp.1 << 19:07:03.571 [main] INFO Env - @{1 SEND 4} Message(Share)
inp.2 << 19:07:03.571 [main] INFO Env - @{2 RCVD 4} Message(Ask)
inp.2 << 19:07:03.571 [main] INFO Env - @{2 SEND 4} Message(Share)
inp.3 << 19:07:03.571 [main] INFO Env - @{3 RCVD 4} Message(Ask)
inp.4 << 19:07:03.571 [main] INFO Env - @{4 RCVD 1} Message(Share)
inp.4 << 19:07:03.571 [main] INFO Env - @{4 RCVD 2} Message(Share)
inp.3 << 19:07:03.571 [main] INFO Env - @{3 SEND 4} Message(Share)
inp.4 << 19:07:03.571 [main] INFO Env - @{4 RCVD 3} Message(Share)
inp.4 << 19:07:03.571 [main] INFO Env - @{4 LOCKED}
out.4 >> unlock
inp.4 << 19:07:03.571 [main] INFO Env - @{4 UNLOCKED}
out.1 >> ping
out.2 >> ping
out.3 >> ping
out.4 >> ping
out.5 >> ping
inp.1 << 19:07:03.571 [main] INFO Env - @{1 PONG}
inp.5 << 19:07:03.571 [main] INFO Env - @{5 PONG}
inp.2 << 19:07:03.571 [main] INFO Env - @{2 PONG}
inp.3 << 19:07:03.571 [main] INFO Env - @{3 PONG}
inp.4 << 19:07:03.571 [main] INFO Env - @{4 PONG}
out.5 >> lock
inp.5 << 19:07:03.572 [main] INFO Env - @{5 SEND 1} Message(Ask)
inp.5 << 19:07:03.572 [main] INFO Env - @{5 SEND 2} Message(Ask)
inp.5 << 19:07:03.572 [main] INFO Env - @{5 SEND 3} Message(Ask)
inp.5 << 19:07:03.572 [main] INFO Env - @{5 SEND 4} Message(Ask)
inp.2 << 19:07:03.572 [main] INFO Env - @{2 RCVD 5} Message(Ask)
inp.1 << 19:07:03.572 [main] INFO Env - @{1 RCVD 5} Message(Ask)
inp.1 << 19:07:03.572 [main] INFO Env - @{1 SEND 5} Message(Share)
inp.5 << 19:07:03.572 [main] INFO Env - @{5 RCVD 1} Message(Share)
inp.2 << 19:07:03.572 [main] INFO Env - @{2 SEND 5} Message(Share)
inp.5 << 19:07:03.572 [main] INFO Env - @{5 RCVD 2} Message(Share)
inp.3 << 19:07:03.572 [main] INFO Env - @{3 RCVD 5} Message(Ask)
inp.3 << 19:07:03.572 [main] INFO Env - @{3 SEND 5} Message(Share)
inp.4 << 19:07:03.572 [main] INFO Env - @{4 RCVD 5} Message(Ask)
inp.5 << 19:07:03.572 [main] INFO Env - @{5 RCVD 3} Message(Share)
inp.4 << 19:07:03.572 [main] INFO Env - @{4 SEND 5} Message(Share)
inp.5 << 19:07:03.573 [main] INFO Env - @{5 RCVD 4} Message(Share)
inp.5 << 19:07:03.573 [main] INFO Env - @{5 LOCKED}
out.5 >> unlock
inp.5 << 19:07:03.573 [main] INFO Env - @{5 UNLOCKED}
out.1 >> ping
out.2 >> ping
out.3 >> ping
out.4 >> ping
out.5 >> ping
inp.5 << 19:07:03.573 [main] INFO Env - @{5 PONG}
inp.1 << 19:07:03.573 [main] INFO Env - @{1 PONG}
inp.2 << 19:07:03.573 [main] INFO Env - @{2 PONG}
inp.3 << 19:07:03.573 [main] INFO Env - @{3 PONG}
inp.4 << 19:07:03.573 [main] INFO Env - @{4 PONG}
out.4 >> lock
out.1 >> lock
out.5 >> lock
out.2 >> lock
out.3 >> lock
inp.5 << 19:07:03.574 [main] INFO Env - @{5 LOCKED}
inp.4 << 19:07:03.574 [main] INFO Env - @{4 SEND 5} Message(Ask)
out.5 >> unlock
inp.5 << 19:07:03.574 [main] INFO Env - @{5 RCVD 4} Message(Ask)
inp.5 << 19:07:03.574 [main] INFO Env - @{5 UNLOCKED}
inp.2 << 19:07:03.574 [main] INFO Env - @{2 SEND 3} Message(Ask)
inp.1 << 19:07:03.574 [main] INFO Env - @{1 SEND 2} Message(Ask)
inp.5 << 19:07:03.574 [main] INFO Env - @{5 SEND 4} Message(Share)
inp.2 << 19:07:03.574 [main] INFO Env - @{2 SEND 4} Message(Ask)
inp.1 << 19:07:03.574 [main] INFO Env - @{1 SEND 3} Message(Ask)
inp.1 << 19:07:03.574 [main] INFO Env - @{1 SEND 4} Message(Ask)
inp.2 << 19:07:03.574 [main] INFO Env - @{2 SEND 5} Message(Ask)
inp.1 << 19:07:03.574 [main] INFO Env - @{1 SEND 5} Message(Ask)
inp.5 << 19:07:03.574 [main] INFO Env - @{5 RCVD 2} Message(Ask)
inp.2 << 19:07:03.574 [main] INFO Env - @{2 RCVD 1} Message(Ask)
inp.2 << 19:07:03.574 [main] INFO Env - @{2 SEND 1} Message(Share)
inp.5 << 19:07:03.574 [main] INFO Env - @{5 SEND 2} Message(Share)
inp.2 << 19:07:03.574 [main] INFO Env - @{2 SEND 1} Message(Ask)
inp.5 << 19:07:03.574 [main] INFO Env - @{5 RCVD 1} Message(Ask)
inp.5 << 19:07:03.574 [main] INFO Env - @{5 SEND 1} Message(Share)
inp.2 << 19:07:03.574 [main] INFO Env - @{2 RCVD 5} Message(Share)
inp.3 << 19:07:03.574 [main] INFO Env - @{3 SEND 4} Message(Ask)
inp.4 << 19:07:03.575 [main] INFO Env - @{4 RCVD 5} Message(Share)
inp.3 << 19:07:03.575 [main] INFO Env - @{3 SEND 5} Message(Ask)
inp.3 << 19:07:03.575 [main] INFO Env - @{3 RCVD 2} Message(Ask)
inp.3 << 19:07:03.575 [main] INFO Env - @{3 SEND 2} Message(Share)
inp.4 << 19:07:03.575 [main] INFO Env - @{4 LOCKED}
inp.4 << 19:07:03.575 [main] INFO Env - @{4 RCVD 2} Message(Ask)
inp.3 << 19:07:03.575 [main] INFO Env - @{3 SEND 2} Message(Ask)
inp.3 << 19:07:03.575 [main] INFO Env - @{3 RCVD 1} Message(Ask)
inp.3 << 19:07:03.575 [main] INFO Env - @{3 SEND 1} Message(Share)
inp.4 << 19:07:03.575 [main] INFO Env - @{4 RCVD 1} Message(Ask)
inp.4 << 19:07:03.575 [main] INFO Env - @{4 RCVD 3} Message(Ask)
inp.5 << 19:07:03.575 [main] INFO Env - @{5 RCVD 3} Message(Ask)
inp.3 << 19:07:03.575 [main] INFO Env - @{3 SEND 1} Message(Ask)
out.4 >> unlock
inp.5 << 19:07:03.575 [main] INFO Env - @{5 SEND 3} Message(Share)
inp.3 << 19:07:03.575 [main] INFO Env - @{3 RCVD 5} Message(Share)
inp.4 << 19:07:03.575 [main] INFO Env - @{4 UNLOCKED}
inp.2 << 19:07:03.575 [main] INFO Env - @{2 RCVD 3} Message(Share)
inp.1 << 19:07:03.575 [main] INFO Env - @{1 RCVD 2} Message(Share)
inp.2 << 19:07:03.575 [main] INFO Env - @{2 RCVD 3} Message(Ask)
inp.4 << 19:07:03.575 [main] INFO Env - @{4 SEND 1} Message(Share)
inp.4 << 19:07:03.575 [main] INFO Env - @{4 SEND 2} Message(Share)
inp.4 << 19:07:03.575 [main] INFO Env - @{4 SEND 3} Message(Share)
inp.1 << 19:07:03.575 [main] INFO Env - @{1 RCVD 2} Message(Ask)
inp.2 << 19:07:03.575 [main] INFO Env - @{2 RCVD 4} Message(Share)
inp.1 << 19:07:03.575 [main] INFO Env - @{1 RCVD 5} Message(Share)
inp.1 << 19:07:03.575 [main] INFO Env - @{1 RCVD 3} Message(Share)
inp.1 << 19:07:03.575 [main] INFO Env - @{1 RCVD 3} Message(Ask)
inp.3 << 19:07:03.575 [main] INFO Env - @{3 RCVD 4} Message(Share)
inp.1 << 19:07:03.575 [main] INFO Env - @{1 RCVD 4} Message(Share)
inp.1 << 19:07:03.575 [main] INFO Env - @{1 LOCKED}
out.1 >> unlock
inp.1 << 19:07:03.575 [main] INFO Env - @{1 UNLOCKED}
inp.1 << 19:07:03.575 [main] INFO Env - @{1 SEND 2} Message(Share)
inp.1 << 19:07:03.575 [main] INFO Env - @{1 SEND 3} Message(Share)
inp.2 << 19:07:03.575 [main] INFO Env - @{2 RCVD 1} Message(Share)
inp.2 << 19:07:03.576 [main] INFO Env - @{2 LOCKED}
inp.3 << 19:07:03.576 [main] INFO Env - @{3 RCVD 1} Message(Share)
out.2 >> unlock
inp.2 << 19:07:03.576 [main] INFO Env - @{2 UNLOCKED}
inp.2 << 19:07:03.576 [main] INFO Env - @{2 SEND 3} Message(Share)
inp.3 << 19:07:03.576 [main] INFO Env - @{3 RCVD 2} Message(Share)
inp.3 << 19:07:03.576 [main] INFO Env - @{3 LOCKED}
out.3 >> unlock
inp.3 << 19:07:03.576 [main] INFO Env - @{3 UNLOCKED}
out.1 >> ping
out.2 >> ping
out.3 >> ping
out.4 >> ping
out.5 >> ping
inp.5 << 19:07:03.576 [main] INFO Env - @{5 PONG}
inp.1 << 19:07:03.576 [main] INFO Env - @{1 PONG}
inp.3 << 19:07:03.576 [main] INFO Env - @{3 PONG}
inp.2 << 19:07:03.576 [main] INFO Env - @{2 PONG}
inp.4 << 19:07:03.576 [main] INFO Env - @{4 PONG}
out.5 >> lock
inp.5 << 19:07:03.577 [main] INFO Env - @{5 SEND 1} Message(Ask)
inp.5 << 19:07:03.577 [main] INFO Env - @{5 SEND 2} Message(Ask)
inp.1 << 19:07:03.577 [main] INFO Env - @{1 RCVD 5} Message(Ask)
inp.5 << 19:07:03.577 [main] INFO Env - @{5 SEND 3} Message(Ask)
inp.1 << 19:07:03.577 [main] INFO Env - @{1 SEND 5} Message(Share)
inp.5 << 19:07:03.577 [main] INFO Env - @{5 SEND 4} Message(Ask)
inp.3 << 19:07:03.577 [main] INFO Env - @{3 RCVD 5} Message(Ask)
inp.5 << 19:07:03.577 [main] INFO Env - @{5 RCVD 1} Message(Share)
inp.3 << 19:07:03.577 [main] INFO Env - @{3 SEND 5} Message(Share)
inp.2 << 19:07:03.577 [main] INFO Env - @{2 RCVD 5} Message(Ask)
inp.2 << 19:07:03.577 [main] INFO Env - @{2 SEND 5} Message(Share)
inp.5 << 19:07:03.577 [main] INFO Env - @{5 RCVD 3} Message(Share)
inp.4 << 19:07:03.577 [main] INFO Env - @{4 RCVD 5} Message(Ask)
inp.4 << 19:07:03.577 [main] INFO Env - @{4 SEND 5} Message(Share)
inp.5 << 19:07:03.577 [main] INFO Env - @{5 RCVD 2} Message(Share)
inp.5 << 19:07:03.577 [main] INFO Env - @{5 RCVD 4} Message(Share)
inp.5 << 19:07:03.577 [main] INFO Env - @{5 LOCKED}
out.5 >> unlock
inp.5 << 19:07:03.577 [main] INFO Env - @{5 UNLOCKED}
out.1 >> ping
out.2 >> ping
out.3 >> ping
out.4 >> ping
out.5 >> ping
inp.2 << 19:07:03.578 [main] INFO Env - @{2 PONG}
inp.5 << 19:07:03.578 [main] INFO Env - @{5 PONG}
inp.1 << 19:07:03.578 [main] INFO Env - @{1 PONG}
inp.4 << 19:07:03.578 [main] INFO Env - @{4 PONG}
inp.3 << 19:07:03.578 [main] INFO Env - @{3 PONG}
out.5 >> lock
inp.5 << 19:07:03.578 [main] INFO Env - @{5 LOCKED}
out.5 >> unlock
inp.5 << 19:07:03.578 [main] INFO Env - @{5 UNLOCKED}
out.1 >> ping
out.2 >> ping
out.3 >> ping
out.4 >> ping
out.5 >> ping
inp.5 << 19:07:03.578 [main] INFO Env - @{5 PONG}
inp.1 << 19:07:03.578 [main] INFO Env - @{1 PONG}
inp.2 << 19:07:03.578 [main] INFO Env - @{2 PONG}
inp.3 << 19:07:03.578 [main] INFO Env - @{3 PONG}
inp.4 << 19:07:03.579 [main] INFO Env - @{4 PONG}
out.5 >> lock
inp.5 << 19:07:03.579 [main] INFO Env - @{5 LOCKED}
out.5 >> unlock
inp.5 << 19:07:03.579 [main] INFO Env - @{5 UNLOCKED}
out.1 >> ping
out.2 >> ping
out.3 >> ping
out.4 >> ping
out.5 >> ping
inp.5 << 19:07:03.579 [main] INFO Env - @{5 PONG}
inp.1 << 19:07:03.579 [main] INFO Env - @{1 PONG}
inp.2 << 19:07:03.579 [main] INFO Env - @{2 PONG}
inp.3 << 19:07:03.579 [main] INFO Env - @{3 PONG}
inp.4 << 19:07:03.579 [main] INFO Env - @{4 PONG}
out.5 >> lock
out.4 >> lock
inp.5 << 19:07:03.579 [main] INFO Env - @{5 LOCKED}
out.5 >> unlock
inp.4 << 19:07:03.579 [main] INFO Env - @{4 SEND 1} Message(Ask)
inp.5 << 19:07:03.580 [main] INFO Env - @{5 UNLOCKED}
inp.4 << 19:07:03.580 [main] INFO Env - @{4 SEND 2} Message(Ask)
inp.4 << 19:07:03.580 [main] INFO Env - @{4 SEND 3} Message(Ask)
inp.4 << 19:07:03.580 [main] INFO Env - @{4 SEND 5} Message(Ask)
inp.2 << 19:07:03.580 [main] INFO Env - @{2 RCVD 4} Message(Ask)
inp.2 << 19:07:03.580 [main] INFO Env - @{2 SEND 4} Message(Share)
inp.4 << 19:07:03.580 [main] INFO Env - @{4 RCVD 2} Message(Share)
inp.5 << 19:07:03.580 [main] INFO Env - @{5 RCVD 4} Message(Ask)
inp.5 << 19:07:03.580 [main] INFO Env - @{5 SEND 4} Message(Share)
inp.1 << 19:07:03.580 [main] INFO Env - @{1 RCVD 4} Message(Ask)
inp.4 << 19:07:03.580 [main] INFO Env - @{4 RCVD 5} Message(Share)
inp.1 << 19:07:03.580 [main] INFO Env - @{1 SEND 4} Message(Share)
inp.3 << 19:07:03.580 [main] INFO Env - @{3 RCVD 4} Message(Ask)
inp.4 << 19:07:03.580 [main] INFO Env - @{4 RCVD 1} Message(Share)
inp.3 << 19:07:03.580 [main] INFO Env - @{3 SEND 4} Message(Share)
inp.4 << 19:07:03.580 [main] INFO Env - @{4 RCVD 3} Message(Share)
inp.4 << 19:07:03.580 [main] INFO Env - @{4 LOCKED}
out.4 >> unlock
inp.4 << 19:07:03.581 [main] INFO Env - @{4 UNLOCKED}
out.1 >> ping
out.2 >> ping
out.3 >> ping
out.4 >> ping
out.5 >> ping
inp.5 << 19:07:03.581 [main] INFO Env - @{5 PONG}
inp.1 << 19:07:03.581 [main] INFO Env - @{1 PONG}
inp.2 << 19:07:03.581 [main] INFO Env - @{2 PONG}
inp.3 << 19:07:03.581 [main] INFO Env - @{3 PONG}
inp.4 << 19:07:03.582 [main] INFO Env - @{4 PONG}
out.5 >> lock
out.4 >> lock
inp.5 << 19:07:03.582 [main] INFO Env - @{5 SEND 4} Message(Ask)
inp.4 << 19:07:03.582 [main] INFO Env - @{4 LOCKED}
inp.4 << 19:07:03.582 [main] INFO Env - @{4 RCVD 5} Message(Ask)
out.4 >> unlock
inp.4 << 19:07:03.582 [main] INFO Env - @{4 UNLOCKED}
inp.4 << 19:07:03.582 [main] INFO Env - @{4 SEND 5} Message(Share)
inp.5 << 19:07:03.582 [main] INFO Env - @{5 RCVD 4} Message(Share)
inp.5 << 19:07:03.582 [main] INFO Env - @{5 LOCKED}
out.5 >> unlock
inp.5 << 19:07:03.582 [main] INFO Env - @{5 UNLOCKED}
out.1 >> ping
out.2 >> ping
out.3 >> ping
out.4 >> ping
out.5 >> ping
inp.5 << 19:07:03.583 [main] INFO Env - @{5 PONG}
inp.1 << 19:07:03.583 [main] INFO Env - @{1 PONG}
inp.2 << 19:07:03.583 [main] INFO Env - @{2 PONG}
inp.4 << 19:07:03.583 [main] INFO Env - @{4 PONG}
inp.3 << 19:07:03.583 [main] INFO Env - @{3 PONG}
out.5 >> lock
out.4 >> lock
inp.5 << 19:07:03.583 [main] INFO Env - @{5 LOCKED}
inp.4 << 19:07:03.583 [main] INFO Env - @{4 SEND 5} Message(Ask)
out.5 >> unlock
inp.5 << 19:07:03.583 [main] INFO Env - @{5 RCVD 4} Message(Ask)
inp.5 << 19:07:03.583 [main] INFO Env - @{5 UNLOCKED}
inp.5 << 19:07:03.583 [main] INFO Env - @{5 SEND 4} Message(Share)
inp.4 << 19:07:03.584 [main] INFO Env - @{4 RCVD 5} Message(Share)
inp.4 << 19:07:03.584 [main] INFO Env - @{4 LOCKED}
out.4 >> unlock
inp.4 << 19:07:03.584 [main] INFO Env - @{4 UNLOCKED}
out.1 >> ping
out.2 >> ping
out.3 >> ping
out.4 >> ping
out.5 >> ping
inp.5 << 19:07:03.584 [main] INFO Env - @{5 PONG}
inp.1 << 19:07:03.584 [main] INFO Env - @{1 PONG}
inp.3 << 19:07:03.584 [main] INFO Env - @{3 PONG}
inp.2 << 19:07:03.584 [main] INFO Env - @{2 PONG}
inp.4 << 19:07:03.584 [main] INFO Env - @{4 PONG}
out.1 >> ping
out.2 >> ping
out.3 >> ping
out.4 >> ping
out.5 >> ping
inp.5 << 19:07:03.584 [main] INFO Env - @{5 PONG}
inp.1 << 19:07:03.585 [main] INFO Env - @{1 PONG}
inp.2 << 19:07:03.585 [main] INFO Env - @{2 PONG}
inp.3 << 19:07:03.585 [main] INFO Env - @{3 PONG}
inp.4 << 19:07:03.585 [main] INFO Env - @{4 PONG}
out.1 >> lock
inp.1 << 19:07:03.585 [main] INFO Env - @{1 SEND 2} Message(Ask)
inp.1 << 19:07:03.585 [main] INFO Env - @{1 SEND 3} Message(Ask)
inp.1 << 19:07:03.585 [main] INFO Env - @{1 SEND 4} Message(Ask)
inp.1 << 19:07:03.585 [main] INFO Env - @{1 SEND 5} Message(Ask)
inp.2 << 19:07:03.585 [main] INFO Env - @{2 RCVD 1} Message(Ask)
inp.2 << 19:07:03.585 [main] INFO Env - @{2 SEND 1} Message(Share)
inp.3 << 19:07:03.585 [main] INFO Env - @{3 RCVD 1} Message(Ask)
inp.5 << 19:07:03.585 [main] INFO Env - @{5 RCVD 1} Message(Ask)
inp.5 << 19:07:03.585 [main] INFO Env - @{5 SEND 1} Message(Share)
inp.3 << 19:07:03.585 [main] INFO Env - @{3 SEND 1} Message(Share)
inp.4 << 19:07:03.585 [main] INFO Env - @{4 RCVD 1} Message(Ask)
inp.4 << 19:07:03.586 [main] INFO Env - @{4 SEND 1} Message(Share)
inp.1 << 19:07:03.586 [main] INFO Env - @{1 RCVD 2} Message(Share)
inp.1 << 19:07:03.586 [main] INFO Env - @{1 RCVD 5} Message(Share)
inp.1 << 19:07:03.586 [main] INFO Env - @{1 RCVD 3} Message(Share)
inp.1 << 19:07:03.586 [main] INFO Env - @{1 RCVD 4} Message(Share)
inp.1 << 19:07:03.586 [main] INFO Env - @{1 LOCKED}
out.1 >> unlock
inp.1 << 19:07:03.586 [main] INFO Env - @{1 UNLOCKED}
out.1 >> ping
out.2 >> ping
out.3 >> ping
out.4 >> ping
out.5 >> ping
inp.1 << 19:07:03.586 [main] INFO Env - @{1 PONG}
inp.5 << 19:07:03.586 [main] INFO Env - @{5 PONG}
inp.2 << 19:07:03.586 [main] INFO Env - @{2 PONG}
inp.3 << 19:07:03.586 [main] INFO Env - @{3 PONG}
inp.4 << 19:07:03.586 [main] INFO Env - @{4 PONG}
out.2 >> lock
inp.2 << 19:07:03.587 [main] INFO Env - @{2 SEND 1} Message(Ask)
inp.2 << 19:07:03.587 [main] INFO Env - @{2 SEND 3} Message(Ask)
inp.2 << 19:07:03.587 [main] INFO Env - @{2 SEND 4} Message(Ask)
inp.2 << 19:07:03.587 [main] INFO Env - @{2 SEND 5} Message(Ask)
inp.1 << 19:07:03.587 [main] INFO Env - @{1 RCVD 2} Message(Ask)
inp.1 << 19:07:03.587 [main] INFO Env - @{1 SEND 2} Message(Share)
inp.2 << 19:07:03.587 [main] INFO Env - @{2 RCVD 1} Message(Share)
inp.5 << 19:07:03.587 [main] INFO Env - @{5 RCVD 2} Message(Ask)
inp.5 << 19:07:03.587 [main] INFO Env - @{5 SEND 2} Message(Share)
inp.3 << 19:07:03.587 [main] INFO Env - @{3 RCVD 2} Message(Ask)
inp.3 << 19:07:03.587 [main] INFO Env - @{3 SEND 2} Message(Share)
inp.2 << 19:07:03.587 [main] INFO Env - @{2 RCVD 5} Message(Share)
inp.2 << 19:07:03.587 [main] INFO Env - @{2 RCVD 3} Message(Share)
inp.4 << 19:07:03.588 [main] INFO Env - @{4 RCVD 2} Message(Ask)
inp.4 << 19:07:03.588 [main] INFO Env - @{4 SEND 2} Message(Share)
inp.2 << 19:07:03.588 [main] INFO Env - @{2 RCVD 4} Message(Share)
inp.2 << 19:07:03.588 [main] INFO Env - @{2 LOCKED}
out.2 >> unlock
inp.2 << 19:07:03.588 [main] INFO Env - @{2 UNLOCKED}
out.1 >> ping
out.2 >> ping
out.3 >> ping
out.4 >> ping
out.5 >> ping
inp.5 << 19:07:03.588 [main] INFO Env - @{5 PONG}
inp.1 << 19:07:03.589 [main] INFO Env - @{1 PONG}
inp.2 << 19:07:03.589 [main] INFO Env - @{2 PONG}
inp.3 << 19:07:03.589 [main] INFO Env - @{3 PONG}
inp.4 << 19:07:03.589 [main] INFO Env - @{4 PONG}
out.3 >> lock
inp.3 << 19:07:03.589 [main] INFO Env - @{3 SEND 1} Message(Ask)
inp.3 << 19:07:03.589 [main] INFO Env - @{3 SEND 2} Message(Ask)
inp.3 << 19:07:03.589 [main] INFO Env - @{3 SEND 4} Message(Ask)
inp.3 << 19:07:03.589 [main] INFO Env - @{3 SEND 5} Message(Ask)
inp.1 << 19:07:03.589 [main] INFO Env - @{1 RCVD 3} Message(Ask)
inp.1 << 19:07:03.589 [main] INFO Env - @{1 SEND 3} Message(Share)
inp.2 << 19:07:03.589 [main] INFO Env - @{2 RCVD 3} Message(Ask)
inp.5 << 19:07:03.589 [main] INFO Env - @{5 RCVD 3} Message(Ask)
inp.4 << 19:07:03.589 [main] INFO Env - @{4 RCVD 3} Message(Ask)
inp.2 << 19:07:03.589 [main] INFO Env - @{2 SEND 3} Message(Share)
inp.4 << 19:07:03.589 [main] INFO Env - @{4 SEND 3} Message(Share)
inp.5 << 19:07:03.590 [main] INFO Env - @{5 SEND 3} Message(Share)
inp.3 << 19:07:03.590 [main] INFO Env - @{3 RCVD 1} Message(Share)
inp.3 << 19:07:03.590 [main] INFO Env - @{3 RCVD 2} Message(Share)
inp.3 << 19:07:03.590 [main] INFO Env - @{3 RCVD 4} Message(Share)
inp.3 << 19:07:03.590 [main] INFO Env - @{3 RCVD 5} Message(Share)
inp.3 << 19:07:03.590 [main] INFO Env - @{3 LOCKED}
out.3 >> unlock
inp.3 << 19:07:03.590 [main] INFO Env - @{3 UNLOCKED}
out.1 >> ping
out.2 >> ping
out.3 >> ping
out.4 >> ping
out.5 >> ping
inp.5 << 19:07:03.590 [main] INFO Env - @{5 PONG}
inp.1 << 19:07:03.590 [main] INFO Env - @{1 PONG}
inp.2 << 19:07:03.591 [main] INFO Env - @{2 PONG}
inp.3 << 19:07:03.591 [main] INFO Env - @{3 PONG}
inp.4 << 19:07:03.591 [main] INFO Env - @{4 PONG}
out.4 >> lock
inp.4 << 19:07:03.591 [main] INFO Env - @{4 SEND 1} Message(Ask)
inp.4 << 19:07:03.591 [main] INFO Env - @{4 SEND 2} Message(Ask)
inp.4 << 19:07:03.591 [main] INFO Env - @{4 SEND 3} Message(Ask)
inp.2 << 19:07:03.591 [main] INFO Env - @{2 RCVD 4} Message(Ask)
inp.2 << 19:07:03.592 [main] INFO Env - @{2 SEND 4} Message(Share)
inp.3 << 19:07:03.592 [main] INFO Env - @{3 RCVD 4} Message(Ask)
inp.3 << 19:07:03.592 [main] INFO Env - @{3 SEND 4} Message(Share)
inp.4 << 19:07:03.592 [main] INFO Env - @{4 RCVD 1} Message(Share)
inp.4 << 19:07:03.592 [main] INFO Env - @{4 RCVD 2} Message(Share)
inp.4 << 19:07:03.592 [main] INFO Env - @{4 RCVD 3} Message(Share)
inp.4 << 19:07:03.592 [main] INFO Env - @{4 LOCKED}
inp.1 << 19:07:03.591 [main] INFO Env - @{1 RCVD 4} Message(Ask)
inp.1 << 19:07:03.591 [main] INFO Env - @{1 SEND 4} Message(Share)
out.4 >> unlock
inp.4 << 19:07:03.592 [main] INFO Env - @{4 UNLOCKED}
out.1 >> ping
out.2 >> ping
out.3 >> ping
out.4 >> ping
out.5 >> ping
inp.5 << 19:07:03.592 [main] INFO Env - @{5 PONG}
inp.1 << 19:07:03.593 [main] INFO Env - @{1 PONG}
inp.2 << 19:07:03.593 [main] INFO Env - @{2 PONG}
inp.3 << 19:07:03.593 [main] INFO Env - @{3 PONG}
inp.4 << 19:07:03.593 [main] INFO Env - @{4 PONG}
out.5 >> lock
inp.5 << 19:07:03.593 [main] INFO Env - @{5 SEND 1} Message(Ask)
inp.5 << 19:07:03.593 [main] INFO Env - @{5 SEND 2} Message(Ask)
inp.5 << 19:07:03.593 [main] INFO Env - @{5 SEND 3} Message(Ask)
inp.2 << 19:07:03.593 [main] INFO Env - @{2 RCVD 5} Message(Ask)
inp.2 << 19:07:03.593 [main] INFO Env - @{2 SEND 5} Message(Share)
inp.5 << 19:07:03.593 [main] INFO Env - @{5 SEND 4} Message(Ask)
inp.5 << 19:07:03.594 [main] INFO Env - @{5 RCVD 2} Message(Share)
inp.1 << 19:07:03.594 [main] INFO Env - @{1 RCVD 5} Message(Ask)
inp.3 << 19:07:03.594 [main] INFO Env - @{3 RCVD 5} Message(Ask)
inp.1 << 19:07:03.594 [main] INFO Env - @{1 SEND 5} Message(Share)
inp.3 << 19:07:03.594 [main] INFO Env - @{3 SEND 5} Message(Share)
inp.4 << 19:07:03.594 [main] INFO Env - @{4 RCVD 5} Message(Ask)
inp.5 << 19:07:03.594 [main] INFO Env - @{5 RCVD 1} Message(Share)
inp.4 << 19:07:03.594 [main] INFO Env - @{4 SEND 5} Message(Share)
inp.5 << 19:07:03.594 [main] INFO Env - @{5 RCVD 3} Message(Share)
inp.5 << 19:07:03.594 [main] INFO Env - @{5 RCVD 4} Message(Share)
inp.5 << 19:07:03.594 [main] INFO Env - @{5 LOCKED}
out.5 >> unlock
inp.5 << 19:07:03.594 [main] INFO Env - @{5 UNLOCKED}
out.1 >> ping
out.2 >> ping
out.3 >> ping
out.4 >> ping
out.5 >> ping
inp.5 << 19:07:03.594 [main] INFO Env - @{5 PONG}
inp.1 << 19:07:03.595 [main] INFO Env - @{1 PONG}
inp.2 << 19:07:03.595 [main] INFO Env - @{2 PONG}
inp.3 << 19:07:03.595 [main] INFO Env - @{3 PONG}
inp.4 << 19:07:03.595 [main] INFO Env - @{4 PONG}
out.4 >> lock
out.2 >> lock
out.1 >> lock
out.3 >> lock
out.5 >> lock
inp.5 << 19:07:03.595 [main] INFO Env - @{5 LOCKED}
out.5 >> unlock
inp.5 << 19:07:03.596 [main] INFO Env - @{5 UNLOCKED}
inp.2 << 19:07:03.596 [main] INFO Env - @{2 SEND 3} Message(Ask)
inp.4 << 19:07:03.596 [main] INFO Env - @{4 SEND 5} Message(Ask)
inp.2 << 19:07:03.596 [main] INFO Env - @{2 SEND 4} Message(Ask)
inp.5 << 19:07:03.597 [main] INFO Env - @{5 RCVD 4} Message(Ask)
inp.5 << 19:07:03.597 [main] INFO Env - @{5 SEND 4} Message(Share)
inp.2 << 19:07:03.597 [main] INFO Env - @{2 SEND 5} Message(Ask)
inp.5 << 19:07:03.598 [main] INFO Env - @{5 RCVD 2} Message(Ask)
inp.4 << 19:07:03.598 [main] INFO Env - @{4 RCVD 2} Message(Ask)
inp.4 << 19:07:03.598 [main] INFO Env - @{4 SEND 2} Message(Share)
inp.4 << 19:07:03.598 [main] INFO Env - @{4 SEND 2} Message(Ask)
inp.4 << 19:07:03.598 [main] INFO Env - @{4 RCVD 5} Message(Share)
inp.5 << 19:07:03.598 [main] INFO Env - @{5 SEND 2} Message(Share)
inp.1 << 19:07:03.598 [main] INFO Env - @{1 SEND 2} Message(Ask)
inp.2 << 19:07:03.598 [main] INFO Env - @{2 RCVD 4} Message(Share)
inp.2 << 19:07:03.598 [main] INFO Env - @{2 RCVD 4} Message(Ask)
inp.1 << 19:07:03.598 [main] INFO Env - @{1 SEND 3} Message(Ask)
inp.2 << 19:07:03.598 [main] INFO Env - @{2 RCVD 5} Message(Share)
inp.2 << 19:07:03.598 [main] INFO Env - @{2 RCVD 1} Message(Ask)
inp.2 << 19:07:03.598 [main] INFO Env - @{2 SEND 1} Message(Share)
inp.2 << 19:07:03.598 [main] INFO Env - @{2 SEND 1} Message(Ask)
inp.1 << 19:07:03.598 [main] INFO Env - @{1 SEND 4} Message(Ask)
inp.1 << 19:07:03.598 [main] INFO Env - @{1 SEND 5} Message(Ask)
inp.1 << 19:07:03.598 [main] INFO Env - @{1 RCVD 2} Message(Share)
inp.1 << 19:07:03.598 [main] INFO Env - @{1 RCVD 2} Message(Ask)
inp.5 << 19:07:03.598 [main] INFO Env - @{5 RCVD 1} Message(Ask)
inp.3 << 19:07:03.598 [main] INFO Env - @{3 SEND 4} Message(Ask)
inp.5 << 19:07:03.598 [main] INFO Env - @{5 SEND 1} Message(Share)
inp.1 << 19:07:03.599 [main] INFO Env - @{1 RCVD 5} Message(Share)
inp.3 << 19:07:03.599 [main] INFO Env - @{3 SEND 5} Message(Ask)
inp.3 << 19:07:03.599 [main] INFO Env - @{3 RCVD 2} Message(Ask)
inp.3 << 19:07:03.599 [main] INFO Env - @{3 SEND 2} Message(Share)
inp.5 << 19:07:03.599 [main] INFO Env - @{5 RCVD 3} Message(Ask)
inp.5 << 19:07:03.599 [main] INFO Env - @{5 SEND 3} Message(Share)
inp.3 << 19:07:03.599 [main] INFO Env - @{3 SEND 2} Message(Ask)
inp.3 << 19:07:03.599 [main] INFO Env - @{3 RCVD 1} Message(Ask)
inp.3 << 19:07:03.599 [main] INFO Env - @{3 SEND 1} Message(Share)
inp.3 << 19:07:03.599 [main] INFO Env - @{3 SEND 1} Message(Ask)
inp.3 << 19:07:03.599 [main] INFO Env - @{3 RCVD 5} Message(Share)
inp.3 << 19:07:03.599 [main] INFO Env - @{3 RCVD 4} Message(Share)
inp.3 << 19:07:03.599 [main] INFO Env - @{3 RCVD 4} Message(Ask)
inp.1 << 19:07:03.599 [main] INFO Env - @{1 RCVD 4} Message(Share)
inp.1 << 19:07:03.599 [main] INFO Env - @{1 RCVD 4} Message(Ask)
inp.1 << 19:07:03.599 [main] INFO Env - @{1 RCVD 3} Message(Share)
inp.1 << 19:07:03.599 [main] INFO Env - @{1 LOCKED}
inp.1 << 19:07:03.599 [main] INFO Env - @{1 RCVD 3} Message(Ask)
inp.2 << 19:07:03.599 [main] INFO Env - @{2 RCVD 3} Message(Share)
inp.2 << 19:07:03.599 [main] INFO Env - @{2 RCVD 3} Message(Ask)
inp.4 << 19:07:03.598 [main] INFO Env - @{4 RCVD 1} Message(Ask)
inp.4 << 19:07:03.599 [main] INFO Env - @{4 SEND 1} Message(Share)
inp.4 << 19:07:03.599 [main] INFO Env - @{4 SEND 1} Message(Ask)
inp.4 << 19:07:03.599 [main] INFO Env - @{4 RCVD 3} Message(Ask)
inp.4 << 19:07:03.599 [main] INFO Env - @{4 SEND 3} Message(Share)
out.1 >> unlock
inp.4 << 19:07:03.599 [main] INFO Env - @{4 SEND 3} Message(Ask)
inp.1 << 19:07:03.616 [main] INFO Env - @{1 UNLOCKED}
inp.1 << 19:07:03.616 [main] INFO Env - @{1 SEND 2} Message(Share)
inp.1 << 19:07:03.616 [main] INFO Env - @{1 SEND 3} Message(Share)
inp.2 << 19:07:03.616 [main] INFO Env - @{2 RCVD 1} Message(Share)
inp.2 << 19:07:03.616 [main] INFO Env - @{2 LOCKED}
inp.1 << 19:07:03.616 [main] INFO Env - @{1 SEND 4} Message(Share)
out.2 >> unlock
inp.3 << 19:07:03.616 [main] INFO Env - @{3 RCVD 1} Message(Share)
inp.2 << 19:07:03.616 [main] INFO Env - @{2 UNLOCKED}
inp.2 << 19:07:03.616 [main] INFO Env - @{2 SEND 3} Message(Share)
inp.2 << 19:07:03.616 [main] INFO Env - @{2 SEND 4} Message(Share)
inp.3 << 19:07:03.616 [main] INFO Env - @{3 RCVD 2} Message(Share)
inp.3 << 19:07:03.616 [main] INFO Env - @{3 LOCKED}
inp.4 << 19:07:03.616 [main] INFO Env - @{4 RCVD 1} Message(Share)
out.3 >> unlock
inp.4 << 19:07:03.616 [main] INFO Env - @{4 RCVD 2} Message(Share)
inp.3 << 19:07:03.617 [main] INFO Env - @{3 UNLOCKED}
inp.3 << 19:07:03.617 [main] INFO Env - @{3 SEND 4} Message(Share)
inp.4 << 19:07:03.617 [main] INFO Env - @{4 RCVD 3} Message(Share)
inp.4 << 19:07:03.617 [main] INFO Env - @{4 LOCKED}
out.4 >> unlock
inp.4 << 19:07:03.617 [main] INFO Env - @{4 UNLOCKED}
out.1 >> ping
out.2 >> ping
out.3 >> ping
out.4 >> ping
out.5 >> ping
inp.1 << 19:07:03.619 [main] INFO Env - @{1 PONG}
inp.5 << 19:07:03.618 [main] INFO Env - @{5 PONG}
inp.2 << 19:07:03.620 [main] INFO Env - @{2 PONG}
inp.3 << 19:07:03.620 [main] INFO Env - @{3 PONG}
inp.4 << 19:07:03.620 [main] INFO Env - @{4 PONG}
out.1 >> lock
inp.1 << 19:07:03.625 [main] INFO Env - @{1 SEND 2} Message(Ask)
inp.1 << 19:07:03.625 [main] INFO Env - @{1 SEND 3} Message(Ask)
inp.1 << 19:07:03.625 [main] INFO Env - @{1 SEND 4} Message(Ask)
inp.3 << 19:07:03.626 [main] INFO Env - @{3 RCVD 1} Message(Ask)
inp.2 << 19:07:03.626 [main] INFO Env - @{2 RCVD 1} Message(Ask)
inp.4 << 19:07:03.626 [main] INFO Env - @{4 RCVD 1} Message(Ask)
inp.3 << 19:07:03.626 [main] INFO Env - @{3 SEND 1} Message(Share)
inp.2 << 19:07:03.626 [main] INFO Env - @{2 SEND 1} Message(Share)
inp.1 << 19:07:03.627 [main] INFO Env - @{1 RCVD 2} Message(Share)
inp.4 << 19:07:03.626 [main] INFO Env - @{4 SEND 1} Message(Share)
inp.1 << 19:07:03.627 [main] INFO Env - @{1 RCVD 4} Message(Share)
inp.1 << 19:07:03.627 [main] INFO Env - @{1 RCVD 3} Message(Share)
inp.1 << 19:07:03.627 [main] INFO Env - @{1 LOCKED}
out.1 >> unlock
inp.1 << 19:07:03.627 [main] INFO Env - @{1 UNLOCKED}
out.1 >> ping
out.2 >> ping
out.3 >> ping
out.4 >> ping
out.5 >> ping
inp.5 << 19:07:03.627 [main] INFO Env - @{5 PONG}
inp.1 << 19:07:03.627 [main] INFO Env - @{1 PONG}
inp.2 << 19:07:03.628 [main] INFO Env - @{2 PONG}
inp.3 << 19:07:03.628 [main] INFO Env - @{3 PONG}
inp.4 << 19:07:03.628 [main] INFO Env - @{4 PONG}
out.1 >> lock
inp.1 << 19:07:03.628 [main] INFO Env - @{1 LOCKED}
out.1 >> unlock
inp.1 << 19:07:03.628 [main] INFO Env - @{1 UNLOCKED}
out.1 >> ping
out.2 >> ping
out.3 >> ping
out.4 >> ping
out.5 >> ping
inp.1 << 19:07:03.628 [main] INFO Env - @{1 PONG}
inp.2 << 19:07:03.628 [main] INFO Env - @{2 PONG}
inp.3 << 19:07:03.628 [main] INFO Env - @{3 PONG}
inp.5 << 19:07:03.628 [main] INFO Env - @{5 PONG}
inp.4 << 19:07:03.628 [main] INFO Env - @{4 PONG}
out.1 >> lock
inp.1 << 19:07:03.628 [main] INFO Env - @{1 LOCKED}
out.1 >> unlock
inp.1 << 19:07:03.629 [main] INFO Env - @{1 UNLOCKED}
out.1 >> ping
out.2 >> ping
out.3 >> ping
out.4 >> ping
out.5 >> ping
inp.1 << 19:07:03.629 [main] INFO Env - @{1 PONG}
inp.2 << 19:07:03.629 [main] INFO Env - @{2 PONG}
inp.5 << 19:07:03.629 [main] INFO Env - @{5 PONG}
inp.4 << 19:07:03.629 [main] INFO Env - @{4 PONG}
inp.3 << 19:07:03.629 [main] INFO Env - @{3 PONG}
out.1 >> lock
out.2 >> lock
inp.1 << 19:07:03.629 [main] INFO Env - @{1 LOCKED}
out.1 >> unlock
inp.2 << 19:07:03.629 [main] INFO Env - @{2 SEND 1} Message(Ask)
inp.2 << 19:07:03.630 [main] INFO Env - @{2 SEND 3} Message(Ask)
inp.2 << 19:07:03.630 [main] INFO Env - @{2 SEND 4} Message(Ask)
inp.1 << 19:07:03.630 [main] INFO Env - @{1 UNLOCKED}
inp.1 << 19:07:03.630 [main] INFO Env - @{1 RCVD 2} Message(Ask)
inp.1 << 19:07:03.630 [main] INFO Env - @{1 SEND 2} Message(Share)
inp.2 << 19:07:03.630 [main] INFO Env - @{2 RCVD 1} Message(Share)
inp.3 << 19:07:03.630 [main] INFO Env - @{3 RCVD 2} Message(Ask)
inp.3 << 19:07:03.630 [main] INFO Env - @{3 SEND 2} Message(Share)
inp.2 << 19:07:03.630 [main] INFO Env - @{2 RCVD 3} Message(Share)
inp.4 << 19:07:03.630 [main] INFO Env - @{4 RCVD 2} Message(Ask)
inp.4 << 19:07:03.630 [main] INFO Env - @{4 SEND 2} Message(Share)
inp.2 << 19:07:03.630 [main] INFO Env - @{2 RCVD 4} Message(Share)
inp.2 << 19:07:03.630 [main] INFO Env - @{2 LOCKED}
out.2 >> unlock
inp.2 << 19:07:03.630 [main] INFO Env - @{2 UNLOCKED}
out.1 >> ping
out.2 >> ping
out.3 >> ping
out.4 >> ping
out.5 >> ping
inp.2 << 19:07:03.631 [main] INFO Env - @{2 PONG}
inp.5 << 19:07:03.631 [main] INFO Env - @{5 PONG}
inp.1 << 19:07:03.631 [main] INFO Env - @{1 PONG}
inp.3 << 19:07:03.631 [main] INFO Env - @{3 PONG}
inp.4 << 19:07:03.631 [main] INFO Env - @{4 PONG}
out.1 >> lock
out.2 >> lock
inp.1 << 19:07:03.631 [main] INFO Env - @{1 SEND 2} Message(Ask)
inp.2 << 19:07:03.631 [main] INFO Env - @{2 LOCKED}
out.2 >> unlock
inp.2 << 19:07:03.631 [main] INFO Env - @{2 RCVD 1} Message(Ask)
inp.2 << 19:07:03.631 [main] INFO Env - @{2 UNLOCKED}
inp.2 << 19:07:03.631 [main] INFO Env - @{2 SEND 1} Message(Share)
inp.1 << 19:07:03.632 [main] INFO Env - @{1 RCVD 2} Message(Share)
inp.1 << 19:07:03.632 [main] INFO Env - @{1 LOCKED}
out.1 >> unlock
inp.1 << 19:07:03.632 [main] INFO Env - @{1 UNLOCKED}
out.1 >> ping
out.2 >> ping
out.3 >> ping
out.4 >> ping
out.5 >> ping
inp.5 << 19:07:03.632 [main] INFO Env - @{5 PONG}
inp.1 << 19:07:03.632 [main] INFO Env - @{1 PONG}
inp.2 << 19:07:03.632 [main] INFO Env - @{2 PONG}
inp.3 << 19:07:03.633 [main] INFO Env - @{3 PONG}
inp.4 << 19:07:03.633 [main] INFO Env - @{4 PONG}
out.1 >> lock
out.2 >> lock
inp.1 << 19:07:03.633 [main] INFO Env - @{1 LOCKED}
out.1 >> unlock
inp.2 << 19:07:03.633 [main] INFO Env - @{2 SEND 1} Message(Ask)
inp.1 << 19:07:03.633 [main] INFO Env - @{1 UNLOCKED}
inp.1 << 19:07:03.633 [main] INFO Env - @{1 RCVD 2} Message(Ask)
inp.1 << 19:07:03.634 [main] INFO Env - @{1 SEND 2} Message(Share)
inp.2 << 19:07:03.634 [main] INFO Env - @{2 RCVD 1} Message(Share)
inp.2 << 19:07:03.634 [main] INFO Env - @{2 LOCKED}
out.2 >> unlock
inp.2 << 19:07:03.634 [main] INFO Env - @{2 UNLOCKED}
out.1 >> ping
out.2 >> ping
out.3 >> ping
out.4 >> ping
out.5 >> ping
inp.1 << 19:07:03.634 [main] INFO Env - @{1 PONG}
inp.5 << 19:07:03.634 [main] INFO Env - @{5 PONG}
inp.2 << 19:07:03.635 [main] INFO Env - @{2 PONG}
inp.3 << 19:07:03.635 [main] INFO Env - @{3 PONG}
inp.4 << 19:07:03.635 [main] INFO Env - @{4 PONG}
out.1 >> ping
out.2 >> ping
out.3 >> ping
out.4 >> ping
out.5 >> ping
inp.5 << 19:07:03.635 [main] INFO Env - @{5 PONG}
inp.1 << 19:07:03.635 [main] INFO Env - @{1 PONG}
inp.2 << 19:07:03.635 [main] INFO Env - @{2 PONG}
inp.3 << 19:07:03.635 [main] INFO Env - @{3 PONG}
inp.4 << 19:07:03.635 [main] INFO Env - @{4 PONG}
out.1 >> lock
inp.1 << 19:07:03.635 [main] INFO Env - @{1 SEND 2} Message(Ask)
inp.2 << 19:07:03.635 [main] INFO Env - @{2 RCVD 1} Message(Ask)
inp.2 << 19:07:03.635 [main] INFO Env - @{2 SEND 1} Message(Share)
inp.1 << 19:07:03.636 [main] INFO Env - @{1 RCVD 2} Message(Share)
inp.1 << 19:07:03.636 [main] INFO Env - @{1 LOCKED}
out.1 >> unlock
inp.1 << 19:07:03.636 [main] INFO Env - @{1 UNLOCKED}
out.1 >> ping
out.2 >> ping
out.3 >> ping
out.4 >> ping
out.5 >> ping
inp.5 << 19:07:03.636 [main] INFO Env - @{5 PONG}
inp.1 << 19:07:03.636 [main] INFO Env - @{1 PONG}
inp.2 << 19:07:03.636 [main] INFO Env - @{2 PONG}
inp.3 << 19:07:03.636 [main] INFO Env - @{3 PONG}
inp.4 << 19:07:03.637 [main] INFO Env - @{4 PONG}
out.2 >> lock
inp.2 << 19:07:03.637 [main] INFO Env - @{2 SEND 1} Message(Ask)
inp.1 << 19:07:03.637 [main] INFO Env - @{1 RCVD 2} Message(Ask)
inp.1 << 19:07:03.637 [main] INFO Env - @{1 SEND 2} Message(Share)
inp.2 << 19:07:03.637 [main] INFO Env - @{2 RCVD 1} Message(Share)
inp.2 << 19:07:03.637 [main] INFO Env - @{2 LOCKED}
out.2 >> unlock
inp.2 << 19:07:03.637 [main] INFO Env - @{2 UNLOCKED}
out.1 >> ping
out.2 >> ping
out.3 >> ping
out.4 >> ping
out.5 >> ping
inp.5 << 19:07:03.638 [main] INFO Env - @{5 PONG}
inp.1 << 19:07:03.638 [main] INFO Env - @{1 PONG}
inp.2 << 19:07:03.638 [main] INFO Env - @{2 PONG}
inp.3 << 19:07:03.638 [main] INFO Env - @{3 PONG}
inp.4 << 19:07:03.638 [main] INFO Env - @{4 PONG}
out.3 >> lock
inp.3 << 19:07:03.638 [main] INFO Env - @{3 SEND 1} Message(Ask)
inp.1 << 19:07:03.638 [main] INFO Env - @{1 RCVD 3} Message(Ask)
inp.1 << 19:07:03.638 [main] INFO Env - @{1 SEND 3} Message(Share)
inp.3 << 19:07:03.639 [main] INFO Env - @{3 SEND 2} Message(Ask)
inp.3 << 19:07:03.639 [main] INFO Env - @{3 SEND 4} Message(Ask)
inp.3 << 19:07:03.639 [main] INFO Env - @{3 RCVD 1} Message(Share)
inp.2 << 19:07:03.639 [main] INFO Env - @{2 RCVD 3} Message(Ask)
inp.4 << 19:07:03.639 [main] INFO Env - @{4 RCVD 3} Message(Ask)
inp.4 << 19:07:03.639 [main] INFO Env - @{4 SEND 3} Message(Share)
inp.2 << 19:07:03.639 [main] INFO Env - @{2 SEND 3} Message(Share)
inp.3 << 19:07:03.639 [main] INFO Env - @{3 RCVD 2} Message(Share)
inp.3 << 19:07:03.639 [main] INFO Env - @{3 RCVD 4} Message(Share)
inp.3 << 19:07:03.639 [main] INFO Env - @{3 LOCKED}
out.3 >> unlock
inp.3 << 19:07:03.639 [main] INFO Env - @{3 UNLOCKED}
out.1 >> ping
out.2 >> ping
out.3 >> ping
out.4 >> ping
out.5 >> ping
inp.5 << 19:07:03.640 [main] INFO Env - @{5 PONG}
inp.1 << 19:07:03.640 [main] INFO Env - @{1 PONG}
inp.2 << 19:07:03.640 [main] INFO Env - @{2 PONG}
inp.3 << 19:07:03.640 [main] INFO Env - @{3 PONG}
inp.4 << 19:07:03.640 [main] INFO Env - @{4 PONG}
out.4 >> lock
inp.4 << 19:07:03.640 [main] INFO Env - @{4 SEND 1} Message(Ask)
inp.4 << 19:07:03.640 [main] INFO Env - @{4 SEND 2} Message(Ask)
inp.4 << 19:07:03.640 [main] INFO Env - @{4 SEND 3} Message(Ask)
inp.1 << 19:07:03.640 [main] INFO Env - @{1 RCVD 4} Message(Ask)
inp.1 << 19:07:03.640 [main] INFO Env - @{1 SEND 4} Message(Share)
inp.2 << 19:07:03.640 [main] INFO Env - @{2 RCVD 4} Message(Ask)
inp.2 << 19:07:03.640 [main] INFO Env - @{2 SEND 4} Message(Share)
inp.3 << 19:07:03.640 [main] INFO Env - @{3 RCVD 4} Message(Ask)
inp.4 << 19:07:03.640 [main] INFO Env - @{4 RCVD 1} Message(Share)
inp.3 << 19:07:03.640 [main] INFO Env - @{3 SEND 4} Message(Share)
inp.4 << 19:07:03.641 [main] INFO Env - @{4 RCVD 2} Message(Share)
inp.4 << 19:07:03.641 [main] INFO Env - @{4 RCVD 3} Message(Share)
inp.4 << 19:07:03.641 [main] INFO Env - @{4 LOCKED}
out.4 >> unlock
inp.4 << 19:07:03.641 [main] INFO Env - @{4 UNLOCKED}
out.1 >> ping
out.2 >> ping
out.3 >> ping
out.4 >> ping
out.5 >> ping
inp.2 << 19:07:03.641 [main] INFO Env - @{2 PONG}
inp.1 << 19:07:03.641 [main] INFO Env - @{1 PONG}
inp.4 << 19:07:03.641 [main] INFO Env - @{4 PONG}
inp.5 << 19:07:03.641 [main] INFO Env - @{5 PONG}
inp.3 << 19:07:03.641 [main] INFO Env - @{3 PONG}
out.5 >> lock
inp.5 << 19:07:03.642 [main] INFO Env - @{5 SEND 1} Message(Ask)
inp.5 << 19:07:03.642 [main] INFO Env - @{5 SEND 2} Message(Ask)
inp.5 << 19:07:03.642 [main] INFO Env - @{5 SEND 3} Message(Ask)
inp.5 << 19:07:03.642 [main] INFO Env - @{5 SEND 4} Message(Ask)
inp.1 << 19:07:03.642 [main] INFO Env - @{1 RCVD 5} Message(Ask)
inp.1 << 19:07:03.642 [main] INFO Env - @{1 SEND 5} Message(Share)
inp.2 << 19:07:03.642 [main] INFO Env - @{2 RCVD 5} Message(Ask)
inp.3 << 19:07:03.642 [main] INFO Env - @{3 RCVD 5} Message(Ask)
inp.4 << 19:07:03.642 [main] INFO Env - @{4 RCVD 5} Message(Ask)
inp.3 << 19:07:03.642 [main] INFO Env - @{3 SEND 5} Message(Share)
inp.4 << 19:07:03.642 [main] INFO Env - @{4 SEND 5} Message(Share)
inp.2 << 19:07:03.642 [main] INFO Env - @{2 SEND 5} Message(Share)
inp.5 << 19:07:03.642 [main] INFO Env - @{5 RCVD 1} Message(Share)
inp.5 << 19:07:03.642 [main] INFO Env - @{5 RCVD 3} Message(Share)
inp.5 << 19:07:03.642 [main] INFO Env - @{5 RCVD 4} Message(Share)
inp.5 << 19:07:03.642 [main] INFO Env - @{5 RCVD 2} Message(Share)
inp.5 << 19:07:03.642 [main] INFO Env - @{5 LOCKED}
out.5 >> unlock
inp.5 << 19:07:03.643 [main] INFO Env - @{5 UNLOCKED}
out.1 >> ping
out.2 >> ping
out.3 >> ping
out.4 >> ping
out.5 >> ping
inp.5 << 19:07:03.643 [main] INFO Env - @{5 PONG}
inp.1 << 19:07:03.643 [main] INFO Env - @{1 PONG}
inp.2 << 19:07:03.643 [main] INFO Env - @{2 PONG}
inp.3 << 19:07:03.643 [main] INFO Env - @{3 PONG}
inp.4 << 19:07:03.643 [main] INFO Env - @{4 PONG}
out.3 >> lock
out.4 >> lock
out.1 >> lock
out.2 >> lock
out.5 >> lock
inp.5 << 19:07:03.643 [main] INFO Env - @{5 LOCKED}
inp.3 << 19:07:03.643 [main] INFO Env - @{3 SEND 4} Message(Ask)
out.5 >> unlock
inp.3 << 19:07:03.644 [main] INFO Env - @{3 SEND 5} Message(Ask)
inp.5 << 19:07:03.644 [main] INFO Env - @{5 UNLOCKED}
inp.4 << 19:07:03.644 [main] INFO Env - @{4 SEND 5} Message(Ask)
inp.5 << 19:07:03.644 [main] INFO Env - @{5 RCVD 3} Message(Ask)
inp.5 << 19:07:03.644 [main] INFO Env - @{5 SEND 3} Message(Share)
inp.5 << 19:07:03.644 [main] INFO Env - @{5 RCVD 4} Message(Ask)
inp.5 << 19:07:03.644 [main] INFO Env - @{5 SEND 4} Message(Share)
inp.4 << 19:07:03.644 [main] INFO Env - @{4 RCVD 3} Message(Ask)
inp.4 << 19:07:03.644 [main] INFO Env - @{4 SEND 3} Message(Share)
inp.4 << 19:07:03.644 [main] INFO Env - @{4 SEND 3} Message(Ask)
inp.4 << 19:07:03.644 [main] INFO Env - @{4 RCVD 5} Message(Share)
inp.2 << 19:07:03.644 [main] INFO Env - @{2 SEND 3} Message(Ask)
inp.3 << 19:07:03.644 [main] INFO Env - @{3 RCVD 5} Message(Share)
inp.3 << 19:07:03.644 [main] INFO Env - @{3 RCVD 4} Message(Share)
inp.3 << 19:07:03.644 [main] INFO Env - @{3 LOCKED}
inp.1 << 19:07:03.644 [main] INFO Env - @{1 SEND 2} Message(Ask)
inp.1 << 19:07:03.644 [main] INFO Env - @{1 SEND 3} Message(Ask)
inp.1 << 19:07:03.644 [main] INFO Env - @{1 SEND 4} Message(Ask)
out.3 >> unlock
inp.1 << 19:07:03.644 [main] INFO Env - @{1 SEND 5} Message(Ask)
inp.2 << 19:07:03.644 [main] INFO Env - @{2 SEND 4} Message(Ask)
inp.2 << 19:07:03.644 [main] INFO Env - @{2 SEND 5} Message(Ask)
inp.5 << 19:07:03.644 [main] INFO Env - @{5 RCVD 1} Message(Ask)
inp.5 << 19:07:03.644 [main] INFO Env - @{5 SEND 1} Message(Share)
inp.3 << 19:07:03.644 [main] INFO Env - @{3 RCVD 4} Message(Ask)
inp.5 << 19:07:03.644 [main] INFO Env - @{5 RCVD 2} Message(Ask)
inp.5 << 19:07:03.644 [main] INFO Env - @{5 SEND 2} Message(Share)
inp.3 << 19:07:03.644 [main] INFO Env - @{3 RCVD 2} Message(Ask)
inp.2 << 19:07:03.644 [main] INFO Env - @{2 RCVD 1} Message(Ask)
inp.3 << 19:07:03.644 [main] INFO Env - @{3 RCVD 1} Message(Ask)
inp.3 << 19:07:03.644 [main] INFO Env - @{3 UNLOCKED}
inp.4 << 19:07:03.644 [main] INFO Env - @{4 RCVD 1} Message(Ask)
inp.3 << 19:07:03.644 [main] INFO Env - @{3 SEND 1} Message(Share)
inp.3 << 19:07:03.644 [main] INFO Env - @{3 SEND 2} Message(Share)
inp.4 << 19:07:03.645 [main] INFO Env - @{4 SEND 1} Message(Share)
inp.2 << 19:07:03.645 [main] INFO Env - @{2 SEND 1} Message(Share)
inp.4 << 19:07:03.645 [main] INFO Env - @{4 SEND 1} Message(Ask)
inp.2 << 19:07:03.645 [main] INFO Env - @{2 SEND 1} Message(Ask)
inp.2 << 19:07:03.645 [main] INFO Env - @{2 RCVD 5} Message(Share)
inp.2 << 19:07:03.645 [main] INFO Env - @{2 RCVD 3} Message(Share)
inp.4 << 19:07:03.645 [main] INFO Env - @{4 RCVD 2} Message(Ask)
inp.4 << 19:07:03.645 [main] INFO Env - @{4 SEND 2} Message(Share)
inp.3 << 19:07:03.645 [main] INFO Env - @{3 SEND 4} Message(Share)
inp.4 << 19:07:03.645 [main] INFO Env - @{4 SEND 2} Message(Ask)
inp.4 << 19:07:03.645 [main] INFO Env - @{4 RCVD 3} Message(Share)
inp.2 << 19:07:03.645 [main] INFO Env - @{2 RCVD 4} Message(Share)
inp.2 << 19:07:03.645 [main] INFO Env - @{2 RCVD 4} Message(Ask)
inp.1 << 19:07:03.645 [main] INFO Env - @{1 RCVD 5} Message(Share)
inp.1 << 19:07:03.645 [main] INFO Env - @{1 RCVD 3} Message(Share)
inp.1 << 19:07:03.645 [main] INFO Env - @{1 RCVD 2} Message(Share)
inp.1 << 19:07:03.645 [main] INFO Env - @{1 RCVD 4} Message(Share)
inp.1 << 19:07:03.645 [main] INFO Env - @{1 LOCKED}
inp.1 << 19:07:03.645 [main] INFO Env - @{1 RCVD 2} Message(Ask)
inp.1 << 19:07:03.645 [main] INFO Env - @{1 RCVD 4} Message(Ask)
out.1 >> unlock
inp.1 << 19:07:03.645 [main] INFO Env - @{1 UNLOCKED}
inp.1 << 19:07:03.645 [main] INFO Env - @{1 SEND 2} Message(Share)
inp.1 << 19:07:03.645 [main] INFO Env - @{1 SEND 4} Message(Share)
inp.2 << 19:07:03.645 [main] INFO Env - @{2 RCVD 1} Message(Share)
inp.2 << 19:07:03.645 [main] INFO Env - @{2 LOCKED}
out.2 >> unlock
inp.4 << 19:07:03.645 [main] INFO Env - @{4 RCVD 1} Message(Share)
inp.2 << 19:07:03.645 [main] INFO Env - @{2 UNLOCKED}
inp.2 << 19:07:03.645 [main] INFO Env - @{2 SEND 4} Message(Share)
inp.4 << 19:07:03.646 [main] INFO Env - @{4 RCVD 2} Message(Share)
inp.4 << 19:07:03.646 [main] INFO Env - @{4 LOCKED}
out.4 >> unlock
inp.4 << 19:07:03.646 [main] INFO Env - @{4 UNLOCKED}
out.1 >> ping
out.2 >> ping
out.3 >> ping
out.4 >> ping
out.5 >> ping
inp.1 << 19:07:03.646 [main] INFO Env - @{1 PONG}
inp.5 << 19:07:03.646 [main] INFO Env - @{5 PONG}
inp.2 << 19:07:03.646 [main] INFO Env - @{2 PONG}
inp.4 << 19:07:03.646 [main] INFO Env - @{4 PONG}
inp.3 << 19:07:03.646 [main] INFO Env - @{3 PONG}
out.3 >> lock
inp.3 << 19:07:03.646 [main] INFO Env - @{3 SEND 1} Message(Ask)
inp.3 << 19:07:03.647 [main] INFO Env - @{3 SEND 2} Message(Ask)
inp.1 << 19:07:03.647 [main] INFO Env - @{1 RCVD 3} Message(Ask)
inp.3 << 19:07:03.647 [main] INFO Env - @{3 SEND 4} Message(Ask)
inp.1 << 19:07:03.647 [main] INFO Env - @{1 SEND 3} Message(Share)
inp.2 << 19:07:03.647 [main] INFO Env - @{2 RCVD 3} Message(Ask)
inp.4 << 19:07:03.647 [main] INFO Env - @{4 RCVD 3} Message(Ask)
inp.4 << 19:07:03.647 [main] INFO Env - @{4 SEND 3} Message(Share)
inp.2 << 19:07:03.647 [main] INFO Env - @{2 SEND 3} Message(Share)
inp.3 << 19:07:03.647 [main] INFO Env - @{3 RCVD 1} Message(Share)
inp.3 << 19:07:03.647 [main] INFO Env - @{3 RCVD 4} Message(Share)
inp.3 << 19:07:03.647 [main] INFO Env - @{3 RCVD 2} Message(Share)
inp.3 << 19:07:03.647 [main] INFO Env - @{3 LOCKED}
out.3 >> unlock
inp.3 << 19:07:03.647 [main] INFO Env - @{3 UNLOCKED}
out.1 >> ping
out.2 >> ping
out.3 >> ping
out.4 >> ping
out.5 >> ping
inp.1 << 19:07:03.648 [main] INFO Env - @{1 PONG}
inp.5 << 19:07:03.648 [main] INFO Env - @{5 PONG}
inp.2 << 19:07:03.648 [main] INFO Env - @{2 PONG}
inp.3 << 19:07:03.648 [main] INFO Env - @{3 PONG}
inp.4 << 19:07:03.648 [main] INFO Env - @{4 PONG}
out.3 >> lock
inp.3 << 19:07:03.648 [main] INFO Env - @{3 LOCKED}
out.3 >> unlock
inp.3 << 19:07:03.648 [main] INFO Env - @{3 UNLOCKED}
out.1 >> ping
out.2 >> ping
out.3 >> ping
out.4 >> ping
out.5 >> ping
inp.1 << 19:07:03.649 [main] INFO Env - @{1 PONG}
inp.5 << 19:07:03.649 [main] INFO Env - @{5 PONG}
inp.2 << 19:07:03.649 [main] INFO Env - @{2 PONG}
inp.3 << 19:07:03.649 [main] INFO Env - @{3 PONG}
inp.4 << 19:07:03.649 [main] INFO Env - @{4 PONG}
out.3 >> lock
inp.3 << 19:07:03.649 [main] INFO Env - @{3 LOCKED}
out.3 >> unlock
inp.3 << 19:07:03.649 [main] INFO Env - @{3 UNLOCKED}
out.1 >> ping
out.2 >> ping
out.3 >> ping
out.4 >> ping
out.5 >> ping
inp.5 << 19:07:03.650 [main] INFO Env - @{5 PONG}
inp.1 << 19:07:03.650 [main] INFO Env - @{1 PONG}
inp.2 << 19:07:03.650 [main] INFO Env - @{2 PONG}
inp.3 << 19:07:03.650 [main] INFO Env - @{3 PONG}
inp.4 << 19:07:03.650 [main] INFO Env - @{4 PONG}
out.3 >> lock
out.2 >> lock
inp.3 << 19:07:03.650 [main] INFO Env - @{3 LOCKED}
out.3 >> unlock
inp.2 << 19:07:03.650 [main] INFO Env - @{2 SEND 3} Message(Ask)
inp.2 << 19:07:03.650 [main] INFO Env - @{2 SEND 4} Message(Ask)
inp.3 << 19:07:03.650 [main] INFO Env - @{3 UNLOCKED}
inp.3 << 19:07:03.650 [main] INFO Env - @{3 RCVD 2} Message(Ask)
inp.3 << 19:07:03.650 [main] INFO Env - @{3 SEND 2} Message(Share)
inp.4 << 19:07:03.650 [main] INFO Env - @{4 RCVD 2} Message(Ask)
inp.2 << 19:07:03.651 [main] INFO Env - @{2 RCVD 3} Message(Share)
inp.4 << 19:07:03.651 [main] INFO Env - @{4 SEND 2} Message(Share)
inp.2 << 19:07:03.651 [main] INFO Env - @{2 RCVD 4} Message(Share)
inp.2 << 19:07:03.651 [main] INFO Env - @{2 LOCKED}
out.2 >> unlock
inp.2 << 19:07:03.651 [main] INFO Env - @{2 UNLOCKED}
out.1 >> ping
out.2 >> ping
out.3 >> ping
out.4 >> ping
out.5 >> ping
inp.5 << 19:07:03.651 [main] INFO Env - @{5 PONG}
inp.1 << 19:07:03.651 [main] INFO Env - @{1 PONG}
inp.2 << 19:07:03.651 [main] INFO Env - @{2 PONG}
inp.3 << 19:07:03.652 [main] INFO Env - @{3 PONG}
inp.4 << 19:07:03.652 [main] INFO Env - @{4 PONG}
out.3 >> lock
out.2 >> lock
inp.3 << 19:07:03.652 [main] INFO Env - @{3 SEND 2} Message(Ask)
inp.2 << 19:07:03.652 [main] INFO Env - @{2 LOCKED}
out.2 >> unlock
inp.2 << 19:07:03.652 [main] INFO Env - @{2 RCVD 3} Message(Ask)
inp.2 << 19:07:03.652 [main] INFO Env - @{2 UNLOCKED}
inp.2 << 19:07:03.652 [main] INFO Env - @{2 SEND 3} Message(Share)
inp.3 << 19:07:03.652 [main] INFO Env - @{3 RCVD 2} Message(Share)
inp.3 << 19:07:03.652 [main] INFO Env - @{3 LOCKED}
out.3 >> unlock
inp.3 << 19:07:03.653 [main] INFO Env - @{3 UNLOCKED}
out.1 >> ping
out.2 >> ping
out.3 >> ping
out.4 >> ping
out.5 >> ping
inp.5 << 19:07:03.653 [main] INFO Env - @{5 PONG}
inp.1 << 19:07:03.653 [main] INFO Env - @{1 PONG}
inp.2 << 19:07:03.653 [main] INFO Env - @{2 PONG}
inp.3 << 19:07:03.653 [main] INFO Env - @{3 PONG}
inp.4 << 19:07:03.653 [main] INFO Env - @{4 PONG}
out.3 >> lock
out.2 >> lock
inp.3 << 19:07:03.654 [main] INFO Env - @{3 LOCKED}
out.3 >> unlock
inp.2 << 19:07:03.654 [main] INFO Env - @{2 SEND 3} Message(Ask)
inp.3 << 19:07:03.654 [main] INFO Env - @{3 UNLOCKED}
inp.3 << 19:07:03.654 [main] INFO Env - @{3 RCVD 2} Message(Ask)
inp.3 << 19:07:03.654 [main] INFO Env - @{3 SEND 2} Message(Share)
inp.2 << 19:07:03.654 [main] INFO Env - @{2 RCVD 3} Message(Share)
inp.2 << 19:07:03.654 [main] INFO Env - @{2 LOCKED}
out.2 >> unlock
inp.2 << 19:07:03.654 [main] INFO Env - @{2 UNLOCKED}
out.1 >> ping
out.2 >> ping
out.3 >> ping
out.4 >> ping
out.5 >> ping
inp.1 << 19:07:03.655 [main] INFO Env - @{1 PONG}
inp.5 << 19:07:03.655 [main] INFO Env - @{5 PONG}
inp.2 << 19:07:03.655 [main] INFO Env - @{2 PONG}
inp.3 << 19:07:03.655 [main] INFO Env - @{3 PONG}
inp.4 << 19:07:03.655 [main] INFO Env - @{4 PONG}
out.1 >> ping
out.2 >> ping
out.3 >> ping
out.4 >> ping
out.5 >> ping
inp.1 << 19:07:03.655 [main] INFO Env - @{1 PONG}
inp.2 << 19:07:03.655 [main] INFO Env - @{2 PONG}
inp.5 << 19:07:03.655 [main] INFO Env - @{5 PONG}
inp.3 << 19:07:03.655 [main] INFO Env - @{3 PONG}
inp.4 << 19:07:03.655 [main] INFO Env - @{4 PONG}
out.1 >> lock
inp.1 << 19:07:03.656 [main] INFO Env - @{1 SEND 2} Message(Ask)
inp.1 << 19:07:03.656 [main] INFO Env - @{1 SEND 3} Message(Ask)
inp.1 << 19:07:03.656 [main] INFO Env - @{1 SEND 4} Message(Ask)
inp.3 << 19:07:03.656 [main] INFO Env - @{3 RCVD 1} Message(Ask)
inp.2 << 19:07:03.656 [main] INFO Env - @{2 RCVD 1} Message(Ask)
inp.4 << 19:07:03.656 [main] INFO Env - @{4 RCVD 1} Message(Ask)
inp.2 << 19:07:03.656 [main] INFO Env - @{2 SEND 1} Message(Share)
inp.4 << 19:07:03.656 [main] INFO Env - @{4 SEND 1} Message(Share)
inp.3 << 19:07:03.656 [main] INFO Env - @{3 SEND 1} Message(Share)
inp.1 << 19:07:03.656 [main] INFO Env - @{1 RCVD 4} Message(Share)
inp.1 << 19:07:03.657 [main] INFO Env - @{1 RCVD 2} Message(Share)
inp.1 << 19:07:03.657 [main] INFO Env - @{1 RCVD 3} Message(Share)
inp.1 << 19:07:03.657 [main] INFO Env - @{1 LOCKED}
out.1 >> unlock
inp.1 << 19:07:03.657 [main] INFO Env - @{1 UNLOCKED}
out.1 >> ping
out.2 >> ping
out.3 >> ping
out.4 >> ping
out.5 >> ping
inp.1 << 19:07:03.657 [main] INFO Env - @{1 PONG}
inp.2 << 19:07:03.657 [main] INFO Env - @{2 PONG}
inp.5 << 19:07:03.657 [main] INFO Env - @{5 PONG}
inp.3 << 19:07:03.657 [main] INFO Env - @{3 PONG}
inp.4 << 19:07:03.657 [main] INFO Env - @{4 PONG}
out.2 >> lock
inp.2 << 19:07:03.658 [main] INFO Env - @{2 SEND 1} Message(Ask)
inp.1 << 19:07:03.658 [main] INFO Env - @{1 RCVD 2} Message(Ask)
inp.1 << 19:07:03.658 [main] INFO Env - @{1 SEND 2} Message(Share)
inp.2 << 19:07:03.658 [main] INFO Env - @{2 RCVD 1} Message(Share)
inp.2 << 19:07:03.658 [main] INFO Env - @{2 LOCKED}
out.2 >> unlock
inp.2 << 19:07:03.658 [main] INFO Env - @{2 UNLOCKED}
out.1 >> ping
out.2 >> ping
out.3 >> ping
out.4 >> ping
out.5 >> ping
inp.5 << 19:07:03.659 [main] INFO Env - @{5 PONG}
inp.1 << 19:07:03.660 [main] INFO Env - @{1 PONG}
inp.2 << 19:07:03.660 [main] INFO Env - @{2 PONG}
inp.3 << 19:07:03.660 [main] INFO Env - @{3 PONG}
inp.4 << 19:07:03.660 [main] INFO Env - @{4 PONG}
out.3 >> lock
inp.3 << 19:07:03.660 [main] INFO Env - @{3 SEND 1} Message(Ask)
inp.3 << 19:07:03.660 [main] INFO Env - @{3 SEND 2} Message(Ask)
inp.1 << 19:07:03.660 [main] INFO Env - @{1 RCVD 3} Message(Ask)
inp.1 << 19:07:03.660 [main] INFO Env - @{1 SEND 3} Message(Share)
inp.2 << 19:07:03.660 [main] INFO Env - @{2 RCVD 3} Message(Ask)
inp.2 << 19:07:03.660 [main] INFO Env - @{2 SEND 3} Message(Share)
inp.3 << 19:07:03.660 [main] INFO Env - @{3 RCVD 1} Message(Share)
inp.3 << 19:07:03.660 [main] INFO Env - @{3 RCVD 2} Message(Share)
inp.3 << 19:07:03.660 [main] INFO Env - @{3 LOCKED}
out.3 >> unlock
inp.3 << 19:07:03.661 [main] INFO Env - @{3 UNLOCKED}
out.1 >> ping
out.2 >> ping
out.3 >> ping
out.4 >> ping
out.5 >> ping
inp.1 << 19:07:03.661 [main] INFO Env - @{1 PONG}
inp.5 << 19:07:03.661 [main] INFO Env - @{5 PONG}
inp.3 << 19:07:03.661 [main] INFO Env - @{3 PONG}
inp.2 << 19:07:03.661 [main] INFO Env - @{2 PONG}
inp.4 << 19:07:03.661 [main] INFO Env - @{4 PONG}
out.4 >> lock
inp.4 << 19:07:03.661 [main] INFO Env - @{4 SEND 1} Message(Ask)
inp.1 << 19:07:03.661 [main] INFO Env - @{1 RCVD 4} Message(Ask)
inp.4 << 19:07:03.661 [main] INFO Env - @{4 SEND 2} Message(Ask)
inp.1 << 19:07:03.661 [main] INFO Env - @{1 SEND 4} Message(Share)
inp.4 << 19:07:03.661 [main] INFO Env - @{4 SEND 3} Message(Ask)
inp.4 << 19:07:03.661 [main] INFO Env - @{4 RCVD 1} Message(Share)
inp.2 << 19:07:03.662 [main] INFO Env - @{2 RCVD 4} Message(Ask)
inp.3 << 19:07:03.662 [main] INFO Env - @{3 RCVD 4} Message(Ask)
inp.2 << 19:07:03.662 [main] INFO Env - @{2 SEND 4} Message(Share)
inp.3 << 19:07:03.662 [main] INFO Env - @{3 SEND 4} Message(Share)
inp.4 << 19:07:03.662 [main] INFO Env - @{4 RCVD 2} Message(Share)
inp.4 << 19:07:03.662 [main] INFO Env - @{4 RCVD 3} Message(Share)
inp.4 << 19:07:03.662 [main] INFO Env - @{4 LOCKED}
out.4 >> unlock
inp.4 << 19:07:03.662 [main] INFO Env - @{4 UNLOCKED}
out.1 >> ping
out.2 >> ping
out.3 >> ping
out.4 >> ping
out.5 >> ping
inp.5 << 19:07:03.662 [main] INFO Env - @{5 PONG}
inp.1 << 19:07:03.662 [main] INFO Env - @{1 PONG}
inp.2 << 19:07:03.663 [main] INFO Env - @{2 PONG}
inp.3 << 19:07:03.663 [main] INFO Env - @{3 PONG}
inp.4 << 19:07:03.663 [main] INFO Env - @{4 PONG}
out.5 >> lock
inp.5 << 19:07:03.663 [main] INFO Env - @{5 SEND 1} Message(Ask)
inp.5 << 19:07:03.663 [main] INFO Env - @{5 SEND 2} Message(Ask)
inp.5 << 19:07:03.663 [main] INFO Env - @{5 SEND 3} Message(Ask)
inp.2 << 19:07:03.663 [main] INFO Env - @{2 RCVD 5} Message(Ask)
inp.2 << 19:07:03.663 [main] INFO Env - @{2 SEND 5} Message(Share)
inp.5 << 19:07:03.663 [main] INFO Env - @{5 SEND 4} Message(Ask)
inp.5 << 19:07:03.663 [main] INFO Env - @{5 RCVD 2} Message(Share)
inp.1 << 19:07:03.663 [main] INFO Env - @{1 RCVD 5} Message(Ask)
inp.1 << 19:07:03.663 [main] INFO Env - @{1 SEND 5} Message(Share)
inp.3 << 19:07:03.663 [main] INFO Env - @{3 RCVD 5} Message(Ask)
inp.4 << 19:07:03.663 [main] INFO Env - @{4 RCVD 5} Message(Ask)
inp.3 << 19:07:03.663 [main] INFO Env - @{3 SEND 5} Message(Share)
inp.4 << 19:07:03.663 [main] INFO Env - @{4 SEND 5} Message(Share)
inp.5 << 19:07:03.663 [main] INFO Env - @{5 RCVD 1} Message(Share)
inp.5 << 19:07:03.663 [main] INFO Env - @{5 RCVD 3} Message(Share)
inp.5 << 19:07:03.664 [main] INFO Env - @{5 RCVD 4} Message(Share)
inp.5 << 19:07:03.664 [main] INFO Env - @{5 LOCKED}
out.5 >> unlock
inp.5 << 19:07:03.664 [main] INFO Env - @{5 UNLOCKED}
out.1 >> ping
out.2 >> ping
out.3 >> ping
out.4 >> ping
out.5 >> ping
inp.5 << 19:07:03.664 [main] INFO Env - @{5 PONG}
inp.1 << 19:07:03.664 [main] INFO Env - @{1 PONG}
inp.2 << 19:07:03.664 [main] INFO Env - @{2 PONG}
inp.3 << 19:07:03.664 [main] INFO Env - @{3 PONG}
inp.4 << 19:07:03.664 [main] INFO Env - @{4 PONG}
out.4 >> lock
out.5 >> lock
out.1 >> lock
out.3 >> lock
out.2 >> lock
inp.5 << 19:07:03.665 [main] INFO Env - @{5 LOCKED}
out.5 >> unlock
inp.5 << 19:07:03.665 [main] INFO Env - @{5 UNLOCKED}
inp.4 << 19:07:03.665 [main] INFO Env - @{4 SEND 5} Message(Ask)
inp.5 << 19:07:03.665 [main] INFO Env - @{5 RCVD 4} Message(Ask)
inp.5 << 19:07:03.666 [main] INFO Env - @{5 SEND 4} Message(Share)
inp.1 << 19:07:03.665 [main] INFO Env - @{1 SEND 2} Message(Ask)
inp.3 << 19:07:03.665 [main] INFO Env - @{3 SEND 4} Message(Ask)
inp.3 << 19:07:03.666 [main] INFO Env - @{3 SEND 5} Message(Ask)
inp.1 << 19:07:03.666 [main] INFO Env - @{1 SEND 3} Message(Ask)
inp.5 << 19:07:03.666 [main] INFO Env - @{5 RCVD 3} Message(Ask)
inp.5 << 19:07:03.666 [main] INFO Env - @{5 SEND 3} Message(Share)
inp.1 << 19:07:03.666 [main] INFO Env - @{1 SEND 4} Message(Ask)
inp.1 << 19:07:03.666 [main] INFO Env - @{1 SEND 5} Message(Ask)
inp.3 << 19:07:03.666 [main] INFO Env - @{3 RCVD 1} Message(Ask)
inp.2 << 19:07:03.666 [main] INFO Env - @{2 SEND 3} Message(Ask)
inp.2 << 19:07:03.666 [main] INFO Env - @{2 SEND 4} Message(Ask)
inp.2 << 19:07:03.666 [main] INFO Env - @{2 SEND 5} Message(Ask)
inp.4 << 19:07:03.666 [main] INFO Env - @{4 RCVD 3} Message(Ask)
inp.2 << 19:07:03.666 [main] INFO Env - @{2 RCVD 1} Message(Ask)
inp.4 << 19:07:03.666 [main] INFO Env - @{4 SEND 3} Message(Share)
inp.2 << 19:07:03.666 [main] INFO Env - @{2 SEND 1} Message(Share)
inp.2 << 19:07:03.666 [main] INFO Env - @{2 SEND 1} Message(Ask)
inp.5 << 19:07:03.666 [main] INFO Env - @{5 RCVD 1} Message(Ask)
inp.5 << 19:07:03.666 [main] INFO Env - @{5 SEND 1} Message(Share)
inp.1 << 19:07:03.666 [main] INFO Env - @{1 RCVD 2} Message(Share)
inp.1 << 19:07:03.666 [main] INFO Env - @{1 RCVD 2} Message(Ask)
inp.4 << 19:07:03.666 [main] INFO Env - @{4 SEND 3} Message(Ask)
inp.4 << 19:07:03.666 [main] INFO Env - @{4 RCVD 5} Message(Share)
inp.5 << 19:07:03.666 [main] INFO Env - @{5 RCVD 2} Message(Ask)
inp.5 << 19:07:03.666 [main] INFO Env - @{5 SEND 2} Message(Share)
inp.4 << 19:07:03.666 [main] INFO Env - @{4 RCVD 1} Message(Ask)
inp.3 << 19:07:03.666 [main] INFO Env - @{3 SEND 1} Message(Share)
inp.3 << 19:07:03.666 [main] INFO Env - @{3 SEND 1} Message(Ask)
inp.4 << 19:07:03.666 [main] INFO Env - @{4 SEND 1} Message(Share)
inp.3 << 19:07:03.666 [main] INFO Env - @{3 RCVD 5} Message(Share)
inp.1 << 19:07:03.666 [main] INFO Env - @{1 RCVD 5} Message(Share)
inp.4 << 19:07:03.666 [main] INFO Env - @{4 SEND 1} Message(Ask)
inp.3 << 19:07:03.666 [main] INFO Env - @{3 RCVD 2} Message(Ask)
inp.3 << 19:07:03.666 [main] INFO Env - @{3 SEND 2} Message(Share)
inp.3 << 19:07:03.666 [main] INFO Env - @{3 SEND 2} Message(Ask)
inp.1 << 19:07:03.666 [main] INFO Env - @{1 RCVD 3} Message(Share)
inp.1 << 19:07:03.666 [main] INFO Env - @{1 RCVD 3} Message(Ask)
inp.3 << 19:07:03.666 [main] INFO Env - @{3 RCVD 4} Message(Share)
inp.3 << 19:07:03.666 [main] INFO Env - @{3 RCVD 4} Message(Ask)
inp.4 << 19:07:03.666 [main] INFO Env - @{4 RCVD 2} Message(Ask)
inp.4 << 19:07:03.666 [main] INFO Env - @{4 SEND 2} Message(Share)
inp.4 << 19:07:03.667 [main] INFO Env - @{4 SEND 2} Message(Ask)
inp.1 << 19:07:03.667 [main] INFO Env - @{1 RCVD 4} Message(Share)
inp.1 << 19:07:03.667 [main] INFO Env - @{1 LOCKED}
inp.1 << 19:07:03.667 [main] INFO Env - @{1 RCVD 4} Message(Ask)
inp.2 << 19:07:03.667 [main] INFO Env - @{2 RCVD 5} Message(Share)
out.1 >> unlock
inp.2 << 19:07:03.667 [main] INFO Env - @{2 RCVD 3} Message(Share)
inp.2 << 19:07:03.667 [main] INFO Env - @{2 RCVD 3} Message(Ask)
inp.2 << 19:07:03.667 [main] INFO Env - @{2 RCVD 4} Message(Share)
inp.2 << 19:07:03.667 [main] INFO Env - @{2 RCVD 4} Message(Ask)
inp.1 << 19:07:03.667 [main] INFO Env - @{1 UNLOCKED}
inp.1 << 19:07:03.667 [main] INFO Env - @{1 SEND 2} Message(Share)
inp.1 << 19:07:03.667 [main] INFO Env - @{1 SEND 3} Message(Share)
inp.1 << 19:07:03.667 [main] INFO Env - @{1 SEND 4} Message(Share)
inp.2 << 19:07:03.667 [main] INFO Env - @{2 RCVD 1} Message(Share)
inp.2 << 19:07:03.667 [main] INFO Env - @{2 LOCKED}
out.2 >> unlock
inp.3 << 19:07:03.667 [main] INFO Env - @{3 RCVD 1} Message(Share)
inp.4 << 19:07:03.667 [main] INFO Env - @{4 RCVD 1} Message(Share)
inp.2 << 19:07:03.667 [main] INFO Env - @{2 UNLOCKED}
inp.2 << 19:07:03.667 [main] INFO Env - @{2 SEND 3} Message(Share)
inp.2 << 19:07:03.667 [main] INFO Env - @{2 SEND 4} Message(Share)
inp.3 << 19:07:03.667 [main] INFO Env - @{3 RCVD 2} Message(Share)
inp.3 << 19:07:03.667 [main] INFO Env - @{3 LOCKED}
inp.4 << 19:07:03.667 [main] INFO Env - @{4 RCVD 2} Message(Share)
out.3 >> unlock
inp.3 << 19:07:03.668 [main] INFO Env - @{3 UNLOCKED}
inp.3 << 19:07:03.668 [main] INFO Env - @{3 SEND 4} Message(Share)
inp.4 << 19:07:03.668 [main] INFO Env - @{4 RCVD 3} Message(Share)
inp.4 << 19:07:03.668 [main] INFO Env - @{4 LOCKED}
out.4 >> unlock
inp.4 << 19:07:03.668 [main] INFO Env - @{4 UNLOCKED}
out.1 >> ping
out.2 >> ping
out.3 >> ping
out.4 >> ping
out.5 >> ping
inp.5 << 19:07:03.668 [main] INFO Env - @{5 PONG}
inp.1 << 19:07:03.668 [main] INFO Env - @{1 PONG}
inp.4 << 19:07:03.668 [main] INFO Env - @{4 PONG}
inp.2 << 19:07:03.668 [main] INFO Env - @{2 PONG}
inp.3 << 19:07:03.668 [main] INFO Env - @{3 PONG}
out.2 >> lock
inp.2 << 19:07:03.669 [main] INFO Env - @{2 SEND 3} Message(Ask)
inp.2 << 19:07:03.669 [main] INFO Env - @{2 SEND 4} Message(Ask)
inp.3 << 19:07:03.669 [main] INFO Env - @{3 RCVD 2} Message(Ask)
inp.3 << 19:07:03.669 [main] INFO Env - @{3 SEND 2} Message(Share)
inp.4 << 19:07:03.669 [main] INFO Env - @{4 RCVD 2} Message(Ask)
inp.4 << 19:07:03.669 [main] INFO Env - @{4 SEND 2} Message(Share)
inp.2 << 19:07:03.669 [main] INFO Env - @{2 RCVD 3} Message(Share)
inp.2 << 19:07:03.669 [main] INFO Env - @{2 RCVD 4} Message(Share)
inp.2 << 19:07:03.669 [main] INFO Env - @{2 LOCKED}
out.2 >> unlock
inp.2 << 19:07:03.669 [main] INFO Env - @{2 UNLOCKED}
out.1 >> ping
out.2 >> ping
out.3 >> ping
out.4 >> ping
out.5 >> ping
inp.2 << 19:07:03.670 [main] INFO Env - @{2 PONG}
inp.5 << 19:07:03.670 [main] INFO Env - @{5 PONG}
inp.1 << 19:07:03.670 [main] INFO Env - @{1 PONG}
inp.3 << 19:07:03.670 [main] INFO Env - @{3 PONG}
inp.4 << 19:07:03.670 [main] INFO Env - @{4 PONG}
out.2 >> lock
inp.2 << 19:07:03.670 [main] INFO Env - @{2 LOCKED}
out.2 >> unlock
inp.2 << 19:07:03.670 [main] INFO Env - @{2 UNLOCKED}
out.1 >> ping
out.2 >> ping
out.3 >> ping
out.4 >> ping
out.5 >> ping
inp.5 << 19:07:03.671 [main] INFO Env - @{5 PONG}
inp.1 << 19:07:03.671 [main] INFO Env - @{1 PONG}
inp.2 << 19:07:03.671 [main] INFO Env - @{2 PONG}
inp.3 << 19:07:03.671 [main] INFO Env - @{3 PONG}
inp.4 << 19:07:03.671 [main] INFO Env - @{4 PONG}
out.2 >> lock
inp.2 << 19:07:03.671 [main] INFO Env - @{2 LOCKED}
out.2 >> unlock
inp.2 << 19:07:03.671 [main] INFO Env - @{2 UNLOCKED}
out.1 >> ping
out.2 >> ping
out.3 >> ping
out.4 >> ping
out.5 >> ping
inp.5 << 19:07:03.672 [main] INFO Env - @{5 PONG}
inp.1 << 19:07:03.672 [main] INFO Env - @{1 PONG}
inp.2 << 19:07:03.672 [main] INFO Env - @{2 PONG}
inp.3 << 19:07:03.672 [main] INFO Env - @{3 PONG}
inp.4 << 19:07:03.672 [main] INFO Env - @{4 PONG}
out.2 >> lock
out.1 >> lock
inp.2 << 19:07:03.672 [main] INFO Env - @{2 LOCKED}
out.2 >> unlock
inp.1 << 19:07:03.673 [main] INFO Env - @{1 SEND 2} Message(Ask)
inp.1 << 19:07:03.673 [main] INFO Env - @{1 SEND 3} Message(Ask)
inp.1 << 19:07:03.673 [main] INFO Env - @{1 SEND 4} Message(Ask)
inp.2 << 19:07:03.673 [main] INFO Env - @{2 UNLOCKED}
inp.3 << 19:07:03.673 [main] INFO Env - @{3 RCVD 1} Message(Ask)
inp.2 << 19:07:03.673 [main] INFO Env - @{2 RCVD 1} Message(Ask)
inp.3 << 19:07:03.673 [main] INFO Env - @{3 SEND 1} Message(Share)
inp.2 << 19:07:03.673 [main] INFO Env - @{2 SEND 1} Message(Share)
inp.4 << 19:07:03.673 [main] INFO Env - @{4 RCVD 1} Message(Ask)
inp.1 << 19:07:03.673 [main] INFO Env - @{1 RCVD 3} Message(Share)
inp.1 << 19:07:03.673 [main] INFO Env - @{1 RCVD 2} Message(Share)
inp.4 << 19:07:03.673 [main] INFO Env - @{4 SEND 1} Message(Share)
inp.1 << 19:07:03.673 [main] INFO Env - @{1 RCVD 4} Message(Share)
inp.1 << 19:07:03.673 [main] INFO Env - @{1 LOCKED}
out.1 >> unlock
inp.1 << 19:07:03.674 [main] INFO Env - @{1 UNLOCKED}
out.1 >> ping
out.2 >> ping
out.3 >> ping
out.4 >> ping
out.5 >> ping
inp.1 << 19:07:03.674 [main] INFO Env - @{1 PONG}
inp.5 << 19:07:03.674 [main] INFO Env - @{5 PONG}
inp.2 << 19:07:03.674 [main] INFO Env - @{2 PONG}
inp.3 << 19:07:03.674 [main] INFO Env - @{3 PONG}
inp.4 << 19:07:03.674 [main] INFO Env - @{4 PONG}
out.2 >> lock
out.1 >> lock
inp.2 << 19:07:03.675 [main] INFO Env - @{2 SEND 1} Message(Ask)
inp.1 << 19:07:03.675 [main] INFO Env - @{1 LOCKED}
out.1 >> unlock
inp.1 << 19:07:03.675 [main] INFO Env - @{1 RCVD 2} Message(Ask)
inp.1 << 19:07:03.675 [main] INFO Env - @{1 UNLOCKED}
inp.1 << 19:07:03.675 [main] INFO Env - @{1 SEND 2} Message(Share)
inp.2 << 19:07:03.675 [main] INFO Env - @{2 RCVD 1} Message(Share)
inp.2 << 19:07:03.675 [main] INFO Env - @{2 LOCKED}
out.2 >> unlock
inp.2 << 19:07:03.675 [main] INFO Env - @{2 UNLOCKED}
out.1 >> ping
out.2 >> ping
out.3 >> ping
out.4 >> ping
out.5 >> ping
inp.1 << 19:07:03.675 [main] INFO Env - @{1 PONG}
inp.5 << 19:07:03.675 [main] INFO Env - @{5 PONG}
inp.2 << 19:07:03.675 [main] INFO Env - @{2 PONG}
inp.3 << 19:07:03.675 [main] INFO Env - @{3 PONG}
inp.4 << 19:07:03.675 [main] INFO Env - @{4 PONG}
out.2 >> lock
out.1 >> lock
inp.2 << 19:07:03.676 [main] INFO Env - @{2 LOCKED}
out.2 >> unlock
inp.1 << 19:07:03.676 [main] INFO Env - @{1 SEND 2} Message(Ask)
inp.2 << 19:07:03.676 [main] INFO Env - @{2 UNLOCKED}
inp.2 << 19:07:03.676 [main] INFO Env - @{2 RCVD 1} Message(Ask)
inp.2 << 19:07:03.676 [main] INFO Env - @{2 SEND 1} Message(Share)
inp.1 << 19:07:03.676 [main] INFO Env - @{1 RCVD 2} Message(Share)
inp.1 << 19:07:03.676 [main] INFO Env - @{1 LOCKED}
out.1 >> unlock
inp.1 << 19:07:03.676 [main] INFO Env - @{1 UNLOCKED}
out.1 >> ping
out.2 >> ping
out.3 >> ping
out.4 >> ping
out.5 >> ping
inp.5 << 19:07:03.677 [main] INFO Env - @{5 PONG}
inp.1 << 19:07:03.677 [main] INFO Env - @{1 PONG}
inp.2 << 19:07:03.677 [main] INFO Env - @{2 PONG}
inp.3 << 19:07:03.677 [main] INFO Env - @{3 PONG}
inp.4 << 19:07:03.677 [main] INFO Env - @{4 PONG}
out.1 >> ping
out.2 >> ping
out.3 >> ping
out.4 >> ping
out.5 >> ping
inp.5 << 19:07:03.677 [main] INFO Env - @{5 PONG}
inp.1 << 19:07:03.677 [main] INFO Env - @{1 PONG}
inp.2 << 19:07:03.677 [main] INFO Env - @{2 PONG}
inp.3 << 19:07:03.677 [main] INFO Env - @{3 PONG}
inp.4 << 19:07:03.677 [main] INFO Env - @{4 PONG}
out.1 >> lock
inp.1 << 19:07:03.678 [main] INFO Env - @{1 LOCKED}
out.1 >> unlock
inp.1 << 19:07:03.678 [main] INFO Env - @{1 UNLOCKED}
out.1 >> ping
out.2 >> ping
out.3 >> ping
out.4 >> ping
out.5 >> ping
inp.1 << 19:07:03.678 [main] INFO Env - @{1 PONG}
inp.5 << 19:07:03.678 [main] INFO Env - @{5 PONG}
inp.2 << 19:07:03.678 [main] INFO Env - @{2 PONG}
inp.3 << 19:07:03.678 [main] INFO Env - @{3 PONG}
inp.4 << 19:07:03.678 [main] INFO Env - @{4 PONG}
out.2 >> lock
inp.2 << 19:07:03.679 [main] INFO Env - @{2 SEND 1} Message(Ask)
inp.1 << 19:07:03.679 [main] INFO Env - @{1 RCVD 2} Message(Ask)
inp.1 << 19:07:03.679 [main] INFO Env - @{1 SEND 2} Message(Share)
inp.2 << 19:07:03.679 [main] INFO Env - @{2 RCVD 1} Message(Share)
inp.2 << 19:07:03.679 [main] INFO Env - @{2 LOCKED}
out.2 >> unlock
inp.2 << 19:07:03.679 [main] INFO Env - @{2 UNLOCKED}
out.1 >> ping
out.2 >> ping
out.3 >> ping
out.4 >> ping
out.5 >> ping
inp.5 << 19:07:03.680 [main] INFO Env - @{5 PONG}
inp.1 << 19:07:03.680 [main] INFO Env - @{1 PONG}
inp.2 << 19:07:03.680 [main] INFO Env - @{2 PONG}
inp.4 << 19:07:03.680 [main] INFO Env - @{4 PONG}
inp.3 << 19:07:03.680 [main] INFO Env - @{3 PONG}
out.3 >> lock
inp.3 << 19:07:03.680 [main] INFO Env - @{3 SEND 1} Message(Ask)
inp.3 << 19:07:03.680 [main] INFO Env - @{3 SEND 2} Message(Ask)
inp.1 << 19:07:03.680 [main] INFO Env - @{1 RCVD 3} Message(Ask)
inp.3 << 19:07:03.680 [main] INFO Env - @{3 SEND 4} Message(Ask)
inp.1 << 19:07:03.680 [main] INFO Env - @{1 SEND 3} Message(Share)
inp.2 << 19:07:03.681 [main] INFO Env - @{2 RCVD 3} Message(Ask)
inp.2 << 19:07:03.681 [main] INFO Env - @{2 SEND 3} Message(Share)
inp.3 << 19:07:03.681 [main] INFO Env - @{3 RCVD 1} Message(Share)
inp.4 << 19:07:03.681 [main] INFO Env - @{4 RCVD 3} Message(Ask)
inp.4 << 19:07:03.681 [main] INFO Env - @{4 SEND 3} Message(Share)
inp.3 << 19:07:03.681 [main] INFO Env - @{3 RCVD 2} Message(Share)
inp.3 << 19:07:03.681 [main] INFO Env - @{3 RCVD 4} Message(Share)
inp.3 << 19:07:03.681 [main] INFO Env - @{3 LOCKED}
out.3 >> unlock
inp.3 << 19:07:03.681 [main] INFO Env - @{3 UNLOCKED}
out.1 >> ping
out.2 >> ping
out.3 >> ping
out.4 >> ping
out.5 >> ping
inp.5 << 19:07:03.681 [main] INFO Env - @{5 PONG}
inp.1 << 19:07:03.681 [main] INFO Env - @{1 PONG}
inp.2 << 19:07:03.681 [main] INFO Env - @{2 PONG}
inp.3 << 19:07:03.681 [main] INFO Env - @{3 PONG}
inp.4 << 19:07:03.681 [main] INFO Env - @{4 PONG}
out.4 >> lock
inp.4 << 19:07:03.682 [main] INFO Env - @{4 SEND 1} Message(Ask)
inp.4 << 19:07:03.682 [main] INFO Env - @{4 SEND 2} Message(Ask)
inp.4 << 19:07:03.682 [main] INFO Env - @{4 SEND 3} Message(Ask)
inp.1 << 19:07:03.682 [main] INFO Env - @{1 RCVD 4} Message(Ask)
inp.1 << 19:07:03.682 [main] INFO Env - @{1 SEND 4} Message(Share)
inp.2 << 19:07:03.682 [main] INFO Env - @{2 RCVD 4} Message(Ask)
inp.2 << 19:07:03.682 [main] INFO Env - @{2 SEND 4} Message(Share)
inp.3 << 19:07:03.682 [main] INFO Env - @{3 RCVD 4} Message(Ask)
inp.3 << 19:07:03.682 [main] INFO Env - @{3 SEND 4} Message(Share)
inp.4 << 19:07:03.682 [main] INFO Env - @{4 RCVD 1} Message(Share)
inp.4 << 19:07:03.682 [main] INFO Env - @{4 RCVD 2} Message(Share)
inp.4 << 19:07:03.682 [main] INFO Env - @{4 RCVD 3} Message(Share)
inp.4 << 19:07:03.682 [main] INFO Env - @{4 LOCKED}
out.4 >> unlock
inp.4 << 19:07:03.682 [main] INFO Env - @{4 UNLOCKED}
out.1 >> ping
out.2 >> ping
out.3 >> ping
out.4 >> ping
out.5 >> ping
inp.5 << 19:07:03.683 [main] INFO Env - @{5 PONG}
inp.1 << 19:07:03.683 [main] INFO Env - @{1 PONG}
inp.2 << 19:07:03.683 [main] INFO Env - @{2 PONG}
inp.3 << 19:07:03.683 [main] INFO Env - @{3 PONG}
inp.4 << 19:07:03.683 [main] INFO Env - @{4 PONG}
out.5 >> lock
inp.5 << 19:07:03.683 [main] INFO Env - @{5 SEND 1} Message(Ask)
inp.5 << 19:07:03.684 [main] INFO Env - @{5 SEND 2} Message(Ask)
inp.5 << 19:07:03.684 [main] INFO Env - @{5 SEND 3} Message(Ask)
inp.5 << 19:07:03.684 [main] INFO Env - @{5 SEND 4} Message(Ask)
inp.2 << 19:07:03.684 [main] INFO Env - @{2 RCVD 5} Message(Ask)
inp.2 << 19:07:03.684 [main] INFO Env - @{2 SEND 5} Message(Share)
inp.1 << 19:07:03.684 [main] INFO Env - @{1 RCVD 5} Message(Ask)
inp.1 << 19:07:03.684 [main] INFO Env - @{1 SEND 5} Message(Share)
inp.3 << 19:07:03.684 [main] INFO Env - @{3 RCVD 5} Message(Ask)
inp.3 << 19:07:03.684 [main] INFO Env - @{3 SEND 5} Message(Share)
inp.5 << 19:07:03.684 [main] INFO Env - @{5 RCVD 1} Message(Share)
inp.5 << 19:07:03.684 [main] INFO Env - @{5 RCVD 2} Message(Share)
inp.5 << 19:07:03.684 [main] INFO Env - @{5 RCVD 3} Message(Share)
inp.4 << 19:07:03.684 [main] INFO Env - @{4 RCVD 5} Message(Ask)
inp.4 << 19:07:03.684 [main] INFO Env - @{4 SEND 5} Message(Share)
inp.5 << 19:07:03.684 [main] INFO Env - @{5 RCVD 4} Message(Share)
inp.5 << 19:07:03.684 [main] INFO Env - @{5 LOCKED}
out.5 >> unlock
inp.5 << 19:07:03.685 [main] INFO Env - @{5 UNLOCKED}
out.1 >> ping
out.2 >> ping
out.3 >> ping
out.4 >> ping
out.5 >> ping
inp.5 << 19:07:03.685 [main] INFO Env - @{5 PONG}
inp.1 << 19:07:03.685 [main] INFO Env - @{1 PONG}
inp.2 << 19:07:03.685 [main] INFO Env - @{2 PONG}
inp.3 << 19:07:03.685 [main] INFO Env - @{3 PONG}
inp.4 << 19:07:03.685 [main] INFO Env - @{4 PONG}
out.5 >> lock
out.1 >> lock
out.2 >> lock
out.4 >> lock
out.3 >> lock
inp.5 << 19:07:03.686 [main] INFO Env - @{5 LOCKED}
inp.1 << 19:07:03.686 [main] INFO Env - @{1 SEND 2} Message(Ask)
out.5 >> unlock
inp.1 << 19:07:03.686 [main] INFO Env - @{1 SEND 3} Message(Ask)
inp.1 << 19:07:03.686 [main] INFO Env - @{1 SEND 4} Message(Ask)
inp.5 << 19:07:03.686 [main] INFO Env - @{5 UNLOCKED}
inp.1 << 19:07:03.686 [main] INFO Env - @{1 SEND 5} Message(Ask)
inp.2 << 19:07:03.686 [main] INFO Env - @{2 SEND 3} Message(Ask)
inp.5 << 19:07:03.686 [main] INFO Env - @{5 RCVD 1} Message(Ask)
inp.5 << 19:07:03.686 [main] INFO Env - @{5 SEND 1} Message(Share)
inp.4 << 19:07:03.686 [main] INFO Env - @{4 SEND 5} Message(Ask)
inp.2 << 19:07:03.686 [main] INFO Env - @{2 SEND 4} Message(Ask)
inp.5 << 19:07:03.686 [main] INFO Env - @{5 RCVD 4} Message(Ask)
inp.4 << 19:07:03.686 [main] INFO Env - @{4 RCVD 1} Message(Ask)
inp.5 << 19:07:03.686 [main] INFO Env - @{5 SEND 4} Message(Share)
inp.2 << 19:07:03.686 [main] INFO Env - @{2 SEND 5} Message(Ask)
inp.2 << 19:07:03.686 [main] INFO Env - @{2 RCVD 1} Message(Ask)
inp.4 << 19:07:03.686 [main] INFO Env - @{4 SEND 1} Message(Share)
inp.2 << 19:07:03.686 [main] INFO Env - @{2 SEND 1} Message(Share)
inp.5 << 19:07:03.686 [main] INFO Env - @{5 RCVD 2} Message(Ask)
inp.5 << 19:07:03.686 [main] INFO Env - @{5 SEND 2} Message(Share)
inp.3 << 19:07:03.686 [main] INFO Env - @{3 SEND 4} Message(Ask)
inp.2 << 19:07:03.687 [main] INFO Env - @{2 SEND 1} Message(Ask)
inp.2 << 19:07:03.687 [main] INFO Env - @{2 RCVD 5} Message(Share)
inp.3 << 19:07:03.687 [main] INFO Env - @{3 SEND 5} Message(Ask)
inp.3 << 19:07:03.687 [main] INFO Env - @{3 RCVD 1} Message(Ask)
inp.3 << 19:07:03.687 [main] INFO Env - @{3 SEND 1} Message(Share)
inp.5 << 19:07:03.687 [main] INFO Env - @{5 RCVD 3} Message(Ask)
inp.5 << 19:07:03.687 [main] INFO Env - @{5 SEND 3} Message(Share)
inp.4 << 19:07:03.687 [main] INFO Env - @{4 SEND 1} Message(Ask)
inp.3 << 19:07:03.687 [main] INFO Env - @{3 SEND 1} Message(Ask)
inp.3 << 19:07:03.687 [main] INFO Env - @{3 RCVD 2} Message(Ask)
inp.4 << 19:07:03.687 [main] INFO Env - @{4 RCVD 2} Message(Ask)
inp.3 << 19:07:03.687 [main] INFO Env - @{3 SEND 2} Message(Share)
inp.1 << 19:07:03.687 [main] INFO Env - @{1 RCVD 5} Message(Share)
inp.4 << 19:07:03.687 [main] INFO Env - @{4 SEND 2} Message(Share)
inp.3 << 19:07:03.687 [main] INFO Env - @{3 SEND 2} Message(Ask)
inp.4 << 19:07:03.687 [main] INFO Env - @{4 SEND 2} Message(Ask)
inp.1 << 19:07:03.687 [main] INFO Env - @{1 RCVD 4} Message(Share)
inp.1 << 19:07:03.687 [main] INFO Env - @{1 RCVD 2} Message(Share)
inp.1 << 19:07:03.687 [main] INFO Env - @{1 RCVD 2} Message(Ask)
inp.1 << 19:07:03.687 [main] INFO Env - @{1 RCVD 3} Message(Share)
inp.4 << 19:07:03.687 [main] INFO Env - @{4 RCVD 5} Message(Share)
inp.1 << 19:07:03.687 [main] INFO Env - @{1 LOCKED}
inp.4 << 19:07:03.687 [main] INFO Env - @{4 RCVD 3} Message(Ask)
inp.3 << 19:07:03.687 [main] INFO Env - @{3 RCVD 5} Message(Share)
inp.1 << 19:07:03.687 [main] INFO Env - @{1 RCVD 3} Message(Ask)
inp.4 << 19:07:03.687 [main] INFO Env - @{4 SEND 3} Message(Share)
inp.2 << 19:07:03.687 [main] INFO Env - @{2 RCVD 4} Message(Share)
inp.4 << 19:07:03.687 [main] INFO Env - @{4 SEND 3} Message(Ask)
inp.2 << 19:07:03.687 [main] INFO Env - @{2 RCVD 3} Message(Share)
out.1 >> unlock
inp.1 << 19:07:03.687 [main] INFO Env - @{1 RCVD 4} Message(Ask)
inp.2 << 19:07:03.687 [main] INFO Env - @{2 RCVD 3} Message(Ask)
inp.2 << 19:07:03.687 [main] INFO Env - @{2 RCVD 4} Message(Ask)
inp.3 << 19:07:03.687 [main] INFO Env - @{3 RCVD 4} Message(Share)
inp.3 << 19:07:03.687 [main] INFO Env - @{3 RCVD 4} Message(Ask)
inp.1 << 19:07:03.687 [main] INFO Env - @{1 UNLOCKED}
inp.1 << 19:07:03.687 [main] INFO Env - @{1 SEND 2} Message(Share)
inp.1 << 19:07:03.687 [main] INFO Env - @{1 SEND 3} Message(Share)
inp.1 << 19:07:03.688 [main] INFO Env - @{1 SEND 4} Message(Share)
inp.2 << 19:07:03.688 [main] INFO Env - @{2 RCVD 1} Message(Share)
inp.2 << 19:07:03.688 [main] INFO Env - @{2 LOCKED}
inp.3 << 19:07:03.688 [main] INFO Env - @{3 RCVD 1} Message(Share)
out.2 >> unlock
inp.4 << 19:07:03.688 [main] INFO Env - @{4 RCVD 1} Message(Share)
inp.2 << 19:07:03.688 [main] INFO Env - @{2 UNLOCKED}
inp.2 << 19:07:03.688 [main] INFO Env - @{2 SEND 3} Message(Share)
inp.2 << 19:07:03.688 [main] INFO Env - @{2 SEND 4} Message(Share)
inp.3 << 19:07:03.688 [main] INFO Env - @{3 RCVD 2} Message(Share)
inp.3 << 19:07:03.688 [main] INFO Env - @{3 LOCKED}
inp.4 << 19:07:03.688 [main] INFO Env - @{4 RCVD 2} Message(Share)
out.3 >> unlock
inp.3 << 19:07:03.688 [main] INFO Env - @{3 UNLOCKED}
inp.3 << 19:07:03.688 [main] INFO Env - @{3 SEND 4} Message(Share)
inp.4 << 19:07:03.688 [main] INFO Env - @{4 RCVD 3} Message(Share)
inp.4 << 19:07:03.688 [main] INFO Env - @{4 LOCKED}
out.4 >> unlock
inp.4 << 19:07:03.688 [main] INFO Env - @{4 UNLOCKED}
out.1 >> ping
out.2 >> ping
out.3 >> ping
out.4 >> ping
out.5 >> ping
inp.1 << 19:07:03.689 [main] INFO Env - @{1 PONG}
inp.5 << 19:07:03.689 [main] INFO Env - @{5 PONG}
inp.2 << 19:07:03.689 [main] INFO Env - @{2 PONG}
inp.3 << 19:07:03.689 [main] INFO Env - @{3 PONG}
inp.4 << 19:07:03.689 [main] INFO Env - @{4 PONG}
out.5 >> lock
inp.5 << 19:07:03.689 [main] INFO Env - @{5 SEND 1} Message(Ask)
inp.5 << 19:07:03.689 [main] INFO Env - @{5 SEND 2} Message(Ask)
inp.5 << 19:07:03.689 [main] INFO Env - @{5 SEND 3} Message(Ask)
inp.5 << 19:07:03.689 [main] INFO Env - @{5 SEND 4} Message(Ask)
inp.1 << 19:07:03.689 [main] INFO Env - @{1 RCVD 5} Message(Ask)
inp.2 << 19:07:03.689 [main] INFO Env - @{2 RCVD 5} Message(Ask)
inp.1 << 19:07:03.689 [main] INFO Env - @{1 SEND 5} Message(Share)
inp.2 << 19:07:03.689 [main] INFO Env - @{2 SEND 5} Message(Share)
inp.5 << 19:07:03.690 [main] INFO Env - @{5 RCVD 2} Message(Share)
inp.5 << 19:07:03.690 [main] INFO Env - @{5 RCVD 1} Message(Share)
inp.3 << 19:07:03.690 [main] INFO Env - @{3 RCVD 5} Message(Ask)
inp.3 << 19:07:03.690 [main] INFO Env - @{3 SEND 5} Message(Share)
inp.4 << 19:07:03.690 [main] INFO Env - @{4 RCVD 5} Message(Ask)
inp.4 << 19:07:03.690 [main] INFO Env - @{4 SEND 5} Message(Share)
inp.5 << 19:07:03.690 [main] INFO Env - @{5 RCVD 3} Message(Share)
inp.5 << 19:07:03.690 [main] INFO Env - @{5 RCVD 4} Message(Share)
inp.5 << 19:07:03.690 [main] INFO Env - @{5 LOCKED}
out.5 >> unlock
inp.5 << 19:07:03.690 [main] INFO Env - @{5 UNLOCKED}
out.1 >> ping
out.2 >> ping
out.3 >> ping
out.4 >> ping
out.5 >> ping
inp.5 << 19:07:03.690 [main] INFO Env - @{5 PONG}
inp.1 << 19:07:03.690 [main] INFO Env - @{1 PONG}
inp.3 << 19:07:03.690 [main] INFO Env - @{3 PONG}
inp.2 << 19:07:03.690 [main] INFO Env - @{2 PONG}
inp.4 << 19:07:03.691 [main] INFO Env - @{4 PONG}
out.5 >> lock
inp.5 << 19:07:03.691 [main] INFO Env - @{5 LOCKED}
out.5 >> unlock
inp.5 << 19:07:03.691 [main] INFO Env - @{5 UNLOCKED}
out.1 >> ping
out.2 >> ping
out.3 >> ping
out.4 >> ping
out.5 >> ping
inp.5 << 19:07:03.691 [main] INFO Env - @{5 PONG}
inp.3 << 19:07:03.691 [main] INFO Env - @{3 PONG}
inp.2 << 19:07:03.691 [main] INFO Env - @{2 PONG}
inp.1 << 19:07:03.691 [main] INFO Env - @{1 PONG}
inp.4 << 19:07:03.691 [main] INFO Env - @{4 PONG}
out.5 >> lock
inp.5 << 19:07:03.691 [main] INFO Env - @{5 LOCKED}
out.5 >> unlock
inp.5 << 19:07:03.691 [main] INFO Env - @{5 UNLOCKED}
out.1 >> ping
out.2 >> ping
out.3 >> ping
out.4 >> ping
out.5 >> ping
inp.5 << 19:07:03.692 [main] INFO Env - @{5 PONG}
inp.1 << 19:07:03.692 [main] INFO Env - @{1 PONG}
inp.2 << 19:07:03.692 [main] INFO Env - @{2 PONG}
inp.3 << 19:07:03.692 [main] INFO Env - @{3 PONG}
inp.4 << 19:07:03.692 [main] INFO Env - @{4 PONG}
out.5 >> lock
out.2 >> lock
inp.5 << 19:07:03.692 [main] INFO Env - @{5 LOCKED}
out.5 >> unlock
inp.2 << 19:07:03.693 [main] INFO Env - @{2 SEND 3} Message(Ask)
inp.5 << 19:07:03.693 [main] INFO Env - @{5 UNLOCKED}
inp.2 << 19:07:03.693 [main] INFO Env - @{2 SEND 4} Message(Ask)
inp.2 << 19:07:03.693 [main] INFO Env - @{2 SEND 5} Message(Ask)
inp.3 << 19:07:03.693 [main] INFO Env - @{3 RCVD 2} Message(Ask)
inp.3 << 19:07:03.693 [main] INFO Env - @{3 SEND 2} Message(Share)
inp.5 << 19:07:03.693 [main] INFO Env - @{5 RCVD 2} Message(Ask)
inp.5 << 19:07:03.693 [main] INFO Env - @{5 SEND 2} Message(Share)
inp.2 << 19:07:03.693 [main] INFO Env - @{2 RCVD 3} Message(Share)
inp.2 << 19:07:03.693 [main] INFO Env - @{2 RCVD 5} Message(Share)
inp.4 << 19:07:03.693 [main] INFO Env - @{4 RCVD 2} Message(Ask)
inp.4 << 19:07:03.693 [main] INFO Env - @{4 SEND 2} Message(Share)
inp.2 << 19:07:03.693 [main] INFO Env - @{2 RCVD 4} Message(Share)
inp.2 << 19:07:03.693 [main] INFO Env - @{2 LOCKED}
out.2 >> unlock
inp.2 << 19:07:03.693 [main] INFO Env - @{2 UNLOCKED}
out.1 >> ping
out.2 >> ping
out.3 >> ping
out.4 >> ping
out.5 >> ping
inp.1 << 19:07:03.694 [main] INFO Env - @{1 PONG}
inp.5 << 19:07:03.694 [main] INFO Env - @{5 PONG}
inp.2 << 19:07:03.694 [main] INFO Env - @{2 PONG}
inp.3 << 19:07:03.694 [main] INFO Env - @{3 PONG}
inp.4 << 19:07:03.694 [main] INFO Env - @{4 PONG}
out.5 >> lock
out.2 >> lock
inp.5 << 19:07:03.694 [main] INFO Env - @{5 SEND 2} Message(Ask)
inp.2 << 19:07:03.694 [main] INFO Env - @{2 LOCKED}
out.2 >> unlock
inp.2 << 19:07:03.695 [main] INFO Env - @{2 RCVD 5} Message(Ask)
inp.2 << 19:07:03.695 [main] INFO Env - @{2 UNLOCKED}
inp.2 << 19:07:03.695 [main] INFO Env - @{2 SEND 5} Message(Share)
inp.5 << 19:07:03.695 [main] INFO Env - @{5 RCVD 2} Message(Share)
inp.5 << 19:07:03.695 [main] INFO Env - @{5 LOCKED}
out.5 >> unlock
inp.5 << 19:07:03.695 [main] INFO Env - @{5 UNLOCKED}
out.1 >> ping
out.2 >> ping
out.3 >> ping
out.4 >> ping
out.5 >> ping
inp.5 << 19:07:03.695 [main] INFO Env - @{5 PONG}
inp.1 << 19:07:03.695 [main] INFO Env - @{1 PONG}
inp.2 << 19:07:03.695 [main] INFO Env - @{2 PONG}
inp.3 << 19:07:03.695 [main] INFO Env - @{3 PONG}
inp.4 << 19:07:03.696 [main] INFO Env - @{4 PONG}
out.5 >> lock
out.2 >> lock
inp.5 << 19:07:03.696 [main] INFO Env - @{5 LOCKED}
out.5 >> unlock
inp.5 << 19:07:03.696 [main] INFO Env - @{5 UNLOCKED}
inp.2 << 19:07:03.696 [main] INFO Env - @{2 SEND 5} Message(Ask)
inp.5 << 19:07:03.696 [main] INFO Env - @{5 RCVD 2} Message(Ask)
inp.5 << 19:07:03.696 [main] INFO Env - @{5 SEND 2} Message(Share)
inp.2 << 19:07:03.696 [main] INFO Env - @{2 RCVD 5} Message(Share)
inp.2 << 19:07:03.696 [main] INFO Env - @{2 LOCKED}
out.2 >> unlock
inp.2 << 19:07:03.696 [main] INFO Env - @{2 UNLOCKED}
out.1 >> ping
out.2 >> ping
out.3 >> ping
out.4 >> ping
out.5 >> ping
inp.5 << 19:07:03.697 [main] INFO Env - @{5 PONG}
inp.2 << 19:07:03.697 [main] INFO Env - @{2 PONG}
inp.1 << 19:07:03.697 [main] INFO Env - @{1 PONG}
inp.3 << 19:07:03.697 [main] INFO Env - @{3 PONG}
inp.4 << 19:07:03.697 [main] INFO Env - @{4 PONG}
out.1 >> ping
out.2 >> ping
out.3 >> ping
out.4 >> ping
out.5 >> ping
inp.5 << 19:07:03.697 [main] INFO Env - @{5 PONG}
inp.1 << 19:07:03.697 [main] INFO Env - @{1 PONG}
inp.2 << 19:07:03.697 [main] INFO Env - @{2 PONG}
inp.3 << 19:07:03.697 [main] INFO Env - @{3 PONG}
inp.4 << 19:07:03.697 [main] INFO Env - @{4 PONG}
out.1 >> lock
inp.1 << 19:07:03.697 [main] INFO Env - @{1 SEND 2} Message(Ask)
inp.1 << 19:07:03.698 [main] INFO Env - @{1 SEND 3} Message(Ask)
inp.2 << 19:07:03.698 [main] INFO Env - @{2 RCVD 1} Message(Ask)
inp.2 << 19:07:03.698 [main] INFO Env - @{2 SEND 1} Message(Share)
inp.1 << 19:07:03.698 [main] INFO Env - @{1 SEND 4} Message(Ask)
inp.1 << 19:07:03.698 [main] INFO Env - @{1 SEND 5} Message(Ask)
inp.1 << 19:07:03.698 [main] INFO Env - @{1 RCVD 2} Message(Share)
inp.5 << 19:07:03.698 [main] INFO Env - @{5 RCVD 1} Message(Ask)
inp.5 << 19:07:03.698 [main] INFO Env - @{5 SEND 1} Message(Share)
inp.3 << 19:07:03.698 [main] INFO Env - @{3 RCVD 1} Message(Ask)
inp.3 << 19:07:03.698 [main] INFO Env - @{3 SEND 1} Message(Share)
inp.1 << 19:07:03.698 [main] INFO Env - @{1 RCVD 5} Message(Share)
inp.1 << 19:07:03.698 [main] INFO Env - @{1 RCVD 3} Message(Share)
inp.4 << 19:07:03.698 [main] INFO Env - @{4 RCVD 1} Message(Ask)
inp.4 << 19:07:03.698 [main] INFO Env - @{4 SEND 1} Message(Share)
inp.1 << 19:07:03.698 [main] INFO Env - @{1 RCVD 4} Message(Share)
inp.1 << 19:07:03.698 [main] INFO Env - @{1 LOCKED}
out.1 >> unlock
inp.1 << 19:07:03.698 [main] INFO Env - @{1 UNLOCKED}
out.1 >> ping
out.2 >> ping
out.3 >> ping
out.4 >> ping
out.5 >> ping
inp.5 << 19:07:03.699 [main] INFO Env - @{5 PONG}
inp.1 << 19:07:03.699 [main] INFO Env - @{1 PONG}
inp.2 << 19:07:03.699 [main] INFO Env - @{2 PONG}
inp.3 << 19:07:03.699 [main] INFO Env - @{3 PONG}
inp.4 << 19:07:03.699 [main] INFO Env - @{4 PONG}
out.2 >> lock
inp.2 << 19:07:03.699 [main] INFO Env - @{2 SEND 1} Message(Ask)
inp.1 << 19:07:03.699 [main] INFO Env - @{1 RCVD 2} Message(Ask)
inp.1 << 19:07:03.699 [main] INFO Env - @{1 SEND 2} Message(Share)
inp.2 << 19:07:03.699 [main] INFO Env - @{2 RCVD 1} Message(Share)
inp.2 << 19:07:03.699 [main] INFO Env - @{2 LOCKED}
out.2 >> unlock
inp.2 << 19:07:03.700 [main] INFO Env - @{2 UNLOCKED}
out.1 >> ping
out.2 >> ping
out.3 >> ping
out.4 >> ping
out.5 >> ping
inp.1 << 19:07:03.700 [main] INFO Env - @{1 PONG}
inp.5 << 19:07:03.700 [main] INFO Env - @{5 PONG}
inp.2 << 19:07:03.700 [main] INFO Env - @{2 PONG}
inp.4 << 19:07:03.700 [main] INFO Env - @{4 PONG}
inp.3 << 19:07:03.700 [main] INFO Env - @{3 PONG}
out.3 >> lock
inp.3 << 19:07:03.700 [main] INFO Env - @{3 SEND 1} Message(Ask)
inp.3 << 19:07:03.701 [main] INFO Env - @{3 SEND 2} Message(Ask)
inp.3 << 19:07:03.701 [main] INFO Env - @{3 SEND 4} Message(Ask)
inp.1 << 19:07:03.701 [main] INFO Env - @{1 RCVD 3} Message(Ask)
inp.1 << 19:07:03.701 [main] INFO Env - @{1 SEND 3} Message(Share)
inp.3 << 19:07:03.701 [main] INFO Env - @{3 SEND 5} Message(Ask)
inp.3 << 19:07:03.701 [main] INFO Env - @{3 RCVD 1} Message(Share)
inp.2 << 19:07:03.701 [main] INFO Env - @{2 RCVD 3} Message(Ask)
inp.2 << 19:07:03.701 [main] INFO Env - @{2 SEND 3} Message(Share)
inp.5 << 19:07:03.701 [main] INFO Env - @{5 RCVD 3} Message(Ask)
inp.4 << 19:07:03.701 [main] INFO Env - @{4 RCVD 3} Message(Ask)
inp.4 << 19:07:03.701 [main] INFO Env - @{4 SEND 3} Message(Share)
inp.5 << 19:07:03.701 [main] INFO Env - @{5 SEND 3} Message(Share)
inp.3 << 19:07:03.701 [main] INFO Env - @{3 RCVD 2} Message(Share)
inp.3 << 19:07:03.701 [main] INFO Env - @{3 RCVD 4} Message(Share)
inp.3 << 19:07:03.701 [main] INFO Env - @{3 RCVD 5} Message(Share)
inp.3 << 19:07:03.701 [main] INFO Env - @{3 LOCKED}
out.3 >> unlock
inp.3 << 19:07:03.701 [main] INFO Env - @{3 UNLOCKED}
out.1 >> ping
out.2 >> ping
out.3 >> ping
out.4 >> ping
out.5 >> ping
inp.5 << 19:07:03.702 [main] INFO Env - @{5 PONG}
inp.1 << 19:07:03.702 [main] INFO Env - @{1 PONG}
inp.2 << 19:07:03.703 [main] INFO Env - @{2 PONG}
inp.3 << 19:07:03.703 [main] INFO Env - @{3 PONG}
inp.4 << 19:07:03.704 [main] INFO Env - @{4 PONG}
out.4 >> lock
inp.4 << 19:07:03.705 [main] INFO Env - @{4 SEND 1} Message(Ask)
inp.4 << 19:07:03.706 [main] INFO Env - @{4 SEND 2} Message(Ask)
inp.4 << 19:07:03.706 [main] INFO Env - @{4 SEND 3} Message(Ask)
inp.4 << 19:07:03.706 [main] INFO Env - @{4 SEND 5} Message(Ask)
inp.1 << 19:07:03.706 [main] INFO Env - @{1 RCVD 4} Message(Ask)
inp.5 << 19:07:03.707 [main] INFO Env - @{5 RCVD 4} Message(Ask)
inp.5 << 19:07:03.707 [main] INFO Env - @{5 SEND 4} Message(Share)
inp.2 << 19:07:03.707 [main] INFO Env - @{2 RCVD 4} Message(Ask)
inp.2 << 19:07:03.708 [main] INFO Env - @{2 SEND 4} Message(Share)
inp.3 << 19:07:03.708 [main] INFO Env - @{3 RCVD 4} Message(Ask)
inp.3 << 19:07:03.709 [main] INFO Env - @{3 SEND 4} Message(Share)
inp.1 << 19:07:03.707 [main] INFO Env - @{1 SEND 4} Message(Share)
inp.4 << 19:07:03.708 [main] INFO Env - @{4 RCVD 1} Message(Share)
inp.4 << 19:07:03.710 [main] INFO Env - @{4 RCVD 5} Message(Share)
inp.4 << 19:07:03.710 [main] INFO Env - @{4 RCVD 2} Message(Share)
inp.4 << 19:07:03.710 [main] INFO Env - @{4 RCVD 3} Message(Share)
inp.4 << 19:07:03.710 [main] INFO Env - @{4 LOCKED}
out.4 >> unlock
inp.4 << 19:07:03.710 [main] INFO Env - @{4 UNLOCKED}
out.1 >> ping
out.2 >> ping
out.3 >> ping
out.4 >> ping
out.5 >> ping
inp.5 << 19:07:03.711 [main] INFO Env - @{5 PONG}
inp.1 << 19:07:03.711 [main] INFO Env - @{1 PONG}
inp.2 << 19:07:03.711 [main] INFO Env - @{2 PONG}
inp.3 << 19:07:03.711 [main] INFO Env - @{3 PONG}
inp.4 << 19:07:03.711 [main] INFO Env - @{4 PONG}
out.5 >> lock
inp.5 << 19:07:03.711 [main] INFO Env - @{5 SEND 1} Message(Ask)
inp.5 << 19:07:03.711 [main] INFO Env - @{5 SEND 2} Message(Ask)
inp.1 << 19:07:03.712 [main] INFO Env - @{1 RCVD 5} Message(Ask)
inp.1 << 19:07:03.712 [main] INFO Env - @{1 SEND 5} Message(Share)
inp.5 << 19:07:03.712 [main] INFO Env - @{5 SEND 3} Message(Ask)
inp.5 << 19:07:03.712 [main] INFO Env - @{5 SEND 4} Message(Ask)
inp.5 << 19:07:03.712 [main] INFO Env - @{5 RCVD 1} Message(Share)
inp.2 << 19:07:03.712 [main] INFO Env - @{2 RCVD 5} Message(Ask)
inp.4 << 19:07:03.712 [main] INFO Env - @{4 RCVD 5} Message(Ask)
inp.2 << 19:07:03.712 [main] INFO Env - @{2 SEND 5} Message(Share)
inp.3 << 19:07:03.712 [main] INFO Env - @{3 RCVD 5} Message(Ask)
inp.3 << 19:07:03.712 [main] INFO Env - @{3 SEND 5} Message(Share)
inp.5 << 19:07:03.712 [main] INFO Env - @{5 RCVD 2} Message(Share)
inp.5 << 19:07:03.712 [main] INFO Env - @{5 RCVD 3} Message(Share)
inp.4 << 19:07:03.712 [main] INFO Env - @{4 SEND 5} Message(Share)
inp.5 << 19:07:03.712 [main] INFO Env - @{5 RCVD 4} Message(Share)
inp.5 << 19:07:03.712 [main] INFO Env - @{5 LOCKED}
out.5 >> unlock
inp.5 << 19:07:03.712 [main] INFO Env - @{5 UNLOCKED}
out.1 >> ping
out.2 >> ping
out.3 >> ping
out.4 >> ping
out.5 >> ping
inp.5 << 19:07:03.713 [main] INFO Env - @{5 PONG}
inp.1 << 19:07:03.713 [main] INFO Env - @{1 PONG}
inp.2 << 19:07:03.713 [main] INFO Env - @{2 PONG}
inp.3 << 19:07:03.713 [main] INFO Env - @{3 PONG}
inp.4 << 19:07:03.713 [main] INFO Env - @{4 PONG}
out.1 >> lock
out.3 >> lock
out.5 >> lock
out.4 >> lock
out.2 >> lock
inp.5 << 19:07:03.713 [main] INFO Env - @{5 LOCKED}
inp.1 << 19:07:03.713 [main] INFO Env - @{1 SEND 2} Message(Ask)
inp.3 << 19:07:03.713 [main] INFO Env - @{3 SEND 4} Message(Ask)
inp.1 << 19:07:03.713 [main] INFO Env - @{1 SEND 3} Message(Ask)
out.5 >> unlock
inp.1 << 19:07:03.713 [main] INFO Env - @{1 SEND 4} Message(Ask)
inp.1 << 19:07:03.713 [main] INFO Env - @{1 SEND 5} Message(Ask)
inp.5 << 19:07:03.713 [main] INFO Env - @{5 RCVD 1} Message(Ask)
inp.3 << 19:07:03.713 [main] INFO Env - @{3 SEND 5} Message(Ask)
inp.5 << 19:07:03.713 [main] INFO Env - @{5 UNLOCKED}
inp.5 << 19:07:03.713 [main] INFO Env - @{5 SEND 1} Message(Share)
inp.2 << 19:07:03.713 [main] INFO Env - @{2 SEND 3} Message(Ask)
inp.4 << 19:07:03.713 [main] INFO Env - @{4 SEND 5} Message(Ask)
inp.2 << 19:07:03.713 [main] INFO Env - @{2 SEND 4} Message(Ask)
inp.3 << 19:07:03.713 [main] INFO Env - @{3 RCVD 1} Message(Ask)
inp.5 << 19:07:03.714 [main] INFO Env - @{5 RCVD 3} Message(Ask)
inp.5 << 19:07:03.714 [main] INFO Env - @{5 SEND 3} Message(Share)
inp.4 << 19:07:03.714 [main] INFO Env - @{4 RCVD 3} Message(Ask)
inp.4 << 19:07:03.714 [main] INFO Env - @{4 SEND 3} Message(Share)
inp.4 << 19:07:03.714 [main] INFO Env - @{4 SEND 3} Message(Ask)
inp.5 << 19:07:03.714 [main] INFO Env - @{5 RCVD 4} Message(Ask)
inp.5 << 19:07:03.714 [main] INFO Env - @{5 SEND 4} Message(Share)
inp.4 << 19:07:03.714 [main] INFO Env - @{4 RCVD 1} Message(Ask)
inp.4 << 19:07:03.714 [main] INFO Env - @{4 SEND 1} Message(Share)
inp.4 << 19:07:03.714 [main] INFO Env - @{4 SEND 1} Message(Ask)
inp.3 << 19:07:03.714 [main] INFO Env - @{3 SEND 1} Message(Share)
inp.2 << 19:07:03.714 [main] INFO Env - @{2 SEND 5} Message(Ask)
inp.5 << 19:07:03.714 [main] INFO Env - @{5 RCVD 2} Message(Ask)
inp.5 << 19:07:03.714 [main] INFO Env - @{5 SEND 2} Message(Share)
inp.3 << 19:07:03.714 [main] INFO Env - @{3 SEND 1} Message(Ask)
inp.2 << 19:07:03.714 [main] INFO Env - @{2 RCVD 1} Message(Ask)
inp.4 << 19:07:03.714 [main] INFO Env - @{4 RCVD 2} Message(Ask)
inp.2 << 19:07:03.714 [main] INFO Env - @{2 SEND 1} Message(Share)
inp.4 << 19:07:03.714 [main] INFO Env - @{4 SEND 2} Message(Share)
inp.2 << 19:07:03.714 [main] INFO Env - @{2 SEND 1} Message(Ask)
inp.4 << 19:07:03.714 [main] INFO Env - @{4 SEND 2} Message(Ask)
inp.4 << 19:07:03.714 [main] INFO Env - @{4 RCVD 5} Message(Share)
inp.2 << 19:07:03.714 [main] INFO Env - @{2 RCVD 4} Message(Share)
inp.2 << 19:07:03.714 [main] INFO Env - @{2 RCVD 5} Message(Share)
inp.3 << 19:07:03.714 [main] INFO Env - @{3 RCVD 2} Message(Ask)
inp.2 << 19:07:03.714 [main] INFO Env - @{2 RCVD 4} Message(Ask)
inp.3 << 19:07:03.714 [main] INFO Env - @{3 SEND 2} Message(Share)
inp.3 << 19:07:03.714 [main] INFO Env - @{3 SEND 2} Message(Ask)
inp.1 << 19:07:03.714 [main] INFO Env - @{1 RCVD 5} Message(Share)
inp.3 << 19:07:03.714 [main] INFO Env - @{3 RCVD 5} Message(Share)
inp.3 << 19:07:03.714 [main] INFO Env - @{3 RCVD 4} Message(Share)
inp.3 << 19:07:03.714 [main] INFO Env - @{3 RCVD 4} Message(Ask)
inp.1 << 19:07:03.714 [main] INFO Env - @{1 RCVD 4} Message(Share)
inp.2 << 19:07:03.714 [main] INFO Env - @{2 RCVD 3} Message(Share)
inp.1 << 19:07:03.714 [main] INFO Env - @{1 RCVD 3} Message(Share)
inp.1 << 19:07:03.714 [main] INFO Env - @{1 RCVD 4} Message(Ask)
inp.1 << 19:07:03.714 [main] INFO Env - @{1 RCVD 2} Message(Share)
inp.1 << 19:07:03.714 [main] INFO Env - @{1 LOCKED}
inp.2 << 19:07:03.714 [main] INFO Env - @{2 RCVD 3} Message(Ask)
inp.1 << 19:07:03.714 [main] INFO Env - @{1 RCVD 3} Message(Ask)
inp.1 << 19:07:03.714 [main] INFO Env - @{1 RCVD 2} Message(Ask)
out.1 >> unlock
inp.1 << 19:07:03.714 [main] INFO Env - @{1 UNLOCKED}
inp.1 << 19:07:03.714 [main] INFO Env - @{1 SEND 2} Message(Share)
inp.1 << 19:07:03.714 [main] INFO Env - @{1 SEND 3} Message(Share)
inp.1 << 19:07:03.714 [main] INFO Env - @{1 SEND 4} Message(Share)
inp.2 << 19:07:03.715 [main] INFO Env - @{2 RCVD 1} Message(Share)
inp.3 << 19:07:03.715 [main] INFO Env - @{3 RCVD 1} Message(Share)
inp.2 << 19:07:03.715 [main] INFO Env - @{2 LOCKED}
out.2 >> unlock
inp.4 << 19:07:03.715 [main] INFO Env - @{4 RCVD 1} Message(Share)
inp.2 << 19:07:03.715 [main] INFO Env - @{2 UNLOCKED}
inp.2 << 19:07:03.715 [main] INFO Env - @{2 SEND 3} Message(Share)
inp.2 << 19:07:03.715 [main] INFO Env - @{2 SEND 4} Message(Share)
inp.3 << 19:07:03.715 [main] INFO Env - @{3 RCVD 2} Message(Share)
inp.4 << 19:07:03.715 [main] INFO Env - @{4 RCVD 2} Message(Share)
inp.3 << 19:07:03.715 [main] INFO Env - @{3 LOCKED}
out.3 >> unlock
inp.3 << 19:07:03.715 [main] INFO Env - @{3 UNLOCKED}
inp.3 << 19:07:03.715 [main] INFO Env - @{3 SEND 4} Message(Share)
inp.4 << 19:07:03.715 [main] INFO Env - @{4 RCVD 3} Message(Share)
inp.4 << 19:07:03.715 [main] INFO Env - @{4 LOCKED}
out.4 >> unlock
inp.4 << 19:07:03.715 [main] INFO Env - @{4 UNLOCKED}
out.1 >> ping
out.2 >> ping
out.3 >> ping
out.4 >> ping
out.5 >> ping
inp.5 << 19:07:03.716 [main] INFO Env - @{5 PONG}
inp.1 << 19:07:03.716 [main] INFO Env - @{1 PONG}
inp.3 << 19:07:03.716 [main] INFO Env - @{3 PONG}
inp.2 << 19:07:03.716 [main] INFO Env - @{2 PONG}
inp.4 << 19:07:03.716 [main] INFO Env - @{4 PONG}
out.3 >> lock
inp.3 << 19:07:03.717 [main] INFO Env - @{3 SEND 4} Message(Ask)
inp.4 << 19:07:03.736 [main] INFO Env - @{4 RCVD 3} Message(Ask)
inp.4 << 19:07:03.736 [main] INFO Env - @{4 SEND 3} Message(Share)
inp.3 << 19:07:03.736 [main] INFO Env - @{3 RCVD 4} Message(Share)
inp.3 << 19:07:03.736 [main] INFO Env - @{3 LOCKED}
out.3 >> unlock
inp.3 << 19:07:03.737 [main] INFO Env - @{3 UNLOCKED}
out.1 >> ping
out.2 >> ping
out.3 >> ping
out.4 >> ping
out.5 >> ping
inp.5 << 19:07:03.737 [main] INFO Env - @{5 PONG}
inp.3 << 19:07:03.737 [main] INFO Env - @{3 PONG}
inp.1 << 19:07:03.737 [main] INFO Env - @{1 PONG}
inp.2 << 19:07:03.739 [main] INFO Env - @{2 PONG}
inp.4 << 19:07:03.739 [main] INFO Env - @{4 PONG}
out.3 >> lock
inp.3 << 19:07:03.740 [main] INFO Env - @{3 LOCKED}
out.3 >> unlock
inp.3 << 19:07:03.740 [main] INFO Env - @{3 UNLOCKED}
out.1 >> ping
out.2 >> ping
out.3 >> ping
out.4 >> ping
out.5 >> ping
inp.5 << 19:07:03.740 [main] INFO Env - @{5 PONG}
inp.1 << 19:07:03.740 [main] INFO Env - @{1 PONG}
inp.3 << 19:07:03.741 [main] INFO Env - @{3 PONG}
inp.2 << 19:07:03.744 [main] INFO Env - @{2 PONG}
inp.4 << 19:07:03.744 [main] INFO Env - @{4 PONG}
out.3 >> lock
inp.3 << 19:07:03.744 [main] INFO Env - @{3 LOCKED}
out.3 >> unlock
inp.3 << 19:07:03.745 [main] INFO Env - @{3 UNLOCKED}
out.1 >> ping
out.2 >> ping
out.3 >> ping
out.4 >> ping
out.5 >> ping
inp.5 << 19:07:03.745 [main] INFO Env - @{5 PONG}
inp.1 << 19:07:03.745 [main] INFO Env - @{1 PONG}
inp.3 << 19:07:03.745 [main] INFO Env - @{3 PONG}
inp.2 << 19:07:03.745 [main] INFO Env - @{2 PONG}
inp.4 << 19:07:03.745 [main] INFO Env - @{4 PONG}
out.3 >> lock
out.5 >> lock
inp.5 << 19:07:03.746 [main] INFO Env - @{5 SEND 1} Message(Ask)
inp.5 << 19:07:03.746 [main] INFO Env - @{5 SEND 2} Message(Ask)
inp.5 << 19:07:03.746 [main] INFO Env - @{5 SEND 3} Message(Ask)
inp.5 << 19:07:03.746 [main] INFO Env - @{5 SEND 4} Message(Ask)
inp.3 << 19:07:03.746 [main] INFO Env - @{3 LOCKED}
inp.3 << 19:07:03.746 [main] INFO Env - @{3 RCVD 5} Message(Ask)
inp.1 << 19:07:03.746 [main] INFO Env - @{1 RCVD 5} Message(Ask)
inp.1 << 19:07:03.746 [main] INFO Env - @{1 SEND 5} Message(Share)
out.3 >> unlock
inp.5 << 19:07:03.747 [main] INFO Env - @{5 RCVD 1} Message(Share)
inp.3 << 19:07:03.747 [main] INFO Env - @{3 UNLOCKED}
inp.3 << 19:07:03.747 [main] INFO Env - @{3 SEND 5} Message(Share)
inp.5 << 19:07:03.747 [main] INFO Env - @{5 RCVD 3} Message(Share)
inp.2 << 19:07:03.747 [main] INFO Env - @{2 RCVD 5} Message(Ask)
inp.2 << 19:07:03.747 [main] INFO Env - @{2 SEND 5} Message(Share)
inp.5 << 19:07:03.748 [main] INFO Env - @{5 RCVD 2} Message(Share)
inp.4 << 19:07:03.748 [main] INFO Env - @{4 RCVD 5} Message(Ask)
inp.4 << 19:07:03.748 [main] INFO Env - @{4 SEND 5} Message(Share)
inp.5 << 19:07:03.748 [main] INFO Env - @{5 RCVD 4} Message(Share)
inp.5 << 19:07:03.748 [main] INFO Env - @{5 LOCKED}
out.5 >> unlock
inp.5 << 19:07:03.748 [main] INFO Env - @{5 UNLOCKED}
out.1 >> ping
out.2 >> ping
out.3 >> ping
out.4 >> ping
out.5 >> ping
inp.5 << 19:07:03.748 [main] INFO Env - @{5 PONG}
inp.1 << 19:07:03.749 [main] INFO Env - @{1 PONG}
inp.3 << 19:07:03.749 [main] INFO Env - @{3 PONG}
inp.4 << 19:07:03.749 [main] INFO Env - @{4 PONG}
inp.2 << 19:07:03.750 [main] INFO Env - @{2 PONG}
out.3 >> lock
out.5 >> lock
inp.5 << 19:07:03.750 [main] INFO Env - @{5 LOCKED}
inp.3 << 19:07:03.750 [main] INFO Env - @{3 SEND 5} Message(Ask)
out.5 >> unlock
inp.5 << 19:07:03.750 [main] INFO Env - @{5 RCVD 3} Message(Ask)
inp.5 << 19:07:03.750 [main] INFO Env - @{5 UNLOCKED}
inp.5 << 19:07:03.750 [main] INFO Env - @{5 SEND 3} Message(Share)
inp.3 << 19:07:03.751 [main] INFO Env - @{3 RCVD 5} Message(Share)
inp.3 << 19:07:03.751 [main] INFO Env - @{3 LOCKED}
out.3 >> unlock
inp.3 << 19:07:03.751 [main] INFO Env - @{3 UNLOCKED}
out.1 >> ping
out.2 >> ping
out.3 >> ping
out.4 >> ping
out.5 >> ping
inp.5 << 19:07:03.751 [main] INFO Env - @{5 PONG}
inp.1 << 19:07:03.751 [main] INFO Env - @{1 PONG}
inp.3 << 19:07:03.751 [main] INFO Env - @{3 PONG}
inp.2 << 19:07:03.752 [main] INFO Env - @{2 PONG}
inp.4 << 19:07:03.752 [main] INFO Env - @{4 PONG}
out.3 >> lock
out.5 >> lock
inp.3 << 19:07:03.752 [main] INFO Env - @{3 LOCKED}
out.3 >> unlock
inp.5 << 19:07:03.752 [main] INFO Env - @{5 SEND 3} Message(Ask)
inp.3 << 19:07:03.753 [main] INFO Env - @{3 UNLOCKED}
inp.3 << 19:07:03.753 [main] INFO Env - @{3 RCVD 5} Message(Ask)
inp.3 << 19:07:03.753 [main] INFO Env - @{3 SEND 5} Message(Share)
inp.5 << 19:07:03.754 [main] INFO Env - @{5 RCVD 3} Message(Share)
inp.5 << 19:07:03.754 [main] INFO Env - @{5 LOCKED}
out.5 >> unlock
inp.5 << 19:07:03.755 [main] INFO Env - @{5 UNLOCKED}
out.1 >> ping
out.2 >> ping
out.3 >> ping
out.4 >> ping
out.5 >> ping
inp.5 << 19:07:03.756 [main] INFO Env - @{5 PONG}
inp.1 << 19:07:03.756 [main] INFO Env - @{1 PONG}
inp.3 << 19:07:03.757 [main] INFO Env - @{3 PONG}
inp.2 << 19:07:03.757 [main] INFO Env - @{2 PONG}
inp.4 << 19:07:03.758 [main] INFO Env - @{4 PONG}
out.1 >> ping
out.2 >> ping
out.3 >> ping
out.4 >> ping
out.5 >> ping
inp.5 << 19:07:03.759 [main] INFO Env - @{5 PONG}
inp.3 << 19:07:03.759 [main] INFO Env - @{3 PONG}
inp.1 << 19:07:03.759 [main] INFO Env - @{1 PONG}
inp.2 << 19:07:03.760 [main] INFO Env - @{2 PONG}
inp.4 << 19:07:03.761 [main] INFO Env - @{4 PONG}
out.1 >> lock
inp.1 << 19:07:03.761 [main] INFO Env - @{1 SEND 2} Message(Ask)
inp.1 << 19:07:03.761 [main] INFO Env - @{1 SEND 3} Message(Ask)
inp.1 << 19:07:03.761 [main] INFO Env - @{1 SEND 4} Message(Ask)
inp.1 << 19:07:03.761 [main] INFO Env - @{1 SEND 5} Message(Ask)
inp.3 << 19:07:03.761 [main] INFO Env - @{3 RCVD 1} Message(Ask)
inp.3 << 19:07:03.762 [main] INFO Env - @{3 SEND 1} Message(Share)
inp.5 << 19:07:03.762 [main] INFO Env - @{5 RCVD 1} Message(Ask)
inp.5 << 19:07:03.762 [main] INFO Env - @{5 SEND 1} Message(Share)
inp.1 << 19:07:03.762 [main] INFO Env - @{1 RCVD 3} Message(Share)
inp.1 << 19:07:03.762 [main] INFO Env - @{1 RCVD 5} Message(Share)
inp.2 << 19:07:03.762 [main] INFO Env - @{2 RCVD 1} Message(Ask)
inp.2 << 19:07:03.762 [main] INFO Env - @{2 SEND 1} Message(Share)
inp.1 << 19:07:03.762 [main] INFO Env - @{1 RCVD 2} Message(Share)
inp.4 << 19:07:03.763 [main] INFO Env - @{4 RCVD 1} Message(Ask)
inp.4 << 19:07:03.763 [main] INFO Env - @{4 SEND 1} Message(Share)
inp.1 << 19:07:03.763 [main] INFO Env - @{1 RCVD 4} Message(Share)
inp.1 << 19:07:03.763 [main] INFO Env - @{1 LOCKED}
out.1 >> unlock
inp.1 << 19:07:03.763 [main] INFO Env - @{1 UNLOCKED}
out.1 >> ping
out.2 >> ping
out.3 >> ping
out.4 >> ping
out.5 >> ping
inp.5 << 19:07:03.763 [main] INFO Env - @{5 PONG}
inp.1 << 19:07:03.763 [main] INFO Env - @{1 PONG}
inp.3 << 19:07:03.764 [main] INFO Env - @{3 PONG}
inp.4 << 19:07:03.764 [main] INFO Env - @{4 PONG}
inp.2 << 19:07:03.765 [main] INFO Env - @{2 PONG}
out.2 >> lock
inp.2 << 19:07:03.766 [main] INFO Env - @{2 SEND 1} Message(Ask)
inp.2 << 19:07:03.766 [main] INFO Env - @{2 SEND 3} Message(Ask)
inp.1 << 19:07:03.766 [main] INFO Env - @{1 RCVD 2} Message(Ask)
inp.1 << 19:07:03.766 [main] INFO Env - @{1 SEND 2} Message(Share)
inp.3 << 19:07:03.766 [main] INFO Env - @{3 RCVD 2} Message(Ask)
inp.3 << 19:07:03.766 [main] INFO Env - @{3 SEND 2} Message(Share)
inp.2 << 19:07:03.766 [main] INFO Env - @{2 SEND 4} Message(Ask)
inp.2 << 19:07:03.766 [main] INFO Env - @{2 SEND 5} Message(Ask)
inp.5 << 19:07:03.766 [main] INFO Env - @{5 RCVD 2} Message(Ask)
inp.5 << 19:07:03.767 [main] INFO Env - @{5 SEND 2} Message(Share)
inp.2 << 19:07:03.766 [main] INFO Env - @{2 RCVD 1} Message(Share)
inp.2 << 19:07:03.767 [main] INFO Env - @{2 RCVD 3} Message(Share)
inp.4 << 19:07:03.767 [main] INFO Env - @{4 RCVD 2} Message(Ask)
inp.4 << 19:07:03.767 [main] INFO Env - @{4 SEND 2} Message(Share)
inp.2 << 19:07:03.767 [main] INFO Env - @{2 RCVD 5} Message(Share)
inp.2 << 19:07:03.767 [main] INFO Env - @{2 RCVD 4} Message(Share)
inp.2 << 19:07:03.767 [main] INFO Env - @{2 LOCKED}
out.2 >> unlock
inp.2 << 19:07:03.769 [main] INFO Env - @{2 UNLOCKED}
out.1 >> ping
out.2 >> ping
out.3 >> ping
out.4 >> ping
out.5 >> ping
inp.5 << 19:07:03.772 [main] INFO Env - @{5 PONG}
inp.3 << 19:07:03.772 [main] INFO Env - @{3 PONG}
inp.1 << 19:07:03.772 [main] INFO Env - @{1 PONG}
inp.2 << 19:07:03.776 [main] INFO Env - @{2 PONG}
inp.4 << 19:07:03.776 [main] INFO Env - @{4 PONG}
out.3 >> lock
inp.3 << 19:07:03.776 [main] INFO Env - @{3 SEND 1} Message(Ask)
inp.3 << 19:07:03.777 [main] INFO Env - @{3 SEND 2} Message(Ask)
inp.3 << 19:07:03.777 [main] INFO Env - @{3 SEND 5} Message(Ask)
inp.1 << 19:07:03.777 [main] INFO Env - @{1 RCVD 3} Message(Ask)
inp.1 << 19:07:03.777 [main] INFO Env - @{1 SEND 3} Message(Share)
inp.5 << 19:07:03.777 [main] INFO Env - @{5 RCVD 3} Message(Ask)
inp.5 << 19:07:03.777 [main] INFO Env - @{5 SEND 3} Message(Share)
inp.3 << 19:07:03.778 [main] INFO Env - @{3 RCVD 1} Message(Share)
inp.3 << 19:07:03.778 [main] INFO Env - @{3 RCVD 5} Message(Share)
inp.2 << 19:07:03.778 [main] INFO Env - @{2 RCVD 3} Message(Ask)
inp.2 << 19:07:03.778 [main] INFO Env - @{2 SEND 3} Message(Share)
inp.3 << 19:07:03.778 [main] INFO Env - @{3 RCVD 2} Message(Share)
inp.3 << 19:07:03.778 [main] INFO Env - @{3 LOCKED}
out.3 >> unlock
inp.3 << 19:07:03.778 [main] INFO Env - @{3 UNLOCKED}
out.1 >> ping
out.2 >> ping
out.3 >> ping
out.4 >> ping
out.5 >> ping
inp.5 << 19:07:03.778 [main] INFO Env - @{5 PONG}
inp.1 << 19:07:03.778 [main] INFO Env - @{1 PONG}
inp.3 << 19:07:03.778 [main] INFO Env - @{3 PONG}
inp.2 << 19:07:03.779 [main] INFO Env - @{2 PONG}
inp.4 << 19:07:03.779 [main] INFO Env - @{4 PONG}
out.4 >> lock
inp.4 << 19:07:03.779 [main] INFO Env - @{4 SEND 1} Message(Ask)
inp.4 << 19:07:03.779 [main] INFO Env - @{4 SEND 2} Message(Ask)
inp.1 << 19:07:03.779 [main] INFO Env - @{1 RCVD 4} Message(Ask)
inp.3 << 19:07:03.780 [main] INFO Env - @{3 RCVD 4} Message(Ask)
inp.5 << 19:07:03.780 [main] INFO Env - @{5 RCVD 4} Message(Ask)
inp.2 << 19:07:03.780 [main] INFO Env - @{2 RCVD 4} Message(Ask)
inp.4 << 19:07:03.779 [main] INFO Env - @{4 SEND 3} Message(Ask)
inp.4 << 19:07:03.779 [main] INFO Env - @{4 SEND 5} Message(Ask)
inp.4 << 19:07:03.780 [main] INFO Env - @{4 RCVD 1} Message(Share)
inp.4 << 19:07:03.781 [main] INFO Env - @{4 RCVD 5} Message(Share)
inp.4 << 19:07:03.781 [main] INFO Env - @{4 RCVD 3} Message(Share)
inp.4 << 19:07:03.781 [main] INFO Env - @{4 RCVD 2} Message(Share)
inp.4 << 19:07:03.781 [main] INFO Env - @{4 LOCKED}
inp.1 << 19:07:03.779 [main] INFO Env - @{1 SEND 4} Message(Share)
inp.3 << 19:07:03.780 [main] INFO Env - @{3 SEND 4} Message(Share)
inp.5 << 19:07:03.780 [main] INFO Env - @{5 SEND 4} Message(Share)
inp.2 << 19:07:03.781 [main] INFO Env - @{2 SEND 4} Message(Share)
out.4 >> unlock
inp.4 << 19:07:03.782 [main] INFO Env - @{4 UNLOCKED}
out.1 >> ping
out.2 >> ping
out.3 >> ping
out.4 >> ping
out.5 >> ping
inp.1 << 19:07:03.782 [main] INFO Env - @{1 PONG}
inp.3 << 19:07:03.782 [main] INFO Env - @{3 PONG}
inp.5 << 19:07:03.782 [main] INFO Env - @{5 PONG}
inp.4 << 19:07:03.782 [main] INFO Env - @{4 PONG}
inp.2 << 19:07:03.782 [main] INFO Env - @{2 PONG}
out.5 >> lock
inp.5 << 19:07:03.782 [main] INFO Env - @{5 SEND 1} Message(Ask)
inp.5 << 19:07:03.782 [main] INFO Env - @{5 SEND 2} Message(Ask)
inp.5 << 19:07:03.782 [main] INFO Env - @{5 SEND 3} Message(Ask)
inp.1 << 19:07:03.782 [main] INFO Env - @{1 RCVD 5} Message(Ask)
inp.1 << 19:07:03.782 [main] INFO Env - @{1 SEND 5} Message(Share)
inp.5 << 19:07:03.783 [main] INFO Env - @{5 SEND 4} Message(Ask)
inp.5 << 19:07:03.783 [main] INFO Env - @{5 RCVD 1} Message(Share)
inp.3 << 19:07:03.783 [main] INFO Env - @{3 RCVD 5} Message(Ask)
inp.3 << 19:07:03.783 [main] INFO Env - @{3 SEND 5} Message(Share)
inp.5 << 19:07:03.783 [main] INFO Env - @{5 RCVD 3} Message(Share)
inp.2 << 19:07:03.783 [main] INFO Env - @{2 RCVD 5} Message(Ask)
inp.2 << 19:07:03.783 [main] INFO Env - @{2 SEND 5} Message(Share)
inp.4 << 19:07:03.783 [main] INFO Env - @{4 RCVD 5} Message(Ask)
inp.4 << 19:07:03.783 [main] INFO Env - @{4 SEND 5} Message(Share)
inp.5 << 19:07:03.783 [main] INFO Env - @{5 RCVD 2} Message(Share)
inp.5 << 19:07:03.783 [main] INFO Env - @{5 RCVD 4} Message(Share)
inp.5 << 19:07:03.783 [main] INFO Env - @{5 LOCKED}
out.5 >> unlock
inp.5 << 19:07:03.783 [main] INFO Env - @{5 UNLOCKED}
out.1 >> ping
out.2 >> ping
out.3 >> ping
out.4 >> ping
out.5 >> ping
inp.5 << 19:07:03.784 [main] INFO Env - @{5 PONG}
inp.1 << 19:07:03.784 [main] INFO Env - @{1 PONG}
inp.3 << 19:07:03.784 [main] INFO Env - @{3 PONG}
inp.2 << 19:07:03.784 [main] INFO Env - @{2 PONG}
inp.4 << 19:07:03.784 [main] INFO Env - @{4 PONG}
out.3 >> lock
out.5 >> lock
out.4 >> lock
out.2 >> lock
out.1 >> lock
inp.5 << 19:07:03.784 [main] INFO Env - @{5 LOCKED}
inp.3 << 19:07:03.784 [main] INFO Env - @{3 SEND 4} Message(Ask)
out.5 >> unlock
inp.3 << 19:07:03.785 [main] INFO Env - @{3 SEND 5} Message(Ask)
inp.1 << 19:07:03.785 [main] INFO Env - @{1 SEND 2} Message(Ask)
inp.1 << 19:07:03.785 [main] INFO Env - @{1 SEND 3} Message(Ask)
inp.1 << 19:07:03.785 [main] INFO Env - @{1 SEND 4} Message(Ask)
inp.1 << 19:07:03.785 [main] INFO Env - @{1 SEND 5} Message(Ask)
inp.5 << 19:07:03.785 [main] INFO Env - @{5 UNLOCKED}
inp.3 << 19:07:03.785 [main] INFO Env - @{3 RCVD 1} Message(Ask)
inp.5 << 19:07:03.785 [main] INFO Env - @{5 RCVD 3} Message(Ask)
inp.3 << 19:07:03.785 [main] INFO Env - @{3 SEND 1} Message(Share)
inp.5 << 19:07:03.785 [main] INFO Env - @{5 SEND 3} Message(Share)
inp.5 << 19:07:03.785 [main] INFO Env - @{5 RCVD 1} Message(Ask)
inp.5 << 19:07:03.785 [main] INFO Env - @{5 SEND 1} Message(Share)
inp.3 << 19:07:03.785 [main] INFO Env - @{3 SEND 1} Message(Ask)
inp.3 << 19:07:03.785 [main] INFO Env - @{3 RCVD 5} Message(Share)
inp.1 << 19:07:03.785 [main] INFO Env - @{1 RCVD 3} Message(Share)
inp.1 << 19:07:03.785 [main] INFO Env - @{1 RCVD 5} Message(Share)
inp.1 << 19:07:03.785 [main] INFO Env - @{1 RCVD 3} Message(Ask)
inp.4 << 19:07:03.785 [main] INFO Env - @{4 SEND 5} Message(Ask)
inp.2 << 19:07:03.785 [main] INFO Env - @{2 SEND 3} Message(Ask)
inp.2 << 19:07:03.785 [main] INFO Env - @{2 SEND 4} Message(Ask)
inp.2 << 19:07:03.785 [main] INFO Env - @{2 SEND 5} Message(Ask)
inp.2 << 19:07:03.785 [main] INFO Env - @{2 RCVD 1} Message(Ask)
inp.2 << 19:07:03.786 [main] INFO Env - @{2 SEND 1} Message(Share)
inp.2 << 19:07:03.786 [main] INFO Env - @{2 SEND 1} Message(Ask)
inp.5 << 19:07:03.786 [main] INFO Env - @{5 RCVD 4} Message(Ask)
inp.3 << 19:07:03.786 [main] INFO Env - @{3 RCVD 2} Message(Ask)
inp.5 << 19:07:03.786 [main] INFO Env - @{5 SEND 4} Message(Share)
inp.5 << 19:07:03.786 [main] INFO Env - @{5 RCVD 2} Message(Ask)
inp.1 << 19:07:03.786 [main] INFO Env - @{1 RCVD 2} Message(Share)
inp.1 << 19:07:03.786 [main] INFO Env - @{1 RCVD 2} Message(Ask)
inp.5 << 19:07:03.786 [main] INFO Env - @{5 SEND 2} Message(Share)
inp.3 << 19:07:03.786 [main] INFO Env - @{3 SEND 2} Message(Share)
inp.3 << 19:07:03.786 [main] INFO Env - @{3 SEND 2} Message(Ask)
inp.4 << 19:07:03.786 [main] INFO Env - @{4 RCVD 3} Message(Ask)
inp.4 << 19:07:03.786 [main] INFO Env - @{4 SEND 3} Message(Share)
inp.2 << 19:07:03.786 [main] INFO Env - @{2 RCVD 3} Message(Share)
inp.2 << 19:07:03.786 [main] INFO Env - @{2 RCVD 5} Message(Share)
inp.2 << 19:07:03.786 [main] INFO Env - @{2 RCVD 3} Message(Ask)
inp.4 << 19:07:03.786 [main] INFO Env - @{4 SEND 3} Message(Ask)
inp.3 << 19:07:03.786 [main] INFO Env - @{3 RCVD 4} Message(Share)
inp.3 << 19:07:03.786 [main] INFO Env - @{3 RCVD 4} Message(Ask)
inp.4 << 19:07:03.786 [main] INFO Env - @{4 RCVD 1} Message(Ask)
inp.4 << 19:07:03.786 [main] INFO Env - @{4 SEND 1} Message(Share)
inp.4 << 19:07:03.786 [main] INFO Env - @{4 SEND 1} Message(Ask)
inp.4 << 19:07:03.786 [main] INFO Env - @{4 RCVD 2} Message(Ask)
inp.4 << 19:07:03.786 [main] INFO Env - @{4 SEND 2} Message(Share)
inp.4 << 19:07:03.786 [main] INFO Env - @{4 SEND 2} Message(Ask)
inp.4 << 19:07:03.786 [main] INFO Env - @{4 RCVD 5} Message(Share)
inp.2 << 19:07:03.786 [main] INFO Env - @{2 RCVD 4} Message(Share)
inp.2 << 19:07:03.786 [main] INFO Env - @{2 RCVD 4} Message(Ask)
inp.1 << 19:07:03.786 [main] INFO Env - @{1 RCVD 4} Message(Share)
inp.1 << 19:07:03.786 [main] INFO Env - @{1 LOCKED}
inp.1 << 19:07:03.786 [main] INFO Env - @{1 RCVD 4} Message(Ask)
out.1 >> unlock
inp.1 << 19:07:03.787 [main] INFO Env - @{1 UNLOCKED}
inp.1 << 19:07:03.787 [main] INFO Env - @{1 SEND 2} Message(Share)
inp.1 << 19:07:03.787 [main] INFO Env - @{1 SEND 3} Message(Share)
inp.1 << 19:07:03.787 [main] INFO Env - @{1 SEND 4} Message(Share)
inp.2 << 19:07:03.787 [main] INFO Env - @{2 RCVD 1} Message(Share)
inp.3 << 19:07:03.787 [main] INFO Env - @{3 RCVD 1} Message(Share)
inp.2 << 19:07:03.787 [main] INFO Env - @{2 LOCKED}
inp.4 << 19:07:03.787 [main] INFO Env - @{4 RCVD 1} Message(Share)
out.2 >> unlock
inp.2 << 19:07:03.787 [main] INFO Env - @{2 UNLOCKED}
inp.2 << 19:07:03.787 [main] INFO Env - @{2 SEND 3} Message(Share)
inp.2 << 19:07:03.787 [main] INFO Env - @{2 SEND 4} Message(Share)
inp.3 << 19:07:03.787 [main] INFO Env - @{3 RCVD 2} Message(Share)
inp.3 << 19:07:03.787 [main] INFO Env - @{3 LOCKED}
inp.4 << 19:07:03.787 [main] INFO Env - @{4 RCVD 2} Message(Share)
out.3 >> unlock
inp.3 << 19:07:03.787 [main] INFO Env - @{3 UNLOCKED}
inp.3 << 19:07:03.788 [main] INFO Env - @{3 SEND 4} Message(Share)
inp.4 << 19:07:03.788 [main] INFO Env - @{4 RCVD 3} Message(Share)
inp.4 << 19:07:03.788 [main] INFO Env - @{4 LOCKED}
out.4 >> unlock
inp.4 << 19:07:03.788 [main] INFO Env - @{4 UNLOCKED}
out.1 >> ping
out.2 >> ping
out.3 >> ping
out.4 >> ping
out.5 >> ping
inp.5 << 19:07:03.788 [main] INFO Env - @{5 PONG}
inp.1 << 19:07:03.788 [main] INFO Env - @{1 PONG}
inp.3 << 19:07:03.788 [main] INFO Env - @{3 PONG}
inp.2 << 19:07:03.789 [main] INFO Env - @{2 PONG}
inp.4 << 19:07:03.789 [main] INFO Env - @{4 PONG}
out.4 >> lock
inp.4 << 19:07:03.789 [main] INFO Env - @{4 LOCKED}
out.4 >> unlock
inp.4 << 19:07:03.789 [main] INFO Env - @{4 UNLOCKED}
out.1 >> ping
out.2 >> ping
out.3 >> ping
out.4 >> ping
out.5 >> ping
inp.5 << 19:07:03.790 [main] INFO Env - @{5 PONG}
inp.1 << 19:07:03.790 [main] INFO Env - @{1 PONG}
inp.3 << 19:07:03.790 [main] INFO Env - @{3 PONG}
inp.2 << 19:07:03.790 [main] INFO Env - @{2 PONG}
inp.4 << 19:07:03.790 [main] INFO Env - @{4 PONG}
out.4 >> lock
inp.4 << 19:07:03.790 [main] INFO Env - @{4 LOCKED}
out.4 >> unlock
inp.4 << 19:07:03.790 [main] INFO Env - @{4 UNLOCKED}
out.1 >> ping
out.2 >> ping
out.3 >> ping
out.4 >> ping
out.5 >> ping
inp.5 << 19:07:03.791 [main] INFO Env - @{5 PONG}
inp.1 << 19:07:03.791 [main] INFO Env - @{1 PONG}
inp.3 << 19:07:03.791 [main] INFO Env - @{3 PONG}
inp.2 << 19:07:03.791 [main] INFO Env - @{2 PONG}
inp.4 << 19:07:03.791 [main] INFO Env - @{4 PONG}
out.4 >> lock
inp.4 << 19:07:03.791 [main] INFO Env - @{4 LOCKED}
out.4 >> unlock
inp.4 << 19:07:03.792 [main] INFO Env - @{4 UNLOCKED}
out.1 >> ping
out.2 >> ping
out.3 >> ping
out.4 >> ping
out.5 >> ping
inp.5 << 19:07:03.792 [main] INFO Env - @{5 PONG}
inp.1 << 19:07:03.792 [main] INFO Env - @{1 PONG}
inp.3 << 19:07:03.792 [main] INFO Env - @{3 PONG}
inp.4 << 19:07:03.792 [main] INFO Env - @{4 PONG}
inp.2 << 19:07:03.792 [main] INFO Env - @{2 PONG}
out.4 >> lock
out.3 >> lock
inp.3 << 19:07:03.792 [main] INFO Env - @{3 SEND 4} Message(Ask)
inp.4 << 19:07:03.793 [main] INFO Env - @{4 LOCKED}
inp.4 << 19:07:03.793 [main] INFO Env - @{4 RCVD 3} Message(Ask)
out.4 >> unlock
inp.4 << 19:07:03.793 [main] INFO Env - @{4 UNLOCKED}
inp.4 << 19:07:03.793 [main] INFO Env - @{4 SEND 3} Message(Share)
inp.3 << 19:07:03.793 [main] INFO Env - @{3 RCVD 4} Message(Share)
inp.3 << 19:07:03.793 [main] INFO Env - @{3 LOCKED}
out.3 >> unlock
inp.3 << 19:07:03.793 [main] INFO Env - @{3 UNLOCKED}
out.1 >> ping
out.2 >> ping
out.3 >> ping
out.4 >> ping
out.5 >> ping
inp.5 << 19:07:03.794 [main] INFO Env - @{5 PONG}
inp.1 << 19:07:03.794 [main] INFO Env - @{1 PONG}
inp.3 << 19:07:03.794 [main] INFO Env - @{3 PONG}
inp.2 << 19:07:03.794 [main] INFO Env - @{2 PONG}
inp.4 << 19:07:03.794 [main] INFO Env - @{4 PONG}
out.4 >> lock
out.3 >> lock
inp.3 << 19:07:03.794 [main] INFO Env - @{3 LOCKED}
inp.4 << 19:07:03.794 [main] INFO Env - @{4 SEND 3} Message(Ask)
out.3 >> unlock
inp.3 << 19:07:03.794 [main] INFO Env - @{3 RCVD 4} Message(Ask)
inp.3 << 19:07:03.794 [main] INFO Env - @{3 UNLOCKED}
inp.3 << 19:07:03.794 [main] INFO Env - @{3 SEND 4} Message(Share)
inp.4 << 19:07:03.795 [main] INFO Env - @{4 RCVD 3} Message(Share)
inp.4 << 19:07:03.795 [main] INFO Env - @{4 LOCKED}
out.4 >> unlock
inp.4 << 19:07:03.795 [main] INFO Env - @{4 UNLOCKED}
out.1 >> ping
out.2 >> ping
out.3 >> ping
out.4 >> ping
out.5 >> ping
inp.5 << 19:07:03.795 [main] INFO Env - @{5 PONG}
inp.1 << 19:07:03.795 [main] INFO Env - @{1 PONG}
inp.3 << 19:07:03.795 [main] INFO Env - @{3 PONG}
inp.2 << 19:07:03.796 [main] INFO Env - @{2 PONG}
inp.4 << 19:07:03.796 [main] INFO Env - @{4 PONG}
out.4 >> lock
out.3 >> lock
inp.3 << 19:07:03.796 [main] INFO Env - @{3 SEND 4} Message(Ask)
inp.4 << 19:07:03.796 [main] INFO Env - @{4 LOCKED}
inp.4 << 19:07:03.796 [main] INFO Env - @{4 RCVD 3} Message(Ask)
out.4 >> unlock
inp.4 << 19:07:03.797 [main] INFO Env - @{4 UNLOCKED}
inp.4 << 19:07:03.797 [main] INFO Env - @{4 SEND 3} Message(Share)
inp.3 << 19:07:03.797 [main] INFO Env - @{3 RCVD 4} Message(Share)
inp.3 << 19:07:03.797 [main] INFO Env - @{3 LOCKED}
out.3 >> unlock
inp.3 << 19:07:03.797 [main] INFO Env - @{3 UNLOCKED}
out.1 >> ping
out.2 >> ping
out.3 >> ping
out.4 >> ping
out.5 >> ping
inp.5 << 19:07:03.797 [main] INFO Env - @{5 PONG}
inp.1 << 19:07:03.797 [main] INFO Env - @{1 PONG}
inp.3 << 19:07:03.798 [main] INFO Env - @{3 PONG}
inp.4 << 19:07:03.798 [main] INFO Env - @{4 PONG}
inp.2 << 19:07:03.798 [main] INFO Env - @{2 PONG}
out.1 >> ping
out.2 >> ping
out.3 >> ping
out.4 >> ping
out.5 >> ping
inp.3 << 19:07:03.798 [main] INFO Env - @{3 PONG}
inp.1 << 19:07:03.798 [main] INFO Env - @{1 PONG}
inp.5 << 19:07:03.798 [main] INFO Env - @{5 PONG}
inp.2 << 19:07:03.798 [main] INFO Env - @{2 PONG}
inp.4 << 19:07:03.798 [main] INFO Env - @{4 PONG}
out.1 >> lock
inp.1 << 19:07:03.798 [main] INFO Env - @{1 SEND 2} Message(Ask)
inp.1 << 19:07:03.799 [main] INFO Env - @{1 SEND 3} Message(Ask)
inp.1 << 19:07:03.799 [main] INFO Env - @{1 SEND 4} Message(Ask)
inp.2 << 19:07:03.799 [main] INFO Env - @{2 RCVD 1} Message(Ask)
inp.3 << 19:07:03.799 [main] INFO Env - @{3 RCVD 1} Message(Ask)
inp.3 << 19:07:03.799 [main] INFO Env - @{3 SEND 1} Message(Share)
inp.2 << 19:07:03.799 [main] INFO Env - @{2 SEND 1} Message(Share)
inp.1 << 19:07:03.799 [main] INFO Env - @{1 RCVD 3} Message(Share)
inp.1 << 19:07:03.799 [main] INFO Env - @{1 RCVD 2} Message(Share)
inp.4 << 19:07:03.799 [main] INFO Env - @{4 RCVD 1} Message(Ask)
inp.4 << 19:07:03.799 [main] INFO Env - @{4 SEND 1} Message(Share)
inp.1 << 19:07:03.799 [main] INFO Env - @{1 RCVD 4} Message(Share)
inp.1 << 19:07:03.799 [main] INFO Env - @{1 LOCKED}
out.1 >> unlock
inp.1 << 19:07:03.799 [main] INFO Env - @{1 UNLOCKED}
out.1 >> ping
out.2 >> ping
out.3 >> ping
out.4 >> ping
out.5 >> ping
inp.1 << 19:07:03.799 [main] INFO Env - @{1 PONG}
inp.5 << 19:07:03.799 [main] INFO Env - @{5 PONG}
inp.3 << 19:07:03.800 [main] INFO Env - @{3 PONG}
inp.4 << 19:07:03.800 [main] INFO Env - @{4 PONG}
inp.2 << 19:07:03.800 [main] INFO Env - @{2 PONG}
out.2 >> lock
inp.2 << 19:07:03.800 [main] INFO Env - @{2 SEND 1} Message(Ask)
inp.2 << 19:07:03.800 [main] INFO Env - @{2 SEND 3} Message(Ask)
inp.3 << 19:07:03.800 [main] INFO Env - @{3 RCVD 2} Message(Ask)
inp.3 << 19:07:03.800 [main] INFO Env - @{3 SEND 2} Message(Share)
inp.1 << 19:07:03.800 [main] INFO Env - @{1 RCVD 2} Message(Ask)
inp.1 << 19:07:03.800 [main] INFO Env - @{1 SEND 2} Message(Share)
inp.2 << 19:07:03.800 [main] INFO Env - @{2 SEND 4} Message(Ask)
inp.2 << 19:07:03.800 [main] INFO Env - @{2 RCVD 1} Message(Share)
inp.2 << 19:07:03.800 [main] INFO Env - @{2 RCVD 3} Message(Share)
inp.4 << 19:07:03.801 [main] INFO Env - @{4 RCVD 2} Message(Ask)
inp.4 << 19:07:03.801 [main] INFO Env - @{4 SEND 2} Message(Share)
inp.2 << 19:07:03.801 [main] INFO Env - @{2 RCVD 4} Message(Share)
inp.2 << 19:07:03.801 [main] INFO Env - @{2 LOCKED}
out.2 >> unlock
inp.2 << 19:07:03.801 [main] INFO Env - @{2 UNLOCKED}
out.1 >> ping
out.2 >> ping
out.3 >> ping
out.4 >> ping
out.5 >> ping
inp.5 << 19:07:03.801 [main] INFO Env - @{5 PONG}
inp.1 << 19:07:03.801 [main] INFO Env - @{1 PONG}
inp.3 << 19:07:03.801 [main] INFO Env - @{3 PONG}
inp.2 << 19:07:03.802 [main] INFO Env - @{2 PONG}
inp.4 << 19:07:03.802 [main] INFO Env - @{4 PONG}
out.3 >> lock
inp.3 << 19:07:03.802 [main] INFO Env - @{3 SEND 1} Message(Ask)
inp.3 << 19:07:03.802 [main] INFO Env - @{3 SEND 2} Message(Ask)
inp.1 << 19:07:03.802 [main] INFO Env - @{1 RCVD 3} Message(Ask)
inp.1 << 19:07:03.802 [main] INFO Env - @{1 SEND 3} Message(Share)
inp.3 << 19:07:03.802 [main] INFO Env - @{3 RCVD 1} Message(Share)
inp.2 << 19:07:03.802 [main] INFO Env - @{2 RCVD 3} Message(Ask)
inp.2 << 19:07:03.802 [main] INFO Env - @{2 SEND 3} Message(Share)
inp.3 << 19:07:03.802 [main] INFO Env - @{3 RCVD 2} Message(Share)
inp.3 << 19:07:03.802 [main] INFO Env - @{3 LOCKED}
out.3 >> unlock
inp.3 << 19:07:03.803 [main] INFO Env - @{3 UNLOCKED}
out.1 >> ping
out.2 >> ping
out.3 >> ping
out.4 >> ping
out.5 >> ping
inp.5 << 19:07:03.803 [main] INFO Env - @{5 PONG}
inp.1 << 19:07:03.803 [main] INFO Env - @{1 PONG}
inp.3 << 19:07:03.803 [main] INFO Env - @{3 PONG}
inp.2 << 19:07:03.803 [main] INFO Env - @{2 PONG}
inp.4 << 19:07:03.804 [main] INFO Env - @{4 PONG}
out.4 >> lock
inp.4 << 19:07:03.804 [main] INFO Env - @{4 SEND 1} Message(Ask)
inp.4 << 19:07:03.804 [main] INFO Env - @{4 SEND 2} Message(Ask)
inp.1 << 19:07:03.804 [main] INFO Env - @{1 RCVD 4} Message(Ask)
inp.4 << 19:07:03.804 [main] INFO Env - @{4 SEND 3} Message(Ask)
inp.1 << 19:07:03.804 [main] INFO Env - @{1 SEND 4} Message(Share)
inp.4 << 19:07:03.804 [main] INFO Env - @{4 RCVD 1} Message(Share)
inp.3 << 19:07:03.804 [main] INFO Env - @{3 RCVD 4} Message(Ask)
inp.3 << 19:07:03.804 [main] INFO Env - @{3 SEND 4} Message(Share)
inp.2 << 19:07:03.805 [main] INFO Env - @{2 RCVD 4} Message(Ask)
inp.2 << 19:07:03.805 [main] INFO Env - @{2 SEND 4} Message(Share)
inp.4 << 19:07:03.805 [main] INFO Env - @{4 RCVD 3} Message(Share)
inp.4 << 19:07:03.805 [main] INFO Env - @{4 RCVD 2} Message(Share)
inp.4 << 19:07:03.805 [main] INFO Env - @{4 LOCKED}
out.4 >> unlock
inp.4 << 19:07:03.805 [main] INFO Env - @{4 UNLOCKED}
out.1 >> ping
out.2 >> ping
out.3 >> ping
out.4 >> ping
out.5 >> ping
inp.5 << 19:07:03.805 [main] INFO Env - @{5 PONG}
inp.1 << 19:07:03.805 [main] INFO Env - @{1 PONG}
inp.3 << 19:07:03.805 [main] INFO Env - @{3 PONG}
inp.2 << 19:07:03.806 [main] INFO Env - @{2 PONG}
inp.4 << 19:07:03.806 [main] INFO Env - @{4 PONG}
out.5 >> lock
inp.5 << 19:07:03.806 [main] INFO Env - @{5 SEND 1} Message(Ask)
inp.5 << 19:07:03.806 [main] INFO Env - @{5 SEND 2} Message(Ask)
inp.5 << 19:07:03.806 [main] INFO Env - @{5 SEND 3} Message(Ask)
inp.5 << 19:07:03.806 [main] INFO Env - @{5 SEND 4} Message(Ask)
inp.1 << 19:07:03.806 [main] INFO Env - @{1 RCVD 5} Message(Ask)
inp.1 << 19:07:03.806 [main] INFO Env - @{1 SEND 5} Message(Share)
inp.3 << 19:07:03.806 [main] INFO Env - @{3 RCVD 5} Message(Ask)
inp.3 << 19:07:03.806 [main] INFO Env - @{3 SEND 5} Message(Share)
inp.5 << 19:07:03.806 [main] INFO Env - @{5 RCVD 1} Message(Share)
inp.5 << 19:07:03.807 [main] INFO Env - @{5 RCVD 3} Message(Share)
inp.2 << 19:07:03.807 [main] INFO Env - @{2 RCVD 5} Message(Ask)
inp.2 << 19:07:03.807 [main] INFO Env - @{2 SEND 5} Message(Share)
inp.4 << 19:07:03.807 [main] INFO Env - @{4 RCVD 5} Message(Ask)
inp.4 << 19:07:03.807 [main] INFO Env - @{4 SEND 5} Message(Share)
inp.5 << 19:07:03.807 [main] INFO Env - @{5 RCVD 2} Message(Share)
inp.5 << 19:07:03.807 [main] INFO Env - @{5 RCVD 4} Message(Share)
inp.5 << 19:07:03.807 [main] INFO Env - @{5 LOCKED}
out.5 >> unlock
inp.5 << 19:07:03.807 [main] INFO Env - @{5 UNLOCKED}
out.1 >> ping
out.2 >> ping
out.3 >> ping
out.4 >> ping
out.5 >> ping
inp.5 << 19:07:03.807 [main] INFO Env - @{5 PONG}
inp.1 << 19:07:03.807 [main] INFO Env - @{1 PONG}
inp.3 << 19:07:03.807 [main] INFO Env - @{3 PONG}
inp.2 << 19:07:03.807 [main] INFO Env - @{2 PONG}
inp.4 << 19:07:03.808 [main] INFO Env - @{4 PONG}
out.5 >> lock
out.3 >> lock
out.4 >> lock
out.1 >> lock
out.2 >> lock
inp.5 << 19:07:03.808 [main] INFO Env - @{5 LOCKED}
inp.3 << 19:07:03.808 [main] INFO Env - @{3 SEND 4} Message(Ask)
out.5 >> unlock
inp.1 << 19:07:03.808 [main] INFO Env - @{1 SEND 2} Message(Ask)
inp.1 << 19:07:03.808 [main] INFO Env - @{1 SEND 3} Message(Ask)
inp.1 << 19:07:03.808 [main] INFO Env - @{1 SEND 4} Message(Ask)
inp.1 << 19:07:03.808 [main] INFO Env - @{1 SEND 5} Message(Ask)
inp.5 << 19:07:03.808 [main] INFO Env - @{5 UNLOCKED}
inp.3 << 19:07:03.808 [main] INFO Env - @{3 SEND 5} Message(Ask)
inp.5 << 19:07:03.808 [main] INFO Env - @{5 RCVD 1} Message(Ask)
inp.3 << 19:07:03.809 [main] INFO Env - @{3 RCVD 1} Message(Ask)
inp.5 << 19:07:03.809 [main] INFO Env - @{5 SEND 1} Message(Share)
inp.3 << 19:07:03.809 [main] INFO Env - @{3 SEND 1} Message(Share)
inp.5 << 19:07:03.809 [main] INFO Env - @{5 RCVD 3} Message(Ask)
inp.5 << 19:07:03.809 [main] INFO Env - @{5 SEND 3} Message(Share)
inp.3 << 19:07:03.809 [main] INFO Env - @{3 SEND 1} Message(Ask)
inp.3 << 19:07:03.809 [main] INFO Env - @{3 RCVD 5} Message(Share)
inp.1 << 19:07:03.809 [main] INFO Env - @{1 RCVD 5} Message(Share)
inp.1 << 19:07:03.809 [main] INFO Env - @{1 RCVD 3} Message(Share)
inp.1 << 19:07:03.809 [main] INFO Env - @{1 RCVD 3} Message(Ask)
inp.4 << 19:07:03.809 [main] INFO Env - @{4 SEND 5} Message(Ask)
inp.4 << 19:07:03.809 [main] INFO Env - @{4 RCVD 3} Message(Ask)
inp.2 << 19:07:03.809 [main] INFO Env - @{2 SEND 3} Message(Ask)
inp.5 << 19:07:03.809 [main] INFO Env - @{5 RCVD 4} Message(Ask)
inp.5 << 19:07:03.809 [main] INFO Env - @{5 SEND 4} Message(Share)
inp.3 << 19:07:03.809 [main] INFO Env - @{3 RCVD 2} Message(Ask)
inp.4 << 19:07:03.809 [main] INFO Env - @{4 SEND 3} Message(Share)
inp.3 << 19:07:03.809 [main] INFO Env - @{3 SEND 2} Message(Share)
inp.3 << 19:07:03.809 [main] INFO Env - @{3 SEND 2} Message(Ask)
inp.4 << 19:07:03.809 [main] INFO Env - @{4 SEND 3} Message(Ask)
inp.3 << 19:07:03.809 [main] INFO Env - @{3 RCVD 4} Message(Share)
inp.3 << 19:07:03.809 [main] INFO Env - @{3 RCVD 4} Message(Ask)
inp.4 << 19:07:03.809 [main] INFO Env - @{4 RCVD 1} Message(Ask)
inp.4 << 19:07:03.809 [main] INFO Env - @{4 SEND 1} Message(Share)
inp.2 << 19:07:03.809 [main] INFO Env - @{2 SEND 4} Message(Ask)
inp.4 << 19:07:03.809 [main] INFO Env - @{4 SEND 1} Message(Ask)
inp.2 << 19:07:03.810 [main] INFO Env - @{2 SEND 5} Message(Ask)
inp.2 << 19:07:03.810 [main] INFO Env - @{2 RCVD 1} Message(Ask)
inp.2 << 19:07:03.810 [main] INFO Env - @{2 SEND 1} Message(Share)
inp.1 << 19:07:03.810 [main] INFO Env - @{1 RCVD 4} Message(Share)
inp.2 << 19:07:03.810 [main] INFO Env - @{2 SEND 1} Message(Ask)
inp.1 << 19:07:03.810 [main] INFO Env - @{1 RCVD 4} Message(Ask)
inp.2 << 19:07:03.810 [main] INFO Env - @{2 RCVD 3} Message(Share)
inp.1 << 19:07:03.810 [main] INFO Env - @{1 RCVD 2} Message(Share)
inp.2 << 19:07:03.810 [main] INFO Env - @{2 RCVD 3} Message(Ask)
inp.1 << 19:07:03.810 [main] INFO Env - @{1 LOCKED}
inp.1 << 19:07:03.810 [main] INFO Env - @{1 RCVD 2} Message(Ask)
out.1 >> unlock
inp.5 << 19:07:03.810 [main] INFO Env - @{5 RCVD 2} Message(Ask)
inp.4 << 19:07:03.810 [main] INFO Env - @{4 RCVD 5} Message(Share)
inp.5 << 19:07:03.810 [main] INFO Env - @{5 SEND 2} Message(Share)
inp.4 << 19:07:03.810 [main] INFO Env - @{4 RCVD 2} Message(Ask)
inp.4 << 19:07:03.810 [main] INFO Env - @{4 SEND 2} Message(Share)
inp.4 << 19:07:03.810 [main] INFO Env - @{4 SEND 2} Message(Ask)
inp.1 << 19:07:03.810 [main] INFO Env - @{1 UNLOCKED}
inp.1 << 19:07:03.810 [main] INFO Env - @{1 SEND 2} Message(Share)
inp.1 << 19:07:03.810 [main] INFO Env - @{1 SEND 3} Message(Share)
inp.2 << 19:07:03.810 [main] INFO Env - @{2 RCVD 5} Message(Share)
inp.2 << 19:07:03.810 [main] INFO Env - @{2 RCVD 4} Message(Share)
inp.2 << 19:07:03.810 [main] INFO Env - @{2 RCVD 4} Message(Ask)
inp.2 << 19:07:03.810 [main] INFO Env - @{2 RCVD 1} Message(Share)
inp.2 << 19:07:03.810 [main] INFO Env - @{2 LOCKED}
inp.1 << 19:07:03.810 [main] INFO Env - @{1 SEND 4} Message(Share)
out.2 >> unlock
inp.3 << 19:07:03.810 [main] INFO Env - @{3 RCVD 1} Message(Share)
inp.4 << 19:07:03.810 [main] INFO Env - @{4 RCVD 1} Message(Share)
inp.2 << 19:07:03.810 [main] INFO Env - @{2 UNLOCKED}
inp.2 << 19:07:03.810 [main] INFO Env - @{2 SEND 3} Message(Share)
inp.2 << 19:07:03.810 [main] INFO Env - @{2 SEND 4} Message(Share)
inp.3 << 19:07:03.811 [main] INFO Env - @{3 RCVD 2} Message(Share)
inp.4 << 19:07:03.811 [main] INFO Env - @{4 RCVD 2} Message(Share)
inp.3 << 19:07:03.811 [main] INFO Env - @{3 LOCKED}
out.3 >> unlock
inp.3 << 19:07:03.811 [main] INFO Env - @{3 UNLOCKED}
inp.3 << 19:07:03.811 [main] INFO Env - @{3 SEND 4} Message(Share)
inp.4 << 19:07:03.811 [main] INFO Env - @{4 RCVD 3} Message(Share)
inp.4 << 19:07:03.811 [main] INFO Env - @{4 LOCKED}
out.4 >> unlock
inp.4 << 19:07:03.811 [main] INFO Env - @{4 UNLOCKED}
out.1 >> ping
out.2 >> ping
out.3 >> ping
out.4 >> ping
out.5 >> ping
inp.1 << 19:07:03.811 [main] INFO Env - @{1 PONG}
inp.5 << 19:07:03.811 [main] INFO Env - @{5 PONG}
inp.3 << 19:07:03.811 [main] INFO Env - @{3 PONG}
inp.2 << 19:07:03.812 [main] INFO Env - @{2 PONG}
inp.4 << 19:07:03.812 [main] INFO Env - @{4 PONG}
out.3 >> lock
inp.3 << 19:07:03.812 [main] INFO Env - @{3 SEND 4} Message(Ask)
inp.4 << 19:07:03.812 [main] INFO Env - @{4 RCVD 3} Message(Ask)
inp.4 << 19:07:03.812 [main] INFO Env - @{4 SEND 3} Message(Share)
inp.3 << 19:07:03.812 [main] INFO Env - @{3 RCVD 4} Message(Share)
inp.3 << 19:07:03.812 [main] INFO Env - @{3 LOCKED}
out.3 >> unlock
inp.3 << 19:07:03.812 [main] INFO Env - @{3 UNLOCKED}
out.1 >> ping
out.2 >> ping
out.3 >> ping
out.4 >> ping
out.5 >> ping
inp.5 << 19:07:03.813 [main] INFO Env - @{5 PONG}
inp.1 << 19:07:03.813 [main] INFO Env - @{1 PONG}
inp.3 << 19:07:03.813 [main] INFO Env - @{3 PONG}
inp.2 << 19:07:03.813 [main] INFO Env - @{2 PONG}
inp.4 << 19:07:03.813 [main] INFO Env - @{4 PONG}
out.3 >> lock
inp.3 << 19:07:03.814 [main] INFO Env - @{3 LOCKED}
out.3 >> unlock
inp.3 << 19:07:03.814 [main] INFO Env - @{3 UNLOCKED}
out.1 >> ping
out.2 >> ping
out.3 >> ping
out.4 >> ping
out.5 >> ping
inp.1 << 19:07:03.814 [main] INFO Env - @{1 PONG}
inp.5 << 19:07:03.814 [main] INFO Env - @{5 PONG}
inp.3 << 19:07:03.814 [main] INFO Env - @{3 PONG}
inp.4 << 19:07:03.814 [main] INFO Env - @{4 PONG}
inp.2 << 19:07:03.814 [main] INFO Env - @{2 PONG}
out.3 >> lock
inp.3 << 19:07:03.814 [main] INFO Env - @{3 LOCKED}
out.3 >> unlock
inp.3 << 19:07:03.814 [main] INFO Env - @{3 UNLOCKED}
out.1 >> ping
out.2 >> ping
out.3 >> ping
out.4 >> ping
out.5 >> ping
inp.5 << 19:07:03.815 [main] INFO Env - @{5 PONG}
inp.1 << 19:07:03.815 [main] INFO Env - @{1 PONG}
inp.3 << 19:07:03.815 [main] INFO Env - @{3 PONG}
inp.4 << 19:07:03.815 [main] INFO Env - @{4 PONG}
inp.2 << 19:07:03.815 [main] INFO Env - @{2 PONG}
out.3 >> lock
out.5 >> lock
inp.3 << 19:07:03.815 [main] INFO Env - @{3 LOCKED}
out.3 >> unlock
inp.5 << 19:07:03.815 [main] INFO Env - @{5 SEND 1} Message(Ask)
inp.5 << 19:07:03.815 [main] INFO Env - @{5 SEND 2} Message(Ask)
inp.3 << 19:07:03.815 [main] INFO Env - @{3 UNLOCKED}
inp.5 << 19:07:03.815 [main] INFO Env - @{5 SEND 3} Message(Ask)
inp.5 << 19:07:03.815 [main] INFO Env - @{5 SEND 4} Message(Ask)
inp.1 << 19:07:03.815 [main] INFO Env - @{1 RCVD 5} Message(Ask)
inp.3 << 19:07:03.816 [main] INFO Env - @{3 RCVD 5} Message(Ask)
inp.3 << 19:07:03.816 [main] INFO Env - @{3 SEND 5} Message(Share)
inp.1 << 19:07:03.816 [main] INFO Env - @{1 SEND 5} Message(Share)
inp.5 << 19:07:03.816 [main] INFO Env - @{5 RCVD 3} Message(Share)
inp.5 << 19:07:03.816 [main] INFO Env - @{5 RCVD 1} Message(Share)
inp.4 << 19:07:03.816 [main] INFO Env - @{4 RCVD 5} Message(Ask)
inp.4 << 19:07:03.816 [main] INFO Env - @{4 SEND 5} Message(Share)
inp.2 << 19:07:03.816 [main] INFO Env - @{2 RCVD 5} Message(Ask)
inp.2 << 19:07:03.816 [main] INFO Env - @{2 SEND 5} Message(Share)
inp.5 << 19:07:03.816 [main] INFO Env - @{5 RCVD 4} Message(Share)
inp.5 << 19:07:03.816 [main] INFO Env - @{5 RCVD 2} Message(Share)
inp.5 << 19:07:03.816 [main] INFO Env - @{5 LOCKED}
out.5 >> unlock
inp.5 << 19:07:03.816 [main] INFO Env - @{5 UNLOCKED}
out.1 >> ping
out.2 >> ping
out.3 >> ping
out.4 >> ping
out.5 >> ping
inp.5 << 19:07:03.816 [main] INFO Env - @{5 PONG}
inp.1 << 19:07:03.816 [main] INFO Env - @{1 PONG}
inp.3 << 19:07:03.816 [main] INFO Env - @{3 PONG}
inp.2 << 19:07:03.817 [main] INFO Env - @{2 PONG}
inp.4 << 19:07:03.817 [main] INFO Env - @{4 PONG}
out.3 >> lock
out.5 >> lock
inp.3 << 19:07:03.817 [main] INFO Env - @{3 SEND 5} Message(Ask)
inp.5 << 19:07:03.817 [main] INFO Env - @{5 LOCKED}
inp.5 << 19:07:03.817 [main] INFO Env - @{5 RCVD 3} Message(Ask)
out.5 >> unlock
inp.5 << 19:07:03.817 [main] INFO Env - @{5 UNLOCKED}
inp.5 << 19:07:03.817 [main] INFO Env - @{5 SEND 3} Message(Share)
inp.3 << 19:07:03.818 [main] INFO Env - @{3 RCVD 5} Message(Share)
inp.3 << 19:07:03.818 [main] INFO Env - @{3 LOCKED}
out.3 >> unlock
inp.3 << 19:07:03.818 [main] INFO Env - @{3 UNLOCKED}
out.1 >> ping
out.2 >> ping
out.3 >> ping
out.4 >> ping
out.5 >> ping
inp.5 << 19:07:03.818 [main] INFO Env - @{5 PONG}
inp.1 << 19:07:03.818 [main] INFO Env - @{1 PONG}
inp.3 << 19:07:03.818 [main] INFO Env - @{3 PONG}
inp.2 << 19:07:03.819 [main] INFO Env - @{2 PONG}
inp.4 << 19:07:03.819 [main] INFO Env - @{4 PONG}
out.3 >> lock
out.5 >> lock
inp.3 << 19:07:03.820 [main] INFO Env - @{3 LOCKED}
inp.5 << 19:07:03.820 [main] INFO Env - @{5 SEND 3} Message(Ask)
out.3 >> unlock
inp.3 << 19:07:03.820 [main] INFO Env - @{3 RCVD 5} Message(Ask)
inp.3 << 19:07:03.820 [main] INFO Env - @{3 UNLOCKED}
inp.3 << 19:07:03.820 [main] INFO Env - @{3 SEND 5} Message(Share)
inp.5 << 19:07:03.820 [main] INFO Env - @{5 RCVD 3} Message(Share)
inp.5 << 19:07:03.820 [main] INFO Env - @{5 LOCKED}
out.5 >> unlock
inp.5 << 19:07:03.820 [main] INFO Env - @{5 UNLOCKED}
out.1 >> ping
out.2 >> ping
out.3 >> ping
out.4 >> ping
out.5 >> ping
inp.5 << 19:07:03.821 [main] INFO Env - @{5 PONG}
inp.1 << 19:07:03.821 [main] INFO Env - @{1 PONG}
inp.3 << 19:07:03.821 [main] INFO Env - @{3 PONG}
inp.2 << 19:07:03.821 [main] INFO Env - @{2 PONG}
inp.4 << 19:07:03.821 [main] INFO Env - @{4 PONG}
out.1 >> ping
out.2 >> ping
out.3 >> ping
out.4 >> ping
out.5 >> ping
inp.5 << 19:07:03.822 [main] INFO Env - @{5 PONG}
inp.1 << 19:07:03.822 [main] INFO Env - @{1 PONG}
inp.3 << 19:07:03.822 [main] INFO Env - @{3 PONG}
inp.4 << 19:07:03.822 [main] INFO Env - @{4 PONG}
inp.2 << 19:07:03.822 [main] INFO Env - @{2 PONG}
out.1 >> lock
inp.1 << 19:07:03.822 [main] INFO Env - @{1 SEND 2} Message(Ask)
inp.1 << 19:07:03.822 [main] INFO Env - @{1 SEND 3} Message(Ask)
inp.1 << 19:07:03.822 [main] INFO Env - @{1 SEND 4} Message(Ask)
inp.1 << 19:07:03.823 [main] INFO Env - @{1 SEND 5} Message(Ask)
inp.3 << 19:07:03.823 [main] INFO Env - @{3 RCVD 1} Message(Ask)
inp.3 << 19:07:03.823 [main] INFO Env - @{3 SEND 1} Message(Share)
inp.5 << 19:07:03.823 [main] INFO Env - @{5 RCVD 1} Message(Ask)
inp.5 << 19:07:03.823 [main] INFO Env - @{5 SEND 1} Message(Share)
inp.1 << 19:07:03.823 [main] INFO Env - @{1 RCVD 3} Message(Share)
inp.1 << 19:07:03.823 [main] INFO Env - @{1 RCVD 5} Message(Share)
inp.2 << 19:07:03.823 [main] INFO Env - @{2 RCVD 1} Message(Ask)
inp.2 << 19:07:03.823 [main] INFO Env - @{2 SEND 1} Message(Share)
inp.1 << 19:07:03.823 [main] INFO Env - @{1 RCVD 2} Message(Share)
inp.4 << 19:07:03.823 [main] INFO Env - @{4 RCVD 1} Message(Ask)
inp.4 << 19:07:03.823 [main] INFO Env - @{4 SEND 1} Message(Share)
inp.1 << 19:07:03.823 [main] INFO Env - @{1 RCVD 4} Message(Share)
inp.1 << 19:07:03.823 [main] INFO Env - @{1 LOCKED}
out.1 >> unlock
inp.1 << 19:07:03.824 [main] INFO Env - @{1 UNLOCKED}
out.1 >> ping
out.2 >> ping
out.3 >> ping
out.4 >> ping
out.5 >> ping
inp.1 << 19:07:03.824 [main] INFO Env - @{1 PONG}
inp.5 << 19:07:03.824 [main] INFO Env - @{5 PONG}
inp.3 << 19:07:03.824 [main] INFO Env - @{3 PONG}
inp.2 << 19:07:03.824 [main] INFO Env - @{2 PONG}
inp.4 << 19:07:03.824 [main] INFO Env - @{4 PONG}
out.2 >> lock
inp.2 << 19:07:03.824 [main] INFO Env - @{2 SEND 1} Message(Ask)
inp.1 << 19:07:03.825 [main] INFO Env - @{1 RCVD 2} Message(Ask)
inp.1 << 19:07:03.825 [main] INFO Env - @{1 SEND 2} Message(Share)
inp.2 << 19:07:03.825 [main] INFO Env - @{2 SEND 3} Message(Ask)
inp.2 << 19:07:03.825 [main] INFO Env - @{2 SEND 4} Message(Ask)
inp.2 << 19:07:03.825 [main] INFO Env - @{2 SEND 5} Message(Ask)
inp.3 << 19:07:03.825 [main] INFO Env - @{3 RCVD 2} Message(Ask)
inp.4 << 19:07:03.825 [main] INFO Env - @{4 RCVD 2} Message(Ask)
inp.4 << 19:07:03.825 [main] INFO Env - @{4 SEND 2} Message(Share)
inp.3 << 19:07:03.825 [main] INFO Env - @{3 SEND 2} Message(Share)
inp.5 << 19:07:03.825 [main] INFO Env - @{5 RCVD 2} Message(Ask)
inp.5 << 19:07:03.825 [main] INFO Env - @{5 SEND 2} Message(Share)
inp.2 << 19:07:03.825 [main] INFO Env - @{2 RCVD 1} Message(Share)
inp.2 << 19:07:03.825 [main] INFO Env - @{2 RCVD 4} Message(Share)
inp.2 << 19:07:03.825 [main] INFO Env - @{2 RCVD 3} Message(Share)
inp.2 << 19:07:03.825 [main] INFO Env - @{2 RCVD 5} Message(Share)
inp.2 << 19:07:03.825 [main] INFO Env - @{2 LOCKED}
out.2 >> unlock
inp.2 << 19:07:03.826 [main] INFO Env - @{2 UNLOCKED}
out.1 >> ping
out.2 >> ping
out.3 >> ping
out.4 >> ping
out.5 >> ping
inp.5 << 19:07:03.826 [main] INFO Env - @{5 PONG}
inp.1 << 19:07:03.827 [main] INFO Env - @{1 PONG}
inp.3 << 19:07:03.827 [main] INFO Env - @{3 PONG}
inp.2 << 19:07:03.827 [main] INFO Env - @{2 PONG}
inp.4 << 19:07:03.827 [main] INFO Env - @{4 PONG}
out.3 >> lock
inp.3 << 19:07:03.827 [main] INFO Env - @{3 SEND 1} Message(Ask)
inp.3 << 19:07:03.827 [main] INFO Env - @{3 SEND 2} Message(Ask)
inp.3 << 19:07:03.828 [main] INFO Env - @{3 SEND 5} Message(Ask)
inp.1 << 19:07:03.827 [main] INFO Env - @{1 RCVD 3} Message(Ask)
inp.1 << 19:07:03.828 [main] INFO Env - @{1 SEND 3} Message(Share)
inp.3 << 19:07:03.828 [main] INFO Env - @{3 RCVD 1} Message(Share)
inp.5 << 19:07:03.828 [main] INFO Env - @{5 RCVD 3} Message(Ask)
inp.5 << 19:07:03.828 [main] INFO Env - @{5 SEND 3} Message(Share)
inp.2 << 19:07:03.828 [main] INFO Env - @{2 RCVD 3} Message(Ask)
inp.2 << 19:07:03.828 [main] INFO Env - @{2 SEND 3} Message(Share)
inp.3 << 19:07:03.828 [main] INFO Env - @{3 RCVD 5} Message(Share)
inp.3 << 19:07:03.828 [main] INFO Env - @{3 RCVD 2} Message(Share)
inp.3 << 19:07:03.828 [main] INFO Env - @{3 LOCKED}
out.3 >> unlock
inp.3 << 19:07:03.828 [main] INFO Env - @{3 UNLOCKED}
out.1 >> ping
out.2 >> ping
out.3 >> ping
out.4 >> ping
out.5 >> ping
inp.5 << 19:07:03.829 [main] INFO Env - @{5 PONG}
inp.1 << 19:07:03.829 [main] INFO Env - @{1 PONG}
inp.3 << 19:07:03.829 [main] INFO Env - @{3 PONG}
inp.2 << 19:07:03.829 [main] INFO Env - @{2 PONG}
inp.4 << 19:07:03.829 [main] INFO Env - @{4 PONG}
out.4 >> lock
inp.4 << 19:07:03.829 [main] INFO Env - @{4 SEND 1} Message(Ask)
inp.4 << 19:07:03.829 [main] INFO Env - @{4 SEND 2} Message(Ask)
inp.4 << 19:07:03.829 [main] INFO Env - @{4 SEND 3} Message(Ask)
inp.4 << 19:07:03.829 [main] INFO Env - @{4 SEND 5} Message(Ask)
inp.3 << 19:07:03.829 [main] INFO Env - @{3 RCVD 4} Message(Ask)
inp.3 << 19:07:03.830 [main] INFO Env - @{3 SEND 4} Message(Share)
inp.2 << 19:07:03.830 [main] INFO Env - @{2 RCVD 4} Message(Ask)
inp.1 << 19:07:03.829 [main] INFO Env - @{1 RCVD 4} Message(Ask)
inp.1 << 19:07:03.830 [main] INFO Env - @{1 SEND 4} Message(Share)
inp.2 << 19:07:03.830 [main] INFO Env - @{2 SEND 4} Message(Share)
inp.5 << 19:07:03.830 [main] INFO Env - @{5 RCVD 4} Message(Ask)
inp.4 << 19:07:03.830 [main] INFO Env - @{4 RCVD 3} Message(Share)
inp.5 << 19:07:03.830 [main] INFO Env - @{5 SEND 4} Message(Share)
inp.4 << 19:07:03.830 [main] INFO Env - @{4 RCVD 1} Message(Share)
inp.4 << 19:07:03.830 [main] INFO Env - @{4 RCVD 2} Message(Share)
inp.4 << 19:07:03.830 [main] INFO Env - @{4 RCVD 5} Message(Share)
inp.4 << 19:07:03.830 [main] INFO Env - @{4 LOCKED}
out.4 >> unlock
inp.4 << 19:07:03.830 [main] INFO Env - @{4 UNLOCKED}
out.1 >> ping
out.2 >> ping
out.3 >> ping
out.4 >> ping
out.5 >> ping
inp.5 << 19:07:03.830 [main] INFO Env - @{5 PONG}
inp.1 << 19:07:03.830 [main] INFO Env - @{1 PONG}
inp.3 << 19:07:03.830 [main] INFO Env - @{3 PONG}
inp.2 << 19:07:03.831 [main] INFO Env - @{2 PONG}
inp.4 << 19:07:03.831 [main] INFO Env - @{4 PONG}
out.5 >> lock
inp.5 << 19:07:03.831 [main] INFO Env - @{5 SEND 1} Message(Ask)
inp.5 << 19:07:03.831 [main] INFO Env - @{5 SEND 2} Message(Ask)
inp.5 << 19:07:03.831 [main] INFO Env - @{5 SEND 3} Message(Ask)
inp.5 << 19:07:03.831 [main] INFO Env - @{5 SEND 4} Message(Ask)
inp.3 << 19:07:03.831 [main] INFO Env - @{3 RCVD 5} Message(Ask)
inp.1 << 19:07:03.831 [main] INFO Env - @{1 RCVD 5} Message(Ask)
inp.1 << 19:07:03.831 [main] INFO Env - @{1 SEND 5} Message(Share)
inp.5 << 19:07:03.832 [main] INFO Env - @{5 RCVD 1} Message(Share)
inp.3 << 19:07:03.832 [main] INFO Env - @{3 SEND 5} Message(Share)
inp.5 << 19:07:03.832 [main] INFO Env - @{5 RCVD 3} Message(Share)
inp.2 << 19:07:03.832 [main] INFO Env - @{2 RCVD 5} Message(Ask)
inp.2 << 19:07:03.832 [main] INFO Env - @{2 SEND 5} Message(Share)
inp.5 << 19:07:03.832 [main] INFO Env - @{5 RCVD 2} Message(Share)
inp.4 << 19:07:03.832 [main] INFO Env - @{4 RCVD 5} Message(Ask)
inp.4 << 19:07:03.832 [main] INFO Env - @{4 SEND 5} Message(Share)
inp.5 << 19:07:03.832 [main] INFO Env - @{5 RCVD 4} Message(Share)
inp.5 << 19:07:03.832 [main] INFO Env - @{5 LOCKED}
out.5 >> unlock
inp.5 << 19:07:03.832 [main] INFO Env - @{5 UNLOCKED}
out.1 >> ping
out.2 >> ping
out.3 >> ping
out.4 >> ping
out.5 >> ping
inp.5 << 19:07:03.833 [main] INFO Env - @{5 PONG}
inp.1 << 19:07:03.833 [main] INFO Env - @{1 PONG}
inp.3 << 19:07:03.833 [main] INFO Env - @{3 PONG}
inp.2 << 19:07:03.833 [main] INFO Env - @{2 PONG}
inp.4 << 19:07:03.833 [main] INFO Env - @{4 PONG}
out.1 >> lock
out.5 >> lock
out.4 >> lock
out.3 >> lock
out.2 >> lock
inp.5 << 19:07:03.833 [main] INFO Env - @{5 LOCKED}
inp.1 << 19:07:03.833 [main] INFO Env - @{1 SEND 2} Message(Ask)
out.5 >> unlock
inp.1 << 19:07:03.833 [main] INFO Env - @{1 SEND 3} Message(Ask)
inp.5 << 19:07:03.833 [main] INFO Env - @{5 UNLOCKED}
inp.1 << 19:07:03.833 [main] INFO Env - @{1 SEND 4} Message(Ask)
inp.1 << 19:07:03.834 [main] INFO Env - @{1 SEND 5} Message(Ask)
inp.3 << 19:07:03.834 [main] INFO Env - @{3 SEND 4} Message(Ask)
inp.5 << 19:07:03.834 [main] INFO Env - @{5 RCVD 1} Message(Ask)
inp.5 << 19:07:03.834 [main] INFO Env - @{5 SEND 1} Message(Share)
inp.3 << 19:07:03.834 [main] INFO Env - @{3 SEND 5} Message(Ask)
inp.3 << 19:07:03.834 [main] INFO Env - @{3 RCVD 1} Message(Ask)
inp.3 << 19:07:03.834 [main] INFO Env - @{3 SEND 1} Message(Share)
inp.1 << 19:07:03.834 [main] INFO Env - @{1 RCVD 5} Message(Share)
inp.5 << 19:07:03.834 [main] INFO Env - @{5 RCVD 3} Message(Ask)
inp.3 << 19:07:03.834 [main] INFO Env - @{3 SEND 1} Message(Ask)
inp.5 << 19:07:03.834 [main] INFO Env - @{5 SEND 3} Message(Share)
inp.3 << 19:07:03.834 [main] INFO Env - @{3 RCVD 5} Message(Share)
inp.1 << 19:07:03.834 [main] INFO Env - @{1 RCVD 3} Message(Share)
inp.1 << 19:07:03.834 [main] INFO Env - @{1 RCVD 3} Message(Ask)
inp.4 << 19:07:03.834 [main] INFO Env - @{4 SEND 5} Message(Ask)
inp.4 << 19:07:03.834 [main] INFO Env - @{4 RCVD 1} Message(Ask)
inp.2 << 19:07:03.834 [main] INFO Env - @{2 SEND 3} Message(Ask)
inp.4 << 19:07:03.834 [main] INFO Env - @{4 SEND 1} Message(Share)
inp.4 << 19:07:03.834 [main] INFO Env - @{4 SEND 1} Message(Ask)
inp.3 << 19:07:03.834 [main] INFO Env - @{3 RCVD 2} Message(Ask)
inp.5 << 19:07:03.834 [main] INFO Env - @{5 RCVD 4} Message(Ask)
inp.1 << 19:07:03.834 [main] INFO Env - @{1 RCVD 4} Message(Share)
inp.5 << 19:07:03.834 [main] INFO Env - @{5 SEND 4} Message(Share)
inp.3 << 19:07:03.834 [main] INFO Env - @{3 SEND 2} Message(Share)
inp.1 << 19:07:03.834 [main] INFO Env - @{1 RCVD 4} Message(Ask)
inp.3 << 19:07:03.834 [main] INFO Env - @{3 SEND 2} Message(Ask)
inp.2 << 19:07:03.834 [main] INFO Env - @{2 SEND 4} Message(Ask)
inp.4 << 19:07:03.835 [main] INFO Env - @{4 RCVD 3} Message(Ask)
inp.4 << 19:07:03.835 [main] INFO Env - @{4 SEND 3} Message(Share)
inp.2 << 19:07:03.835 [main] INFO Env - @{2 SEND 5} Message(Ask)
inp.2 << 19:07:03.835 [main] INFO Env - @{2 RCVD 1} Message(Ask)
inp.3 << 19:07:03.835 [main] INFO Env - @{3 RCVD 4} Message(Share)
inp.2 << 19:07:03.835 [main] INFO Env - @{2 SEND 1} Message(Share)
inp.2 << 19:07:03.835 [main] INFO Env - @{2 SEND 1} Message(Ask)
inp.2 << 19:07:03.835 [main] INFO Env - @{2 RCVD 3} Message(Share)
inp.2 << 19:07:03.835 [main] INFO Env - @{2 RCVD 3} Message(Ask)
inp.5 << 19:07:03.835 [main] INFO Env - @{5 RCVD 2} Message(Ask)
inp.5 << 19:07:03.835 [main] INFO Env - @{5 SEND 2} Message(Share)
inp.4 << 19:07:03.835 [main] INFO Env - @{4 SEND 3} Message(Ask)
inp.1 << 19:07:03.835 [main] INFO Env - @{1 RCVD 2} Message(Share)
inp.1 << 19:07:03.835 [main] INFO Env - @{1 LOCKED}
inp.4 << 19:07:03.835 [main] INFO Env - @{4 RCVD 5} Message(Share)
inp.1 << 19:07:03.835 [main] INFO Env - @{1 RCVD 2} Message(Ask)
inp.4 << 19:07:03.835 [main] INFO Env - @{4 RCVD 2} Message(Ask)
inp.3 << 19:07:03.835 [main] INFO Env - @{3 RCVD 4} Message(Ask)
inp.4 << 19:07:03.835 [main] INFO Env - @{4 SEND 2} Message(Share)
inp.4 << 19:07:03.835 [main] INFO Env - @{4 SEND 2} Message(Ask)
out.1 >> unlock
inp.2 << 19:07:03.835 [main] INFO Env - @{2 RCVD 5} Message(Share)
inp.2 << 19:07:03.835 [main] INFO Env - @{2 RCVD 4} Message(Share)
inp.1 << 19:07:03.835 [main] INFO Env - @{1 UNLOCKED}
inp.1 << 19:07:03.835 [main] INFO Env - @{1 SEND 2} Message(Share)
inp.2 << 19:07:03.835 [main] INFO Env - @{2 RCVD 4} Message(Ask)
inp.1 << 19:07:03.835 [main] INFO Env - @{1 SEND 3} Message(Share)
inp.1 << 19:07:03.835 [main] INFO Env - @{1 SEND 4} Message(Share)
inp.3 << 19:07:03.835 [main] INFO Env - @{3 RCVD 1} Message(Share)
inp.2 << 19:07:03.835 [main] INFO Env - @{2 RCVD 1} Message(Share)
inp.2 << 19:07:03.835 [main] INFO Env - @{2 LOCKED}
out.2 >> unlock
inp.4 << 19:07:03.836 [main] INFO Env - @{4 RCVD 1} Message(Share)
inp.2 << 19:07:03.836 [main] INFO Env - @{2 UNLOCKED}
inp.2 << 19:07:03.836 [main] INFO Env - @{2 SEND 3} Message(Share)
inp.2 << 19:07:03.836 [main] INFO Env - @{2 SEND 4} Message(Share)
inp.3 << 19:07:03.836 [main] INFO Env - @{3 RCVD 2} Message(Share)
inp.4 << 19:07:03.836 [main] INFO Env - @{4 RCVD 2} Message(Share)
inp.3 << 19:07:03.836 [main] INFO Env - @{3 LOCKED}
out.3 >> unlock
inp.3 << 19:07:03.836 [main] INFO Env - @{3 UNLOCKED}
inp.3 << 19:07:03.836 [main] INFO Env - @{3 SEND 4} Message(Share)
inp.4 << 19:07:03.836 [main] INFO Env - @{4 RCVD 3} Message(Share)
inp.4 << 19:07:03.836 [main] INFO Env - @{4 LOCKED}
out.4 >> unlock
inp.4 << 19:07:03.837 [main] INFO Env - @{4 UNLOCKED}
out.1 >> ping
out.2 >> ping
out.3 >> ping
out.4 >> ping
out.5 >> ping
inp.5 << 19:07:03.837 [main] INFO Env - @{5 PONG}
inp.1 << 19:07:03.837 [main] INFO Env - @{1 PONG}
inp.3 << 19:07:03.837 [main] INFO Env - @{3 PONG}
inp.2 << 19:07:03.837 [main] INFO Env - @{2 PONG}
inp.4 << 19:07:03.838 [main] INFO Env - @{4 PONG}
out.2 >> lock
inp.2 << 19:07:03.838 [main] INFO Env - @{2 SEND 3} Message(Ask)
inp.2 << 19:07:03.838 [main] INFO Env - @{2 SEND 4} Message(Ask)
inp.3 << 19:07:03.838 [main] INFO Env - @{3 RCVD 2} Message(Ask)
inp.3 << 19:07:03.838 [main] INFO Env - @{3 SEND 2} Message(Share)
inp.2 << 19:07:03.838 [main] INFO Env - @{2 RCVD 3} Message(Share)
inp.4 << 19:07:03.838 [main] INFO Env - @{4 RCVD 2} Message(Ask)
inp.4 << 19:07:03.838 [main] INFO Env - @{4 SEND 2} Message(Share)
inp.2 << 19:07:03.839 [main] INFO Env - @{2 RCVD 4} Message(Share)
inp.2 << 19:07:03.839 [main] INFO Env - @{2 LOCKED}
out.2 >> unlock
inp.2 << 19:07:03.839 [main] INFO Env - @{2 UNLOCKED}
out.1 >> ping
out.2 >> ping
out.3 >> ping
out.4 >> ping
out.5 >> ping
inp.1 << 19:07:03.839 [main] INFO Env - @{1 PONG}
inp.5 << 19:07:03.839 [main] INFO Env - @{5 PONG}
inp.3 << 19:07:03.839 [main] INFO Env - @{3 PONG}
inp.2 << 19:07:03.840 [main] INFO Env - @{2 PONG}
inp.4 << 19:07:03.840 [main] INFO Env - @{4 PONG}
out.2 >> lock
inp.2 << 19:07:03.840 [main] INFO Env - @{2 LOCKED}
out.2 >> unlock
inp.2 << 19:07:03.840 [main] INFO Env - @{2 UNLOCKED}
out.1 >> ping
out.2 >> ping
out.3 >> ping
out.4 >> ping
out.5 >> ping
inp.1 << 19:07:03.840 [main] INFO Env - @{1 PONG}
inp.5 << 19:07:03.840 [main] INFO Env - @{5 PONG}
inp.3 << 19:07:03.841 [main] INFO Env - @{3 PONG}
inp.2 << 19:07:03.841 [main] INFO Env - @{2 PONG}
inp.4 << 19:07:03.841 [main] INFO Env - @{4 PONG}
out.2 >> lock
inp.2 << 19:07:03.841 [main] INFO Env - @{2 LOCKED}
out.2 >> unlock
inp.2 << 19:07:03.841 [main] INFO Env - @{2 UNLOCKED}
out.1 >> ping
out.2 >> ping
out.3 >> ping
out.4 >> ping
out.5 >> ping
inp.5 << 19:07:03.842 [main] INFO Env - @{5 PONG}
inp.1 << 19:07:03.842 [main] INFO Env - @{1 PONG}
inp.2 << 19:07:03.842 [main] INFO Env - @{2 PONG}
inp.4 << 19:07:03.842 [main] INFO Env - @{4 PONG}
inp.3 << 19:07:03.842 [main] INFO Env - @{3 PONG}
out.2 >> lock
out.1 >> lock
inp.2 << 19:07:03.842 [main] INFO Env - @{2 LOCKED}
out.2 >> unlock
inp.1 << 19:07:03.842 [main] INFO Env - @{1 SEND 2} Message(Ask)
inp.2 << 19:07:03.842 [main] INFO Env - @{2 UNLOCKED}
inp.1 << 19:07:03.843 [main] INFO Env - @{1 SEND 3} Message(Ask)
inp.1 << 19:07:03.843 [main] INFO Env - @{1 SEND 4} Message(Ask)
inp.2 << 19:07:03.843 [main] INFO Env - @{2 RCVD 1} Message(Ask)
inp.2 << 19:07:03.843 [main] INFO Env - @{2 SEND 1} Message(Share)
inp.3 << 19:07:03.843 [main] INFO Env - @{3 RCVD 1} Message(Ask)
inp.3 << 19:07:03.843 [main] INFO Env - @{3 SEND 1} Message(Share)
inp.4 << 19:07:03.843 [main] INFO Env - @{4 RCVD 1} Message(Ask)
inp.4 << 19:07:03.843 [main] INFO Env - @{4 SEND 1} Message(Share)
inp.1 << 19:07:03.843 [main] INFO Env - @{1 RCVD 2} Message(Share)
inp.1 << 19:07:03.843 [main] INFO Env - @{1 RCVD 3} Message(Share)
inp.1 << 19:07:03.843 [main] INFO Env - @{1 RCVD 4} Message(Share)
inp.1 << 19:07:03.843 [main] INFO Env - @{1 LOCKED}
out.1 >> unlock
inp.1 << 19:07:03.843 [main] INFO Env - @{1 UNLOCKED}
out.1 >> ping
out.2 >> ping
out.3 >> ping
out.4 >> ping
out.5 >> ping
inp.5 << 19:07:03.843 [main] INFO Env - @{5 PONG}
inp.1 << 19:07:03.844 [main] INFO Env - @{1 PONG}
inp.2 << 19:07:03.844 [main] INFO Env - @{2 PONG}
inp.4 << 19:07:03.844 [main] INFO Env - @{4 PONG}
inp.3 << 19:07:03.844 [main] INFO Env - @{3 PONG}
out.2 >> lock
out.1 >> lock
inp.2 << 19:07:03.844 [main] INFO Env - @{2 SEND 1} Message(Ask)
inp.1 << 19:07:03.844 [main] INFO Env - @{1 LOCKED}
inp.1 << 19:07:03.844 [main] INFO Env - @{1 RCVD 2} Message(Ask)
out.1 >> unlock
inp.1 << 19:07:03.844 [main] INFO Env - @{1 UNLOCKED}
inp.1 << 19:07:03.844 [main] INFO Env - @{1 SEND 2} Message(Share)
inp.2 << 19:07:03.845 [main] INFO Env - @{2 RCVD 1} Message(Share)
inp.2 << 19:07:03.845 [main] INFO Env - @{2 LOCKED}
out.2 >> unlock
inp.2 << 19:07:03.845 [main] INFO Env - @{2 UNLOCKED}
out.1 >> ping
out.2 >> ping
out.3 >> ping
out.4 >> ping
out.5 >> ping
inp.5 << 19:07:03.845 [main] INFO Env - @{5 PONG}
inp.1 << 19:07:03.845 [main] INFO Env - @{1 PONG}
inp.2 << 19:07:03.845 [main] INFO Env - @{2 PONG}
inp.4 << 19:07:03.845 [main] INFO Env - @{4 PONG}
inp.3 << 19:07:03.845 [main] INFO Env - @{3 PONG}
out.2 >> lock
out.1 >> lock
inp.2 << 19:07:03.846 [main] INFO Env - @{2 LOCKED}
out.2 >> unlock
inp.1 << 19:07:03.846 [main] INFO Env - @{1 SEND 2} Message(Ask)
inp.2 << 19:07:03.846 [main] INFO Env - @{2 UNLOCKED}
inp.2 << 19:07:03.846 [main] INFO Env - @{2 RCVD 1} Message(Ask)
inp.2 << 19:07:03.846 [main] INFO Env - @{2 SEND 1} Message(Share)
inp.1 << 19:07:03.846 [main] INFO Env - @{1 RCVD 2} Message(Share)
inp.1 << 19:07:03.846 [main] INFO Env - @{1 LOCKED}
out.1 >> unlock
inp.1 << 19:07:03.846 [main] INFO Env - @{1 UNLOCKED}
out.1 >> ping
out.2 >> ping
out.3 >> ping
out.4 >> ping
out.5 >> ping
inp.5 << 19:07:03.847 [main] INFO Env - @{5 PONG}
inp.1 << 19:07:03.847 [main] INFO Env - @{1 PONG}
inp.2 << 19:07:03.847 [main] INFO Env - @{2 PONG}
inp.4 << 19:07:03.847 [main] INFO Env - @{4 PONG}
inp.3 << 19:07:03.847 [main] INFO Env - @{3 PONG}
out.1 >> ping
out.2 >> ping
out.3 >> ping
out.4 >> ping
out.5 >> ping
inp.5 << 19:07:03.847 [main] INFO Env - @{5 PONG}
inp.1 << 19:07:03.847 [main] INFO Env - @{1 PONG}
inp.2 << 19:07:03.848 [main] INFO Env - @{2 PONG}
inp.4 << 19:07:03.848 [main] INFO Env - @{4 PONG}
inp.3 << 19:07:03.848 [main] INFO Env - @{3 PONG}
out.1 >> lock
inp.1 << 19:07:03.848 [main] INFO Env - @{1 LOCKED}
out.1 >> unlock
inp.1 << 19:07:03.848 [main] INFO Env - @{1 UNLOCKED}
out.1 >> ping
out.2 >> ping
out.3 >> ping
out.4 >> ping
out.5 >> ping
inp.5 << 19:07:03.848 [main] INFO Env - @{5 PONG}
inp.2 << 19:07:03.849 [main] INFO Env - @{2 PONG}
inp.1 << 19:07:03.849 [main] INFO Env - @{1 PONG}
inp.4 << 19:07:03.849 [main] INFO Env - @{4 PONG}
inp.3 << 19:07:03.849 [main] INFO Env - @{3 PONG}
out.2 >> lock
inp.2 << 19:07:03.849 [main] INFO Env - @{2 SEND 1} Message(Ask)
inp.1 << 19:07:03.849 [main] INFO Env - @{1 RCVD 2} Message(Ask)
inp.1 << 19:07:03.849 [main] INFO Env - @{1 SEND 2} Message(Share)
inp.2 << 19:07:03.849 [main] INFO Env - @{2 RCVD 1} Message(Share)
inp.2 << 19:07:03.850 [main] INFO Env - @{2 LOCKED}
out.2 >> unlock
inp.2 << 19:07:03.850 [main] INFO Env - @{2 UNLOCKED}
out.1 >> ping
out.2 >> ping
out.3 >> ping
out.4 >> ping
out.5 >> ping
inp.5 << 19:07:03.850 [main] INFO Env - @{5 PONG}
inp.2 << 19:07:03.850 [main] INFO Env - @{2 PONG}
inp.1 << 19:07:03.850 [main] INFO Env - @{1 PONG}
inp.4 << 19:07:03.850 [main] INFO Env - @{4 PONG}
inp.3 << 19:07:03.850 [main] INFO Env - @{3 PONG}
out.3 >> lock
inp.3 << 19:07:03.850 [main] INFO Env - @{3 SEND 1} Message(Ask)
inp.3 << 19:07:03.851 [main] INFO Env - @{3 SEND 2} Message(Ask)
inp.3 << 19:07:03.851 [main] INFO Env - @{3 SEND 4} Message(Ask)
inp.1 << 19:07:03.851 [main] INFO Env - @{1 RCVD 3} Message(Ask)
inp.2 << 19:07:03.851 [main] INFO Env - @{2 RCVD 3} Message(Ask)
inp.2 << 19:07:03.851 [main] INFO Env - @{2 SEND 3} Message(Share)
inp.1 << 19:07:03.851 [main] INFO Env - @{1 SEND 3} Message(Share)
inp.3 << 19:07:03.851 [main] INFO Env - @{3 RCVD 2} Message(Share)
inp.3 << 19:07:03.851 [main] INFO Env - @{3 RCVD 1} Message(Share)
inp.4 << 19:07:03.851 [main] INFO Env - @{4 RCVD 3} Message(Ask)
inp.4 << 19:07:03.851 [main] INFO Env - @{4 SEND 3} Message(Share)
inp.3 << 19:07:03.851 [main] INFO Env - @{3 RCVD 4} Message(Share)
inp.3 << 19:07:03.851 [main] INFO Env - @{3 LOCKED}
out.3 >> unlock
inp.3 << 19:07:03.851 [main] INFO Env - @{3 UNLOCKED}
out.1 >> ping
out.2 >> ping
out.3 >> ping
out.4 >> ping
out.5 >> ping
inp.5 << 19:07:03.852 [main] INFO Env - @{5 PONG}
inp.1 << 19:07:03.852 [main] INFO Env - @{1 PONG}
inp.2 << 19:07:03.852 [main] INFO Env - @{2 PONG}
inp.4 << 19:07:03.852 [main] INFO Env - @{4 PONG}
inp.3 << 19:07:03.852 [main] INFO Env - @{3 PONG}
out.4 >> lock
inp.4 << 19:07:03.852 [main] INFO Env - @{4 SEND 1} Message(Ask)
inp.4 << 19:07:03.852 [main] INFO Env - @{4 SEND 2} Message(Ask)
inp.4 << 19:07:03.852 [main] INFO Env - @{4 SEND 3} Message(Ask)
inp.1 << 19:07:03.852 [main] INFO Env - @{1 RCVD 4} Message(Ask)
inp.1 << 19:07:03.852 [main] INFO Env - @{1 SEND 4} Message(Share)
inp.2 << 19:07:03.852 [main] INFO Env - @{2 RCVD 4} Message(Ask)
inp.2 << 19:07:03.852 [main] INFO Env - @{2 SEND 4} Message(Share)
inp.4 << 19:07:03.852 [main] INFO Env - @{4 RCVD 1} Message(Share)
inp.3 << 19:07:03.852 [main] INFO Env - @{3 RCVD 4} Message(Ask)
inp.3 << 19:07:03.852 [main] INFO Env - @{3 SEND 4} Message(Share)
inp.4 << 19:07:03.852 [main] INFO Env - @{4 RCVD 2} Message(Share)
inp.4 << 19:07:03.852 [main] INFO Env - @{4 RCVD 3} Message(Share)
inp.4 << 19:07:03.853 [main] INFO Env - @{4 LOCKED}
out.4 >> unlock
inp.4 << 19:07:03.853 [main] INFO Env - @{4 UNLOCKED}
out.1 >> ping
out.2 >> ping
out.3 >> ping
out.4 >> ping
out.5 >> ping
inp.1 << 19:07:03.853 [main] INFO Env - @{1 PONG}
inp.5 << 19:07:03.853 [main] INFO Env - @{5 PONG}
inp.4 << 19:07:03.853 [main] INFO Env - @{4 PONG}
inp.2 << 19:07:03.853 [main] INFO Env - @{2 PONG}
inp.3 << 19:07:03.853 [main] INFO Env - @{3 PONG}
out.5 >> lock
inp.5 << 19:07:03.853 [main] INFO Env - @{5 SEND 1} Message(Ask)
inp.5 << 19:07:03.853 [main] INFO Env - @{5 SEND 2} Message(Ask)
inp.5 << 19:07:03.853 [main] INFO Env - @{5 SEND 3} Message(Ask)
inp.5 << 19:07:03.854 [main] INFO Env - @{5 SEND 4} Message(Ask)
inp.1 << 19:07:03.854 [main] INFO Env - @{1 RCVD 5} Message(Ask)
inp.1 << 19:07:03.854 [main] INFO Env - @{1 SEND 5} Message(Share)
inp.2 << 19:07:03.854 [main] INFO Env - @{2 RCVD 5} Message(Ask)
inp.2 << 19:07:03.854 [main] INFO Env - @{2 SEND 5} Message(Share)
inp.5 << 19:07:03.854 [main] INFO Env - @{5 RCVD 1} Message(Share)
inp.4 << 19:07:03.854 [main] INFO Env - @{4 RCVD 5} Message(Ask)
inp.4 << 19:07:03.854 [main] INFO Env - @{4 SEND 5} Message(Share)
inp.5 << 19:07:03.854 [main] INFO Env - @{5 RCVD 2} Message(Share)
inp.5 << 19:07:03.854 [main] INFO Env - @{5 RCVD 4} Message(Share)
inp.3 << 19:07:03.854 [main] INFO Env - @{3 RCVD 5} Message(Ask)
inp.3 << 19:07:03.854 [main] INFO Env - @{3 SEND 5} Message(Share)
inp.5 << 19:07:03.854 [main] INFO Env - @{5 RCVD 3} Message(Share)
inp.5 << 19:07:03.854 [main] INFO Env - @{5 LOCKED}
out.5 >> unlock
inp.5 << 19:07:03.854 [main] INFO Env - @{5 UNLOCKED}
out.1 >> ping
out.2 >> ping
out.3 >> ping
out.4 >> ping
out.5 >> ping
inp.5 << 19:07:03.855 [main] INFO Env - @{5 PONG}
inp.1 << 19:07:03.855 [main] INFO Env - @{1 PONG}
inp.2 << 19:07:03.855 [main] INFO Env - @{2 PONG}
inp.4 << 19:07:03.855 [main] INFO Env - @{4 PONG}
inp.3 << 19:07:03.855 [main] INFO Env - @{3 PONG}
out.4 >> lock
out.5 >> lock
out.1 >> lock
out.2 >> lock
out.3 >> lock
inp.5 << 19:07:03.856 [main] INFO Env - @{5 LOCKED}
inp.4 << 19:07:03.856 [main] INFO Env - @{4 SEND 5} Message(Ask)
out.5 >> unlock
inp.5 << 19:07:03.856 [main] INFO Env - @{5 RCVD 4} Message(Ask)
inp.5 << 19:07:03.856 [main] INFO Env - @{5 UNLOCKED}
inp.1 << 19:07:03.856 [main] INFO Env - @{1 SEND 2} Message(Ask)
inp.1 << 19:07:03.856 [main] INFO Env - @{1 SEND 3} Message(Ask)
inp.1 << 19:07:03.856 [main] INFO Env - @{1 SEND 4} Message(Ask)
inp.1 << 19:07:03.856 [main] INFO Env - @{1 SEND 5} Message(Ask)
inp.2 << 19:07:03.856 [main] INFO Env - @{2 SEND 3} Message(Ask)
inp.4 << 19:07:03.856 [main] INFO Env - @{4 RCVD 1} Message(Ask)
inp.2 << 19:07:03.856 [main] INFO Env - @{2 SEND 4} Message(Ask)
inp.4 << 19:07:03.856 [main] INFO Env - @{4 SEND 1} Message(Share)
inp.4 << 19:07:03.856 [main] INFO Env - @{4 SEND 1} Message(Ask)
inp.5 << 19:07:03.856 [main] INFO Env - @{5 SEND 4} Message(Share)
inp.2 << 19:07:03.856 [main] INFO Env - @{2 SEND 5} Message(Ask)
inp.5 << 19:07:03.856 [main] INFO Env - @{5 RCVD 1} Message(Ask)
inp.5 << 19:07:03.856 [main] INFO Env - @{5 SEND 1} Message(Share)
inp.2 << 19:07:03.856 [main] INFO Env - @{2 RCVD 1} Message(Ask)
inp.2 << 19:07:03.856 [main] INFO Env - @{2 SEND 1} Message(Share)
inp.2 << 19:07:03.856 [main] INFO Env - @{2 SEND 1} Message(Ask)
inp.5 << 19:07:03.856 [main] INFO Env - @{5 RCVD 2} Message(Ask)
inp.5 << 19:07:03.856 [main] INFO Env - @{5 SEND 2} Message(Share)
inp.4 << 19:07:03.856 [main] INFO Env - @{4 RCVD 2} Message(Ask)
inp.4 << 19:07:03.857 [main] INFO Env - @{4 SEND 2} Message(Share)
inp.4 << 19:07:03.857 [main] INFO Env - @{4 SEND 2} Message(Ask)
inp.2 << 19:07:03.857 [main] INFO Env - @{2 RCVD 5} Message(Share)
inp.2 << 19:07:03.857 [main] INFO Env - @{2 RCVD 4} Message(Share)
inp.2 << 19:07:03.857 [main] INFO Env - @{2 RCVD 4} Message(Ask)
inp.4 << 19:07:03.857 [main] INFO Env - @{4 RCVD 5} Message(Share)
inp.1 << 19:07:03.857 [main] INFO Env - @{1 RCVD 4} Message(Share)
inp.1 << 19:07:03.857 [main] INFO Env - @{1 RCVD 4} Message(Ask)
inp.1 << 19:07:03.857 [main] INFO Env - @{1 RCVD 5} Message(Share)
inp.1 << 19:07:03.857 [main] INFO Env - @{1 RCVD 2} Message(Share)
inp.1 << 19:07:03.857 [main] INFO Env - @{1 RCVD 2} Message(Ask)
inp.3 << 19:07:03.857 [main] INFO Env - @{3 SEND 4} Message(Ask)
inp.3 << 19:07:03.857 [main] INFO Env - @{3 SEND 5} Message(Ask)
inp.3 << 19:07:03.857 [main] INFO Env - @{3 RCVD 1} Message(Ask)
inp.3 << 19:07:03.857 [main] INFO Env - @{3 SEND 1} Message(Share)
inp.4 << 19:07:03.857 [main] INFO Env - @{4 RCVD 3} Message(Ask)
inp.4 << 19:07:03.857 [main] INFO Env - @{4 SEND 3} Message(Share)
inp.4 << 19:07:03.857 [main] INFO Env - @{4 SEND 3} Message(Ask)
inp.3 << 19:07:03.857 [main] INFO Env - @{3 SEND 1} Message(Ask)
inp.1 << 19:07:03.857 [main] INFO Env - @{1 RCVD 3} Message(Share)
inp.1 << 19:07:03.857 [main] INFO Env - @{1 LOCKED}
inp.1 << 19:07:03.857 [main] INFO Env - @{1 RCVD 3} Message(Ask)
inp.3 << 19:07:03.857 [main] INFO Env - @{3 RCVD 2} Message(Ask)
inp.3 << 19:07:03.857 [main] INFO Env - @{3 SEND 2} Message(Share)
out.1 >> unlock
inp.5 << 19:07:03.857 [main] INFO Env - @{5 RCVD 3} Message(Ask)
inp.5 << 19:07:03.857 [main] INFO Env - @{5 SEND 3} Message(Share)
inp.1 << 19:07:03.857 [main] INFO Env - @{1 UNLOCKED}
inp.1 << 19:07:03.857 [main] INFO Env - @{1 SEND 2} Message(Share)
inp.3 << 19:07:03.857 [main] INFO Env - @{3 SEND 2} Message(Ask)
inp.2 << 19:07:03.857 [main] INFO Env - @{2 RCVD 3} Message(Share)
inp.2 << 19:07:03.858 [main] INFO Env - @{2 RCVD 1} Message(Share)
inp.2 << 19:07:03.858 [main] INFO Env - @{2 LOCKED}
out.2 >> unlock
inp.1 << 19:07:03.858 [main] INFO Env - @{1 SEND 3} Message(Share)
inp.1 << 19:07:03.858 [main] INFO Env - @{1 SEND 4} Message(Share)
inp.2 << 19:07:03.858 [main] INFO Env - @{2 RCVD 3} Message(Ask)
inp.2 << 19:07:03.858 [main] INFO Env - @{2 UNLOCKED}
inp.2 << 19:07:03.858 [main] INFO Env - @{2 SEND 3} Message(Share)
inp.2 << 19:07:03.858 [main] INFO Env - @{2 SEND 4} Message(Share)
inp.4 << 19:07:03.858 [main] INFO Env - @{4 RCVD 1} Message(Share)
inp.3 << 19:07:03.858 [main] INFO Env - @{3 RCVD 4} Message(Share)
inp.4 << 19:07:03.858 [main] INFO Env - @{4 RCVD 2} Message(Share)
inp.3 << 19:07:03.858 [main] INFO Env - @{3 RCVD 4} Message(Ask)
inp.3 << 19:07:03.858 [main] INFO Env - @{3 RCVD 5} Message(Share)
inp.3 << 19:07:03.858 [main] INFO Env - @{3 RCVD 1} Message(Share)
inp.3 << 19:07:03.858 [main] INFO Env - @{3 RCVD 2} Message(Share)
inp.3 << 19:07:03.858 [main] INFO Env - @{3 LOCKED}
out.3 >> unlock
inp.3 << 19:07:03.859 [main] INFO Env - @{3 UNLOCKED}
inp.3 << 19:07:03.859 [main] INFO Env - @{3 SEND 4} Message(Share)
inp.4 << 19:07:03.859 [main] INFO Env - @{4 RCVD 3} Message(Share)
inp.4 << 19:07:03.859 [main] INFO Env - @{4 LOCKED}
out.4 >> unlock
inp.4 << 19:07:03.859 [main] INFO Env - @{4 UNLOCKED}
out.1 >> ping
out.2 >> ping
out.3 >> ping
out.4 >> ping
out.5 >> ping
inp.5 << 19:07:03.860 [main] INFO Env - @{5 PONG}
inp.1 << 19:07:03.860 [main] INFO Env - @{1 PONG}
inp.2 << 19:07:03.860 [main] INFO Env - @{2 PONG}
inp.4 << 19:07:03.860 [main] INFO Env - @{4 PONG}
inp.3 << 19:07:03.860 [main] INFO Env - @{3 PONG}
out.5 >> lock
inp.5 << 19:07:03.860 [main] INFO Env - @{5 SEND 1} Message(Ask)
inp.5 << 19:07:03.860 [main] INFO Env - @{5 SEND 2} Message(Ask)
inp.5 << 19:07:03.861 [main] INFO Env - @{5 SEND 3} Message(Ask)
inp.5 << 19:07:03.861 [main] INFO Env - @{5 SEND 4} Message(Ask)
inp.1 << 19:07:03.861 [main] INFO Env - @{1 RCVD 5} Message(Ask)
inp.1 << 19:07:03.861 [main] INFO Env - @{1 SEND 5} Message(Share)
inp.4 << 19:07:03.861 [main] INFO Env - @{4 RCVD 5} Message(Ask)
inp.4 << 19:07:03.861 [main] INFO Env - @{4 SEND 5} Message(Share)
inp.5 << 19:07:03.861 [main] INFO Env - @{5 RCVD 1} Message(Share)
inp.5 << 19:07:03.861 [main] INFO Env - @{5 RCVD 4} Message(Share)
inp.2 << 19:07:03.861 [main] INFO Env - @{2 RCVD 5} Message(Ask)
inp.2 << 19:07:03.861 [main] INFO Env - @{2 SEND 5} Message(Share)
inp.3 << 19:07:03.861 [main] INFO Env - @{3 RCVD 5} Message(Ask)
inp.3 << 19:07:03.861 [main] INFO Env - @{3 SEND 5} Message(Share)
inp.5 << 19:07:03.861 [main] INFO Env - @{5 RCVD 2} Message(Share)
inp.5 << 19:07:03.861 [main] INFO Env - @{5 RCVD 3} Message(Share)
inp.5 << 19:07:03.861 [main] INFO Env - @{5 LOCKED}
out.5 >> unlock
inp.5 << 19:07:03.862 [main] INFO Env - @{5 UNLOCKED}
out.1 >> ping
out.2 >> ping
out.3 >> ping
out.4 >> ping
out.5 >> ping
inp.1 << 19:07:03.862 [main] INFO Env - @{1 PONG}
inp.2 << 19:07:03.862 [main] INFO Env - @{2 PONG}
inp.5 << 19:07:03.862 [main] INFO Env - @{5 PONG}
inp.4 << 19:07:03.862 [main] INFO Env - @{4 PONG}
inp.3 << 19:07:03.862 [main] INFO Env - @{3 PONG}
out.5 >> lock
inp.5 << 19:07:03.862 [main] INFO Env - @{5 LOCKED}
out.5 >> unlock
inp.5 << 19:07:03.862 [main] INFO Env - @{5 UNLOCKED}
out.1 >> ping
out.2 >> ping
out.3 >> ping
out.4 >> ping
out.5 >> ping
inp.5 << 19:07:03.863 [main] INFO Env - @{5 PONG}
inp.1 << 19:07:03.863 [main] INFO Env - @{1 PONG}
inp.2 << 19:07:03.863 [main] INFO Env - @{2 PONG}
inp.4 << 19:07:03.863 [main] INFO Env - @{4 PONG}
inp.3 << 19:07:03.863 [main] INFO Env - @{3 PONG}
out.5 >> lock
inp.5 << 19:07:03.863 [main] INFO Env - @{5 LOCKED}
out.5 >> unlock
inp.5 << 19:07:03.863 [main] INFO Env - @{5 UNLOCKED}
out.1 >> ping
out.2 >> ping
out.3 >> ping
out.4 >> ping
out.5 >> ping
inp.5 << 19:07:03.863 [main] INFO Env - @{5 PONG}
inp.1 << 19:07:03.864 [main] INFO Env - @{1 PONG}
inp.2 << 19:07:03.864 [main] INFO Env - @{2 PONG}
inp.4 << 19:07:03.864 [main] INFO Env - @{4 PONG}
inp.3 << 19:07:03.864 [main] INFO Env - @{3 PONG}
out.5 >> lock
out.2 >> lock
inp.5 << 19:07:03.864 [main] INFO Env - @{5 LOCKED}
out.5 >> unlock
inp.5 << 19:07:03.864 [main] INFO Env - @{5 UNLOCKED}
inp.2 << 19:07:03.864 [main] INFO Env - @{2 SEND 3} Message(Ask)
inp.2 << 19:07:03.864 [main] INFO Env - @{2 SEND 4} Message(Ask)
inp.2 << 19:07:03.865 [main] INFO Env - @{2 SEND 5} Message(Ask)
inp.4 << 19:07:03.865 [main] INFO Env - @{4 RCVD 2} Message(Ask)
inp.4 << 19:07:03.865 [main] INFO Env - @{4 SEND 2} Message(Share)
inp.5 << 19:07:03.865 [main] INFO Env - @{5 RCVD 2} Message(Ask)
inp.5 << 19:07:03.865 [main] INFO Env - @{5 SEND 2} Message(Share)
inp.2 << 19:07:03.865 [main] INFO Env - @{2 RCVD 4} Message(Share)
inp.2 << 19:07:03.866 [main] INFO Env - @{2 RCVD 5} Message(Share)
inp.3 << 19:07:03.867 [main] INFO Env - @{3 RCVD 2} Message(Ask)
inp.3 << 19:07:03.867 [main] INFO Env - @{3 SEND 2} Message(Share)
inp.2 << 19:07:03.867 [main] INFO Env - @{2 RCVD 3} Message(Share)
inp.2 << 19:07:03.867 [main] INFO Env - @{2 LOCKED}
out.2 >> unlock
inp.2 << 19:07:03.867 [main] INFO Env - @{2 UNLOCKED}
out.1 >> ping
out.2 >> ping
out.3 >> ping
out.4 >> ping
out.5 >> ping
inp.5 << 19:07:03.868 [main] INFO Env - @{5 PONG}
inp.1 << 19:07:03.868 [main] INFO Env - @{1 PONG}
inp.2 << 19:07:03.868 [main] INFO Env - @{2 PONG}
inp.4 << 19:07:03.868 [main] INFO Env - @{4 PONG}
inp.3 << 19:07:03.868 [main] INFO Env - @{3 PONG}
out.5 >> lock
out.2 >> lock
inp.5 << 19:07:03.868 [main] INFO Env - @{5 SEND 2} Message(Ask)
inp.2 << 19:07:03.868 [main] INFO Env - @{2 LOCKED}
inp.2 << 19:07:03.868 [main] INFO Env - @{2 RCVD 5} Message(Ask)
out.2 >> unlock
inp.2 << 19:07:03.868 [main] INFO Env - @{2 UNLOCKED}
inp.2 << 19:07:03.868 [main] INFO Env - @{2 SEND 5} Message(Share)
inp.5 << 19:07:03.869 [main] INFO Env - @{5 RCVD 2} Message(Share)
inp.5 << 19:07:03.869 [main] INFO Env - @{5 LOCKED}
out.5 >> unlock
inp.5 << 19:07:03.869 [main] INFO Env - @{5 UNLOCKED}
out.1 >> ping
out.2 >> ping
out.3 >> ping
out.4 >> ping
out.5 >> ping
inp.5 << 19:07:03.869 [main] INFO Env - @{5 PONG}
inp.1 << 19:07:03.869 [main] INFO Env - @{1 PONG}
inp.2 << 19:07:03.869 [main] INFO Env - @{2 PONG}
inp.4 << 19:07:03.869 [main] INFO Env - @{4 PONG}
inp.3 << 19:07:03.869 [main] INFO Env - @{3 PONG}
out.5 >> lock
out.2 >> lock
inp.5 << 19:07:03.870 [main] INFO Env - @{5 LOCKED}
out.5 >> unlock
inp.5 << 19:07:03.870 [main] INFO Env - @{5 UNLOCKED}
inp.2 << 19:07:03.870 [main] INFO Env - @{2 SEND 5} Message(Ask)
inp.5 << 19:07:03.870 [main] INFO Env - @{5 RCVD 2} Message(Ask)
inp.5 << 19:07:03.870 [main] INFO Env - @{5 SEND 2} Message(Share)
inp.2 << 19:07:03.870 [main] INFO Env - @{2 RCVD 5} Message(Share)
inp.2 << 19:07:03.870 [main] INFO Env - @{2 LOCKED}
out.2 >> unlock
inp.2 << 19:07:03.870 [main] INFO Env - @{2 UNLOCKED}
out.1 >> ping
out.2 >> ping
out.3 >> ping
out.4 >> ping
out.5 >> ping
inp.5 << 19:07:03.871 [main] INFO Env - @{5 PONG}
inp.1 << 19:07:03.871 [main] INFO Env - @{1 PONG}
inp.2 << 19:07:03.871 [main] INFO Env - @{2 PONG}
inp.4 << 19:07:03.871 [main] INFO Env - @{4 PONG}
inp.3 << 19:07:03.871 [main] INFO Env - @{3 PONG}
out.1 >> ping
out.2 >> ping
out.3 >> ping
out.4 >> ping
out.5 >> ping
inp.5 << 19:07:03.872 [main] INFO Env - @{5 PONG}
inp.1 << 19:07:03.872 [main] INFO Env - @{1 PONG}
inp.2 << 19:07:03.872 [main] INFO Env - @{2 PONG}
inp.4 << 19:07:03.872 [main] INFO Env - @{4 PONG}
inp.3 << 19:07:03.872 [main] INFO Env - @{3 PONG}
out.1 >> lock
inp.1 << 19:07:03.872 [main] INFO Env - @{1 SEND 2} Message(Ask)
inp.1 << 19:07:03.872 [main] INFO Env - @{1 SEND 3} Message(Ask)
inp.1 << 19:07:03.872 [main] INFO Env - @{1 SEND 4} Message(Ask)
inp.2 << 19:07:03.872 [main] INFO Env - @{2 RCVD 1} Message(Ask)
inp.2 << 19:07:03.873 [main] INFO Env - @{2 SEND 1} Message(Share)
inp.1 << 19:07:03.873 [main] INFO Env - @{1 SEND 5} Message(Ask)
inp.1 << 19:07:03.873 [main] INFO Env - @{1 RCVD 2} Message(Share)
inp.5 << 19:07:03.873 [main] INFO Env - @{5 RCVD 1} Message(Ask)
inp.4 << 19:07:03.873 [main] INFO Env - @{4 RCVD 1} Message(Ask)
inp.4 << 19:07:03.873 [main] INFO Env - @{4 SEND 1} Message(Share)
inp.1 << 19:07:03.873 [main] INFO Env - @{1 RCVD 4} Message(Share)
inp.3 << 19:07:03.873 [main] INFO Env - @{3 RCVD 1} Message(Ask)
inp.3 << 19:07:03.873 [main] INFO Env - @{3 SEND 1} Message(Share)
inp.1 << 19:07:03.873 [main] INFO Env - @{1 RCVD 3} Message(Share)
inp.5 << 19:07:03.877 [main] INFO Env - @{5 SEND 1} Message(Share)
inp.1 << 19:07:03.877 [main] INFO Env - @{1 RCVD 5} Message(Share)
inp.1 << 19:07:03.878 [main] INFO Env - @{1 LOCKED}
out.1 >> unlock
inp.1 << 19:07:03.878 [main] INFO Env - @{1 UNLOCKED}
out.1 >> ping
out.2 >> ping
out.3 >> ping
out.4 >> ping
out.5 >> ping
inp.5 << 19:07:03.878 [main] INFO Env - @{5 PONG}
inp.1 << 19:07:03.878 [main] INFO Env - @{1 PONG}
inp.2 << 19:07:03.878 [main] INFO Env - @{2 PONG}
inp.4 << 19:07:03.879 [main] INFO Env - @{4 PONG}
inp.3 << 19:07:03.879 [main] INFO Env - @{3 PONG}
out.2 >> lock
inp.2 << 19:07:03.879 [main] INFO Env - @{2 SEND 1} Message(Ask)
inp.1 << 19:07:03.879 [main] INFO Env - @{1 RCVD 2} Message(Ask)
inp.1 << 19:07:03.879 [main] INFO Env - @{1 SEND 2} Message(Share)
inp.2 << 19:07:03.879 [main] INFO Env - @{2 RCVD 1} Message(Share)
inp.2 << 19:07:03.879 [main] INFO Env - @{2 LOCKED}
out.2 >> unlock
inp.2 << 19:07:03.879 [main] INFO Env - @{2 UNLOCKED}
out.1 >> ping
out.2 >> ping
out.3 >> ping
out.4 >> ping
out.5 >> ping
inp.1 << 19:07:03.880 [main] INFO Env - @{1 PONG}
inp.5 << 19:07:03.880 [main] INFO Env - @{5 PONG}
inp.2 << 19:07:03.880 [main] INFO Env - @{2 PONG}
inp.4 << 19:07:03.880 [main] INFO Env - @{4 PONG}
inp.3 << 19:07:03.880 [main] INFO Env - @{3 PONG}
out.3 >> lock
inp.3 << 19:07:03.880 [main] INFO Env - @{3 SEND 1} Message(Ask)
inp.3 << 19:07:03.880 [main] INFO Env - @{3 SEND 2} Message(Ask)
inp.3 << 19:07:03.880 [main] INFO Env - @{3 SEND 4} Message(Ask)
inp.2 << 19:07:03.880 [main] INFO Env - @{2 RCVD 3} Message(Ask)
inp.1 << 19:07:03.880 [main] INFO Env - @{1 RCVD 3} Message(Ask)
inp.2 << 19:07:03.880 [main] INFO Env - @{2 SEND 3} Message(Share)
inp.1 << 19:07:03.880 [main] INFO Env - @{1 SEND 3} Message(Share)
inp.4 << 19:07:03.880 [main] INFO Env - @{4 RCVD 3} Message(Ask)
inp.4 << 19:07:03.880 [main] INFO Env - @{4 SEND 3} Message(Share)
inp.3 << 19:07:03.880 [main] INFO Env - @{3 SEND 5} Message(Ask)
inp.3 << 19:07:03.881 [main] INFO Env - @{3 RCVD 2} Message(Share)
inp.3 << 19:07:03.881 [main] INFO Env - @{3 RCVD 1} Message(Share)
inp.3 << 19:07:03.881 [main] INFO Env - @{3 RCVD 4} Message(Share)
inp.5 << 19:07:03.881 [main] INFO Env - @{5 RCVD 3} Message(Ask)
inp.5 << 19:07:03.881 [main] INFO Env - @{5 SEND 3} Message(Share)
inp.3 << 19:07:03.881 [main] INFO Env - @{3 RCVD 5} Message(Share)
inp.3 << 19:07:03.881 [main] INFO Env - @{3 LOCKED}
out.3 >> unlock
inp.3 << 19:07:03.881 [main] INFO Env - @{3 UNLOCKED}
out.1 >> ping
out.2 >> ping
out.3 >> ping
out.4 >> ping
out.5 >> ping
inp.5 << 19:07:03.881 [main] INFO Env - @{5 PONG}
inp.1 << 19:07:03.881 [main] INFO Env - @{1 PONG}
inp.3 << 19:07:03.881 [main] INFO Env - @{3 PONG}
inp.2 << 19:07:03.881 [main] INFO Env - @{2 PONG}
inp.4 << 19:07:03.881 [main] INFO Env - @{4 PONG}
out.4 >> lock
inp.4 << 19:07:03.882 [main] INFO Env - @{4 SEND 1} Message(Ask)
inp.4 << 19:07:03.882 [main] INFO Env - @{4 SEND 2} Message(Ask)
inp.4 << 19:07:03.882 [main] INFO Env - @{4 SEND 3} Message(Ask)
inp.1 << 19:07:03.882 [main] INFO Env - @{1 RCVD 4} Message(Ask)
inp.1 << 19:07:03.882 [main] INFO Env - @{1 SEND 4} Message(Share)
inp.4 << 19:07:03.882 [main] INFO Env - @{4 SEND 5} Message(Ask)
inp.4 << 19:07:03.883 [main] INFO Env - @{4 RCVD 1} Message(Share)
inp.5 << 19:07:03.883 [main] INFO Env - @{5 RCVD 4} Message(Ask)
inp.5 << 19:07:03.883 [main] INFO Env - @{5 SEND 4} Message(Share)
inp.2 << 19:07:03.883 [main] INFO Env - @{2 RCVD 4} Message(Ask)
inp.2 << 19:07:03.883 [main] INFO Env - @{2 SEND 4} Message(Share)
inp.4 << 19:07:03.883 [main] INFO Env - @{4 RCVD 5} Message(Share)
inp.4 << 19:07:03.883 [main] INFO Env - @{4 RCVD 2} Message(Share)
inp.3 << 19:07:03.883 [main] INFO Env - @{3 RCVD 4} Message(Ask)
inp.3 << 19:07:03.883 [main] INFO Env - @{3 SEND 4} Message(Share)
inp.4 << 19:07:03.883 [main] INFO Env - @{4 RCVD 3} Message(Share)
inp.4 << 19:07:03.883 [main] INFO Env - @{4 LOCKED}
out.4 >> unlock
inp.4 << 19:07:03.883 [main] INFO Env - @{4 UNLOCKED}
out.1 >> ping
out.2 >> ping
out.3 >> ping
out.4 >> ping
out.5 >> ping
inp.5 << 19:07:03.883 [main] INFO Env - @{5 PONG}
inp.1 << 19:07:03.884 [main] INFO Env - @{1 PONG}
inp.2 << 19:07:03.884 [main] INFO Env - @{2 PONG}
inp.4 << 19:07:03.884 [main] INFO Env - @{4 PONG}
inp.3 << 19:07:03.884 [main] INFO Env - @{3 PONG}
out.5 >> lock
inp.5 << 19:07:03.884 [main] INFO Env - @{5 SEND 1} Message(Ask)
inp.5 << 19:07:03.884 [main] INFO Env - @{5 SEND 2} Message(Ask)
inp.5 << 19:07:03.884 [main] INFO Env - @{5 SEND 3} Message(Ask)
inp.1 << 19:07:03.884 [main] INFO Env - @{1 RCVD 5} Message(Ask)
inp.1 << 19:07:03.884 [main] INFO Env - @{1 SEND 5} Message(Share)
inp.5 << 19:07:03.884 [main] INFO Env - @{5 SEND 4} Message(Ask)
inp.3 << 19:07:03.885 [main] INFO Env - @{3 RCVD 5} Message(Ask)
inp.3 << 19:07:03.885 [main] INFO Env - @{3 SEND 5} Message(Share)
inp.5 << 19:07:03.885 [main] INFO Env - @{5 RCVD 1} Message(Share)
inp.5 << 19:07:03.885 [main] INFO Env - @{5 RCVD 3} Message(Share)
inp.2 << 19:07:03.885 [main] INFO Env - @{2 RCVD 5} Message(Ask)
inp.2 << 19:07:03.885 [main] INFO Env - @{2 SEND 5} Message(Share)
inp.4 << 19:07:03.885 [main] INFO Env - @{4 RCVD 5} Message(Ask)
inp.4 << 19:07:03.885 [main] INFO Env - @{4 SEND 5} Message(Share)
inp.5 << 19:07:03.885 [main] INFO Env - @{5 RCVD 2} Message(Share)
inp.5 << 19:07:03.885 [main] INFO Env - @{5 RCVD 4} Message(Share)
inp.5 << 19:07:03.885 [main] INFO Env - @{5 LOCKED}
out.5 >> unlock
inp.5 << 19:07:03.885 [main] INFO Env - @{5 UNLOCKED}
out.1 >> ping
out.2 >> ping
out.3 >> ping
out.4 >> ping
out.5 >> ping
inp.5 << 19:07:03.885 [main] INFO Env - @{5 PONG}
inp.1 << 19:07:03.885 [main] INFO Env - @{1 PONG}
inp.2 << 19:07:03.886 [main] INFO Env - @{2 PONG}
inp.4 << 19:07:03.886 [main] INFO Env - @{4 PONG}
inp.3 << 19:07:03.886 [main] INFO Env - @{3 PONG}
out.1 >> lock
out.4 >> lock
out.2 >> lock
out.5 >> lock
out.3 >> lock
inp.5 << 19:07:03.886 [main] INFO Env - @{5 LOCKED}
out.5 >> unlock
inp.5 << 19:07:03.886 [main] INFO Env - @{5 UNLOCKED}
inp.1 << 19:07:03.886 [main] INFO Env - @{1 SEND 2} Message(Ask)
inp.1 << 19:07:03.887 [main] INFO Env - @{1 SEND 3} Message(Ask)
inp.1 << 19:07:03.887 [main] INFO Env - @{1 SEND 4} Message(Ask)
inp.4 << 19:07:03.887 [main] INFO Env - @{4 SEND 5} Message(Ask)
inp.4 << 19:07:03.887 [main] INFO Env - @{4 RCVD 1} Message(Ask)
inp.4 << 19:07:03.887 [main] INFO Env - @{4 SEND 1} Message(Share)
inp.4 << 19:07:03.887 [main] INFO Env - @{4 SEND 1} Message(Ask)
inp.1 << 19:07:03.887 [main] INFO Env - @{1 SEND 5} Message(Ask)
inp.5 << 19:07:03.887 [main] INFO Env - @{5 RCVD 4} Message(Ask)
inp.2 << 19:07:03.887 [main] INFO Env - @{2 SEND 3} Message(Ask)
inp.2 << 19:07:03.887 [main] INFO Env - @{2 SEND 4} Message(Ask)
inp.5 << 19:07:03.887 [main] INFO Env - @{5 SEND 4} Message(Share)
inp.5 << 19:07:03.887 [main] INFO Env - @{5 RCVD 1} Message(Ask)
inp.5 << 19:07:03.887 [main] INFO Env - @{5 SEND 1} Message(Share)
inp.2 << 19:07:03.887 [main] INFO Env - @{2 SEND 5} Message(Ask)
inp.1 << 19:07:03.887 [main] INFO Env - @{1 RCVD 4} Message(Share)
inp.1 << 19:07:03.887 [main] INFO Env - @{1 RCVD 4} Message(Ask)
inp.1 << 19:07:03.887 [main] INFO Env - @{1 RCVD 5} Message(Share)
inp.5 << 19:07:03.887 [main] INFO Env - @{5 RCVD 2} Message(Ask)
inp.5 << 19:07:03.887 [main] INFO Env - @{5 SEND 2} Message(Share)
inp.2 << 19:07:03.887 [main] INFO Env - @{2 RCVD 1} Message(Ask)
inp.2 << 19:07:03.887 [main] INFO Env - @{2 SEND 1} Message(Share)
inp.2 << 19:07:03.887 [main] INFO Env - @{2 SEND 1} Message(Ask)
inp.4 << 19:07:03.887 [main] INFO Env - @{4 RCVD 5} Message(Share)
inp.4 << 19:07:03.887 [main] INFO Env - @{4 RCVD 2} Message(Ask)
inp.4 << 19:07:03.887 [main] INFO Env - @{4 SEND 2} Message(Share)
inp.1 << 19:07:03.887 [main] INFO Env - @{1 RCVD 2} Message(Share)
inp.1 << 19:07:03.887 [main] INFO Env - @{1 RCVD 2} Message(Ask)
inp.4 << 19:07:03.888 [main] INFO Env - @{4 SEND 2} Message(Ask)
inp.2 << 19:07:03.888 [main] INFO Env - @{2 RCVD 5} Message(Share)
inp.2 << 19:07:03.888 [main] INFO Env - @{2 RCVD 4} Message(Share)
inp.2 << 19:07:03.888 [main] INFO Env - @{2 RCVD 4} Message(Ask)
inp.3 << 19:07:03.888 [main] INFO Env - @{3 SEND 4} Message(Ask)
inp.3 << 19:07:03.888 [main] INFO Env - @{3 SEND 5} Message(Ask)
inp.4 << 19:07:03.888 [main] INFO Env - @{4 RCVD 3} Message(Ask)
inp.4 << 19:07:03.888 [main] INFO Env - @{4 SEND 3} Message(Share)
inp.5 << 19:07:03.888 [main] INFO Env - @{5 RCVD 3} Message(Ask)
inp.5 << 19:07:03.888 [main] INFO Env - @{5 SEND 3} Message(Share)
inp.4 << 19:07:03.888 [main] INFO Env - @{4 SEND 3} Message(Ask)
inp.3 << 19:07:03.888 [main] INFO Env - @{3 RCVD 1} Message(Ask)
inp.3 << 19:07:03.889 [main] INFO Env - @{3 SEND 1} Message(Share)
inp.3 << 19:07:03.889 [main] INFO Env - @{3 SEND 1} Message(Ask)
inp.1 << 19:07:03.889 [main] INFO Env - @{1 RCVD 3} Message(Share)
inp.1 << 19:07:03.889 [main] INFO Env - @{1 LOCKED}
out.1 >> unlock
inp.1 << 19:07:03.890 [main] INFO Env - @{1 RCVD 3} Message(Ask)
inp.1 << 19:07:03.890 [main] INFO Env - @{1 UNLOCKED}
inp.1 << 19:07:03.890 [main] INFO Env - @{1 SEND 2} Message(Share)
inp.1 << 19:07:03.891 [main] INFO Env - @{1 SEND 3} Message(Share)
inp.1 << 19:07:03.891 [main] INFO Env - @{1 SEND 4} Message(Share)
inp.4 << 19:07:03.891 [main] INFO Env - @{4 RCVD 1} Message(Share)
inp.2 << 19:07:03.891 [main] INFO Env - @{2 RCVD 1} Message(Share)
inp.3 << 19:07:03.891 [main] INFO Env - @{3 RCVD 2} Message(Ask)
inp.3 << 19:07:03.891 [main] INFO Env - @{3 SEND 2} Message(Share)
inp.3 << 19:07:03.891 [main] INFO Env - @{3 SEND 2} Message(Ask)
inp.3 << 19:07:03.891 [main] INFO Env - @{3 RCVD 4} Message(Share)
inp.3 << 19:07:03.891 [main] INFO Env - @{3 RCVD 5} Message(Share)
inp.3 << 19:07:03.891 [main] INFO Env - @{3 RCVD 4} Message(Ask)
inp.3 << 19:07:03.891 [main] INFO Env - @{3 RCVD 1} Message(Share)
inp.2 << 19:07:03.891 [main] INFO Env - @{2 RCVD 3} Message(Share)
inp.2 << 19:07:03.891 [main] INFO Env - @{2 LOCKED}
inp.2 << 19:07:03.891 [main] INFO Env - @{2 RCVD 3} Message(Ask)
out.2 >> unlock
inp.2 << 19:07:03.892 [main] INFO Env - @{2 UNLOCKED}
inp.2 << 19:07:03.892 [main] INFO Env - @{2 SEND 3} Message(Share)
inp.2 << 19:07:03.892 [main] INFO Env - @{2 SEND 4} Message(Share)
inp.3 << 19:07:03.892 [main] INFO Env - @{3 RCVD 2} Message(Share)
inp.3 << 19:07:03.892 [main] INFO Env - @{3 LOCKED}
out.3 >> unlock
inp.4 << 19:07:03.892 [main] INFO Env - @{4 RCVD 2} Message(Share)
inp.3 << 19:07:03.892 [main] INFO Env - @{3 UNLOCKED}
inp.3 << 19:07:03.892 [main] INFO Env - @{3 SEND 4} Message(Share)
inp.4 << 19:07:03.892 [main] INFO Env - @{4 RCVD 3} Message(Share)
inp.4 << 19:07:03.892 [main] INFO Env - @{4 LOCKED}
out.4 >> unlock
inp.4 << 19:07:03.894 [main] INFO Env - @{4 UNLOCKED}
out.1 >> ping
out.2 >> ping
out.3 >> ping
out.4 >> ping
out.5 >> ping
inp.1 << 19:07:03.895 [main] INFO Env - @{1 PONG}
inp.2 << 19:07:03.895 [main] INFO Env - @{2 PONG}
inp.5 << 19:07:03.895 [main] INFO Env - @{5 PONG}
inp.4 << 19:07:03.895 [main] INFO Env - @{4 PONG}
inp.3 << 19:07:03.895 [main] INFO Env - @{3 PONG}
out.2 >> lock
inp.2 << 19:07:03.895 [main] INFO Env - @{2 SEND 3} Message(Ask)
inp.2 << 19:07:03.895 [main] INFO Env - @{2 SEND 4} Message(Ask)
inp.4 << 19:07:03.895 [main] INFO Env - @{4 RCVD 2} Message(Ask)
inp.4 << 19:07:03.895 [main] INFO Env - @{4 SEND 2} Message(Share)
inp.2 << 19:07:03.895 [main] INFO Env - @{2 RCVD 4} Message(Share)
inp.3 << 19:07:03.896 [main] INFO Env - @{3 RCVD 2} Message(Ask)
inp.3 << 19:07:03.896 [main] INFO Env - @{3 SEND 2} Message(Share)
inp.2 << 19:07:03.896 [main] INFO Env - @{2 RCVD 3} Message(Share)
inp.2 << 19:07:03.896 [main] INFO Env - @{2 LOCKED}
out.2 >> unlock
inp.2 << 19:07:03.896 [main] INFO Env - @{2 UNLOCKED}
out.1 >> ping
out.2 >> ping
out.3 >> ping
out.4 >> ping
out.5 >> ping
inp.5 << 19:07:03.896 [main] INFO Env - @{5 PONG}
inp.1 << 19:07:03.897 [main] INFO Env - @{1 PONG}
inp.2 << 19:07:03.897 [main] INFO Env - @{2 PONG}
inp.4 << 19:07:03.897 [main] INFO Env - @{4 PONG}
inp.3 << 19:07:03.897 [main] INFO Env - @{3 PONG}
out.2 >> lock
inp.2 << 19:07:03.897 [main] INFO Env - @{2 LOCKED}
out.2 >> unlock
inp.2 << 19:07:03.897 [main] INFO Env - @{2 UNLOCKED}
out.1 >> ping
out.2 >> ping
out.3 >> ping
out.4 >> ping
out.5 >> ping
inp.2 << 19:07:03.897 [main] INFO Env - @{2 PONG}
inp.1 << 19:07:03.897 [main] INFO Env - @{1 PONG}
inp.5 << 19:07:03.898 [main] INFO Env - @{5 PONG}
inp.4 << 19:07:03.898 [main] INFO Env - @{4 PONG}
inp.3 << 19:07:03.898 [main] INFO Env - @{3 PONG}
out.2 >> lock
inp.2 << 19:07:03.898 [main] INFO Env - @{2 LOCKED}
out.2 >> unlock
inp.2 << 19:07:03.898 [main] INFO Env - @{2 UNLOCKED}
out.1 >> ping
out.2 >> ping
out.3 >> ping
out.4 >> ping
out.5 >> ping
inp.2 << 19:07:03.899 [main] INFO Env - @{2 PONG}
inp.5 << 19:07:03.899 [main] INFO Env - @{5 PONG}
inp.1 << 19:07:03.899 [main] INFO Env - @{1 PONG}
inp.4 << 19:07:03.899 [main] INFO Env - @{4 PONG}
inp.3 << 19:07:03.899 [main] INFO Env - @{3 PONG}
out.2 >> lock
out.4 >> lock
inp.2 << 19:07:03.899 [main] INFO Env - @{2 LOCKED}
inp.4 << 19:07:03.899 [main] INFO Env - @{4 SEND 2} Message(Ask)
out.2 >> unlock
inp.2 << 19:07:03.899 [main] INFO Env - @{2 RCVD 4} Message(Ask)
inp.2 << 19:07:03.899 [main] INFO Env - @{2 UNLOCKED}
inp.2 << 19:07:03.899 [main] INFO Env - @{2 SEND 4} Message(Share)
inp.4 << 19:07:03.900 [main] INFO Env - @{4 RCVD 2} Message(Share)
inp.4 << 19:07:03.900 [main] INFO Env - @{4 LOCKED}
out.4 >> unlock
inp.4 << 19:07:03.900 [main] INFO Env - @{4 UNLOCKED}
out.1 >> ping
out.2 >> ping
out.3 >> ping
out.4 >> ping
out.5 >> ping
inp.5 << 19:07:03.900 [main] INFO Env - @{5 PONG}
inp.2 << 19:07:03.900 [main] INFO Env - @{2 PONG}
inp.4 << 19:07:03.900 [main] INFO Env - @{4 PONG}
inp.1 << 19:07:03.900 [main] INFO Env - @{1 PONG}
inp.3 << 19:07:03.900 [main] INFO Env - @{3 PONG}
out.2 >> lock
out.4 >> lock
inp.2 << 19:07:03.901 [main] INFO Env - @{2 SEND 4} Message(Ask)
inp.4 << 19:07:03.901 [main] INFO Env - @{4 LOCKED}
out.4 >> unlock
inp.4 << 19:07:03.901 [main] INFO Env - @{4 RCVD 2} Message(Ask)
inp.4 << 19:07:03.901 [main] INFO Env - @{4 UNLOCKED}
inp.4 << 19:07:03.901 [main] INFO Env - @{4 SEND 2} Message(Share)
inp.2 << 19:07:03.901 [main] INFO Env - @{2 RCVD 4} Message(Share)
inp.2 << 19:07:03.901 [main] INFO Env - @{2 LOCKED}
out.2 >> unlock
inp.2 << 19:07:03.901 [main] INFO Env - @{2 UNLOCKED}
out.1 >> ping
out.2 >> ping
out.3 >> ping
out.4 >> ping
out.5 >> ping
inp.2 << 19:07:03.901 [main] INFO Env - @{2 PONG}
inp.1 << 19:07:03.901 [main] INFO Env - @{1 PONG}
inp.5 << 19:07:03.901 [main] INFO Env - @{5 PONG}
inp.4 << 19:07:03.901 [main] INFO Env - @{4 PONG}
inp.3 << 19:07:03.901 [main] INFO Env - @{3 PONG}
out.2 >> lock
out.4 >> lock
inp.2 << 19:07:03.902 [main] INFO Env - @{2 LOCKED}
out.2 >> unlock
inp.4 << 19:07:03.902 [main] INFO Env - @{4 SEND 2} Message(Ask)
inp.2 << 19:07:03.902 [main] INFO Env - @{2 UNLOCKED}
inp.2 << 19:07:03.902 [main] INFO Env - @{2 RCVD 4} Message(Ask)
inp.2 << 19:07:03.902 [main] INFO Env - @{2 SEND 4} Message(Share)
inp.4 << 19:07:03.902 [main] INFO Env - @{4 RCVD 2} Message(Share)
inp.4 << 19:07:03.902 [main] INFO Env - @{4 LOCKED}
out.4 >> unlock
inp.4 << 19:07:03.902 [main] INFO Env - @{4 UNLOCKED}
out.1 >> ping
out.2 >> ping
out.3 >> ping
out.4 >> ping
out.5 >> ping
inp.1 << 19:07:03.903 [main] INFO Env - @{1 PONG}
inp.5 << 19:07:03.903 [main] INFO Env - @{5 PONG}
inp.4 << 19:07:03.903 [main] INFO Env - @{4 PONG}
inp.2 << 19:07:03.903 [main] INFO Env - @{2 PONG}
inp.3 << 19:07:03.903 [main] INFO Env - @{3 PONG}
out.1 >> ping
out.2 >> ping
out.3 >> ping
out.4 >> ping
out.5 >> ping
inp.5 << 19:07:03.903 [main] INFO Env - @{5 PONG}
inp.1 << 19:07:03.903 [main] INFO Env - @{1 PONG}
inp.2 << 19:07:03.903 [main] INFO Env - @{2 PONG}
inp.4 << 19:07:03.903 [main] INFO Env - @{4 PONG}
inp.3 << 19:07:03.903 [main] INFO Env - @{3 PONG}
out.1 >> lock
inp.1 << 19:07:03.903 [main] INFO Env - @{1 SEND 2} Message(Ask)
inp.1 << 19:07:03.904 [main] INFO Env - @{1 SEND 3} Message(Ask)
inp.1 << 19:07:03.904 [main] INFO Env - @{1 SEND 4} Message(Ask)
inp.2 << 19:07:03.904 [main] INFO Env - @{2 RCVD 1} Message(Ask)
inp.2 << 19:07:03.904 [main] INFO Env - @{2 SEND 1} Message(Share)
inp.3 << 19:07:03.904 [main] INFO Env - @{3 RCVD 1} Message(Ask)
inp.3 << 19:07:03.904 [main] INFO Env - @{3 SEND 1} Message(Share)
inp.4 << 19:07:03.904 [main] INFO Env - @{4 RCVD 1} Message(Ask)
inp.1 << 19:07:03.904 [main] INFO Env - @{1 RCVD 2} Message(Share)
inp.4 << 19:07:03.904 [main] INFO Env - @{4 SEND 1} Message(Share)
inp.1 << 19:07:03.904 [main] INFO Env - @{1 RCVD 3} Message(Share)
inp.1 << 19:07:03.904 [main] INFO Env - @{1 RCVD 4} Message(Share)
inp.1 << 19:07:03.904 [main] INFO Env - @{1 LOCKED}
out.1 >> unlock
inp.1 << 19:07:03.904 [main] INFO Env - @{1 UNLOCKED}
out.1 >> ping
out.2 >> ping
out.3 >> ping
out.4 >> ping
out.5 >> ping
inp.1 << 19:07:03.904 [main] INFO Env - @{1 PONG}
inp.5 << 19:07:03.904 [main] INFO Env - @{5 PONG}
inp.2 << 19:07:03.904 [main] INFO Env - @{2 PONG}
inp.4 << 19:07:03.904 [main] INFO Env - @{4 PONG}
inp.3 << 19:07:03.904 [main] INFO Env - @{3 PONG}
out.2 >> lock
inp.2 << 19:07:03.905 [main] INFO Env - @{2 SEND 1} Message(Ask)
inp.2 << 19:07:03.905 [main] INFO Env - @{2 SEND 4} Message(Ask)
inp.4 << 19:07:03.905 [main] INFO Env - @{4 RCVD 2} Message(Ask)
inp.4 << 19:07:03.905 [main] INFO Env - @{4 SEND 2} Message(Share)
inp.1 << 19:07:03.905 [main] INFO Env - @{1 RCVD 2} Message(Ask)
inp.1 << 19:07:03.905 [main] INFO Env - @{1 SEND 2} Message(Share)
inp.2 << 19:07:03.905 [main] INFO Env - @{2 RCVD 4} Message(Share)
inp.2 << 19:07:03.905 [main] INFO Env - @{2 RCVD 1} Message(Share)
inp.2 << 19:07:03.905 [main] INFO Env - @{2 LOCKED}
out.2 >> unlock
inp.2 << 19:07:03.905 [main] INFO Env - @{2 UNLOCKED}
out.1 >> ping
out.2 >> ping
out.3 >> ping
out.4 >> ping
out.5 >> ping
inp.5 << 19:07:03.906 [main] INFO Env - @{5 PONG}
inp.2 << 19:07:03.906 [main] INFO Env - @{2 PONG}
inp.1 << 19:07:03.906 [main] INFO Env - @{1 PONG}
inp.4 << 19:07:03.906 [main] INFO Env - @{4 PONG}
inp.3 << 19:07:03.906 [main] INFO Env - @{3 PONG}
out.3 >> lock
inp.3 << 19:07:03.906 [main] INFO Env - @{3 SEND 1} Message(Ask)
inp.1 << 19:07:03.907 [main] INFO Env - @{1 RCVD 3} Message(Ask)
inp.1 << 19:07:03.907 [main] INFO Env - @{1 SEND 3} Message(Share)
inp.3 << 19:07:03.907 [main] INFO Env - @{3 SEND 2} Message(Ask)
inp.3 << 19:07:03.907 [main] INFO Env - @{3 SEND 4} Message(Ask)
inp.3 << 19:07:03.907 [main] INFO Env - @{3 RCVD 1} Message(Share)
inp.2 << 19:07:03.907 [main] INFO Env - @{2 RCVD 3} Message(Ask)
inp.4 << 19:07:03.907 [main] INFO Env - @{4 RCVD 3} Message(Ask)
inp.2 << 19:07:03.907 [main] INFO Env - @{2 SEND 3} Message(Share)
inp.4 << 19:07:03.907 [main] INFO Env - @{4 SEND 3} Message(Share)
inp.3 << 19:07:03.907 [main] INFO Env - @{3 RCVD 2} Message(Share)
inp.3 << 19:07:03.907 [main] INFO Env - @{3 RCVD 4} Message(Share)
inp.3 << 19:07:03.907 [main] INFO Env - @{3 LOCKED}
out.3 >> unlock
inp.3 << 19:07:03.907 [main] INFO Env - @{3 UNLOCKED}
out.1 >> ping
out.2 >> ping
out.3 >> ping
out.4 >> ping
out.5 >> ping
inp.5 << 19:07:03.908 [main] INFO Env - @{5 PONG}
inp.1 << 19:07:03.908 [main] INFO Env - @{1 PONG}
inp.2 << 19:07:03.908 [main] INFO Env - @{2 PONG}
inp.4 << 19:07:03.908 [main] INFO Env - @{4 PONG}
inp.3 << 19:07:03.908 [main] INFO Env - @{3 PONG}
out.4 >> lock
inp.4 << 19:07:03.908 [main] INFO Env - @{4 SEND 1} Message(Ask)
inp.4 << 19:07:03.908 [main] INFO Env - @{4 SEND 2} Message(Ask)
inp.4 << 19:07:03.908 [main] INFO Env - @{4 SEND 3} Message(Ask)
inp.1 << 19:07:03.908 [main] INFO Env - @{1 RCVD 4} Message(Ask)
inp.1 << 19:07:03.908 [main] INFO Env - @{1 SEND 4} Message(Share)
inp.2 << 19:07:03.908 [main] INFO Env - @{2 RCVD 4} Message(Ask)
inp.2 << 19:07:03.908 [main] INFO Env - @{2 SEND 4} Message(Share)
inp.3 << 19:07:03.908 [main] INFO Env - @{3 RCVD 4} Message(Ask)
inp.3 << 19:07:03.908 [main] INFO Env - @{3 SEND 4} Message(Share)
inp.4 << 19:07:03.908 [main] INFO Env - @{4 RCVD 1} Message(Share)
inp.4 << 19:07:03.908 [main] INFO Env - @{4 RCVD 2} Message(Share)
inp.4 << 19:07:03.908 [main] INFO Env - @{4 RCVD 3} Message(Share)
inp.4 << 19:07:03.908 [main] INFO Env - @{4 LOCKED}
out.4 >> unlock
inp.4 << 19:07:03.909 [main] INFO Env - @{4 UNLOCKED}
out.1 >> ping
out.2 >> ping
out.3 >> ping
out.4 >> ping
out.5 >> ping
inp.5 << 19:07:03.909 [main] INFO Env - @{5 PONG}
inp.1 << 19:07:03.909 [main] INFO Env - @{1 PONG}
inp.2 << 19:07:03.909 [main] INFO Env - @{2 PONG}
inp.4 << 19:07:03.909 [main] INFO Env - @{4 PONG}
inp.3 << 19:07:03.909 [main] INFO Env - @{3 PONG}
out.5 >> lock
inp.5 << 19:07:03.910 [main] INFO Env - @{5 SEND 1} Message(Ask)
inp.5 << 19:07:03.910 [main] INFO Env - @{5 SEND 2} Message(Ask)
inp.5 << 19:07:03.910 [main] INFO Env - @{5 SEND 3} Message(Ask)
inp.5 << 19:07:03.910 [main] INFO Env - @{5 SEND 4} Message(Ask)
inp.1 << 19:07:03.910 [main] INFO Env - @{1 RCVD 5} Message(Ask)
inp.2 << 19:07:03.910 [main] INFO Env - @{2 RCVD 5} Message(Ask)
inp.1 << 19:07:03.910 [main] INFO Env - @{1 SEND 5} Message(Share)
inp.4 << 19:07:03.910 [main] INFO Env - @{4 RCVD 5} Message(Ask)
inp.2 << 19:07:03.910 [main] INFO Env - @{2 SEND 5} Message(Share)
inp.4 << 19:07:03.911 [main] INFO Env - @{4 SEND 5} Message(Share)
inp.5 << 19:07:03.911 [main] INFO Env - @{5 RCVD 1} Message(Share)
inp.5 << 19:07:03.911 [main] INFO Env - @{5 RCVD 2} Message(Share)
inp.3 << 19:07:03.911 [main] INFO Env - @{3 RCVD 5} Message(Ask)
inp.3 << 19:07:03.911 [main] INFO Env - @{3 SEND 5} Message(Share)
inp.5 << 19:07:03.911 [main] INFO Env - @{5 RCVD 4} Message(Share)
inp.5 << 19:07:03.911 [main] INFO Env - @{5 RCVD 3} Message(Share)
inp.5 << 19:07:03.911 [main] INFO Env - @{5 LOCKED}
out.5 >> unlock
inp.5 << 19:07:03.911 [main] INFO Env - @{5 UNLOCKED}
out.1 >> ping
out.2 >> ping
out.3 >> ping
out.4 >> ping
out.5 >> ping
inp.5 << 19:07:03.911 [main] INFO Env - @{5 PONG}
inp.2 << 19:07:03.912 [main] INFO Env - @{2 PONG}
inp.1 << 19:07:03.912 [main] INFO Env - @{1 PONG}
inp.4 << 19:07:03.912 [main] INFO Env - @{4 PONG}
inp.3 << 19:07:03.912 [main] INFO Env - @{3 PONG}
out.4 >> lock
out.2 >> lock
out.3 >> lock
out.1 >> lock
out.5 >> lock
inp.5 << 19:07:03.915 [main] INFO Env - @{5 LOCKED}
inp.2 << 19:07:03.915 [main] INFO Env - @{2 SEND 3} Message(Ask)
inp.2 << 19:07:03.916 [main] INFO Env - @{2 SEND 4} Message(Ask)
out.5 >> unlock
inp.5 << 19:07:03.927 [main] INFO Env - @{5 UNLOCKED}
inp.2 << 19:07:03.928 [main] INFO Env - @{2 SEND 5} Message(Ask)
inp.5 << 19:07:03.929 [main] INFO Env - @{5 RCVD 2} Message(Ask)
inp.5 << 19:07:03.929 [main] INFO Env - @{5 SEND 2} Message(Share)
inp.2 << 19:07:03.929 [main] INFO Env - @{2 RCVD 5} Message(Share)
inp.4 << 19:07:03.929 [main] INFO Env - @{4 SEND 5} Message(Ask)
inp.5 << 19:07:03.929 [main] INFO Env - @{5 RCVD 4} Message(Ask)
inp.5 << 19:07:03.929 [main] INFO Env - @{5 SEND 4} Message(Share)
inp.4 << 19:07:03.929 [main] INFO Env - @{4 RCVD 2} Message(Ask)
inp.4 << 19:07:03.929 [main] INFO Env - @{4 SEND 2} Message(Share)
inp.4 << 19:07:03.930 [main] INFO Env - @{4 SEND 2} Message(Ask)
inp.4 << 19:07:03.930 [main] INFO Env - @{4 RCVD 5} Message(Share)
inp.2 << 19:07:03.930 [main] INFO Env - @{2 RCVD 4} Message(Share)
inp.2 << 19:07:03.930 [main] INFO Env - @{2 RCVD 4} Message(Ask)
inp.1 << 19:07:03.930 [main] INFO Env - @{1 SEND 2} Message(Ask)
inp.1 << 19:07:03.931 [main] INFO Env - @{1 SEND 3} Message(Ask)
inp.3 << 19:07:03.931 [main] INFO Env - @{3 SEND 4} Message(Ask)
inp.2 << 19:07:03.931 [main] INFO Env - @{2 RCVD 1} Message(Ask)
inp.3 << 19:07:03.931 [main] INFO Env - @{3 SEND 5} Message(Ask)
inp.2 << 19:07:03.931 [main] INFO Env - @{2 SEND 1} Message(Share)
inp.2 << 19:07:03.932 [main] INFO Env - @{2 SEND 1} Message(Ask)
inp.5 << 19:07:03.931 [main] INFO Env - @{5 RCVD 3} Message(Ask)
inp.5 << 19:07:03.932 [main] INFO Env - @{5 SEND 3} Message(Share)
inp.1 << 19:07:03.932 [main] INFO Env - @{1 SEND 4} Message(Ask)
inp.1 << 19:07:03.932 [main] INFO Env - @{1 SEND 5} Message(Ask)
inp.3 << 19:07:03.932 [main] INFO Env - @{3 RCVD 2} Message(Ask)
inp.3 << 19:07:03.932 [main] INFO Env - @{3 SEND 2} Message(Share)
inp.1 << 19:07:03.932 [main] INFO Env - @{1 RCVD 2} Message(Share)
inp.4 << 19:07:03.932 [main] INFO Env - @{4 RCVD 3} Message(Ask)
inp.3 << 19:07:03.932 [main] INFO Env - @{3 SEND 2} Message(Ask)
inp.3 << 19:07:03.932 [main] INFO Env - @{3 RCVD 1} Message(Ask)
inp.4 << 19:07:03.932 [main] INFO Env - @{4 SEND 3} Message(Share)
inp.1 << 19:07:03.932 [main] INFO Env - @{1 RCVD 2} Message(Ask)
inp.4 << 19:07:03.932 [main] INFO Env - @{4 SEND 3} Message(Ask)
inp.4 << 19:07:03.932 [main] INFO Env - @{4 RCVD 1} Message(Ask)
inp.5 << 19:07:03.932 [main] INFO Env - @{5 RCVD 1} Message(Ask)
inp.4 << 19:07:03.932 [main] INFO Env - @{4 SEND 1} Message(Share)
inp.5 << 19:07:03.932 [main] INFO Env - @{5 SEND 1} Message(Share)
inp.4 << 19:07:03.932 [main] INFO Env - @{4 SEND 1} Message(Ask)
inp.1 << 19:07:03.932 [main] INFO Env - @{1 RCVD 4} Message(Share)
inp.1 << 19:07:03.932 [main] INFO Env - @{1 RCVD 4} Message(Ask)
inp.1 << 19:07:03.932 [main] INFO Env - @{1 RCVD 5} Message(Share)
inp.3 << 19:07:03.932 [main] INFO Env - @{3 SEND 1} Message(Share)
inp.2 << 19:07:03.932 [main] INFO Env - @{2 RCVD 3} Message(Share)
inp.3 << 19:07:03.932 [main] INFO Env - @{3 SEND 1} Message(Ask)
inp.3 << 19:07:03.932 [main] INFO Env - @{3 RCVD 5} Message(Share)
inp.3 << 19:07:03.932 [main] INFO Env - @{3 RCVD 4} Message(Share)
inp.2 << 19:07:03.932 [main] INFO Env - @{2 RCVD 3} Message(Ask)
inp.3 << 19:07:03.932 [main] INFO Env - @{3 RCVD 4} Message(Ask)
inp.1 << 19:07:03.932 [main] INFO Env - @{1 RCVD 3} Message(Share)
inp.1 << 19:07:03.932 [main] INFO Env - @{1 LOCKED}
inp.1 << 19:07:03.932 [main] INFO Env - @{1 RCVD 3} Message(Ask)
out.1 >> unlock
inp.1 << 19:07:03.932 [main] INFO Env - @{1 UNLOCKED}
inp.1 << 19:07:03.932 [main] INFO Env - @{1 SEND 2} Message(Share)
inp.1 << 19:07:03.932 [main] INFO Env - @{1 SEND 3} Message(Share)
inp.1 << 19:07:03.932 [main] INFO Env - @{1 SEND 4} Message(Share)
inp.2 << 19:07:03.933 [main] INFO Env - @{2 RCVD 1} Message(Share)
inp.2 << 19:07:03.933 [main] INFO Env - @{2 LOCKED}
out.2 >> unlock
inp.4 << 19:07:03.933 [main] INFO Env - @{4 RCVD 1} Message(Share)
inp.2 << 19:07:03.933 [main] INFO Env - @{2 UNLOCKED}
inp.2 << 19:07:03.933 [main] INFO Env - @{2 SEND 3} Message(Share)
inp.2 << 19:07:03.933 [main] INFO Env - @{2 SEND 4} Message(Share)
inp.4 << 19:07:03.933 [main] INFO Env - @{4 RCVD 2} Message(Share)
inp.3 << 19:07:03.933 [main] INFO Env - @{3 RCVD 1} Message(Share)
inp.3 << 19:07:03.933 [main] INFO Env - @{3 RCVD 2} Message(Share)
inp.3 << 19:07:03.933 [main] INFO Env - @{3 LOCKED}
out.3 >> unlock
inp.3 << 19:07:03.934 [main] INFO Env - @{3 UNLOCKED}
inp.3 << 19:07:03.934 [main] INFO Env - @{3 SEND 4} Message(Share)
inp.4 << 19:07:03.934 [main] INFO Env - @{4 RCVD 3} Message(Share)
inp.4 << 19:07:03.934 [main] INFO Env - @{4 LOCKED}
out.4 >> unlock
inp.4 << 19:07:03.934 [main] INFO Env - @{4 UNLOCKED}
out.1 >> ping
out.2 >> ping
out.3 >> ping
out.4 >> ping
out.5 >> ping
inp.5 << 19:07:03.934 [main] INFO Env - @{5 PONG}
inp.1 << 19:07:03.934 [main] INFO Env - @{1 PONG}
inp.4 << 19:07:03.934 [main] INFO Env - @{4 PONG}
inp.2 << 19:07:03.934 [main] INFO Env - @{2 PONG}
inp.3 << 19:07:03.935 [main] INFO Env - @{3 PONG}
out.5 >> lock
inp.5 << 19:07:03.935 [main] INFO Env - @{5 SEND 1} Message(Ask)
inp.5 << 19:07:03.935 [main] INFO Env - @{5 SEND 2} Message(Ask)
inp.5 << 19:07:03.935 [main] INFO Env - @{5 SEND 3} Message(Ask)
inp.5 << 19:07:03.935 [main] INFO Env - @{5 SEND 4} Message(Ask)
inp.1 << 19:07:03.935 [main] INFO Env - @{1 RCVD 5} Message(Ask)
inp.1 << 19:07:03.935 [main] INFO Env - @{1 SEND 5} Message(Share)
inp.5 << 19:07:03.936 [main] INFO Env - @{5 RCVD 1} Message(Share)
inp.2 << 19:07:03.936 [main] INFO Env - @{2 RCVD 5} Message(Ask)
inp.2 << 19:07:03.936 [main] INFO Env - @{2 SEND 5} Message(Share)
inp.5 << 19:07:03.936 [main] INFO Env - @{5 RCVD 2} Message(Share)
inp.4 << 19:07:03.936 [main] INFO Env - @{4 RCVD 5} Message(Ask)
inp.4 << 19:07:03.936 [main] INFO Env - @{4 SEND 5} Message(Share)
inp.3 << 19:07:03.936 [main] INFO Env - @{3 RCVD 5} Message(Ask)
inp.3 << 19:07:03.936 [main] INFO Env - @{3 SEND 5} Message(Share)
inp.5 << 19:07:03.936 [main] INFO Env - @{5 RCVD 4} Message(Share)
inp.5 << 19:07:03.936 [main] INFO Env - @{5 RCVD 3} Message(Share)
inp.5 << 19:07:03.936 [main] INFO Env - @{5 LOCKED}
out.5 >> unlock
inp.5 << 19:07:03.936 [main] INFO Env - @{5 UNLOCKED}
out.1 >> ping
out.2 >> ping
out.3 >> ping
out.4 >> ping
out.5 >> ping
inp.5 << 19:07:03.937 [main] INFO Env - @{5 PONG}
inp.1 << 19:07:03.937 [main] INFO Env - @{1 PONG}
inp.2 << 19:07:03.937 [main] INFO Env - @{2 PONG}
inp.4 << 19:07:03.937 [main] INFO Env - @{4 PONG}
inp.3 << 19:07:03.937 [main] INFO Env - @{3 PONG}
out.5 >> lock
inp.5 << 19:07:03.937 [main] INFO Env - @{5 LOCKED}
out.5 >> unlock
inp.5 << 19:07:03.938 [main] INFO Env - @{5 UNLOCKED}
out.1 >> ping
out.2 >> ping
out.3 >> ping
out.4 >> ping
out.5 >> ping
inp.5 << 19:07:03.938 [main] INFO Env - @{5 PONG}
inp.2 << 19:07:03.938 [main] INFO Env - @{2 PONG}
inp.1 << 19:07:03.938 [main] INFO Env - @{1 PONG}
inp.4 << 19:07:03.938 [main] INFO Env - @{4 PONG}
inp.3 << 19:07:03.938 [main] INFO Env - @{3 PONG}
out.5 >> lock
inp.5 << 19:07:03.938 [main] INFO Env - @{5 LOCKED}
out.5 >> unlock
inp.5 << 19:07:03.938 [main] INFO Env - @{5 UNLOCKED}
out.1 >> ping
out.2 >> ping
out.3 >> ping
out.4 >> ping
out.5 >> ping
inp.5 << 19:07:03.939 [main] INFO Env - @{5 PONG}
inp.2 << 19:07:03.939 [main] INFO Env - @{2 PONG}
inp.1 << 19:07:03.939 [main] INFO Env - @{1 PONG}
inp.4 << 19:07:03.939 [main] INFO Env - @{4 PONG}
inp.3 << 19:07:03.939 [main] INFO Env - @{3 PONG}
out.5 >> lock
out.3 >> lock
inp.5 << 19:07:03.939 [main] INFO Env - @{5 LOCKED}
inp.3 << 19:07:03.939 [main] INFO Env - @{3 SEND 4} Message(Ask)
out.5 >> unlock
inp.3 << 19:07:03.939 [main] INFO Env - @{3 SEND 5} Message(Ask)
inp.5 << 19:07:03.939 [main] INFO Env - @{5 UNLOCKED}
inp.5 << 19:07:03.939 [main] INFO Env - @{5 RCVD 3} Message(Ask)
inp.5 << 19:07:03.940 [main] INFO Env - @{5 SEND 3} Message(Share)
inp.4 << 19:07:03.939 [main] INFO Env - @{4 RCVD 3} Message(Ask)
inp.4 << 19:07:03.940 [main] INFO Env - @{4 SEND 3} Message(Share)
inp.3 << 19:07:03.940 [main] INFO Env - @{3 RCVD 5} Message(Share)
inp.3 << 19:07:03.940 [main] INFO Env - @{3 RCVD 4} Message(Share)
inp.3 << 19:07:03.940 [main] INFO Env - @{3 LOCKED}
out.3 >> unlock
inp.3 << 19:07:03.940 [main] INFO Env - @{3 UNLOCKED}
out.1 >> ping
out.2 >> ping
out.3 >> ping
out.4 >> ping
out.5 >> ping
inp.5 << 19:07:03.940 [main] INFO Env - @{5 PONG}
inp.1 << 19:07:03.940 [main] INFO Env - @{1 PONG}
inp.4 << 19:07:03.941 [main] INFO Env - @{4 PONG}
inp.2 << 19:07:03.941 [main] INFO Env - @{2 PONG}
inp.3 << 19:07:03.942 [main] INFO Env - @{3 PONG}
out.5 >> lock
out.3 >> lock
inp.5 << 19:07:03.942 [main] INFO Env - @{5 SEND 3} Message(Ask)
inp.3 << 19:07:03.942 [main] INFO Env - @{3 LOCKED}
out.3 >> unlock
inp.3 << 19:07:03.942 [main] INFO Env - @{3 RCVD 5} Message(Ask)
inp.3 << 19:07:03.942 [main] INFO Env - @{3 UNLOCKED}
inp.3 << 19:07:03.942 [main] INFO Env - @{3 SEND 5} Message(Share)
inp.5 << 19:07:03.942 [main] INFO Env - @{5 RCVD 3} Message(Share)
inp.5 << 19:07:03.942 [main] INFO Env - @{5 LOCKED}
out.5 >> unlock
inp.5 << 19:07:03.943 [main] INFO Env - @{5 UNLOCKED}
out.1 >> ping
out.2 >> ping
out.3 >> ping
out.4 >> ping
out.5 >> ping
inp.5 << 19:07:03.943 [main] INFO Env - @{5 PONG}
inp.1 << 19:07:03.943 [main] INFO Env - @{1 PONG}
inp.2 << 19:07:03.943 [main] INFO Env - @{2 PONG}
inp.4 << 19:07:03.943 [main] INFO Env - @{4 PONG}
inp.3 << 19:07:03.943 [main] INFO Env - @{3 PONG}
out.5 >> lock
out.3 >> lock
inp.5 << 19:07:03.944 [main] INFO Env - @{5 LOCKED}
out.5 >> unlock
inp.3 << 19:07:03.944 [main] INFO Env - @{3 SEND 5} Message(Ask)
inp.5 << 19:07:03.944 [main] INFO Env - @{5 UNLOCKED}
inp.5 << 19:07:03.944 [main] INFO Env - @{5 RCVD 3} Message(Ask)
inp.5 << 19:07:03.944 [main] INFO Env - @{5 SEND 3} Message(Share)
inp.3 << 19:07:03.944 [main] INFO Env - @{3 RCVD 5} Message(Share)
inp.3 << 19:07:03.944 [main] INFO Env - @{3 LOCKED}
out.3 >> unlock
inp.3 << 19:07:03.944 [main] INFO Env - @{3 UNLOCKED}
out.1 >> ping
out.2 >> ping
out.3 >> ping
out.4 >> ping
out.5 >> ping
inp.5 << 19:07:03.944 [main] INFO Env - @{5 PONG}
inp.1 << 19:07:03.945 [main] INFO Env - @{1 PONG}
inp.2 << 19:07:03.945 [main] INFO Env - @{2 PONG}
inp.4 << 19:07:03.945 [main] INFO Env - @{4 PONG}
inp.3 << 19:07:03.945 [main] INFO Env - @{3 PONG}
out.1 >> ping
out.2 >> ping
out.3 >> ping
out.4 >> ping
out.5 >> ping
inp.5 << 19:07:03.945 [main] INFO Env - @{5 PONG}
inp.1 << 19:07:03.945 [main] INFO Env - @{1 PONG}
inp.2 << 19:07:03.945 [main] INFO Env - @{2 PONG}
inp.4 << 19:07:03.946 [main] INFO Env - @{4 PONG}
inp.3 << 19:07:03.946 [main] INFO Env - @{3 PONG}
out.1 >> lock
inp.1 << 19:07:03.946 [main] INFO Env - @{1 SEND 2} Message(Ask)
inp.1 << 19:07:03.946 [main] INFO Env - @{1 SEND 3} Message(Ask)
inp.1 << 19:07:03.946 [main] INFO Env - @{1 SEND 4} Message(Ask)
inp.1 << 19:07:03.946 [main] INFO Env - @{1 SEND 5} Message(Ask)
inp.2 << 19:07:03.947 [main] INFO Env - @{2 RCVD 1} Message(Ask)
inp.5 << 19:07:03.947 [main] INFO Env - @{5 RCVD 1} Message(Ask)
inp.2 << 19:07:03.947 [main] INFO Env - @{2 SEND 1} Message(Share)
inp.4 << 19:07:03.947 [main] INFO Env - @{4 RCVD 1} Message(Ask)
inp.4 << 19:07:03.947 [main] INFO Env - @{4 SEND 1} Message(Share)
inp.5 << 19:07:03.947 [main] INFO Env - @{5 SEND 1} Message(Share)
inp.3 << 19:07:03.947 [main] INFO Env - @{3 RCVD 1} Message(Ask)
inp.1 << 19:07:03.947 [main] INFO Env - @{1 RCVD 4} Message(Share)
inp.3 << 19:07:03.947 [main] INFO Env - @{3 SEND 1} Message(Share)
inp.1 << 19:07:03.947 [main] INFO Env - @{1 RCVD 2} Message(Share)
inp.1 << 19:07:03.947 [main] INFO Env - @{1 RCVD 5} Message(Share)
inp.1 << 19:07:03.947 [main] INFO Env - @{1 RCVD 3} Message(Share)
inp.1 << 19:07:03.947 [main] INFO Env - @{1 LOCKED}
out.1 >> unlock
inp.1 << 19:07:03.947 [main] INFO Env - @{1 UNLOCKED}
out.1 >> ping
out.2 >> ping
out.3 >> ping
out.4 >> ping
out.5 >> ping
inp.5 << 19:07:03.948 [main] INFO Env - @{5 PONG}
inp.1 << 19:07:03.948 [main] INFO Env - @{1 PONG}
inp.2 << 19:07:03.948 [main] INFO Env - @{2 PONG}
inp.4 << 19:07:03.948 [main] INFO Env - @{4 PONG}
inp.3 << 19:07:03.948 [main] INFO Env - @{3 PONG}
out.2 >> lock
inp.2 << 19:07:03.948 [main] INFO Env - @{2 SEND 1} Message(Ask)
inp.2 << 19:07:03.948 [main] INFO Env - @{2 SEND 3} Message(Ask)
inp.2 << 19:07:03.948 [main] INFO Env - @{2 SEND 4} Message(Ask)
inp.2 << 19:07:03.948 [main] INFO Env - @{2 SEND 5} Message(Ask)
inp.1 << 19:07:03.949 [main] INFO Env - @{1 RCVD 2} Message(Ask)
inp.1 << 19:07:03.949 [main] INFO Env - @{1 SEND 2} Message(Share)
inp.5 << 19:07:03.949 [main] INFO Env - @{5 RCVD 2} Message(Ask)
inp.5 << 19:07:03.949 [main] INFO Env - @{5 SEND 2} Message(Share)
inp.2 << 19:07:03.949 [main] INFO Env - @{2 RCVD 1} Message(Share)
inp.2 << 19:07:03.949 [main] INFO Env - @{2 RCVD 5} Message(Share)
inp.4 << 19:07:03.949 [main] INFO Env - @{4 RCVD 2} Message(Ask)
inp.4 << 19:07:03.949 [main] INFO Env - @{4 SEND 2} Message(Share)
inp.2 << 19:07:03.949 [main] INFO Env - @{2 RCVD 4} Message(Share)
inp.3 << 19:07:03.949 [main] INFO Env - @{3 RCVD 2} Message(Ask)
inp.3 << 19:07:03.949 [main] INFO Env - @{3 SEND 2} Message(Share)
inp.2 << 19:07:03.949 [main] INFO Env - @{2 RCVD 3} Message(Share)
inp.2 << 19:07:03.949 [main] INFO Env - @{2 LOCKED}
out.2 >> unlock
inp.2 << 19:07:03.949 [main] INFO Env - @{2 UNLOCKED}
out.1 >> ping
out.2 >> ping
out.3 >> ping
out.4 >> ping
out.5 >> ping
inp.5 << 19:07:03.950 [main] INFO Env - @{5 PONG}
inp.2 << 19:07:03.950 [main] INFO Env - @{2 PONG}
inp.1 << 19:07:03.950 [main] INFO Env - @{1 PONG}
inp.4 << 19:07:03.950 [main] INFO Env - @{4 PONG}
inp.3 << 19:07:03.950 [main] INFO Env - @{3 PONG}
out.3 >> lock
inp.3 << 19:07:03.950 [main] INFO Env - @{3 SEND 1} Message(Ask)
inp.3 << 19:07:03.950 [main] INFO Env - @{3 SEND 2} Message(Ask)
inp.1 << 19:07:03.951 [main] INFO Env - @{1 RCVD 3} Message(Ask)
inp.1 << 19:07:03.951 [main] INFO Env - @{1 SEND 3} Message(Share)
inp.2 << 19:07:03.951 [main] INFO Env - @{2 RCVD 3} Message(Ask)
inp.2 << 19:07:03.951 [main] INFO Env - @{2 SEND 3} Message(Share)
inp.3 << 19:07:03.951 [main] INFO Env - @{3 RCVD 1} Message(Share)
inp.3 << 19:07:03.951 [main] INFO Env - @{3 RCVD 2} Message(Share)
inp.3 << 19:07:03.951 [main] INFO Env - @{3 LOCKED}
out.3 >> unlock
inp.3 << 19:07:03.952 [main] INFO Env - @{3 UNLOCKED}
out.1 >> ping
out.2 >> ping
out.3 >> ping
out.4 >> ping
out.5 >> ping
inp.5 << 19:07:03.953 [main] INFO Env - @{5 PONG}
inp.1 << 19:07:03.953 [main] INFO Env - @{1 PONG}
inp.4 << 19:07:03.954 [main] INFO Env - @{4 PONG}
inp.2 << 19:07:03.954 [main] INFO Env - @{2 PONG}
inp.3 << 19:07:03.955 [main] INFO Env - @{3 PONG}
out.4 >> lock
inp.4 << 19:07:03.957 [main] INFO Env - @{4 SEND 1} Message(Ask)
inp.4 << 19:07:03.960 [main] INFO Env - @{4 SEND 2} Message(Ask)
inp.4 << 19:07:03.960 [main] INFO Env - @{4 SEND 3} Message(Ask)
inp.4 << 19:07:03.960 [main] INFO Env - @{4 SEND 5} Message(Ask)
inp.1 << 19:07:03.960 [main] INFO Env - @{1 RCVD 4} Message(Ask)
inp.1 << 19:07:03.960 [main] INFO Env - @{1 SEND 4} Message(Share)
inp.2 << 19:07:03.960 [main] INFO Env - @{2 RCVD 4} Message(Ask)
inp.2 << 19:07:03.960 [main] INFO Env - @{2 SEND 4} Message(Share)
inp.4 << 19:07:03.960 [main] INFO Env - @{4 RCVD 2} Message(Share)
inp.4 << 19:07:03.960 [main] INFO Env - @{4 RCVD 1} Message(Share)
inp.3 << 19:07:03.960 [main] INFO Env - @{3 RCVD 4} Message(Ask)
inp.5 << 19:07:03.960 [main] INFO Env - @{5 RCVD 4} Message(Ask)
inp.5 << 19:07:03.960 [main] INFO Env - @{5 SEND 4} Message(Share)
inp.3 << 19:07:03.960 [main] INFO Env - @{3 SEND 4} Message(Share)
inp.4 << 19:07:03.960 [main] INFO Env - @{4 RCVD 5} Message(Share)
inp.4 << 19:07:03.960 [main] INFO Env - @{4 RCVD 3} Message(Share)
inp.4 << 19:07:03.960 [main] INFO Env - @{4 LOCKED}
out.4 >> unlock
inp.4 << 19:07:03.960 [main] INFO Env - @{4 UNLOCKED}
out.1 >> ping
out.2 >> ping
out.3 >> ping
out.4 >> ping
out.5 >> ping
inp.1 << 19:07:03.961 [main] INFO Env - @{1 PONG}
inp.5 << 19:07:03.961 [main] INFO Env - @{5 PONG}
inp.4 << 19:07:03.961 [main] INFO Env - @{4 PONG}
inp.2 << 19:07:03.961 [main] INFO Env - @{2 PONG}
inp.3 << 19:07:03.961 [main] INFO Env - @{3 PONG}
out.5 >> lock
inp.5 << 19:07:03.961 [main] INFO Env - @{5 SEND 1} Message(Ask)
inp.5 << 19:07:03.961 [main] INFO Env - @{5 SEND 2} Message(Ask)
inp.5 << 19:07:03.961 [main] INFO Env - @{5 SEND 3} Message(Ask)
inp.5 << 19:07:03.961 [main] INFO Env - @{5 SEND 4} Message(Ask)
inp.1 << 19:07:03.961 [main] INFO Env - @{1 RCVD 5} Message(Ask)
inp.1 << 19:07:03.961 [main] INFO Env - @{1 SEND 5} Message(Share)
inp.2 << 19:07:03.961 [main] INFO Env - @{2 RCVD 5} Message(Ask)
inp.2 << 19:07:03.961 [main] INFO Env - @{2 SEND 5} Message(Share)
inp.4 << 19:07:03.961 [main] INFO Env - @{4 RCVD 5} Message(Ask)
inp.4 << 19:07:03.961 [main] INFO Env - @{4 SEND 5} Message(Share)
inp.5 << 19:07:03.961 [main] INFO Env - @{5 RCVD 1} Message(Share)
inp.3 << 19:07:03.961 [main] INFO Env - @{3 RCVD 5} Message(Ask)
inp.3 << 19:07:03.961 [main] INFO Env - @{3 SEND 5} Message(Share)
inp.5 << 19:07:03.961 [main] INFO Env - @{5 RCVD 2} Message(Share)
inp.5 << 19:07:03.961 [main] INFO Env - @{5 RCVD 4} Message(Share)
inp.5 << 19:07:03.961 [main] INFO Env - @{5 RCVD 3} Message(Share)
inp.5 << 19:07:03.961 [main] INFO Env - @{5 LOCKED}
out.5 >> unlock
inp.5 << 19:07:03.962 [main] INFO Env - @{5 UNLOCKED}
out.1 >> ping
out.2 >> ping
out.3 >> ping
out.4 >> ping
out.5 >> ping
inp.5 << 19:07:03.962 [main] INFO Env - @{5 PONG}
inp.1 << 19:07:03.962 [main] INFO Env - @{1 PONG}
inp.2 << 19:07:03.962 [main] INFO Env - @{2 PONG}
inp.3 << 19:07:03.962 [main] INFO Env - @{3 PONG}
inp.4 << 19:07:03.962 [main] INFO Env - @{4 PONG}
out.4 >> lock
out.2 >> lock
out.5 >> lock
out.1 >> lock
out.3 >> lock
inp.5 << 19:07:03.962 [main] INFO Env - @{5 LOCKED}
inp.4 << 19:07:03.962 [main] INFO Env - @{4 SEND 5} Message(Ask)
inp.2 << 19:07:03.962 [main] INFO Env - @{2 SEND 3} Message(Ask)
out.5 >> unlock
inp.1 << 19:07:03.962 [main] INFO Env - @{1 SEND 2} Message(Ask)
inp.5 << 19:07:03.963 [main] INFO Env - @{5 RCVD 4} Message(Ask)
inp.1 << 19:07:03.963 [main] INFO Env - @{1 SEND 3} Message(Ask)
inp.5 << 19:07:03.963 [main] INFO Env - @{5 UNLOCKED}
inp.1 << 19:07:03.963 [main] INFO Env - @{1 SEND 4} Message(Ask)
inp.1 << 19:07:03.963 [main] INFO Env - @{1 SEND 5} Message(Ask)
inp.2 << 19:07:03.963 [main] INFO Env - @{2 SEND 4} Message(Ask)
inp.5 << 19:07:03.963 [main] INFO Env - @{5 SEND 4} Message(Share)
inp.2 << 19:07:03.963 [main] INFO Env - @{2 SEND 5} Message(Ask)
inp.5 << 19:07:03.963 [main] INFO Env - @{5 RCVD 1} Message(Ask)
inp.5 << 19:07:03.963 [main] INFO Env - @{5 SEND 1} Message(Share)
inp.2 << 19:07:03.963 [main] INFO Env - @{2 RCVD 1} Message(Ask)
inp.2 << 19:07:03.963 [main] INFO Env - @{2 SEND 1} Message(Share)
inp.2 << 19:07:03.963 [main] INFO Env - @{2 SEND 1} Message(Ask)
inp.5 << 19:07:03.963 [main] INFO Env - @{5 RCVD 2} Message(Ask)
inp.5 << 19:07:03.963 [main] INFO Env - @{5 SEND 2} Message(Share)
inp.4 << 19:07:03.963 [main] INFO Env - @{4 RCVD 1} Message(Ask)
inp.1 << 19:07:03.963 [main] INFO Env - @{1 RCVD 5} Message(Share)
inp.4 << 19:07:03.963 [main] INFO Env - @{4 SEND 1} Message(Share)
inp.4 << 19:07:03.963 [main] INFO Env - @{4 SEND 1} Message(Ask)
inp.1 << 19:07:03.963 [main] INFO Env - @{1 RCVD 2} Message(Share)
inp.4 << 19:07:03.963 [main] INFO Env - @{4 RCVD 2} Message(Ask)
inp.1 << 19:07:03.963 [main] INFO Env - @{1 RCVD 2} Message(Ask)
inp.1 << 19:07:03.963 [main] INFO Env - @{1 RCVD 4} Message(Share)
inp.4 << 19:07:03.963 [main] INFO Env - @{4 SEND 2} Message(Share)
inp.1 << 19:07:03.963 [main] INFO Env - @{1 RCVD 4} Message(Ask)
inp.2 << 19:07:03.963 [main] INFO Env - @{2 RCVD 5} Message(Share)
inp.4 << 19:07:03.963 [main] INFO Env - @{4 SEND 2} Message(Ask)
inp.4 << 19:07:03.963 [main] INFO Env - @{4 RCVD 5} Message(Share)
inp.2 << 19:07:03.963 [main] INFO Env - @{2 RCVD 4} Message(Share)
inp.2 << 19:07:03.963 [main] INFO Env - @{2 RCVD 4} Message(Ask)
inp.3 << 19:07:03.963 [main] INFO Env - @{3 SEND 4} Message(Ask)
inp.3 << 19:07:03.963 [main] INFO Env - @{3 SEND 5} Message(Ask)
inp.3 << 19:07:03.963 [main] INFO Env - @{3 RCVD 2} Message(Ask)
inp.3 << 19:07:03.963 [main] INFO Env - @{3 SEND 2} Message(Share)
inp.3 << 19:07:03.963 [main] INFO Env - @{3 SEND 2} Message(Ask)
inp.3 << 19:07:03.963 [main] INFO Env - @{3 RCVD 1} Message(Ask)
inp.3 << 19:07:03.963 [main] INFO Env - @{3 SEND 1} Message(Share)
inp.3 << 19:07:03.963 [main] INFO Env - @{3 SEND 1} Message(Ask)
inp.5 << 19:07:03.963 [main] INFO Env - @{5 RCVD 3} Message(Ask)
inp.5 << 19:07:03.963 [main] INFO Env - @{5 SEND 3} Message(Share)
inp.4 << 19:07:03.963 [main] INFO Env - @{4 RCVD 3} Message(Ask)
inp.4 << 19:07:03.964 [main] INFO Env - @{4 SEND 3} Message(Share)
inp.2 << 19:07:03.964 [main] INFO Env - @{2 RCVD 3} Message(Share)
inp.1 << 19:07:03.964 [main] INFO Env - @{1 RCVD 3} Message(Share)
inp.1 << 19:07:03.964 [main] INFO Env - @{1 LOCKED}
inp.1 << 19:07:03.964 [main] INFO Env - @{1 RCVD 3} Message(Ask)
inp.2 << 19:07:03.964 [main] INFO Env - @{2 RCVD 3} Message(Ask)
inp.4 << 19:07:03.964 [main] INFO Env - @{4 SEND 3} Message(Ask)
out.1 >> unlock
inp.3 << 19:07:03.964 [main] INFO Env - @{3 RCVD 5} Message(Share)
inp.3 << 19:07:03.964 [main] INFO Env - @{3 RCVD 4} Message(Share)
inp.3 << 19:07:03.964 [main] INFO Env - @{3 RCVD 4} Message(Ask)
inp.1 << 19:07:03.964 [main] INFO Env - @{1 UNLOCKED}
inp.1 << 19:07:03.964 [main] INFO Env - @{1 SEND 2} Message(Share)
inp.1 << 19:07:03.964 [main] INFO Env - @{1 SEND 3} Message(Share)
inp.1 << 19:07:03.964 [main] INFO Env - @{1 SEND 4} Message(Share)
inp.2 << 19:07:03.964 [main] INFO Env - @{2 RCVD 1} Message(Share)
inp.2 << 19:07:03.964 [main] INFO Env - @{2 LOCKED}
inp.4 << 19:07:03.964 [main] INFO Env - @{4 RCVD 1} Message(Share)
out.2 >> unlock
inp.3 << 19:07:03.965 [main] INFO Env - @{3 RCVD 1} Message(Share)
inp.2 << 19:07:03.966 [main] INFO Env - @{2 UNLOCKED}
inp.2 << 19:07:03.966 [main] INFO Env - @{2 SEND 3} Message(Share)
inp.2 << 19:07:03.966 [main] INFO Env - @{2 SEND 4} Message(Share)
inp.4 << 19:07:03.966 [main] INFO Env - @{4 RCVD 2} Message(Share)
inp.3 << 19:07:03.966 [main] INFO Env - @{3 RCVD 2} Message(Share)
inp.3 << 19:07:03.966 [main] INFO Env - @{3 LOCKED}
out.3 >> unlock
inp.3 << 19:07:03.968 [main] INFO Env - @{3 UNLOCKED}
inp.3 << 19:07:03.968 [main] INFO Env - @{3 SEND 4} Message(Share)
inp.4 << 19:07:03.970 [main] INFO Env - @{4 RCVD 3} Message(Share)
inp.4 << 19:07:03.970 [main] INFO Env - @{4 LOCKED}
out.4 >> unlock
inp.4 << 19:07:03.971 [main] INFO Env - @{4 UNLOCKED}
out.1 >> ping
out.2 >> ping
out.3 >> ping
out.4 >> ping
out.5 >> ping
inp.1 << 19:07:03.973 [main] INFO Env - @{1 PONG}
inp.4 << 19:07:03.973 [main] INFO Env - @{4 PONG}
inp.3 << 19:07:03.973 [main] INFO Env - @{3 PONG}
inp.5 << 19:07:03.973 [main] INFO Env - @{5 PONG}
inp.2 << 19:07:03.984 [main] INFO Env - @{2 PONG}
out.5 >> lock
inp.5 << 19:07:03.984 [main] INFO Env - @{5 SEND 1} Message(Ask)
inp.5 << 19:07:03.984 [main] INFO Env - @{5 SEND 2} Message(Ask)
inp.5 << 19:07:03.984 [main] INFO Env - @{5 SEND 3} Message(Ask)
inp.5 << 19:07:03.984 [main] INFO Env - @{5 SEND 4} Message(Ask)
inp.1 << 19:07:03.984 [main] INFO Env - @{1 RCVD 5} Message(Ask)
inp.1 << 19:07:03.984 [main] INFO Env - @{1 SEND 5} Message(Share)
inp.3 << 19:07:03.984 [main] INFO Env - @{3 RCVD 5} Message(Ask)
inp.3 << 19:07:03.984 [main] INFO Env - @{3 SEND 5} Message(Share)
inp.4 << 19:07:03.984 [main] INFO Env - @{4 RCVD 5} Message(Ask)
inp.5 << 19:07:03.985 [main] INFO Env - @{5 RCVD 1} Message(Share)
inp.5 << 19:07:03.985 [main] INFO Env - @{5 RCVD 3} Message(Share)
inp.4 << 19:07:03.985 [main] INFO Env - @{4 SEND 5} Message(Share)
inp.5 << 19:07:03.985 [main] INFO Env - @{5 RCVD 4} Message(Share)
inp.2 << 19:07:03.993 [main] INFO Env - @{2 RCVD 5} Message(Ask)
inp.2 << 19:07:03.993 [main] INFO Env - @{2 SEND 5} Message(Share)
inp.5 << 19:07:03.993 [main] INFO Env - @{5 RCVD 2} Message(Share)
inp.5 << 19:07:03.993 [main] INFO Env - @{5 LOCKED}
out.5 >> unlock
inp.5 << 19:07:03.993 [main] INFO Env - @{5 UNLOCKED}
out.1 >> ping
out.2 >> ping
out.3 >> ping
out.4 >> ping
out.5 >> ping
inp.5 << 19:07:03.993 [main] INFO Env - @{5 PONG}
inp.1 << 19:07:03.993 [main] INFO Env - @{1 PONG}
inp.4 << 19:07:03.993 [main] INFO Env - @{4 PONG}
inp.3 << 19:07:03.994 [main] INFO Env - @{3 PONG}
inp.2 << 19:07:03.994 [main] INFO Env - @{2 PONG}
out.5 >> lock
inp.5 << 19:07:03.994 [main] INFO Env - @{5 LOCKED}
out.5 >> unlock
inp.5 << 19:07:03.994 [main] INFO Env - @{5 UNLOCKED}
out.1 >> ping
out.2 >> ping
out.3 >> ping
out.4 >> ping
out.5 >> ping
inp.5 << 19:07:03.994 [main] INFO Env - @{5 PONG}
inp.1 << 19:07:03.994 [main] INFO Env - @{1 PONG}
inp.3 << 19:07:03.994 [main] INFO Env - @{3 PONG}
inp.4 << 19:07:03.994 [main] INFO Env - @{4 PONG}
inp.2 << 19:07:03.994 [main] INFO Env - @{2 PONG}
out.5 >> lock
inp.5 << 19:07:03.994 [main] INFO Env - @{5 LOCKED}
out.5 >> unlock
inp.5 << 19:07:03.995 [main] INFO Env - @{5 UNLOCKED}
out.1 >> ping
out.2 >> ping
out.3 >> ping
out.4 >> ping
out.5 >> ping
inp.5 << 19:07:03.995 [main] INFO Env - @{5 PONG}
inp.1 << 19:07:03.995 [main] INFO Env - @{1 PONG}
inp.3 << 19:07:03.995 [main] INFO Env - @{3 PONG}
inp.4 << 19:07:03.995 [main] INFO Env - @{4 PONG}
inp.2 << 19:07:03.995 [main] INFO Env - @{2 PONG}
out.5 >> lock
out.3 >> lock
inp.5 << 19:07:03.995 [main] INFO Env - @{5 LOCKED}
out.5 >> unlock
inp.5 << 19:07:03.995 [main] INFO Env - @{5 UNLOCKED}
inp.3 << 19:07:03.996 [main] INFO Env - @{3 SEND 4} Message(Ask)
inp.3 << 19:07:03.996 [main] INFO Env - @{3 SEND 5} Message(Ask)
inp.4 << 19:07:03.996 [main] INFO Env - @{4 RCVD 3} Message(Ask)
inp.4 << 19:07:03.996 [main] INFO Env - @{4 SEND 3} Message(Share)
inp.5 << 19:07:03.996 [main] INFO Env - @{5 RCVD 3} Message(Ask)
inp.5 << 19:07:03.996 [main] INFO Env - @{5 SEND 3} Message(Share)
inp.3 << 19:07:03.996 [main] INFO Env - @{3 RCVD 4} Message(Share)
inp.3 << 19:07:03.996 [main] INFO Env - @{3 RCVD 5} Message(Share)
inp.3 << 19:07:03.996 [main] INFO Env - @{3 LOCKED}
out.3 >> unlock
inp.3 << 19:07:03.996 [main] INFO Env - @{3 UNLOCKED}
out.1 >> ping
out.2 >> ping
out.3 >> ping
out.4 >> ping
out.5 >> ping
inp.5 << 19:07:03.997 [main] INFO Env - @{5 PONG}
inp.1 << 19:07:03.997 [main] INFO Env - @{1 PONG}
inp.3 << 19:07:03.997 [main] INFO Env - @{3 PONG}
inp.4 << 19:07:03.997 [main] INFO Env - @{4 PONG}
inp.2 << 19:07:03.997 [main] INFO Env - @{2 PONG}
out.5 >> lock
out.3 >> lock
inp.5 << 19:07:03.998 [main] INFO Env - @{5 SEND 3} Message(Ask)
inp.3 << 19:07:03.998 [main] INFO Env - @{3 LOCKED}
out.3 >> unlock
inp.3 << 19:07:03.998 [main] INFO Env - @{3 RCVD 5} Message(Ask)
inp.3 << 19:07:03.998 [main] INFO Env - @{3 UNLOCKED}
inp.3 << 19:07:03.998 [main] INFO Env - @{3 SEND 5} Message(Share)
inp.5 << 19:07:03.998 [main] INFO Env - @{5 RCVD 3} Message(Share)
inp.5 << 19:07:03.998 [main] INFO Env - @{5 LOCKED}
out.5 >> unlock
inp.5 << 19:07:03.998 [main] INFO Env - @{5 UNLOCKED}
out.1 >> ping
out.2 >> ping
out.3 >> ping
out.4 >> ping
out.5 >> ping
inp.5 << 19:07:03.999 [main] INFO Env - @{5 PONG}
inp.1 << 19:07:03.999 [main] INFO Env - @{1 PONG}
inp.3 << 19:07:03.999 [main] INFO Env - @{3 PONG}
inp.4 << 19:07:03.999 [main] INFO Env - @{4 PONG}
inp.2 << 19:07:03.999 [main] INFO Env - @{2 PONG}
out.5 >> lock
out.3 >> lock
inp.5 << 19:07:03.999 [main] INFO Env - @{5 LOCKED}
out.5 >> unlock
inp.5 << 19:07:04.000 [main] INFO Env - @{5 UNLOCKED}
inp.3 << 19:07:04.000 [main] INFO Env - @{3 SEND 5} Message(Ask)
inp.5 << 19:07:04.000 [main] INFO Env - @{5 RCVD 3} Message(Ask)
inp.5 << 19:07:04.000 [main] INFO Env - @{5 SEND 3} Message(Share)
inp.3 << 19:07:04.000 [main] INFO Env - @{3 RCVD 5} Message(Share)
inp.3 << 19:07:04.000 [main] INFO Env - @{3 LOCKED}
out.3 >> unlock
inp.3 << 19:07:04.000 [main] INFO Env - @{3 UNLOCKED}
out.1 >> ping
out.2 >> ping
out.3 >> ping
out.4 >> ping
out.5 >> ping
inp.1 << 19:07:04.001 [main] INFO Env - @{1 PONG}
inp.5 << 19:07:04.001 [main] INFO Env - @{5 PONG}
inp.3 << 19:07:04.001 [main] INFO Env - @{3 PONG}
inp.4 << 19:07:04.001 [main] INFO Env - @{4 PONG}
inp.2 << 19:07:04.001 [main] INFO Env - @{2 PONG}
out.1 >> ping
out.2 >> ping
out.3 >> ping
out.4 >> ping
out.5 >> ping
inp.5 << 19:07:04.002 [main] INFO Env - @{5 PONG}
inp.1 << 19:07:04.002 [main] INFO Env - @{1 PONG}
inp.3 << 19:07:04.002 [main] INFO Env - @{3 PONG}
inp.4 << 19:07:04.002 [main] INFO Env - @{4 PONG}
inp.2 << 19:07:04.002 [main] INFO Env - @{2 PONG}
out.1 >> lock
inp.1 << 19:07:04.002 [main] INFO Env - @{1 SEND 2} Message(Ask)
inp.1 << 19:07:04.002 [main] INFO Env - @{1 SEND 3} Message(Ask)
inp.2 << 19:07:04.002 [main] INFO Env - @{2 RCVD 1} Message(Ask)
inp.2 << 19:07:04.002 [main] INFO Env - @{2 SEND 1} Message(Share)
inp.1 << 19:07:04.002 [main] INFO Env - @{1 SEND 4} Message(Ask)
inp.1 << 19:07:04.002 [main] INFO Env - @{1 SEND 5} Message(Ask)
inp.1 << 19:07:04.002 [main] INFO Env - @{1 RCVD 2} Message(Share)
inp.3 << 19:07:04.002 [main] INFO Env - @{3 RCVD 1} Message(Ask)
inp.3 << 19:07:04.002 [main] INFO Env - @{3 SEND 1} Message(Share)
inp.4 << 19:07:04.002 [main] INFO Env - @{4 RCVD 1} Message(Ask)
inp.4 << 19:07:04.002 [main] INFO Env - @{4 SEND 1} Message(Share)
inp.5 << 19:07:04.002 [main] INFO Env - @{5 RCVD 1} Message(Ask)
inp.5 << 19:07:04.003 [main] INFO Env - @{5 SEND 1} Message(Share)
inp.1 << 19:07:04.003 [main] INFO Env - @{1 RCVD 3} Message(Share)
inp.1 << 19:07:04.003 [main] INFO Env - @{1 RCVD 4} Message(Share)
inp.1 << 19:07:04.003 [main] INFO Env - @{1 RCVD 5} Message(Share)
inp.1 << 19:07:04.003 [main] INFO Env - @{1 LOCKED}
out.1 >> unlock
inp.1 << 19:07:04.003 [main] INFO Env - @{1 UNLOCKED}
out.1 >> ping
out.2 >> ping
out.3 >> ping
out.4 >> ping
out.5 >> ping
inp.1 << 19:07:04.003 [main] INFO Env - @{1 PONG}
inp.5 << 19:07:04.003 [main] INFO Env - @{5 PONG}
inp.3 << 19:07:04.003 [main] INFO Env - @{3 PONG}
inp.4 << 19:07:04.003 [main] INFO Env - @{4 PONG}
inp.2 << 19:07:04.004 [main] INFO Env - @{2 PONG}
out.2 >> lock
inp.2 << 19:07:04.004 [main] INFO Env - @{2 SEND 1} Message(Ask)
inp.2 << 19:07:04.004 [main] INFO Env - @{2 SEND 3} Message(Ask)
inp.1 << 19:07:04.005 [main] INFO Env - @{1 RCVD 2} Message(Ask)
inp.1 << 19:07:04.005 [main] INFO Env - @{1 SEND 2} Message(Share)
inp.3 << 19:07:04.005 [main] INFO Env - @{3 RCVD 2} Message(Ask)
inp.3 << 19:07:04.005 [main] INFO Env - @{3 SEND 2} Message(Share)
inp.2 << 19:07:04.004 [main] INFO Env - @{2 SEND 4} Message(Ask)
inp.2 << 19:07:04.005 [main] INFO Env - @{2 SEND 5} Message(Ask)
inp.4 << 19:07:04.005 [main] INFO Env - @{4 RCVD 2} Message(Ask)
inp.4 << 19:07:04.006 [main] INFO Env - @{4 SEND 2} Message(Share)
inp.5 << 19:07:04.006 [main] INFO Env - @{5 RCVD 2} Message(Ask)
inp.5 << 19:07:04.006 [main] INFO Env - @{5 SEND 2} Message(Share)
inp.2 << 19:07:04.006 [main] INFO Env - @{2 RCVD 1} Message(Share)
inp.2 << 19:07:04.006 [main] INFO Env - @{2 RCVD 3} Message(Share)
inp.2 << 19:07:04.006 [main] INFO Env - @{2 RCVD 4} Message(Share)
inp.2 << 19:07:04.006 [main] INFO Env - @{2 RCVD 5} Message(Share)
inp.2 << 19:07:04.006 [main] INFO Env - @{2 LOCKED}
out.2 >> unlock
inp.2 << 19:07:04.006 [main] INFO Env - @{2 UNLOCKED}
out.1 >> ping
out.2 >> ping
out.3 >> ping
out.4 >> ping
out.5 >> ping
inp.5 << 19:07:04.007 [main] INFO Env - @{5 PONG}
inp.1 << 19:07:04.007 [main] INFO Env - @{1 PONG}
inp.3 << 19:07:04.007 [main] INFO Env - @{3 PONG}
inp.4 << 19:07:04.007 [main] INFO Env - @{4 PONG}
inp.2 << 19:07:04.007 [main] INFO Env - @{2 PONG}
out.3 >> lock
inp.3 << 19:07:04.008 [main] INFO Env - @{3 SEND 1} Message(Ask)
inp.3 << 19:07:04.008 [main] INFO Env - @{3 SEND 2} Message(Ask)
inp.1 << 19:07:04.008 [main] INFO Env - @{1 RCVD 3} Message(Ask)
inp.1 << 19:07:04.008 [main] INFO Env - @{1 SEND 3} Message(Share)
inp.3 << 19:07:04.008 [main] INFO Env - @{3 RCVD 1} Message(Share)
inp.2 << 19:07:04.008 [main] INFO Env - @{2 RCVD 3} Message(Ask)
inp.2 << 19:07:04.008 [main] INFO Env - @{2 SEND 3} Message(Share)
inp.3 << 19:07:04.008 [main] INFO Env - @{3 RCVD 2} Message(Share)
inp.3 << 19:07:04.008 [main] INFO Env - @{3 LOCKED}
out.3 >> unlock
inp.3 << 19:07:04.009 [main] INFO Env - @{3 UNLOCKED}
out.1 >> ping
out.2 >> ping
out.3 >> ping
out.4 >> ping
out.5 >> ping
inp.1 << 19:07:04.009 [main] INFO Env - @{1 PONG}
inp.5 << 19:07:04.009 [main] INFO Env - @{5 PONG}
inp.3 << 19:07:04.009 [main] INFO Env - @{3 PONG}
inp.4 << 19:07:04.009 [main] INFO Env - @{4 PONG}
inp.2 << 19:07:04.009 [main] INFO Env - @{2 PONG}
out.4 >> lock
inp.4 << 19:07:04.009 [main] INFO Env - @{4 SEND 1} Message(Ask)
inp.4 << 19:07:04.010 [main] INFO Env - @{4 SEND 2} Message(Ask)
inp.4 << 19:07:04.010 [main] INFO Env - @{4 SEND 3} Message(Ask)
inp.4 << 19:07:04.010 [main] INFO Env - @{4 SEND 5} Message(Ask)
inp.1 << 19:07:04.010 [main] INFO Env - @{1 RCVD 4} Message(Ask)
inp.1 << 19:07:04.010 [main] INFO Env - @{1 SEND 4} Message(Share)
inp.3 << 19:07:04.010 [main] INFO Env - @{3 RCVD 4} Message(Ask)
inp.3 << 19:07:04.010 [main] INFO Env - @{3 SEND 4} Message(Share)
inp.5 << 19:07:04.010 [main] INFO Env - @{5 RCVD 4} Message(Ask)
inp.5 << 19:07:04.010 [main] INFO Env - @{5 SEND 4} Message(Share)
inp.4 << 19:07:04.010 [main] INFO Env - @{4 RCVD 3} Message(Share)
inp.4 << 19:07:04.010 [main] INFO Env - @{4 RCVD 1} Message(Share)
inp.4 << 19:07:04.010 [main] INFO Env - @{4 RCVD 5} Message(Share)
inp.2 << 19:07:04.010 [main] INFO Env - @{2 RCVD 4} Message(Ask)
inp.2 << 19:07:04.010 [main] INFO Env - @{2 SEND 4} Message(Share)
inp.4 << 19:07:04.010 [main] INFO Env - @{4 RCVD 2} Message(Share)
inp.4 << 19:07:04.010 [main] INFO Env - @{4 LOCKED}
out.4 >> unlock
inp.4 << 19:07:04.011 [main] INFO Env - @{4 UNLOCKED}
out.1 >> ping
out.2 >> ping
out.3 >> ping
out.4 >> ping
out.5 >> ping
inp.1 << 19:07:04.011 [main] INFO Env - @{1 PONG}
inp.5 << 19:07:04.011 [main] INFO Env - @{5 PONG}
inp.4 << 19:07:04.011 [main] INFO Env - @{4 PONG}
inp.3 << 19:07:04.011 [main] INFO Env - @{3 PONG}
inp.2 << 19:07:04.012 [main] INFO Env - @{2 PONG}
out.5 >> lock
inp.5 << 19:07:04.012 [main] INFO Env - @{5 SEND 1} Message(Ask)
inp.5 << 19:07:04.012 [main] INFO Env - @{5 SEND 2} Message(Ask)
inp.5 << 19:07:04.012 [main] INFO Env - @{5 SEND 3} Message(Ask)
inp.5 << 19:07:04.012 [main] INFO Env - @{5 SEND 4} Message(Ask)
inp.1 << 19:07:04.012 [main] INFO Env - @{1 RCVD 5} Message(Ask)
inp.3 << 19:07:04.012 [main] INFO Env - @{3 RCVD 5} Message(Ask)
inp.1 << 19:07:04.013 [main] INFO Env - @{1 SEND 5} Message(Share)
inp.3 << 19:07:04.013 [main] INFO Env - @{3 SEND 5} Message(Share)
inp.4 << 19:07:04.012 [main] INFO Env - @{4 RCVD 5} Message(Ask)
inp.4 << 19:07:04.013 [main] INFO Env - @{4 SEND 5} Message(Share)
inp.5 << 19:07:04.013 [main] INFO Env - @{5 RCVD 1} Message(Share)
inp.5 << 19:07:04.013 [main] INFO Env - @{5 RCVD 4} Message(Share)
inp.5 << 19:07:04.013 [main] INFO Env - @{5 RCVD 3} Message(Share)
inp.2 << 19:07:04.013 [main] INFO Env - @{2 RCVD 5} Message(Ask)
inp.2 << 19:07:04.013 [main] INFO Env - @{2 SEND 5} Message(Share)
inp.5 << 19:07:04.013 [main] INFO Env - @{5 RCVD 2} Message(Share)
inp.5 << 19:07:04.013 [main] INFO Env - @{5 LOCKED}
out.5 >> unlock
inp.5 << 19:07:04.013 [main] INFO Env - @{5 UNLOCKED}
out.1 >> ping
out.2 >> ping
out.3 >> ping
out.4 >> ping
out.5 >> ping
inp.5 << 19:07:04.014 [main] INFO Env - @{5 PONG}
inp.1 << 19:07:04.014 [main] INFO Env - @{1 PONG}
inp.3 << 19:07:04.014 [main] INFO Env - @{3 PONG}
inp.4 << 19:07:04.014 [main] INFO Env - @{4 PONG}
inp.2 << 19:07:04.014 [main] INFO Env - @{2 PONG}
out.3 >> lock
out.4 >> lock
out.1 >> lock
out.2 >> lock
out.5 >> lock
inp.3 << 19:07:04.015 [main] INFO Env - @{3 SEND 4} Message(Ask)
inp.5 << 19:07:04.015 [main] INFO Env - @{5 LOCKED}
inp.3 << 19:07:04.015 [main] INFO Env - @{3 SEND 5} Message(Ask)
out.5 >> unlock
inp.5 << 19:07:04.015 [main] INFO Env - @{5 RCVD 3} Message(Ask)
inp.5 << 19:07:04.015 [main] INFO Env - @{5 UNLOCKED}
inp.5 << 19:07:04.015 [main] INFO Env - @{5 SEND 3} Message(Share)
inp.3 << 19:07:04.015 [main] INFO Env - @{3 RCVD 5} Message(Share)
inp.4 << 19:07:04.015 [main] INFO Env - @{4 SEND 5} Message(Ask)
inp.5 << 19:07:04.015 [main] INFO Env - @{5 RCVD 4} Message(Ask)
inp.5 << 19:07:04.015 [main] INFO Env - @{5 SEND 4} Message(Share)
inp.4 << 19:07:04.015 [main] INFO Env - @{4 RCVD 3} Message(Ask)
inp.4 << 19:07:04.015 [main] INFO Env - @{4 SEND 3} Message(Share)
inp.4 << 19:07:04.015 [main] INFO Env - @{4 SEND 3} Message(Ask)
inp.4 << 19:07:04.015 [main] INFO Env - @{4 RCVD 5} Message(Share)
inp.1 << 19:07:04.015 [main] INFO Env - @{1 SEND 2} Message(Ask)
inp.3 << 19:07:04.015 [main] INFO Env - @{3 RCVD 4} Message(Share)
inp.1 << 19:07:04.016 [main] INFO Env - @{1 SEND 3} Message(Ask)
inp.3 << 19:07:04.016 [main] INFO Env - @{3 LOCKED}
out.3 >> unlock
inp.1 << 19:07:04.016 [main] INFO Env - @{1 SEND 4} Message(Ask)
inp.1 << 19:07:04.016 [main] INFO Env - @{1 SEND 5} Message(Ask)
inp.3 << 19:07:04.016 [main] INFO Env - @{3 RCVD 4} Message(Ask)
inp.3 << 19:07:04.016 [main] INFO Env - @{3 RCVD 1} Message(Ask)
inp.3 << 19:07:04.016 [main] INFO Env - @{3 UNLOCKED}
inp.5 << 19:07:04.016 [main] INFO Env - @{5 RCVD 1} Message(Ask)
inp.5 << 19:07:04.016 [main] INFO Env - @{5 SEND 1} Message(Share)
inp.1 << 19:07:04.016 [main] INFO Env - @{1 RCVD 5} Message(Share)
inp.3 << 19:07:04.016 [main] INFO Env - @{3 SEND 1} Message(Share)
inp.3 << 19:07:04.016 [main] INFO Env - @{3 SEND 4} Message(Share)
inp.4 << 19:07:04.016 [main] INFO Env - @{4 RCVD 1} Message(Ask)
inp.4 << 19:07:04.016 [main] INFO Env - @{4 SEND 1} Message(Share)
inp.4 << 19:07:04.016 [main] INFO Env - @{4 SEND 1} Message(Ask)
inp.4 << 19:07:04.016 [main] INFO Env - @{4 RCVD 3} Message(Share)
inp.1 << 19:07:04.016 [main] INFO Env - @{1 RCVD 3} Message(Share)
inp.1 << 19:07:04.017 [main] INFO Env - @{1 RCVD 4} Message(Share)
inp.1 << 19:07:04.017 [main] INFO Env - @{1 RCVD 4} Message(Ask)
inp.2 << 19:07:04.017 [main] INFO Env - @{2 SEND 3} Message(Ask)
inp.2 << 19:07:04.017 [main] INFO Env - @{2 SEND 4} Message(Ask)
inp.3 << 19:07:04.017 [main] INFO Env - @{3 RCVD 2} Message(Ask)
inp.3 << 19:07:04.017 [main] INFO Env - @{3 SEND 2} Message(Share)
inp.4 << 19:07:04.017 [main] INFO Env - @{4 RCVD 2} Message(Ask)
inp.4 << 19:07:04.017 [main] INFO Env - @{4 SEND 2} Message(Share)
inp.4 << 19:07:04.017 [main] INFO Env - @{4 SEND 2} Message(Ask)
inp.2 << 19:07:04.017 [main] INFO Env - @{2 SEND 5} Message(Ask)
inp.5 << 19:07:04.018 [main] INFO Env - @{5 RCVD 2} Message(Ask)
inp.5 << 19:07:04.018 [main] INFO Env - @{5 SEND 2} Message(Share)
inp.2 << 19:07:04.018 [main] INFO Env - @{2 RCVD 1} Message(Ask)
inp.2 << 19:07:04.018 [main] INFO Env - @{2 SEND 1} Message(Share)
inp.2 << 19:07:04.018 [main] INFO Env - @{2 SEND 1} Message(Ask)
inp.2 << 19:07:04.018 [main] INFO Env - @{2 RCVD 3} Message(Share)
inp.1 << 19:07:04.018 [main] INFO Env - @{1 RCVD 2} Message(Share)
inp.2 << 19:07:04.018 [main] INFO Env - @{2 RCVD 4} Message(Share)
inp.1 << 19:07:04.018 [main] INFO Env - @{1 LOCKED}
inp.2 << 19:07:04.018 [main] INFO Env - @{2 RCVD 4} Message(Ask)
inp.2 << 19:07:04.018 [main] INFO Env - @{2 RCVD 5} Message(Share)
inp.1 << 19:07:04.018 [main] INFO Env - @{1 RCVD 2} Message(Ask)
out.1 >> unlock
inp.1 << 19:07:04.018 [main] INFO Env - @{1 UNLOCKED}
inp.1 << 19:07:04.018 [main] INFO Env - @{1 SEND 2} Message(Share)
inp.1 << 19:07:04.019 [main] INFO Env - @{1 SEND 4} Message(Share)
inp.2 << 19:07:04.019 [main] INFO Env - @{2 RCVD 1} Message(Share)
inp.2 << 19:07:04.019 [main] INFO Env - @{2 LOCKED}
inp.4 << 19:07:04.019 [main] INFO Env - @{4 RCVD 1} Message(Share)
out.2 >> unlock
inp.2 << 19:07:04.019 [main] INFO Env - @{2 UNLOCKED}
inp.2 << 19:07:04.019 [main] INFO Env - @{2 SEND 4} Message(Share)
inp.4 << 19:07:04.019 [main] INFO Env - @{4 RCVD 2} Message(Share)
inp.4 << 19:07:04.019 [main] INFO Env - @{4 LOCKED}
out.4 >> unlock
inp.4 << 19:07:04.019 [main] INFO Env - @{4 UNLOCKED}
out.1 >> ping
out.2 >> ping
out.3 >> ping
out.4 >> ping
out.5 >> ping
inp.5 << 19:07:04.020 [main] INFO Env - @{5 PONG}
inp.1 << 19:07:04.020 [main] INFO Env - @{1 PONG}
inp.4 << 19:07:04.020 [main] INFO Env - @{4 PONG}
inp.3 << 19:07:04.020 [main] INFO Env - @{3 PONG}
inp.2 << 19:07:04.020 [main] INFO Env - @{2 PONG}
out.4 >> lock
inp.4 << 19:07:04.020 [main] INFO Env - @{4 LOCKED}
out.4 >> unlock
inp.4 << 19:07:04.021 [main] INFO Env - @{4 UNLOCKED}
out.1 >> ping
out.2 >> ping
out.3 >> ping
out.4 >> ping
out.5 >> ping
inp.5 << 19:07:04.023 [main] INFO Env - @{5 PONG}
inp.1 << 19:07:04.023 [main] INFO Env - @{1 PONG}
inp.3 << 19:07:04.029 [main] INFO Env - @{3 PONG}
inp.4 << 19:07:04.029 [main] INFO Env - @{4 PONG}
inp.2 << 19:07:04.030 [main] INFO Env - @{2 PONG}
out.4 >> lock
inp.4 << 19:07:04.030 [main] INFO Env - @{4 LOCKED}
out.4 >> unlock
inp.4 << 19:07:04.030 [main] INFO Env - @{4 UNLOCKED}
out.1 >> ping
out.2 >> ping
out.3 >> ping
out.4 >> ping
out.5 >> ping
inp.5 << 19:07:04.031 [main] INFO Env - @{5 PONG}
inp.1 << 19:07:04.031 [main] INFO Env - @{1 PONG}
inp.3 << 19:07:04.031 [main] INFO Env - @{3 PONG}
inp.4 << 19:07:04.031 [main] INFO Env - @{4 PONG}
inp.2 << 19:07:04.031 [main] INFO Env - @{2 PONG}
out.4 >> lock
inp.4 << 19:07:04.031 [main] INFO Env - @{4 LOCKED}
out.4 >> unlock
inp.4 << 19:07:04.031 [main] INFO Env - @{4 UNLOCKED}
out.1 >> ping
out.2 >> ping
out.3 >> ping
out.4 >> ping
out.5 >> ping
inp.5 << 19:07:04.032 [main] INFO Env - @{5 PONG}
inp.1 << 19:07:04.032 [main] INFO Env - @{1 PONG}
inp.3 << 19:07:04.032 [main] INFO Env - @{3 PONG}
inp.4 << 19:07:04.033 [main] INFO Env - @{4 PONG}
inp.2 << 19:07:04.033 [main] INFO Env - @{2 PONG}
out.4 >> lock
out.1 >> lock
inp.4 << 19:07:04.033 [main] INFO Env - @{4 LOCKED}
inp.1 << 19:07:04.033 [main] INFO Env - @{1 SEND 2} Message(Ask)
inp.1 << 19:07:04.033 [main] INFO Env - @{1 SEND 4} Message(Ask)
out.4 >> unlock
inp.4 << 19:07:04.034 [main] INFO Env - @{4 RCVD 1} Message(Ask)
inp.4 << 19:07:04.034 [main] INFO Env - @{4 UNLOCKED}
inp.4 << 19:07:04.034 [main] INFO Env - @{4 SEND 1} Message(Share)
inp.1 << 19:07:04.034 [main] INFO Env - @{1 RCVD 4} Message(Share)
inp.2 << 19:07:04.034 [main] INFO Env - @{2 RCVD 1} Message(Ask)
inp.2 << 19:07:04.034 [main] INFO Env - @{2 SEND 1} Message(Share)
inp.1 << 19:07:04.034 [main] INFO Env - @{1 RCVD 2} Message(Share)
inp.1 << 19:07:04.034 [main] INFO Env - @{1 LOCKED}
out.1 >> unlock
inp.1 << 19:07:04.035 [main] INFO Env - @{1 UNLOCKED}
out.1 >> ping
out.2 >> ping
out.3 >> ping
out.4 >> ping
out.5 >> ping
inp.5 << 19:07:04.038 [main] INFO Env - @{5 PONG}
inp.1 << 19:07:04.038 [main] INFO Env - @{1 PONG}
inp.3 << 19:07:04.039 [main] INFO Env - @{3 PONG}
inp.4 << 19:07:04.039 [main] INFO Env - @{4 PONG}
inp.2 << 19:07:04.039 [main] INFO Env - @{2 PONG}
out.4 >> lock
out.1 >> lock
inp.4 << 19:07:04.040 [main] INFO Env - @{4 SEND 1} Message(Ask)
inp.1 << 19:07:04.040 [main] INFO Env - @{1 LOCKED}
out.1 >> unlock
inp.1 << 19:07:04.041 [main] INFO Env - @{1 RCVD 4} Message(Ask)
inp.1 << 19:07:04.041 [main] INFO Env - @{1 UNLOCKED}
inp.1 << 19:07:04.042 [main] INFO Env - @{1 SEND 4} Message(Share)
inp.4 << 19:07:04.042 [main] INFO Env - @{4 RCVD 1} Message(Share)
inp.4 << 19:07:04.042 [main] INFO Env - @{4 LOCKED}
out.4 >> unlock
inp.4 << 19:07:04.043 [main] INFO Env - @{4 UNLOCKED}
out.1 >> ping
out.2 >> ping
out.3 >> ping
out.4 >> ping
out.5 >> ping
inp.1 << 19:07:04.044 [main] INFO Env - @{1 PONG}
inp.5 << 19:07:04.044 [main] INFO Env - @{5 PONG}
inp.3 << 19:07:04.044 [main] INFO Env - @{3 PONG}
inp.4 << 19:07:04.045 [main] INFO Env - @{4 PONG}
inp.2 << 19:07:04.045 [main] INFO Env - @{2 PONG}
out.4 >> lock
out.1 >> lock
inp.4 << 19:07:04.045 [main] INFO Env - @{4 LOCKED}
out.4 >> unlock
inp.1 << 19:07:04.045 [main] INFO Env - @{1 SEND 4} Message(Ask)
inp.4 << 19:07:04.045 [main] INFO Env - @{4 RCVD 1} Message(Ask)
inp.4 << 19:07:04.045 [main] INFO Env - @{4 UNLOCKED}
inp.4 << 19:07:04.045 [main] INFO Env - @{4 SEND 1} Message(Share)
inp.1 << 19:07:04.046 [main] INFO Env - @{1 RCVD 4} Message(Share)
inp.1 << 19:07:04.046 [main] INFO Env - @{1 LOCKED}
out.1 >> unlock
inp.1 << 19:07:04.046 [main] INFO Env - @{1 UNLOCKED}
out.1 >> ping
out.2 >> ping
out.3 >> ping
out.4 >> ping
out.5 >> ping
inp.1 << 19:07:04.046 [main] INFO Env - @{1 PONG}
inp.5 << 19:07:04.046 [main] INFO Env - @{5 PONG}
inp.3 << 19:07:04.046 [main] INFO Env - @{3 PONG}
inp.4 << 19:07:04.046 [main] INFO Env - @{4 PONG}
inp.2 << 19:07:04.046 [main] INFO Env - @{2 PONG}
out.1 >> ping
out.2 >> ping
out.3 >> ping
out.4 >> ping
out.5 >> ping
inp.5 << 19:07:04.047 [main] INFO Env - @{5 PONG}
inp.1 << 19:07:04.047 [main] INFO Env - @{1 PONG}
inp.3 << 19:07:04.047 [main] INFO Env - @{3 PONG}
inp.4 << 19:07:04.047 [main] INFO Env - @{4 PONG}
inp.2 << 19:07:04.047 [main] INFO Env - @{2 PONG}
out.1 >> lock
inp.1 << 19:07:04.047 [main] INFO Env - @{1 LOCKED}
out.1 >> unlock
inp.1 << 19:07:04.047 [main] INFO Env - @{1 UNLOCKED}
out.1 >> ping
out.2 >> ping
out.3 >> ping
out.4 >> ping
out.5 >> ping
inp.1 << 19:07:04.047 [main] INFO Env - @{1 PONG}
inp.5 << 19:07:04.047 [main] INFO Env - @{5 PONG}
inp.3 << 19:07:04.048 [main] INFO Env - @{3 PONG}
inp.4 << 19:07:04.048 [main] INFO Env - @{4 PONG}
inp.2 << 19:07:04.048 [main] INFO Env - @{2 PONG}
out.2 >> lock
inp.2 << 19:07:04.048 [main] INFO Env - @{2 SEND 1} Message(Ask)
inp.1 << 19:07:04.049 [main] INFO Env - @{1 RCVD 2} Message(Ask)
inp.2 << 19:07:04.049 [main] INFO Env - @{2 SEND 4} Message(Ask)
inp.1 << 19:07:04.049 [main] INFO Env - @{1 SEND 2} Message(Share)
inp.4 << 19:07:04.050 [main] INFO Env - @{4 RCVD 2} Message(Ask)
inp.4 << 19:07:04.050 [main] INFO Env - @{4 SEND 2} Message(Share)
inp.2 << 19:07:04.050 [main] INFO Env - @{2 RCVD 1} Message(Share)
inp.2 << 19:07:04.050 [main] INFO Env - @{2 RCVD 4} Message(Share)
inp.2 << 19:07:04.050 [main] INFO Env - @{2 LOCKED}
out.2 >> unlock
inp.2 << 19:07:04.050 [main] INFO Env - @{2 UNLOCKED}
out.1 >> ping
out.2 >> ping
out.3 >> ping
out.4 >> ping
out.5 >> ping
inp.5 << 19:07:04.050 [main] INFO Env - @{5 PONG}
inp.3 << 19:07:04.050 [main] INFO Env - @{3 PONG}
inp.1 << 19:07:04.050 [main] INFO Env - @{1 PONG}
inp.4 << 19:07:04.050 [main] INFO Env - @{4 PONG}
inp.2 << 19:07:04.051 [main] INFO Env - @{2 PONG}
out.3 >> lock
inp.3 << 19:07:04.051 [main] INFO Env - @{3 SEND 1} Message(Ask)
inp.3 << 19:07:04.051 [main] INFO Env - @{3 SEND 2} Message(Ask)
inp.1 << 19:07:04.051 [main] INFO Env - @{1 RCVD 3} Message(Ask)
inp.1 << 19:07:04.051 [main] INFO Env - @{1 SEND 3} Message(Share)
inp.3 << 19:07:04.051 [main] INFO Env - @{3 SEND 4} Message(Ask)
inp.4 << 19:07:04.051 [main] INFO Env - @{4 RCVD 3} Message(Ask)
inp.4 << 19:07:04.051 [main] INFO Env - @{4 SEND 3} Message(Share)
inp.2 << 19:07:04.051 [main] INFO Env - @{2 RCVD 3} Message(Ask)
inp.2 << 19:07:04.051 [main] INFO Env - @{2 SEND 3} Message(Share)
inp.3 << 19:07:04.052 [main] INFO Env - @{3 RCVD 1} Message(Share)
inp.3 << 19:07:04.052 [main] INFO Env - @{3 RCVD 2} Message(Share)
inp.3 << 19:07:04.052 [main] INFO Env - @{3 RCVD 4} Message(Share)
inp.3 << 19:07:04.052 [main] INFO Env - @{3 LOCKED}
out.3 >> unlock
inp.3 << 19:07:04.052 [main] INFO Env - @{3 UNLOCKED}
out.1 >> ping
out.2 >> ping
out.3 >> ping
out.4 >> ping
out.5 >> ping
inp.1 << 19:07:04.052 [main] INFO Env - @{1 PONG}
inp.5 << 19:07:04.052 [main] INFO Env - @{5 PONG}
inp.3 << 19:07:04.052 [main] INFO Env - @{3 PONG}
inp.4 << 19:07:04.052 [main] INFO Env - @{4 PONG}
inp.2 << 19:07:04.052 [main] INFO Env - @{2 PONG}
out.4 >> lock
inp.4 << 19:07:04.053 [main] INFO Env - @{4 SEND 1} Message(Ask)
inp.4 << 19:07:04.053 [main] INFO Env - @{4 SEND 2} Message(Ask)
inp.4 << 19:07:04.053 [main] INFO Env - @{4 SEND 3} Message(Ask)
inp.1 << 19:07:04.053 [main] INFO Env - @{1 RCVD 4} Message(Ask)
inp.1 << 19:07:04.053 [main] INFO Env - @{1 SEND 4} Message(Share)
inp.4 << 19:07:04.053 [main] INFO Env - @{4 RCVD 1} Message(Share)
inp.3 << 19:07:04.053 [main] INFO Env - @{3 RCVD 4} Message(Ask)
inp.3 << 19:07:04.053 [main] INFO Env - @{3 SEND 4} Message(Share)
inp.4 << 19:07:04.054 [main] INFO Env - @{4 RCVD 3} Message(Share)
inp.2 << 19:07:04.054 [main] INFO Env - @{2 RCVD 4} Message(Ask)
inp.2 << 19:07:04.054 [main] INFO Env - @{2 SEND 4} Message(Share)
inp.4 << 19:07:04.054 [main] INFO Env - @{4 RCVD 2} Message(Share)
inp.4 << 19:07:04.054 [main] INFO Env - @{4 LOCKED}
out.4 >> unlock
inp.4 << 19:07:04.054 [main] INFO Env - @{4 UNLOCKED}
out.1 >> ping
out.2 >> ping
out.3 >> ping
out.4 >> ping
out.5 >> ping
inp.5 << 19:07:04.055 [main] INFO Env - @{5 PONG}
inp.1 << 19:07:04.055 [main] INFO Env - @{1 PONG}
inp.3 << 19:07:04.055 [main] INFO Env - @{3 PONG}
inp.4 << 19:07:04.055 [main] INFO Env - @{4 PONG}
inp.2 << 19:07:04.055 [main] INFO Env - @{2 PONG}
out.5 >> lock
inp.5 << 19:07:04.056 [main] INFO Env - @{5 SEND 1} Message(Ask)
inp.5 << 19:07:04.057 [main] INFO Env - @{5 SEND 2} Message(Ask)
inp.5 << 19:07:04.057 [main] INFO Env - @{5 SEND 3} Message(Ask)
inp.5 << 19:07:04.057 [main] INFO Env - @{5 SEND 4} Message(Ask)
inp.1 << 19:07:04.057 [main] INFO Env - @{1 RCVD 5} Message(Ask)
inp.1 << 19:07:04.058 [main] INFO Env - @{1 SEND 5} Message(Share)
inp.3 << 19:07:04.058 [main] INFO Env - @{3 RCVD 5} Message(Ask)
inp.5 << 19:07:04.058 [main] INFO Env - @{5 RCVD 1} Message(Share)
inp.3 << 19:07:04.058 [main] INFO Env - @{3 SEND 5} Message(Share)
inp.4 << 19:07:04.059 [main] INFO Env - @{4 RCVD 5} Message(Ask)
inp.4 << 19:07:04.059 [main] INFO Env - @{4 SEND 5} Message(Share)
inp.5 << 19:07:04.059 [main] INFO Env - @{5 RCVD 3} Message(Share)
inp.5 << 19:07:04.060 [main] INFO Env - @{5 RCVD 4} Message(Share)
inp.2 << 19:07:04.061 [main] INFO Env - @{2 RCVD 5} Message(Ask)
inp.2 << 19:07:04.061 [main] INFO Env - @{2 SEND 5} Message(Share)
inp.5 << 19:07:04.062 [main] INFO Env - @{5 RCVD 2} Message(Share)
inp.5 << 19:07:04.062 [main] INFO Env - @{5 LOCKED}
out.5 >> unlock
inp.5 << 19:07:04.063 [main] INFO Env - @{5 UNLOCKED}
out.1 >> ping
out.2 >> ping
out.3 >> ping
out.4 >> ping
out.5 >> ping
inp.5 << 19:07:04.063 [main] INFO Env - @{5 PONG}
inp.4 << 19:07:04.064 [main] INFO Env - @{4 PONG}
inp.1 << 19:07:04.063 [main] INFO Env - @{1 PONG}
inp.3 << 19:07:04.064 [main] INFO Env - @{3 PONG}
inp.2 << 19:07:04.064 [main] INFO Env - @{2 PONG}
out.2 >> lock
out.5 >> lock
out.1 >> lock
out.4 >> lock
out.3 >> lock
inp.5 << 19:07:04.064 [main] INFO Env - @{5 LOCKED}
out.5 >> unlock
inp.5 << 19:07:04.064 [main] INFO Env - @{5 UNLOCKED}
inp.1 << 19:07:04.064 [main] INFO Env - @{1 SEND 2} Message(Ask)
inp.1 << 19:07:04.065 [main] INFO Env - @{1 SEND 3} Message(Ask)
inp.1 << 19:07:04.065 [main] INFO Env - @{1 SEND 4} Message(Ask)
inp.1 << 19:07:04.065 [main] INFO Env - @{1 SEND 5} Message(Ask)
inp.5 << 19:07:04.065 [main] INFO Env - @{5 RCVD 1} Message(Ask)
inp.5 << 19:07:04.065 [main] INFO Env - @{5 SEND 1} Message(Share)
inp.1 << 19:07:04.065 [main] INFO Env - @{1 RCVD 5} Message(Share)
inp.4 << 19:07:04.065 [main] INFO Env - @{4 SEND 5} Message(Ask)
inp.5 << 19:07:04.066 [main] INFO Env - @{5 RCVD 4} Message(Ask)
inp.5 << 19:07:04.066 [main] INFO Env - @{5 SEND 4} Message(Share)
inp.4 << 19:07:04.066 [main] INFO Env - @{4 RCVD 1} Message(Ask)
inp.4 << 19:07:04.066 [main] INFO Env - @{4 SEND 1} Message(Share)
inp.4 << 19:07:04.066 [main] INFO Env - @{4 SEND 1} Message(Ask)
inp.4 << 19:07:04.066 [main] INFO Env - @{4 RCVD 5} Message(Share)
inp.3 << 19:07:04.066 [main] INFO Env - @{3 SEND 4} Message(Ask)
inp.3 << 19:07:04.066 [main] INFO Env - @{3 SEND 5} Message(Ask)
inp.5 << 19:07:04.066 [main] INFO Env - @{5 RCVD 3} Message(Ask)
inp.5 << 19:07:04.066 [main] INFO Env - @{5 SEND 3} Message(Share)
inp.3 << 19:07:04.067 [main] INFO Env - @{3 RCVD 1} Message(Ask)
inp.1 << 19:07:04.067 [main] INFO Env - @{1 RCVD 4} Message(Share)
inp.3 << 19:07:04.067 [main] INFO Env - @{3 SEND 1} Message(Share)
inp.3 << 19:07:04.067 [main] INFO Env - @{3 SEND 1} Message(Ask)
inp.3 << 19:07:04.067 [main] INFO Env - @{3 RCVD 5} Message(Share)
inp.1 << 19:07:04.067 [main] INFO Env - @{1 RCVD 4} Message(Ask)
inp.1 << 19:07:04.067 [main] INFO Env - @{1 RCVD 3} Message(Share)
inp.1 << 19:07:04.067 [main] INFO Env - @{1 RCVD 3} Message(Ask)
inp.4 << 19:07:04.067 [main] INFO Env - @{4 RCVD 3} Message(Ask)
inp.4 << 19:07:04.067 [main] INFO Env - @{4 SEND 3} Message(Share)
inp.4 << 19:07:04.067 [main] INFO Env - @{4 SEND 3} Message(Ask)
inp.3 << 19:07:04.067 [main] INFO Env - @{3 RCVD 4} Message(Share)
inp.3 << 19:07:04.067 [main] INFO Env - @{3 RCVD 4} Message(Ask)
inp.2 << 19:07:04.068 [main] INFO Env - @{2 SEND 3} Message(Ask)
inp.3 << 19:07:04.069 [main] INFO Env - @{3 RCVD 2} Message(Ask)
inp.3 << 19:07:04.069 [main] INFO Env - @{3 SEND 2} Message(Share)
inp.3 << 19:07:04.069 [main] INFO Env - @{3 SEND 2} Message(Ask)
inp.2 << 19:07:04.070 [main] INFO Env - @{2 SEND 4} Message(Ask)
inp.4 << 19:07:04.071 [main] INFO Env - @{4 RCVD 2} Message(Ask)
inp.4 << 19:07:04.071 [main] INFO Env - @{4 SEND 2} Message(Share)
inp.4 << 19:07:04.071 [main] INFO Env - @{4 SEND 2} Message(Ask)
inp.2 << 19:07:04.071 [main] INFO Env - @{2 SEND 5} Message(Ask)
inp.2 << 19:07:04.072 [main] INFO Env - @{2 RCVD 1} Message(Ask)
inp.2 << 19:07:04.073 [main] INFO Env - @{2 SEND 1} Message(Share)
inp.5 << 19:07:04.073 [main] INFO Env - @{5 RCVD 2} Message(Ask)
inp.5 << 19:07:04.074 [main] INFO Env - @{5 SEND 2} Message(Share)
inp.1 << 19:07:04.074 [main] INFO Env - @{1 RCVD 2} Message(Share)
inp.1 << 19:07:04.074 [main] INFO Env - @{1 LOCKED}
out.1 >> unlock
inp.1 << 19:07:04.076 [main] INFO Env - @{1 UNLOCKED}
inp.1 << 19:07:04.076 [main] INFO Env - @{1 SEND 3} Message(Share)
inp.2 << 19:07:04.073 [main] INFO Env - @{2 SEND 1} Message(Ask)
inp.1 << 19:07:04.077 [main] INFO Env - @{1 SEND 4} Message(Share)
inp.1 << 19:07:04.077 [main] INFO Env - @{1 RCVD 2} Message(Ask)
inp.1 << 19:07:04.077 [main] INFO Env - @{1 SEND 2} Message(Share)
inp.3 << 19:07:04.078 [main] INFO Env - @{3 RCVD 1} Message(Share)
inp.4 << 19:07:04.078 [main] INFO Env - @{4 RCVD 1} Message(Share)
inp.2 << 19:07:04.078 [main] INFO Env - @{2 RCVD 3} Message(Share)
inp.2 << 19:07:04.078 [main] INFO Env - @{2 RCVD 3} Message(Ask)
inp.2 << 19:07:04.078 [main] INFO Env - @{2 RCVD 4} Message(Share)
inp.2 << 19:07:04.078 [main] INFO Env - @{2 RCVD 4} Message(Ask)
inp.2 << 19:07:04.078 [main] INFO Env - @{2 RCVD 5} Message(Share)
inp.2 << 19:07:04.078 [main] INFO Env - @{2 RCVD 1} Message(Share)
inp.2 << 19:07:04.078 [main] INFO Env - @{2 LOCKED}
out.2 >> unlock
inp.2 << 19:07:04.080 [main] INFO Env - @{2 UNLOCKED}
inp.2 << 19:07:04.081 [main] INFO Env - @{2 SEND 3} Message(Share)
inp.2 << 19:07:04.081 [main] INFO Env - @{2 SEND 4} Message(Share)
inp.3 << 19:07:04.081 [main] INFO Env - @{3 RCVD 2} Message(Share)
inp.3 << 19:07:04.081 [main] INFO Env - @{3 LOCKED}
inp.4 << 19:07:04.081 [main] INFO Env - @{4 RCVD 2} Message(Share)
out.3 >> unlock
inp.3 << 19:07:04.081 [main] INFO Env - @{3 UNLOCKED}
inp.3 << 19:07:04.081 [main] INFO Env - @{3 SEND 4} Message(Share)
inp.4 << 19:07:04.081 [main] INFO Env - @{4 RCVD 3} Message(Share)
inp.4 << 19:07:04.081 [main] INFO Env - @{4 LOCKED}
out.4 >> unlock
inp.4 << 19:07:04.081 [main] INFO Env - @{4 UNLOCKED}
out.1 >> ping
out.2 >> ping
out.3 >> ping
out.4 >> ping
out.5 >> ping
inp.5 << 19:07:04.082 [main] INFO Env - @{5 PONG}
inp.1 << 19:07:04.082 [main] INFO Env - @{1 PONG}
inp.4 << 19:07:04.082 [main] INFO Env - @{4 PONG}
inp.3 << 19:07:04.082 [main] INFO Env - @{3 PONG}
inp.2 << 19:07:04.082 [main] INFO Env - @{2 PONG}
out.5 >> lock
inp.5 << 19:07:04.082 [main] INFO Env - @{5 SEND 1} Message(Ask)
inp.5 << 19:07:04.082 [main] INFO Env - @{5 SEND 2} Message(Ask)
inp.5 << 19:07:04.083 [main] INFO Env - @{5 SEND 3} Message(Ask)
inp.5 << 19:07:04.083 [main] INFO Env - @{5 SEND 4} Message(Ask)
inp.3 << 19:07:04.083 [main] INFO Env - @{3 RCVD 5} Message(Ask)
inp.3 << 19:07:04.083 [main] INFO Env - @{3 SEND 5} Message(Share)
inp.1 << 19:07:04.083 [main] INFO Env - @{1 RCVD 5} Message(Ask)
inp.4 << 19:07:04.083 [main] INFO Env - @{4 RCVD 5} Message(Ask)
inp.1 << 19:07:04.083 [main] INFO Env - @{1 SEND 5} Message(Share)
inp.5 << 19:07:04.083 [main] INFO Env - @{5 RCVD 3} Message(Share)
inp.5 << 19:07:04.083 [main] INFO Env - @{5 RCVD 1} Message(Share)
inp.4 << 19:07:04.083 [main] INFO Env - @{4 SEND 5} Message(Share)
inp.5 << 19:07:04.083 [main] INFO Env - @{5 RCVD 4} Message(Share)
inp.2 << 19:07:04.083 [main] INFO Env - @{2 RCVD 5} Message(Ask)
inp.2 << 19:07:04.083 [main] INFO Env - @{2 SEND 5} Message(Share)
inp.5 << 19:07:04.083 [main] INFO Env - @{5 RCVD 2} Message(Share)
inp.5 << 19:07:04.083 [main] INFO Env - @{5 LOCKED}
out.5 >> unlock
inp.5 << 19:07:04.083 [main] INFO Env - @{5 UNLOCKED}
out.1 >> ping
out.2 >> ping
out.3 >> ping
out.4 >> ping
out.5 >> ping
inp.5 << 19:07:04.084 [main] INFO Env - @{5 PONG}
inp.1 << 19:07:04.084 [main] INFO Env - @{1 PONG}
inp.3 << 19:07:04.084 [main] INFO Env - @{3 PONG}
inp.4 << 19:07:04.084 [main] INFO Env - @{4 PONG}
inp.2 << 19:07:04.084 [main] INFO Env - @{2 PONG}
out.5 >> lock
inp.5 << 19:07:04.085 [main] INFO Env - @{5 LOCKED}
out.5 >> unlock
inp.5 << 19:07:04.085 [main] INFO Env - @{5 UNLOCKED}
out.1 >> ping
out.2 >> ping
out.3 >> ping
out.4 >> ping
out.5 >> ping
inp.5 << 19:07:04.085 [main] INFO Env - @{5 PONG}
inp.1 << 19:07:04.085 [main] INFO Env - @{1 PONG}
inp.4 << 19:07:04.085 [main] INFO Env - @{4 PONG}
inp.3 << 19:07:04.085 [main] INFO Env - @{3 PONG}
inp.2 << 19:07:04.085 [main] INFO Env - @{2 PONG}
out.5 >> lock
inp.5 << 19:07:04.085 [main] INFO Env - @{5 LOCKED}
out.5 >> unlock
inp.5 << 19:07:04.086 [main] INFO Env - @{5 UNLOCKED}
out.1 >> ping
out.2 >> ping
out.3 >> ping
out.4 >> ping
out.5 >> ping
inp.5 << 19:07:04.086 [main] INFO Env - @{5 PONG}
inp.1 << 19:07:04.086 [main] INFO Env - @{1 PONG}
inp.3 << 19:07:04.086 [main] INFO Env - @{3 PONG}
inp.4 << 19:07:04.086 [main] INFO Env - @{4 PONG}
inp.2 << 19:07:04.087 [main] INFO Env - @{2 PONG}
out.5 >> lock
out.4 >> lock
inp.5 << 19:07:04.088 [main] INFO Env - @{5 LOCKED}
out.5 >> unlock
inp.5 << 19:07:04.088 [main] INFO Env - @{5 UNLOCKED}
inp.4 << 19:07:04.088 [main] INFO Env - @{4 SEND 5} Message(Ask)
inp.5 << 19:07:04.088 [main] INFO Env - @{5 RCVD 4} Message(Ask)
inp.5 << 19:07:04.088 [main] INFO Env - @{5 SEND 4} Message(Share)
inp.4 << 19:07:04.089 [main] INFO Env - @{4 RCVD 5} Message(Share)
inp.4 << 19:07:04.089 [main] INFO Env - @{4 LOCKED}
out.4 >> unlock
inp.4 << 19:07:04.089 [main] INFO Env - @{4 UNLOCKED}
out.1 >> ping
out.2 >> ping
out.3 >> ping
out.4 >> ping
out.5 >> ping
inp.5 << 19:07:04.089 [main] INFO Env - @{5 PONG}
inp.3 << 19:07:04.089 [main] INFO Env - @{3 PONG}
inp.1 << 19:07:04.089 [main] INFO Env - @{1 PONG}
inp.4 << 19:07:04.090 [main] INFO Env - @{4 PONG}
inp.2 << 19:07:04.090 [main] INFO Env - @{2 PONG}
out.5 >> lock
out.4 >> lock
inp.5 << 19:07:04.090 [main] INFO Env - @{5 SEND 4} Message(Ask)
inp.4 << 19:07:04.090 [main] INFO Env - @{4 LOCKED}
inp.4 << 19:07:04.090 [main] INFO Env - @{4 RCVD 5} Message(Ask)
out.4 >> unlock
inp.4 << 19:07:04.090 [main] INFO Env - @{4 UNLOCKED}
inp.4 << 19:07:04.090 [main] INFO Env - @{4 SEND 5} Message(Share)
inp.5 << 19:07:04.091 [main] INFO Env - @{5 RCVD 4} Message(Share)
inp.5 << 19:07:04.091 [main] INFO Env - @{5 LOCKED}
out.5 >> unlock
inp.5 << 19:07:04.091 [main] INFO Env - @{5 UNLOCKED}
out.1 >> ping
out.2 >> ping
out.3 >> ping
out.4 >> ping
out.5 >> ping
inp.1 << 19:07:04.091 [main] INFO Env - @{1 PONG}
inp.2 << 19:07:04.091 [main] INFO Env - @{2 PONG}
inp.5 << 19:07:04.125 [main] INFO Env - @{5 PONG}
inp.3 << 19:07:04.125 [main] INFO Env - @{3 PONG}
inp.4 << 19:07:04.125 [main] INFO Env - @{4 PONG}
out.5 >> lock
out.4 >> lock
inp.5 << 19:07:04.126 [main] INFO Env - @{5 LOCKED}
out.5 >> unlock
inp.5 << 19:07:04.127 [main] INFO Env - @{5 UNLOCKED}
inp.4 << 19:07:04.127 [main] INFO Env - @{4 SEND 5} Message(Ask)
inp.5 << 19:07:04.127 [main] INFO Env - @{5 RCVD 4} Message(Ask)
inp.5 << 19:07:04.127 [main] INFO Env - @{5 SEND 4} Message(Share)
inp.4 << 19:07:04.127 [main] INFO Env - @{4 RCVD 5} Message(Share)
inp.4 << 19:07:04.127 [main] INFO Env - @{4 LOCKED}
out.4 >> unlock
inp.4 << 19:07:04.127 [main] INFO Env - @{4 UNLOCKED}
out.1 >> ping
out.2 >> ping
out.3 >> ping
out.4 >> ping
out.5 >> ping
inp.1 << 19:07:04.128 [main] INFO Env - @{1 PONG}
inp.5 << 19:07:04.128 [main] INFO Env - @{5 PONG}
inp.3 << 19:07:04.128 [main] INFO Env - @{3 PONG}
inp.2 << 19:07:04.128 [main] INFO Env - @{2 PONG}
inp.4 << 19:07:04.129 [main] INFO Env - @{4 PONG}
out.1 >> ping
out.2 >> ping
out.3 >> ping
out.4 >> ping
out.5 >> ping
inp.1 << 19:07:04.129 [main] INFO Env - @{1 PONG}
inp.5 << 19:07:04.129 [main] INFO Env - @{5 PONG}
inp.2 << 19:07:04.130 [main] INFO Env - @{2 PONG}
inp.3 << 19:07:04.130 [main] INFO Env - @{3 PONG}
inp.4 << 19:07:04.130 [main] INFO Env - @{4 PONG}
out.1 >> lock
inp.1 << 19:07:04.130 [main] INFO Env - @{1 SEND 2} Message(Ask)
inp.1 << 19:07:04.130 [main] INFO Env - @{1 SEND 3} Message(Ask)
inp.1 << 19:07:04.130 [main] INFO Env - @{1 SEND 4} Message(Ask)
inp.1 << 19:07:04.130 [main] INFO Env - @{1 SEND 5} Message(Ask)
inp.5 << 19:07:04.130 [main] INFO Env - @{5 RCVD 1} Message(Ask)
inp.5 << 19:07:04.131 [main] INFO Env - @{5 SEND 1} Message(Share)
inp.2 << 19:07:04.130 [main] INFO Env - @{2 RCVD 1} Message(Ask)
inp.2 << 19:07:04.131 [main] INFO Env - @{2 SEND 1} Message(Share)
inp.1 << 19:07:04.131 [main] INFO Env - @{1 RCVD 5} Message(Share)
inp.1 << 19:07:04.131 [main] INFO Env - @{1 RCVD 2} Message(Share)
inp.3 << 19:07:04.131 [main] INFO Env - @{3 RCVD 1} Message(Ask)
inp.3 << 19:07:04.131 [main] INFO Env - @{3 SEND 1} Message(Share)
inp.4 << 19:07:04.131 [main] INFO Env - @{4 RCVD 1} Message(Ask)
inp.4 << 19:07:04.131 [main] INFO Env - @{4 SEND 1} Message(Share)
inp.1 << 19:07:04.131 [main] INFO Env - @{1 RCVD 3} Message(Share)
inp.1 << 19:07:04.131 [main] INFO Env - @{1 RCVD 4} Message(Share)
inp.1 << 19:07:04.131 [main] INFO Env - @{1 LOCKED}
out.1 >> unlock
inp.1 << 19:07:04.131 [main] INFO Env - @{1 UNLOCKED}
out.1 >> ping
out.2 >> ping
out.3 >> ping
out.4 >> ping
out.5 >> ping
inp.1 << 19:07:04.132 [main] INFO Env - @{1 PONG}
inp.2 << 19:07:04.132 [main] INFO Env - @{2 PONG}
inp.5 << 19:07:04.132 [main] INFO Env - @{5 PONG}
inp.3 << 19:07:04.132 [main] INFO Env - @{3 PONG}
inp.4 << 19:07:04.132 [main] INFO Env - @{4 PONG}
out.2 >> lock
inp.2 << 19:07:04.132 [main] INFO Env - @{2 SEND 1} Message(Ask)
inp.2 << 19:07:04.132 [main] INFO Env - @{2 SEND 3} Message(Ask)
inp.1 << 19:07:04.133 [main] INFO Env - @{1 RCVD 2} Message(Ask)
inp.1 << 19:07:04.133 [main] INFO Env - @{1 SEND 2} Message(Share)
inp.2 << 19:07:04.133 [main] INFO Env - @{2 SEND 4} Message(Ask)
inp.3 << 19:07:04.133 [main] INFO Env - @{3 RCVD 2} Message(Ask)
inp.2 << 19:07:04.133 [main] INFO Env - @{2 SEND 5} Message(Ask)
inp.2 << 19:07:04.133 [main] INFO Env - @{2 RCVD 1} Message(Share)
inp.3 << 19:07:04.133 [main] INFO Env - @{3 SEND 2} Message(Share)
inp.5 << 19:07:04.133 [main] INFO Env - @{5 RCVD 2} Message(Ask)
inp.5 << 19:07:04.133 [main] INFO Env - @{5 SEND 2} Message(Share)
inp.2 << 19:07:04.133 [main] INFO Env - @{2 RCVD 3} Message(Share)
inp.2 << 19:07:04.133 [main] INFO Env - @{2 RCVD 5} Message(Share)
inp.4 << 19:07:04.133 [main] INFO Env - @{4 RCVD 2} Message(Ask)
inp.4 << 19:07:04.133 [main] INFO Env - @{4 SEND 2} Message(Share)
inp.2 << 19:07:04.134 [main] INFO Env - @{2 RCVD 4} Message(Share)
inp.2 << 19:07:04.134 [main] INFO Env - @{2 LOCKED}
out.2 >> unlock
inp.2 << 19:07:04.134 [main] INFO Env - @{2 UNLOCKED}
out.1 >> ping
out.2 >> ping
out.3 >> ping
out.4 >> ping
out.5 >> ping
inp.2 << 19:07:04.134 [main] INFO Env - @{2 PONG}
inp.1 << 19:07:04.134 [main] INFO Env - @{1 PONG}
inp.5 << 19:07:04.134 [main] INFO Env - @{5 PONG}
inp.4 << 19:07:04.134 [main] INFO Env - @{4 PONG}
inp.3 << 19:07:04.134 [main] INFO Env - @{3 PONG}
out.3 >> lock
inp.3 << 19:07:04.134 [main] INFO Env - @{3 SEND 1} Message(Ask)
inp.3 << 19:07:04.134 [main] INFO Env - @{3 SEND 2} Message(Ask)
inp.3 << 19:07:04.134 [main] INFO Env - @{3 SEND 4} Message(Ask)
inp.1 << 19:07:04.135 [main] INFO Env - @{1 RCVD 3} Message(Ask)
inp.1 << 19:07:04.135 [main] INFO Env - @{1 SEND 3} Message(Share)
inp.4 << 19:07:04.135 [main] INFO Env - @{4 RCVD 3} Message(Ask)
inp.4 << 19:07:04.135 [main] INFO Env - @{4 SEND 3} Message(Share)
inp.2 << 19:07:04.135 [main] INFO Env - @{2 RCVD 3} Message(Ask)
inp.5 << 19:07:04.135 [main] INFO Env - @{5 RCVD 3} Message(Ask)
inp.2 << 19:07:04.135 [main] INFO Env - @{2 SEND 3} Message(Share)
inp.5 << 19:07:04.135 [main] INFO Env - @{5 SEND 3} Message(Share)
inp.3 << 19:07:04.135 [main] INFO Env - @{3 SEND 5} Message(Ask)
inp.3 << 19:07:04.135 [main] INFO Env - @{3 RCVD 1} Message(Share)
inp.3 << 19:07:04.135 [main] INFO Env - @{3 RCVD 4} Message(Share)
inp.3 << 19:07:04.135 [main] INFO Env - @{3 RCVD 2} Message(Share)
inp.3 << 19:07:04.135 [main] INFO Env - @{3 RCVD 5} Message(Share)
inp.3 << 19:07:04.135 [main] INFO Env - @{3 LOCKED}
out.3 >> unlock
inp.3 << 19:07:04.136 [main] INFO Env - @{3 UNLOCKED}
out.1 >> ping
out.2 >> ping
out.3 >> ping
out.4 >> ping
out.5 >> ping
inp.5 << 19:07:04.136 [main] INFO Env - @{5 PONG}
inp.3 << 19:07:04.136 [main] INFO Env - @{3 PONG}
inp.1 << 19:07:04.136 [main] INFO Env - @{1 PONG}
inp.4 << 19:07:04.136 [main] INFO Env - @{4 PONG}
inp.2 << 19:07:04.136 [main] INFO Env - @{2 PONG}
out.4 >> lock
inp.4 << 19:07:04.137 [main] INFO Env - @{4 SEND 1} Message(Ask)
inp.4 << 19:07:04.137 [main] INFO Env - @{4 SEND 2} Message(Ask)
inp.4 << 19:07:04.137 [main] INFO Env - @{4 SEND 3} Message(Ask)
inp.1 << 19:07:04.137 [main] INFO Env - @{1 RCVD 4} Message(Ask)
inp.1 << 19:07:04.137 [main] INFO Env - @{1 SEND 4} Message(Share)
inp.3 << 19:07:04.137 [main] INFO Env - @{3 RCVD 4} Message(Ask)
inp.3 << 19:07:04.137 [main] INFO Env - @{3 SEND 4} Message(Share)
inp.2 << 19:07:04.137 [main] INFO Env - @{2 RCVD 4} Message(Ask)
inp.4 << 19:07:04.137 [main] INFO Env - @{4 RCVD 1} Message(Share)
inp.2 << 19:07:04.137 [main] INFO Env - @{2 SEND 4} Message(Share)
inp.4 << 19:07:04.137 [main] INFO Env - @{4 RCVD 3} Message(Share)
inp.4 << 19:07:04.137 [main] INFO Env - @{4 RCVD 2} Message(Share)
inp.4 << 19:07:04.137 [main] INFO Env - @{4 LOCKED}
out.4 >> unlock
inp.4 << 19:07:04.137 [main] INFO Env - @{4 UNLOCKED}
out.1 >> ping
out.2 >> ping
out.3 >> ping
out.4 >> ping
out.5 >> ping
inp.1 << 19:07:04.138 [main] INFO Env - @{1 PONG}
inp.5 << 19:07:04.138 [main] INFO Env - @{5 PONG}
inp.2 << 19:07:04.138 [main] INFO Env - @{2 PONG}
inp.3 << 19:07:04.138 [main] INFO Env - @{3 PONG}
inp.4 << 19:07:04.138 [main] INFO Env - @{4 PONG}
out.5 >> lock
inp.5 << 19:07:04.139 [main] INFO Env - @{5 SEND 1} Message(Ask)
inp.5 << 19:07:04.139 [main] INFO Env - @{5 SEND 2} Message(Ask)
inp.5 << 19:07:04.139 [main] INFO Env - @{5 SEND 3} Message(Ask)
inp.5 << 19:07:04.139 [main] INFO Env - @{5 SEND 4} Message(Ask)
inp.1 << 19:07:04.139 [main] INFO Env - @{1 RCVD 5} Message(Ask)
inp.1 << 19:07:04.139 [main] INFO Env - @{1 SEND 5} Message(Share)
inp.2 << 19:07:04.139 [main] INFO Env - @{2 RCVD 5} Message(Ask)
inp.2 << 19:07:04.139 [main] INFO Env - @{2 SEND 5} Message(Share)
inp.5 << 19:07:04.139 [main] INFO Env - @{5 RCVD 1} Message(Share)
inp.5 << 19:07:04.139 [main] INFO Env - @{5 RCVD 2} Message(Share)
inp.3 << 19:07:04.139 [main] INFO Env - @{3 RCVD 5} Message(Ask)
inp.3 << 19:07:04.139 [main] INFO Env - @{3 SEND 5} Message(Share)
inp.4 << 19:07:04.139 [main] INFO Env - @{4 RCVD 5} Message(Ask)
inp.4 << 19:07:04.140 [main] INFO Env - @{4 SEND 5} Message(Share)
inp.5 << 19:07:04.140 [main] INFO Env - @{5 RCVD 4} Message(Share)
inp.5 << 19:07:04.140 [main] INFO Env - @{5 RCVD 3} Message(Share)
inp.5 << 19:07:04.140 [main] INFO Env - @{5 LOCKED}
out.5 >> unlock
inp.5 << 19:07:04.140 [main] INFO Env - @{5 UNLOCKED}
out.1 >> ping
out.2 >> ping
out.3 >> ping
out.4 >> ping
out.5 >> ping
inp.5 << 19:07:04.140 [main] INFO Env - @{5 PONG}
inp.1 << 19:07:04.140 [main] INFO Env - @{1 PONG}
inp.2 << 19:07:04.140 [main] INFO Env - @{2 PONG}
inp.3 << 19:07:04.141 [main] INFO Env - @{3 PONG}
inp.4 << 19:07:04.141 [main] INFO Env - @{4 PONG}
out.4 >> lock
out.2 >> lock
out.1 >> lock
out.5 >> lock
out.3 >> lock
inp.5 << 19:07:04.141 [main] INFO Env - @{5 LOCKED}
inp.1 << 19:07:04.141 [main] INFO Env - @{1 SEND 2} Message(Ask)
out.5 >> unlock
inp.1 << 19:07:04.141 [main] INFO Env - @{1 SEND 3} Message(Ask)
inp.4 << 19:07:04.141 [main] INFO Env - @{4 SEND 5} Message(Ask)
inp.1 << 19:07:04.141 [main] INFO Env - @{1 SEND 4} Message(Ask)
inp.2 << 19:07:04.141 [main] INFO Env - @{2 SEND 3} Message(Ask)
inp.5 << 19:07:04.141 [main] INFO Env - @{5 UNLOCKED}
inp.1 << 19:07:04.141 [main] INFO Env - @{1 SEND 5} Message(Ask)
inp.2 << 19:07:04.141 [main] INFO Env - @{2 SEND 4} Message(Ask)
inp.5 << 19:07:04.141 [main] INFO Env - @{5 RCVD 4} Message(Ask)
inp.5 << 19:07:04.141 [main] INFO Env - @{5 SEND 4} Message(Share)
inp.5 << 19:07:04.142 [main] INFO Env - @{5 RCVD 1} Message(Ask)
inp.5 << 19:07:04.142 [main] INFO Env - @{5 SEND 1} Message(Share)
inp.3 << 19:07:04.142 [main] INFO Env - @{3 SEND 4} Message(Ask)
inp.3 << 19:07:04.142 [main] INFO Env - @{3 SEND 5} Message(Ask)
inp.4 << 19:07:04.142 [main] INFO Env - @{4 RCVD 1} Message(Ask)
inp.4 << 19:07:04.142 [main] INFO Env - @{4 SEND 1} Message(Share)
inp.1 << 19:07:04.142 [main] INFO Env - @{1 RCVD 5} Message(Share)
inp.1 << 19:07:04.142 [main] INFO Env - @{1 RCVD 4} Message(Share)
inp.5 << 19:07:04.142 [main] INFO Env - @{5 RCVD 3} Message(Ask)
inp.4 << 19:07:04.142 [main] INFO Env - @{4 SEND 1} Message(Ask)
inp.4 << 19:07:04.142 [main] INFO Env - @{4 RCVD 2} Message(Ask)
inp.4 << 19:07:04.142 [main] INFO Env - @{4 SEND 2} Message(Share)
inp.4 << 19:07:04.142 [main] INFO Env - @{4 SEND 2} Message(Ask)
inp.4 << 19:07:04.142 [main] INFO Env - @{4 RCVD 5} Message(Share)
inp.4 << 19:07:04.142 [main] INFO Env - @{4 RCVD 3} Message(Ask)
inp.4 << 19:07:04.142 [main] INFO Env - @{4 SEND 3} Message(Share)
inp.5 << 19:07:04.142 [main] INFO Env - @{5 SEND 3} Message(Share)
inp.4 << 19:07:04.142 [main] INFO Env - @{4 SEND 3} Message(Ask)
inp.3 << 19:07:04.142 [main] INFO Env - @{3 RCVD 1} Message(Ask)
inp.2 << 19:07:04.141 [main] INFO Env - @{2 SEND 5} Message(Ask)
inp.1 << 19:07:04.142 [main] INFO Env - @{1 RCVD 4} Message(Ask)
inp.3 << 19:07:04.142 [main] INFO Env - @{3 SEND 1} Message(Share)
inp.5 << 19:07:04.142 [main] INFO Env - @{5 RCVD 2} Message(Ask)
inp.5 << 19:07:04.142 [main] INFO Env - @{5 SEND 2} Message(Share)
inp.3 << 19:07:04.142 [main] INFO Env - @{3 SEND 1} Message(Ask)
inp.3 << 19:07:04.143 [main] INFO Env - @{3 RCVD 2} Message(Ask)
inp.3 << 19:07:04.143 [main] INFO Env - @{3 SEND 2} Message(Share)
inp.1 << 19:07:04.143 [main] INFO Env - @{1 RCVD 3} Message(Share)
inp.1 << 19:07:04.143 [main] INFO Env - @{1 RCVD 3} Message(Ask)
inp.3 << 19:07:04.143 [main] INFO Env - @{3 SEND 2} Message(Ask)
inp.3 << 19:07:04.143 [main] INFO Env - @{3 RCVD 5} Message(Share)
inp.3 << 19:07:04.143 [main] INFO Env - @{3 RCVD 4} Message(Share)
inp.3 << 19:07:04.143 [main] INFO Env - @{3 RCVD 4} Message(Ask)
inp.2 << 19:07:04.143 [main] INFO Env - @{2 RCVD 1} Message(Ask)
inp.2 << 19:07:04.143 [main] INFO Env - @{2 SEND 1} Message(Share)
inp.2 << 19:07:04.143 [main] INFO Env - @{2 SEND 1} Message(Ask)
inp.2 << 19:07:04.143 [main] INFO Env - @{2 RCVD 4} Message(Share)
inp.2 << 19:07:04.143 [main] INFO Env - @{2 RCVD 4} Message(Ask)
inp.2 << 19:07:04.143 [main] INFO Env - @{2 RCVD 5} Message(Share)
inp.2 << 19:07:04.143 [main] INFO Env - @{2 RCVD 3} Message(Share)
inp.2 << 19:07:04.143 [main] INFO Env - @{2 RCVD 3} Message(Ask)
inp.1 << 19:07:04.143 [main] INFO Env - @{1 RCVD 2} Message(Share)
inp.1 << 19:07:04.143 [main] INFO Env - @{1 LOCKED}
inp.1 << 19:07:04.143 [main] INFO Env - @{1 RCVD 2} Message(Ask)
out.1 >> unlock
inp.1 << 19:07:04.143 [main] INFO Env - @{1 UNLOCKED}
inp.1 << 19:07:04.143 [main] INFO Env - @{1 SEND 2} Message(Share)
inp.1 << 19:07:04.144 [main] INFO Env - @{1 SEND 3} Message(Share)
inp.1 << 19:07:04.144 [main] INFO Env - @{1 SEND 4} Message(Share)
inp.3 << 19:07:04.144 [main] INFO Env - @{3 RCVD 1} Message(Share)
inp.2 << 19:07:04.144 [main] INFO Env - @{2 RCVD 1} Message(Share)
inp.2 << 19:07:04.144 [main] INFO Env - @{2 LOCKED}
inp.4 << 19:07:04.144 [main] INFO Env - @{4 RCVD 1} Message(Share)
out.2 >> unlock
inp.2 << 19:07:04.144 [main] INFO Env - @{2 UNLOCKED}
inp.2 << 19:07:04.144 [main] INFO Env - @{2 SEND 3} Message(Share)
inp.2 << 19:07:04.144 [main] INFO Env - @{2 SEND 4} Message(Share)
inp.4 << 19:07:04.145 [main] INFO Env - @{4 RCVD 2} Message(Share)
inp.3 << 19:07:04.145 [main] INFO Env - @{3 RCVD 2} Message(Share)
inp.3 << 19:07:04.145 [main] INFO Env - @{3 LOCKED}
out.3 >> unlock
inp.3 << 19:07:04.145 [main] INFO Env - @{3 UNLOCKED}
inp.3 << 19:07:04.145 [main] INFO Env - @{3 SEND 4} Message(Share)
inp.4 << 19:07:04.145 [main] INFO Env - @{4 RCVD 3} Message(Share)
inp.4 << 19:07:04.145 [main] INFO Env - @{4 LOCKED}
out.4 >> unlock
inp.4 << 19:07:04.145 [main] INFO Env - @{4 UNLOCKED}
out.1 >> ping
out.2 >> ping
out.3 >> ping
out.4 >> ping
out.5 >> ping
inp.1 << 19:07:04.145 [main] INFO Env - @{1 PONG}
inp.5 << 19:07:04.145 [main] INFO Env - @{5 PONG}
inp.3 << 19:07:04.145 [main] INFO Env - @{3 PONG}
inp.2 << 19:07:04.145 [main] INFO Env - @{2 PONG}
inp.4 << 19:07:04.146 [main] INFO Env - @{4 PONG}
out.4 >> lock
inp.4 << 19:07:04.146 [main] INFO Env - @{4 LOCKED}
out.4 >> unlock
inp.4 << 19:07:04.146 [main] INFO Env - @{4 UNLOCKED}
out.1 >> ping
out.2 >> ping
out.3 >> ping
out.4 >> ping
out.5 >> ping
inp.1 << 19:07:04.146 [main] INFO Env - @{1 PONG}
inp.5 << 19:07:04.146 [main] INFO Env - @{5 PONG}
inp.2 << 19:07:04.146 [main] INFO Env - @{2 PONG}
inp.3 << 19:07:04.146 [main] INFO Env - @{3 PONG}
inp.4 << 19:07:04.146 [main] INFO Env - @{4 PONG}
out.4 >> lock
inp.4 << 19:07:04.146 [main] INFO Env - @{4 LOCKED}
out.4 >> unlock
inp.4 << 19:07:04.147 [main] INFO Env - @{4 UNLOCKED}
out.1 >> ping
out.2 >> ping
out.3 >> ping
out.4 >> ping
out.5 >> ping
inp.1 << 19:07:04.147 [main] INFO Env - @{1 PONG}
inp.5 << 19:07:04.147 [main] INFO Env - @{5 PONG}
inp.2 << 19:07:04.147 [main] INFO Env - @{2 PONG}
inp.4 << 19:07:04.147 [main] INFO Env - @{4 PONG}
inp.3 << 19:07:04.147 [main] INFO Env - @{3 PONG}
out.4 >> lock
inp.4 << 19:07:04.147 [main] INFO Env - @{4 LOCKED}
out.4 >> unlock
inp.4 << 19:07:04.147 [main] INFO Env - @{4 UNLOCKED}
out.1 >> ping
out.2 >> ping
out.3 >> ping
out.4 >> ping
out.5 >> ping
inp.1 << 19:07:04.148 [main] INFO Env - @{1 PONG}
inp.5 << 19:07:04.148 [main] INFO Env - @{5 PONG}
inp.2 << 19:07:04.148 [main] INFO Env - @{2 PONG}
inp.4 << 19:07:04.148 [main] INFO Env - @{4 PONG}
inp.3 << 19:07:04.148 [main] INFO Env - @{3 PONG}
out.4 >> lock
out.2 >> lock
inp.4 << 19:07:04.148 [main] INFO Env - @{4 LOCKED}
inp.2 << 19:07:04.148 [main] INFO Env - @{2 SEND 3} Message(Ask)
inp.2 << 19:07:04.148 [main] INFO Env - @{2 SEND 4} Message(Ask)
out.4 >> unlock
inp.3 << 19:07:04.148 [main] INFO Env - @{3 RCVD 2} Message(Ask)
inp.3 << 19:07:04.148 [main] INFO Env - @{3 SEND 2} Message(Share)
inp.4 << 19:07:04.148 [main] INFO Env - @{4 RCVD 2} Message(Ask)
inp.4 << 19:07:04.148 [main] INFO Env - @{4 UNLOCKED}
inp.4 << 19:07:04.148 [main] INFO Env - @{4 SEND 2} Message(Share)
inp.2 << 19:07:04.148 [main] INFO Env - @{2 RCVD 3} Message(Share)
inp.2 << 19:07:04.148 [main] INFO Env - @{2 RCVD 4} Message(Share)
inp.2 << 19:07:04.148 [main] INFO Env - @{2 LOCKED}
out.2 >> unlock
inp.2 << 19:07:04.148 [main] INFO Env - @{2 UNLOCKED}
out.1 >> ping
out.2 >> ping
out.3 >> ping
out.4 >> ping
out.5 >> ping
inp.1 << 19:07:04.149 [main] INFO Env - @{1 PONG}
inp.5 << 19:07:04.149 [main] INFO Env - @{5 PONG}
inp.2 << 19:07:04.149 [main] INFO Env - @{2 PONG}
inp.4 << 19:07:04.149 [main] INFO Env - @{4 PONG}
inp.3 << 19:07:04.149 [main] INFO Env - @{3 PONG}
out.4 >> lock
out.2 >> lock
inp.4 << 19:07:04.149 [main] INFO Env - @{4 SEND 2} Message(Ask)
inp.2 << 19:07:04.149 [main] INFO Env - @{2 LOCKED}
inp.2 << 19:07:04.149 [main] INFO Env - @{2 RCVD 4} Message(Ask)
out.2 >> unlock
inp.2 << 19:07:04.149 [main] INFO Env - @{2 UNLOCKED}
inp.2 << 19:07:04.149 [main] INFO Env - @{2 SEND 4} Message(Share)
inp.4 << 19:07:04.150 [main] INFO Env - @{4 RCVD 2} Message(Share)
inp.4 << 19:07:04.150 [main] INFO Env - @{4 LOCKED}
out.4 >> unlock
inp.4 << 19:07:04.150 [main] INFO Env - @{4 UNLOCKED}
out.1 >> ping
out.2 >> ping
out.3 >> ping
out.4 >> ping
out.5 >> ping
inp.1 << 19:07:04.150 [main] INFO Env - @{1 PONG}
inp.5 << 19:07:04.150 [main] INFO Env - @{5 PONG}
inp.4 << 19:07:04.150 [main] INFO Env - @{4 PONG}
inp.2 << 19:07:04.150 [main] INFO Env - @{2 PONG}
inp.3 << 19:07:04.150 [main] INFO Env - @{3 PONG}
out.4 >> lock
out.2 >> lock
inp.4 << 19:07:04.150 [main] INFO Env - @{4 LOCKED}
out.4 >> unlock
inp.2 << 19:07:04.150 [main] INFO Env - @{2 SEND 4} Message(Ask)
inp.4 << 19:07:04.151 [main] INFO Env - @{4 UNLOCKED}
inp.4 << 19:07:04.151 [main] INFO Env - @{4 RCVD 2} Message(Ask)
inp.4 << 19:07:04.151 [main] INFO Env - @{4 SEND 2} Message(Share)
inp.2 << 19:07:04.151 [main] INFO Env - @{2 RCVD 4} Message(Share)
inp.2 << 19:07:04.151 [main] INFO Env - @{2 LOCKED}
out.2 >> unlock
inp.2 << 19:07:04.152 [main] INFO Env - @{2 UNLOCKED}
out.1 >> ping
out.2 >> ping
out.3 >> ping
out.4 >> ping
out.5 >> ping
inp.1 << 19:07:04.153 [main] INFO Env - @{1 PONG}
inp.5 << 19:07:04.153 [main] INFO Env - @{5 PONG}
inp.2 << 19:07:04.153 [main] INFO Env - @{2 PONG}
inp.3 << 19:07:04.153 [main] INFO Env - @{3 PONG}
inp.4 << 19:07:04.153 [main] INFO Env - @{4 PONG}
out.1 >> ping
out.2 >> ping
out.3 >> ping
out.4 >> ping
out.5 >> ping
inp.1 << 19:07:04.153 [main] INFO Env - @{1 PONG}
inp.5 << 19:07:04.154 [main] INFO Env - @{5 PONG}
inp.2 << 19:07:04.154 [main] INFO Env - @{2 PONG}
inp.3 << 19:07:04.154 [main] INFO Env - @{3 PONG}
inp.4 << 19:07:04.154 [main] INFO Env - @{4 PONG}
out.1 >> lock
inp.1 << 19:07:04.154 [main] INFO Env - @{1 SEND 2} Message(Ask)
inp.1 << 19:07:04.154 [main] INFO Env - @{1 SEND 3} Message(Ask)
inp.1 << 19:07:04.154 [main] INFO Env - @{1 SEND 4} Message(Ask)
inp.3 << 19:07:04.154 [main] INFO Env - @{3 RCVD 1} Message(Ask)
inp.2 << 19:07:04.154 [main] INFO Env - @{2 RCVD 1} Message(Ask)
inp.4 << 19:07:04.154 [main] INFO Env - @{4 RCVD 1} Message(Ask)
inp.2 << 19:07:04.155 [main] INFO Env - @{2 SEND 1} Message(Share)
inp.4 << 19:07:04.155 [main] INFO Env - @{4 SEND 1} Message(Share)
inp.1 << 19:07:04.155 [main] INFO Env - @{1 RCVD 2} Message(Share)
inp.3 << 19:07:04.155 [main] INFO Env - @{3 SEND 1} Message(Share)
inp.1 << 19:07:04.155 [main] INFO Env - @{1 RCVD 4} Message(Share)
inp.1 << 19:07:04.155 [main] INFO Env - @{1 RCVD 3} Message(Share)
inp.1 << 19:07:04.155 [main] INFO Env - @{1 LOCKED}
out.1 >> unlock
inp.1 << 19:07:04.155 [main] INFO Env - @{1 UNLOCKED}
out.1 >> ping
out.2 >> ping
out.3 >> ping
out.4 >> ping
out.5 >> ping
inp.1 << 19:07:04.156 [main] INFO Env - @{1 PONG}
inp.2 << 19:07:04.156 [main] INFO Env - @{2 PONG}
inp.5 << 19:07:04.156 [main] INFO Env - @{5 PONG}
inp.3 << 19:07:04.156 [main] INFO Env - @{3 PONG}
inp.4 << 19:07:04.156 [main] INFO Env - @{4 PONG}
out.2 >> lock
inp.2 << 19:07:04.156 [main] INFO Env - @{2 SEND 1} Message(Ask)
inp.1 << 19:07:04.156 [main] INFO Env - @{1 RCVD 2} Message(Ask)
inp.1 << 19:07:04.156 [main] INFO Env - @{1 SEND 2} Message(Share)
inp.2 << 19:07:04.156 [main] INFO Env - @{2 RCVD 1} Message(Share)
inp.2 << 19:07:04.156 [main] INFO Env - @{2 LOCKED}
out.2 >> unlock
inp.2 << 19:07:04.157 [main] INFO Env - @{2 UNLOCKED}
out.1 >> ping
out.2 >> ping
out.3 >> ping
out.4 >> ping
out.5 >> ping
inp.1 << 19:07:04.157 [main] INFO Env - @{1 PONG}
inp.5 << 19:07:04.157 [main] INFO Env - @{5 PONG}
inp.2 << 19:07:04.157 [main] INFO Env - @{2 PONG}
inp.3 << 19:07:04.158 [main] INFO Env - @{3 PONG}
inp.4 << 19:07:04.158 [main] INFO Env - @{4 PONG}
out.3 >> lock
inp.3 << 19:07:04.158 [main] INFO Env - @{3 SEND 1} Message(Ask)
inp.3 << 19:07:04.158 [main] INFO Env - @{3 SEND 2} Message(Ask)
inp.3 << 19:07:04.158 [main] INFO Env - @{3 SEND 4} Message(Ask)
inp.1 << 19:07:04.158 [main] INFO Env - @{1 RCVD 3} Message(Ask)
inp.1 << 19:07:04.158 [main] INFO Env - @{1 SEND 3} Message(Share)
inp.3 << 19:07:04.158 [main] INFO Env - @{3 RCVD 1} Message(Share)
inp.2 << 19:07:04.158 [main] INFO Env - @{2 RCVD 3} Message(Ask)
inp.2 << 19:07:04.158 [main] INFO Env - @{2 SEND 3} Message(Share)
inp.4 << 19:07:04.158 [main] INFO Env - @{4 RCVD 3} Message(Ask)
inp.4 << 19:07:04.158 [main] INFO Env - @{4 SEND 3} Message(Share)
inp.3 << 19:07:04.159 [main] INFO Env - @{3 RCVD 2} Message(Share)
inp.3 << 19:07:04.159 [main] INFO Env - @{3 RCVD 4} Message(Share)
inp.3 << 19:07:04.159 [main] INFO Env - @{3 LOCKED}
out.3 >> unlock
inp.3 << 19:07:04.159 [main] INFO Env - @{3 UNLOCKED}
out.1 >> ping
out.2 >> ping
out.3 >> ping
out.4 >> ping
out.5 >> ping
inp.1 << 19:07:04.159 [main] INFO Env - @{1 PONG}
inp.3 << 19:07:04.159 [main] INFO Env - @{3 PONG}
inp.5 << 19:07:04.159 [main] INFO Env - @{5 PONG}
inp.2 << 19:07:04.159 [main] INFO Env - @{2 PONG}
inp.4 << 19:07:04.160 [main] INFO Env - @{4 PONG}
out.4 >> lock
inp.4 << 19:07:04.160 [main] INFO Env - @{4 SEND 1} Message(Ask)
inp.4 << 19:07:04.160 [main] INFO Env - @{4 SEND 2} Message(Ask)
inp.4 << 19:07:04.160 [main] INFO Env - @{4 SEND 3} Message(Ask)
inp.1 << 19:07:04.160 [main] INFO Env - @{1 RCVD 4} Message(Ask)
inp.1 << 19:07:04.160 [main] INFO Env - @{1 SEND 4} Message(Share)
inp.2 << 19:07:04.160 [main] INFO Env - @{2 RCVD 4} Message(Ask)
inp.2 << 19:07:04.160 [main] INFO Env - @{2 SEND 4} Message(Share)
inp.4 << 19:07:04.160 [main] INFO Env - @{4 RCVD 1} Message(Share)
inp.3 << 19:07:04.160 [main] INFO Env - @{3 RCVD 4} Message(Ask)
inp.3 << 19:07:04.160 [main] INFO Env - @{3 SEND 4} Message(Share)
inp.4 << 19:07:04.160 [main] INFO Env - @{4 RCVD 2} Message(Share)
inp.4 << 19:07:04.160 [main] INFO Env - @{4 RCVD 3} Message(Share)
inp.4 << 19:07:04.160 [main] INFO Env - @{4 LOCKED}
out.4 >> unlock
inp.4 << 19:07:04.160 [main] INFO Env - @{4 UNLOCKED}
out.1 >> ping
out.2 >> ping
out.3 >> ping
out.4 >> ping
out.5 >> ping
inp.1 << 19:07:04.160 [main] INFO Env - @{1 PONG}
inp.5 << 19:07:04.161 [main] INFO Env - @{5 PONG}
inp.2 << 19:07:04.161 [main] INFO Env - @{2 PONG}
inp.3 << 19:07:04.161 [main] INFO Env - @{3 PONG}
inp.4 << 19:07:04.161 [main] INFO Env - @{4 PONG}
out.5 >> lock
inp.5 << 19:07:04.161 [main] INFO Env - @{5 SEND 1} Message(Ask)
inp.5 << 19:07:04.161 [main] INFO Env - @{5 SEND 2} Message(Ask)
inp.5 << 19:07:04.161 [main] INFO Env - @{5 SEND 3} Message(Ask)
inp.5 << 19:07:04.161 [main] INFO Env - @{5 SEND 4} Message(Ask)
inp.1 << 19:07:04.161 [main] INFO Env - @{1 RCVD 5} Message(Ask)
inp.1 << 19:07:04.161 [main] INFO Env - @{1 SEND 5} Message(Share)
inp.5 << 19:07:04.161 [main] INFO Env - @{5 RCVD 1} Message(Share)
inp.3 << 19:07:04.161 [main] INFO Env - @{3 RCVD 5} Message(Ask)
inp.2 << 19:07:04.161 [main] INFO Env - @{2 RCVD 5} Message(Ask)
inp.3 << 19:07:04.161 [main] INFO Env - @{3 SEND 5} Message(Share)
inp.2 << 19:07:04.161 [main] INFO Env - @{2 SEND 5} Message(Share)
inp.5 << 19:07:04.162 [main] INFO Env - @{5 RCVD 3} Message(Share)
inp.5 << 19:07:04.162 [main] INFO Env - @{5 RCVD 2} Message(Share)
inp.4 << 19:07:04.162 [main] INFO Env - @{4 RCVD 5} Message(Ask)
inp.4 << 19:07:04.162 [main] INFO Env - @{4 SEND 5} Message(Share)
inp.5 << 19:07:04.162 [main] INFO Env - @{5 RCVD 4} Message(Share)
inp.5 << 19:07:04.162 [main] INFO Env - @{5 LOCKED}
out.5 >> unlock
inp.5 << 19:07:04.162 [main] INFO Env - @{5 UNLOCKED}
out.1 >> ping
out.2 >> ping
out.3 >> ping
out.4 >> ping
out.5 >> ping
inp.5 << 19:07:04.162 [main] INFO Env - @{5 PONG}
inp.1 << 19:07:04.162 [main] INFO Env - @{1 PONG}
inp.2 << 19:07:04.162 [main] INFO Env - @{2 PONG}
inp.4 << 19:07:04.162 [main] INFO Env - @{4 PONG}
inp.3 << 19:07:04.162 [main] INFO Env - @{3 PONG}
out.1 >> lock
out.2 >> lock
out.3 >> lock
out.4 >> lock
out.5 >> lock
inp.5 << 19:07:04.163 [main] INFO Env - @{5 LOCKED}
inp.1 << 19:07:04.163 [main] INFO Env - @{1 SEND 2} Message(Ask)
inp.1 << 19:07:04.163 [main] INFO Env - @{1 SEND 3} Message(Ask)
out.5 >> unlock
inp.1 << 19:07:04.163 [main] INFO Env - @{1 SEND 4} Message(Ask)
inp.5 << 19:07:04.163 [main] INFO Env - @{5 UNLOCKED}
inp.1 << 19:07:04.163 [main] INFO Env - @{1 SEND 5} Message(Ask)
inp.1 << 19:07:04.163 [main] INFO Env - @{1 RCVD 2} Message(Share)
inp.5 << 19:07:04.163 [main] INFO Env - @{5 RCVD 2} Message(Ask)
inp.5 << 19:07:04.163 [main] INFO Env - @{5 SEND 2} Message(Share)
inp.5 << 19:07:04.163 [main] INFO Env - @{5 RCVD 1} Message(Ask)
inp.3 << 19:07:04.163 [main] INFO Env - @{3 SEND 4} Message(Ask)
inp.5 << 19:07:04.163 [main] INFO Env - @{5 SEND 1} Message(Share)
inp.1 << 19:07:04.163 [main] INFO Env - @{1 RCVD 2} Message(Ask)
inp.3 << 19:07:04.163 [main] INFO Env - @{3 SEND 5} Message(Ask)
inp.1 << 19:07:04.164 [main] INFO Env - @{1 RCVD 5} Message(Share)
inp.3 << 19:07:04.164 [main] INFO Env - @{3 RCVD 1} Message(Ask)
inp.4 << 19:07:04.164 [main] INFO Env - @{4 SEND 5} Message(Ask)
inp.4 << 19:07:04.164 [main] INFO Env - @{4 RCVD 2} Message(Ask)
inp.4 << 19:07:04.164 [main] INFO Env - @{4 SEND 2} Message(Share)
inp.3 << 19:07:04.164 [main] INFO Env - @{3 SEND 1} Message(Share)
inp.5 << 19:07:04.164 [main] INFO Env - @{5 RCVD 3} Message(Ask)
inp.4 << 19:07:04.164 [main] INFO Env - @{4 SEND 2} Message(Ask)
inp.3 << 19:07:04.164 [main] INFO Env - @{3 SEND 1} Message(Ask)
inp.3 << 19:07:04.164 [main] INFO Env - @{3 RCVD 2} Message(Ask)
inp.3 << 19:07:04.164 [main] INFO Env - @{3 SEND 2} Message(Share)
inp.5 << 19:07:04.164 [main] INFO Env - @{5 SEND 3} Message(Share)
inp.3 << 19:07:04.164 [main] INFO Env - @{3 SEND 2} Message(Ask)
inp.5 << 19:07:04.164 [main] INFO Env - @{5 RCVD 4} Message(Ask)
inp.5 << 19:07:04.164 [main] INFO Env - @{5 SEND 4} Message(Share)
inp.1 << 19:07:04.164 [main] INFO Env - @{1 RCVD 3} Message(Share)
inp.1 << 19:07:04.164 [main] INFO Env - @{1 RCVD 3} Message(Ask)
inp.4 << 19:07:04.164 [main] INFO Env - @{4 RCVD 1} Message(Ask)
inp.4 << 19:07:04.164 [main] INFO Env - @{4 SEND 1} Message(Share)
inp.3 << 19:07:04.164 [main] INFO Env - @{3 RCVD 5} Message(Share)
inp.4 << 19:07:04.164 [main] INFO Env - @{4 SEND 1} Message(Ask)
inp.4 << 19:07:04.164 [main] INFO Env - @{4 RCVD 3} Message(Ask)
inp.4 << 19:07:04.164 [main] INFO Env - @{4 SEND 3} Message(Share)
inp.4 << 19:07:04.164 [main] INFO Env - @{4 SEND 3} Message(Ask)
inp.1 << 19:07:04.164 [main] INFO Env - @{1 RCVD 4} Message(Share)
inp.4 << 19:07:04.164 [main] INFO Env - @{4 RCVD 5} Message(Share)
inp.3 << 19:07:04.164 [main] INFO Env - @{3 RCVD 4} Message(Share)
inp.2 << 19:07:04.163 [main] INFO Env - @{2 SEND 3} Message(Ask)
inp.3 << 19:07:04.164 [main] INFO Env - @{3 RCVD 4} Message(Ask)
inp.1 << 19:07:04.164 [main] INFO Env - @{1 LOCKED}
inp.2 << 19:07:04.163 [main] INFO Env - @{2 SEND 4} Message(Ask)
inp.2 << 19:07:04.163 [main] INFO Env - @{2 SEND 5} Message(Ask)
inp.2 << 19:07:04.163 [main] INFO Env - @{2 RCVD 1} Message(Ask)
inp.2 << 19:07:04.163 [main] INFO Env - @{2 SEND 1} Message(Share)
inp.2 << 19:07:04.163 [main] INFO Env - @{2 SEND 1} Message(Ask)
inp.2 << 19:07:04.164 [main] INFO Env - @{2 RCVD 5} Message(Share)
inp.2 << 19:07:04.164 [main] INFO Env - @{2 RCVD 4} Message(Share)
inp.2 << 19:07:04.164 [main] INFO Env - @{2 RCVD 4} Message(Ask)
inp.2 << 19:07:04.164 [main] INFO Env - @{2 RCVD 3} Message(Share)
inp.2 << 19:07:04.164 [main] INFO Env - @{2 RCVD 3} Message(Ask)
inp.1 << 19:07:04.164 [main] INFO Env - @{1 RCVD 4} Message(Ask)
out.1 >> unlock
inp.1 << 19:07:04.164 [main] INFO Env - @{1 UNLOCKED}
inp.1 << 19:07:04.164 [main] INFO Env - @{1 SEND 2} Message(Share)
inp.1 << 19:07:04.164 [main] INFO Env - @{1 SEND 3} Message(Share)
inp.1 << 19:07:04.165 [main] INFO Env - @{1 SEND 4} Message(Share)
inp.2 << 19:07:04.165 [main] INFO Env - @{2 RCVD 1} Message(Share)
inp.3 << 19:07:04.165 [main] INFO Env - @{3 RCVD 1} Message(Share)
inp.2 << 19:07:04.165 [main] INFO Env - @{2 LOCKED}
inp.4 << 19:07:04.165 [main] INFO Env - @{4 RCVD 1} Message(Share)
out.2 >> unlock
inp.2 << 19:07:04.165 [main] INFO Env - @{2 UNLOCKED}
inp.2 << 19:07:04.165 [main] INFO Env - @{2 SEND 3} Message(Share)
inp.2 << 19:07:04.165 [main] INFO Env - @{2 SEND 4} Message(Share)
inp.3 << 19:07:04.165 [main] INFO Env - @{3 RCVD 2} Message(Share)
inp.4 << 19:07:04.165 [main] INFO Env - @{4 RCVD 2} Message(Share)
inp.3 << 19:07:04.165 [main] INFO Env - @{3 LOCKED}
out.3 >> unlock
inp.3 << 19:07:04.165 [main] INFO Env - @{3 UNLOCKED}
inp.3 << 19:07:04.165 [main] INFO Env - @{3 SEND 4} Message(Share)
inp.4 << 19:07:04.165 [main] INFO Env - @{4 RCVD 3} Message(Share)
inp.4 << 19:07:04.165 [main] INFO Env - @{4 LOCKED}
out.4 >> unlock
inp.4 << 19:07:04.166 [main] INFO Env - @{4 UNLOCKED}
out.1 >> ping
out.2 >> ping
out.3 >> ping
out.4 >> ping
out.5 >> ping
inp.1 << 19:07:04.166 [main] INFO Env - @{1 PONG}
inp.5 << 19:07:04.166 [main] INFO Env - @{5 PONG}
inp.2 << 19:07:04.166 [main] INFO Env - @{2 PONG}
inp.3 << 19:07:04.166 [main] INFO Env - @{3 PONG}
inp.4 << 19:07:04.166 [main] INFO Env - @{4 PONG}
out.3 >> lock
inp.3 << 19:07:04.167 [main] INFO Env - @{3 SEND 4} Message(Ask)
inp.4 << 19:07:04.167 [main] INFO Env - @{4 RCVD 3} Message(Ask)
inp.4 << 19:07:04.167 [main] INFO Env - @{4 SEND 3} Message(Share)
inp.3 << 19:07:04.167 [main] INFO Env - @{3 RCVD 4} Message(Share)
inp.3 << 19:07:04.167 [main] INFO Env - @{3 LOCKED}
out.3 >> unlock
inp.3 << 19:07:04.167 [main] INFO Env - @{3 UNLOCKED}
out.1 >> ping
out.2 >> ping
out.3 >> ping
out.4 >> ping
out.5 >> ping
inp.1 << 19:07:04.169 [main] INFO Env - @{1 PONG}
inp.5 << 19:07:04.169 [main] INFO Env - @{5 PONG}
inp.2 << 19:07:04.169 [main] INFO Env - @{2 PONG}
inp.3 << 19:07:04.169 [main] INFO Env - @{3 PONG}
inp.4 << 19:07:04.169 [main] INFO Env - @{4 PONG}
out.3 >> lock
inp.3 << 19:07:04.169 [main] INFO Env - @{3 LOCKED}
out.3 >> unlock
inp.3 << 19:07:04.170 [main] INFO Env - @{3 UNLOCKED}
out.1 >> ping
out.2 >> ping
out.3 >> ping
out.4 >> ping
out.5 >> ping
inp.1 << 19:07:04.170 [main] INFO Env - @{1 PONG}
inp.5 << 19:07:04.170 [main] INFO Env - @{5 PONG}
inp.2 << 19:07:04.171 [main] INFO Env - @{2 PONG}
inp.3 << 19:07:04.171 [main] INFO Env - @{3 PONG}
inp.4 << 19:07:04.171 [main] INFO Env - @{4 PONG}
out.3 >> lock
inp.3 << 19:07:04.171 [main] INFO Env - @{3 LOCKED}
out.3 >> unlock
inp.3 << 19:07:04.172 [main] INFO Env - @{3 UNLOCKED}
out.1 >> ping
out.2 >> ping
out.3 >> ping
out.4 >> ping
out.5 >> ping
inp.1 << 19:07:04.173 [main] INFO Env - @{1 PONG}
inp.2 << 19:07:04.174 [main] INFO Env - @{2 PONG}
inp.3 << 19:07:04.174 [main] INFO Env - @{3 PONG}
inp.5 << 19:07:04.173 [main] INFO Env - @{5 PONG}
inp.4 << 19:07:04.174 [main] INFO Env - @{4 PONG}
out.3 >> lock
out.4 >> lock
inp.3 << 19:07:04.174 [main] INFO Env - @{3 LOCKED}
inp.4 << 19:07:04.174 [main] INFO Env - @{4 SEND 3} Message(Ask)
out.3 >> unlock
inp.3 << 19:07:04.174 [main] INFO Env - @{3 RCVD 4} Message(Ask)
inp.3 << 19:07:04.174 [main] INFO Env - @{3 UNLOCKED}
inp.3 << 19:07:04.174 [main] INFO Env - @{3 SEND 4} Message(Share)
inp.4 << 19:07:04.174 [main] INFO Env - @{4 RCVD 3} Message(Share)
inp.4 << 19:07:04.174 [main] INFO Env - @{4 LOCKED}
out.4 >> unlock
inp.4 << 19:07:04.175 [main] INFO Env - @{4 UNLOCKED}
out.1 >> ping
out.2 >> ping
out.3 >> ping
out.4 >> ping
out.5 >> ping
inp.1 << 19:07:04.175 [main] INFO Env - @{1 PONG}
inp.5 << 19:07:04.175 [main] INFO Env - @{5 PONG}
inp.3 << 19:07:04.175 [main] INFO Env - @{3 PONG}
inp.4 << 19:07:04.175 [main] INFO Env - @{4 PONG}
inp.2 << 19:07:04.175 [main] INFO Env - @{2 PONG}
out.3 >> lock
out.4 >> lock
inp.3 << 19:07:04.175 [main] INFO Env - @{3 SEND 4} Message(Ask)
inp.4 << 19:07:04.175 [main] INFO Env - @{4 LOCKED}
inp.4 << 19:07:04.175 [main] INFO Env - @{4 RCVD 3} Message(Ask)
out.4 >> unlock
inp.4 << 19:07:04.175 [main] INFO Env - @{4 UNLOCKED}
inp.4 << 19:07:04.176 [main] INFO Env - @{4 SEND 3} Message(Share)
inp.3 << 19:07:04.176 [main] INFO Env - @{3 RCVD 4} Message(Share)
inp.3 << 19:07:04.176 [main] INFO Env - @{3 LOCKED}
out.3 >> unlock
inp.3 << 19:07:04.176 [main] INFO Env - @{3 UNLOCKED}
out.1 >> ping
out.2 >> ping
out.3 >> ping
out.4 >> ping
out.5 >> ping
inp.1 << 19:07:04.176 [main] INFO Env - @{1 PONG}
inp.5 << 19:07:04.176 [main] INFO Env - @{5 PONG}
inp.3 << 19:07:04.176 [main] INFO Env - @{3 PONG}
inp.2 << 19:07:04.176 [main] INFO Env - @{2 PONG}
inp.4 << 19:07:04.176 [main] INFO Env - @{4 PONG}
out.3 >> lock
out.4 >> lock
inp.3 << 19:07:04.176 [main] INFO Env - @{3 LOCKED}
out.3 >> unlock
inp.4 << 19:07:04.176 [main] INFO Env - @{4 SEND 3} Message(Ask)
inp.3 << 19:07:04.176 [main] INFO Env - @{3 UNLOCKED}
inp.3 << 19:07:04.176 [main] INFO Env - @{3 RCVD 4} Message(Ask)
inp.3 << 19:07:04.177 [main] INFO Env - @{3 SEND 4} Message(Share)
inp.4 << 19:07:04.177 [main] INFO Env - @{4 RCVD 3} Message(Share)
inp.4 << 19:07:04.177 [main] INFO Env - @{4 LOCKED}
out.4 >> unlock
inp.4 << 19:07:04.177 [main] INFO Env - @{4 UNLOCKED}
out.1 >> ping
out.2 >> ping
out.3 >> ping
out.4 >> ping
out.5 >> ping
inp.1 << 19:07:04.177 [main] INFO Env - @{1 PONG}
inp.2 << 19:07:04.177 [main] INFO Env - @{2 PONG}
inp.5 << 19:07:04.177 [main] INFO Env - @{5 PONG}
inp.4 << 19:07:04.177 [main] INFO Env - @{4 PONG}
inp.3 << 19:07:04.177 [main] INFO Env - @{3 PONG}
out.1 >> ping
out.2 >> ping
out.3 >> ping
out.4 >> ping
out.5 >> ping
inp.1 << 19:07:04.178 [main] INFO Env - @{1 PONG}
inp.5 << 19:07:04.178 [main] INFO Env - @{5 PONG}
inp.3 << 19:07:04.178 [main] INFO Env - @{3 PONG}
inp.4 << 19:07:04.178 [main] INFO Env - @{4 PONG}
inp.2 << 19:07:04.178 [main] INFO Env - @{2 PONG}
out.1 >> lock
inp.1 << 19:07:04.178 [main] INFO Env - @{1 SEND 2} Message(Ask)
inp.1 << 19:07:04.178 [main] INFO Env - @{1 SEND 3} Message(Ask)
inp.2 << 19:07:04.178 [main] INFO Env - @{2 RCVD 1} Message(Ask)
inp.1 << 19:07:04.178 [main] INFO Env - @{1 SEND 4} Message(Ask)
inp.3 << 19:07:04.178 [main] INFO Env - @{3 RCVD 1} Message(Ask)
inp.2 << 19:07:04.178 [main] INFO Env - @{2 SEND 1} Message(Share)
inp.4 << 19:07:04.178 [main] INFO Env - @{4 RCVD 1} Message(Ask)
inp.4 << 19:07:04.178 [main] INFO Env - @{4 SEND 1} Message(Share)
inp.1 << 19:07:04.178 [main] INFO Env - @{1 RCVD 2} Message(Share)
inp.3 << 19:07:04.178 [main] INFO Env - @{3 SEND 1} Message(Share)
inp.1 << 19:07:04.178 [main] INFO Env - @{1 RCVD 4} Message(Share)
inp.1 << 19:07:04.179 [main] INFO Env - @{1 RCVD 3} Message(Share)
inp.1 << 19:07:04.179 [main] INFO Env - @{1 LOCKED}
out.1 >> unlock
inp.1 << 19:07:04.179 [main] INFO Env - @{1 UNLOCKED}
out.1 >> ping
out.2 >> ping
out.3 >> ping
out.4 >> ping
out.5 >> ping
inp.1 << 19:07:04.179 [main] INFO Env - @{1 PONG}
inp.5 << 19:07:04.179 [main] INFO Env - @{5 PONG}
inp.2 << 19:07:04.179 [main] INFO Env - @{2 PONG}
inp.3 << 19:07:04.179 [main] INFO Env - @{3 PONG}
inp.4 << 19:07:04.182 [main] INFO Env - @{4 PONG}
out.2 >> lock
inp.2 << 19:07:04.182 [main] INFO Env - @{2 SEND 1} Message(Ask)
inp.2 << 19:07:04.182 [main] INFO Env - @{2 SEND 3} Message(Ask)
inp.1 << 19:07:04.182 [main] INFO Env - @{1 RCVD 2} Message(Ask)
inp.1 << 19:07:04.182 [main] INFO Env - @{1 SEND 2} Message(Share)
inp.2 << 19:07:04.182 [main] INFO Env - @{2 SEND 4} Message(Ask)
inp.2 << 19:07:04.182 [main] INFO Env - @{2 RCVD 1} Message(Share)
inp.3 << 19:07:04.182 [main] INFO Env - @{3 RCVD 2} Message(Ask)
inp.3 << 19:07:04.182 [main] INFO Env - @{3 SEND 2} Message(Share)
inp.4 << 19:07:04.182 [main] INFO Env - @{4 RCVD 2} Message(Ask)
inp.4 << 19:07:04.183 [main] INFO Env - @{4 SEND 2} Message(Share)
inp.2 << 19:07:04.183 [main] INFO Env - @{2 RCVD 3} Message(Share)
inp.2 << 19:07:04.183 [main] INFO Env - @{2 RCVD 4} Message(Share)
inp.2 << 19:07:04.183 [main] INFO Env - @{2 LOCKED}
out.2 >> unlock
inp.2 << 19:07:04.183 [main] INFO Env - @{2 UNLOCKED}
out.1 >> ping
out.2 >> ping
out.3 >> ping
out.4 >> ping
out.5 >> ping
inp.1 << 19:07:04.183 [main] INFO Env - @{1 PONG}
inp.2 << 19:07:04.183 [main] INFO Env - @{2 PONG}
inp.5 << 19:07:04.183 [main] INFO Env - @{5 PONG}
inp.3 << 19:07:04.184 [main] INFO Env - @{3 PONG}
inp.4 << 19:07:04.184 [main] INFO Env - @{4 PONG}
out.3 >> lock
inp.3 << 19:07:04.184 [main] INFO Env - @{3 SEND 1} Message(Ask)
inp.3 << 19:07:04.184 [main] INFO Env - @{3 SEND 2} Message(Ask)
inp.3 << 19:07:04.184 [main] INFO Env - @{3 SEND 4} Message(Ask)
inp.1 << 19:07:04.184 [main] INFO Env - @{1 RCVD 3} Message(Ask)
inp.1 << 19:07:04.184 [main] INFO Env - @{1 SEND 3} Message(Share)
inp.2 << 19:07:04.184 [main] INFO Env - @{2 RCVD 3} Message(Ask)
inp.3 << 19:07:04.184 [main] INFO Env - @{3 RCVD 1} Message(Share)
inp.2 << 19:07:04.184 [main] INFO Env - @{2 SEND 3} Message(Share)
inp.4 << 19:07:04.184 [main] INFO Env - @{4 RCVD 3} Message(Ask)
inp.4 << 19:07:04.184 [main] INFO Env - @{4 SEND 3} Message(Share)
inp.3 << 19:07:04.184 [main] INFO Env - @{3 RCVD 2} Message(Share)
inp.3 << 19:07:04.184 [main] INFO Env - @{3 RCVD 4} Message(Share)
inp.3 << 19:07:04.184 [main] INFO Env - @{3 LOCKED}
out.3 >> unlock
inp.3 << 19:07:04.184 [main] INFO Env - @{3 UNLOCKED}
out.1 >> ping
out.2 >> ping
out.3 >> ping
out.4 >> ping
out.5 >> ping
inp.1 << 19:07:04.185 [main] INFO Env - @{1 PONG}
inp.5 << 19:07:04.185 [main] INFO Env - @{5 PONG}
inp.2 << 19:07:04.185 [main] INFO Env - @{2 PONG}
inp.3 << 19:07:04.185 [main] INFO Env - @{3 PONG}
inp.4 << 19:07:04.185 [main] INFO Env - @{4 PONG}
out.4 >> lock
inp.4 << 19:07:04.185 [main] INFO Env - @{4 SEND 1} Message(Ask)
inp.4 << 19:07:04.185 [main] INFO Env - @{4 SEND 2} Message(Ask)
inp.1 << 19:07:04.186 [main] INFO Env - @{1 RCVD 4} Message(Ask)
inp.1 << 19:07:04.186 [main] INFO Env - @{1 SEND 4} Message(Share)
inp.4 << 19:07:04.186 [main] INFO Env - @{4 SEND 3} Message(Ask)
inp.4 << 19:07:04.186 [main] INFO Env - @{4 RCVD 1} Message(Share)
inp.3 << 19:07:04.186 [main] INFO Env - @{3 RCVD 4} Message(Ask)
inp.2 << 19:07:04.186 [main] INFO Env - @{2 RCVD 4} Message(Ask)
inp.3 << 19:07:04.186 [main] INFO Env - @{3 SEND 4} Message(Share)
inp.2 << 19:07:04.186 [main] INFO Env - @{2 SEND 4} Message(Share)
inp.4 << 19:07:04.186 [main] INFO Env - @{4 RCVD 3} Message(Share)
inp.4 << 19:07:04.186 [main] INFO Env - @{4 RCVD 2} Message(Share)
inp.4 << 19:07:04.186 [main] INFO Env - @{4 LOCKED}
out.4 >> unlock
inp.4 << 19:07:04.186 [main] INFO Env - @{4 UNLOCKED}
out.1 >> ping
out.2 >> ping
out.3 >> ping
out.4 >> ping
out.5 >> ping
inp.2 << 19:07:04.186 [main] INFO Env - @{2 PONG}
inp.1 << 19:07:04.186 [main] INFO Env - @{1 PONG}
inp.3 << 19:07:04.186 [main] INFO Env - @{3 PONG}
inp.5 << 19:07:04.186 [main] INFO Env - @{5 PONG}
inp.4 << 19:07:04.187 [main] INFO Env - @{4 PONG}
out.5 >> lock
inp.5 << 19:07:04.187 [main] INFO Env - @{5 SEND 1} Message(Ask)
inp.5 << 19:07:04.187 [main] INFO Env - @{5 SEND 2} Message(Ask)
inp.5 << 19:07:04.187 [main] INFO Env - @{5 SEND 3} Message(Ask)
inp.5 << 19:07:04.187 [main] INFO Env - @{5 SEND 4} Message(Ask)
inp.1 << 19:07:04.187 [main] INFO Env - @{1 RCVD 5} Message(Ask)
inp.1 << 19:07:04.187 [main] INFO Env - @{1 SEND 5} Message(Share)
inp.5 << 19:07:04.187 [main] INFO Env - @{5 RCVD 1} Message(Share)
inp.3 << 19:07:04.187 [main] INFO Env - @{3 RCVD 5} Message(Ask)
inp.4 << 19:07:04.187 [main] INFO Env - @{4 RCVD 5} Message(Ask)
inp.4 << 19:07:04.187 [main] INFO Env - @{4 SEND 5} Message(Share)
inp.3 << 19:07:04.187 [main] INFO Env - @{3 SEND 5} Message(Share)
inp.2 << 19:07:04.187 [main] INFO Env - @{2 RCVD 5} Message(Ask)
inp.2 << 19:07:04.187 [main] INFO Env - @{2 SEND 5} Message(Share)
inp.5 << 19:07:04.187 [main] INFO Env - @{5 RCVD 2} Message(Share)
inp.5 << 19:07:04.187 [main] INFO Env - @{5 RCVD 4} Message(Share)
inp.5 << 19:07:04.188 [main] INFO Env - @{5 RCVD 3} Message(Share)
inp.5 << 19:07:04.188 [main] INFO Env - @{5 LOCKED}
out.5 >> unlock
inp.5 << 19:07:04.188 [main] INFO Env - @{5 UNLOCKED}
out.1 >> ping
out.2 >> ping
out.3 >> ping
out.4 >> ping
out.5 >> ping
inp.5 << 19:07:04.188 [main] INFO Env - @{5 PONG}
inp.1 << 19:07:04.188 [main] INFO Env - @{1 PONG}
inp.2 << 19:07:04.188 [main] INFO Env - @{2 PONG}
inp.3 << 19:07:04.188 [main] INFO Env - @{3 PONG}
inp.4 << 19:07:04.188 [main] INFO Env - @{4 PONG}
out.1 >> lock
out.5 >> lock
out.3 >> lock
out.4 >> lock
out.2 >> lock
inp.1 << 19:07:04.189 [main] INFO Env - @{1 SEND 2} Message(Ask)
inp.5 << 19:07:04.189 [main] INFO Env - @{5 LOCKED}
out.5 >> unlock
inp.1 << 19:07:04.189 [main] INFO Env - @{1 SEND 3} Message(Ask)
inp.1 << 19:07:04.189 [main] INFO Env - @{1 SEND 4} Message(Ask)
inp.1 << 19:07:04.189 [main] INFO Env - @{1 SEND 5} Message(Ask)
inp.3 << 19:07:04.189 [main] INFO Env - @{3 SEND 4} Message(Ask)
inp.5 << 19:07:04.189 [main] INFO Env - @{5 UNLOCKED}
inp.5 << 19:07:04.189 [main] INFO Env - @{5 RCVD 1} Message(Ask)
inp.3 << 19:07:04.189 [main] INFO Env - @{3 SEND 5} Message(Ask)
inp.5 << 19:07:04.189 [main] INFO Env - @{5 SEND 1} Message(Share)
inp.3 << 19:07:04.189 [main] INFO Env - @{3 RCVD 1} Message(Ask)
inp.3 << 19:07:04.189 [main] INFO Env - @{3 SEND 1} Message(Share)
inp.1 << 19:07:04.189 [main] INFO Env - @{1 RCVD 5} Message(Share)
inp.5 << 19:07:04.189 [main] INFO Env - @{5 RCVD 3} Message(Ask)
inp.5 << 19:07:04.189 [main] INFO Env - @{5 SEND 3} Message(Share)
inp.3 << 19:07:04.189 [main] INFO Env - @{3 SEND 1} Message(Ask)
inp.1 << 19:07:04.189 [main] INFO Env - @{1 RCVD 3} Message(Share)
inp.1 << 19:07:04.189 [main] INFO Env - @{1 RCVD 3} Message(Ask)
inp.3 << 19:07:04.189 [main] INFO Env - @{3 RCVD 5} Message(Share)
inp.4 << 19:07:04.189 [main] INFO Env - @{4 SEND 5} Message(Ask)
inp.4 << 19:07:04.190 [main] INFO Env - @{4 RCVD 1} Message(Ask)
inp.4 << 19:07:04.190 [main] INFO Env - @{4 SEND 1} Message(Share)
inp.2 << 19:07:04.190 [main] INFO Env - @{2 SEND 3} Message(Ask)
inp.5 << 19:07:04.190 [main] INFO Env - @{5 RCVD 4} Message(Ask)
inp.5 << 19:07:04.190 [main] INFO Env - @{5 SEND 4} Message(Share)
inp.2 << 19:07:04.190 [main] INFO Env - @{2 SEND 4} Message(Ask)
inp.1 << 19:07:04.190 [main] INFO Env - @{1 RCVD 4} Message(Share)
inp.3 << 19:07:04.190 [main] INFO Env - @{3 RCVD 2} Message(Ask)
inp.2 << 19:07:04.190 [main] INFO Env - @{2 SEND 5} Message(Ask)
inp.4 << 19:07:04.190 [main] INFO Env - @{4 SEND 1} Message(Ask)
inp.3 << 19:07:04.190 [main] INFO Env - @{3 SEND 2} Message(Share)
inp.5 << 19:07:04.190 [main] INFO Env - @{5 RCVD 2} Message(Ask)
inp.1 << 19:07:04.190 [main] INFO Env - @{1 RCVD 4} Message(Ask)
inp.3 << 19:07:04.190 [main] INFO Env - @{3 SEND 2} Message(Ask)
inp.5 << 19:07:04.190 [main] INFO Env - @{5 SEND 2} Message(Share)
inp.4 << 19:07:04.190 [main] INFO Env - @{4 RCVD 3} Message(Ask)
inp.4 << 19:07:04.190 [main] INFO Env - @{4 SEND 3} Message(Share)
inp.4 << 19:07:04.190 [main] INFO Env - @{4 SEND 3} Message(Ask)
inp.4 << 19:07:04.191 [main] INFO Env - @{4 RCVD 5} Message(Share)
inp.4 << 19:07:04.191 [main] INFO Env - @{4 RCVD 2} Message(Ask)
inp.4 << 19:07:04.191 [main] INFO Env - @{4 SEND 2} Message(Share)
inp.4 << 19:07:04.191 [main] INFO Env - @{4 SEND 2} Message(Ask)
inp.3 << 19:07:04.191 [main] INFO Env - @{3 RCVD 4} Message(Share)
inp.3 << 19:07:04.191 [main] INFO Env - @{3 RCVD 4} Message(Ask)
inp.2 << 19:07:04.191 [main] INFO Env - @{2 RCVD 1} Message(Ask)
inp.2 << 19:07:04.191 [main] INFO Env - @{2 SEND 1} Message(Share)
inp.2 << 19:07:04.191 [main] INFO Env - @{2 SEND 1} Message(Ask)
inp.2 << 19:07:04.191 [main] INFO Env - @{2 RCVD 3} Message(Share)
inp.2 << 19:07:04.191 [main] INFO Env - @{2 RCVD 3} Message(Ask)
inp.2 << 19:07:04.191 [main] INFO Env - @{2 RCVD 5} Message(Share)
inp.2 << 19:07:04.191 [main] INFO Env - @{2 RCVD 4} Message(Share)
inp.2 << 19:07:04.191 [main] INFO Env - @{2 RCVD 4} Message(Ask)
inp.1 << 19:07:04.191 [main] INFO Env - @{1 RCVD 2} Message(Share)
inp.1 << 19:07:04.191 [main] INFO Env - @{1 LOCKED}
inp.1 << 19:07:04.191 [main] INFO Env - @{1 RCVD 2} Message(Ask)
out.1 >> unlock
inp.1 << 19:07:04.192 [main] INFO Env - @{1 UNLOCKED}
inp.1 << 19:07:04.192 [main] INFO Env - @{1 SEND 2} Message(Share)
inp.1 << 19:07:04.192 [main] INFO Env - @{1 SEND 3} Message(Share)
inp.1 << 19:07:04.192 [main] INFO Env - @{1 SEND 4} Message(Share)
inp.2 << 19:07:04.192 [main] INFO Env - @{2 RCVD 1} Message(Share)
inp.2 << 19:07:04.192 [main] INFO Env - @{2 LOCKED}
inp.3 << 19:07:04.192 [main] INFO Env - @{3 RCVD 1} Message(Share)
out.2 >> unlock
inp.4 << 19:07:04.192 [main] INFO Env - @{4 RCVD 1} Message(Share)
inp.2 << 19:07:04.192 [main] INFO Env - @{2 UNLOCKED}
inp.2 << 19:07:04.192 [main] INFO Env - @{2 SEND 3} Message(Share)
inp.2 << 19:07:04.192 [main] INFO Env - @{2 SEND 4} Message(Share)
inp.3 << 19:07:04.192 [main] INFO Env - @{3 RCVD 2} Message(Share)
inp.4 << 19:07:04.192 [main] INFO Env - @{4 RCVD 2} Message(Share)
inp.3 << 19:07:04.192 [main] INFO Env - @{3 LOCKED}
out.3 >> unlock
inp.3 << 19:07:04.192 [main] INFO Env - @{3 UNLOCKED}
inp.3 << 19:07:04.192 [main] INFO Env - @{3 SEND 4} Message(Share)
inp.4 << 19:07:04.192 [main] INFO Env - @{4 RCVD 3} Message(Share)
inp.4 << 19:07:04.192 [main] INFO Env - @{4 LOCKED}
out.4 >> unlock
inp.4 << 19:07:04.193 [main] INFO Env - @{4 UNLOCKED}
out.1 >> ping
out.2 >> ping
out.3 >> ping
out.4 >> ping
out.5 >> ping
inp.1 << 19:07:04.193 [main] INFO Env - @{1 PONG}
inp.5 << 19:07:04.193 [main] INFO Env - @{5 PONG}
inp.2 << 19:07:04.193 [main] INFO Env - @{2 PONG}
inp.3 << 19:07:04.193 [main] INFO Env - @{3 PONG}
inp.4 << 19:07:04.194 [main] INFO Env - @{4 PONG}
out.2 >> lock
inp.2 << 19:07:04.194 [main] INFO Env - @{2 SEND 3} Message(Ask)
inp.2 << 19:07:04.194 [main] INFO Env - @{2 SEND 4} Message(Ask)
inp.3 << 19:07:04.194 [main] INFO Env - @{3 RCVD 2} Message(Ask)
inp.3 << 19:07:04.194 [main] INFO Env - @{3 SEND 2} Message(Share)
inp.4 << 19:07:04.194 [main] INFO Env - @{4 RCVD 2} Message(Ask)
inp.4 << 19:07:04.194 [main] INFO Env - @{4 SEND 2} Message(Share)
inp.2 << 19:07:04.194 [main] INFO Env - @{2 RCVD 3} Message(Share)
inp.2 << 19:07:04.195 [main] INFO Env - @{2 RCVD 4} Message(Share)
inp.2 << 19:07:04.195 [main] INFO Env - @{2 LOCKED}
out.2 >> unlock
inp.2 << 19:07:04.195 [main] INFO Env - @{2 UNLOCKED}
out.1 >> ping
out.2 >> ping
out.3 >> ping
out.4 >> ping
out.5 >> ping
inp.1 << 19:07:04.195 [main] INFO Env - @{1 PONG}
inp.5 << 19:07:04.195 [main] INFO Env - @{5 PONG}
inp.2 << 19:07:04.196 [main] INFO Env - @{2 PONG}
inp.3 << 19:07:04.196 [main] INFO Env - @{3 PONG}
inp.4 << 19:07:04.196 [main] INFO Env - @{4 PONG}
out.2 >> lock
inp.2 << 19:07:04.196 [main] INFO Env - @{2 LOCKED}
out.2 >> unlock
inp.2 << 19:07:04.196 [main] INFO Env - @{2 UNLOCKED}
out.1 >> ping
out.2 >> ping
out.3 >> ping
out.4 >> ping
out.5 >> ping
inp.1 << 19:07:04.197 [main] INFO Env - @{1 PONG}
inp.5 << 19:07:04.197 [main] INFO Env - @{5 PONG}
inp.2 << 19:07:04.197 [main] INFO Env - @{2 PONG}
inp.3 << 19:07:04.197 [main] INFO Env - @{3 PONG}
inp.4 << 19:07:04.197 [main] INFO Env - @{4 PONG}
out.2 >> lock
inp.2 << 19:07:04.197 [main] INFO Env - @{2 LOCKED}
out.2 >> unlock
inp.2 << 19:07:04.197 [main] INFO Env - @{2 UNLOCKED}
out.1 >> ping
out.2 >> ping
out.3 >> ping
out.4 >> ping
out.5 >> ping
inp.1 << 19:07:04.197 [main] INFO Env - @{1 PONG}
inp.5 << 19:07:04.198 [main] INFO Env - @{5 PONG}
inp.2 << 19:07:04.198 [main] INFO Env - @{2 PONG}
inp.3 << 19:07:04.198 [main] INFO Env - @{3 PONG}
inp.4 << 19:07:04.198 [main] INFO Env - @{4 PONG}
out.2 >> lock
out.3 >> lock
inp.3 << 19:07:04.198 [main] INFO Env - @{3 SEND 2} Message(Ask)
inp.2 << 19:07:04.198 [main] INFO Env - @{2 LOCKED}
inp.3 << 19:07:04.199 [main] INFO Env - @{3 SEND 4} Message(Ask)
out.2 >> unlock
inp.2 << 19:07:04.199 [main] INFO Env - @{2 RCVD 3} Message(Ask)
inp.2 << 19:07:04.199 [main] INFO Env - @{2 UNLOCKED}
inp.2 << 19:07:04.199 [main] INFO Env - @{2 SEND 3} Message(Share)
inp.3 << 19:07:04.199 [main] INFO Env - @{3 RCVD 2} Message(Share)
inp.4 << 19:07:04.199 [main] INFO Env - @{4 RCVD 3} Message(Ask)
inp.4 << 19:07:04.199 [main] INFO Env - @{4 SEND 3} Message(Share)
inp.3 << 19:07:04.199 [main] INFO Env - @{3 RCVD 4} Message(Share)
inp.3 << 19:07:04.199 [main] INFO Env - @{3 LOCKED}
out.3 >> unlock
inp.3 << 19:07:04.200 [main] INFO Env - @{3 UNLOCKED}
out.1 >> ping
out.2 >> ping
inp.1 << 19:07:04.200 [main] INFO Env - @{1 PONG}
out.3 >> ping
out.4 >> ping
inp.2 << 19:07:04.200 [main] INFO Env - @{2 PONG}
out.5 >> ping
inp.3 << 19:07:04.200 [main] INFO Env - @{3 PONG}
inp.5 << 19:07:04.200 [main] INFO Env - @{5 PONG}
inp.4 << 19:07:04.200 [main] INFO Env - @{4 PONG}
out.2 >> lock
out.3 >> lock
inp.3 << 19:07:04.200 [main] INFO Env - @{3 LOCKED}
inp.2 << 19:07:04.201 [main] INFO Env - @{2 SEND 3} Message(Ask)
out.3 >> unlock
inp.3 << 19:07:04.201 [main] INFO Env - @{3 RCVD 2} Message(Ask)
inp.3 << 19:07:04.201 [main] INFO Env - @{3 UNLOCKED}
inp.3 << 19:07:04.201 [main] INFO Env - @{3 SEND 2} Message(Share)
inp.2 << 19:07:04.201 [main] INFO Env - @{2 RCVD 3} Message(Share)
inp.2 << 19:07:04.201 [main] INFO Env - @{2 LOCKED}
out.2 >> unlock
inp.2 << 19:07:04.201 [main] INFO Env - @{2 UNLOCKED}
out.1 >> ping
out.2 >> ping
out.3 >> ping
out.4 >> ping
out.5 >> ping
inp.1 << 19:07:04.201 [main] INFO Env - @{1 PONG}
inp.5 << 19:07:04.201 [main] INFO Env - @{5 PONG}
inp.2 << 19:07:04.201 [main] INFO Env - @{2 PONG}
inp.3 << 19:07:04.201 [main] INFO Env - @{3 PONG}
inp.4 << 19:07:04.201 [main] INFO Env - @{4 PONG}
out.2 >> lock
out.3 >> lock
inp.2 << 19:07:04.202 [main] INFO Env - @{2 LOCKED}
out.2 >> unlock
inp.3 << 19:07:04.202 [main] INFO Env - @{3 SEND 2} Message(Ask)
inp.2 << 19:07:04.202 [main] INFO Env - @{2 UNLOCKED}
inp.2 << 19:07:04.202 [main] INFO Env - @{2 RCVD 3} Message(Ask)
inp.2 << 19:07:04.202 [main] INFO Env - @{2 SEND 3} Message(Share)
inp.3 << 19:07:04.202 [main] INFO Env - @{3 RCVD 2} Message(Share)
inp.3 << 19:07:04.202 [main] INFO Env - @{3 LOCKED}
out.3 >> unlock
inp.3 << 19:07:04.202 [main] INFO Env - @{3 UNLOCKED}
out.1 >> ping
out.2 >> ping
out.3 >> ping
out.4 >> ping
out.5 >> ping
inp.1 << 19:07:04.203 [main] INFO Env - @{1 PONG}
inp.5 << 19:07:04.203 [main] INFO Env - @{5 PONG}
inp.3 << 19:07:04.203 [main] INFO Env - @{3 PONG}
inp.2 << 19:07:04.203 [main] INFO Env - @{2 PONG}
inp.4 << 19:07:04.203 [main] INFO Env - @{4 PONG}
out.1 >> ping
out.2 >> ping
out.3 >> ping
out.4 >> ping
out.5 >> ping
inp.1 << 19:07:04.203 [main] INFO Env - @{1 PONG}
inp.5 << 19:07:04.203 [main] INFO Env - @{5 PONG}
inp.2 << 19:07:04.203 [main] INFO Env - @{2 PONG}
inp.3 << 19:07:04.203 [main] INFO Env - @{3 PONG}
inp.4 << 19:07:04.203 [main] INFO Env - @{4 PONG}
out.1 >> lock
inp.1 << 19:07:04.204 [main] INFO Env - @{1 SEND 2} Message(Ask)
inp.1 << 19:07:04.204 [main] INFO Env - @{1 SEND 3} Message(Ask)
inp.1 << 19:07:04.204 [main] INFO Env - @{1 SEND 4} Message(Ask)
inp.2 << 19:07:04.204 [main] INFO Env - @{2 RCVD 1} Message(Ask)
inp.2 << 19:07:04.204 [main] INFO Env - @{2 SEND 1} Message(Share)
inp.4 << 19:07:04.204 [main] INFO Env - @{4 RCVD 1} Message(Ask)
inp.1 << 19:07:04.204 [main] INFO Env - @{1 RCVD 2} Message(Share)
inp.3 << 19:07:04.204 [main] INFO Env - @{3 RCVD 1} Message(Ask)
inp.4 << 19:07:04.204 [main] INFO Env - @{4 SEND 1} Message(Share)
inp.3 << 19:07:04.205 [main] INFO Env - @{3 SEND 1} Message(Share)
inp.1 << 19:07:04.205 [main] INFO Env - @{1 RCVD 4} Message(Share)
inp.1 << 19:07:04.205 [main] INFO Env - @{1 RCVD 3} Message(Share)
inp.1 << 19:07:04.205 [main] INFO Env - @{1 LOCKED}
out.1 >> unlock
inp.1 << 19:07:04.206 [main] INFO Env - @{1 UNLOCKED}
out.1 >> ping
out.2 >> ping
out.3 >> ping
out.4 >> ping
out.5 >> ping
inp.1 << 19:07:04.206 [main] INFO Env - @{1 PONG}
inp.5 << 19:07:04.206 [main] INFO Env - @{5 PONG}
inp.2 << 19:07:04.206 [main] INFO Env - @{2 PONG}
inp.3 << 19:07:04.206 [main] INFO Env - @{3 PONG}
inp.4 << 19:07:04.207 [main] INFO Env - @{4 PONG}
out.2 >> lock
inp.2 << 19:07:04.207 [main] INFO Env - @{2 SEND 1} Message(Ask)
inp.2 << 19:07:04.207 [main] INFO Env - @{2 SEND 3} Message(Ask)
inp.1 << 19:07:04.207 [main] INFO Env - @{1 RCVD 2} Message(Ask)
inp.1 << 19:07:04.207 [main] INFO Env - @{1 SEND 2} Message(Share)
inp.2 << 19:07:04.207 [main] INFO Env - @{2 RCVD 1} Message(Share)
inp.3 << 19:07:04.207 [main] INFO Env - @{3 RCVD 2} Message(Ask)
inp.3 << 19:07:04.207 [main] INFO Env - @{3 SEND 2} Message(Share)
inp.2 << 19:07:04.208 [main] INFO Env - @{2 RCVD 3} Message(Share)
inp.2 << 19:07:04.208 [main] INFO Env - @{2 LOCKED}
out.2 >> unlock
inp.2 << 19:07:04.208 [main] INFO Env - @{2 UNLOCKED}
out.1 >> ping
out.2 >> ping
out.3 >> ping
out.4 >> ping
out.5 >> ping
inp.1 << 19:07:04.208 [main] INFO Env - @{1 PONG}
inp.5 << 19:07:04.208 [main] INFO Env - @{5 PONG}
inp.2 << 19:07:04.208 [main] INFO Env - @{2 PONG}
inp.3 << 19:07:04.209 [main] INFO Env - @{3 PONG}
inp.4 << 19:07:04.209 [main] INFO Env - @{4 PONG}
out.3 >> lock
inp.3 << 19:07:04.209 [main] INFO Env - @{3 SEND 1} Message(Ask)
inp.3 << 19:07:04.209 [main] INFO Env - @{3 SEND 2} Message(Ask)
inp.1 << 19:07:04.209 [main] INFO Env - @{1 RCVD 3} Message(Ask)
inp.1 << 19:07:04.209 [main] INFO Env - @{1 SEND 3} Message(Share)
inp.3 << 19:07:04.209 [main] INFO Env - @{3 RCVD 1} Message(Share)
inp.2 << 19:07:04.209 [main] INFO Env - @{2 RCVD 3} Message(Ask)
inp.2 << 19:07:04.209 [main] INFO Env - @{2 SEND 3} Message(Share)
inp.3 << 19:07:04.210 [main] INFO Env - @{3 RCVD 2} Message(Share)
inp.3 << 19:07:04.210 [main] INFO Env - @{3 LOCKED}
out.3 >> unlock
inp.3 << 19:07:04.210 [main] INFO Env - @{3 UNLOCKED}
out.1 >> ping
out.2 >> ping
out.3 >> ping
out.4 >> ping
out.5 >> ping
inp.1 << 19:07:04.210 [main] INFO Env - @{1 PONG}
inp.3 << 19:07:04.210 [main] INFO Env - @{3 PONG}
inp.5 << 19:07:04.210 [main] INFO Env - @{5 PONG}
inp.2 << 19:07:04.210 [main] INFO Env - @{2 PONG}
inp.4 << 19:07:04.210 [main] INFO Env - @{4 PONG}
out.4 >> lock
inp.4 << 19:07:04.210 [main] INFO Env - @{4 SEND 1} Message(Ask)
inp.4 << 19:07:04.210 [main] INFO Env - @{4 SEND 2} Message(Ask)
inp.1 << 19:07:04.210 [main] INFO Env - @{1 RCVD 4} Message(Ask)
inp.4 << 19:07:04.210 [main] INFO Env - @{4 SEND 3} Message(Ask)
inp.1 << 19:07:04.210 [main] INFO Env - @{1 SEND 4} Message(Share)
inp.4 << 19:07:04.211 [main] INFO Env - @{4 RCVD 1} Message(Share)
inp.2 << 19:07:04.211 [main] INFO Env - @{2 RCVD 4} Message(Ask)
inp.3 << 19:07:04.211 [main] INFO Env - @{3 RCVD 4} Message(Ask)
inp.3 << 19:07:04.211 [main] INFO Env - @{3 SEND 4} Message(Share)
inp.2 << 19:07:04.211 [main] INFO Env - @{2 SEND 4} Message(Share)
inp.4 << 19:07:04.211 [main] INFO Env - @{4 RCVD 2} Message(Share)
inp.4 << 19:07:04.211 [main] INFO Env - @{4 RCVD 3} Message(Share)
inp.4 << 19:07:04.211 [main] INFO Env - @{4 LOCKED}
out.4 >> unlock
inp.4 << 19:07:04.211 [main] INFO Env - @{4 UNLOCKED}
out.1 >> ping
out.2 >> ping
out.3 >> ping
out.4 >> ping
out.5 >> ping
inp.1 << 19:07:04.211 [main] INFO Env - @{1 PONG}
inp.5 << 19:07:04.211 [main] INFO Env - @{5 PONG}
inp.2 << 19:07:04.211 [main] INFO Env - @{2 PONG}
inp.4 << 19:07:04.211 [main] INFO Env - @{4 PONG}
inp.3 << 19:07:04.211 [main] INFO Env - @{3 PONG}
out.5 >> lock
inp.5 << 19:07:04.211 [main] INFO Env - @{5 SEND 1} Message(Ask)
inp.5 << 19:07:04.211 [main] INFO Env - @{5 SEND 2} Message(Ask)
inp.5 << 19:07:04.212 [main] INFO Env - @{5 SEND 3} Message(Ask)
inp.5 << 19:07:04.212 [main] INFO Env - @{5 SEND 4} Message(Ask)
inp.1 << 19:07:04.212 [main] INFO Env - @{1 RCVD 5} Message(Ask)
inp.1 << 19:07:04.212 [main] INFO Env - @{1 SEND 5} Message(Share)
inp.3 << 19:07:04.212 [main] INFO Env - @{3 RCVD 5} Message(Ask)
inp.3 << 19:07:04.212 [main] INFO Env - @{3 SEND 5} Message(Share)
inp.5 << 19:07:04.212 [main] INFO Env - @{5 RCVD 1} Message(Share)
inp.2 << 19:07:04.212 [main] INFO Env - @{2 RCVD 5} Message(Ask)
inp.2 << 19:07:04.212 [main] INFO Env - @{2 SEND 5} Message(Share)
inp.5 << 19:07:04.212 [main] INFO Env - @{5 RCVD 3} Message(Share)
inp.4 << 19:07:04.212 [main] INFO Env - @{4 RCVD 5} Message(Ask)
inp.5 << 19:07:04.212 [main] INFO Env - @{5 RCVD 2} Message(Share)
inp.4 << 19:07:04.212 [main] INFO Env - @{4 SEND 5} Message(Share)
inp.5 << 19:07:04.212 [main] INFO Env - @{5 RCVD 4} Message(Share)
inp.5 << 19:07:04.212 [main] INFO Env - @{5 LOCKED}
out.5 >> unlock
inp.5 << 19:07:04.212 [main] INFO Env - @{5 UNLOCKED}
out.1 >> ping
out.2 >> ping
out.3 >> ping
out.4 >> ping
out.5 >> ping
inp.5 << 19:07:04.212 [main] INFO Env - @{5 PONG}
inp.1 << 19:07:04.212 [main] INFO Env - @{1 PONG}
inp.2 << 19:07:04.213 [main] INFO Env - @{2 PONG}
inp.3 << 19:07:04.213 [main] INFO Env - @{3 PONG}
inp.4 << 19:07:04.213 [main] INFO Env - @{4 PONG}
out.5 >> lock
out.4 >> lock
out.2 >> lock
out.3 >> lock
out.1 >> lock
inp.5 << 19:07:04.213 [main] INFO Env - @{5 LOCKED}
inp.1 << 19:07:04.213 [main] INFO Env - @{1 SEND 2} Message(Ask)
inp.1 << 19:07:04.213 [main] INFO Env - @{1 SEND 3} Message(Ask)
out.5 >> unlock
inp.1 << 19:07:04.213 [main] INFO Env - @{1 SEND 4} Message(Ask)
inp.1 << 19:07:04.213 [main] INFO Env - @{1 SEND 5} Message(Ask)
inp.5 << 19:07:04.213 [main] INFO Env - @{5 RCVD 1} Message(Ask)
inp.5 << 19:07:04.213 [main] INFO Env - @{5 UNLOCKED}
inp.5 << 19:07:04.213 [main] INFO Env - @{5 SEND 1} Message(Share)
inp.1 << 19:07:04.214 [main] INFO Env - @{1 RCVD 5} Message(Share)
inp.4 << 19:07:04.213 [main] INFO Env - @{4 SEND 5} Message(Ask)
inp.2 << 19:07:04.214 [main] INFO Env - @{2 SEND 3} Message(Ask)
inp.2 << 19:07:04.214 [main] INFO Env - @{2 SEND 4} Message(Ask)
inp.5 << 19:07:04.214 [main] INFO Env - @{5 RCVD 4} Message(Ask)
inp.2 << 19:07:04.214 [main] INFO Env - @{2 SEND 5} Message(Ask)
inp.2 << 19:07:04.214 [main] INFO Env - @{2 RCVD 1} Message(Ask)
inp.5 << 19:07:04.214 [main] INFO Env - @{5 SEND 4} Message(Share)
inp.2 << 19:07:04.214 [main] INFO Env - @{2 SEND 1} Message(Share)
inp.2 << 19:07:04.214 [main] INFO Env - @{2 SEND 1} Message(Ask)
inp.5 << 19:07:04.214 [main] INFO Env - @{5 RCVD 2} Message(Ask)
inp.5 << 19:07:04.214 [main] INFO Env - @{5 SEND 2} Message(Share)
inp.1 << 19:07:04.214 [main] INFO Env - @{1 RCVD 2} Message(Share)
inp.1 << 19:07:04.214 [main] INFO Env - @{1 RCVD 2} Message(Ask)
inp.3 << 19:07:04.214 [main] INFO Env - @{3 SEND 4} Message(Ask)
inp.3 << 19:07:04.214 [main] INFO Env - @{3 SEND 5} Message(Ask)
inp.3 << 19:07:04.214 [main] INFO Env - @{3 RCVD 1} Message(Ask)
inp.4 << 19:07:04.214 [main] INFO Env - @{4 RCVD 1} Message(Ask)
inp.1 << 19:07:04.214 [main] INFO Env - @{1 RCVD 4} Message(Share)
inp.3 << 19:07:04.214 [main] INFO Env - @{3 SEND 1} Message(Share)
inp.3 << 19:07:04.214 [main] INFO Env - @{3 SEND 1} Message(Ask)
inp.3 << 19:07:04.214 [main] INFO Env - @{3 RCVD 2} Message(Ask)
inp.3 << 19:07:04.214 [main] INFO Env - @{3 SEND 2} Message(Share)
inp.3 << 19:07:04.215 [main] INFO Env - @{3 SEND 2} Message(Ask)
inp.5 << 19:07:04.214 [main] INFO Env - @{5 RCVD 3} Message(Ask)
inp.5 << 19:07:04.214 [main] INFO Env - @{5 SEND 3} Message(Share)
inp.3 << 19:07:04.215 [main] INFO Env - @{3 RCVD 5} Message(Share)
inp.1 << 19:07:04.215 [main] INFO Env - @{1 RCVD 3} Message(Share)
inp.1 << 19:07:04.215 [main] INFO Env - @{1 LOCKED}
inp.1 << 19:07:04.215 [main] INFO Env - @{1 RCVD 3} Message(Ask)
inp.1 << 19:07:04.215 [main] INFO Env - @{1 RCVD 4} Message(Ask)
inp.4 << 19:07:04.214 [main] INFO Env - @{4 SEND 1} Message(Share)
inp.2 << 19:07:04.215 [main] INFO Env - @{2 RCVD 5} Message(Share)
inp.4 << 19:07:04.214 [main] INFO Env - @{4 SEND 1} Message(Ask)
out.1 >> unlock
inp.3 << 19:07:04.215 [main] INFO Env - @{3 RCVD 4} Message(Share)
inp.3 << 19:07:04.215 [main] INFO Env - @{3 RCVD 4} Message(Ask)
inp.4 << 19:07:04.215 [main] INFO Env - @{4 RCVD 2} Message(Ask)
inp.2 << 19:07:04.215 [main] INFO Env - @{2 RCVD 3} Message(Share)
inp.2 << 19:07:04.215 [main] INFO Env - @{2 RCVD 3} Message(Ask)
inp.2 << 19:07:04.215 [main] INFO Env - @{2 RCVD 4} Message(Share)
inp.2 << 19:07:04.215 [main] INFO Env - @{2 RCVD 4} Message(Ask)
inp.4 << 19:07:04.215 [main] INFO Env - @{4 SEND 2} Message(Share)
inp.4 << 19:07:04.215 [main] INFO Env - @{4 SEND 2} Message(Ask)
inp.4 << 19:07:04.215 [main] INFO Env - @{4 RCVD 5} Message(Share)
inp.4 << 19:07:04.215 [main] INFO Env - @{4 RCVD 3} Message(Ask)
inp.4 << 19:07:04.215 [main] INFO Env - @{4 SEND 3} Message(Share)
inp.4 << 19:07:04.215 [main] INFO Env - @{4 SEND 3} Message(Ask)
inp.1 << 19:07:04.215 [main] INFO Env - @{1 UNLOCKED}
inp.1 << 19:07:04.215 [main] INFO Env - @{1 SEND 2} Message(Share)
inp.1 << 19:07:04.215 [main] INFO Env - @{1 SEND 3} Message(Share)
inp.1 << 19:07:04.215 [main] INFO Env - @{1 SEND 4} Message(Share)
inp.2 << 19:07:04.215 [main] INFO Env - @{2 RCVD 1} Message(Share)
inp.2 << 19:07:04.215 [main] INFO Env - @{2 LOCKED}
out.2 >> unlock
inp.3 << 19:07:04.215 [main] INFO Env - @{3 RCVD 1} Message(Share)
inp.4 << 19:07:04.215 [main] INFO Env - @{4 RCVD 1} Message(Share)
inp.2 << 19:07:04.215 [main] INFO Env - @{2 UNLOCKED}
inp.2 << 19:07:04.215 [main] INFO Env - @{2 SEND 3} Message(Share)
inp.2 << 19:07:04.215 [main] INFO Env - @{2 SEND 4} Message(Share)
inp.3 << 19:07:04.215 [main] INFO Env - @{3 RCVD 2} Message(Share)
inp.3 << 19:07:04.215 [main] INFO Env - @{3 LOCKED}
out.3 >> unlock
inp.4 << 19:07:04.215 [main] INFO Env - @{4 RCVD 2} Message(Share)
inp.3 << 19:07:04.216 [main] INFO Env - @{3 UNLOCKED}
inp.3 << 19:07:04.216 [main] INFO Env - @{3 SEND 4} Message(Share)
inp.4 << 19:07:04.216 [main] INFO Env - @{4 RCVD 3} Message(Share)
inp.4 << 19:07:04.216 [main] INFO Env - @{4 LOCKED}
out.4 >> unlock
inp.4 << 19:07:04.223 [main] INFO Env - @{4 UNLOCKED}
out.1 >> ping
out.2 >> ping
out.3 >> ping
out.4 >> ping
out.5 >> ping
inp.5 << 19:07:04.224 [main] INFO Env - @{5 PONG}
inp.1 << 19:07:04.224 [main] INFO Env - @{1 PONG}
inp.2 << 19:07:04.244 [main] INFO Env - @{2 PONG}
inp.3 << 19:07:04.244 [main] INFO Env - @{3 PONG}
inp.4 << 19:07:04.245 [main] INFO Env - @{4 PONG}
out.3 >> lock
inp.3 << 19:07:04.257 [main] INFO Env - @{3 SEND 4} Message(Ask)
inp.4 << 19:07:04.260 [main] INFO Env - @{4 RCVD 3} Message(Ask)
inp.4 << 19:07:04.266 [main] INFO Env - @{4 SEND 3} Message(Share)
inp.3 << 19:07:04.268 [main] INFO Env - @{3 RCVD 4} Message(Share)
inp.3 << 19:07:04.270 [main] INFO Env - @{3 LOCKED}
out.3 >> unlock
inp.3 << 19:07:04.271 [main] INFO Env - @{3 UNLOCKED}
out.1 >> ping
out.2 >> ping
out.3 >> ping
out.4 >> ping
out.5 >> ping
inp.5 << 19:07:04.273 [main] INFO Env - @{5 PONG}
inp.1 << 19:07:04.274 [main] INFO Env - @{1 PONG}
inp.2 << 19:07:04.274 [main] INFO Env - @{2 PONG}
inp.3 << 19:07:04.274 [main] INFO Env - @{3 PONG}
inp.4 << 19:07:04.274 [main] INFO Env - @{4 PONG}
out.3 >> lock
inp.3 << 19:07:04.275 [main] INFO Env - @{3 LOCKED}
out.3 >> unlock
inp.3 << 19:07:04.278 [main] INFO Env - @{3 UNLOCKED}
out.1 >> ping
out.2 >> ping
out.3 >> ping
out.4 >> ping
out.5 >> ping
inp.5 << 19:07:04.280 [main] INFO Env - @{5 PONG}
inp.1 << 19:07:04.280 [main] INFO Env - @{1 PONG}
inp.3 << 19:07:04.280 [main] INFO Env - @{3 PONG}
inp.2 << 19:07:04.281 [main] INFO Env - @{2 PONG}
inp.4 << 19:07:04.281 [main] INFO Env - @{4 PONG}
out.3 >> lock
inp.3 << 19:07:04.282 [main] INFO Env - @{3 LOCKED}
out.3 >> unlock
inp.3 << 19:07:04.282 [main] INFO Env - @{3 UNLOCKED}
out.1 >> ping
out.2 >> ping
out.3 >> ping
out.4 >> ping
out.5 >> ping
inp.5 << 19:07:04.285 [main] INFO Env - @{5 PONG}
inp.1 << 19:07:04.286 [main] INFO Env - @{1 PONG}
inp.2 << 19:07:04.287 [main] INFO Env - @{2 PONG}
inp.3 << 19:07:04.288 [main] INFO Env - @{3 PONG}
inp.4 << 19:07:04.288 [main] INFO Env - @{4 PONG}
out.3 >> lock
out.5 >> lock
inp.3 << 19:07:04.290 [main] INFO Env - @{3 LOCKED}
out.3 >> unlock
inp.5 << 19:07:04.290 [main] INFO Env - @{5 SEND 1} Message(Ask)
inp.5 << 19:07:04.291 [main] INFO Env - @{5 SEND 2} Message(Ask)
inp.5 << 19:07:04.292 [main] INFO Env - @{5 SEND 3} Message(Ask)
inp.5 << 19:07:04.292 [main] INFO Env - @{5 SEND 4} Message(Ask)
inp.1 << 19:07:04.293 [main] INFO Env - @{1 RCVD 5} Message(Ask)
inp.1 << 19:07:04.293 [main] INFO Env - @{1 SEND 5} Message(Share)
inp.5 << 19:07:04.294 [main] INFO Env - @{5 RCVD 1} Message(Share)
inp.3 << 19:07:04.292 [main] INFO Env - @{3 UNLOCKED}
inp.3 << 19:07:04.294 [main] INFO Env - @{3 RCVD 5} Message(Ask)
inp.3 << 19:07:04.294 [main] INFO Env - @{3 SEND 5} Message(Share)
inp.5 << 19:07:04.295 [main] INFO Env - @{5 RCVD 3} Message(Share)
inp.2 << 19:07:04.295 [main] INFO Env - @{2 RCVD 5} Message(Ask)
inp.2 << 19:07:04.295 [main] INFO Env - @{2 SEND 5} Message(Share)
inp.5 << 19:07:04.296 [main] INFO Env - @{5 RCVD 2} Message(Share)
inp.4 << 19:07:04.295 [main] INFO Env - @{4 RCVD 5} Message(Ask)
inp.4 << 19:07:04.296 [main] INFO Env - @{4 SEND 5} Message(Share)
inp.5 << 19:07:04.296 [main] INFO Env - @{5 RCVD 4} Message(Share)
inp.5 << 19:07:04.297 [main] INFO Env - @{5 LOCKED}
out.5 >> unlock
inp.5 << 19:07:04.297 [main] INFO Env - @{5 UNLOCKED}
out.1 >> ping
out.2 >> ping
out.3 >> ping
out.4 >> ping
out.5 >> ping
inp.5 << 19:07:04.303 [main] INFO Env - @{5 PONG}
inp.1 << 19:07:04.305 [main] INFO Env - @{1 PONG}
inp.2 << 19:07:04.305 [main] INFO Env - @{2 PONG}
inp.3 << 19:07:04.305 [main] INFO Env - @{3 PONG}
inp.4 << 19:07:04.306 [main] INFO Env - @{4 PONG}
out.3 >> lock
out.5 >> lock
inp.5 << 19:07:04.310 [main] INFO Env - @{5 LOCKED}
inp.3 << 19:07:04.310 [main] INFO Env - @{3 SEND 5} Message(Ask)
out.5 >> unlock
inp.5 << 19:07:04.310 [main] INFO Env - @{5 RCVD 3} Message(Ask)
inp.5 << 19:07:04.310 [main] INFO Env - @{5 UNLOCKED}
inp.5 << 19:07:04.310 [main] INFO Env - @{5 SEND 3} Message(Share)
inp.3 << 19:07:04.311 [main] INFO Env - @{3 RCVD 5} Message(Share)
inp.3 << 19:07:04.311 [main] INFO Env - @{3 LOCKED}
out.3 >> unlock
inp.3 << 19:07:04.311 [main] INFO Env - @{3 UNLOCKED}
out.1 >> ping
out.2 >> ping
out.3 >> ping
out.4 >> ping
out.5 >> ping
inp.1 << 19:07:04.312 [main] INFO Env - @{1 PONG}
inp.5 << 19:07:04.312 [main] INFO Env - @{5 PONG}
inp.2 << 19:07:04.312 [main] INFO Env - @{2 PONG}
inp.3 << 19:07:04.313 [main] INFO Env - @{3 PONG}
inp.4 << 19:07:04.313 [main] INFO Env - @{4 PONG}
out.3 >> lock
out.5 >> lock
inp.5 << 19:07:04.313 [main] INFO Env - @{5 SEND 3} Message(Ask)
inp.3 << 19:07:04.314 [main] INFO Env - @{3 LOCKED}
inp.3 << 19:07:04.314 [main] INFO Env - @{3 RCVD 5} Message(Ask)
out.3 >> unlock
inp.3 << 19:07:04.314 [main] INFO Env - @{3 UNLOCKED}
inp.3 << 19:07:04.314 [main] INFO Env - @{3 SEND 5} Message(Share)
inp.5 << 19:07:04.314 [main] INFO Env - @{5 RCVD 3} Message(Share)
inp.5 << 19:07:04.314 [main] INFO Env - @{5 LOCKED}
out.5 >> unlock
inp.5 << 19:07:04.315 [main] INFO Env - @{5 UNLOCKED}
out.1 >> ping
out.2 >> ping
out.3 >> ping
out.4 >> ping
out.5 >> ping
inp.3 << 19:07:04.316 [main] INFO Env - @{3 PONG}
inp.1 << 19:07:04.316 [main] INFO Env - @{1 PONG}
inp.5 << 19:07:04.316 [main] INFO Env - @{5 PONG}
inp.2 << 19:07:04.316 [main] INFO Env - @{2 PONG}
inp.4 << 19:07:04.316 [main] INFO Env - @{4 PONG}
out.1 >> ping
out.2 >> ping
out.3 >> ping
out.4 >> ping
out.5 >> ping
inp.5 << 19:07:04.317 [main] INFO Env - @{5 PONG}
inp.1 << 19:07:04.317 [main] INFO Env - @{1 PONG}
inp.2 << 19:07:04.317 [main] INFO Env - @{2 PONG}
inp.3 << 19:07:04.317 [main] INFO Env - @{3 PONG}
inp.4 << 19:07:04.317 [main] INFO Env - @{4 PONG}
out.1 >> lock
inp.1 << 19:07:04.317 [main] INFO Env - @{1 SEND 2} Message(Ask)
inp.1 << 19:07:04.318 [main] INFO Env - @{1 SEND 3} Message(Ask)
inp.1 << 19:07:04.318 [main] INFO Env - @{1 SEND 4} Message(Ask)
inp.1 << 19:07:04.318 [main] INFO Env - @{1 SEND 5} Message(Ask)
inp.2 << 19:07:04.318 [main] INFO Env - @{2 RCVD 1} Message(Ask)
inp.5 << 19:07:04.318 [main] INFO Env - @{5 RCVD 1} Message(Ask)
inp.3 << 19:07:04.318 [main] INFO Env - @{3 RCVD 1} Message(Ask)
inp.2 << 19:07:04.318 [main] INFO Env - @{2 SEND 1} Message(Share)
inp.5 << 19:07:04.318 [main] INFO Env - @{5 SEND 1} Message(Share)
inp.1 << 19:07:04.318 [main] INFO Env - @{1 RCVD 3} Message(Share)
inp.4 << 19:07:04.318 [main] INFO Env - @{4 RCVD 1} Message(Ask)
inp.1 << 19:07:04.319 [main] INFO Env - @{1 RCVD 2} Message(Share)
inp.1 << 19:07:04.319 [main] INFO Env - @{1 RCVD 5} Message(Share)
inp.4 << 19:07:04.319 [main] INFO Env - @{4 SEND 1} Message(Share)
inp.1 << 19:07:04.319 [main] INFO Env - @{1 RCVD 4} Message(Share)
inp.1 << 19:07:04.319 [main] INFO Env - @{1 LOCKED}
inp.3 << 19:07:04.318 [main] INFO Env - @{3 SEND 1} Message(Share)
out.1 >> unlock
inp.1 << 19:07:04.319 [main] INFO Env - @{1 UNLOCKED}
out.1 >> ping
out.2 >> ping
out.3 >> ping
out.4 >> ping
out.5 >> ping
inp.1 << 19:07:04.320 [main] INFO Env - @{1 PONG}
inp.2 << 19:07:04.320 [main] INFO Env - @{2 PONG}
inp.5 << 19:07:04.320 [main] INFO Env - @{5 PONG}
inp.3 << 19:07:04.320 [main] INFO Env - @{3 PONG}
inp.4 << 19:07:04.320 [main] INFO Env - @{4 PONG}
out.2 >> lock
inp.2 << 19:07:04.321 [main] INFO Env - @{2 SEND 1} Message(Ask)
inp.2 << 19:07:04.321 [main] INFO Env - @{2 SEND 3} Message(Ask)
inp.2 << 19:07:04.321 [main] INFO Env - @{2 SEND 4} Message(Ask)
inp.1 << 19:07:04.321 [main] INFO Env - @{1 RCVD 2} Message(Ask)
inp.1 << 19:07:04.322 [main] INFO Env - @{1 SEND 2} Message(Share)
inp.3 << 19:07:04.322 [main] INFO Env - @{3 RCVD 2} Message(Ask)
inp.3 << 19:07:04.322 [main] INFO Env - @{3 SEND 2} Message(Share)
inp.4 << 19:07:04.322 [main] INFO Env - @{4 RCVD 2} Message(Ask)
inp.4 << 19:07:04.322 [main] INFO Env - @{4 SEND 2} Message(Share)
inp.2 << 19:07:04.321 [main] INFO Env - @{2 SEND 5} Message(Ask)
inp.2 << 19:07:04.323 [main] INFO Env - @{2 RCVD 1} Message(Share)
inp.2 << 19:07:04.323 [main] INFO Env - @{2 RCVD 3} Message(Share)
inp.2 << 19:07:04.323 [main] INFO Env - @{2 RCVD 4} Message(Share)
inp.5 << 19:07:04.324 [main] INFO Env - @{5 RCVD 2} Message(Ask)
inp.5 << 19:07:04.324 [main] INFO Env - @{5 SEND 2} Message(Share)
inp.2 << 19:07:04.324 [main] INFO Env - @{2 RCVD 5} Message(Share)
inp.2 << 19:07:04.324 [main] INFO Env - @{2 LOCKED}
out.2 >> unlock
inp.2 << 19:07:04.324 [main] INFO Env - @{2 UNLOCKED}
out.1 >> ping
out.2 >> ping
out.3 >> ping
out.4 >> ping
out.5 >> ping
inp.1 << 19:07:04.325 [main] INFO Env - @{1 PONG}
inp.2 << 19:07:04.325 [main] INFO Env - @{2 PONG}
inp.5 << 19:07:04.325 [main] INFO Env - @{5 PONG}
inp.3 << 19:07:04.325 [main] INFO Env - @{3 PONG}
inp.4 << 19:07:04.325 [main] INFO Env - @{4 PONG}
out.3 >> lock
inp.3 << 19:07:04.326 [main] INFO Env - @{3 SEND 1} Message(Ask)
inp.3 << 19:07:04.326 [main] INFO Env - @{3 SEND 2} Message(Ask)
inp.3 << 19:07:04.326 [main] INFO Env - @{3 SEND 5} Message(Ask)
inp.1 << 19:07:04.326 [main] INFO Env - @{1 RCVD 3} Message(Ask)
inp.1 << 19:07:04.326 [main] INFO Env - @{1 SEND 3} Message(Share)
inp.5 << 19:07:04.326 [main] INFO Env - @{5 RCVD 3} Message(Ask)
inp.2 << 19:07:04.326 [main] INFO Env - @{2 RCVD 3} Message(Ask)
inp.5 << 19:07:04.326 [main] INFO Env - @{5 SEND 3} Message(Share)
inp.2 << 19:07:04.326 [main] INFO Env - @{2 SEND 3} Message(Share)
inp.3 << 19:07:04.326 [main] INFO Env - @{3 RCVD 1} Message(Share)
inp.3 << 19:07:04.327 [main] INFO Env - @{3 RCVD 5} Message(Share)
inp.3 << 19:07:04.327 [main] INFO Env - @{3 RCVD 2} Message(Share)
inp.3 << 19:07:04.327 [main] INFO Env - @{3 LOCKED}
out.3 >> unlock
inp.3 << 19:07:04.327 [main] INFO Env - @{3 UNLOCKED}
out.1 >> ping
out.2 >> ping
out.3 >> ping
out.4 >> ping
out.5 >> ping
inp.1 << 19:07:04.327 [main] INFO Env - @{1 PONG}
inp.2 << 19:07:04.327 [main] INFO Env - @{2 PONG}
inp.5 << 19:07:04.328 [main] INFO Env - @{5 PONG}
inp.3 << 19:07:04.328 [main] INFO Env - @{3 PONG}
inp.4 << 19:07:04.328 [main] INFO Env - @{4 PONG}
out.4 >> lock
inp.4 << 19:07:04.328 [main] INFO Env - @{4 SEND 1} Message(Ask)
inp.4 << 19:07:04.328 [main] INFO Env - @{4 SEND 2} Message(Ask)
inp.4 << 19:07:04.328 [main] INFO Env - @{4 SEND 3} Message(Ask)
inp.4 << 19:07:04.328 [main] INFO Env - @{4 SEND 5} Message(Ask)
inp.3 << 19:07:04.328 [main] INFO Env - @{3 RCVD 4} Message(Ask)
inp.3 << 19:07:04.328 [main] INFO Env - @{3 SEND 4} Message(Share)
inp.1 << 19:07:04.328 [main] INFO Env - @{1 RCVD 4} Message(Ask)
inp.1 << 19:07:04.328 [main] INFO Env - @{1 SEND 4} Message(Share)
inp.2 << 19:07:04.328 [main] INFO Env - @{2 RCVD 4} Message(Ask)
inp.2 << 19:07:04.328 [main] INFO Env - @{2 SEND 4} Message(Share)
inp.5 << 19:07:04.329 [main] INFO Env - @{5 RCVD 4} Message(Ask)
inp.5 << 19:07:04.329 [main] INFO Env - @{5 SEND 4} Message(Share)
inp.4 << 19:07:04.329 [main] INFO Env - @{4 RCVD 3} Message(Share)
inp.4 << 19:07:04.329 [main] INFO Env - @{4 RCVD 1} Message(Share)
inp.4 << 19:07:04.329 [main] INFO Env - @{4 RCVD 2} Message(Share)
inp.4 << 19:07:04.329 [main] INFO Env - @{4 RCVD 5} Message(Share)
inp.4 << 19:07:04.329 [main] INFO Env - @{4 LOCKED}
out.4 >> unlock
inp.4 << 19:07:04.330 [main] INFO Env - @{4 UNLOCKED}
out.1 >> ping
out.2 >> ping
out.3 >> ping
out.4 >> ping
out.5 >> ping
inp.5 << 19:07:04.330 [main] INFO Env - @{5 PONG}
inp.1 << 19:07:04.330 [main] INFO Env - @{1 PONG}
inp.2 << 19:07:04.331 [main] INFO Env - @{2 PONG}
inp.3 << 19:07:04.331 [main] INFO Env - @{3 PONG}
inp.4 << 19:07:04.331 [main] INFO Env - @{4 PONG}
out.5 >> lock
inp.5 << 19:07:04.331 [main] INFO Env - @{5 SEND 1} Message(Ask)
inp.5 << 19:07:04.331 [main] INFO Env - @{5 SEND 2} Message(Ask)
inp.5 << 19:07:04.332 [main] INFO Env - @{5 SEND 3} Message(Ask)
inp.5 << 19:07:04.332 [main] INFO Env - @{5 SEND 4} Message(Ask)
inp.1 << 19:07:04.332 [main] INFO Env - @{1 RCVD 5} Message(Ask)
inp.1 << 19:07:04.332 [main] INFO Env - @{1 SEND 5} Message(Share)
inp.2 << 19:07:04.332 [main] INFO Env - @{2 RCVD 5} Message(Ask)
inp.2 << 19:07:04.332 [main] INFO Env - @{2 SEND 5} Message(Share)
inp.5 << 19:07:04.332 [main] INFO Env - @{5 RCVD 1} Message(Share)
inp.5 << 19:07:04.332 [main] INFO Env - @{5 RCVD 2} Message(Share)
inp.3 << 19:07:04.332 [main] INFO Env - @{3 RCVD 5} Message(Ask)
inp.4 << 19:07:04.332 [main] INFO Env - @{4 RCVD 5} Message(Ask)
inp.4 << 19:07:04.332 [main] INFO Env - @{4 SEND 5} Message(Share)
inp.3 << 19:07:04.332 [main] INFO Env - @{3 SEND 5} Message(Share)
inp.5 << 19:07:04.332 [main] INFO Env - @{5 RCVD 3} Message(Share)
inp.5 << 19:07:04.332 [main] INFO Env - @{5 RCVD 4} Message(Share)
inp.5 << 19:07:04.332 [main] INFO Env - @{5 LOCKED}
out.5 >> unlock
inp.5 << 19:07:04.333 [main] INFO Env - @{5 UNLOCKED}
out.1 >> ping
out.2 >> ping
out.3 >> ping
out.4 >> ping
out.5 >> ping
inp.5 << 19:07:04.333 [main] INFO Env - @{5 PONG}
inp.1 << 19:07:04.333 [main] INFO Env - @{1 PONG}
inp.2 << 19:07:04.334 [main] INFO Env - @{2 PONG}
inp.3 << 19:07:04.334 [main] INFO Env - @{3 PONG}
inp.4 << 19:07:04.334 [main] INFO Env - @{4 PONG}
out.5 >> lock
out.1 >> lock
out.3 >> lock
out.2 >> lock
out.4 >> lock
inp.5 << 19:07:04.334 [main] INFO Env - @{5 LOCKED}
inp.1 << 19:07:04.334 [main] INFO Env - @{1 SEND 2} Message(Ask)
out.5 >> unlock
inp.1 << 19:07:04.335 [main] INFO Env - @{1 SEND 3} Message(Ask)
inp.5 << 19:07:04.335 [main] INFO Env - @{5 UNLOCKED}
inp.1 << 19:07:04.335 [main] INFO Env - @{1 SEND 4} Message(Ask)
inp.1 << 19:07:04.335 [main] INFO Env - @{1 SEND 5} Message(Ask)
inp.3 << 19:07:04.335 [main] INFO Env - @{3 SEND 4} Message(Ask)
inp.5 << 19:07:04.335 [main] INFO Env - @{5 RCVD 1} Message(Ask)
inp.5 << 19:07:04.336 [main] INFO Env - @{5 SEND 1} Message(Share)
inp.1 << 19:07:04.336 [main] INFO Env - @{1 RCVD 5} Message(Share)
inp.3 << 19:07:04.336 [main] INFO Env - @{3 SEND 5} Message(Ask)
inp.4 << 19:07:04.336 [main] INFO Env - @{4 SEND 5} Message(Ask)
inp.5 << 19:07:04.336 [main] INFO Env - @{5 RCVD 3} Message(Ask)
inp.3 << 19:07:04.336 [main] INFO Env - @{3 RCVD 1} Message(Ask)
inp.5 << 19:07:04.336 [main] INFO Env - @{5 SEND 3} Message(Share)
inp.3 << 19:07:04.336 [main] INFO Env - @{3 SEND 1} Message(Share)
inp.3 << 19:07:04.336 [main] INFO Env - @{3 SEND 1} Message(Ask)
inp.4 << 19:07:04.336 [main] INFO Env - @{4 RCVD 1} Message(Ask)
inp.2 << 19:07:04.336 [main] INFO Env - @{2 SEND 3} Message(Ask)
inp.4 << 19:07:04.336 [main] INFO Env - @{4 SEND 1} Message(Share)
inp.5 << 19:07:04.336 [main] INFO Env - @{5 RCVD 4} Message(Ask)
inp.4 << 19:07:04.336 [main] INFO Env - @{4 SEND 1} Message(Ask)
inp.5 << 19:07:04.336 [main] INFO Env - @{5 SEND 4} Message(Share)
inp.1 << 19:07:04.336 [main] INFO Env - @{1 RCVD 3} Message(Share)
inp.1 << 19:07:04.337 [main] INFO Env - @{1 RCVD 4} Message(Share)
inp.1 << 19:07:04.337 [main] INFO Env - @{1 RCVD 3} Message(Ask)
inp.1 << 19:07:04.337 [main] INFO Env - @{1 RCVD 4} Message(Ask)
inp.4 << 19:07:04.337 [main] INFO Env - @{4 RCVD 3} Message(Ask)
inp.3 << 19:07:04.337 [main] INFO Env - @{3 RCVD 2} Message(Ask)
inp.4 << 19:07:04.337 [main] INFO Env - @{4 SEND 3} Message(Share)
inp.3 << 19:07:04.337 [main] INFO Env - @{3 SEND 2} Message(Share)
inp.4 << 19:07:04.337 [main] INFO Env - @{4 SEND 3} Message(Ask)
inp.2 << 19:07:04.337 [main] INFO Env - @{2 SEND 4} Message(Ask)
inp.2 << 19:07:04.337 [main] INFO Env - @{2 SEND 5} Message(Ask)
inp.4 << 19:07:04.337 [main] INFO Env - @{4 RCVD 5} Message(Share)
inp.4 << 19:07:04.337 [main] INFO Env - @{4 RCVD 2} Message(Ask)
inp.4 << 19:07:04.337 [main] INFO Env - @{4 SEND 2} Message(Share)
inp.5 << 19:07:04.337 [main] INFO Env - @{5 RCVD 2} Message(Ask)
inp.5 << 19:07:04.337 [main] INFO Env - @{5 SEND 2} Message(Share)
inp.2 << 19:07:04.337 [main] INFO Env - @{2 RCVD 1} Message(Ask)
inp.2 << 19:07:04.337 [main] INFO Env - @{2 SEND 1} Message(Share)
inp.2 << 19:07:04.337 [main] INFO Env - @{2 SEND 1} Message(Ask)
inp.1 << 19:07:04.337 [main] INFO Env - @{1 RCVD 2} Message(Share)
inp.1 << 19:07:04.337 [main] INFO Env - @{1 LOCKED}
inp.2 << 19:07:04.337 [main] INFO Env - @{2 RCVD 3} Message(Share)
inp.2 << 19:07:04.337 [main] INFO Env - @{2 RCVD 5} Message(Share)
inp.4 << 19:07:04.337 [main] INFO Env - @{4 SEND 2} Message(Ask)
inp.1 << 19:07:04.337 [main] INFO Env - @{1 RCVD 2} Message(Ask)
out.1 >> unlock
inp.2 << 19:07:04.337 [main] INFO Env - @{2 RCVD 4} Message(Share)
inp.2 << 19:07:04.338 [main] INFO Env - @{2 RCVD 4} Message(Ask)
inp.3 << 19:07:04.337 [main] INFO Env - @{3 SEND 2} Message(Ask)
inp.3 << 19:07:04.338 [main] INFO Env - @{3 RCVD 5} Message(Share)
inp.3 << 19:07:04.338 [main] INFO Env - @{3 RCVD 4} Message(Share)
inp.3 << 19:07:04.338 [main] INFO Env - @{3 RCVD 4} Message(Ask)
inp.1 << 19:07:04.338 [main] INFO Env - @{1 UNLOCKED}
inp.2 << 19:07:04.338 [main] INFO Env - @{2 RCVD 3} Message(Ask)
inp.1 << 19:07:04.338 [main] INFO Env - @{1 SEND 2} Message(Share)
inp.1 << 19:07:04.338 [main] INFO Env - @{1 SEND 3} Message(Share)
inp.1 << 19:07:04.338 [main] INFO Env - @{1 SEND 4} Message(Share)
inp.2 << 19:07:04.338 [main] INFO Env - @{2 RCVD 1} Message(Share)
inp.2 << 19:07:04.338 [main] INFO Env - @{2 LOCKED}
inp.4 << 19:07:04.338 [main] INFO Env - @{4 RCVD 1} Message(Share)
inp.3 << 19:07:04.338 [main] INFO Env - @{3 RCVD 1} Message(Share)
out.2 >> unlock
inp.2 << 19:07:04.338 [main] INFO Env - @{2 UNLOCKED}
inp.2 << 19:07:04.338 [main] INFO Env - @{2 SEND 3} Message(Share)
inp.2 << 19:07:04.338 [main] INFO Env - @{2 SEND 4} Message(Share)
inp.3 << 19:07:04.339 [main] INFO Env - @{3 RCVD 2} Message(Share)
inp.3 << 19:07:04.339 [main] INFO Env - @{3 LOCKED}
inp.4 << 19:07:04.339 [main] INFO Env - @{4 RCVD 2} Message(Share)
out.3 >> unlock
inp.3 << 19:07:04.339 [main] INFO Env - @{3 UNLOCKED}
inp.3 << 19:07:04.339 [main] INFO Env - @{3 SEND 4} Message(Share)
inp.4 << 19:07:04.339 [main] INFO Env - @{4 RCVD 3} Message(Share)
inp.4 << 19:07:04.339 [main] INFO Env - @{4 LOCKED}
out.4 >> unlock
inp.4 << 19:07:04.340 [main] INFO Env - @{4 UNLOCKED}
out.1 >> ping
out.2 >> ping
out.3 >> ping
out.4 >> ping
out.5 >> ping
inp.5 << 19:07:04.340 [main] INFO Env - @{5 PONG}
inp.2 << 19:07:04.341 [main] INFO Env - @{2 PONG}
inp.1 << 19:07:04.341 [main] INFO Env - @{1 PONG}
inp.3 << 19:07:04.341 [main] INFO Env - @{3 PONG}
inp.4 << 19:07:04.341 [main] INFO Env - @{4 PONG}
out.1 >> lock
inp.1 << 19:07:04.341 [main] INFO Env - @{1 SEND 2} Message(Ask)
inp.1 << 19:07:04.342 [main] INFO Env - @{1 SEND 3} Message(Ask)
inp.2 << 19:07:04.342 [main] INFO Env - @{2 RCVD 1} Message(Ask)
inp.2 << 19:07:04.342 [main] INFO Env - @{2 SEND 1} Message(Share)
inp.1 << 19:07:04.342 [main] INFO Env - @{1 SEND 4} Message(Ask)
inp.1 << 19:07:04.342 [main] INFO Env - @{1 RCVD 2} Message(Share)
inp.4 << 19:07:04.346 [main] INFO Env - @{4 RCVD 1} Message(Ask)
inp.4 << 19:07:04.347 [main] INFO Env - @{4 SEND 1} Message(Share)
inp.1 << 19:07:04.347 [main] INFO Env - @{1 RCVD 4} Message(Share)
inp.3 << 19:07:04.365 [main] INFO Env - @{3 RCVD 1} Message(Ask)
inp.3 << 19:07:04.365 [main] INFO Env - @{3 SEND 1} Message(Share)
inp.1 << 19:07:04.366 [main] INFO Env - @{1 RCVD 3} Message(Share)
inp.1 << 19:07:04.366 [main] INFO Env - @{1 LOCKED}
out.1 >> unlock
inp.1 << 19:07:04.366 [main] INFO Env - @{1 UNLOCKED}
out.1 >> ping
out.2 >> ping
out.3 >> ping
out.4 >> ping
out.5 >> ping
inp.1 << 19:07:04.367 [main] INFO Env - @{1 PONG}
inp.2 << 19:07:04.367 [main] INFO Env - @{2 PONG}
inp.5 << 19:07:04.367 [main] INFO Env - @{5 PONG}
inp.4 << 19:07:04.367 [main] INFO Env - @{4 PONG}
inp.3 << 19:07:04.368 [main] INFO Env - @{3 PONG}
out.1 >> lock
inp.1 << 19:07:04.368 [main] INFO Env - @{1 LOCKED}
out.1 >> unlock
inp.1 << 19:07:04.370 [main] INFO Env - @{1 UNLOCKED}
out.1 >> ping
out.2 >> ping
out.3 >> ping
out.4 >> ping
out.5 >> ping
inp.1 << 19:07:04.370 [main] INFO Env - @{1 PONG}
inp.2 << 19:07:04.370 [main] INFO Env - @{2 PONG}
inp.5 << 19:07:04.370 [main] INFO Env - @{5 PONG}
inp.4 << 19:07:04.371 [main] INFO Env - @{4 PONG}
inp.3 << 19:07:04.383 [main] INFO Env - @{3 PONG}
out.1 >> lock
inp.1 << 19:07:04.384 [main] INFO Env - @{1 LOCKED}
out.1 >> unlock
inp.1 << 19:07:04.384 [main] INFO Env - @{1 UNLOCKED}
out.1 >> ping
out.2 >> ping
out.3 >> ping
out.4 >> ping
out.5 >> ping
inp.1 << 19:07:04.385 [main] INFO Env - @{1 PONG}
inp.2 << 19:07:04.386 [main] INFO Env - @{2 PONG}
inp.5 << 19:07:04.386 [main] INFO Env - @{5 PONG}
inp.4 << 19:07:04.386 [main] INFO Env - @{4 PONG}
inp.3 << 19:07:04.389 [main] INFO Env - @{3 PONG}
out.1 >> lock
out.5 >> lock
inp.1 << 19:07:04.390 [main] INFO Env - @{1 LOCKED}
out.1 >> unlock
inp.5 << 19:07:04.390 [main] INFO Env - @{5 SEND 1} Message(Ask)
inp.5 << 19:07:04.391 [main] INFO Env - @{5 SEND 2} Message(Ask)
inp.1 << 19:07:04.391 [main] INFO Env - @{1 UNLOCKED}
inp.5 << 19:07:04.391 [main] INFO Env - @{5 SEND 3} Message(Ask)
inp.5 << 19:07:04.391 [main] INFO Env - @{5 SEND 4} Message(Ask)
inp.2 << 19:07:04.391 [main] INFO Env - @{2 RCVD 5} Message(Ask)
inp.1 << 19:07:04.391 [main] INFO Env - @{1 RCVD 5} Message(Ask)
inp.1 << 19:07:04.391 [main] INFO Env - @{1 SEND 5} Message(Share)
inp.2 << 19:07:04.392 [main] INFO Env - @{2 SEND 5} Message(Share)
inp.5 << 19:07:04.392 [main] INFO Env - @{5 RCVD 1} Message(Share)
inp.5 << 19:07:04.392 [main] INFO Env - @{5 RCVD 2} Message(Share)
inp.4 << 19:07:04.392 [main] INFO Env - @{4 RCVD 5} Message(Ask)
inp.4 << 19:07:04.392 [main] INFO Env - @{4 SEND 5} Message(Share)
inp.5 << 19:07:04.392 [main] INFO Env - @{5 RCVD 4} Message(Share)
inp.3 << 19:07:04.392 [main] INFO Env - @{3 RCVD 5} Message(Ask)
inp.3 << 19:07:04.392 [main] INFO Env - @{3 SEND 5} Message(Share)
inp.5 << 19:07:04.392 [main] INFO Env - @{5 RCVD 3} Message(Share)
inp.5 << 19:07:04.392 [main] INFO Env - @{5 LOCKED}
out.5 >> unlock
inp.5 << 19:07:04.393 [main] INFO Env - @{5 UNLOCKED}
out.1 >> ping
out.2 >> ping
out.3 >> ping
out.4 >> ping
out.5 >> ping
inp.2 << 19:07:04.394 [main] INFO Env - @{2 PONG}
inp.1 << 19:07:04.394 [main] INFO Env - @{1 PONG}
inp.5 << 19:07:04.394 [main] INFO Env - @{5 PONG}
inp.4 << 19:07:04.394 [main] INFO Env - @{4 PONG}
inp.3 << 19:07:04.395 [main] INFO Env - @{3 PONG}
out.1 >> lock
out.5 >> lock
inp.5 << 19:07:04.396 [main] INFO Env - @{5 LOCKED}
inp.1 << 19:07:04.396 [main] INFO Env - @{1 SEND 5} Message(Ask)
out.5 >> unlock
inp.5 << 19:07:04.397 [main] INFO Env - @{5 RCVD 1} Message(Ask)
inp.5 << 19:07:04.397 [main] INFO Env - @{5 UNLOCKED}
inp.5 << 19:07:04.398 [main] INFO Env - @{5 SEND 1} Message(Share)
inp.1 << 19:07:04.398 [main] INFO Env - @{1 RCVD 5} Message(Share)
inp.1 << 19:07:04.399 [main] INFO Env - @{1 LOCKED}
out.1 >> unlock
inp.1 << 19:07:04.400 [main] INFO Env - @{1 UNLOCKED}
out.1 >> ping
out.2 >> ping
out.3 >> ping
out.4 >> ping
out.5 >> ping
inp.1 << 19:07:04.401 [main] INFO Env - @{1 PONG}
inp.2 << 19:07:04.401 [main] INFO Env - @{2 PONG}
inp.5 << 19:07:04.401 [main] INFO Env - @{5 PONG}
inp.4 << 19:07:04.401 [main] INFO Env - @{4 PONG}
inp.3 << 19:07:04.401 [main] INFO Env - @{3 PONG}
out.1 >> lock
out.5 >> lock
inp.1 << 19:07:04.402 [main] INFO Env - @{1 LOCKED}
inp.5 << 19:07:04.402 [main] INFO Env - @{5 SEND 1} Message(Ask)
out.1 >> unlock
inp.1 << 19:07:04.403 [main] INFO Env - @{1 RCVD 5} Message(Ask)
inp.1 << 19:07:04.403 [main] INFO Env - @{1 UNLOCKED}
inp.1 << 19:07:04.403 [main] INFO Env - @{1 SEND 5} Message(Share)
inp.5 << 19:07:04.403 [main] INFO Env - @{5 RCVD 1} Message(Share)
inp.5 << 19:07:04.404 [main] INFO Env - @{5 LOCKED}
out.5 >> unlock
inp.5 << 19:07:04.404 [main] INFO Env - @{5 UNLOCKED}
out.1 >> ping
out.2 >> ping
out.3 >> ping
out.4 >> ping
out.5 >> ping
inp.1 << 19:07:04.405 [main] INFO Env - @{1 PONG}
inp.2 << 19:07:04.405 [main] INFO Env - @{2 PONG}
inp.5 << 19:07:04.405 [main] INFO Env - @{5 PONG}
inp.4 << 19:07:04.405 [main] INFO Env - @{4 PONG}
inp.3 << 19:07:04.405 [main] INFO Env - @{3 PONG}
out.1 >> ping
out.2 >> ping
out.3 >> ping
out.4 >> ping
out.5 >> ping
inp.1 << 19:07:04.405 [main] INFO Env - @{1 PONG}
inp.2 << 19:07:04.405 [main] INFO Env - @{2 PONG}
inp.5 << 19:07:04.405 [main] INFO Env - @{5 PONG}
inp.4 << 19:07:04.406 [main] INFO Env - @{4 PONG}
inp.3 << 19:07:04.406 [main] INFO Env - @{3 PONG}
out.1 >> lock
inp.1 << 19:07:04.406 [main] INFO Env - @{1 SEND 5} Message(Ask)
inp.5 << 19:07:04.406 [main] INFO Env - @{5 RCVD 1} Message(Ask)
inp.5 << 19:07:04.406 [main] INFO Env - @{5 SEND 1} Message(Share)
inp.1 << 19:07:04.406 [main] INFO Env - @{1 RCVD 5} Message(Share)
inp.1 << 19:07:04.406 [main] INFO Env - @{1 LOCKED}
out.1 >> unlock
inp.1 << 19:07:04.407 [main] INFO Env - @{1 UNLOCKED}
out.1 >> ping
out.2 >> ping
out.3 >> ping
out.4 >> ping
out.5 >> ping
inp.1 << 19:07:04.407 [main] INFO Env - @{1 PONG}
inp.2 << 19:07:04.407 [main] INFO Env - @{2 PONG}
inp.5 << 19:07:04.407 [main] INFO Env - @{5 PONG}
inp.4 << 19:07:04.407 [main] INFO Env - @{4 PONG}
inp.3 << 19:07:04.407 [main] INFO Env - @{3 PONG}
out.2 >> lock
inp.2 << 19:07:04.408 [main] INFO Env - @{2 SEND 1} Message(Ask)
inp.2 << 19:07:04.408 [main] INFO Env - @{2 SEND 3} Message(Ask)
inp.2 << 19:07:04.408 [main] INFO Env - @{2 SEND 4} Message(Ask)
inp.2 << 19:07:04.408 [main] INFO Env - @{2 SEND 5} Message(Ask)
inp.1 << 19:07:04.408 [main] INFO Env - @{1 RCVD 2} Message(Ask)
inp.1 << 19:07:04.408 [main] INFO Env - @{1 SEND 2} Message(Share)
inp.5 << 19:07:04.408 [main] INFO Env - @{5 RCVD 2} Message(Ask)
inp.5 << 19:07:04.408 [main] INFO Env - @{5 SEND 2} Message(Share)
inp.2 << 19:07:04.409 [main] INFO Env - @{2 RCVD 1} Message(Share)
inp.2 << 19:07:04.409 [main] INFO Env - @{2 RCVD 5} Message(Share)
inp.4 << 19:07:04.409 [main] INFO Env - @{4 RCVD 2} Message(Ask)
inp.3 << 19:07:04.409 [main] INFO Env - @{3 RCVD 2} Message(Ask)
inp.4 << 19:07:04.409 [main] INFO Env - @{4 SEND 2} Message(Share)
inp.2 << 19:07:04.410 [main] INFO Env - @{2 RCVD 4} Message(Share)
inp.3 << 19:07:04.410 [main] INFO Env - @{3 SEND 2} Message(Share)
inp.2 << 19:07:04.410 [main] INFO Env - @{2 RCVD 3} Message(Share)
inp.2 << 19:07:04.410 [main] INFO Env - @{2 LOCKED}
out.2 >> unlock
inp.2 << 19:07:04.410 [main] INFO Env - @{2 UNLOCKED}
out.1 >> ping
out.2 >> ping
out.3 >> ping
out.4 >> ping
out.5 >> ping
inp.1 << 19:07:04.410 [main] INFO Env - @{1 PONG}
inp.2 << 19:07:04.410 [main] INFO Env - @{2 PONG}
inp.5 << 19:07:04.411 [main] INFO Env - @{5 PONG}
inp.4 << 19:07:04.411 [main] INFO Env - @{4 PONG}
inp.3 << 19:07:04.411 [main] INFO Env - @{3 PONG}
out.3 >> lock
inp.3 << 19:07:04.411 [main] INFO Env - @{3 SEND 1} Message(Ask)
inp.1 << 19:07:04.411 [main] INFO Env - @{1 RCVD 3} Message(Ask)
inp.1 << 19:07:04.411 [main] INFO Env - @{1 SEND 3} Message(Share)
inp.3 << 19:07:04.411 [main] INFO Env - @{3 SEND 2} Message(Ask)
inp.2 << 19:07:04.412 [main] INFO Env - @{2 RCVD 3} Message(Ask)
inp.2 << 19:07:04.412 [main] INFO Env - @{2 SEND 3} Message(Share)
inp.3 << 19:07:04.412 [main] INFO Env - @{3 SEND 4} Message(Ask)
inp.4 << 19:07:04.412 [main] INFO Env - @{4 RCVD 3} Message(Ask)
inp.3 << 19:07:04.412 [main] INFO Env - @{3 SEND 5} Message(Ask)
inp.5 << 19:07:04.413 [main] INFO Env - @{5 RCVD 3} Message(Ask)
inp.5 << 19:07:04.413 [main] INFO Env - @{5 SEND 3} Message(Share)
inp.4 << 19:07:04.413 [main] INFO Env - @{4 SEND 3} Message(Share)
inp.3 << 19:07:04.413 [main] INFO Env - @{3 RCVD 1} Message(Share)
inp.3 << 19:07:04.413 [main] INFO Env - @{3 RCVD 2} Message(Share)
inp.3 << 19:07:04.413 [main] INFO Env - @{3 RCVD 5} Message(Share)
inp.3 << 19:07:04.413 [main] INFO Env - @{3 RCVD 4} Message(Share)
inp.3 << 19:07:04.413 [main] INFO Env - @{3 LOCKED}
out.3 >> unlock
inp.3 << 19:07:04.414 [main] INFO Env - @{3 UNLOCKED}
out.1 >> ping
out.2 >> ping
out.3 >> ping
out.4 >> ping
out.5 >> ping
inp.1 << 19:07:04.414 [main] INFO Env - @{1 PONG}
inp.2 << 19:07:04.414 [main] INFO Env - @{2 PONG}
inp.5 << 19:07:04.414 [main] INFO Env - @{5 PONG}
inp.4 << 19:07:04.415 [main] INFO Env - @{4 PONG}
inp.3 << 19:07:04.415 [main] INFO Env - @{3 PONG}
out.4 >> lock
inp.4 << 19:07:04.415 [main] INFO Env - @{4 SEND 1} Message(Ask)
inp.4 << 19:07:04.415 [main] INFO Env - @{4 SEND 2} Message(Ask)
inp.1 << 19:07:04.415 [main] INFO Env - @{1 RCVD 4} Message(Ask)
inp.1 << 19:07:04.415 [main] INFO Env - @{1 SEND 4} Message(Share)
inp.2 << 19:07:04.415 [main] INFO Env - @{2 RCVD 4} Message(Ask)
inp.2 << 19:07:04.415 [main] INFO Env - @{2 SEND 4} Message(Share)
inp.4 << 19:07:04.416 [main] INFO Env - @{4 SEND 3} Message(Ask)
inp.4 << 19:07:04.416 [main] INFO Env - @{4 SEND 5} Message(Ask)
inp.5 << 19:07:04.416 [main] INFO Env - @{5 RCVD 4} Message(Ask)
inp.4 << 19:07:04.416 [main] INFO Env - @{4 RCVD 1} Message(Share)
inp.4 << 19:07:04.416 [main] INFO Env - @{4 RCVD 2} Message(Share)
inp.5 << 19:07:04.416 [main] INFO Env - @{5 SEND 4} Message(Share)
inp.4 << 19:07:04.416 [main] INFO Env - @{4 RCVD 5} Message(Share)
inp.3 << 19:07:04.416 [main] INFO Env - @{3 RCVD 4} Message(Ask)
inp.3 << 19:07:04.416 [main] INFO Env - @{3 SEND 4} Message(Share)
inp.4 << 19:07:04.417 [main] INFO Env - @{4 RCVD 3} Message(Share)
inp.4 << 19:07:04.417 [main] INFO Env - @{4 LOCKED}
out.4 >> unlock
inp.4 << 19:07:04.417 [main] INFO Env - @{4 UNLOCKED}
out.1 >> ping
out.2 >> ping
out.3 >> ping
out.4 >> ping
out.5 >> ping
inp.1 << 19:07:04.417 [main] INFO Env - @{1 PONG}
inp.2 << 19:07:04.418 [main] INFO Env - @{2 PONG}
inp.5 << 19:07:04.418 [main] INFO Env - @{5 PONG}
inp.4 << 19:07:04.418 [main] INFO Env - @{4 PONG}
inp.3 << 19:07:04.418 [main] INFO Env - @{3 PONG}
out.5 >> lock
inp.5 << 19:07:04.418 [main] INFO Env - @{5 SEND 1} Message(Ask)
inp.5 << 19:07:04.419 [main] INFO Env - @{5 SEND 2} Message(Ask)
inp.5 << 19:07:04.419 [main] INFO Env - @{5 SEND 3} Message(Ask)
inp.1 << 19:07:04.419 [main] INFO Env - @{1 RCVD 5} Message(Ask)
inp.1 << 19:07:04.419 [main] INFO Env - @{1 SEND 5} Message(Share)
inp.5 << 19:07:04.419 [main] INFO Env - @{5 SEND 4} Message(Ask)
inp.5 << 19:07:04.419 [main] INFO Env - @{5 RCVD 1} Message(Share)
inp.2 << 19:07:04.419 [main] INFO Env - @{2 RCVD 5} Message(Ask)
inp.2 << 19:07:04.419 [main] INFO Env - @{2 SEND 5} Message(Share)
inp.5 << 19:07:04.419 [main] INFO Env - @{5 RCVD 2} Message(Share)
inp.4 << 19:07:04.419 [main] INFO Env - @{4 RCVD 5} Message(Ask)
inp.4 << 19:07:04.419 [main] INFO Env - @{4 SEND 5} Message(Share)
inp.5 << 19:07:04.420 [main] INFO Env - @{5 RCVD 4} Message(Share)
inp.3 << 19:07:04.420 [main] INFO Env - @{3 RCVD 5} Message(Ask)
inp.3 << 19:07:04.420 [main] INFO Env - @{3 SEND 5} Message(Share)
inp.5 << 19:07:04.420 [main] INFO Env - @{5 RCVD 3} Message(Share)
inp.5 << 19:07:04.420 [main] INFO Env - @{5 LOCKED}
out.5 >> unlock
inp.5 << 19:07:04.420 [main] INFO Env - @{5 UNLOCKED}
out.1 >> ping
out.2 >> ping
out.3 >> ping
out.4 >> ping
out.5 >> ping
inp.1 << 19:07:04.421 [main] INFO Env - @{1 PONG}
inp.2 << 19:07:04.421 [main] INFO Env - @{2 PONG}
inp.5 << 19:07:04.421 [main] INFO Env - @{5 PONG}
inp.4 << 19:07:04.421 [main] INFO Env - @{4 PONG}
inp.3 << 19:07:04.421 [main] INFO Env - @{3 PONG}
out.4 >> lock
out.1 >> lock
out.5 >> lock
out.2 >> lock
out.3 >> lock
inp.2 << 19:07:04.422 [main] INFO Env - @{2 SEND 3} Message(Ask)
inp.1 << 19:07:04.422 [main] INFO Env - @{1 SEND 2} Message(Ask)
inp.2 << 19:07:04.422 [main] INFO Env - @{2 SEND 4} Message(Ask)
inp.1 << 19:07:04.422 [main] INFO Env - @{1 SEND 3} Message(Ask)
inp.1 << 19:07:04.422 [main] INFO Env - @{1 SEND 4} Message(Ask)
inp.1 << 19:07:04.422 [main] INFO Env - @{1 SEND 5} Message(Ask)
inp.2 << 19:07:04.422 [main] INFO Env - @{2 SEND 5} Message(Ask)
inp.2 << 19:07:04.422 [main] INFO Env - @{2 RCVD 1} Message(Ask)
inp.5 << 19:07:04.422 [main] INFO Env - @{5 LOCKED}
inp.2 << 19:07:04.422 [main] INFO Env - @{2 SEND 1} Message(Share)
inp.5 << 19:07:04.422 [main] INFO Env - @{5 RCVD 1} Message(Ask)
inp.5 << 19:07:04.422 [main] INFO Env - @{5 RCVD 2} Message(Ask)
inp.2 << 19:07:04.422 [main] INFO Env - @{2 SEND 1} Message(Ask)
out.5 >> unlock
inp.1 << 19:07:04.422 [main] INFO Env - @{1 RCVD 2} Message(Share)
inp.1 << 19:07:04.423 [main] INFO Env - @{1 RCVD 2} Message(Ask)
inp.5 << 19:07:04.423 [main] INFO Env - @{5 UNLOCKED}
inp.5 << 19:07:04.423 [main] INFO Env - @{5 SEND 1} Message(Share)
inp.5 << 19:07:04.423 [main] INFO Env - @{5 SEND 2} Message(Share)
inp.1 << 19:07:04.423 [main] INFO Env - @{1 RCVD 5} Message(Share)
inp.2 << 19:07:04.423 [main] INFO Env - @{2 RCVD 5} Message(Share)
inp.4 << 19:07:04.423 [main] INFO Env - @{4 SEND 5} Message(Ask)
inp.4 << 19:07:04.423 [main] INFO Env - @{4 RCVD 2} Message(Ask)
inp.4 << 19:07:04.423 [main] INFO Env - @{4 SEND 2} Message(Share)
inp.4 << 19:07:04.423 [main] INFO Env - @{4 SEND 2} Message(Ask)
inp.4 << 19:07:04.423 [main] INFO Env - @{4 RCVD 1} Message(Ask)
inp.4 << 19:07:04.423 [main] INFO Env - @{4 SEND 1} Message(Share)
inp.4 << 19:07:04.423 [main] INFO Env - @{4 SEND 1} Message(Ask)
inp.2 << 19:07:04.423 [main] INFO Env - @{2 RCVD 4} Message(Share)
inp.2 << 19:07:04.424 [main] INFO Env - @{2 RCVD 4} Message(Ask)
inp.1 << 19:07:04.423 [main] INFO Env - @{1 RCVD 4} Message(Share)
inp.1 << 19:07:04.424 [main] INFO Env - @{1 RCVD 4} Message(Ask)
inp.5 << 19:07:04.423 [main] INFO Env - @{5 RCVD 4} Message(Ask)
inp.5 << 19:07:04.424 [main] INFO Env - @{5 SEND 4} Message(Share)
inp.4 << 19:07:04.424 [main] INFO Env - @{4 RCVD 5} Message(Share)
inp.3 << 19:07:04.424 [main] INFO Env - @{3 SEND 4} Message(Ask)
inp.4 << 19:07:04.424 [main] INFO Env - @{4 RCVD 3} Message(Ask)
inp.4 << 19:07:04.424 [main] INFO Env - @{4 SEND 3} Message(Share)
inp.3 << 19:07:04.424 [main] INFO Env - @{3 SEND 5} Message(Ask)
inp.4 << 19:07:04.424 [main] INFO Env - @{4 SEND 3} Message(Ask)
inp.5 << 19:07:04.424 [main] INFO Env - @{5 RCVD 3} Message(Ask)
inp.5 << 19:07:04.424 [main] INFO Env - @{5 SEND 3} Message(Share)
inp.3 << 19:07:04.424 [main] INFO Env - @{3 RCVD 2} Message(Ask)
inp.3 << 19:07:04.424 [main] INFO Env - @{3 SEND 2} Message(Share)
inp.3 << 19:07:04.424 [main] INFO Env - @{3 SEND 2} Message(Ask)
inp.3 << 19:07:04.425 [main] INFO Env - @{3 RCVD 1} Message(Ask)
inp.3 << 19:07:04.425 [main] INFO Env - @{3 SEND 1} Message(Share)
inp.3 << 19:07:04.425 [main] INFO Env - @{3 SEND 1} Message(Ask)
inp.3 << 19:07:04.425 [main] INFO Env - @{3 RCVD 4} Message(Share)
inp.3 << 19:07:04.425 [main] INFO Env - @{3 RCVD 4} Message(Ask)
inp.3 << 19:07:04.425 [main] INFO Env - @{3 RCVD 5} Message(Share)
inp.2 << 19:07:04.425 [main] INFO Env - @{2 RCVD 3} Message(Share)
inp.2 << 19:07:04.425 [main] INFO Env - @{2 RCVD 3} Message(Ask)
inp.1 << 19:07:04.425 [main] INFO Env - @{1 RCVD 3} Message(Share)
inp.1 << 19:07:04.425 [main] INFO Env - @{1 LOCKED}
inp.1 << 19:07:04.425 [main] INFO Env - @{1 RCVD 3} Message(Ask)
out.1 >> unlock
inp.1 << 19:07:04.425 [main] INFO Env - @{1 UNLOCKED}
inp.1 << 19:07:04.425 [main] INFO Env - @{1 SEND 2} Message(Share)
inp.1 << 19:07:04.425 [main] INFO Env - @{1 SEND 3} Message(Share)
inp.1 << 19:07:04.425 [main] INFO Env - @{1 SEND 4} Message(Share)
inp.2 << 19:07:04.426 [main] INFO Env - @{2 RCVD 1} Message(Share)
inp.2 << 19:07:04.426 [main] INFO Env - @{2 LOCKED}
out.2 >> unlock
inp.4 << 19:07:04.426 [main] INFO Env - @{4 RCVD 1} Message(Share)
inp.2 << 19:07:04.426 [main] INFO Env - @{2 UNLOCKED}
inp.2 << 19:07:04.426 [main] INFO Env - @{2 SEND 3} Message(Share)
inp.2 << 19:07:04.426 [main] INFO Env - @{2 SEND 4} Message(Share)
inp.3 << 19:07:04.426 [main] INFO Env - @{3 RCVD 1} Message(Share)
inp.4 << 19:07:04.426 [main] INFO Env - @{4 RCVD 2} Message(Share)
inp.3 << 19:07:04.426 [main] INFO Env - @{3 RCVD 2} Message(Share)
inp.3 << 19:07:04.426 [main] INFO Env - @{3 LOCKED}
out.3 >> unlock
inp.3 << 19:07:04.426 [main] INFO Env - @{3 UNLOCKED}
inp.3 << 19:07:04.426 [main] INFO Env - @{3 SEND 4} Message(Share)
inp.4 << 19:07:04.427 [main] INFO Env - @{4 RCVD 3} Message(Share)
inp.4 << 19:07:04.427 [main] INFO Env - @{4 LOCKED}
out.4 >> unlock
inp.4 << 19:07:04.427 [main] INFO Env - @{4 UNLOCKED}
out.1 >> ping
out.2 >> ping
out.3 >> ping
out.4 >> ping
out.5 >> ping
inp.2 << 19:07:04.427 [main] INFO Env - @{2 PONG}
inp.1 << 19:07:04.427 [main] INFO Env - @{1 PONG}
inp.5 << 19:07:04.427 [main] INFO Env - @{5 PONG}
inp.4 << 19:07:04.428 [main] INFO Env - @{4 PONG}
inp.3 << 19:07:04.428 [main] INFO Env - @{3 PONG}
out.2 >> lock
inp.2 << 19:07:04.428 [main] INFO Env - @{2 SEND 3} Message(Ask)
inp.2 << 19:07:04.428 [main] INFO Env - @{2 SEND 4} Message(Ask)
inp.4 << 19:07:04.428 [main] INFO Env - @{4 RCVD 2} Message(Ask)
inp.4 << 19:07:04.428 [main] INFO Env - @{4 SEND 2} Message(Share)
inp.2 << 19:07:04.428 [main] INFO Env - @{2 RCVD 4} Message(Share)
inp.3 << 19:07:04.428 [main] INFO Env - @{3 RCVD 2} Message(Ask)
inp.3 << 19:07:04.429 [main] INFO Env - @{3 SEND 2} Message(Share)
inp.2 << 19:07:04.429 [main] INFO Env - @{2 RCVD 3} Message(Share)
inp.2 << 19:07:04.429 [main] INFO Env - @{2 LOCKED}
out.2 >> unlock
inp.2 << 19:07:04.429 [main] INFO Env - @{2 UNLOCKED}
out.1 >> ping
out.2 >> ping
out.3 >> ping
out.4 >> ping
out.5 >> ping
inp.2 << 19:07:04.429 [main] INFO Env - @{2 PONG}
inp.1 << 19:07:04.429 [main] INFO Env - @{1 PONG}
inp.5 << 19:07:04.429 [main] INFO Env - @{5 PONG}
inp.4 << 19:07:04.430 [main] INFO Env - @{4 PONG}
inp.3 << 19:07:04.430 [main] INFO Env - @{3 PONG}
out.2 >> lock
inp.2 << 19:07:04.430 [main] INFO Env - @{2 LOCKED}
out.2 >> unlock
inp.2 << 19:07:04.430 [main] INFO Env - @{2 UNLOCKED}
out.1 >> ping
out.2 >> ping
out.3 >> ping
out.4 >> ping
out.5 >> ping
inp.1 << 19:07:04.430 [main] INFO Env - @{1 PONG}
inp.2 << 19:07:04.430 [main] INFO Env - @{2 PONG}
inp.5 << 19:07:04.430 [main] INFO Env - @{5 PONG}
inp.4 << 19:07:04.431 [main] INFO Env - @{4 PONG}
inp.3 << 19:07:04.431 [main] INFO Env - @{3 PONG}
out.2 >> lock
inp.2 << 19:07:04.431 [main] INFO Env - @{2 LOCKED}
out.2 >> unlock
inp.2 << 19:07:04.431 [main] INFO Env - @{2 UNLOCKED}
out.1 >> ping
out.2 >> ping
out.3 >> ping
out.4 >> ping
out.5 >> ping
inp.2 << 19:07:04.431 [main] INFO Env - @{2 PONG}
inp.1 << 19:07:04.431 [main] INFO Env - @{1 PONG}
inp.5 << 19:07:04.432 [main] INFO Env - @{5 PONG}
inp.4 << 19:07:04.432 [main] INFO Env - @{4 PONG}
inp.3 << 19:07:04.432 [main] INFO Env - @{3 PONG}
out.2 >> lock
out.1 >> lock
inp.2 << 19:07:04.432 [main] INFO Env - @{2 LOCKED}
inp.1 << 19:07:04.432 [main] INFO Env - @{1 SEND 2} Message(Ask)
out.2 >> unlock
inp.1 << 19:07:04.432 [main] INFO Env - @{1 SEND 3} Message(Ask)
inp.1 << 19:07:04.432 [main] INFO Env - @{1 SEND 4} Message(Ask)
inp.2 << 19:07:04.432 [main] INFO Env - @{2 RCVD 1} Message(Ask)
inp.2 << 19:07:04.432 [main] INFO Env - @{2 UNLOCKED}
inp.2 << 19:07:04.432 [main] INFO Env - @{2 SEND 1} Message(Share)
inp.1 << 19:07:04.433 [main] INFO Env - @{1 RCVD 2} Message(Share)
inp.4 << 19:07:04.433 [main] INFO Env - @{4 RCVD 1} Message(Ask)
inp.4 << 19:07:04.433 [main] INFO Env - @{4 SEND 1} Message(Share)
inp.1 << 19:07:04.433 [main] INFO Env - @{1 RCVD 4} Message(Share)
inp.3 << 19:07:04.433 [main] INFO Env - @{3 RCVD 1} Message(Ask)
inp.3 << 19:07:04.433 [main] INFO Env - @{3 SEND 1} Message(Share)
inp.1 << 19:07:04.433 [main] INFO Env - @{1 RCVD 3} Message(Share)
inp.1 << 19:07:04.433 [main] INFO Env - @{1 LOCKED}
out.1 >> unlock
inp.1 << 19:07:04.434 [main] INFO Env - @{1 UNLOCKED}
out.1 >> ping
out.2 >> ping
out.3 >> ping
out.4 >> ping
out.5 >> ping
inp.1 << 19:07:04.434 [main] INFO Env - @{1 PONG}
inp.2 << 19:07:04.434 [main] INFO Env - @{2 PONG}
inp.5 << 19:07:04.434 [main] INFO Env - @{5 PONG}
inp.4 << 19:07:04.435 [main] INFO Env - @{4 PONG}
inp.3 << 19:07:04.435 [main] INFO Env - @{3 PONG}
out.2 >> lock
out.1 >> lock
inp.1 << 19:07:04.435 [main] INFO Env - @{1 LOCKED}
inp.2 << 19:07:04.435 [main] INFO Env - @{2 SEND 1} Message(Ask)
out.1 >> unlock
inp.1 << 19:07:04.435 [main] INFO Env - @{1 RCVD 2} Message(Ask)
inp.1 << 19:07:04.435 [main] INFO Env - @{1 UNLOCKED}
inp.1 << 19:07:04.435 [main] INFO Env - @{1 SEND 2} Message(Share)
inp.2 << 19:07:04.435 [main] INFO Env - @{2 RCVD 1} Message(Share)
inp.2 << 19:07:04.435 [main] INFO Env - @{2 LOCKED}
out.2 >> unlock
inp.2 << 19:07:04.436 [main] INFO Env - @{2 UNLOCKED}
out.1 >> ping
out.2 >> ping
out.3 >> ping
out.4 >> ping
out.5 >> ping
inp.1 << 19:07:04.437 [main] INFO Env - @{1 PONG}
inp.2 << 19:07:04.437 [main] INFO Env - @{2 PONG}
inp.5 << 19:07:04.437 [main] INFO Env - @{5 PONG}
inp.4 << 19:07:04.437 [main] INFO Env - @{4 PONG}
inp.3 << 19:07:04.437 [main] INFO Env - @{3 PONG}
out.2 >> lock
out.1 >> lock
inp.2 << 19:07:04.437 [main] INFO Env - @{2 LOCKED}
inp.1 << 19:07:04.437 [main] INFO Env - @{1 SEND 2} Message(Ask)
out.2 >> unlock
inp.2 << 19:07:04.438 [main] INFO Env - @{2 RCVD 1} Message(Ask)
inp.2 << 19:07:04.438 [main] INFO Env - @{2 UNLOCKED}
inp.2 << 19:07:04.438 [main] INFO Env - @{2 SEND 1} Message(Share)
inp.1 << 19:07:04.438 [main] INFO Env - @{1 RCVD 2} Message(Share)
inp.1 << 19:07:04.438 [main] INFO Env - @{1 LOCKED}
out.1 >> unlock
inp.1 << 19:07:04.438 [main] INFO Env - @{1 UNLOCKED}
out.1 >> ping
out.2 >> ping
out.3 >> ping
out.4 >> ping
out.5 >> ping
inp.1 << 19:07:04.438 [main] INFO Env - @{1 PONG}
inp.2 << 19:07:04.438 [main] INFO Env - @{2 PONG}
inp.5 << 19:07:04.438 [main] INFO Env - @{5 PONG}
inp.4 << 19:07:04.438 [main] INFO Env - @{4 PONG}
inp.3 << 19:07:04.439 [main] INFO Env - @{3 PONG}
out.1 >> ping
out.2 >> ping
out.3 >> ping
out.4 >> ping
out.5 >> ping
inp.1 << 19:07:04.439 [main] INFO Env - @{1 PONG}
inp.2 << 19:07:04.439 [main] INFO Env - @{2 PONG}
inp.5 << 19:07:04.439 [main] INFO Env - @{5 PONG}
inp.4 << 19:07:04.439 [main] INFO Env - @{4 PONG}
inp.3 << 19:07:04.439 [main] INFO Env - @{3 PONG}
out.1 >> lock
inp.1 << 19:07:04.439 [main] INFO Env - @{1 LOCKED}
out.1 >> unlock
inp.1 << 19:07:04.439 [main] INFO Env - @{1 UNLOCKED}
out.1 >> ping
out.2 >> ping
out.3 >> ping
out.4 >> ping
out.5 >> ping
inp.1 << 19:07:04.440 [main] INFO Env - @{1 PONG}
inp.2 << 19:07:04.440 [main] INFO Env - @{2 PONG}
inp.5 << 19:07:04.440 [main] INFO Env - @{5 PONG}
inp.4 << 19:07:04.440 [main] INFO Env - @{4 PONG}
inp.3 << 19:07:04.440 [main] INFO Env - @{3 PONG}
out.2 >> lock
inp.2 << 19:07:04.440 [main] INFO Env - @{2 SEND 1} Message(Ask)
inp.1 << 19:07:04.440 [main] INFO Env - @{1 RCVD 2} Message(Ask)
inp.1 << 19:07:04.440 [main] INFO Env - @{1 SEND 2} Message(Share)
inp.2 << 19:07:04.440 [main] INFO Env - @{2 RCVD 1} Message(Share)
inp.2 << 19:07:04.440 [main] INFO Env - @{2 LOCKED}
out.2 >> unlock
inp.2 << 19:07:04.441 [main] INFO Env - @{2 UNLOCKED}
out.1 >> ping
out.2 >> ping
out.3 >> ping
out.4 >> ping
out.5 >> ping
inp.2 << 19:07:04.441 [main] INFO Env - @{2 PONG}
inp.1 << 19:07:04.441 [main] INFO Env - @{1 PONG}
inp.5 << 19:07:04.441 [main] INFO Env - @{5 PONG}
inp.4 << 19:07:04.442 [main] INFO Env - @{4 PONG}
inp.3 << 19:07:04.442 [main] INFO Env - @{3 PONG}
out.3 >> lock
inp.3 << 19:07:04.442 [main] INFO Env - @{3 SEND 1} Message(Ask)
inp.1 << 19:07:04.442 [main] INFO Env - @{1 RCVD 3} Message(Ask)
inp.1 << 19:07:04.442 [main] INFO Env - @{1 SEND 3} Message(Share)
inp.3 << 19:07:04.442 [main] INFO Env - @{3 SEND 2} Message(Ask)
inp.2 << 19:07:04.442 [main] INFO Env - @{2 RCVD 3} Message(Ask)
inp.2 << 19:07:04.442 [main] INFO Env - @{2 SEND 3} Message(Share)
inp.3 << 19:07:04.443 [main] INFO Env - @{3 SEND 4} Message(Ask)
inp.4 << 19:07:04.443 [main] INFO Env - @{4 RCVD 3} Message(Ask)
inp.4 << 19:07:04.443 [main] INFO Env - @{4 SEND 3} Message(Share)
inp.3 << 19:07:04.443 [main] INFO Env - @{3 RCVD 1} Message(Share)
inp.3 << 19:07:04.443 [main] INFO Env - @{3 RCVD 2} Message(Share)
inp.3 << 19:07:04.443 [main] INFO Env - @{3 RCVD 4} Message(Share)
inp.3 << 19:07:04.443 [main] INFO Env - @{3 LOCKED}
out.3 >> unlock
inp.3 << 19:07:04.443 [main] INFO Env - @{3 UNLOCKED}
out.1 >> ping
out.2 >> ping
out.3 >> ping
out.4 >> ping
out.5 >> ping
inp.1 << 19:07:04.444 [main] INFO Env - @{1 PONG}
inp.2 << 19:07:04.444 [main] INFO Env - @{2 PONG}
inp.5 << 19:07:04.444 [main] INFO Env - @{5 PONG}
inp.4 << 19:07:04.444 [main] INFO Env - @{4 PONG}
inp.3 << 19:07:04.444 [main] INFO Env - @{3 PONG}
out.4 >> lock
inp.4 << 19:07:04.445 [main] INFO Env - @{4 SEND 1} Message(Ask)
inp.4 << 19:07:04.445 [main] INFO Env - @{4 SEND 2} Message(Ask)
inp.1 << 19:07:04.445 [main] INFO Env - @{1 RCVD 4} Message(Ask)
inp.1 << 19:07:04.445 [main] INFO Env - @{1 SEND 4} Message(Share)
inp.2 << 19:07:04.445 [main] INFO Env - @{2 RCVD 4} Message(Ask)
inp.2 << 19:07:04.445 [main] INFO Env - @{2 SEND 4} Message(Share)
inp.4 << 19:07:04.445 [main] INFO Env - @{4 SEND 3} Message(Ask)
inp.4 << 19:07:04.445 [main] INFO Env - @{4 RCVD 1} Message(Share)
inp.4 << 19:07:04.445 [main] INFO Env - @{4 RCVD 2} Message(Share)
inp.3 << 19:07:04.445 [main] INFO Env - @{3 RCVD 4} Message(Ask)
inp.3 << 19:07:04.445 [main] INFO Env - @{3 SEND 4} Message(Share)
inp.4 << 19:07:04.445 [main] INFO Env - @{4 RCVD 3} Message(Share)
inp.4 << 19:07:04.445 [main] INFO Env - @{4 LOCKED}
out.4 >> unlock
inp.4 << 19:07:04.446 [main] INFO Env - @{4 UNLOCKED}
out.1 >> ping
out.2 >> ping
out.3 >> ping
out.4 >> ping
out.5 >> ping
inp.1 << 19:07:04.446 [main] INFO Env - @{1 PONG}
inp.2 << 19:07:04.446 [main] INFO Env - @{2 PONG}
inp.5 << 19:07:04.446 [main] INFO Env - @{5 PONG}
inp.4 << 19:07:04.447 [main] INFO Env - @{4 PONG}
inp.3 << 19:07:04.447 [main] INFO Env - @{3 PONG}
out.5 >> lock
inp.5 << 19:07:04.447 [main] INFO Env - @{5 SEND 1} Message(Ask)
inp.5 << 19:07:04.447 [main] INFO Env - @{5 SEND 2} Message(Ask)
inp.5 << 19:07:04.447 [main] INFO Env - @{5 SEND 3} Message(Ask)
inp.5 << 19:07:04.447 [main] INFO Env - @{5 SEND 4} Message(Ask)
inp.1 << 19:07:04.447 [main] INFO Env - @{1 RCVD 5} Message(Ask)
inp.1 << 19:07:04.447 [main] INFO Env - @{1 SEND 5} Message(Share)
inp.2 << 19:07:04.447 [main] INFO Env - @{2 RCVD 5} Message(Ask)
inp.2 << 19:07:04.447 [main] INFO Env - @{2 SEND 5} Message(Share)
inp.5 << 19:07:04.448 [main] INFO Env - @{5 RCVD 1} Message(Share)
inp.5 << 19:07:04.448 [main] INFO Env - @{5 RCVD 2} Message(Share)
inp.4 << 19:07:04.448 [main] INFO Env - @{4 RCVD 5} Message(Ask)
inp.3 << 19:07:04.448 [main] INFO Env - @{3 RCVD 5} Message(Ask)
inp.4 << 19:07:04.448 [main] INFO Env - @{4 SEND 5} Message(Share)
inp.5 << 19:07:04.448 [main] INFO Env - @{5 RCVD 4} Message(Share)
inp.3 << 19:07:04.448 [main] INFO Env - @{3 SEND 5} Message(Share)
inp.5 << 19:07:04.448 [main] INFO Env - @{5 RCVD 3} Message(Share)
inp.5 << 19:07:04.448 [main] INFO Env - @{5 LOCKED}
out.5 >> unlock
inp.5 << 19:07:04.449 [main] INFO Env - @{5 UNLOCKED}
out.1 >> ping
out.2 >> ping
out.3 >> ping
out.4 >> ping
out.5 >> ping
inp.5 << 19:07:04.449 [main] INFO Env - @{5 PONG}
inp.1 << 19:07:04.449 [main] INFO Env - @{1 PONG}
inp.2 << 19:07:04.449 [main] INFO Env - @{2 PONG}
inp.4 << 19:07:04.449 [main] INFO Env - @{4 PONG}
inp.3 << 19:07:04.449 [main] INFO Env - @{3 PONG}
out.1 >> lock
out.4 >> lock
out.5 >> lock
out.2 >> lock
out.3 >> lock
inp.1 << 19:07:04.450 [main] INFO Env - @{1 SEND 2} Message(Ask)
inp.1 << 19:07:04.450 [main] INFO Env - @{1 SEND 3} Message(Ask)
inp.1 << 19:07:04.450 [main] INFO Env - @{1 SEND 4} Message(Ask)
inp.1 << 19:07:04.450 [main] INFO Env - @{1 SEND 5} Message(Ask)
inp.2 << 19:07:04.450 [main] INFO Env - @{2 SEND 3} Message(Ask)
inp.5 << 19:07:04.450 [main] INFO Env - @{5 LOCKED}
inp.2 << 19:07:04.450 [main] INFO Env - @{2 SEND 4} Message(Ask)
inp.5 << 19:07:04.450 [main] INFO Env - @{5 RCVD 1} Message(Ask)
inp.2 << 19:07:04.450 [main] INFO Env - @{2 SEND 5} Message(Ask)
inp.2 << 19:07:04.450 [main] INFO Env - @{2 RCVD 1} Message(Ask)
out.5 >> unlock
inp.2 << 19:07:04.450 [main] INFO Env - @{2 SEND 1} Message(Share)
inp.2 << 19:07:04.450 [main] INFO Env - @{2 SEND 1} Message(Ask)
inp.5 << 19:07:04.450 [main] INFO Env - @{5 RCVD 2} Message(Ask)
inp.1 << 19:07:04.450 [main] INFO Env - @{1 RCVD 2} Message(Share)
inp.1 << 19:07:04.450 [main] INFO Env - @{1 RCVD 2} Message(Ask)
inp.5 << 19:07:04.450 [main] INFO Env - @{5 UNLOCKED}
inp.5 << 19:07:04.450 [main] INFO Env - @{5 SEND 1} Message(Share)
inp.4 << 19:07:04.451 [main] INFO Env - @{4 SEND 5} Message(Ask)
inp.5 << 19:07:04.451 [main] INFO Env - @{5 SEND 2} Message(Share)
inp.1 << 19:07:04.451 [main] INFO Env - @{1 RCVD 5} Message(Share)
inp.5 << 19:07:04.451 [main] INFO Env - @{5 RCVD 4} Message(Ask)
inp.5 << 19:07:04.451 [main] INFO Env - @{5 SEND 4} Message(Share)
inp.2 << 19:07:04.451 [main] INFO Env - @{2 RCVD 5} Message(Share)
inp.4 << 19:07:04.451 [main] INFO Env - @{4 RCVD 1} Message(Ask)
inp.4 << 19:07:04.451 [main] INFO Env - @{4 SEND 1} Message(Share)
inp.4 << 19:07:04.451 [main] INFO Env - @{4 SEND 1} Message(Ask)
inp.1 << 19:07:04.451 [main] INFO Env - @{1 RCVD 4} Message(Share)
inp.3 << 19:07:04.451 [main] INFO Env - @{3 SEND 4} Message(Ask)
inp.1 << 19:07:04.451 [main] INFO Env - @{1 RCVD 4} Message(Ask)
inp.3 << 19:07:04.451 [main] INFO Env - @{3 SEND 5} Message(Ask)
inp.3 << 19:07:04.451 [main] INFO Env - @{3 RCVD 1} Message(Ask)
inp.3 << 19:07:04.451 [main] INFO Env - @{3 SEND 1} Message(Share)
inp.5 << 19:07:04.451 [main] INFO Env - @{5 RCVD 3} Message(Ask)
inp.5 << 19:07:04.451 [main] INFO Env - @{5 SEND 3} Message(Share)
inp.3 << 19:07:04.451 [main] INFO Env - @{3 SEND 1} Message(Ask)
inp.3 << 19:07:04.451 [main] INFO Env - @{3 RCVD 2} Message(Ask)
inp.3 << 19:07:04.451 [main] INFO Env - @{3 SEND 2} Message(Share)
inp.3 << 19:07:04.451 [main] INFO Env - @{3 SEND 2} Message(Ask)
inp.1 << 19:07:04.451 [main] INFO Env - @{1 RCVD 3} Message(Share)
inp.1 << 19:07:04.451 [main] INFO Env - @{1 LOCKED}
inp.4 << 19:07:04.451 [main] INFO Env - @{4 RCVD 2} Message(Ask)
inp.1 << 19:07:04.451 [main] INFO Env - @{1 RCVD 3} Message(Ask)
inp.4 << 19:07:04.451 [main] INFO Env - @{4 SEND 2} Message(Share)
inp.2 << 19:07:04.451 [main] INFO Env - @{2 RCVD 3} Message(Share)
out.1 >> unlock
inp.2 << 19:07:04.451 [main] INFO Env - @{2 RCVD 3} Message(Ask)
inp.2 << 19:07:04.452 [main] INFO Env - @{2 RCVD 4} Message(Share)
inp.4 << 19:07:04.452 [main] INFO Env - @{4 SEND 2} Message(Ask)
inp.4 << 19:07:04.452 [main] INFO Env - @{4 RCVD 5} Message(Share)
inp.4 << 19:07:04.452 [main] INFO Env - @{4 RCVD 3} Message(Ask)
inp.2 << 19:07:04.452 [main] INFO Env - @{2 RCVD 4} Message(Ask)
inp.4 << 19:07:04.452 [main] INFO Env - @{4 SEND 3} Message(Share)
inp.1 << 19:07:04.452 [main] INFO Env - @{1 UNLOCKED}
inp.4 << 19:07:04.452 [main] INFO Env - @{4 SEND 3} Message(Ask)
inp.1 << 19:07:04.452 [main] INFO Env - @{1 SEND 2} Message(Share)
inp.1 << 19:07:04.452 [main] INFO Env - @{1 SEND 3} Message(Share)
inp.2 << 19:07:04.452 [main] INFO Env - @{2 RCVD 1} Message(Share)
inp.2 << 19:07:04.452 [main] INFO Env - @{2 LOCKED}
inp.1 << 19:07:04.452 [main] INFO Env - @{1 SEND 4} Message(Share)
inp.3 << 19:07:04.452 [main] INFO Env - @{3 RCVD 5} Message(Share)
out.2 >> unlock
inp.3 << 19:07:04.452 [main] INFO Env - @{3 RCVD 4} Message(Share)
inp.3 << 19:07:04.452 [main] INFO Env - @{3 RCVD 4} Message(Ask)
inp.3 << 19:07:04.452 [main] INFO Env - @{3 RCVD 1} Message(Share)
inp.4 << 19:07:04.452 [main] INFO Env - @{4 RCVD 1} Message(Share)
inp.2 << 19:07:04.452 [main] INFO Env - @{2 UNLOCKED}
inp.2 << 19:07:04.452 [main] INFO Env - @{2 SEND 3} Message(Share)
inp.2 << 19:07:04.452 [main] INFO Env - @{2 SEND 4} Message(Share)
inp.4 << 19:07:04.452 [main] INFO Env - @{4 RCVD 2} Message(Share)
inp.3 << 19:07:04.452 [main] INFO Env - @{3 RCVD 2} Message(Share)
inp.3 << 19:07:04.452 [main] INFO Env - @{3 LOCKED}
out.3 >> unlock
inp.3 << 19:07:04.452 [main] INFO Env - @{3 UNLOCKED}
inp.3 << 19:07:04.452 [main] INFO Env - @{3 SEND 4} Message(Share)
inp.4 << 19:07:04.453 [main] INFO Env - @{4 RCVD 3} Message(Share)
inp.4 << 19:07:04.453 [main] INFO Env - @{4 LOCKED}
out.4 >> unlock
inp.4 << 19:07:04.453 [main] INFO Env - @{4 UNLOCKED}
out.1 >> ping
out.2 >> ping
out.3 >> ping
out.4 >> ping
out.5 >> ping
inp.1 << 19:07:04.453 [main] INFO Env - @{1 PONG}
inp.2 << 19:07:04.453 [main] INFO Env - @{2 PONG}
inp.5 << 19:07:04.453 [main] INFO Env - @{5 PONG}
inp.4 << 19:07:04.454 [main] INFO Env - @{4 PONG}
inp.3 << 19:07:04.454 [main] INFO Env - @{3 PONG}
out.1 >> lock
inp.1 << 19:07:04.454 [main] INFO Env - @{1 SEND 2} Message(Ask)
inp.1 << 19:07:04.454 [main] INFO Env - @{1 SEND 3} Message(Ask)
inp.1 << 19:07:04.454 [main] INFO Env - @{1 SEND 4} Message(Ask)
inp.2 << 19:07:04.454 [main] INFO Env - @{2 RCVD 1} Message(Ask)
inp.2 << 19:07:04.454 [main] INFO Env - @{2 SEND 1} Message(Share)
inp.1 << 19:07:04.455 [main] INFO Env - @{1 RCVD 2} Message(Share)
inp.4 << 19:07:04.455 [main] INFO Env - @{4 RCVD 1} Message(Ask)
inp.4 << 19:07:04.455 [main] INFO Env - @{4 SEND 1} Message(Share)
inp.1 << 19:07:04.455 [main] INFO Env - @{1 RCVD 4} Message(Share)
inp.3 << 19:07:04.455 [main] INFO Env - @{3 RCVD 1} Message(Ask)
inp.3 << 19:07:04.455 [main] INFO Env - @{3 SEND 1} Message(Share)
inp.1 << 19:07:04.455 [main] INFO Env - @{1 RCVD 3} Message(Share)
inp.1 << 19:07:04.455 [main] INFO Env - @{1 LOCKED}
out.1 >> unlock
inp.1 << 19:07:04.455 [main] INFO Env - @{1 UNLOCKED}
out.1 >> ping
out.2 >> ping
out.3 >> ping
out.4 >> ping
out.5 >> ping
inp.1 << 19:07:04.456 [main] INFO Env - @{1 PONG}
inp.2 << 19:07:04.456 [main] INFO Env - @{2 PONG}
inp.5 << 19:07:04.456 [main] INFO Env - @{5 PONG}
inp.4 << 19:07:04.456 [main] INFO Env - @{4 PONG}
inp.3 << 19:07:04.456 [main] INFO Env - @{3 PONG}
out.1 >> lock
inp.1 << 19:07:04.456 [main] INFO Env - @{1 LOCKED}
out.1 >> unlock
inp.1 << 19:07:04.456 [main] INFO Env - @{1 UNLOCKED}
out.1 >> ping
out.2 >> ping
out.3 >> ping
out.4 >> ping
out.5 >> ping
inp.1 << 19:07:04.457 [main] INFO Env - @{1 PONG}
inp.2 << 19:07:04.457 [main] INFO Env - @{2 PONG}
inp.5 << 19:07:04.457 [main] INFO Env - @{5 PONG}
inp.4 << 19:07:04.457 [main] INFO Env - @{4 PONG}
inp.3 << 19:07:04.457 [main] INFO Env - @{3 PONG}
out.1 >> lock
inp.1 << 19:07:04.457 [main] INFO Env - @{1 LOCKED}
out.1 >> unlock
inp.1 << 19:07:04.457 [main] INFO Env - @{1 UNLOCKED}
out.1 >> ping
out.2 >> ping
out.3 >> ping
out.4 >> ping
out.5 >> ping
inp.1 << 19:07:04.457 [main] INFO Env - @{1 PONG}
inp.2 << 19:07:04.457 [main] INFO Env - @{2 PONG}
inp.5 << 19:07:04.458 [main] INFO Env - @{5 PONG}
inp.4 << 19:07:04.458 [main] INFO Env - @{4 PONG}
inp.3 << 19:07:04.458 [main] INFO Env - @{3 PONG}
out.1 >> lock
out.2 >> lock
inp.1 << 19:07:04.458 [main] INFO Env - @{1 LOCKED}
inp.2 << 19:07:04.458 [main] INFO Env - @{2 SEND 1} Message(Ask)
out.1 >> unlock
inp.2 << 19:07:04.458 [main] INFO Env - @{2 SEND 3} Message(Ask)
inp.2 << 19:07:04.458 [main] INFO Env - @{2 SEND 4} Message(Ask)
inp.1 << 19:07:04.458 [main] INFO Env - @{1 RCVD 2} Message(Ask)
inp.1 << 19:07:04.458 [main] INFO Env - @{1 UNLOCKED}
inp.1 << 19:07:04.458 [main] INFO Env - @{1 SEND 2} Message(Share)
inp.4 << 19:07:04.458 [main] INFO Env - @{4 RCVD 2} Message(Ask)
inp.4 << 19:07:04.459 [main] INFO Env - @{4 SEND 2} Message(Share)
inp.2 << 19:07:04.459 [main] INFO Env - @{2 RCVD 1} Message(Share)
inp.2 << 19:07:04.459 [main] INFO Env - @{2 RCVD 4} Message(Share)
inp.3 << 19:07:04.459 [main] INFO Env - @{3 RCVD 2} Message(Ask)
inp.3 << 19:07:04.459 [main] INFO Env - @{3 SEND 2} Message(Share)
inp.2 << 19:07:04.459 [main] INFO Env - @{2 RCVD 3} Message(Share)
inp.2 << 19:07:04.459 [main] INFO Env - @{2 LOCKED}
out.2 >> unlock
inp.2 << 19:07:04.459 [main] INFO Env - @{2 UNLOCKED}
out.1 >> ping
out.2 >> ping
out.3 >> ping
out.4 >> ping
out.5 >> ping
inp.2 << 19:07:04.459 [main] INFO Env - @{2 PONG}
inp.1 << 19:07:04.459 [main] INFO Env - @{1 PONG}
inp.5 << 19:07:04.459 [main] INFO Env - @{5 PONG}
inp.4 << 19:07:04.460 [main] INFO Env - @{4 PONG}
inp.3 << 19:07:04.460 [main] INFO Env - @{3 PONG}
out.1 >> lock
out.2 >> lock
inp.1 << 19:07:04.460 [main] INFO Env - @{1 SEND 2} Message(Ask)
inp.2 << 19:07:04.460 [main] INFO Env - @{2 LOCKED}
out.2 >> unlock
inp.2 << 19:07:04.460 [main] INFO Env - @{2 RCVD 1} Message(Ask)
inp.2 << 19:07:04.460 [main] INFO Env - @{2 UNLOCKED}
inp.2 << 19:07:04.460 [main] INFO Env - @{2 SEND 1} Message(Share)
inp.1 << 19:07:04.460 [main] INFO Env - @{1 RCVD 2} Message(Share)
inp.1 << 19:07:04.460 [main] INFO Env - @{1 LOCKED}
out.1 >> unlock
inp.1 << 19:07:04.460 [main] INFO Env - @{1 UNLOCKED}
out.1 >> ping
out.2 >> ping
out.3 >> ping
out.4 >> ping
out.5 >> ping
inp.1 << 19:07:04.461 [main] INFO Env - @{1 PONG}
inp.2 << 19:07:04.461 [main] INFO Env - @{2 PONG}
inp.5 << 19:07:04.461 [main] INFO Env - @{5 PONG}
inp.4 << 19:07:04.461 [main] INFO Env - @{4 PONG}
inp.3 << 19:07:04.461 [main] INFO Env - @{3 PONG}
out.1 >> lock
out.2 >> lock
inp.1 << 19:07:04.461 [main] INFO Env - @{1 LOCKED}
inp.2 << 19:07:04.461 [main] INFO Env - @{2 SEND 1} Message(Ask)
out.1 >> unlock
inp.1 << 19:07:04.462 [main] INFO Env - @{1 RCVD 2} Message(Ask)
inp.1 << 19:07:04.462 [main] INFO Env - @{1 UNLOCKED}
inp.1 << 19:07:04.462 [main] INFO Env - @{1 SEND 2} Message(Share)
inp.2 << 19:07:04.462 [main] INFO Env - @{2 RCVD 1} Message(Share)
inp.2 << 19:07:04.462 [main] INFO Env - @{2 LOCKED}
out.2 >> unlock
inp.2 << 19:07:04.462 [main] INFO Env - @{2 UNLOCKED}
out.1 >> ping
out.2 >> ping
out.3 >> ping
out.4 >> ping
out.5 >> ping
inp.1 << 19:07:04.462 [main] INFO Env - @{1 PONG}
inp.2 << 19:07:04.463 [main] INFO Env - @{2 PONG}
inp.5 << 19:07:04.463 [main] INFO Env - @{5 PONG}
inp.4 << 19:07:04.463 [main] INFO Env - @{4 PONG}
inp.3 << 19:07:04.463 [main] INFO Env - @{3 PONG}
out.1 >> ping
out.2 >> ping
out.3 >> ping
out.4 >> ping
out.5 >> ping
inp.1 << 19:07:04.463 [main] INFO Env - @{1 PONG}
inp.2 << 19:07:04.464 [main] INFO Env - @{2 PONG}
inp.5 << 19:07:04.464 [main] INFO Env - @{5 PONG}
inp.4 << 19:07:04.464 [main] INFO Env - @{4 PONG}
inp.3 << 19:07:04.464 [main] INFO Env - @{3 PONG}
out.1 >> lock
inp.1 << 19:07:04.464 [main] INFO Env - @{1 SEND 2} Message(Ask)
inp.2 << 19:07:04.465 [main] INFO Env - @{2 RCVD 1} Message(Ask)
inp.2 << 19:07:04.465 [main] INFO Env - @{2 SEND 1} Message(Share)
inp.1 << 19:07:04.465 [main] INFO Env - @{1 RCVD 2} Message(Share)
inp.1 << 19:07:04.465 [main] INFO Env - @{1 LOCKED}
out.1 >> unlock
inp.1 << 19:07:04.465 [main] INFO Env - @{1 UNLOCKED}
out.1 >> ping
out.2 >> ping
out.3 >> ping
out.4 >> ping
out.5 >> ping
inp.1 << 19:07:04.465 [main] INFO Env - @{1 PONG}
inp.2 << 19:07:04.465 [main] INFO Env - @{2 PONG}
inp.5 << 19:07:04.466 [main] INFO Env - @{5 PONG}
inp.4 << 19:07:04.466 [main] INFO Env - @{4 PONG}
inp.3 << 19:07:04.466 [main] INFO Env - @{3 PONG}
out.2 >> lock
inp.2 << 19:07:04.466 [main] INFO Env - @{2 SEND 1} Message(Ask)
inp.1 << 19:07:04.466 [main] INFO Env - @{1 RCVD 2} Message(Ask)
inp.1 << 19:07:04.466 [main] INFO Env - @{1 SEND 2} Message(Share)
inp.2 << 19:07:04.466 [main] INFO Env - @{2 RCVD 1} Message(Share)
inp.2 << 19:07:04.466 [main] INFO Env - @{2 LOCKED}
out.2 >> unlock
inp.2 << 19:07:04.467 [main] INFO Env - @{2 UNLOCKED}
out.1 >> ping
out.2 >> ping
out.3 >> ping
out.4 >> ping
out.5 >> ping
inp.1 << 19:07:04.467 [main] INFO Env - @{1 PONG}
inp.2 << 19:07:04.467 [main] INFO Env - @{2 PONG}
inp.3 << 19:07:04.467 [main] INFO Env - @{3 PONG}
inp.4 << 19:07:04.467 [main] INFO Env - @{4 PONG}
inp.5 << 19:07:04.467 [main] INFO Env - @{5 PONG}
out.3 >> lock
inp.3 << 19:07:04.468 [main] INFO Env - @{3 SEND 1} Message(Ask)
inp.3 << 19:07:04.468 [main] INFO Env - @{3 SEND 2} Message(Ask)
inp.3 << 19:07:04.468 [main] INFO Env - @{3 SEND 4} Message(Ask)
inp.1 << 19:07:04.468 [main] INFO Env - @{1 RCVD 3} Message(Ask)
inp.1 << 19:07:04.468 [main] INFO Env - @{1 SEND 3} Message(Share)
inp.2 << 19:07:04.468 [main] INFO Env - @{2 RCVD 3} Message(Ask)
inp.4 << 19:07:04.468 [main] INFO Env - @{4 RCVD 3} Message(Ask)
inp.2 << 19:07:04.468 [main] INFO Env - @{2 SEND 3} Message(Share)
inp.4 << 19:07:04.468 [main] INFO Env - @{4 SEND 3} Message(Share)
inp.3 << 19:07:04.468 [main] INFO Env - @{3 RCVD 1} Message(Share)
inp.3 << 19:07:04.468 [main] INFO Env - @{3 RCVD 4} Message(Share)
inp.3 << 19:07:04.468 [main] INFO Env - @{3 RCVD 2} Message(Share)
inp.3 << 19:07:04.468 [main] INFO Env - @{3 LOCKED}
out.3 >> unlock
inp.3 << 19:07:04.469 [main] INFO Env - @{3 UNLOCKED}
out.1 >> ping
out.2 >> ping
out.3 >> ping
out.4 >> ping
out.5 >> ping
inp.1 << 19:07:04.469 [main] INFO Env - @{1 PONG}
inp.3 << 19:07:04.469 [main] INFO Env - @{3 PONG}
inp.2 << 19:07:04.469 [main] INFO Env - @{2 PONG}
inp.4 << 19:07:04.469 [main] INFO Env - @{4 PONG}
inp.5 << 19:07:04.469 [main] INFO Env - @{5 PONG}
out.4 >> lock
inp.4 << 19:07:04.470 [main] INFO Env - @{4 SEND 1} Message(Ask)
inp.4 << 19:07:04.470 [main] INFO Env - @{4 SEND 2} Message(Ask)
inp.4 << 19:07:04.470 [main] INFO Env - @{4 SEND 3} Message(Ask)
inp.1 << 19:07:04.470 [main] INFO Env - @{1 RCVD 4} Message(Ask)
inp.1 << 19:07:04.470 [main] INFO Env - @{1 SEND 4} Message(Share)
inp.2 << 19:07:04.470 [main] INFO Env - @{2 RCVD 4} Message(Ask)
inp.2 << 19:07:04.470 [main] INFO Env - @{2 SEND 4} Message(Share)
inp.4 << 19:07:04.470 [main] INFO Env - @{4 RCVD 1} Message(Share)
inp.4 << 19:07:04.470 [main] INFO Env - @{4 RCVD 2} Message(Share)
inp.3 << 19:07:04.470 [main] INFO Env - @{3 RCVD 4} Message(Ask)
inp.3 << 19:07:04.470 [main] INFO Env - @{3 SEND 4} Message(Share)
inp.4 << 19:07:04.470 [main] INFO Env - @{4 RCVD 3} Message(Share)
inp.4 << 19:07:04.470 [main] INFO Env - @{4 LOCKED}
out.4 >> unlock
inp.4 << 19:07:04.470 [main] INFO Env - @{4 UNLOCKED}
out.1 >> ping
out.2 >> ping
out.3 >> ping
out.4 >> ping
out.5 >> ping
inp.1 << 19:07:04.471 [main] INFO Env - @{1 PONG}
inp.2 << 19:07:04.471 [main] INFO Env - @{2 PONG}
inp.3 << 19:07:04.471 [main] INFO Env - @{3 PONG}
inp.4 << 19:07:04.471 [main] INFO Env - @{4 PONG}
inp.5 << 19:07:04.471 [main] INFO Env - @{5 PONG}
out.5 >> lock
inp.5 << 19:07:04.471 [main] INFO Env - @{5 SEND 1} Message(Ask)
inp.5 << 19:07:04.471 [main] INFO Env - @{5 SEND 2} Message(Ask)
inp.5 << 19:07:04.472 [main] INFO Env - @{5 SEND 3} Message(Ask)
inp.1 << 19:07:04.472 [main] INFO Env - @{1 RCVD 5} Message(Ask)
inp.1 << 19:07:04.472 [main] INFO Env - @{1 SEND 5} Message(Share)
inp.5 << 19:07:04.472 [main] INFO Env - @{5 SEND 4} Message(Ask)
inp.2 << 19:07:04.472 [main] INFO Env - @{2 RCVD 5} Message(Ask)
inp.5 << 19:07:04.472 [main] INFO Env - @{5 RCVD 1} Message(Share)
inp.2 << 19:07:04.472 [main] INFO Env - @{2 SEND 5} Message(Share)
inp.3 << 19:07:04.472 [main] INFO Env - @{3 RCVD 5} Message(Ask)
inp.3 << 19:07:04.472 [main] INFO Env - @{3 SEND 5} Message(Share)
inp.5 << 19:07:04.472 [main] INFO Env - @{5 RCVD 2} Message(Share)
inp.5 << 19:07:04.472 [main] INFO Env - @{5 RCVD 3} Message(Share)
inp.4 << 19:07:04.472 [main] INFO Env - @{4 RCVD 5} Message(Ask)
inp.4 << 19:07:04.472 [main] INFO Env - @{4 SEND 5} Message(Share)
inp.5 << 19:07:04.472 [main] INFO Env - @{5 RCVD 4} Message(Share)
inp.5 << 19:07:04.472 [main] INFO Env - @{5 LOCKED}
out.5 >> unlock
inp.5 << 19:07:04.472 [main] INFO Env - @{5 UNLOCKED}
out.1 >> ping
out.2 >> ping
out.3 >> ping
out.4 >> ping
out.5 >> ping
inp.1 << 19:07:04.473 [main] INFO Env - @{1 PONG}
inp.2 << 19:07:04.473 [main] INFO Env - @{2 PONG}
inp.3 << 19:07:04.473 [main] INFO Env - @{3 PONG}
inp.4 << 19:07:04.473 [main] INFO Env - @{4 PONG}
inp.5 << 19:07:04.473 [main] INFO Env - @{5 PONG}
out.4 >> lock
out.2 >> lock
out.3 >> lock
out.5 >> lock
out.1 >> lock
inp.4 << 19:07:04.473 [main] INFO Env - @{4 SEND 5} Message(Ask)
inp.2 << 19:07:04.473 [main] INFO Env - @{2 SEND 3} Message(Ask)
inp.2 << 19:07:04.474 [main] INFO Env - @{2 SEND 4} Message(Ask)
inp.3 << 19:07:04.474 [main] INFO Env - @{3 SEND 4} Message(Ask)
inp.2 << 19:07:04.474 [main] INFO Env - @{2 SEND 5} Message(Ask)
inp.3 << 19:07:04.474 [main] INFO Env - @{3 SEND 5} Message(Ask)
inp.3 << 19:07:04.474 [main] INFO Env - @{3 RCVD 2} Message(Ask)
inp.3 << 19:07:04.474 [main] INFO Env - @{3 SEND 2} Message(Share)
inp.3 << 19:07:04.474 [main] INFO Env - @{3 SEND 2} Message(Ask)
inp.4 << 19:07:04.474 [main] INFO Env - @{4 RCVD 2} Message(Ask)
inp.4 << 19:07:04.474 [main] INFO Env - @{4 SEND 2} Message(Share)
inp.1 << 19:07:04.474 [main] INFO Env - @{1 SEND 2} Message(Ask)
inp.4 << 19:07:04.474 [main] INFO Env - @{4 SEND 2} Message(Ask)
inp.1 << 19:07:04.474 [main] INFO Env - @{1 SEND 3} Message(Ask)
inp.1 << 19:07:04.474 [main] INFO Env - @{1 SEND 4} Message(Ask)
inp.1 << 19:07:04.474 [main] INFO Env - @{1 SEND 5} Message(Ask)
inp.4 << 19:07:04.474 [main] INFO Env - @{4 RCVD 3} Message(Ask)
inp.4 << 19:07:04.474 [main] INFO Env - @{4 SEND 3} Message(Share)
inp.4 << 19:07:04.474 [main] INFO Env - @{4 SEND 3} Message(Ask)
inp.4 << 19:07:04.474 [main] INFO Env - @{4 RCVD 1} Message(Ask)
inp.4 << 19:07:04.474 [main] INFO Env - @{4 SEND 1} Message(Share)
inp.4 << 19:07:04.474 [main] INFO Env - @{4 SEND 1} Message(Ask)
inp.1 << 19:07:04.474 [main] INFO Env - @{1 RCVD 2} Message(Share)
inp.3 << 19:07:04.474 [main] INFO Env - @{3 RCVD 1} Message(Ask)
inp.3 << 19:07:04.474 [main] INFO Env - @{3 SEND 1} Message(Share)
inp.1 << 19:07:04.474 [main] INFO Env - @{1 RCVD 2} Message(Ask)
inp.1 << 19:07:04.474 [main] INFO Env - @{1 RCVD 4} Message(Share)
inp.1 << 19:07:04.474 [main] INFO Env - @{1 RCVD 4} Message(Ask)
inp.3 << 19:07:04.474 [main] INFO Env - @{3 SEND 1} Message(Ask)
inp.1 << 19:07:04.474 [main] INFO Env - @{1 RCVD 3} Message(Share)
inp.3 << 19:07:04.474 [main] INFO Env - @{3 RCVD 4} Message(Share)
inp.3 << 19:07:04.474 [main] INFO Env - @{3 RCVD 4} Message(Ask)
inp.1 << 19:07:04.475 [main] INFO Env - @{1 RCVD 3} Message(Ask)
inp.5 << 19:07:04.474 [main] INFO Env - @{5 LOCKED}
inp.5 << 19:07:04.474 [main] INFO Env - @{5 RCVD 4} Message(Ask)
inp.5 << 19:07:04.474 [main] INFO Env - @{5 RCVD 2} Message(Ask)
inp.5 << 19:07:04.474 [main] INFO Env - @{5 RCVD 3} Message(Ask)
inp.5 << 19:07:04.474 [main] INFO Env - @{5 RCVD 1} Message(Ask)
inp.2 << 19:07:04.474 [main] INFO Env - @{2 RCVD 3} Message(Share)
inp.2 << 19:07:04.474 [main] INFO Env - @{2 RCVD 3} Message(Ask)
inp.2 << 19:07:04.474 [main] INFO Env - @{2 RCVD 4} Message(Share)
inp.2 << 19:07:04.474 [main] INFO Env - @{2 RCVD 1} Message(Ask)
inp.2 << 19:07:04.474 [main] INFO Env - @{2 SEND 1} Message(Share)
inp.2 << 19:07:04.474 [main] INFO Env - @{2 SEND 1} Message(Ask)
inp.2 << 19:07:04.474 [main] INFO Env - @{2 RCVD 4} Message(Ask)
out.5 >> unlock
inp.5 << 19:07:04.475 [main] INFO Env - @{5 UNLOCKED}
inp.5 << 19:07:04.475 [main] INFO Env - @{5 SEND 1} Message(Share)
inp.5 << 19:07:04.476 [main] INFO Env - @{5 SEND 2} Message(Share)
inp.5 << 19:07:04.476 [main] INFO Env - @{5 SEND 3} Message(Share)
inp.5 << 19:07:04.476 [main] INFO Env - @{5 SEND 4} Message(Share)
inp.1 << 19:07:04.476 [main] INFO Env - @{1 RCVD 5} Message(Share)
inp.1 << 19:07:04.476 [main] INFO Env - @{1 LOCKED}
inp.2 << 19:07:04.476 [main] INFO Env - @{2 RCVD 5} Message(Share)
inp.3 << 19:07:04.476 [main] INFO Env - @{3 RCVD 5} Message(Share)
inp.4 << 19:07:04.476 [main] INFO Env - @{4 RCVD 5} Message(Share)
out.1 >> unlock
inp.1 << 19:07:04.476 [main] INFO Env - @{1 UNLOCKED}
inp.1 << 19:07:04.476 [main] INFO Env - @{1 SEND 2} Message(Share)
inp.1 << 19:07:04.476 [main] INFO Env - @{1 SEND 3} Message(Share)
inp.1 << 19:07:04.476 [main] INFO Env - @{1 SEND 4} Message(Share)
inp.2 << 19:07:04.476 [main] INFO Env - @{2 RCVD 1} Message(Share)
inp.2 << 19:07:04.476 [main] INFO Env - @{2 LOCKED}
inp.3 << 19:07:04.476 [main] INFO Env - @{3 RCVD 1} Message(Share)
out.2 >> unlock
inp.4 << 19:07:04.477 [main] INFO Env - @{4 RCVD 1} Message(Share)
inp.2 << 19:07:04.477 [main] INFO Env - @{2 UNLOCKED}
inp.2 << 19:07:04.477 [main] INFO Env - @{2 SEND 3} Message(Share)
inp.2 << 19:07:04.477 [main] INFO Env - @{2 SEND 4} Message(Share)
inp.3 << 19:07:04.477 [main] INFO Env - @{3 RCVD 2} Message(Share)
inp.3 << 19:07:04.477 [main] INFO Env - @{3 LOCKED}
inp.4 << 19:07:04.477 [main] INFO Env - @{4 RCVD 2} Message(Share)
out.3 >> unlock
inp.3 << 19:07:04.477 [main] INFO Env - @{3 UNLOCKED}
inp.3 << 19:07:04.477 [main] INFO Env - @{3 SEND 4} Message(Share)
inp.4 << 19:07:04.477 [main] INFO Env - @{4 RCVD 3} Message(Share)
inp.4 << 19:07:04.477 [main] INFO Env - @{4 LOCKED}
out.4 >> unlock
inp.4 << 19:07:04.477 [main] INFO Env - @{4 UNLOCKED}
out.1 >> ping
out.2 >> ping
out.3 >> ping
out.4 >> ping
out.5 >> ping
inp.1 << 19:07:04.478 [main] INFO Env - @{1 PONG}
inp.3 << 19:07:04.478 [main] INFO Env - @{3 PONG}
inp.2 << 19:07:04.478 [main] INFO Env - @{2 PONG}
inp.4 << 19:07:04.478 [main] INFO Env - @{4 PONG}
inp.5 << 19:07:04.478 [main] INFO Env - @{5 PONG}
out.2 >> lock
inp.2 << 19:07:04.478 [main] INFO Env - @{2 SEND 3} Message(Ask)
inp.2 << 19:07:04.478 [main] INFO Env - @{2 SEND 4} Message(Ask)
inp.3 << 19:07:04.478 [main] INFO Env - @{3 RCVD 2} Message(Ask)
inp.3 << 19:07:04.478 [main] INFO Env - @{3 SEND 2} Message(Share)
inp.4 << 19:07:04.478 [main] INFO Env - @{4 RCVD 2} Message(Ask)
inp.4 << 19:07:04.478 [main] INFO Env - @{4 SEND 2} Message(Share)
inp.2 << 19:07:04.478 [main] INFO Env - @{2 RCVD 3} Message(Share)
inp.2 << 19:07:04.478 [main] INFO Env - @{2 RCVD 4} Message(Share)
inp.2 << 19:07:04.478 [main] INFO Env - @{2 LOCKED}
out.2 >> unlock
inp.2 << 19:07:04.479 [main] INFO Env - @{2 UNLOCKED}
out.1 >> ping
out.2 >> ping
out.3 >> ping
out.4 >> ping
out.5 >> ping
inp.1 << 19:07:04.480 [main] INFO Env - @{1 PONG}
inp.2 << 19:07:04.480 [main] INFO Env - @{2 PONG}
inp.3 << 19:07:04.480 [main] INFO Env - @{3 PONG}
inp.4 << 19:07:04.480 [main] INFO Env - @{4 PONG}
inp.5 << 19:07:04.480 [main] INFO Env - @{5 PONG}
out.2 >> lock
inp.2 << 19:07:04.480 [main] INFO Env - @{2 LOCKED}
out.2 >> unlock
inp.2 << 19:07:04.481 [main] INFO Env - @{2 UNLOCKED}
out.1 >> ping
out.2 >> ping
out.3 >> ping
out.4 >> ping
out.5 >> ping
inp.2 << 19:07:04.481 [main] INFO Env - @{2 PONG}
inp.3 << 19:07:04.481 [main] INFO Env - @{3 PONG}
inp.1 << 19:07:04.481 [main] INFO Env - @{1 PONG}
inp.5 << 19:07:04.481 [main] INFO Env - @{5 PONG}
inp.4 << 19:07:04.481 [main] INFO Env - @{4 PONG}
out.2 >> lock
inp.2 << 19:07:04.481 [main] INFO Env - @{2 LOCKED}
out.2 >> unlock
inp.2 << 19:07:04.481 [main] INFO Env - @{2 UNLOCKED}
out.1 >> ping
out.2 >> ping
out.3 >> ping
out.4 >> ping
out.5 >> ping
inp.1 << 19:07:04.482 [main] INFO Env - @{1 PONG}
inp.2 << 19:07:04.482 [main] INFO Env - @{2 PONG}
inp.4 << 19:07:04.482 [main] INFO Env - @{4 PONG}
inp.3 << 19:07:04.482 [main] INFO Env - @{3 PONG}
inp.5 << 19:07:04.482 [main] INFO Env - @{5 PONG}
out.2 >> lock
out.1 >> lock
inp.2 << 19:07:04.482 [main] INFO Env - @{2 LOCKED}
inp.1 << 19:07:04.482 [main] INFO Env - @{1 SEND 2} Message(Ask)
inp.1 << 19:07:04.482 [main] INFO Env - @{1 SEND 3} Message(Ask)
out.2 >> unlock
inp.1 << 19:07:04.482 [main] INFO Env - @{1 SEND 4} Message(Ask)
inp.2 << 19:07:04.482 [main] INFO Env - @{2 RCVD 1} Message(Ask)
inp.2 << 19:07:04.482 [main] INFO Env - @{2 UNLOCKED}
inp.3 << 19:07:04.482 [main] INFO Env - @{3 RCVD 1} Message(Ask)
inp.2 << 19:07:04.482 [main] INFO Env - @{2 SEND 1} Message(Share)
inp.3 << 19:07:04.482 [main] INFO Env - @{3 SEND 1} Message(Share)
inp.4 << 19:07:04.483 [main] INFO Env - @{4 RCVD 1} Message(Ask)
inp.4 << 19:07:04.483 [main] INFO Env - @{4 SEND 1} Message(Share)
inp.1 << 19:07:04.483 [main] INFO Env - @{1 RCVD 2} Message(Share)
inp.1 << 19:07:04.483 [main] INFO Env - @{1 RCVD 3} Message(Share)
inp.1 << 19:07:04.483 [main] INFO Env - @{1 RCVD 4} Message(Share)
inp.1 << 19:07:04.483 [main] INFO Env - @{1 LOCKED}
out.1 >> unlock
inp.1 << 19:07:04.483 [main] INFO Env - @{1 UNLOCKED}
out.1 >> ping
out.2 >> ping
out.3 >> ping
out.4 >> ping
out.5 >> ping
inp.1 << 19:07:04.483 [main] INFO Env - @{1 PONG}
inp.2 << 19:07:04.483 [main] INFO Env - @{2 PONG}
inp.3 << 19:07:04.483 [main] INFO Env - @{3 PONG}
inp.4 << 19:07:04.483 [main] INFO Env - @{4 PONG}
inp.5 << 19:07:04.483 [main] INFO Env - @{5 PONG}
out.2 >> lock
out.1 >> lock
inp.1 << 19:07:04.483 [main] INFO Env - @{1 LOCKED}
out.1 >> unlock
inp.2 << 19:07:04.483 [main] INFO Env - @{2 SEND 1} Message(Ask)
inp.1 << 19:07:04.484 [main] INFO Env - @{1 UNLOCKED}
inp.1 << 19:07:04.484 [main] INFO Env - @{1 RCVD 2} Message(Ask)
inp.1 << 19:07:04.484 [main] INFO Env - @{1 SEND 2} Message(Share)
inp.2 << 19:07:04.484 [main] INFO Env - @{2 RCVD 1} Message(Share)
inp.2 << 19:07:04.484 [main] INFO Env - @{2 LOCKED}
out.2 >> unlock
inp.2 << 19:07:04.484 [main] INFO Env - @{2 UNLOCKED}
out.1 >> ping
out.2 >> ping
out.3 >> ping
out.4 >> ping
out.5 >> ping
inp.1 << 19:07:04.484 [main] INFO Env - @{1 PONG}
inp.2 << 19:07:04.484 [main] INFO Env - @{2 PONG}
inp.3 << 19:07:04.484 [main] INFO Env - @{3 PONG}
inp.4 << 19:07:04.484 [main] INFO Env - @{4 PONG}
inp.5 << 19:07:04.484 [main] INFO Env - @{5 PONG}
out.2 >> lock
out.1 >> lock
inp.2 << 19:07:04.484 [main] INFO Env - @{2 LOCKED}
inp.1 << 19:07:04.484 [main] INFO Env - @{1 SEND 2} Message(Ask)
out.2 >> unlock
inp.2 << 19:07:04.485 [main] INFO Env - @{2 RCVD 1} Message(Ask)
inp.2 << 19:07:04.485 [main] INFO Env - @{2 UNLOCKED}
inp.2 << 19:07:04.485 [main] INFO Env - @{2 SEND 1} Message(Share)
inp.1 << 19:07:04.485 [main] INFO Env - @{1 RCVD 2} Message(Share)
inp.1 << 19:07:04.485 [main] INFO Env - @{1 LOCKED}
out.1 >> unlock
inp.1 << 19:07:04.485 [main] INFO Env - @{1 UNLOCKED}
out.1 >> ping
out.2 >> ping
out.3 >> ping
out.4 >> ping
out.5 >> ping
inp.1 << 19:07:04.485 [main] INFO Env - @{1 PONG}
inp.2 << 19:07:04.485 [main] INFO Env - @{2 PONG}
inp.3 << 19:07:04.485 [main] INFO Env - @{3 PONG}
inp.5 << 19:07:04.485 [main] INFO Env - @{5 PONG}
inp.4 << 19:07:04.485 [main] INFO Env - @{4 PONG}
out.1 >> ping
out.2 >> ping
out.3 >> ping
out.4 >> ping
out.5 >> ping
inp.1 << 19:07:04.485 [main] INFO Env - @{1 PONG}
inp.3 << 19:07:04.486 [main] INFO Env - @{3 PONG}
inp.2 << 19:07:04.486 [main] INFO Env - @{2 PONG}
inp.5 << 19:07:04.486 [main] INFO Env - @{5 PONG}
inp.4 << 19:07:04.486 [main] INFO Env - @{4 PONG}
out.1 >> lock
inp.1 << 19:07:04.486 [main] INFO Env - @{1 LOCKED}
out.1 >> unlock
inp.1 << 19:07:04.486 [main] INFO Env - @{1 UNLOCKED}
out.1 >> ping
out.2 >> ping
out.3 >> ping
out.4 >> ping
out.5 >> ping
inp.1 << 19:07:04.486 [main] INFO Env - @{1 PONG}
inp.2 << 19:07:04.486 [main] INFO Env - @{2 PONG}
inp.3 << 19:07:04.486 [main] INFO Env - @{3 PONG}
inp.4 << 19:07:04.486 [main] INFO Env - @{4 PONG}
inp.5 << 19:07:04.486 [main] INFO Env - @{5 PONG}
out.2 >> lock
inp.2 << 19:07:04.487 [main] INFO Env - @{2 SEND 1} Message(Ask)
inp.1 << 19:07:04.487 [main] INFO Env - @{1 RCVD 2} Message(Ask)
inp.1 << 19:07:04.487 [main] INFO Env - @{1 SEND 2} Message(Share)
inp.2 << 19:07:04.487 [main] INFO Env - @{2 RCVD 1} Message(Share)
inp.2 << 19:07:04.487 [main] INFO Env - @{2 LOCKED}
out.2 >> unlock
inp.2 << 19:07:04.487 [main] INFO Env - @{2 UNLOCKED}
out.1 >> ping
out.2 >> ping
out.3 >> ping
out.4 >> ping
out.5 >> ping
inp.2 << 19:07:04.487 [main] INFO Env - @{2 PONG}
inp.1 << 19:07:04.487 [main] INFO Env - @{1 PONG}
inp.3 << 19:07:04.487 [main] INFO Env - @{3 PONG}
inp.4 << 19:07:04.487 [main] INFO Env - @{4 PONG}
inp.5 << 19:07:04.487 [main] INFO Env - @{5 PONG}
out.3 >> lock
inp.3 << 19:07:04.488 [main] INFO Env - @{3 SEND 1} Message(Ask)
inp.3 << 19:07:04.488 [main] INFO Env - @{3 SEND 2} Message(Ask)
inp.3 << 19:07:04.488 [main] INFO Env - @{3 SEND 4} Message(Ask)
inp.1 << 19:07:04.488 [main] INFO Env - @{1 RCVD 3} Message(Ask)
inp.1 << 19:07:04.488 [main] INFO Env - @{1 SEND 3} Message(Share)
inp.2 << 19:07:04.488 [main] INFO Env - @{2 RCVD 3} Message(Ask)
inp.4 << 19:07:04.488 [main] INFO Env - @{4 RCVD 3} Message(Ask)
inp.2 << 19:07:04.488 [main] INFO Env - @{2 SEND 3} Message(Share)
inp.4 << 19:07:04.488 [main] INFO Env - @{4 SEND 3} Message(Share)
inp.3 << 19:07:04.488 [main] INFO Env - @{3 RCVD 1} Message(Share)
inp.3 << 19:07:04.488 [main] INFO Env - @{3 RCVD 2} Message(Share)
inp.3 << 19:07:04.488 [main] INFO Env - @{3 RCVD 4} Message(Share)
inp.3 << 19:07:04.488 [main] INFO Env - @{3 LOCKED}
out.3 >> unlock
inp.3 << 19:07:04.488 [main] INFO Env - @{3 UNLOCKED}
out.1 >> ping
out.2 >> ping
out.3 >> ping
out.4 >> ping
out.5 >> ping
inp.1 << 19:07:04.489 [main] INFO Env - @{1 PONG}
inp.2 << 19:07:04.489 [main] INFO Env - @{2 PONG}
inp.3 << 19:07:04.489 [main] INFO Env - @{3 PONG}
inp.4 << 19:07:04.489 [main] INFO Env - @{4 PONG}
inp.5 << 19:07:04.489 [main] INFO Env - @{5 PONG}
out.4 >> lock
inp.4 << 19:07:04.489 [main] INFO Env - @{4 SEND 1} Message(Ask)
inp.4 << 19:07:04.489 [main] INFO Env - @{4 SEND 2} Message(Ask)
inp.4 << 19:07:04.489 [main] INFO Env - @{4 SEND 3} Message(Ask)
inp.2 << 19:07:04.489 [main] INFO Env - @{2 RCVD 4} Message(Ask)
inp.2 << 19:07:04.489 [main] INFO Env - @{2 SEND 4} Message(Share)
inp.1 << 19:07:04.489 [main] INFO Env - @{1 RCVD 4} Message(Ask)
inp.1 << 19:07:04.489 [main] INFO Env - @{1 SEND 4} Message(Share)
inp.3 << 19:07:04.489 [main] INFO Env - @{3 RCVD 4} Message(Ask)
inp.3 << 19:07:04.489 [main] INFO Env - @{3 SEND 4} Message(Share)
inp.4 << 19:07:04.489 [main] INFO Env - @{4 RCVD 2} Message(Share)
inp.4 << 19:07:04.489 [main] INFO Env - @{4 RCVD 3} Message(Share)
inp.4 << 19:07:04.489 [main] INFO Env - @{4 RCVD 1} Message(Share)
inp.4 << 19:07:04.489 [main] INFO Env - @{4 LOCKED}
out.4 >> unlock
inp.4 << 19:07:04.489 [main] INFO Env - @{4 UNLOCKED}
out.1 >> ping
out.2 >> ping
out.3 >> ping
out.4 >> ping
out.5 >> ping
inp.1 << 19:07:04.490 [main] INFO Env - @{1 PONG}
inp.2 << 19:07:04.490 [main] INFO Env - @{2 PONG}
inp.3 << 19:07:04.490 [main] INFO Env - @{3 PONG}
inp.4 << 19:07:04.490 [main] INFO Env - @{4 PONG}
inp.5 << 19:07:04.490 [main] INFO Env - @{5 PONG}
out.5 >> lock
inp.5 << 19:07:04.490 [main] INFO Env - @{5 SEND 1} Message(Ask)
inp.5 << 19:07:04.490 [main] INFO Env - @{5 SEND 2} Message(Ask)
inp.5 << 19:07:04.490 [main] INFO Env - @{5 SEND 3} Message(Ask)
inp.5 << 19:07:04.490 [main] INFO Env - @{5 SEND 4} Message(Ask)
inp.1 << 19:07:04.490 [main] INFO Env - @{1 RCVD 5} Message(Ask)
inp.1 << 19:07:04.490 [main] INFO Env - @{1 SEND 5} Message(Share)
inp.2 << 19:07:04.490 [main] INFO Env - @{2 RCVD 5} Message(Ask)
inp.2 << 19:07:04.490 [main] INFO Env - @{2 SEND 5} Message(Share)
inp.3 << 19:07:04.490 [main] INFO Env - @{3 RCVD 5} Message(Ask)
inp.3 << 19:07:04.491 [main] INFO Env - @{3 SEND 5} Message(Share)
inp.4 << 19:07:04.490 [main] INFO Env - @{4 RCVD 5} Message(Ask)
inp.4 << 19:07:04.491 [main] INFO Env - @{4 SEND 5} Message(Share)
inp.5 << 19:07:04.491 [main] INFO Env - @{5 RCVD 1} Message(Share)
inp.5 << 19:07:04.491 [main] INFO Env - @{5 RCVD 2} Message(Share)
inp.5 << 19:07:04.491 [main] INFO Env - @{5 RCVD 3} Message(Share)
inp.5 << 19:07:04.491 [main] INFO Env - @{5 RCVD 4} Message(Share)
inp.5 << 19:07:04.491 [main] INFO Env - @{5 LOCKED}
out.5 >> unlock
inp.5 << 19:07:04.491 [main] INFO Env - @{5 UNLOCKED}
out.1 >> ping
out.2 >> ping
out.3 >> ping
out.4 >> ping
out.5 >> ping
inp.1 << 19:07:04.491 [main] INFO Env - @{1 PONG}
inp.3 << 19:07:04.491 [main] INFO Env - @{3 PONG}
inp.5 << 19:07:04.491 [main] INFO Env - @{5 PONG}
inp.4 << 19:07:04.491 [main] INFO Env - @{4 PONG}
inp.2 << 19:07:04.491 [main] INFO Env - @{2 PONG}
out.3 >> lock
out.5 >> lock
out.4 >> lock
out.2 >> lock
out.1 >> lock
inp.5 << 19:07:04.492 [main] INFO Env - @{5 LOCKED}
inp.3 << 19:07:04.492 [main] INFO Env - @{3 SEND 4} Message(Ask)
inp.3 << 19:07:04.492 [main] INFO Env - @{3 SEND 5} Message(Ask)
out.5 >> unlock
inp.2 << 19:07:04.492 [main] INFO Env - @{2 SEND 3} Message(Ask)
inp.4 << 19:07:04.492 [main] INFO Env - @{4 SEND 5} Message(Ask)
inp.2 << 19:07:04.492 [main] INFO Env - @{2 SEND 4} Message(Ask)
inp.4 << 19:07:04.492 [main] INFO Env - @{4 RCVD 3} Message(Ask)
inp.4 << 19:07:04.492 [main] INFO Env - @{4 SEND 3} Message(Share)
inp.4 << 19:07:04.492 [main] INFO Env - @{4 SEND 3} Message(Ask)
inp.2 << 19:07:04.492 [main] INFO Env - @{2 SEND 5} Message(Ask)
inp.4 << 19:07:04.492 [main] INFO Env - @{4 RCVD 2} Message(Ask)
inp.2 << 19:07:04.492 [main] INFO Env - @{2 RCVD 1} Message(Ask)
inp.4 << 19:07:04.492 [main] INFO Env - @{4 SEND 2} Message(Share)
inp.5 << 19:07:04.493 [main] INFO Env - @{5 RCVD 3} Message(Ask)
inp.5 << 19:07:04.493 [main] INFO Env - @{5 UNLOCKED}
inp.5 << 19:07:04.493 [main] INFO Env - @{5 SEND 3} Message(Share)
inp.4 << 19:07:04.493 [main] INFO Env - @{4 SEND 2} Message(Ask)
inp.5 << 19:07:04.493 [main] INFO Env - @{5 RCVD 4} Message(Ask)
inp.5 << 19:07:04.493 [main] INFO Env - @{5 SEND 4} Message(Share)
inp.5 << 19:07:04.493 [main] INFO Env - @{5 RCVD 1} Message(Ask)
inp.5 << 19:07:04.493 [main] INFO Env - @{5 SEND 1} Message(Share)
inp.5 << 19:07:04.493 [main] INFO Env - @{5 RCVD 2} Message(Ask)
inp.5 << 19:07:04.493 [main] INFO Env - @{5 SEND 2} Message(Share)
inp.2 << 19:07:04.493 [main] INFO Env - @{2 SEND 1} Message(Share)
inp.2 << 19:07:04.493 [main] INFO Env - @{2 SEND 1} Message(Ask)
inp.3 << 19:07:04.493 [main] INFO Env - @{3 RCVD 2} Message(Ask)
inp.3 << 19:07:04.493 [main] INFO Env - @{3 SEND 2} Message(Share)
inp.2 << 19:07:04.493 [main] INFO Env - @{2 RCVD 4} Message(Share)
inp.2 << 19:07:04.493 [main] INFO Env - @{2 RCVD 4} Message(Ask)
inp.3 << 19:07:04.493 [main] INFO Env - @{3 SEND 2} Message(Ask)
inp.3 << 19:07:04.493 [main] INFO Env - @{3 RCVD 1} Message(Ask)
inp.3 << 19:07:04.493 [main] INFO Env - @{3 SEND 1} Message(Share)
inp.3 << 19:07:04.493 [main] INFO Env - @{3 SEND 1} Message(Ask)
inp.2 << 19:07:04.493 [main] INFO Env - @{2 RCVD 5} Message(Share)
inp.3 << 19:07:04.493 [main] INFO Env - @{3 RCVD 4} Message(Share)
inp.2 << 19:07:04.493 [main] INFO Env - @{2 RCVD 3} Message(Share)
inp.2 << 19:07:04.493 [main] INFO Env - @{2 RCVD 3} Message(Ask)
inp.4 << 19:07:04.493 [main] INFO Env - @{4 RCVD 1} Message(Ask)
inp.4 << 19:07:04.493 [main] INFO Env - @{4 SEND 1} Message(Share)
inp.4 << 19:07:04.493 [main] INFO Env - @{4 SEND 1} Message(Ask)
inp.3 << 19:07:04.493 [main] INFO Env - @{3 RCVD 4} Message(Ask)
inp.4 << 19:07:04.493 [main] INFO Env - @{4 RCVD 5} Message(Share)
inp.3 << 19:07:04.493 [main] INFO Env - @{3 RCVD 5} Message(Share)
inp.1 << 19:07:04.492 [main] INFO Env - @{1 SEND 2} Message(Ask)
inp.1 << 19:07:04.492 [main] INFO Env - @{1 SEND 3} Message(Ask)
inp.1 << 19:07:04.492 [main] INFO Env - @{1 SEND 4} Message(Ask)
inp.1 << 19:07:04.492 [main] INFO Env - @{1 SEND 5} Message(Ask)
inp.1 << 19:07:04.493 [main] INFO Env - @{1 RCVD 5} Message(Share)
inp.1 << 19:07:04.493 [main] INFO Env - @{1 RCVD 2} Message(Share)
inp.1 << 19:07:04.493 [main] INFO Env - @{1 RCVD 2} Message(Ask)
inp.1 << 19:07:04.493 [main] INFO Env - @{1 RCVD 4} Message(Share)
inp.1 << 19:07:04.493 [main] INFO Env - @{1 RCVD 4} Message(Ask)
inp.1 << 19:07:04.493 [main] INFO Env - @{1 RCVD 3} Message(Share)
inp.1 << 19:07:04.493 [main] INFO Env - @{1 LOCKED}
inp.1 << 19:07:04.493 [main] INFO Env - @{1 RCVD 3} Message(Ask)
out.1 >> unlock
inp.1 << 19:07:04.494 [main] INFO Env - @{1 UNLOCKED}
inp.1 << 19:07:04.494 [main] INFO Env - @{1 SEND 2} Message(Share)
inp.1 << 19:07:04.494 [main] INFO Env - @{1 SEND 3} Message(Share)
inp.1 << 19:07:04.494 [main] INFO Env - @{1 SEND 4} Message(Share)
inp.2 << 19:07:04.494 [main] INFO Env - @{2 RCVD 1} Message(Share)
inp.2 << 19:07:04.494 [main] INFO Env - @{2 LOCKED}
inp.3 << 19:07:04.494 [main] INFO Env - @{3 RCVD 1} Message(Share)
inp.4 << 19:07:04.494 [main] INFO Env - @{4 RCVD 1} Message(Share)
out.2 >> unlock
inp.2 << 19:07:04.494 [main] INFO Env - @{2 UNLOCKED}
inp.2 << 19:07:04.494 [main] INFO Env - @{2 SEND 3} Message(Share)
inp.2 << 19:07:04.494 [main] INFO Env - @{2 SEND 4} Message(Share)
inp.3 << 19:07:04.495 [main] INFO Env - @{3 RCVD 2} Message(Share)
inp.3 << 19:07:04.495 [main] INFO Env - @{3 LOCKED}
out.3 >> unlock
inp.4 << 19:07:04.495 [main] INFO Env - @{4 RCVD 2} Message(Share)
inp.3 << 19:07:04.495 [main] INFO Env - @{3 UNLOCKED}
inp.3 << 19:07:04.495 [main] INFO Env - @{3 SEND 4} Message(Share)
inp.4 << 19:07:04.495 [main] INFO Env - @{4 RCVD 3} Message(Share)
inp.4 << 19:07:04.495 [main] INFO Env - @{4 LOCKED}
out.4 >> unlock
inp.4 << 19:07:04.495 [main] INFO Env - @{4 UNLOCKED}
out.1 >> ping
out.2 >> ping
out.3 >> ping
out.4 >> ping
out.5 >> ping
inp.1 << 19:07:04.495 [main] INFO Env - @{1 PONG}
inp.2 << 19:07:04.496 [main] INFO Env - @{2 PONG}
inp.3 << 19:07:04.496 [main] INFO Env - @{3 PONG}
inp.4 << 19:07:04.496 [main] INFO Env - @{4 PONG}
inp.5 << 19:07:04.496 [main] INFO Env - @{5 PONG}
out.4 >> lock
inp.4 << 19:07:04.496 [main] INFO Env - @{4 LOCKED}
out.4 >> unlock
inp.4 << 19:07:04.496 [main] INFO Env - @{4 UNLOCKED}
out.1 >> ping
out.2 >> ping
out.3 >> ping
out.4 >> ping
out.5 >> ping
inp.1 << 19:07:04.496 [main] INFO Env - @{1 PONG}
inp.2 << 19:07:04.496 [main] INFO Env - @{2 PONG}
inp.3 << 19:07:04.497 [main] INFO Env - @{3 PONG}
inp.4 << 19:07:04.497 [main] INFO Env - @{4 PONG}
inp.5 << 19:07:04.497 [main] INFO Env - @{5 PONG}
out.4 >> lock
inp.4 << 19:07:04.497 [main] INFO Env - @{4 LOCKED}
out.4 >> unlock
inp.4 << 19:07:04.497 [main] INFO Env - @{4 UNLOCKED}
out.1 >> ping
out.2 >> ping
out.3 >> ping
out.4 >> ping
out.5 >> ping
inp.1 << 19:07:04.497 [main] INFO Env - @{1 PONG}
inp.2 << 19:07:04.497 [main] INFO Env - @{2 PONG}
inp.3 << 19:07:04.497 [main] INFO Env - @{3 PONG}
inp.4 << 19:07:04.497 [main] INFO Env - @{4 PONG}
inp.5 << 19:07:04.497 [main] INFO Env - @{5 PONG}
out.4 >> lock
inp.4 << 19:07:04.498 [main] INFO Env - @{4 LOCKED}
out.4 >> unlock
inp.4 << 19:07:04.498 [main] INFO Env - @{4 UNLOCKED}
out.1 >> ping
out.2 >> ping
out.3 >> ping
out.4 >> ping
out.5 >> ping
inp.1 << 19:07:04.498 [main] INFO Env - @{1 PONG}
inp.2 << 19:07:04.498 [main] INFO Env - @{2 PONG}
inp.3 << 19:07:04.498 [main] INFO Env - @{3 PONG}
inp.4 << 19:07:04.498 [main] INFO Env - @{4 PONG}
inp.5 << 19:07:04.498 [main] INFO Env - @{5 PONG}
out.4 >> lock
out.3 >> lock
inp.4 << 19:07:04.498 [main] INFO Env - @{4 LOCKED}
inp.3 << 19:07:04.499 [main] INFO Env - @{3 SEND 4} Message(Ask)
inp.4 << 19:07:04.499 [main] INFO Env - @{4 RCVD 3} Message(Ask)
out.4 >> unlock
inp.4 << 19:07:04.499 [main] INFO Env - @{4 UNLOCKED}
inp.4 << 19:07:04.499 [main] INFO Env - @{4 SEND 3} Message(Share)
inp.3 << 19:07:04.499 [main] INFO Env - @{3 RCVD 4} Message(Share)
inp.3 << 19:07:04.499 [main] INFO Env - @{3 LOCKED}
out.3 >> unlock
inp.3 << 19:07:04.499 [main] INFO Env - @{3 UNLOCKED}
out.1 >> ping
out.2 >> ping
out.3 >> ping
out.4 >> ping
out.5 >> ping
inp.3 << 19:07:04.499 [main] INFO Env - @{3 PONG}
inp.1 << 19:07:04.499 [main] INFO Env - @{1 PONG}
inp.4 << 19:07:04.499 [main] INFO Env - @{4 PONG}
inp.2 << 19:07:04.499 [main] INFO Env - @{2 PONG}
inp.5 << 19:07:04.499 [main] INFO Env - @{5 PONG}
out.4 >> lock
out.3 >> lock
inp.4 << 19:07:04.500 [main] INFO Env - @{4 SEND 3} Message(Ask)
inp.3 << 19:07:04.500 [main] INFO Env - @{3 LOCKED}
out.3 >> unlock
inp.3 << 19:07:04.500 [main] INFO Env - @{3 RCVD 4} Message(Ask)
inp.3 << 19:07:04.500 [main] INFO Env - @{3 UNLOCKED}
inp.3 << 19:07:04.500 [main] INFO Env - @{3 SEND 4} Message(Share)
inp.4 << 19:07:04.500 [main] INFO Env - @{4 RCVD 3} Message(Share)
inp.4 << 19:07:04.500 [main] INFO Env - @{4 LOCKED}
out.4 >> unlock
inp.4 << 19:07:04.500 [main] INFO Env - @{4 UNLOCKED}
out.1 >> ping
out.2 >> ping
out.3 >> ping
out.4 >> ping
out.5 >> ping
inp.1 << 19:07:04.500 [main] INFO Env - @{1 PONG}
inp.2 << 19:07:04.500 [main] INFO Env - @{2 PONG}
inp.3 << 19:07:04.500 [main] INFO Env - @{3 PONG}
inp.4 << 19:07:04.500 [main] INFO Env - @{4 PONG}
inp.5 << 19:07:04.501 [main] INFO Env - @{5 PONG}
out.4 >> lock
out.3 >> lock
inp.4 << 19:07:04.501 [main] INFO Env - @{4 LOCKED}
inp.3 << 19:07:04.501 [main] INFO Env - @{3 SEND 4} Message(Ask)
out.4 >> unlock
inp.4 << 19:07:04.501 [main] INFO Env - @{4 RCVD 3} Message(Ask)
inp.4 << 19:07:04.501 [main] INFO Env - @{4 UNLOCKED}
inp.4 << 19:07:04.501 [main] INFO Env - @{4 SEND 3} Message(Share)
inp.3 << 19:07:04.501 [main] INFO Env - @{3 RCVD 4} Message(Share)
inp.3 << 19:07:04.501 [main] INFO Env - @{3 LOCKED}
out.3 >> unlock
inp.3 << 19:07:04.501 [main] INFO Env - @{3 UNLOCKED}
out.1 >> ping
out.2 >> ping
out.3 >> ping
out.4 >> ping
out.5 >> ping
inp.3 << 19:07:04.501 [main] INFO Env - @{3 PONG}
inp.1 << 19:07:04.501 [main] INFO Env - @{1 PONG}
inp.4 << 19:07:04.501 [main] INFO Env - @{4 PONG}
inp.2 << 19:07:04.501 [main] INFO Env - @{2 PONG}
inp.5 << 19:07:04.502 [main] INFO Env - @{5 PONG}
out.1 >> ping
out.2 >> ping
out.3 >> ping
out.4 >> ping
out.5 >> ping
inp.1 << 19:07:04.502 [main] INFO Env - @{1 PONG}
inp.2 << 19:07:04.502 [main] INFO Env - @{2 PONG}
inp.3 << 19:07:04.502 [main] INFO Env - @{3 PONG}
inp.4 << 19:07:04.502 [main] INFO Env - @{4 PONG}
inp.5 << 19:07:04.502 [main] INFO Env - @{5 PONG}
out.1 >> lock
inp.1 << 19:07:04.502 [main] INFO Env - @{1 SEND 2} Message(Ask)
inp.1 << 19:07:04.502 [main] INFO Env - @{1 SEND 3} Message(Ask)
inp.1 << 19:07:04.502 [main] INFO Env - @{1 SEND 4} Message(Ask)
inp.2 << 19:07:04.502 [main] INFO Env - @{2 RCVD 1} Message(Ask)
inp.2 << 19:07:04.502 [main] INFO Env - @{2 SEND 1} Message(Share)
inp.3 << 19:07:04.502 [main] INFO Env - @{3 RCVD 1} Message(Ask)
inp.3 << 19:07:04.503 [main] INFO Env - @{3 SEND 1} Message(Share)
inp.1 << 19:07:04.503 [main] INFO Env - @{1 RCVD 2} Message(Share)
inp.1 << 19:07:04.503 [main] INFO Env - @{1 RCVD 3} Message(Share)
inp.4 << 19:07:04.503 [main] INFO Env - @{4 RCVD 1} Message(Ask)
inp.4 << 19:07:04.503 [main] INFO Env - @{4 SEND 1} Message(Share)
inp.1 << 19:07:04.503 [main] INFO Env - @{1 RCVD 4} Message(Share)
inp.1 << 19:07:04.503 [main] INFO Env - @{1 LOCKED}
out.1 >> unlock
inp.1 << 19:07:04.503 [main] INFO Env - @{1 UNLOCKED}
out.1 >> ping
out.2 >> ping
out.3 >> ping
out.4 >> ping
out.5 >> ping
inp.1 << 19:07:04.503 [main] INFO Env - @{1 PONG}
inp.3 << 19:07:04.503 [main] INFO Env - @{3 PONG}
inp.2 << 19:07:04.503 [main] INFO Env - @{2 PONG}
inp.5 << 19:07:04.504 [main] INFO Env - @{5 PONG}
inp.4 << 19:07:04.504 [main] INFO Env - @{4 PONG}
out.2 >> lock
inp.2 << 19:07:04.504 [main] INFO Env - @{2 SEND 1} Message(Ask)
inp.2 << 19:07:04.504 [main] INFO Env - @{2 SEND 3} Message(Ask)
inp.2 << 19:07:04.504 [main] INFO Env - @{2 SEND 4} Message(Ask)
inp.1 << 19:07:04.504 [main] INFO Env - @{1 RCVD 2} Message(Ask)
inp.1 << 19:07:04.504 [main] INFO Env - @{1 SEND 2} Message(Share)
inp.4 << 19:07:04.504 [main] INFO Env - @{4 RCVD 2} Message(Ask)
inp.3 << 19:07:04.504 [main] INFO Env - @{3 RCVD 2} Message(Ask)
inp.4 << 19:07:04.504 [main] INFO Env - @{4 SEND 2} Message(Share)
inp.2 << 19:07:04.504 [main] INFO Env - @{2 RCVD 1} Message(Share)
inp.3 << 19:07:04.504 [main] INFO Env - @{3 SEND 2} Message(Share)
inp.2 << 19:07:04.504 [main] INFO Env - @{2 RCVD 4} Message(Share)
inp.2 << 19:07:04.504 [main] INFO Env - @{2 RCVD 3} Message(Share)
inp.2 << 19:07:04.504 [main] INFO Env - @{2 LOCKED}
out.2 >> unlock
inp.2 << 19:07:04.505 [main] INFO Env - @{2 UNLOCKED}
out.1 >> ping
out.2 >> ping
out.3 >> ping
out.4 >> ping
out.5 >> ping
inp.2 << 19:07:04.505 [main] INFO Env - @{2 PONG}
inp.3 << 19:07:04.505 [main] INFO Env - @{3 PONG}
inp.4 << 19:07:04.505 [main] INFO Env - @{4 PONG}
inp.1 << 19:07:04.505 [main] INFO Env - @{1 PONG}
inp.5 << 19:07:04.505 [main] INFO Env - @{5 PONG}
out.3 >> lock
inp.3 << 19:07:04.505 [main] INFO Env - @{3 SEND 1} Message(Ask)
inp.3 << 19:07:04.505 [main] INFO Env - @{3 SEND 2} Message(Ask)
inp.1 << 19:07:04.505 [main] INFO Env - @{1 RCVD 3} Message(Ask)
inp.1 << 19:07:04.505 [main] INFO Env - @{1 SEND 3} Message(Share)
inp.2 << 19:07:04.505 [main] INFO Env - @{2 RCVD 3} Message(Ask)
inp.2 << 19:07:04.505 [main] INFO Env - @{2 SEND 3} Message(Share)
inp.3 << 19:07:04.505 [main] INFO Env - @{3 RCVD 1} Message(Share)
inp.3 << 19:07:04.505 [main] INFO Env - @{3 RCVD 2} Message(Share)
inp.3 << 19:07:04.506 [main] INFO Env - @{3 LOCKED}
out.3 >> unlock
inp.3 << 19:07:04.506 [main] INFO Env - @{3 UNLOCKED}
out.1 >> ping
out.2 >> ping
out.3 >> ping
out.4 >> ping
out.5 >> ping
inp.1 << 19:07:04.506 [main] INFO Env - @{1 PONG}
inp.2 << 19:07:04.506 [main] INFO Env - @{2 PONG}
inp.3 << 19:07:04.506 [main] INFO Env - @{3 PONG}
inp.4 << 19:07:04.506 [main] INFO Env - @{4 PONG}
inp.5 << 19:07:04.506 [main] INFO Env - @{5 PONG}
out.4 >> lock
inp.4 << 19:07:04.506 [main] INFO Env - @{4 SEND 1} Message(Ask)
inp.4 << 19:07:04.506 [main] INFO Env - @{4 SEND 2} Message(Ask)
inp.4 << 19:07:04.506 [main] INFO Env - @{4 SEND 3} Message(Ask)
inp.1 << 19:07:04.506 [main] INFO Env - @{1 RCVD 4} Message(Ask)
inp.2 << 19:07:04.506 [main] INFO Env - @{2 RCVD 4} Message(Ask)
inp.2 << 19:07:04.507 [main] INFO Env - @{2 SEND 4} Message(Share)
inp.1 << 19:07:04.507 [main] INFO Env - @{1 SEND 4} Message(Share)
inp.4 << 19:07:04.507 [main] INFO Env - @{4 RCVD 2} Message(Share)
inp.3 << 19:07:04.507 [main] INFO Env - @{3 RCVD 4} Message(Ask)
inp.3 << 19:07:04.507 [main] INFO Env - @{3 SEND 4} Message(Share)
inp.4 << 19:07:04.507 [main] INFO Env - @{4 RCVD 1} Message(Share)
inp.4 << 19:07:04.507 [main] INFO Env - @{4 RCVD 3} Message(Share)
inp.4 << 19:07:04.507 [main] INFO Env - @{4 LOCKED}
out.4 >> unlock
inp.4 << 19:07:04.507 [main] INFO Env - @{4 UNLOCKED}
out.1 >> ping
out.2 >> ping
out.3 >> ping
out.4 >> ping
out.5 >> ping
inp.1 << 19:07:04.507 [main] INFO Env - @{1 PONG}
inp.3 << 19:07:04.507 [main] INFO Env - @{3 PONG}
inp.4 << 19:07:04.507 [main] INFO Env - @{4 PONG}
inp.5 << 19:07:04.507 [main] INFO Env - @{5 PONG}
inp.2 << 19:07:04.507 [main] INFO Env - @{2 PONG}
out.5 >> lock
inp.5 << 19:07:04.508 [main] INFO Env - @{5 SEND 1} Message(Ask)
inp.5 << 19:07:04.508 [main] INFO Env - @{5 SEND 2} Message(Ask)
inp.5 << 19:07:04.508 [main] INFO Env - @{5 SEND 3} Message(Ask)
inp.1 << 19:07:04.508 [main] INFO Env - @{1 RCVD 5} Message(Ask)
inp.1 << 19:07:04.508 [main] INFO Env - @{1 SEND 5} Message(Share)
inp.5 << 19:07:04.508 [main] INFO Env - @{5 SEND 4} Message(Ask)
inp.5 << 19:07:04.508 [main] INFO Env - @{5 RCVD 1} Message(Share)
inp.4 << 19:07:04.508 [main] INFO Env - @{4 RCVD 5} Message(Ask)
inp.4 << 19:07:04.508 [main] INFO Env - @{4 SEND 5} Message(Share)
inp.3 << 19:07:04.508 [main] INFO Env - @{3 RCVD 5} Message(Ask)
inp.2 << 19:07:04.508 [main] INFO Env - @{2 RCVD 5} Message(Ask)
inp.2 << 19:07:04.508 [main] INFO Env - @{2 SEND 5} Message(Share)
inp.5 << 19:07:04.509 [main] INFO Env - @{5 RCVD 2} Message(Share)
inp.5 << 19:07:04.509 [main] INFO Env - @{5 RCVD 4} Message(Share)
inp.3 << 19:07:04.509 [main] INFO Env - @{3 SEND 5} Message(Share)
inp.5 << 19:07:04.509 [main] INFO Env - @{5 RCVD 3} Message(Share)
inp.5 << 19:07:04.509 [main] INFO Env - @{5 LOCKED}
out.5 >> unlock
inp.5 << 19:07:04.509 [main] INFO Env - @{5 UNLOCKED}
out.1 >> ping
out.2 >> ping
out.3 >> ping
out.4 >> ping
out.5 >> ping
inp.3 << 19:07:04.509 [main] INFO Env - @{3 PONG}
inp.2 << 19:07:04.509 [main] INFO Env - @{2 PONG}
inp.1 << 19:07:04.509 [main] INFO Env - @{1 PONG}
inp.5 << 19:07:04.509 [main] INFO Env - @{5 PONG}
inp.4 << 19:07:04.509 [main] INFO Env - @{4 PONG}
out.2 >> lock
out.3 >> lock
out.5 >> lock
out.1 >> lock
out.4 >> lock
inp.5 << 19:07:04.510 [main] INFO Env - @{5 LOCKED}
inp.2 << 19:07:04.510 [main] INFO Env - @{2 SEND 3} Message(Ask)
inp.2 << 19:07:04.510 [main] INFO Env - @{2 SEND 4} Message(Ask)
inp.3 << 19:07:04.510 [main] INFO Env - @{3 SEND 4} Message(Ask)
inp.2 << 19:07:04.510 [main] INFO Env - @{2 SEND 5} Message(Ask)
inp.3 << 19:07:04.510 [main] INFO Env - @{3 SEND 5} Message(Ask)
inp.3 << 19:07:04.510 [main] INFO Env - @{3 RCVD 2} Message(Ask)
inp.3 << 19:07:04.510 [main] INFO Env - @{3 SEND 2} Message(Share)
inp.3 << 19:07:04.510 [main] INFO Env - @{3 SEND 2} Message(Ask)
inp.2 << 19:07:04.510 [main] INFO Env - @{2 RCVD 3} Message(Share)
inp.2 << 19:07:04.510 [main] INFO Env - @{2 RCVD 3} Message(Ask)
inp.4 << 19:07:04.510 [main] INFO Env - @{4 SEND 5} Message(Ask)
inp.4 << 19:07:04.510 [main] INFO Env - @{4 RCVD 2} Message(Ask)
inp.4 << 19:07:04.510 [main] INFO Env - @{4 SEND 2} Message(Share)
inp.4 << 19:07:04.510 [main] INFO Env - @{4 SEND 2} Message(Ask)
inp.1 << 19:07:04.510 [main] INFO Env - @{1 SEND 2} Message(Ask)
inp.4 << 19:07:04.510 [main] INFO Env - @{4 RCVD 3} Message(Ask)
inp.4 << 19:07:04.510 [main] INFO Env - @{4 SEND 3} Message(Share)
inp.4 << 19:07:04.510 [main] INFO Env - @{4 SEND 3} Message(Ask)
out.5 >> unlock
inp.1 << 19:07:04.510 [main] INFO Env - @{1 SEND 3} Message(Ask)
inp.1 << 19:07:04.510 [main] INFO Env - @{1 SEND 4} Message(Ask)
inp.1 << 19:07:04.511 [main] INFO Env - @{1 SEND 5} Message(Ask)
inp.2 << 19:07:04.511 [main] INFO Env - @{2 RCVD 4} Message(Share)
inp.5 << 19:07:04.511 [main] INFO Env - @{5 RCVD 3} Message(Ask)
inp.2 << 19:07:04.511 [main] INFO Env - @{2 RCVD 4} Message(Ask)
inp.3 << 19:07:04.511 [main] INFO Env - @{3 RCVD 4} Message(Share)
inp.3 << 19:07:04.511 [main] INFO Env - @{3 RCVD 4} Message(Ask)
inp.5 << 19:07:04.511 [main] INFO Env - @{5 RCVD 2} Message(Ask)
inp.3 << 19:07:04.511 [main] INFO Env - @{3 RCVD 1} Message(Ask)
inp.3 << 19:07:04.511 [main] INFO Env - @{3 SEND 1} Message(Share)
inp.2 << 19:07:04.511 [main] INFO Env - @{2 RCVD 1} Message(Ask)
inp.3 << 19:07:04.511 [main] INFO Env - @{3 SEND 1} Message(Ask)
inp.2 << 19:07:04.511 [main] INFO Env - @{2 SEND 1} Message(Share)
inp.5 << 19:07:04.511 [main] INFO Env - @{5 RCVD 4} Message(Ask)
inp.5 << 19:07:04.511 [main] INFO Env - @{5 UNLOCKED}
inp.2 << 19:07:04.511 [main] INFO Env - @{2 SEND 1} Message(Ask)
inp.5 << 19:07:04.511 [main] INFO Env - @{5 SEND 2} Message(Share)
inp.4 << 19:07:04.511 [main] INFO Env - @{4 RCVD 1} Message(Ask)
inp.4 << 19:07:04.511 [main] INFO Env - @{4 SEND 1} Message(Share)
inp.4 << 19:07:04.511 [main] INFO Env - @{4 SEND 1} Message(Ask)
inp.5 << 19:07:04.511 [main] INFO Env - @{5 SEND 3} Message(Share)
inp.5 << 19:07:04.511 [main] INFO Env - @{5 SEND 4} Message(Share)
inp.5 << 19:07:04.511 [main] INFO Env - @{5 RCVD 1} Message(Ask)
inp.1 << 19:07:04.511 [main] INFO Env - @{1 RCVD 2} Message(Share)
inp.5 << 19:07:04.511 [main] INFO Env - @{5 SEND 1} Message(Share)
inp.2 << 19:07:04.511 [main] INFO Env - @{2 RCVD 5} Message(Share)
inp.1 << 19:07:04.511 [main] INFO Env - @{1 RCVD 3} Message(Share)
inp.1 << 19:07:04.511 [main] INFO Env - @{1 RCVD 3} Message(Ask)
inp.3 << 19:07:04.511 [main] INFO Env - @{3 RCVD 5} Message(Share)
inp.4 << 19:07:04.511 [main] INFO Env - @{4 RCVD 5} Message(Share)
inp.1 << 19:07:04.511 [main] INFO Env - @{1 RCVD 2} Message(Ask)
inp.1 << 19:07:04.511 [main] INFO Env - @{1 RCVD 4} Message(Share)
inp.1 << 19:07:04.511 [main] INFO Env - @{1 RCVD 4} Message(Ask)
inp.1 << 19:07:04.511 [main] INFO Env - @{1 RCVD 5} Message(Share)
inp.1 << 19:07:04.511 [main] INFO Env - @{1 LOCKED}
out.1 >> unlock
inp.1 << 19:07:04.512 [main] INFO Env - @{1 UNLOCKED}
inp.1 << 19:07:04.512 [main] INFO Env - @{1 SEND 2} Message(Share)
inp.1 << 19:07:04.512 [main] INFO Env - @{1 SEND 3} Message(Share)
inp.1 << 19:07:04.512 [main] INFO Env - @{1 SEND 4} Message(Share)
inp.2 << 19:07:04.512 [main] INFO Env - @{2 RCVD 1} Message(Share)
inp.3 << 19:07:04.512 [main] INFO Env - @{3 RCVD 1} Message(Share)
inp.2 << 19:07:04.512 [main] INFO Env - @{2 LOCKED}
out.2 >> unlock
inp.4 << 19:07:04.512 [main] INFO Env - @{4 RCVD 1} Message(Share)
inp.2 << 19:07:04.512 [main] INFO Env - @{2 UNLOCKED}
inp.2 << 19:07:04.512 [main] INFO Env - @{2 SEND 3} Message(Share)
inp.2 << 19:07:04.512 [main] INFO Env - @{2 SEND 4} Message(Share)
inp.3 << 19:07:04.512 [main] INFO Env - @{3 RCVD 2} Message(Share)
inp.3 << 19:07:04.512 [main] INFO Env - @{3 LOCKED}
out.3 >> unlock
inp.4 << 19:07:04.512 [main] INFO Env - @{4 RCVD 2} Message(Share)
inp.3 << 19:07:04.512 [main] INFO Env - @{3 UNLOCKED}
inp.3 << 19:07:04.512 [main] INFO Env - @{3 SEND 4} Message(Share)
inp.4 << 19:07:04.512 [main] INFO Env - @{4 RCVD 3} Message(Share)
inp.4 << 19:07:04.512 [main] INFO Env - @{4 LOCKED}
out.4 >> unlock
inp.4 << 19:07:04.512 [main] INFO Env - @{4 UNLOCKED}
out.1 >> ping
out.2 >> ping
out.3 >> ping
out.4 >> ping
out.5 >> ping
inp.1 << 19:07:04.513 [main] INFO Env - @{1 PONG}
inp.2 << 19:07:04.513 [main] INFO Env - @{2 PONG}
inp.3 << 19:07:04.513 [main] INFO Env - @{3 PONG}
inp.4 << 19:07:04.513 [main] INFO Env - @{4 PONG}
inp.5 << 19:07:04.513 [main] INFO Env - @{5 PONG}
out.4 >> lock
inp.4 << 19:07:04.513 [main] INFO Env - @{4 LOCKED}
out.4 >> unlock
inp.4 << 19:07:04.513 [main] INFO Env - @{4 UNLOCKED}
out.1 >> ping
out.2 >> ping
out.3 >> ping
out.4 >> ping
out.5 >> ping
inp.1 << 19:07:04.513 [main] INFO Env - @{1 PONG}
inp.2 << 19:07:04.513 [main] INFO Env - @{2 PONG}
inp.3 << 19:07:04.513 [main] INFO Env - @{3 PONG}
inp.4 << 19:07:04.513 [main] INFO Env - @{4 PONG}
inp.5 << 19:07:04.513 [main] INFO Env - @{5 PONG}
out.4 >> lock
inp.4 << 19:07:04.514 [main] INFO Env - @{4 LOCKED}
out.4 >> unlock
inp.4 << 19:07:04.514 [main] INFO Env - @{4 UNLOCKED}
out.1 >> ping
out.2 >> ping
out.3 >> ping
out.4 >> ping
out.5 >> ping
inp.1 << 19:07:04.514 [main] INFO Env - @{1 PONG}
inp.2 << 19:07:04.514 [main] INFO Env - @{2 PONG}
inp.4 << 19:07:04.514 [main] INFO Env - @{4 PONG}
inp.3 << 19:07:04.514 [main] INFO Env - @{3 PONG}
inp.5 << 19:07:04.514 [main] INFO Env - @{5 PONG}
out.4 >> lock
inp.4 << 19:07:04.514 [main] INFO Env - @{4 LOCKED}
out.4 >> unlock
inp.4 << 19:07:04.515 [main] INFO Env - @{4 UNLOCKED}
out.1 >> ping
out.2 >> ping
out.3 >> ping
out.4 >> ping
out.5 >> ping
inp.2 << 19:07:04.515 [main] INFO Env - @{2 PONG}
inp.1 << 19:07:04.515 [main] INFO Env - @{1 PONG}
inp.3 << 19:07:04.515 [main] INFO Env - @{3 PONG}
inp.4 << 19:07:04.515 [main] INFO Env - @{4 PONG}
inp.5 << 19:07:04.515 [main] INFO Env - @{5 PONG}
out.4 >> lock
out.3 >> lock
inp.4 << 19:07:04.515 [main] INFO Env - @{4 LOCKED}
out.4 >> unlock
inp.3 << 19:07:04.515 [main] INFO Env - @{3 SEND 4} Message(Ask)
inp.4 << 19:07:04.516 [main] INFO Env - @{4 UNLOCKED}
inp.4 << 19:07:04.516 [main] INFO Env - @{4 RCVD 3} Message(Ask)
inp.4 << 19:07:04.516 [main] INFO Env - @{4 SEND 3} Message(Share)
inp.3 << 19:07:04.516 [main] INFO Env - @{3 RCVD 4} Message(Share)
inp.3 << 19:07:04.516 [main] INFO Env - @{3 LOCKED}
out.3 >> unlock
inp.3 << 19:07:04.516 [main] INFO Env - @{3 UNLOCKED}
out.1 >> ping
out.2 >> ping
out.3 >> ping
out.4 >> ping
out.5 >> ping
inp.3 << 19:07:04.516 [main] INFO Env - @{3 PONG}
inp.4 << 19:07:04.516 [main] INFO Env - @{4 PONG}
inp.1 << 19:07:04.516 [main] INFO Env - @{1 PONG}
inp.2 << 19:07:04.516 [main] INFO Env - @{2 PONG}
inp.5 << 19:07:04.516 [main] INFO Env - @{5 PONG}
out.4 >> lock
out.3 >> lock
inp.3 << 19:07:04.517 [main] INFO Env - @{3 LOCKED}
inp.4 << 19:07:04.517 [main] INFO Env - @{4 SEND 3} Message(Ask)
out.3 >> unlock
inp.3 << 19:07:04.517 [main] INFO Env - @{3 RCVD 4} Message(Ask)
inp.3 << 19:07:04.517 [main] INFO Env - @{3 UNLOCKED}
inp.3 << 19:07:04.517 [main] INFO Env - @{3 SEND 4} Message(Share)
inp.4 << 19:07:04.517 [main] INFO Env - @{4 RCVD 3} Message(Share)
inp.4 << 19:07:04.517 [main] INFO Env - @{4 LOCKED}
out.4 >> unlock
inp.4 << 19:07:04.517 [main] INFO Env - @{4 UNLOCKED}
out.1 >> ping
out.2 >> ping
out.3 >> ping
out.4 >> ping
out.5 >> ping
inp.1 << 19:07:04.517 [main] INFO Env - @{1 PONG}
inp.2 << 19:07:04.518 [main] INFO Env - @{2 PONG}
inp.3 << 19:07:04.518 [main] INFO Env - @{3 PONG}
inp.4 << 19:07:04.518 [main] INFO Env - @{4 PONG}
inp.5 << 19:07:04.518 [main] INFO Env - @{5 PONG}
out.4 >> lock
out.3 >> lock
inp.4 << 19:07:04.518 [main] INFO Env - @{4 LOCKED}
inp.3 << 19:07:04.518 [main] INFO Env - @{3 SEND 4} Message(Ask)
out.4 >> unlock
inp.4 << 19:07:04.518 [main] INFO Env - @{4 RCVD 3} Message(Ask)
inp.4 << 19:07:04.518 [main] INFO Env - @{4 UNLOCKED}
inp.4 << 19:07:04.518 [main] INFO Env - @{4 SEND 3} Message(Share)
inp.3 << 19:07:04.518 [main] INFO Env - @{3 RCVD 4} Message(Share)
inp.3 << 19:07:04.518 [main] INFO Env - @{3 LOCKED}
out.3 >> unlock
inp.3 << 19:07:04.518 [main] INFO Env - @{3 UNLOCKED}
out.1 >> ping
out.2 >> ping
out.3 >> ping
out.4 >> ping
out.5 >> ping
inp.3 << 19:07:04.518 [main] INFO Env - @{3 PONG}
inp.1 << 19:07:04.518 [main] INFO Env - @{1 PONG}
inp.2 << 19:07:04.519 [main] INFO Env - @{2 PONG}
inp.4 << 19:07:04.519 [main] INFO Env - @{4 PONG}
inp.5 << 19:07:04.519 [main] INFO Env - @{5 PONG}
out.1 >> ping
out.2 >> ping
out.3 >> ping
out.4 >> ping
out.5 >> ping
inp.1 << 19:07:04.519 [main] INFO Env - @{1 PONG}
inp.2 << 19:07:04.519 [main] INFO Env - @{2 PONG}
inp.3 << 19:07:04.519 [main] INFO Env - @{3 PONG}
inp.4 << 19:07:04.519 [main] INFO Env - @{4 PONG}
inp.5 << 19:07:04.519 [main] INFO Env - @{5 PONG}
out.1 >> lock
inp.1 << 19:07:04.519 [main] INFO Env - @{1 SEND 2} Message(Ask)
inp.1 << 19:07:04.519 [main] INFO Env - @{1 SEND 3} Message(Ask)
inp.1 << 19:07:04.519 [main] INFO Env - @{1 SEND 4} Message(Ask)
inp.2 << 19:07:04.519 [main] INFO Env - @{2 RCVD 1} Message(Ask)
inp.2 << 19:07:04.519 [main] INFO Env - @{2 SEND 1} Message(Share)
inp.3 << 19:07:04.519 [main] INFO Env - @{3 RCVD 1} Message(Ask)
inp.3 << 19:07:04.519 [main] INFO Env - @{3 SEND 1} Message(Share)
inp.1 << 19:07:04.520 [main] INFO Env - @{1 RCVD 2} Message(Share)
inp.1 << 19:07:04.520 [main] INFO Env - @{1 RCVD 3} Message(Share)
inp.4 << 19:07:04.520 [main] INFO Env - @{4 RCVD 1} Message(Ask)
inp.4 << 19:07:04.520 [main] INFO Env - @{4 SEND 1} Message(Share)
inp.1 << 19:07:04.520 [main] INFO Env - @{1 RCVD 4} Message(Share)
inp.1 << 19:07:04.520 [main] INFO Env - @{1 LOCKED}
out.1 >> unlock
inp.1 << 19:07:04.520 [main] INFO Env - @{1 UNLOCKED}
out.1 >> ping
out.2 >> ping
out.3 >> ping
out.4 >> ping
out.5 >> ping
inp.1 << 19:07:04.520 [main] INFO Env - @{1 PONG}
inp.2 << 19:07:04.520 [main] INFO Env - @{2 PONG}
inp.3 << 19:07:04.520 [main] INFO Env - @{3 PONG}
inp.4 << 19:07:04.520 [main] INFO Env - @{4 PONG}
inp.5 << 19:07:04.520 [main] INFO Env - @{5 PONG}
out.2 >> lock
inp.2 << 19:07:04.521 [main] INFO Env - @{2 SEND 1} Message(Ask)
inp.2 << 19:07:04.521 [main] INFO Env - @{2 SEND 3} Message(Ask)
inp.1 << 19:07:04.521 [main] INFO Env - @{1 RCVD 2} Message(Ask)
inp.1 << 19:07:04.521 [main] INFO Env - @{1 SEND 2} Message(Share)
inp.2 << 19:07:04.521 [main] INFO Env - @{2 SEND 4} Message(Ask)
inp.2 << 19:07:04.521 [main] INFO Env - @{2 RCVD 1} Message(Share)
inp.3 << 19:07:04.521 [main] INFO Env - @{3 RCVD 2} Message(Ask)
inp.3 << 19:07:04.521 [main] INFO Env - @{3 SEND 2} Message(Share)
inp.4 << 19:07:04.521 [main] INFO Env - @{4 RCVD 2} Message(Ask)
inp.4 << 19:07:04.521 [main] INFO Env - @{4 SEND 2} Message(Share)
inp.2 << 19:07:04.521 [main] INFO Env - @{2 RCVD 3} Message(Share)
inp.2 << 19:07:04.521 [main] INFO Env - @{2 RCVD 4} Message(Share)
inp.2 << 19:07:04.521 [main] INFO Env - @{2 LOCKED}
out.2 >> unlock
inp.2 << 19:07:04.521 [main] INFO Env - @{2 UNLOCKED}
out.1 >> ping
out.2 >> ping
out.3 >> ping
out.4 >> ping
out.5 >> ping
inp.1 << 19:07:04.522 [main] INFO Env - @{1 PONG}
inp.2 << 19:07:04.522 [main] INFO Env - @{2 PONG}
inp.3 << 19:07:04.522 [main] INFO Env - @{3 PONG}
inp.4 << 19:07:04.522 [main] INFO Env - @{4 PONG}
inp.5 << 19:07:04.522 [main] INFO Env - @{5 PONG}
out.3 >> lock
inp.3 << 19:07:04.522 [main] INFO Env - @{3 SEND 1} Message(Ask)
inp.3 << 19:07:04.522 [main] INFO Env - @{3 SEND 2} Message(Ask)
inp.1 << 19:07:04.522 [main] INFO Env - @{1 RCVD 3} Message(Ask)
inp.2 << 19:07:04.522 [main] INFO Env - @{2 RCVD 3} Message(Ask)
inp.1 << 19:07:04.522 [main] INFO Env - @{1 SEND 3} Message(Share)
inp.2 << 19:07:04.522 [main] INFO Env - @{2 SEND 3} Message(Share)
inp.3 << 19:07:04.522 [main] INFO Env - @{3 RCVD 1} Message(Share)
inp.3 << 19:07:04.522 [main] INFO Env - @{3 RCVD 2} Message(Share)
inp.3 << 19:07:04.522 [main] INFO Env - @{3 LOCKED}
out.3 >> unlock
inp.3 << 19:07:04.522 [main] INFO Env - @{3 UNLOCKED}
out.1 >> ping
out.2 >> ping
out.3 >> ping
out.4 >> ping
out.5 >> ping
inp.1 << 19:07:04.523 [main] INFO Env - @{1 PONG}
inp.2 << 19:07:04.523 [main] INFO Env - @{2 PONG}
inp.3 << 19:07:04.523 [main] INFO Env - @{3 PONG}
inp.4 << 19:07:04.523 [main] INFO Env - @{4 PONG}
inp.5 << 19:07:04.523 [main] INFO Env - @{5 PONG}
out.4 >> lock
inp.4 << 19:07:04.523 [main] INFO Env - @{4 SEND 1} Message(Ask)
inp.4 << 19:07:04.523 [main] INFO Env - @{4 SEND 2} Message(Ask)
inp.4 << 19:07:04.523 [main] INFO Env - @{4 SEND 3} Message(Ask)
inp.1 << 19:07:04.523 [main] INFO Env - @{1 RCVD 4} Message(Ask)
inp.1 << 19:07:04.523 [main] INFO Env - @{1 SEND 4} Message(Share)
inp.2 << 19:07:04.523 [main] INFO Env - @{2 RCVD 4} Message(Ask)
inp.2 << 19:07:04.524 [main] INFO Env - @{2 SEND 4} Message(Share)
inp.3 << 19:07:04.524 [main] INFO Env - @{3 RCVD 4} Message(Ask)
inp.3 << 19:07:04.524 [main] INFO Env - @{3 SEND 4} Message(Share)
inp.4 << 19:07:04.524 [main] INFO Env - @{4 RCVD 1} Message(Share)
inp.4 << 19:07:04.524 [main] INFO Env - @{4 RCVD 2} Message(Share)
inp.4 << 19:07:04.524 [main] INFO Env - @{4 RCVD 3} Message(Share)
inp.4 << 19:07:04.524 [main] INFO Env - @{4 LOCKED}
out.4 >> unlock
inp.4 << 19:07:04.524 [main] INFO Env - @{4 UNLOCKED}
out.1 >> ping
out.2 >> ping
out.3 >> ping
out.4 >> ping
out.5 >> ping
inp.1 << 19:07:04.524 [main] INFO Env - @{1 PONG}
inp.3 << 19:07:04.524 [main] INFO Env - @{3 PONG}
inp.2 << 19:07:04.524 [main] INFO Env - @{2 PONG}
inp.4 << 19:07:04.524 [main] INFO Env - @{4 PONG}
inp.5 << 19:07:04.524 [main] INFO Env - @{5 PONG}
out.5 >> lock
inp.5 << 19:07:04.525 [main] INFO Env - @{5 SEND 1} Message(Ask)
inp.5 << 19:07:04.525 [main] INFO Env - @{5 SEND 2} Message(Ask)
inp.5 << 19:07:04.525 [main] INFO Env - @{5 SEND 3} Message(Ask)
inp.5 << 19:07:04.525 [main] INFO Env - @{5 SEND 4} Message(Ask)
inp.1 << 19:07:04.525 [main] INFO Env - @{1 RCVD 5} Message(Ask)
inp.1 << 19:07:04.525 [main] INFO Env - @{1 SEND 5} Message(Share)
inp.2 << 19:07:04.525 [main] INFO Env - @{2 RCVD 5} Message(Ask)
inp.2 << 19:07:04.525 [main] INFO Env - @{2 SEND 5} Message(Share)
inp.3 << 19:07:04.525 [main] INFO Env - @{3 RCVD 5} Message(Ask)
inp.5 << 19:07:04.525 [main] INFO Env - @{5 RCVD 1} Message(Share)
inp.3 << 19:07:04.525 [main] INFO Env - @{3 SEND 5} Message(Share)
inp.5 << 19:07:04.525 [main] INFO Env - @{5 RCVD 2} Message(Share)
inp.4 << 19:07:04.525 [main] INFO Env - @{4 RCVD 5} Message(Ask)
inp.4 << 19:07:04.525 [main] INFO Env - @{4 SEND 5} Message(Share)
inp.5 << 19:07:04.525 [main] INFO Env - @{5 RCVD 3} Message(Share)
inp.5 << 19:07:04.525 [main] INFO Env - @{5 RCVD 4} Message(Share)
inp.5 << 19:07:04.525 [main] INFO Env - @{5 LOCKED}
out.5 >> unlock
inp.5 << 19:07:04.525 [main] INFO Env - @{5 UNLOCKED}
out.1 >> ping
out.2 >> ping
out.3 >> ping
out.4 >> ping
out.5 >> ping
inp.1 << 19:07:04.526 [main] INFO Env - @{1 PONG}
inp.2 << 19:07:04.526 [main] INFO Env - @{2 PONG}
inp.3 << 19:07:04.526 [main] INFO Env - @{3 PONG}
inp.5 << 19:07:04.526 [main] INFO Env - @{5 PONG}
inp.4 << 19:07:04.526 [main] INFO Env - @{4 PONG}
out.3 >> lock
out.1 >> lock
out.4 >> lock
out.2 >> lock
out.5 >> lock
inp.5 << 19:07:04.526 [main] INFO Env - @{5 LOCKED}
inp.3 << 19:07:04.526 [main] INFO Env - @{3 SEND 4} Message(Ask)
inp.1 << 19:07:04.526 [main] INFO Env - @{1 SEND 2} Message(Ask)
inp.1 << 19:07:04.526 [main] INFO Env - @{1 SEND 3} Message(Ask)
inp.1 << 19:07:04.526 [main] INFO Env - @{1 SEND 4} Message(Ask)
inp.1 << 19:07:04.526 [main] INFO Env - @{1 SEND 5} Message(Ask)
inp.4 << 19:07:04.526 [main] INFO Env - @{4 SEND 5} Message(Ask)
inp.3 << 19:07:04.526 [main] INFO Env - @{3 SEND 5} Message(Ask)
inp.2 << 19:07:04.526 [main] INFO Env - @{2 SEND 3} Message(Ask)
inp.2 << 19:07:04.526 [main] INFO Env - @{2 SEND 4} Message(Ask)
inp.2 << 19:07:04.526 [main] INFO Env - @{2 SEND 5} Message(Ask)
inp.3 << 19:07:04.526 [main] INFO Env - @{3 RCVD 1} Message(Ask)
inp.3 << 19:07:04.526 [main] INFO Env - @{3 SEND 1} Message(Share)
inp.2 << 19:07:04.526 [main] INFO Env - @{2 RCVD 1} Message(Ask)
inp.2 << 19:07:04.526 [main] INFO Env - @{2 SEND 1} Message(Share)
inp.3 << 19:07:04.526 [main] INFO Env - @{3 SEND 1} Message(Ask)
out.5 >> unlock
inp.2 << 19:07:04.527 [main] INFO Env - @{2 SEND 1} Message(Ask)
inp.1 << 19:07:04.527 [main] INFO Env - @{1 RCVD 3} Message(Share)
inp.4 << 19:07:04.527 [main] INFO Env - @{4 RCVD 3} Message(Ask)
inp.4 << 19:07:04.527 [main] INFO Env - @{4 SEND 3} Message(Share)
inp.3 << 19:07:04.527 [main] INFO Env - @{3 RCVD 2} Message(Ask)
inp.4 << 19:07:04.527 [main] INFO Env - @{4 SEND 3} Message(Ask)
inp.4 << 19:07:04.527 [main] INFO Env - @{4 RCVD 1} Message(Ask)
inp.5 << 19:07:04.527 [main] INFO Env - @{5 RCVD 3} Message(Ask)
inp.5 << 19:07:04.527 [main] INFO Env - @{5 RCVD 1} Message(Ask)
inp.4 << 19:07:04.527 [main] INFO Env - @{4 SEND 1} Message(Share)
inp.5 << 19:07:04.527 [main] INFO Env - @{5 RCVD 2} Message(Ask)
inp.4 << 19:07:04.527 [main] INFO Env - @{4 SEND 1} Message(Ask)
inp.5 << 19:07:04.527 [main] INFO Env - @{5 RCVD 4} Message(Ask)
inp.5 << 19:07:04.527 [main] INFO Env - @{5 UNLOCKED}
inp.5 << 19:07:04.527 [main] INFO Env - @{5 SEND 1} Message(Share)
inp.3 << 19:07:04.527 [main] INFO Env - @{3 SEND 2} Message(Share)
inp.3 << 19:07:04.527 [main] INFO Env - @{3 SEND 2} Message(Ask)
inp.5 << 19:07:04.527 [main] INFO Env - @{5 SEND 2} Message(Share)
inp.5 << 19:07:04.527 [main] INFO Env - @{5 SEND 3} Message(Share)
inp.4 << 19:07:04.527 [main] INFO Env - @{4 RCVD 2} Message(Ask)
inp.4 << 19:07:04.527 [main] INFO Env - @{4 SEND 2} Message(Share)
inp.4 << 19:07:04.527 [main] INFO Env - @{4 SEND 2} Message(Ask)
inp.3 << 19:07:04.527 [main] INFO Env - @{3 RCVD 4} Message(Share)
inp.3 << 19:07:04.527 [main] INFO Env - @{3 RCVD 4} Message(Ask)
inp.5 << 19:07:04.527 [main] INFO Env - @{5 SEND 4} Message(Share)
inp.1 << 19:07:04.527 [main] INFO Env - @{1 RCVD 3} Message(Ask)
inp.1 << 19:07:04.527 [main] INFO Env - @{1 RCVD 2} Message(Share)
inp.3 << 19:07:04.527 [main] INFO Env - @{3 RCVD 5} Message(Share)
inp.1 << 19:07:04.527 [main] INFO Env - @{1 RCVD 2} Message(Ask)
inp.1 << 19:07:04.527 [main] INFO Env - @{1 RCVD 4} Message(Share)
inp.2 << 19:07:04.527 [main] INFO Env - @{2 RCVD 4} Message(Share)
inp.1 << 19:07:04.527 [main] INFO Env - @{1 RCVD 4} Message(Ask)
inp.1 << 19:07:04.527 [main] INFO Env - @{1 RCVD 5} Message(Share)
inp.2 << 19:07:04.527 [main] INFO Env - @{2 RCVD 5} Message(Share)
inp.1 << 19:07:04.527 [main] INFO Env - @{1 LOCKED}
inp.2 << 19:07:04.527 [main] INFO Env - @{2 RCVD 4} Message(Ask)
inp.2 << 19:07:04.527 [main] INFO Env - @{2 RCVD 3} Message(Share)
inp.4 << 19:07:04.527 [main] INFO Env - @{4 RCVD 5} Message(Share)
inp.2 << 19:07:04.527 [main] INFO Env - @{2 RCVD 3} Message(Ask)
out.1 >> unlock
inp.1 << 19:07:04.527 [main] INFO Env - @{1 UNLOCKED}
inp.1 << 19:07:04.527 [main] INFO Env - @{1 SEND 2} Message(Share)
inp.1 << 19:07:04.527 [main] INFO Env - @{1 SEND 3} Message(Share)
inp.1 << 19:07:04.527 [main] INFO Env - @{1 SEND 4} Message(Share)
inp.2 << 19:07:04.527 [main] INFO Env - @{2 RCVD 1} Message(Share)
inp.2 << 19:07:04.527 [main] INFO Env - @{2 LOCKED}
out.2 >> unlock
inp.3 << 19:07:04.527 [main] INFO Env - @{3 RCVD 1} Message(Share)
inp.4 << 19:07:04.527 [main] INFO Env - @{4 RCVD 1} Message(Share)
inp.2 << 19:07:04.528 [main] INFO Env - @{2 UNLOCKED}
inp.2 << 19:07:04.528 [main] INFO Env - @{2 SEND 3} Message(Share)
inp.2 << 19:07:04.528 [main] INFO Env - @{2 SEND 4} Message(Share)
inp.4 << 19:07:04.528 [main] INFO Env - @{4 RCVD 2} Message(Share)
inp.3 << 19:07:04.528 [main] INFO Env - @{3 RCVD 2} Message(Share)
inp.3 << 19:07:04.528 [main] INFO Env - @{3 LOCKED}
out.3 >> unlock
inp.3 << 19:07:04.528 [main] INFO Env - @{3 UNLOCKED}
inp.3 << 19:07:04.528 [main] INFO Env - @{3 SEND 4} Message(Share)
inp.4 << 19:07:04.528 [main] INFO Env - @{4 RCVD 3} Message(Share)
inp.4 << 19:07:04.528 [main] INFO Env - @{4 LOCKED}
out.4 >> unlock
inp.4 << 19:07:04.528 [main] INFO Env - @{4 UNLOCKED}
out.1 >> ping
out.2 >> ping
out.3 >> ping
out.4 >> ping
out.5 >> ping
inp.2 << 19:07:04.528 [main] INFO Env - @{2 PONG}
inp.1 << 19:07:04.528 [main] INFO Env - @{1 PONG}
inp.3 << 19:07:04.528 [main] INFO Env - @{3 PONG}
inp.4 << 19:07:04.528 [main] INFO Env - @{4 PONG}
inp.5 << 19:07:04.528 [main] INFO Env - @{5 PONG}
out.4 >> lock
inp.4 << 19:07:04.529 [main] INFO Env - @{4 LOCKED}
out.4 >> unlock
inp.4 << 19:07:04.529 [main] INFO Env - @{4 UNLOCKED}
out.1 >> ping
out.2 >> ping
out.3 >> ping
out.4 >> ping
out.5 >> ping
inp.1 << 19:07:04.529 [main] INFO Env - @{1 PONG}
inp.2 << 19:07:04.529 [main] INFO Env - @{2 PONG}
inp.3 << 19:07:04.529 [main] INFO Env - @{3 PONG}
inp.4 << 19:07:04.529 [main] INFO Env - @{4 PONG}
inp.5 << 19:07:04.529 [main] INFO Env - @{5 PONG}
out.4 >> lock
inp.4 << 19:07:04.530 [main] INFO Env - @{4 LOCKED}
out.4 >> unlock
inp.4 << 19:07:04.530 [main] INFO Env - @{4 UNLOCKED}
out.1 >> ping
out.2 >> ping
out.3 >> ping
out.4 >> ping
out.5 >> ping
inp.1 << 19:07:04.530 [main] INFO Env - @{1 PONG}
inp.2 << 19:07:04.530 [main] INFO Env - @{2 PONG}
inp.3 << 19:07:04.530 [main] INFO Env - @{3 PONG}
inp.4 << 19:07:04.530 [main] INFO Env - @{4 PONG}
inp.5 << 19:07:04.530 [main] INFO Env - @{5 PONG}
out.4 >> lock
inp.4 << 19:07:04.530 [main] INFO Env - @{4 LOCKED}
out.4 >> unlock
inp.4 << 19:07:04.530 [main] INFO Env - @{4 UNLOCKED}
out.1 >> ping
out.2 >> ping
out.3 >> ping
out.4 >> ping
out.5 >> ping
inp.1 << 19:07:04.531 [main] INFO Env - @{1 PONG}
inp.2 << 19:07:04.531 [main] INFO Env - @{2 PONG}
inp.3 << 19:07:04.531 [main] INFO Env - @{3 PONG}
inp.4 << 19:07:04.531 [main] INFO Env - @{4 PONG}
inp.5 << 19:07:04.531 [main] INFO Env - @{5 PONG}
out.4 >> lock
out.5 >> lock
inp.4 << 19:07:04.531 [main] INFO Env - @{4 LOCKED}
inp.5 << 19:07:04.531 [main] INFO Env - @{5 SEND 1} Message(Ask)
inp.5 << 19:07:04.532 [main] INFO Env - @{5 SEND 2} Message(Ask)
out.4 >> unlock
inp.5 << 19:07:04.532 [main] INFO Env - @{5 SEND 3} Message(Ask)
inp.5 << 19:07:04.532 [main] INFO Env - @{5 SEND 4} Message(Ask)
inp.1 << 19:07:04.532 [main] INFO Env - @{1 RCVD 5} Message(Ask)
inp.1 << 19:07:04.532 [main] INFO Env - @{1 SEND 5} Message(Share)
inp.2 << 19:07:04.532 [main] INFO Env - @{2 RCVD 5} Message(Ask)
inp.2 << 19:07:04.532 [main] INFO Env - @{2 SEND 5} Message(Share)
inp.5 << 19:07:04.532 [main] INFO Env - @{5 RCVD 1} Message(Share)
inp.5 << 19:07:04.532 [main] INFO Env - @{5 RCVD 2} Message(Share)
inp.5 << 19:07:04.532 [main] INFO Env - @{5 RCVD 4} Message(Share)
inp.5 << 19:07:04.532 [main] INFO Env - @{5 RCVD 3} Message(Share)
inp.4 << 19:07:04.532 [main] INFO Env - @{4 UNLOCKED}
inp.5 << 19:07:04.532 [main] INFO Env - @{5 LOCKED}
inp.3 << 19:07:04.532 [main] INFO Env - @{3 RCVD 5} Message(Ask)
inp.4 << 19:07:04.532 [main] INFO Env - @{4 RCVD 5} Message(Ask)
inp.3 << 19:07:04.532 [main] INFO Env - @{3 SEND 5} Message(Share)
inp.4 << 19:07:04.532 [main] INFO Env - @{4 SEND 5} Message(Share)
out.5 >> unlock
inp.5 << 19:07:04.532 [main] INFO Env - @{5 UNLOCKED}
out.1 >> ping
out.2 >> ping
out.3 >> ping
out.4 >> ping
out.5 >> ping
inp.1 << 19:07:04.532 [main] INFO Env - @{1 PONG}
inp.2 << 19:07:04.532 [main] INFO Env - @{2 PONG}
inp.4 << 19:07:04.532 [main] INFO Env - @{4 PONG}
inp.3 << 19:07:04.532 [main] INFO Env - @{3 PONG}
inp.5 << 19:07:04.533 [main] INFO Env - @{5 PONG}
out.4 >> lock
out.5 >> lock
inp.5 << 19:07:04.533 [main] INFO Env - @{5 LOCKED}
out.5 >> unlock
inp.4 << 19:07:04.533 [main] INFO Env - @{4 SEND 5} Message(Ask)
inp.5 << 19:07:04.533 [main] INFO Env - @{5 UNLOCKED}
inp.5 << 19:07:04.533 [main] INFO Env - @{5 RCVD 4} Message(Ask)
inp.5 << 19:07:04.533 [main] INFO Env - @{5 SEND 4} Message(Share)
inp.4 << 19:07:04.533 [main] INFO Env - @{4 RCVD 5} Message(Share)
inp.4 << 19:07:04.533 [main] INFO Env - @{4 LOCKED}
out.4 >> unlock
inp.4 << 19:07:04.533 [main] INFO Env - @{4 UNLOCKED}
out.1 >> ping
out.2 >> ping
out.3 >> ping
out.4 >> ping
out.5 >> ping
inp.1 << 19:07:04.533 [main] INFO Env - @{1 PONG}
inp.2 << 19:07:04.533 [main] INFO Env - @{2 PONG}
inp.3 << 19:07:04.533 [main] INFO Env - @{3 PONG}
inp.4 << 19:07:04.534 [main] INFO Env - @{4 PONG}
inp.5 << 19:07:04.534 [main] INFO Env - @{5 PONG}
out.4 >> lock
out.5 >> lock
inp.4 << 19:07:04.534 [main] INFO Env - @{4 LOCKED}
out.4 >> unlock
inp.5 << 19:07:04.534 [main] INFO Env - @{5 SEND 4} Message(Ask)
inp.4 << 19:07:04.534 [main] INFO Env - @{4 UNLOCKED}
inp.4 << 19:07:04.534 [main] INFO Env - @{4 RCVD 5} Message(Ask)
inp.4 << 19:07:04.534 [main] INFO Env - @{4 SEND 5} Message(Share)
inp.5 << 19:07:04.534 [main] INFO Env - @{5 RCVD 4} Message(Share)
inp.5 << 19:07:04.534 [main] INFO Env - @{5 LOCKED}
out.5 >> unlock
inp.5 << 19:07:04.534 [main] INFO Env - @{5 UNLOCKED}
out.1 >> ping
out.2 >> ping
out.3 >> ping
out.4 >> ping
out.5 >> ping
inp.4 << 19:07:04.534 [main] INFO Env - @{4 PONG}
inp.2 << 19:07:04.534 [main] INFO Env - @{2 PONG}
inp.1 << 19:07:04.534 [main] INFO Env - @{1 PONG}
inp.5 << 19:07:04.535 [main] INFO Env - @{5 PONG}
inp.3 << 19:07:04.535 [main] INFO Env - @{3 PONG}
out.1 >> ping
out.2 >> ping
out.3 >> ping
out.4 >> ping
out.5 >> ping
inp.1 << 19:07:04.535 [main] INFO Env - @{1 PONG}
inp.2 << 19:07:04.535 [main] INFO Env - @{2 PONG}
inp.3 << 19:07:04.535 [main] INFO Env - @{3 PONG}
inp.5 << 19:07:04.535 [main] INFO Env - @{5 PONG}
inp.4 << 19:07:04.535 [main] INFO Env - @{4 PONG}
out.1 >> lock
inp.1 << 19:07:04.535 [main] INFO Env - @{1 SEND 2} Message(Ask)
inp.1 << 19:07:04.535 [main] INFO Env - @{1 SEND 3} Message(Ask)
inp.1 << 19:07:04.535 [main] INFO Env - @{1 SEND 4} Message(Ask)
inp.1 << 19:07:04.535 [main] INFO Env - @{1 SEND 5} Message(Ask)
inp.2 << 19:07:04.535 [main] INFO Env - @{2 RCVD 1} Message(Ask)
inp.3 << 19:07:04.535 [main] INFO Env - @{3 RCVD 1} Message(Ask)
inp.2 << 19:07:04.535 [main] INFO Env - @{2 SEND 1} Message(Share)
inp.3 << 19:07:04.535 [main] INFO Env - @{3 SEND 1} Message(Share)
inp.1 << 19:07:04.536 [main] INFO Env - @{1 RCVD 2} Message(Share)
inp.4 << 19:07:04.536 [main] INFO Env - @{4 RCVD 1} Message(Ask)
inp.1 << 19:07:04.536 [main] INFO Env - @{1 RCVD 3} Message(Share)
inp.4 << 19:07:04.536 [main] INFO Env - @{4 SEND 1} Message(Share)
inp.5 << 19:07:04.536 [main] INFO Env - @{5 RCVD 1} Message(Ask)
inp.5 << 19:07:04.536 [main] INFO Env - @{5 SEND 1} Message(Share)
inp.1 << 19:07:04.536 [main] INFO Env - @{1 RCVD 4} Message(Share)
inp.1 << 19:07:04.536 [main] INFO Env - @{1 RCVD 5} Message(Share)
inp.1 << 19:07:04.536 [main] INFO Env - @{1 LOCKED}
out.1 >> unlock
inp.1 << 19:07:04.536 [main] INFO Env - @{1 UNLOCKED}
out.1 >> ping
out.2 >> ping
out.3 >> ping
out.4 >> ping
out.5 >> ping
inp.1 << 19:07:04.536 [main] INFO Env - @{1 PONG}
inp.2 << 19:07:04.536 [main] INFO Env - @{2 PONG}
inp.3 << 19:07:04.536 [main] INFO Env - @{3 PONG}
inp.4 << 19:07:04.536 [main] INFO Env - @{4 PONG}
inp.5 << 19:07:04.536 [main] INFO Env - @{5 PONG}
out.2 >> lock
inp.2 << 19:07:04.536 [main] INFO Env - @{2 SEND 1} Message(Ask)
inp.2 << 19:07:04.536 [main] INFO Env - @{2 SEND 3} Message(Ask)
inp.2 << 19:07:04.537 [main] INFO Env - @{2 SEND 4} Message(Ask)
inp.2 << 19:07:04.537 [main] INFO Env - @{2 SEND 5} Message(Ask)
inp.1 << 19:07:04.537 [main] INFO Env - @{1 RCVD 2} Message(Ask)
inp.3 << 19:07:04.537 [main] INFO Env - @{3 RCVD 2} Message(Ask)
inp.1 << 19:07:04.537 [main] INFO Env - @{1 SEND 2} Message(Share)
inp.3 << 19:07:04.537 [main] INFO Env - @{3 SEND 2} Message(Share)
inp.4 << 19:07:04.537 [main] INFO Env - @{4 RCVD 2} Message(Ask)
inp.4 << 19:07:04.537 [main] INFO Env - @{4 SEND 2} Message(Share)
inp.5 << 19:07:04.537 [main] INFO Env - @{5 RCVD 2} Message(Ask)
inp.2 << 19:07:04.537 [main] INFO Env - @{2 RCVD 1} Message(Share)
inp.2 << 19:07:04.537 [main] INFO Env - @{2 RCVD 4} Message(Share)
inp.2 << 19:07:04.537 [main] INFO Env - @{2 RCVD 3} Message(Share)
inp.5 << 19:07:04.537 [main] INFO Env - @{5 SEND 2} Message(Share)
inp.2 << 19:07:04.537 [main] INFO Env - @{2 RCVD 5} Message(Share)
inp.2 << 19:07:04.537 [main] INFO Env - @{2 LOCKED}
out.2 >> unlock
inp.2 << 19:07:04.537 [main] INFO Env - @{2 UNLOCKED}
out.1 >> ping
out.2 >> ping
out.3 >> ping
out.4 >> ping
out.5 >> ping
inp.2 << 19:07:04.537 [main] INFO Env - @{2 PONG}
inp.1 << 19:07:04.537 [main] INFO Env - @{1 PONG}
inp.3 << 19:07:04.537 [main] INFO Env - @{3 PONG}
inp.5 << 19:07:04.537 [main] INFO Env - @{5 PONG}
inp.4 << 19:07:04.537 [main] INFO Env - @{4 PONG}
out.3 >> lock
inp.3 << 19:07:04.538 [main] INFO Env - @{3 SEND 1} Message(Ask)
inp.3 << 19:07:04.538 [main] INFO Env - @{3 SEND 2} Message(Ask)
inp.3 << 19:07:04.538 [main] INFO Env - @{3 SEND 4} Message(Ask)
inp.1 << 19:07:04.538 [main] INFO Env - @{1 RCVD 3} Message(Ask)
inp.1 << 19:07:04.538 [main] INFO Env - @{1 SEND 3} Message(Share)
inp.3 << 19:07:04.538 [main] INFO Env - @{3 SEND 5} Message(Ask)
inp.3 << 19:07:04.538 [main] INFO Env - @{3 RCVD 1} Message(Share)
inp.2 << 19:07:04.538 [main] INFO Env - @{2 RCVD 3} Message(Ask)
inp.4 << 19:07:04.538 [main] INFO Env - @{4 RCVD 3} Message(Ask)
inp.4 << 19:07:04.538 [main] INFO Env - @{4 SEND 3} Message(Share)
inp.2 << 19:07:04.538 [main] INFO Env - @{2 SEND 3} Message(Share)
inp.3 << 19:07:04.538 [main] INFO Env - @{3 RCVD 2} Message(Share)
inp.3 << 19:07:04.538 [main] INFO Env - @{3 RCVD 4} Message(Share)
inp.5 << 19:07:04.538 [main] INFO Env - @{5 RCVD 3} Message(Ask)
inp.5 << 19:07:04.538 [main] INFO Env - @{5 SEND 3} Message(Share)
inp.3 << 19:07:04.538 [main] INFO Env - @{3 RCVD 5} Message(Share)
inp.3 << 19:07:04.538 [main] INFO Env - @{3 LOCKED}
out.3 >> unlock
inp.3 << 19:07:04.539 [main] INFO Env - @{3 UNLOCKED}
out.1 >> ping
out.2 >> ping
out.3 >> ping
out.4 >> ping
out.5 >> ping
inp.2 << 19:07:04.539 [main] INFO Env - @{2 PONG}
inp.1 << 19:07:04.539 [main] INFO Env - @{1 PONG}
inp.3 << 19:07:04.539 [main] INFO Env - @{3 PONG}
inp.4 << 19:07:04.539 [main] INFO Env - @{4 PONG}
inp.5 << 19:07:04.539 [main] INFO Env - @{5 PONG}
out.4 >> lock
inp.4 << 19:07:04.539 [main] INFO Env - @{4 SEND 1} Message(Ask)
inp.4 << 19:07:04.539 [main] INFO Env - @{4 SEND 2} Message(Ask)
inp.4 << 19:07:04.539 [main] INFO Env - @{4 SEND 3} Message(Ask)
inp.4 << 19:07:04.539 [main] INFO Env - @{4 SEND 5} Message(Ask)
inp.1 << 19:07:04.540 [main] INFO Env - @{1 RCVD 4} Message(Ask)
inp.2 << 19:07:04.540 [main] INFO Env - @{2 RCVD 4} Message(Ask)
inp.1 << 19:07:04.540 [main] INFO Env - @{1 SEND 4} Message(Share)
inp.3 << 19:07:04.540 [main] INFO Env - @{3 RCVD 4} Message(Ask)
inp.2 << 19:07:04.540 [main] INFO Env - @{2 SEND 4} Message(Share)
inp.5 << 19:07:04.540 [main] INFO Env - @{5 RCVD 4} Message(Ask)
inp.5 << 19:07:04.540 [main] INFO Env - @{5 SEND 4} Message(Share)
inp.3 << 19:07:04.540 [main] INFO Env - @{3 SEND 4} Message(Share)
inp.4 << 19:07:04.540 [main] INFO Env - @{4 RCVD 1} Message(Share)
inp.4 << 19:07:04.540 [main] INFO Env - @{4 RCVD 2} Message(Share)
inp.4 << 19:07:04.540 [main] INFO Env - @{4 RCVD 5} Message(Share)
inp.4 << 19:07:04.540 [main] INFO Env - @{4 RCVD 3} Message(Share)
inp.4 << 19:07:04.540 [main] INFO Env - @{4 LOCKED}
out.4 >> unlock
inp.4 << 19:07:04.540 [main] INFO Env - @{4 UNLOCKED}
out.1 >> ping
out.2 >> ping
out.3 >> ping
out.4 >> ping
out.5 >> ping
inp.1 << 19:07:04.540 [main] INFO Env - @{1 PONG}
inp.2 << 19:07:04.540 [main] INFO Env - @{2 PONG}
inp.4 << 19:07:04.541 [main] INFO Env - @{4 PONG}
inp.3 << 19:07:04.541 [main] INFO Env - @{3 PONG}
inp.5 << 19:07:04.541 [main] INFO Env - @{5 PONG}
out.5 >> lock
inp.5 << 19:07:04.541 [main] INFO Env - @{5 SEND 1} Message(Ask)
inp.5 << 19:07:04.541 [main] INFO Env - @{5 SEND 2} Message(Ask)
inp.5 << 19:07:04.541 [main] INFO Env - @{5 SEND 3} Message(Ask)
inp.5 << 19:07:04.541 [main] INFO Env - @{5 SEND 4} Message(Ask)
inp.1 << 19:07:04.541 [main] INFO Env - @{1 RCVD 5} Message(Ask)
inp.3 << 19:07:04.541 [main] INFO Env - @{3 RCVD 5} Message(Ask)
inp.2 << 19:07:04.541 [main] INFO Env - @{2 RCVD 5} Message(Ask)
inp.1 << 19:07:04.541 [main] INFO Env - @{1 SEND 5} Message(Share)
inp.2 << 19:07:04.541 [main] INFO Env - @{2 SEND 5} Message(Share)
inp.4 << 19:07:04.541 [main] INFO Env - @{4 RCVD 5} Message(Ask)
inp.4 << 19:07:04.541 [main] INFO Env - @{4 SEND 5} Message(Share)
inp.3 << 19:07:04.541 [main] INFO Env - @{3 SEND 5} Message(Share)
inp.5 << 19:07:04.541 [main] INFO Env - @{5 RCVD 1} Message(Share)
inp.5 << 19:07:04.541 [main] INFO Env - @{5 RCVD 2} Message(Share)
inp.5 << 19:07:04.541 [main] INFO Env - @{5 RCVD 4} Message(Share)
inp.5 << 19:07:04.541 [main] INFO Env - @{5 RCVD 3} Message(Share)
inp.5 << 19:07:04.541 [main] INFO Env - @{5 LOCKED}
out.5 >> unlock
inp.5 << 19:07:04.542 [main] INFO Env - @{5 UNLOCKED}
out.1 >> ping
out.2 >> ping
out.3 >> ping
out.4 >> ping
out.5 >> ping
inp.1 << 19:07:04.542 [main] INFO Env - @{1 PONG}
inp.2 << 19:07:04.542 [main] INFO Env - @{2 PONG}
inp.3 << 19:07:04.542 [main] INFO Env - @{3 PONG}
inp.4 << 19:07:04.542 [main] INFO Env - @{4 PONG}
inp.5 << 19:07:04.542 [main] INFO Env - @{5 PONG}
out.1 >> lock
out.5 >> lock
out.4 >> lock
out.2 >> lock
out.3 >> lock
inp.1 << 19:07:04.543 [main] INFO Env - @{1 SEND 2} Message(Ask)
inp.1 << 19:07:04.543 [main] INFO Env - @{1 SEND 3} Message(Ask)
inp.1 << 19:07:04.543 [main] INFO Env - @{1 SEND 4} Message(Ask)
inp.1 << 19:07:04.543 [main] INFO Env - @{1 SEND 5} Message(Ask)
inp.5 << 19:07:04.543 [main] INFO Env - @{5 LOCKED}
inp.5 << 19:07:04.543 [main] INFO Env - @{5 RCVD 1} Message(Ask)
inp.4 << 19:07:04.543 [main] INFO Env - @{4 SEND 5} Message(Ask)
inp.2 << 19:07:04.543 [main] INFO Env - @{2 SEND 3} Message(Ask)
inp.2 << 19:07:04.544 [main] INFO Env - @{2 SEND 4} Message(Ask)
inp.2 << 19:07:04.544 [main] INFO Env - @{2 SEND 5} Message(Ask)
inp.4 << 19:07:04.544 [main] INFO Env - @{4 RCVD 1} Message(Ask)
inp.4 << 19:07:04.544 [main] INFO Env - @{4 SEND 1} Message(Share)
inp.2 << 19:07:04.544 [main] INFO Env - @{2 RCVD 1} Message(Ask)
inp.2 << 19:07:04.544 [main] INFO Env - @{2 SEND 1} Message(Share)
inp.2 << 19:07:04.544 [main] INFO Env - @{2 SEND 1} Message(Ask)
inp.4 << 19:07:04.544 [main] INFO Env - @{4 SEND 1} Message(Ask)
inp.3 << 19:07:04.544 [main] INFO Env - @{3 SEND 4} Message(Ask)
inp.4 << 19:07:04.544 [main] INFO Env - @{4 RCVD 2} Message(Ask)
inp.4 << 19:07:04.544 [main] INFO Env - @{4 SEND 2} Message(Share)
inp.3 << 19:07:04.544 [main] INFO Env - @{3 SEND 5} Message(Ask)
inp.4 << 19:07:04.544 [main] INFO Env - @{4 SEND 2} Message(Ask)
inp.4 << 19:07:04.544 [main] INFO Env - @{4 RCVD 3} Message(Ask)
inp.4 << 19:07:04.544 [main] INFO Env - @{4 SEND 3} Message(Share)
inp.4 << 19:07:04.545 [main] INFO Env - @{4 SEND 3} Message(Ask)
out.5 >> unlock
inp.3 << 19:07:04.544 [main] INFO Env - @{3 RCVD 1} Message(Ask)
inp.3 << 19:07:04.545 [main] INFO Env - @{3 SEND 1} Message(Share)
inp.3 << 19:07:04.545 [main] INFO Env - @{3 SEND 1} Message(Ask)
inp.3 << 19:07:04.545 [main] INFO Env - @{3 RCVD 2} Message(Ask)
inp.3 << 19:07:04.545 [main] INFO Env - @{3 SEND 2} Message(Share)
inp.3 << 19:07:04.545 [main] INFO Env - @{3 SEND 2} Message(Ask)
inp.3 << 19:07:04.545 [main] INFO Env - @{3 RCVD 4} Message(Share)
inp.3 << 19:07:04.545 [main] INFO Env - @{3 RCVD 4} Message(Ask)
inp.5 << 19:07:04.545 [main] INFO Env - @{5 RCVD 4} Message(Ask)
inp.5 << 19:07:04.545 [main] INFO Env - @{5 RCVD 2} Message(Ask)
inp.5 << 19:07:04.545 [main] INFO Env - @{5 RCVD 3} Message(Ask)
inp.5 << 19:07:04.545 [main] INFO Env - @{5 UNLOCKED}
inp.1 << 19:07:04.545 [main] INFO Env - @{1 RCVD 4} Message(Share)
inp.5 << 19:07:04.545 [main] INFO Env - @{5 SEND 1} Message(Share)
inp.5 << 19:07:04.545 [main] INFO Env - @{5 SEND 2} Message(Share)
inp.2 << 19:07:04.545 [main] INFO Env - @{2 RCVD 4} Message(Share)
inp.2 << 19:07:04.545 [main] INFO Env - @{2 RCVD 4} Message(Ask)
inp.2 << 19:07:04.545 [main] INFO Env - @{2 RCVD 3} Message(Share)
inp.2 << 19:07:04.545 [main] INFO Env - @{2 RCVD 3} Message(Ask)
inp.2 << 19:07:04.545 [main] INFO Env - @{2 RCVD 5} Message(Share)
inp.5 << 19:07:04.545 [main] INFO Env - @{5 SEND 3} Message(Share)
inp.5 << 19:07:04.545 [main] INFO Env - @{5 SEND 4} Message(Share)
inp.1 << 19:07:04.545 [main] INFO Env - @{1 RCVD 2} Message(Share)
inp.1 << 19:07:04.545 [main] INFO Env - @{1 RCVD 2} Message(Ask)
inp.1 << 19:07:04.545 [main] INFO Env - @{1 RCVD 4} Message(Ask)
inp.1 << 19:07:04.545 [main] INFO Env - @{1 RCVD 3} Message(Share)
inp.1 << 19:07:04.545 [main] INFO Env - @{1 RCVD 3} Message(Ask)
inp.1 << 19:07:04.545 [main] INFO Env - @{1 RCVD 5} Message(Share)
inp.1 << 19:07:04.545 [main] INFO Env - @{1 LOCKED}
inp.3 << 19:07:04.545 [main] INFO Env - @{3 RCVD 5} Message(Share)
inp.4 << 19:07:04.545 [main] INFO Env - @{4 RCVD 5} Message(Share)
out.1 >> unlock
inp.1 << 19:07:04.546 [main] INFO Env - @{1 UNLOCKED}
inp.1 << 19:07:04.546 [main] INFO Env - @{1 SEND 2} Message(Share)
inp.1 << 19:07:04.546 [main] INFO Env - @{1 SEND 3} Message(Share)
inp.1 << 19:07:04.546 [main] INFO Env - @{1 SEND 4} Message(Share)
inp.2 << 19:07:04.546 [main] INFO Env - @{2 RCVD 1} Message(Share)
inp.3 << 19:07:04.546 [main] INFO Env - @{3 RCVD 1} Message(Share)
inp.2 << 19:07:04.546 [main] INFO Env - @{2 LOCKED}
inp.4 << 19:07:04.546 [main] INFO Env - @{4 RCVD 1} Message(Share)
out.2 >> unlock
inp.2 << 19:07:04.546 [main] INFO Env - @{2 UNLOCKED}
inp.2 << 19:07:04.546 [main] INFO Env - @{2 SEND 3} Message(Share)
inp.2 << 19:07:04.546 [main] INFO Env - @{2 SEND 4} Message(Share)
inp.4 << 19:07:04.546 [main] INFO Env - @{4 RCVD 2} Message(Share)
inp.3 << 19:07:04.546 [main] INFO Env - @{3 RCVD 2} Message(Share)
inp.3 << 19:07:04.546 [main] INFO Env - @{3 LOCKED}
out.3 >> unlock
inp.3 << 19:07:04.547 [main] INFO Env - @{3 UNLOCKED}
inp.3 << 19:07:04.547 [main] INFO Env - @{3 SEND 4} Message(Share)
inp.4 << 19:07:04.547 [main] INFO Env - @{4 RCVD 3} Message(Share)
inp.4 << 19:07:04.547 [main] INFO Env - @{4 LOCKED}
out.4 >> unlock
inp.4 << 19:07:04.547 [main] INFO Env - @{4 UNLOCKED}
out.1 >> ping
out.2 >> ping
out.3 >> ping
out.4 >> ping
out.5 >> ping
inp.1 << 19:07:04.547 [main] INFO Env - @{1 PONG}
inp.2 << 19:07:04.547 [main] INFO Env - @{2 PONG}
inp.4 << 19:07:04.547 [main] INFO Env - @{4 PONG}
inp.3 << 19:07:04.547 [main] INFO Env - @{3 PONG}
inp.5 << 19:07:04.547 [main] INFO Env - @{5 PONG}
out.1 >> lock
inp.1 << 19:07:04.548 [main] INFO Env - @{1 SEND 2} Message(Ask)
inp.1 << 19:07:04.548 [main] INFO Env - @{1 SEND 3} Message(Ask)
inp.1 << 19:07:04.548 [main] INFO Env - @{1 SEND 4} Message(Ask)
inp.3 << 19:07:04.548 [main] INFO Env - @{3 RCVD 1} Message(Ask)
inp.2 << 19:07:04.548 [main] INFO Env - @{2 RCVD 1} Message(Ask)
inp.3 << 19:07:04.548 [main] INFO Env - @{3 SEND 1} Message(Share)
inp.2 << 19:07:04.548 [main] INFO Env - @{2 SEND 1} Message(Share)
inp.1 << 19:07:04.548 [main] INFO Env - @{1 RCVD 2} Message(Share)
inp.1 << 19:07:04.548 [main] INFO Env - @{1 RCVD 3} Message(Share)
inp.4 << 19:07:04.548 [main] INFO Env - @{4 RCVD 1} Message(Ask)
inp.4 << 19:07:04.548 [main] INFO Env - @{4 SEND 1} Message(Share)
inp.1 << 19:07:04.548 [main] INFO Env - @{1 RCVD 4} Message(Share)
inp.1 << 19:07:04.548 [main] INFO Env - @{1 LOCKED}
out.1 >> unlock
inp.1 << 19:07:04.548 [main] INFO Env - @{1 UNLOCKED}
out.1 >> ping
out.2 >> ping
out.3 >> ping
out.4 >> ping
out.5 >> ping
inp.1 << 19:07:04.549 [main] INFO Env - @{1 PONG}
inp.2 << 19:07:04.549 [main] INFO Env - @{2 PONG}
inp.3 << 19:07:04.549 [main] INFO Env - @{3 PONG}
inp.4 << 19:07:04.549 [main] INFO Env - @{4 PONG}
inp.5 << 19:07:04.549 [main] INFO Env - @{5 PONG}
out.1 >> lock
inp.1 << 19:07:04.549 [main] INFO Env - @{1 LOCKED}
out.1 >> unlock
inp.1 << 19:07:04.549 [main] INFO Env - @{1 UNLOCKED}
out.1 >> ping
out.2 >> ping
out.3 >> ping
out.4 >> ping
out.5 >> ping
inp.1 << 19:07:04.550 [main] INFO Env - @{1 PONG}
inp.2 << 19:07:04.550 [main] INFO Env - @{2 PONG}
inp.3 << 19:07:04.550 [main] INFO Env - @{3 PONG}
inp.4 << 19:07:04.550 [main] INFO Env - @{4 PONG}
inp.5 << 19:07:04.550 [main] INFO Env - @{5 PONG}
out.1 >> lock
inp.1 << 19:07:04.550 [main] INFO Env - @{1 LOCKED}
out.1 >> unlock
inp.1 << 19:07:04.550 [main] INFO Env - @{1 UNLOCKED}
out.1 >> ping
out.2 >> ping
out.3 >> ping
out.4 >> ping
out.5 >> ping
inp.1 << 19:07:04.550 [main] INFO Env - @{1 PONG}
inp.3 << 19:07:04.550 [main] INFO Env - @{3 PONG}
inp.2 << 19:07:04.550 [main] INFO Env - @{2 PONG}
inp.4 << 19:07:04.550 [main] INFO Env - @{4 PONG}
inp.5 << 19:07:04.550 [main] INFO Env - @{5 PONG}
out.1 >> lock
out.2 >> lock
inp.1 << 19:07:04.551 [main] INFO Env - @{1 LOCKED}
out.1 >> unlock
inp.2 << 19:07:04.551 [main] INFO Env - @{2 SEND 1} Message(Ask)
inp.2 << 19:07:04.551 [main] INFO Env - @{2 SEND 3} Message(Ask)
inp.2 << 19:07:04.551 [main] INFO Env - @{2 SEND 4} Message(Ask)
inp.1 << 19:07:04.551 [main] INFO Env - @{1 UNLOCKED}
inp.1 << 19:07:04.551 [main] INFO Env - @{1 RCVD 2} Message(Ask)
inp.1 << 19:07:04.551 [main] INFO Env - @{1 SEND 2} Message(Share)
inp.3 << 19:07:04.551 [main] INFO Env - @{3 RCVD 2} Message(Ask)
inp.3 << 19:07:04.551 [main] INFO Env - @{3 SEND 2} Message(Share)
inp.4 << 19:07:04.551 [main] INFO Env - @{4 RCVD 2} Message(Ask)
inp.4 << 19:07:04.551 [main] INFO Env - @{4 SEND 2} Message(Share)
inp.2 << 19:07:04.551 [main] INFO Env - @{2 RCVD 1} Message(Share)
inp.2 << 19:07:04.551 [main] INFO Env - @{2 RCVD 3} Message(Share)
inp.2 << 19:07:04.551 [main] INFO Env - @{2 RCVD 4} Message(Share)
inp.2 << 19:07:04.551 [main] INFO Env - @{2 LOCKED}
out.2 >> unlock
inp.2 << 19:07:04.551 [main] INFO Env - @{2 UNLOCKED}
out.1 >> ping
out.2 >> ping
out.3 >> ping
out.4 >> ping
out.5 >> ping
inp.2 << 19:07:04.552 [main] INFO Env - @{2 PONG}
inp.1 << 19:07:04.552 [main] INFO Env - @{1 PONG}
inp.3 << 19:07:04.552 [main] INFO Env - @{3 PONG}
inp.4 << 19:07:04.552 [main] INFO Env - @{4 PONG}
inp.5 << 19:07:04.552 [main] INFO Env - @{5 PONG}
out.1 >> lock
out.2 >> lock
inp.2 << 19:07:04.552 [main] INFO Env - @{2 LOCKED}
inp.1 << 19:07:04.552 [main] INFO Env - @{1 SEND 2} Message(Ask)
out.2 >> unlock
inp.2 << 19:07:04.552 [main] INFO Env - @{2 RCVD 1} Message(Ask)
inp.2 << 19:07:04.552 [main] INFO Env - @{2 UNLOCKED}
inp.2 << 19:07:04.552 [main] INFO Env - @{2 SEND 1} Message(Share)
inp.1 << 19:07:04.552 [main] INFO Env - @{1 RCVD 2} Message(Share)
inp.1 << 19:07:04.552 [main] INFO Env - @{1 LOCKED}
out.1 >> unlock
inp.1 << 19:07:04.553 [main] INFO Env - @{1 UNLOCKED}
out.1 >> ping
out.2 >> ping
out.3 >> ping
out.4 >> ping
out.5 >> ping
inp.1 << 19:07:04.553 [main] INFO Env - @{1 PONG}
inp.2 << 19:07:04.553 [main] INFO Env - @{2 PONG}
inp.3 << 19:07:04.553 [main] INFO Env - @{3 PONG}
inp.4 << 19:07:04.553 [main] INFO Env - @{4 PONG}
inp.5 << 19:07:04.553 [main] INFO Env - @{5 PONG}
out.1 >> lock
out.2 >> lock
inp.1 << 19:07:04.553 [main] INFO Env - @{1 LOCKED}
inp.2 << 19:07:04.554 [main] INFO Env - @{2 SEND 1} Message(Ask)
out.1 >> unlock
inp.1 << 19:07:04.554 [main] INFO Env - @{1 RCVD 2} Message(Ask)
inp.1 << 19:07:04.554 [main] INFO Env - @{1 UNLOCKED}
inp.1 << 19:07:04.554 [main] INFO Env - @{1 SEND 2} Message(Share)
inp.2 << 19:07:04.554 [main] INFO Env - @{2 RCVD 1} Message(Share)
inp.2 << 19:07:04.554 [main] INFO Env - @{2 LOCKED}
out.2 >> unlock
inp.2 << 19:07:04.554 [main] INFO Env - @{2 UNLOCKED}
out.1 >> ping
out.2 >> ping
out.3 >> ping
out.4 >> ping
out.5 >> ping
inp.1 << 19:07:04.554 [main] INFO Env - @{1 PONG}
inp.2 << 19:07:04.554 [main] INFO Env - @{2 PONG}
inp.3 << 19:07:04.554 [main] INFO Env - @{3 PONG}
inp.4 << 19:07:04.554 [main] INFO Env - @{4 PONG}
inp.5 << 19:07:04.554 [main] INFO Env - @{5 PONG}
out.1 >> ping
out.2 >> ping
out.3 >> ping
out.4 >> ping
out.5 >> ping
inp.1 << 19:07:04.555 [main] INFO Env - @{1 PONG}
inp.2 << 19:07:04.555 [main] INFO Env - @{2 PONG}
inp.3 << 19:07:04.555 [main] INFO Env - @{3 PONG}
inp.5 << 19:07:04.555 [main] INFO Env - @{5 PONG}
inp.4 << 19:07:04.555 [main] INFO Env - @{4 PONG}
out.1 >> lock
inp.1 << 19:07:04.555 [main] INFO Env - @{1 SEND 2} Message(Ask)
inp.2 << 19:07:04.555 [main] INFO Env - @{2 RCVD 1} Message(Ask)
inp.2 << 19:07:04.555 [main] INFO Env - @{2 SEND 1} Message(Share)
inp.1 << 19:07:04.555 [main] INFO Env - @{1 RCVD 2} Message(Share)
inp.1 << 19:07:04.555 [main] INFO Env - @{1 LOCKED}
out.1 >> unlock
inp.1 << 19:07:04.556 [main] INFO Env - @{1 UNLOCKED}
out.1 >> ping
out.2 >> ping
out.3 >> ping
out.4 >> ping
out.5 >> ping
inp.1 << 19:07:04.556 [main] INFO Env - @{1 PONG}
inp.2 << 19:07:04.556 [main] INFO Env - @{2 PONG}
inp.3 << 19:07:04.556 [main] INFO Env - @{3 PONG}
inp.4 << 19:07:04.556 [main] INFO Env - @{4 PONG}
inp.5 << 19:07:04.556 [main] INFO Env - @{5 PONG}
out.2 >> lock
inp.2 << 19:07:04.556 [main] INFO Env - @{2 SEND 1} Message(Ask)
inp.1 << 19:07:04.556 [main] INFO Env - @{1 RCVD 2} Message(Ask)
inp.1 << 19:07:04.556 [main] INFO Env - @{1 SEND 2} Message(Share)
inp.2 << 19:07:04.557 [main] INFO Env - @{2 RCVD 1} Message(Share)
inp.2 << 19:07:04.557 [main] INFO Env - @{2 LOCKED}
out.2 >> unlock
inp.2 << 19:07:04.557 [main] INFO Env - @{2 UNLOCKED}
out.1 >> ping
out.2 >> ping
out.3 >> ping
out.4 >> ping
out.5 >> ping
inp.1 << 19:07:04.557 [main] INFO Env - @{1 PONG}
inp.2 << 19:07:04.557 [main] INFO Env - @{2 PONG}
inp.3 << 19:07:04.557 [main] INFO Env - @{3 PONG}
inp.4 << 19:07:04.557 [main] INFO Env - @{4 PONG}
inp.5 << 19:07:04.557 [main] INFO Env - @{5 PONG}
out.3 >> lock
inp.3 << 19:07:04.557 [main] INFO Env - @{3 SEND 1} Message(Ask)
inp.3 << 19:07:04.557 [main] INFO Env - @{3 SEND 2} Message(Ask)
inp.3 << 19:07:04.558 [main] INFO Env - @{3 SEND 4} Message(Ask)
inp.2 << 19:07:04.558 [main] INFO Env - @{2 RCVD 3} Message(Ask)
inp.2 << 19:07:04.558 [main] INFO Env - @{2 SEND 3} Message(Share)
inp.1 << 19:07:04.558 [main] INFO Env - @{1 RCVD 3} Message(Ask)
inp.1 << 19:07:04.558 [main] INFO Env - @{1 SEND 3} Message(Share)
inp.4 << 19:07:04.558 [main] INFO Env - @{4 RCVD 3} Message(Ask)
inp.4 << 19:07:04.558 [main] INFO Env - @{4 SEND 3} Message(Share)
inp.3 << 19:07:04.558 [main] INFO Env - @{3 RCVD 2} Message(Share)
inp.3 << 19:07:04.558 [main] INFO Env - @{3 RCVD 4} Message(Share)
inp.3 << 19:07:04.558 [main] INFO Env - @{3 RCVD 1} Message(Share)
inp.3 << 19:07:04.558 [main] INFO Env - @{3 LOCKED}
out.3 >> unlock
inp.3 << 19:07:04.558 [main] INFO Env - @{3 UNLOCKED}
out.1 >> ping
out.2 >> ping
out.3 >> ping
out.4 >> ping
out.5 >> ping
inp.1 << 19:07:04.558 [main] INFO Env - @{1 PONG}
inp.2 << 19:07:04.558 [main] INFO Env - @{2 PONG}
inp.3 << 19:07:04.558 [main] INFO Env - @{3 PONG}
inp.4 << 19:07:04.558 [main] INFO Env - @{4 PONG}
inp.5 << 19:07:04.558 [main] INFO Env - @{5 PONG}
out.4 >> lock
inp.4 << 19:07:04.559 [main] INFO Env - @{4 SEND 1} Message(Ask)
inp.4 << 19:07:04.559 [main] INFO Env - @{4 SEND 2} Message(Ask)
inp.4 << 19:07:04.559 [main] INFO Env - @{4 SEND 3} Message(Ask)
inp.1 << 19:07:04.559 [main] INFO Env - @{1 RCVD 4} Message(Ask)
inp.2 << 19:07:04.559 [main] INFO Env - @{2 RCVD 4} Message(Ask)
inp.2 << 19:07:04.559 [main] INFO Env - @{2 SEND 4} Message(Share)
inp.1 << 19:07:04.559 [main] INFO Env - @{1 SEND 4} Message(Share)
inp.3 << 19:07:04.559 [main] INFO Env - @{3 RCVD 4} Message(Ask)
inp.4 << 19:07:04.559 [main] INFO Env - @{4 RCVD 2} Message(Share)
inp.4 << 19:07:04.559 [main] INFO Env - @{4 RCVD 1} Message(Share)
inp.3 << 19:07:04.559 [main] INFO Env - @{3 SEND 4} Message(Share)
inp.4 << 19:07:04.559 [main] INFO Env - @{4 RCVD 3} Message(Share)
inp.4 << 19:07:04.559 [main] INFO Env - @{4 LOCKED}
out.4 >> unlock
inp.4 << 19:07:04.560 [main] INFO Env - @{4 UNLOCKED}
out.1 >> ping
out.2 >> ping
out.3 >> ping
out.4 >> ping
out.5 >> ping
inp.1 << 19:07:04.560 [main] INFO Env - @{1 PONG}
inp.2 << 19:07:04.560 [main] INFO Env - @{2 PONG}
inp.3 << 19:07:04.560 [main] INFO Env - @{3 PONG}
inp.4 << 19:07:04.560 [main] INFO Env - @{4 PONG}
inp.5 << 19:07:04.560 [main] INFO Env - @{5 PONG}
out.5 >> lock
inp.5 << 19:07:04.561 [main] INFO Env - @{5 SEND 1} Message(Ask)
inp.5 << 19:07:04.561 [main] INFO Env - @{5 SEND 2} Message(Ask)
inp.5 << 19:07:04.561 [main] INFO Env - @{5 SEND 3} Message(Ask)
inp.5 << 19:07:04.561 [main] INFO Env - @{5 SEND 4} Message(Ask)
inp.2 << 19:07:04.561 [main] INFO Env - @{2 RCVD 5} Message(Ask)
inp.2 << 19:07:04.561 [main] INFO Env - @{2 SEND 5} Message(Share)
inp.1 << 19:07:04.561 [main] INFO Env - @{1 RCVD 5} Message(Ask)
inp.1 << 19:07:04.561 [main] INFO Env - @{1 SEND 5} Message(Share)
inp.5 << 19:07:04.561 [main] INFO Env - @{5 RCVD 2} Message(Share)
inp.5 << 19:07:04.561 [main] INFO Env - @{5 RCVD 1} Message(Share)
inp.3 << 19:07:04.561 [main] INFO Env - @{3 RCVD 5} Message(Ask)
inp.3 << 19:07:04.561 [main] INFO Env - @{3 SEND 5} Message(Share)
inp.4 << 19:07:04.561 [main] INFO Env - @{4 RCVD 5} Message(Ask)
inp.4 << 19:07:04.561 [main] INFO Env - @{4 SEND 5} Message(Share)
inp.5 << 19:07:04.561 [main] INFO Env - @{5 RCVD 3} Message(Share)
inp.5 << 19:07:04.561 [main] INFO Env - @{5 RCVD 4} Message(Share)
inp.5 << 19:07:04.561 [main] INFO Env - @{5 LOCKED}
out.5 >> unlock
inp.5 << 19:07:04.562 [main] INFO Env - @{5 UNLOCKED}
out.1 >> ping
out.2 >> ping
out.3 >> ping
out.4 >> ping
out.5 >> ping
inp.2 << 19:07:04.562 [main] INFO Env - @{2 PONG}
inp.1 << 19:07:04.562 [main] INFO Env - @{1 PONG}
inp.3 << 19:07:04.562 [main] INFO Env - @{3 PONG}
inp.5 << 19:07:04.562 [main] INFO Env - @{5 PONG}
inp.4 << 19:07:04.562 [main] INFO Env - @{4 PONG}
out.4 >> lock
out.1 >> lock
out.3 >> lock
out.5 >> lock
out.2 >> lock
inp.4 << 19:07:04.562 [main] INFO Env - @{4 SEND 5} Message(Ask)
inp.1 << 19:07:04.562 [main] INFO Env - @{1 SEND 2} Message(Ask)
inp.1 << 19:07:04.563 [main] INFO Env - @{1 SEND 3} Message(Ask)
inp.5 << 19:07:04.563 [main] INFO Env - @{5 LOCKED}
inp.3 << 19:07:04.563 [main] INFO Env - @{3 SEND 4} Message(Ask)
inp.3 << 19:07:04.563 [main] INFO Env - @{3 SEND 5} Message(Ask)
inp.3 << 19:07:04.563 [main] INFO Env - @{3 RCVD 1} Message(Ask)
inp.3 << 19:07:04.563 [main] INFO Env - @{3 SEND 1} Message(Share)
inp.5 << 19:07:04.563 [main] INFO Env - @{5 RCVD 4} Message(Ask)
inp.5 << 19:07:04.563 [main] INFO Env - @{5 RCVD 3} Message(Ask)
inp.1 << 19:07:04.563 [main] INFO Env - @{1 SEND 4} Message(Ask)
inp.1 << 19:07:04.563 [main] INFO Env - @{1 SEND 5} Message(Ask)
inp.3 << 19:07:04.563 [main] INFO Env - @{3 SEND 1} Message(Ask)
out.5 >> unlock
inp.1 << 19:07:04.563 [main] INFO Env - @{1 RCVD 3} Message(Share)
inp.1 << 19:07:04.563 [main] INFO Env - @{1 RCVD 3} Message(Ask)
inp.2 << 19:07:04.563 [main] INFO Env - @{2 SEND 3} Message(Ask)
inp.4 << 19:07:04.563 [main] INFO Env - @{4 RCVD 3} Message(Ask)
inp.4 << 19:07:04.563 [main] INFO Env - @{4 SEND 3} Message(Share)
inp.4 << 19:07:04.563 [main] INFO Env - @{4 SEND 3} Message(Ask)
inp.2 << 19:07:04.563 [main] INFO Env - @{2 SEND 4} Message(Ask)
inp.5 << 19:07:04.563 [main] INFO Env - @{5 RCVD 1} Message(Ask)
inp.2 << 19:07:04.563 [main] INFO Env - @{2 SEND 5} Message(Ask)
inp.2 << 19:07:04.563 [main] INFO Env - @{2 RCVD 1} Message(Ask)
inp.4 << 19:07:04.563 [main] INFO Env - @{4 RCVD 1} Message(Ask)
inp.4 << 19:07:04.563 [main] INFO Env - @{4 SEND 1} Message(Share)
inp.5 << 19:07:04.563 [main] INFO Env - @{5 UNLOCKED}
inp.2 << 19:07:04.563 [main] INFO Env - @{2 SEND 1} Message(Share)
inp.2 << 19:07:04.563 [main] INFO Env - @{2 SEND 1} Message(Ask)
inp.4 << 19:07:04.563 [main] INFO Env - @{4 SEND 1} Message(Ask)
inp.5 << 19:07:04.563 [main] INFO Env - @{5 SEND 1} Message(Share)
inp.3 << 19:07:04.563 [main] INFO Env - @{3 RCVD 2} Message(Ask)
inp.3 << 19:07:04.563 [main] INFO Env - @{3 SEND 2} Message(Share)
inp.4 << 19:07:04.563 [main] INFO Env - @{4 RCVD 2} Message(Ask)
inp.5 << 19:07:04.563 [main] INFO Env - @{5 SEND 3} Message(Share)
inp.5 << 19:07:04.563 [main] INFO Env - @{5 SEND 4} Message(Share)
inp.5 << 19:07:04.563 [main] INFO Env - @{5 RCVD 2} Message(Ask)
inp.5 << 19:07:04.563 [main] INFO Env - @{5 SEND 2} Message(Share)
inp.3 << 19:07:04.563 [main] INFO Env - @{3 SEND 2} Message(Ask)
inp.3 << 19:07:04.563 [main] INFO Env - @{3 RCVD 4} Message(Share)
inp.4 << 19:07:04.563 [main] INFO Env - @{4 SEND 2} Message(Share)
inp.3 << 19:07:04.563 [main] INFO Env - @{3 RCVD 4} Message(Ask)
inp.4 << 19:07:04.563 [main] INFO Env - @{4 SEND 2} Message(Ask)
inp.3 << 19:07:04.563 [main] INFO Env - @{3 RCVD 5} Message(Share)
inp.1 << 19:07:04.563 [main] INFO Env - @{1 RCVD 2} Message(Share)
inp.1 << 19:07:04.563 [main] INFO Env - @{1 RCVD 4} Message(Share)
inp.1 << 19:07:04.563 [main] INFO Env - @{1 RCVD 2} Message(Ask)
inp.4 << 19:07:04.563 [main] INFO Env - @{4 RCVD 5} Message(Share)
inp.1 << 19:07:04.564 [main] INFO Env - @{1 RCVD 4} Message(Ask)
inp.1 << 19:07:04.564 [main] INFO Env - @{1 RCVD 5} Message(Share)
inp.1 << 19:07:04.564 [main] INFO Env - @{1 LOCKED}
inp.2 << 19:07:04.564 [main] INFO Env - @{2 RCVD 3} Message(Share)
out.1 >> unlock
inp.2 << 19:07:04.564 [main] INFO Env - @{2 RCVD 5} Message(Share)
inp.2 << 19:07:04.564 [main] INFO Env - @{2 RCVD 3} Message(Ask)
inp.2 << 19:07:04.564 [main] INFO Env - @{2 RCVD 4} Message(Share)
inp.2 << 19:07:04.564 [main] INFO Env - @{2 RCVD 4} Message(Ask)
inp.1 << 19:07:04.564 [main] INFO Env - @{1 UNLOCKED}
inp.1 << 19:07:04.564 [main] INFO Env - @{1 SEND 2} Message(Share)
inp.1 << 19:07:04.564 [main] INFO Env - @{1 SEND 3} Message(Share)
inp.2 << 19:07:04.564 [main] INFO Env - @{2 RCVD 1} Message(Share)
inp.1 << 19:07:04.564 [main] INFO Env - @{1 SEND 4} Message(Share)
inp.2 << 19:07:04.564 [main] INFO Env - @{2 LOCKED}
out.2 >> unlock
inp.4 << 19:07:04.564 [main] INFO Env - @{4 RCVD 1} Message(Share)
inp.3 << 19:07:04.564 [main] INFO Env - @{3 RCVD 1} Message(Share)
inp.2 << 19:07:04.564 [main] INFO Env - @{2 UNLOCKED}
inp.2 << 19:07:04.564 [main] INFO Env - @{2 SEND 3} Message(Share)
inp.2 << 19:07:04.564 [main] INFO Env - @{2 SEND 4} Message(Share)
inp.3 << 19:07:04.564 [main] INFO Env - @{3 RCVD 2} Message(Share)
inp.3 << 19:07:04.564 [main] INFO Env - @{3 LOCKED}
inp.4 << 19:07:04.564 [main] INFO Env - @{4 RCVD 2} Message(Share)
out.3 >> unlock
inp.3 << 19:07:04.564 [main] INFO Env - @{3 UNLOCKED}
inp.3 << 19:07:04.564 [main] INFO Env - @{3 SEND 4} Message(Share)
inp.4 << 19:07:04.564 [main] INFO Env - @{4 RCVD 3} Message(Share)
inp.4 << 19:07:04.564 [main] INFO Env - @{4 LOCKED}
out.4 >> unlock
inp.4 << 19:07:04.565 [main] INFO Env - @{4 UNLOCKED}
out.1 >> ping
out.2 >> ping
out.3 >> ping
out.4 >> ping
out.5 >> ping
inp.2 << 19:07:04.565 [main] INFO Env - @{2 PONG}
inp.1 << 19:07:04.565 [main] INFO Env - @{1 PONG}
inp.4 << 19:07:04.565 [main] INFO Env - @{4 PONG}
inp.5 << 19:07:04.565 [main] INFO Env - @{5 PONG}
inp.3 << 19:07:04.565 [main] INFO Env - @{3 PONG}
out.3 >> lock
inp.3 << 19:07:04.565 [main] INFO Env - @{3 SEND 4} Message(Ask)
inp.4 << 19:07:04.565 [main] INFO Env - @{4 RCVD 3} Message(Ask)
inp.4 << 19:07:04.565 [main] INFO Env - @{4 SEND 3} Message(Share)
inp.3 << 19:07:04.565 [main] INFO Env - @{3 RCVD 4} Message(Share)
inp.3 << 19:07:04.565 [main] INFO Env - @{3 LOCKED}
out.3 >> unlock
inp.3 << 19:07:04.565 [main] INFO Env - @{3 UNLOCKED}
out.1 >> ping
out.2 >> ping
out.3 >> ping
out.4 >> ping
out.5 >> ping
inp.1 << 19:07:04.566 [main] INFO Env - @{1 PONG}
inp.2 << 19:07:04.566 [main] INFO Env - @{2 PONG}
inp.3 << 19:07:04.566 [main] INFO Env - @{3 PONG}
inp.4 << 19:07:04.566 [main] INFO Env - @{4 PONG}
inp.5 << 19:07:04.566 [main] INFO Env - @{5 PONG}
out.3 >> lock
inp.3 << 19:07:04.566 [main] INFO Env - @{3 LOCKED}
out.3 >> unlock
inp.3 << 19:07:04.567 [main] INFO Env - @{3 UNLOCKED}
out.1 >> ping
out.2 >> ping
out.3 >> ping
out.4 >> ping
out.5 >> ping
inp.3 << 19:07:04.567 [main] INFO Env - @{3 PONG}
inp.2 << 19:07:04.567 [main] INFO Env - @{2 PONG}
inp.1 << 19:07:04.567 [main] INFO Env - @{1 PONG}
inp.4 << 19:07:04.567 [main] INFO Env - @{4 PONG}
inp.5 << 19:07:04.567 [main] INFO Env - @{5 PONG}
out.3 >> lock
inp.3 << 19:07:04.568 [main] INFO Env - @{3 LOCKED}
out.3 >> unlock
inp.3 << 19:07:04.569 [main] INFO Env - @{3 UNLOCKED}
out.1 >> ping
out.2 >> ping
out.3 >> ping
out.4 >> ping
out.5 >> ping
inp.1 << 19:07:04.571 [main] INFO Env - @{1 PONG}
inp.3 << 19:07:04.571 [main] INFO Env - @{3 PONG}
inp.4 << 19:07:04.572 [main] INFO Env - @{4 PONG}
inp.2 << 19:07:04.572 [main] INFO Env - @{2 PONG}
inp.5 << 19:07:04.572 [main] INFO Env - @{5 PONG}
out.3 >> lock
out.4 >> lock
inp.3 << 19:07:04.573 [main] INFO Env - @{3 LOCKED}
inp.4 << 19:07:04.573 [main] INFO Env - @{4 SEND 3} Message(Ask)
out.3 >> unlock
inp.3 << 19:07:04.574 [main] INFO Env - @{3 RCVD 4} Message(Ask)
inp.3 << 19:07:04.574 [main] INFO Env - @{3 UNLOCKED}
inp.3 << 19:07:04.574 [main] INFO Env - @{3 SEND 4} Message(Share)
inp.4 << 19:07:04.574 [main] INFO Env - @{4 RCVD 3} Message(Share)
inp.4 << 19:07:04.575 [main] INFO Env - @{4 LOCKED}
out.4 >> unlock
inp.4 << 19:07:04.575 [main] INFO Env - @{4 UNLOCKED}
out.1 >> ping
out.2 >> ping
out.3 >> ping
out.4 >> ping
out.5 >> ping
inp.1 << 19:07:04.576 [main] INFO Env - @{1 PONG}
inp.3 << 19:07:04.576 [main] INFO Env - @{3 PONG}
inp.2 << 19:07:04.576 [main] INFO Env - @{2 PONG}
inp.4 << 19:07:04.576 [main] INFO Env - @{4 PONG}
inp.5 << 19:07:04.576 [main] INFO Env - @{5 PONG}
out.3 >> lock
out.4 >> lock
inp.4 << 19:07:04.576 [main] INFO Env - @{4 LOCKED}
inp.3 << 19:07:04.576 [main] INFO Env - @{3 SEND 4} Message(Ask)
out.4 >> unlock
inp.4 << 19:07:04.576 [main] INFO Env - @{4 RCVD 3} Message(Ask)
inp.4 << 19:07:04.576 [main] INFO Env - @{4 UNLOCKED}
inp.4 << 19:07:04.576 [main] INFO Env - @{4 SEND 3} Message(Share)
inp.3 << 19:07:04.576 [main] INFO Env - @{3 RCVD 4} Message(Share)
inp.3 << 19:07:04.576 [main] INFO Env - @{3 LOCKED}
out.3 >> unlock
inp.3 << 19:07:04.576 [main] INFO Env - @{3 UNLOCKED}
out.1 >> ping
out.2 >> ping
out.3 >> ping
out.4 >> ping
out.5 >> ping
inp.3 << 19:07:04.577 [main] INFO Env - @{3 PONG}
inp.1 << 19:07:04.577 [main] INFO Env - @{1 PONG}
inp.2 << 19:07:04.577 [main] INFO Env - @{2 PONG}
inp.4 << 19:07:04.577 [main] INFO Env - @{4 PONG}
inp.5 << 19:07:04.577 [main] INFO Env - @{5 PONG}
out.3 >> lock
out.4 >> lock
inp.3 << 19:07:04.577 [main] INFO Env - @{3 LOCKED}
out.3 >> unlock
inp.4 << 19:07:04.577 [main] INFO Env - @{4 SEND 3} Message(Ask)
inp.3 << 19:07:04.577 [main] INFO Env - @{3 UNLOCKED}
inp.3 << 19:07:04.577 [main] INFO Env - @{3 RCVD 4} Message(Ask)
inp.3 << 19:07:04.577 [main] INFO Env - @{3 SEND 4} Message(Share)
inp.4 << 19:07:04.577 [main] INFO Env - @{4 RCVD 3} Message(Share)
inp.4 << 19:07:04.577 [main] INFO Env - @{4 LOCKED}
out.4 >> unlock
inp.4 << 19:07:04.577 [main] INFO Env - @{4 UNLOCKED}
out.1 >> ping
out.2 >> ping
out.3 >> ping
out.4 >> ping
out.5 >> ping
inp.1 << 19:07:04.578 [main] INFO Env - @{1 PONG}
inp.2 << 19:07:04.578 [main] INFO Env - @{2 PONG}
inp.4 << 19:07:04.578 [main] INFO Env - @{4 PONG}
inp.3 << 19:07:04.578 [main] INFO Env - @{3 PONG}
inp.5 << 19:07:04.578 [main] INFO Env - @{5 PONG}
out.1 >> ping
out.2 >> ping
out.3 >> ping
out.4 >> ping
out.5 >> ping
inp.4 << 19:07:04.578 [main] INFO Env - @{4 PONG}
inp.2 << 19:07:04.578 [main] INFO Env - @{2 PONG}
inp.1 << 19:07:04.578 [main] INFO Env - @{1 PONG}
inp.3 << 19:07:04.578 [main] INFO Env - @{3 PONG}
inp.5 << 19:07:04.578 [main] INFO Env - @{5 PONG}
out.1 >> lock
inp.1 << 19:07:04.578 [main] INFO Env - @{1 SEND 2} Message(Ask)
inp.1 << 19:07:04.578 [main] INFO Env - @{1 SEND 3} Message(Ask)
inp.1 << 19:07:04.578 [main] INFO Env - @{1 SEND 4} Message(Ask)
inp.2 << 19:07:04.578 [main] INFO Env - @{2 RCVD 1} Message(Ask)
inp.3 << 19:07:04.578 [main] INFO Env - @{3 RCVD 1} Message(Ask)
inp.3 << 19:07:04.578 [main] INFO Env - @{3 SEND 1} Message(Share)
inp.2 << 19:07:04.578 [main] INFO Env - @{2 SEND 1} Message(Share)
inp.4 << 19:07:04.578 [main] INFO Env - @{4 RCVD 1} Message(Ask)
inp.4 << 19:07:04.579 [main] INFO Env - @{4 SEND 1} Message(Share)
inp.1 << 19:07:04.579 [main] INFO Env - @{1 RCVD 2} Message(Share)
inp.1 << 19:07:04.579 [main] INFO Env - @{1 RCVD 3} Message(Share)
inp.1 << 19:07:04.579 [main] INFO Env - @{1 RCVD 4} Message(Share)
inp.1 << 19:07:04.579 [main] INFO Env - @{1 LOCKED}
out.1 >> unlock
inp.1 << 19:07:04.579 [main] INFO Env - @{1 UNLOCKED}
out.1 >> ping
out.2 >> ping
out.3 >> ping
out.4 >> ping
out.5 >> ping
inp.1 << 19:07:04.579 [main] INFO Env - @{1 PONG}
inp.2 << 19:07:04.579 [main] INFO Env - @{2 PONG}
inp.3 << 19:07:04.579 [main] INFO Env - @{3 PONG}
inp.4 << 19:07:04.579 [main] INFO Env - @{4 PONG}
inp.5 << 19:07:04.579 [main] INFO Env - @{5 PONG}
out.2 >> lock
inp.2 << 19:07:04.579 [main] INFO Env - @{2 SEND 1} Message(Ask)
inp.2 << 19:07:04.579 [main] INFO Env - @{2 SEND 3} Message(Ask)
inp.1 << 19:07:04.580 [main] INFO Env - @{1 RCVD 2} Message(Ask)
inp.1 << 19:07:04.580 [main] INFO Env - @{1 SEND 2} Message(Share)
inp.2 << 19:07:04.580 [main] INFO Env - @{2 SEND 4} Message(Ask)
inp.2 << 19:07:04.580 [main] INFO Env - @{2 RCVD 1} Message(Share)
inp.3 << 19:07:04.580 [main] INFO Env - @{3 RCVD 2} Message(Ask)
inp.3 << 19:07:04.580 [main] INFO Env - @{3 SEND 2} Message(Share)
inp.4 << 19:07:04.580 [main] INFO Env - @{4 RCVD 2} Message(Ask)
inp.4 << 19:07:04.580 [main] INFO Env - @{4 SEND 2} Message(Share)
inp.2 << 19:07:04.580 [main] INFO Env - @{2 RCVD 3} Message(Share)
inp.2 << 19:07:04.580 [main] INFO Env - @{2 RCVD 4} Message(Share)
inp.2 << 19:07:04.580 [main] INFO Env - @{2 LOCKED}
out.2 >> unlock
inp.2 << 19:07:04.580 [main] INFO Env - @{2 UNLOCKED}
out.1 >> ping
out.2 >> ping
out.3 >> ping
out.4 >> ping
out.5 >> ping
inp.2 << 19:07:04.580 [main] INFO Env - @{2 PONG}
inp.1 << 19:07:04.580 [main] INFO Env - @{1 PONG}
inp.3 << 19:07:04.580 [main] INFO Env - @{3 PONG}
inp.4 << 19:07:04.580 [main] INFO Env - @{4 PONG}
inp.5 << 19:07:04.580 [main] INFO Env - @{5 PONG}
out.3 >> lock
inp.3 << 19:07:04.580 [main] INFO Env - @{3 SEND 1} Message(Ask)
inp.3 << 19:07:04.581 [main] INFO Env - @{3 SEND 2} Message(Ask)
inp.1 << 19:07:04.581 [main] INFO Env - @{1 RCVD 3} Message(Ask)
inp.3 << 19:07:04.581 [main] INFO Env - @{3 SEND 4} Message(Ask)
inp.1 << 19:07:04.581 [main] INFO Env - @{1 SEND 3} Message(Share)
inp.2 << 19:07:04.581 [main] INFO Env - @{2 RCVD 3} Message(Ask)
inp.2 << 19:07:04.581 [main] INFO Env - @{2 SEND 3} Message(Share)
inp.3 << 19:07:04.581 [main] INFO Env - @{3 RCVD 1} Message(Share)
inp.3 << 19:07:04.581 [main] INFO Env - @{3 RCVD 2} Message(Share)
inp.4 << 19:07:04.581 [main] INFO Env - @{4 RCVD 3} Message(Ask)
inp.4 << 19:07:04.581 [main] INFO Env - @{4 SEND 3} Message(Share)
inp.3 << 19:07:04.581 [main] INFO Env - @{3 RCVD 4} Message(Share)
inp.3 << 19:07:04.581 [main] INFO Env - @{3 LOCKED}
out.3 >> unlock
inp.3 << 19:07:04.581 [main] INFO Env - @{3 UNLOCKED}
out.1 >> ping
out.2 >> ping
out.3 >> ping
out.4 >> ping
out.5 >> ping
inp.1 << 19:07:04.582 [main] INFO Env - @{1 PONG}
inp.2 << 19:07:04.582 [main] INFO Env - @{2 PONG}
inp.3 << 19:07:04.582 [main] INFO Env - @{3 PONG}
inp.4 << 19:07:04.582 [main] INFO Env - @{4 PONG}
inp.5 << 19:07:04.582 [main] INFO Env - @{5 PONG}
out.4 >> lock
inp.4 << 19:07:04.582 [main] INFO Env - @{4 SEND 1} Message(Ask)
inp.4 << 19:07:04.582 [main] INFO Env - @{4 SEND 2} Message(Ask)
inp.4 << 19:07:04.582 [main] INFO Env - @{4 SEND 3} Message(Ask)
inp.2 << 19:07:04.582 [main] INFO Env - @{2 RCVD 4} Message(Ask)
inp.2 << 19:07:04.582 [main] INFO Env - @{2 SEND 4} Message(Share)
inp.1 << 19:07:04.582 [main] INFO Env - @{1 RCVD 4} Message(Ask)
inp.3 << 19:07:04.582 [main] INFO Env - @{3 RCVD 4} Message(Ask)
inp.3 << 19:07:04.583 [main] INFO Env - @{3 SEND 4} Message(Share)
inp.1 << 19:07:04.584 [main] INFO Env - @{1 SEND 4} Message(Share)
inp.4 << 19:07:04.584 [main] INFO Env - @{4 RCVD 2} Message(Share)
inp.4 << 19:07:04.584 [main] INFO Env - @{4 RCVD 3} Message(Share)
inp.4 << 19:07:04.584 [main] INFO Env - @{4 RCVD 1} Message(Share)
inp.4 << 19:07:04.584 [main] INFO Env - @{4 LOCKED}
out.4 >> unlock
inp.4 << 19:07:04.585 [main] INFO Env - @{4 UNLOCKED}
out.1 >> ping
out.2 >> ping
out.3 >> ping
out.4 >> ping
out.5 >> ping
inp.2 << 19:07:04.586 [main] INFO Env - @{2 PONG}
inp.3 << 19:07:04.586 [main] INFO Env - @{3 PONG}
inp.1 << 19:07:04.586 [main] INFO Env - @{1 PONG}
inp.5 << 19:07:04.586 [main] INFO Env - @{5 PONG}
inp.4 << 19:07:04.586 [main] INFO Env - @{4 PONG}
out.5 >> lock
inp.5 << 19:07:04.586 [main] INFO Env - @{5 SEND 1} Message(Ask)
inp.5 << 19:07:04.587 [main] INFO Env - @{5 SEND 2} Message(Ask)
inp.5 << 19:07:04.587 [main] INFO Env - @{5 SEND 3} Message(Ask)
inp.1 << 19:07:04.587 [main] INFO Env - @{1 RCVD 5} Message(Ask)
inp.2 << 19:07:04.587 [main] INFO Env - @{2 RCVD 5} Message(Ask)
inp.2 << 19:07:04.587 [main] INFO Env - @{2 SEND 5} Message(Share)
inp.1 << 19:07:04.587 [main] INFO Env - @{1 SEND 5} Message(Share)
inp.5 << 19:07:04.587 [main] INFO Env - @{5 SEND 4} Message(Ask)
inp.3 << 19:07:04.588 [main] INFO Env - @{3 RCVD 5} Message(Ask)
inp.3 << 19:07:04.589 [main] INFO Env - @{3 SEND 5} Message(Share)
inp.5 << 19:07:04.589 [main] INFO Env - @{5 RCVD 1} Message(Share)
inp.5 << 19:07:04.590 [main] INFO Env - @{5 RCVD 2} Message(Share)
inp.5 << 19:07:04.590 [main] INFO Env - @{5 RCVD 3} Message(Share)
inp.4 << 19:07:04.590 [main] INFO Env - @{4 RCVD 5} Message(Ask)
inp.4 << 19:07:04.590 [main] INFO Env - @{4 SEND 5} Message(Share)
inp.5 << 19:07:04.590 [main] INFO Env - @{5 RCVD 4} Message(Share)
inp.5 << 19:07:04.590 [main] INFO Env - @{5 LOCKED}
out.5 >> unlock
inp.5 << 19:07:04.591 [main] INFO Env - @{5 UNLOCKED}
out.1 >> ping
out.2 >> ping
out.3 >> ping
out.4 >> ping
out.5 >> ping
inp.5 << 19:07:04.594 [main] INFO Env - @{5 PONG}
inp.2 << 19:07:04.610 [main] INFO Env - @{2 PONG}
inp.4 << 19:07:04.610 [main] INFO Env - @{4 PONG}
inp.1 << 19:07:04.620 [main] INFO Env - @{1 PONG}
inp.3 << 19:07:04.620 [main] INFO Env - @{3 PONG}
out.5 >> lock
out.4 >> lock
out.3 >> lock
out.2 >> lock
out.1 >> lock
inp.5 << 19:07:04.621 [main] INFO Env - @{5 LOCKED}
out.5 >> unlock
inp.5 << 19:07:04.621 [main] INFO Env - @{5 UNLOCKED}
inp.4 << 19:07:04.621 [main] INFO Env - @{4 SEND 5} Message(Ask)
inp.2 << 19:07:04.621 [main] INFO Env - @{2 SEND 3} Message(Ask)
inp.2 << 19:07:04.621 [main] INFO Env - @{2 SEND 4} Message(Ask)
inp.2 << 19:07:04.621 [main] INFO Env - @{2 SEND 5} Message(Ask)
inp.5 << 19:07:04.621 [main] INFO Env - @{5 RCVD 4} Message(Ask)
inp.5 << 19:07:04.621 [main] INFO Env - @{5 SEND 4} Message(Share)
inp.5 << 19:07:04.621 [main] INFO Env - @{5 RCVD 2} Message(Ask)
inp.5 << 19:07:04.621 [main] INFO Env - @{5 SEND 2} Message(Share)
inp.4 << 19:07:04.621 [main] INFO Env - @{4 RCVD 2} Message(Ask)
inp.4 << 19:07:04.621 [main] INFO Env - @{4 SEND 2} Message(Share)
inp.4 << 19:07:04.622 [main] INFO Env - @{4 SEND 2} Message(Ask)
inp.4 << 19:07:04.622 [main] INFO Env - @{4 RCVD 5} Message(Share)
inp.2 << 19:07:04.622 [main] INFO Env - @{2 RCVD 4} Message(Share)
inp.2 << 19:07:04.622 [main] INFO Env - @{2 RCVD 5} Message(Share)
inp.2 << 19:07:04.622 [main] INFO Env - @{2 RCVD 4} Message(Ask)
inp.3 << 19:07:04.622 [main] INFO Env - @{3 SEND 4} Message(Ask)
inp.3 << 19:07:04.622 [main] INFO Env - @{3 SEND 5} Message(Ask)
inp.4 << 19:07:04.622 [main] INFO Env - @{4 RCVD 3} Message(Ask)
inp.4 << 19:07:04.622 [main] INFO Env - @{4 SEND 3} Message(Share)
inp.5 << 19:07:04.622 [main] INFO Env - @{5 RCVD 3} Message(Ask)
inp.4 << 19:07:04.622 [main] INFO Env - @{4 SEND 3} Message(Ask)
inp.5 << 19:07:04.622 [main] INFO Env - @{5 SEND 3} Message(Share)
inp.3 << 19:07:04.622 [main] INFO Env - @{3 RCVD 2} Message(Ask)
inp.3 << 19:07:04.622 [main] INFO Env - @{3 SEND 2} Message(Share)
inp.2 << 19:07:04.622 [main] INFO Env - @{2 RCVD 3} Message(Share)
inp.2 << 19:07:04.622 [main] INFO Env - @{2 LOCKED}
out.2 >> unlock
inp.2 << 19:07:04.622 [main] INFO Env - @{2 UNLOCKED}
inp.2 << 19:07:04.622 [main] INFO Env - @{2 SEND 4} Message(Share)
inp.4 << 19:07:04.623 [main] INFO Env - @{4 RCVD 2} Message(Share)
inp.3 << 19:07:04.623 [main] INFO Env - @{3 SEND 2} Message(Ask)
inp.2 << 19:07:04.623 [main] INFO Env - @{2 RCVD 3} Message(Ask)
inp.2 << 19:07:04.623 [main] INFO Env - @{2 SEND 3} Message(Share)
inp.3 << 19:07:04.623 [main] INFO Env - @{3 RCVD 4} Message(Share)
inp.3 << 19:07:04.623 [main] INFO Env - @{3 RCVD 4} Message(Ask)
inp.3 << 19:07:04.623 [main] INFO Env - @{3 RCVD 5} Message(Share)
inp.3 << 19:07:04.623 [main] INFO Env - @{3 RCVD 2} Message(Share)
inp.3 << 19:07:04.623 [main] INFO Env - @{3 LOCKED}
out.3 >> unlock
inp.1 << 19:07:04.623 [main] INFO Env - @{1 SEND 2} Message(Ask)
inp.2 << 19:07:04.623 [main] INFO Env - @{2 RCVD 1} Message(Ask)
inp.2 << 19:07:04.623 [main] INFO Env - @{2 SEND 1} Message(Share)
inp.1 << 19:07:04.624 [main] INFO Env - @{1 SEND 3} Message(Ask)
inp.1 << 19:07:04.624 [main] INFO Env - @{1 SEND 4} Message(Ask)
inp.1 << 19:07:04.624 [main] INFO Env - @{1 SEND 5} Message(Ask)
inp.4 << 19:07:04.624 [main] INFO Env - @{4 RCVD 1} Message(Ask)
inp.4 << 19:07:04.624 [main] INFO Env - @{4 SEND 1} Message(Share)
inp.1 << 19:07:04.624 [main] INFO Env - @{1 RCVD 2} Message(Share)
inp.4 << 19:07:04.624 [main] INFO Env - @{4 SEND 1} Message(Ask)
inp.5 << 19:07:04.624 [main] INFO Env - @{5 RCVD 1} Message(Ask)
inp.5 << 19:07:04.624 [main] INFO Env - @{5 SEND 1} Message(Share)
inp.3 << 19:07:04.624 [main] INFO Env - @{3 UNLOCKED}
inp.3 << 19:07:04.624 [main] INFO Env - @{3 SEND 4} Message(Share)
inp.4 << 19:07:04.624 [main] INFO Env - @{4 RCVD 3} Message(Share)
inp.3 << 19:07:04.624 [main] INFO Env - @{3 RCVD 1} Message(Ask)
inp.3 << 19:07:04.624 [main] INFO Env - @{3 SEND 1} Message(Share)
inp.1 << 19:07:04.625 [main] INFO Env - @{1 RCVD 4} Message(Share)
inp.1 << 19:07:04.625 [main] INFO Env - @{1 RCVD 4} Message(Ask)
inp.1 << 19:07:04.625 [main] INFO Env - @{1 RCVD 5} Message(Share)
inp.1 << 19:07:04.625 [main] INFO Env - @{1 RCVD 3} Message(Share)
inp.1 << 19:07:04.625 [main] INFO Env - @{1 LOCKED}
out.1 >> unlock
inp.1 << 19:07:04.625 [main] INFO Env - @{1 UNLOCKED}
inp.1 << 19:07:04.625 [main] INFO Env - @{1 SEND 4} Message(Share)
inp.4 << 19:07:04.625 [main] INFO Env - @{4 RCVD 1} Message(Share)
inp.4 << 19:07:04.625 [main] INFO Env - @{4 LOCKED}
out.4 >> unlock
inp.4 << 19:07:04.625 [main] INFO Env - @{4 UNLOCKED}
out.1 >> ping
out.2 >> ping
out.3 >> ping
out.4 >> ping
out.5 >> ping
inp.5 << 19:07:04.626 [main] INFO Env - @{5 PONG}
inp.2 << 19:07:04.626 [main] INFO Env - @{2 PONG}
inp.4 << 19:07:04.626 [main] INFO Env - @{4 PONG}
inp.1 << 19:07:04.626 [main] INFO Env - @{1 PONG}
inp.3 << 19:07:04.626 [main] INFO Env - @{3 PONG}
out.5 >> lock
inp.5 << 19:07:04.626 [main] INFO Env - @{5 SEND 1} Message(Ask)
inp.5 << 19:07:04.626 [main] INFO Env - @{5 SEND 2} Message(Ask)
inp.5 << 19:07:04.626 [main] INFO Env - @{5 SEND 3} Message(Ask)
inp.5 << 19:07:04.627 [main] INFO Env - @{5 SEND 4} Message(Ask)
inp.2 << 19:07:04.627 [main] INFO Env - @{2 RCVD 5} Message(Ask)
inp.2 << 19:07:04.627 [main] INFO Env - @{2 SEND 5} Message(Share)
inp.5 << 19:07:04.627 [main] INFO Env - @{5 RCVD 2} Message(Share)
inp.4 << 19:07:04.627 [main] INFO Env - @{4 RCVD 5} Message(Ask)
inp.4 << 19:07:04.627 [main] INFO Env - @{4 SEND 5} Message(Share)
inp.5 << 19:07:04.627 [main] INFO Env - @{5 RCVD 4} Message(Share)
inp.1 << 19:07:04.627 [main] INFO Env - @{1 RCVD 5} Message(Ask)
inp.3 << 19:07:04.627 [main] INFO Env - @{3 RCVD 5} Message(Ask)
inp.1 << 19:07:04.627 [main] INFO Env - @{1 SEND 5} Message(Share)
inp.3 << 19:07:04.627 [main] INFO Env - @{3 SEND 5} Message(Share)
inp.5 << 19:07:04.627 [main] INFO Env - @{5 RCVD 1} Message(Share)
inp.5 << 19:07:04.627 [main] INFO Env - @{5 RCVD 3} Message(Share)
inp.5 << 19:07:04.627 [main] INFO Env - @{5 LOCKED}
out.5 >> unlock
inp.5 << 19:07:04.627 [main] INFO Env - @{5 UNLOCKED}
out.1 >> ping
out.2 >> ping
out.3 >> ping
out.4 >> ping
out.5 >> ping
inp.5 << 19:07:04.627 [main] INFO Env - @{5 PONG}
inp.2 << 19:07:04.627 [main] INFO Env - @{2 PONG}
inp.4 << 19:07:04.627 [main] INFO Env - @{4 PONG}
inp.1 << 19:07:04.627 [main] INFO Env - @{1 PONG}
inp.3 << 19:07:04.628 [main] INFO Env - @{3 PONG}
out.5 >> lock
inp.5 << 19:07:04.628 [main] INFO Env - @{5 LOCKED}
out.5 >> unlock
inp.5 << 19:07:04.628 [main] INFO Env - @{5 UNLOCKED}
out.1 >> ping
out.2 >> ping
out.3 >> ping
out.4 >> ping
out.5 >> ping
inp.5 << 19:07:04.628 [main] INFO Env - @{5 PONG}
inp.2 << 19:07:04.628 [main] INFO Env - @{2 PONG}
inp.4 << 19:07:04.628 [main] INFO Env - @{4 PONG}
inp.1 << 19:07:04.628 [main] INFO Env - @{1 PONG}
inp.3 << 19:07:04.628 [main] INFO Env - @{3 PONG}
out.5 >> lock
inp.5 << 19:07:04.629 [main] INFO Env - @{5 LOCKED}
out.5 >> unlock
inp.5 << 19:07:04.629 [main] INFO Env - @{5 UNLOCKED}
out.1 >> ping
out.2 >> ping
out.3 >> ping
out.4 >> ping
out.5 >> ping
inp.5 << 19:07:04.629 [main] INFO Env - @{5 PONG}
inp.2 << 19:07:04.629 [main] INFO Env - @{2 PONG}
inp.4 << 19:07:04.629 [main] INFO Env - @{4 PONG}
inp.1 << 19:07:04.629 [main] INFO Env - @{1 PONG}
inp.3 << 19:07:04.629 [main] INFO Env - @{3 PONG}
out.5 >> lock
out.4 >> lock
inp.5 << 19:07:04.629 [main] INFO Env - @{5 LOCKED}
out.5 >> unlock
inp.5 << 19:07:04.630 [main] INFO Env - @{5 UNLOCKED}
inp.4 << 19:07:04.630 [main] INFO Env - @{4 SEND 5} Message(Ask)
inp.5 << 19:07:04.630 [main] INFO Env - @{5 RCVD 4} Message(Ask)
inp.5 << 19:07:04.630 [main] INFO Env - @{5 SEND 4} Message(Share)
inp.4 << 19:07:04.630 [main] INFO Env - @{4 RCVD 5} Message(Share)
inp.4 << 19:07:04.630 [main] INFO Env - @{4 LOCKED}
out.4 >> unlock
inp.4 << 19:07:04.630 [main] INFO Env - @{4 UNLOCKED}
out.1 >> ping
out.2 >> ping
out.3 >> ping
out.4 >> ping
out.5 >> ping
inp.5 << 19:07:04.630 [main] INFO Env - @{5 PONG}
inp.2 << 19:07:04.631 [main] INFO Env - @{2 PONG}
inp.4 << 19:07:04.631 [main] INFO Env - @{4 PONG}
inp.1 << 19:07:04.631 [main] INFO Env - @{1 PONG}
inp.3 << 19:07:04.631 [main] INFO Env - @{3 PONG}
out.5 >> lock
out.4 >> lock
inp.5 << 19:07:04.631 [main] INFO Env - @{5 SEND 4} Message(Ask)
inp.4 << 19:07:04.631 [main] INFO Env - @{4 LOCKED}
inp.4 << 19:07:04.631 [main] INFO Env - @{4 RCVD 5} Message(Ask)
out.4 >> unlock
inp.4 << 19:07:04.631 [main] INFO Env - @{4 UNLOCKED}
inp.4 << 19:07:04.631 [main] INFO Env - @{4 SEND 5} Message(Share)
inp.5 << 19:07:04.632 [main] INFO Env - @{5 RCVD 4} Message(Share)
inp.5 << 19:07:04.632 [main] INFO Env - @{5 LOCKED}
out.5 >> unlock
inp.5 << 19:07:04.632 [main] INFO Env - @{5 UNLOCKED}
out.1 >> ping
out.2 >> ping
out.3 >> ping
out.4 >> ping
out.5 >> ping
inp.5 << 19:07:04.632 [main] INFO Env - @{5 PONG}
inp.4 << 19:07:04.632 [main] INFO Env - @{4 PONG}
inp.2 << 19:07:04.632 [main] INFO Env - @{2 PONG}
inp.1 << 19:07:04.632 [main] INFO Env - @{1 PONG}
inp.3 << 19:07:04.632 [main] INFO Env - @{3 PONG}
out.5 >> lock
out.4 >> lock
inp.5 << 19:07:04.632 [main] INFO Env - @{5 LOCKED}
out.5 >> unlock
inp.5 << 19:07:04.633 [main] INFO Env - @{5 UNLOCKED}
inp.4 << 19:07:04.633 [main] INFO Env - @{4 SEND 5} Message(Ask)
inp.5 << 19:07:04.633 [main] INFO Env - @{5 RCVD 4} Message(Ask)
inp.5 << 19:07:04.633 [main] INFO Env - @{5 SEND 4} Message(Share)
inp.4 << 19:07:04.633 [main] INFO Env - @{4 RCVD 5} Message(Share)
inp.4 << 19:07:04.633 [main] INFO Env - @{4 LOCKED}
out.4 >> unlock
inp.4 << 19:07:04.633 [main] INFO Env - @{4 UNLOCKED}
out.1 >> ping
out.2 >> ping
out.3 >> ping
out.4 >> ping
out.5 >> ping
inp.5 << 19:07:04.633 [main] INFO Env - @{5 PONG}
inp.2 << 19:07:04.633 [main] INFO Env - @{2 PONG}
inp.1 << 19:07:04.634 [main] INFO Env - @{1 PONG}
inp.3 << 19:07:04.634 [main] INFO Env - @{3 PONG}
inp.4 << 19:07:04.633 [main] INFO Env - @{4 PONG}
out.1 >> ping
out.2 >> ping
out.3 >> ping
out.4 >> ping
out.5 >> ping
inp.2 << 19:07:04.637 [main] INFO Env - @{2 PONG}
inp.4 << 19:07:04.637 [main] INFO Env - @{4 PONG}
inp.5 << 19:07:04.637 [main] INFO Env - @{5 PONG}
inp.1 << 19:07:04.637 [main] INFO Env - @{1 PONG}
inp.3 << 19:07:04.637 [main] INFO Env - @{3 PONG}
out.1 >> lock
inp.1 << 19:07:04.638 [main] INFO Env - @{1 SEND 4} Message(Ask)
inp.1 << 19:07:04.638 [main] INFO Env - @{1 SEND 5} Message(Ask)
inp.4 << 19:07:04.638 [main] INFO Env - @{4 RCVD 1} Message(Ask)
inp.1 << 19:07:04.638 [main] INFO Env - @{1 RCVD 4} Message(Share)
inp.1 << 19:07:04.638 [main] INFO Env - @{1 RCVD 5} Message(Share)
inp.1 << 19:07:04.638 [main] INFO Env - @{1 LOCKED}
inp.4 << 19:07:04.638 [main] INFO Env - @{4 SEND 1} Message(Share)
inp.5 << 19:07:04.638 [main] INFO Env - @{5 RCVD 1} Message(Ask)
inp.5 << 19:07:04.638 [main] INFO Env - @{5 SEND 1} Message(Share)
out.1 >> unlock
inp.1 << 19:07:04.638 [main] INFO Env - @{1 UNLOCKED}
out.1 >> ping
out.2 >> ping
out.3 >> ping
out.4 >> ping
out.5 >> ping
inp.5 << 19:07:04.638 [main] INFO Env - @{5 PONG}
inp.2 << 19:07:04.638 [main] INFO Env - @{2 PONG}
inp.4 << 19:07:04.639 [main] INFO Env - @{4 PONG}
inp.1 << 19:07:04.639 [main] INFO Env - @{1 PONG}
inp.3 << 19:07:04.639 [main] INFO Env - @{3 PONG}
out.2 >> lock
inp.2 << 19:07:04.639 [main] INFO Env - @{2 SEND 1} Message(Ask)
inp.2 << 19:07:04.639 [main] INFO Env - @{2 SEND 3} Message(Ask)
inp.2 << 19:07:04.639 [main] INFO Env - @{2 SEND 4} Message(Ask)
inp.2 << 19:07:04.639 [main] INFO Env - @{2 SEND 5} Message(Ask)
inp.4 << 19:07:04.639 [main] INFO Env - @{4 RCVD 2} Message(Ask)
inp.5 << 19:07:04.639 [main] INFO Env - @{5 RCVD 2} Message(Ask)
inp.5 << 19:07:04.639 [main] INFO Env - @{5 SEND 2} Message(Share)
inp.4 << 19:07:04.639 [main] INFO Env - @{4 SEND 2} Message(Share)
inp.2 << 19:07:04.639 [main] INFO Env - @{2 RCVD 5} Message(Share)
inp.2 << 19:07:04.639 [main] INFO Env - @{2 RCVD 4} Message(Share)
inp.1 << 19:07:04.639 [main] INFO Env - @{1 RCVD 2} Message(Ask)
inp.1 << 19:07:04.639 [main] INFO Env - @{1 SEND 2} Message(Share)
inp.2 << 19:07:04.640 [main] INFO Env - @{2 RCVD 1} Message(Share)
inp.3 << 19:07:04.640 [main] INFO Env - @{3 RCVD 2} Message(Ask)
inp.3 << 19:07:04.640 [main] INFO Env - @{3 SEND 2} Message(Share)
inp.2 << 19:07:04.641 [main] INFO Env - @{2 RCVD 3} Message(Share)
inp.2 << 19:07:04.641 [main] INFO Env - @{2 LOCKED}
out.2 >> unlock
inp.2 << 19:07:04.642 [main] INFO Env - @{2 UNLOCKED}
out.1 >> ping
out.2 >> ping
out.3 >> ping
out.4 >> ping
out.5 >> ping
inp.2 << 19:07:04.643 [main] INFO Env - @{2 PONG}
inp.5 << 19:07:04.643 [main] INFO Env - @{5 PONG}
inp.4 << 19:07:04.643 [main] INFO Env - @{4 PONG}
inp.3 << 19:07:04.644 [main] INFO Env - @{3 PONG}
inp.1 << 19:07:04.644 [main] INFO Env - @{1 PONG}
out.3 >> lock
inp.3 << 19:07:04.645 [main] INFO Env - @{3 SEND 1} Message(Ask)
inp.3 << 19:07:04.645 [main] INFO Env - @{3 SEND 2} Message(Ask)
inp.2 << 19:07:04.646 [main] INFO Env - @{2 RCVD 3} Message(Ask)
inp.2 << 19:07:04.646 [main] INFO Env - @{2 SEND 3} Message(Share)
inp.3 << 19:07:04.646 [main] INFO Env - @{3 SEND 4} Message(Ask)
inp.1 << 19:07:04.646 [main] INFO Env - @{1 RCVD 3} Message(Ask)
inp.1 << 19:07:04.646 [main] INFO Env - @{1 SEND 3} Message(Share)
inp.3 << 19:07:04.647 [main] INFO Env - @{3 SEND 5} Message(Ask)
inp.3 << 19:07:04.647 [main] INFO Env - @{3 RCVD 2} Message(Share)
inp.3 << 19:07:04.647 [main] INFO Env - @{3 RCVD 1} Message(Share)
inp.5 << 19:07:04.647 [main] INFO Env - @{5 RCVD 3} Message(Ask)
inp.4 << 19:07:04.647 [main] INFO Env - @{4 RCVD 3} Message(Ask)
inp.4 << 19:07:04.648 [main] INFO Env - @{4 SEND 3} Message(Share)
inp.5 << 19:07:04.648 [main] INFO Env - @{5 SEND 3} Message(Share)
inp.3 << 19:07:04.648 [main] INFO Env - @{3 RCVD 4} Message(Share)
inp.3 << 19:07:04.648 [main] INFO Env - @{3 RCVD 5} Message(Share)
inp.3 << 19:07:04.648 [main] INFO Env - @{3 LOCKED}
out.3 >> unlock
inp.3 << 19:07:04.648 [main] INFO Env - @{3 UNLOCKED}
out.1 >> ping
out.2 >> ping
out.3 >> ping
out.4 >> ping
out.5 >> ping
inp.2 << 19:07:04.648 [main] INFO Env - @{2 PONG}
inp.4 << 19:07:04.648 [main] INFO Env - @{4 PONG}
inp.5 << 19:07:04.648 [main] INFO Env - @{5 PONG}
inp.1 << 19:07:04.649 [main] INFO Env - @{1 PONG}
inp.3 << 19:07:04.649 [main] INFO Env - @{3 PONG}
out.4 >> lock
inp.4 << 19:07:04.649 [main] INFO Env - @{4 SEND 1} Message(Ask)
inp.4 << 19:07:04.649 [main] INFO Env - @{4 SEND 2} Message(Ask)
inp.4 << 19:07:04.649 [main] INFO Env - @{4 SEND 3} Message(Ask)
inp.2 << 19:07:04.649 [main] INFO Env - @{2 RCVD 4} Message(Ask)
inp.2 << 19:07:04.649 [main] INFO Env - @{2 SEND 4} Message(Share)
inp.4 << 19:07:04.649 [main] INFO Env - @{4 RCVD 2} Message(Share)
inp.1 << 19:07:04.649 [main] INFO Env - @{1 RCVD 4} Message(Ask)
inp.1 << 19:07:04.649 [main] INFO Env - @{1 SEND 4} Message(Share)
inp.4 << 19:07:04.649 [main] INFO Env - @{4 RCVD 1} Message(Share)
inp.3 << 19:07:04.649 [main] INFO Env - @{3 RCVD 4} Message(Ask)
inp.3 << 19:07:04.649 [main] INFO Env - @{3 SEND 4} Message(Share)
inp.4 << 19:07:04.649 [main] INFO Env - @{4 RCVD 3} Message(Share)
inp.4 << 19:07:04.649 [main] INFO Env - @{4 LOCKED}
out.4 >> unlock
inp.4 << 19:07:04.650 [main] INFO Env - @{4 UNLOCKED}
out.1 >> ping
out.2 >> ping
out.3 >> ping
out.4 >> ping
out.5 >> ping
inp.2 << 19:07:04.650 [main] INFO Env - @{2 PONG}
inp.5 << 19:07:04.650 [main] INFO Env - @{5 PONG}
inp.4 << 19:07:04.650 [main] INFO Env - @{4 PONG}
inp.1 << 19:07:04.650 [main] INFO Env - @{1 PONG}
inp.3 << 19:07:04.650 [main] INFO Env - @{3 PONG}
out.5 >> lock
inp.5 << 19:07:04.650 [main] INFO Env - @{5 SEND 1} Message(Ask)
inp.5 << 19:07:04.650 [main] INFO Env - @{5 SEND 2} Message(Ask)
inp.5 << 19:07:04.650 [main] INFO Env - @{5 SEND 3} Message(Ask)
inp.5 << 19:07:04.650 [main] INFO Env - @{5 SEND 4} Message(Ask)
inp.2 << 19:07:04.650 [main] INFO Env - @{2 RCVD 5} Message(Ask)
inp.2 << 19:07:04.650 [main] INFO Env - @{2 SEND 5} Message(Share)
inp.5 << 19:07:04.650 [main] INFO Env - @{5 RCVD 2} Message(Share)
inp.4 << 19:07:04.650 [main] INFO Env - @{4 RCVD 5} Message(Ask)
inp.4 << 19:07:04.650 [main] INFO Env - @{4 SEND 5} Message(Share)
inp.1 << 19:07:04.650 [main] INFO Env - @{1 RCVD 5} Message(Ask)
inp.1 << 19:07:04.651 [main] INFO Env - @{1 SEND 5} Message(Share)
inp.5 << 19:07:04.651 [main] INFO Env - @{5 RCVD 4} Message(Share)
inp.5 << 19:07:04.651 [main] INFO Env - @{5 RCVD 1} Message(Share)
inp.3 << 19:07:04.651 [main] INFO Env - @{3 RCVD 5} Message(Ask)
inp.3 << 19:07:04.651 [main] INFO Env - @{3 SEND 5} Message(Share)
inp.5 << 19:07:04.651 [main] INFO Env - @{5 RCVD 3} Message(Share)
inp.5 << 19:07:04.651 [main] INFO Env - @{5 LOCKED}
out.5 >> unlock
inp.5 << 19:07:04.651 [main] INFO Env - @{5 UNLOCKED}
out.1 >> ping
out.2 >> ping
out.3 >> ping
out.4 >> ping
out.5 >> ping
inp.5 << 19:07:04.651 [main] INFO Env - @{5 PONG}
inp.2 << 19:07:04.651 [main] INFO Env - @{2 PONG}
inp.4 << 19:07:04.651 [main] INFO Env - @{4 PONG}
inp.1 << 19:07:04.651 [main] INFO Env - @{1 PONG}
inp.3 << 19:07:04.652 [main] INFO Env - @{3 PONG}
out.5 >> lock
out.3 >> lock
out.4 >> lock
out.1 >> lock
out.2 >> lock
inp.5 << 19:07:04.652 [main] INFO Env - @{5 LOCKED}
out.5 >> unlock
inp.5 << 19:07:04.652 [main] INFO Env - @{5 RCVD 4} Message(Ask)
inp.2 << 19:07:04.652 [main] INFO Env - @{2 SEND 3} Message(Ask)
inp.5 << 19:07:04.652 [main] INFO Env - @{5 UNLOCKED}
inp.5 << 19:07:04.652 [main] INFO Env - @{5 SEND 4} Message(Share)
inp.2 << 19:07:04.652 [main] INFO Env - @{2 SEND 4} Message(Ask)
inp.2 << 19:07:04.652 [main] INFO Env - @{2 SEND 5} Message(Ask)
inp.5 << 19:07:04.653 [main] INFO Env - @{5 RCVD 2} Message(Ask)
inp.3 << 19:07:04.653 [main] INFO Env - @{3 SEND 4} Message(Ask)
inp.5 << 19:07:04.653 [main] INFO Env - @{5 SEND 2} Message(Share)
inp.3 << 19:07:04.653 [main] INFO Env - @{3 SEND 5} Message(Ask)
inp.5 << 19:07:04.653 [main] INFO Env - @{5 RCVD 3} Message(Ask)
inp.2 << 19:07:04.653 [main] INFO Env - @{2 RCVD 5} Message(Share)
inp.1 << 19:07:04.653 [main] INFO Env - @{1 SEND 2} Message(Ask)
inp.5 << 19:07:04.653 [main] INFO Env - @{5 SEND 3} Message(Share)
inp.2 << 19:07:04.653 [main] INFO Env - @{2 RCVD 1} Message(Ask)
inp.2 << 19:07:04.653 [main] INFO Env - @{2 SEND 1} Message(Share)
inp.1 << 19:07:04.653 [main] INFO Env - @{1 SEND 3} Message(Ask)
inp.2 << 19:07:04.653 [main] INFO Env - @{2 SEND 1} Message(Ask)
inp.3 << 19:07:04.653 [main] INFO Env - @{3 RCVD 2} Message(Ask)
inp.1 << 19:07:04.653 [main] INFO Env - @{1 SEND 4} Message(Ask)
inp.1 << 19:07:04.653 [main] INFO Env - @{1 SEND 5} Message(Ask)
inp.5 << 19:07:04.653 [main] INFO Env - @{5 RCVD 1} Message(Ask)
inp.1 << 19:07:04.653 [main] INFO Env - @{1 RCVD 2} Message(Share)
inp.5 << 19:07:04.654 [main] INFO Env - @{5 SEND 1} Message(Share)
inp.1 << 19:07:04.654 [main] INFO Env - @{1 RCVD 2} Message(Ask)
inp.1 << 19:07:04.655 [main] INFO Env - @{1 RCVD 5} Message(Share)
inp.3 << 19:07:04.653 [main] INFO Env - @{3 SEND 2} Message(Share)
inp.3 << 19:07:04.657 [main] INFO Env - @{3 SEND 2} Message(Ask)
inp.3 << 19:07:04.657 [main] INFO Env - @{3 RCVD 5} Message(Share)
inp.3 << 19:07:04.658 [main] INFO Env - @{3 RCVD 1} Message(Ask)
inp.3 << 19:07:04.658 [main] INFO Env - @{3 SEND 1} Message(Share)
inp.3 << 19:07:04.658 [main] INFO Env - @{3 SEND 1} Message(Ask)
inp.2 << 19:07:04.658 [main] INFO Env - @{2 RCVD 3} Message(Share)
inp.2 << 19:07:04.658 [main] INFO Env - @{2 RCVD 3} Message(Ask)
inp.1 << 19:07:04.659 [main] INFO Env - @{1 RCVD 3} Message(Share)
inp.1 << 19:07:04.659 [main] INFO Env - @{1 RCVD 3} Message(Ask)
inp.4 << 19:07:04.652 [main] INFO Env - @{4 SEND 5} Message(Ask)
inp.4 << 19:07:04.653 [main] INFO Env - @{4 RCVD 5} Message(Share)
inp.4 << 19:07:04.653 [main] INFO Env - @{4 LOCKED}
inp.4 << 19:07:04.653 [main] INFO Env - @{4 RCVD 2} Message(Ask)
inp.4 << 19:07:04.653 [main] INFO Env - @{4 RCVD 3} Message(Ask)
inp.4 << 19:07:04.653 [main] INFO Env - @{4 RCVD 1} Message(Ask)
out.4 >> unlock
inp.4 << 19:07:04.666 [main] INFO Env - @{4 UNLOCKED}
inp.4 << 19:07:04.666 [main] INFO Env - @{4 SEND 1} Message(Share)
inp.4 << 19:07:04.666 [main] INFO Env - @{4 SEND 2} Message(Share)
inp.4 << 19:07:04.666 [main] INFO Env - @{4 SEND 3} Message(Share)
inp.2 << 19:07:04.666 [main] INFO Env - @{2 RCVD 4} Message(Share)
inp.1 << 19:07:04.666 [main] INFO Env - @{1 RCVD 4} Message(Share)
inp.1 << 19:07:04.666 [main] INFO Env - @{1 LOCKED}
out.1 >> unlock
inp.3 << 19:07:04.666 [main] INFO Env - @{3 RCVD 4} Message(Share)
inp.1 << 19:07:04.666 [main] INFO Env - @{1 UNLOCKED}
inp.1 << 19:07:04.666 [main] INFO Env - @{1 SEND 2} Message(Share)
inp.1 << 19:07:04.666 [main] INFO Env - @{1 SEND 3} Message(Share)
inp.2 << 19:07:04.666 [main] INFO Env - @{2 RCVD 1} Message(Share)
inp.3 << 19:07:04.667 [main] INFO Env - @{3 RCVD 1} Message(Share)
inp.2 << 19:07:04.667 [main] INFO Env - @{2 LOCKED}
out.2 >> unlock
inp.2 << 19:07:04.667 [main] INFO Env - @{2 UNLOCKED}
inp.2 << 19:07:04.667 [main] INFO Env - @{2 SEND 3} Message(Share)
inp.3 << 19:07:04.667 [main] INFO Env - @{3 RCVD 2} Message(Share)
inp.3 << 19:07:04.667 [main] INFO Env - @{3 LOCKED}
out.3 >> unlock
inp.3 << 19:07:04.667 [main] INFO Env - @{3 UNLOCKED}
out.1 >> ping
out.2 >> ping
out.3 >> ping
out.4 >> ping
out.5 >> ping
inp.2 << 19:07:04.667 [main] INFO Env - @{2 PONG}
inp.5 << 19:07:04.667 [main] INFO Env - @{5 PONG}
inp.1 << 19:07:04.667 [main] INFO Env - @{1 PONG}
inp.3 << 19:07:04.667 [main] INFO Env - @{3 PONG}
inp.4 << 19:07:04.667 [main] INFO Env - @{4 PONG}
out.3 >> lock
inp.3 << 19:07:04.667 [main] INFO Env - @{3 LOCKED}
out.3 >> unlock
inp.3 << 19:07:04.668 [main] INFO Env - @{3 UNLOCKED}
out.1 >> ping
out.2 >> ping
out.3 >> ping
out.4 >> ping
out.5 >> ping
inp.2 << 19:07:04.668 [main] INFO Env - @{2 PONG}
inp.5 << 19:07:04.668 [main] INFO Env - @{5 PONG}
inp.1 << 19:07:04.668 [main] INFO Env - @{1 PONG}
inp.4 << 19:07:04.668 [main] INFO Env - @{4 PONG}
inp.3 << 19:07:04.668 [main] INFO Env - @{3 PONG}
out.3 >> lock
inp.3 << 19:07:04.668 [main] INFO Env - @{3 LOCKED}
out.3 >> unlock
inp.3 << 19:07:04.668 [main] INFO Env - @{3 UNLOCKED}
out.1 >> ping
out.2 >> ping
out.3 >> ping
out.4 >> ping
out.5 >> ping
inp.5 << 19:07:04.668 [main] INFO Env - @{5 PONG}
inp.2 << 19:07:04.668 [main] INFO Env - @{2 PONG}
inp.4 << 19:07:04.668 [main] INFO Env - @{4 PONG}
inp.1 << 19:07:04.668 [main] INFO Env - @{1 PONG}
inp.3 << 19:07:04.669 [main] INFO Env - @{3 PONG}
out.3 >> lock
inp.3 << 19:07:04.669 [main] INFO Env - @{3 LOCKED}
out.3 >> unlock
inp.3 << 19:07:04.669 [main] INFO Env - @{3 UNLOCKED}
out.1 >> ping
out.2 >> ping
out.3 >> ping
out.4 >> ping
out.5 >> ping
inp.2 << 19:07:04.669 [main] INFO Env - @{2 PONG}
inp.5 << 19:07:04.669 [main] INFO Env - @{5 PONG}
inp.4 << 19:07:04.669 [main] INFO Env - @{4 PONG}
inp.1 << 19:07:04.669 [main] INFO Env - @{1 PONG}
inp.3 << 19:07:04.669 [main] INFO Env - @{3 PONG}
out.3 >> lock
out.5 >> lock
inp.3 << 19:07:04.669 [main] INFO Env - @{3 LOCKED}
out.3 >> unlock
inp.5 << 19:07:04.669 [main] INFO Env - @{5 SEND 1} Message(Ask)
inp.5 << 19:07:04.670 [main] INFO Env - @{5 SEND 2} Message(Ask)
inp.5 << 19:07:04.670 [main] INFO Env - @{5 SEND 3} Message(Ask)
inp.5 << 19:07:04.670 [main] INFO Env - @{5 SEND 4} Message(Ask)
inp.2 << 19:07:04.670 [main] INFO Env - @{2 RCVD 5} Message(Ask)
inp.2 << 19:07:04.670 [main] INFO Env - @{2 SEND 5} Message(Share)
inp.5 << 19:07:04.670 [main] INFO Env - @{5 RCVD 2} Message(Share)
inp.4 << 19:07:04.670 [main] INFO Env - @{4 RCVD 5} Message(Ask)
inp.4 << 19:07:04.670 [main] INFO Env - @{4 SEND 5} Message(Share)
inp.3 << 19:07:04.670 [main] INFO Env - @{3 UNLOCKED}
inp.3 << 19:07:04.670 [main] INFO Env - @{3 RCVD 5} Message(Ask)
inp.3 << 19:07:04.670 [main] INFO Env - @{3 SEND 5} Message(Share)
inp.5 << 19:07:04.670 [main] INFO Env - @{5 RCVD 4} Message(Share)
inp.5 << 19:07:04.670 [main] INFO Env - @{5 RCVD 3} Message(Share)
inp.1 << 19:07:04.670 [main] INFO Env - @{1 RCVD 5} Message(Ask)
inp.1 << 19:07:04.670 [main] INFO Env - @{1 SEND 5} Message(Share)
inp.5 << 19:07:04.671 [main] INFO Env - @{5 RCVD 1} Message(Share)
inp.5 << 19:07:04.671 [main] INFO Env - @{5 LOCKED}
out.5 >> unlock
inp.5 << 19:07:04.671 [main] INFO Env - @{5 UNLOCKED}
out.1 >> ping
out.2 >> ping
out.3 >> ping
out.4 >> ping
out.5 >> ping
inp.5 << 19:07:04.671 [main] INFO Env - @{5 PONG}
inp.2 << 19:07:04.671 [main] INFO Env - @{2 PONG}
inp.4 << 19:07:04.671 [main] INFO Env - @{4 PONG}
inp.1 << 19:07:04.671 [main] INFO Env - @{1 PONG}
inp.3 << 19:07:04.671 [main] INFO Env - @{3 PONG}
out.3 >> lock
out.5 >> lock
inp.5 << 19:07:04.671 [main] INFO Env - @{5 LOCKED}
inp.3 << 19:07:04.671 [main] INFO Env - @{3 SEND 5} Message(Ask)
out.5 >> unlock
inp.5 << 19:07:04.672 [main] INFO Env - @{5 RCVD 3} Message(Ask)
inp.5 << 19:07:04.672 [main] INFO Env - @{5 UNLOCKED}
inp.5 << 19:07:04.672 [main] INFO Env - @{5 SEND 3} Message(Share)
inp.3 << 19:07:04.672 [main] INFO Env - @{3 RCVD 5} Message(Share)
inp.3 << 19:07:04.672 [main] INFO Env - @{3 LOCKED}
out.3 >> unlock
inp.3 << 19:07:04.672 [main] INFO Env - @{3 UNLOCKED}
out.1 >> ping
out.2 >> ping
out.3 >> ping
out.4 >> ping
out.5 >> ping
inp.5 << 19:07:04.672 [main] INFO Env - @{5 PONG}
inp.2 << 19:07:04.672 [main] INFO Env - @{2 PONG}
inp.4 << 19:07:04.672 [main] INFO Env - @{4 PONG}
inp.1 << 19:07:04.672 [main] INFO Env - @{1 PONG}
inp.3 << 19:07:04.673 [main] INFO Env - @{3 PONG}
out.3 >> lock
out.5 >> lock
inp.3 << 19:07:04.673 [main] INFO Env - @{3 LOCKED}
out.3 >> unlock
inp.5 << 19:07:04.673 [main] INFO Env - @{5 SEND 3} Message(Ask)
inp.3 << 19:07:04.673 [main] INFO Env - @{3 UNLOCKED}
inp.3 << 19:07:04.673 [main] INFO Env - @{3 RCVD 5} Message(Ask)
inp.3 << 19:07:04.673 [main] INFO Env - @{3 SEND 5} Message(Share)
inp.5 << 19:07:04.673 [main] INFO Env - @{5 RCVD 3} Message(Share)
inp.5 << 19:07:04.673 [main] INFO Env - @{5 LOCKED}
out.5 >> unlock
inp.5 << 19:07:04.673 [main] INFO Env - @{5 UNLOCKED}
out.1 >> ping
out.2 >> ping
out.3 >> ping
out.4 >> ping
out.5 >> ping
inp.5 << 19:07:04.674 [main] INFO Env - @{5 PONG}
inp.2 << 19:07:04.674 [main] INFO Env - @{2 PONG}
inp.4 << 19:07:04.674 [main] INFO Env - @{4 PONG}
inp.1 << 19:07:04.674 [main] INFO Env - @{1 PONG}
inp.3 << 19:07:04.674 [main] INFO Env - @{3 PONG}
out.1 >> ping
out.2 >> ping
out.3 >> ping
out.4 >> ping
out.5 >> ping
inp.5 << 19:07:04.674 [main] INFO Env - @{5 PONG}
inp.2 << 19:07:04.674 [main] INFO Env - @{2 PONG}
inp.4 << 19:07:04.674 [main] INFO Env - @{4 PONG}
inp.1 << 19:07:04.674 [main] INFO Env - @{1 PONG}
inp.3 << 19:07:04.674 [main] INFO Env - @{3 PONG}
out.1 >> lock
inp.1 << 19:07:04.674 [main] INFO Env - @{1 SEND 2} Message(Ask)
inp.1 << 19:07:04.675 [main] INFO Env - @{1 SEND 3} Message(Ask)
inp.1 << 19:07:04.675 [main] INFO Env - @{1 SEND 5} Message(Ask)
inp.2 << 19:07:04.675 [main] INFO Env - @{2 RCVD 1} Message(Ask)
inp.2 << 19:07:04.675 [main] INFO Env - @{2 SEND 1} Message(Share)
inp.5 << 19:07:04.675 [main] INFO Env - @{5 RCVD 1} Message(Ask)
inp.5 << 19:07:04.675 [main] INFO Env - @{5 SEND 1} Message(Share)
inp.1 << 19:07:04.675 [main] INFO Env - @{1 RCVD 2} Message(Share)
inp.1 << 19:07:04.675 [main] INFO Env - @{1 RCVD 5} Message(Share)
inp.3 << 19:07:04.675 [main] INFO Env - @{3 RCVD 1} Message(Ask)
inp.3 << 19:07:04.675 [main] INFO Env - @{3 SEND 1} Message(Share)
inp.1 << 19:07:04.675 [main] INFO Env - @{1 RCVD 3} Message(Share)
inp.1 << 19:07:04.675 [main] INFO Env - @{1 LOCKED}
out.1 >> unlock
inp.1 << 19:07:04.675 [main] INFO Env - @{1 UNLOCKED}
out.1 >> ping
out.2 >> ping
out.3 >> ping
out.4 >> ping
out.5 >> ping
inp.5 << 19:07:04.675 [main] INFO Env - @{5 PONG}
inp.2 << 19:07:04.675 [main] INFO Env - @{2 PONG}
inp.1 << 19:07:04.676 [main] INFO Env - @{1 PONG}
inp.4 << 19:07:04.676 [main] INFO Env - @{4 PONG}
inp.3 << 19:07:04.676 [main] INFO Env - @{3 PONG}
out.2 >> lock
inp.2 << 19:07:04.676 [main] INFO Env - @{2 SEND 1} Message(Ask)
inp.2 << 19:07:04.676 [main] INFO Env - @{2 SEND 3} Message(Ask)
inp.2 << 19:07:04.676 [main] INFO Env - @{2 SEND 5} Message(Ask)
inp.5 << 19:07:04.676 [main] INFO Env - @{5 RCVD 2} Message(Ask)
inp.1 << 19:07:04.676 [main] INFO Env - @{1 RCVD 2} Message(Ask)
inp.1 << 19:07:04.676 [main] INFO Env - @{1 SEND 2} Message(Share)
inp.3 << 19:07:04.676 [main] INFO Env - @{3 RCVD 2} Message(Ask)
inp.5 << 19:07:04.676 [main] INFO Env - @{5 SEND 2} Message(Share)
inp.2 << 19:07:04.676 [main] INFO Env - @{2 RCVD 1} Message(Share)
inp.3 << 19:07:04.676 [main] INFO Env - @{3 SEND 2} Message(Share)
inp.2 << 19:07:04.676 [main] INFO Env - @{2 RCVD 5} Message(Share)
inp.2 << 19:07:04.676 [main] INFO Env - @{2 RCVD 3} Message(Share)
inp.2 << 19:07:04.676 [main] INFO Env - @{2 LOCKED}
out.2 >> unlock
inp.2 << 19:07:04.676 [main] INFO Env - @{2 UNLOCKED}
out.1 >> ping
out.2 >> ping
out.3 >> ping
out.4 >> ping
out.5 >> ping
inp.5 << 19:07:04.677 [main] INFO Env - @{5 PONG}
inp.2 << 19:07:04.677 [main] INFO Env - @{2 PONG}
inp.4 << 19:07:04.677 [main] INFO Env - @{4 PONG}
inp.1 << 19:07:04.677 [main] INFO Env - @{1 PONG}
inp.3 << 19:07:04.677 [main] INFO Env - @{3 PONG}
out.3 >> lock
inp.3 << 19:07:04.677 [main] INFO Env - @{3 SEND 1} Message(Ask)
inp.3 << 19:07:04.677 [main] INFO Env - @{3 SEND 2} Message(Ask)
inp.3 << 19:07:04.677 [main] INFO Env - @{3 SEND 5} Message(Ask)
inp.2 << 19:07:04.677 [main] INFO Env - @{2 RCVD 3} Message(Ask)
inp.2 << 19:07:04.677 [main] INFO Env - @{2 SEND 3} Message(Share)
inp.5 << 19:07:04.677 [main] INFO Env - @{5 RCVD 3} Message(Ask)
inp.5 << 19:07:04.677 [main] INFO Env - @{5 SEND 3} Message(Share)
inp.3 << 19:07:04.677 [main] INFO Env - @{3 RCVD 2} Message(Share)
inp.3 << 19:07:04.677 [main] INFO Env - @{3 RCVD 5} Message(Share)
inp.1 << 19:07:04.677 [main] INFO Env - @{1 RCVD 3} Message(Ask)
inp.1 << 19:07:04.677 [main] INFO Env - @{1 SEND 3} Message(Share)
inp.3 << 19:07:04.677 [main] INFO Env - @{3 RCVD 1} Message(Share)
inp.3 << 19:07:04.677 [main] INFO Env - @{3 LOCKED}
out.3 >> unlock
inp.3 << 19:07:04.678 [main] INFO Env - @{3 UNLOCKED}
out.1 >> ping
out.2 >> ping
out.3 >> ping
out.4 >> ping
out.5 >> ping
inp.5 << 19:07:04.678 [main] INFO Env - @{5 PONG}
inp.2 << 19:07:04.678 [main] INFO Env - @{2 PONG}
inp.4 << 19:07:04.678 [main] INFO Env - @{4 PONG}
inp.1 << 19:07:04.678 [main] INFO Env - @{1 PONG}
inp.3 << 19:07:04.678 [main] INFO Env - @{3 PONG}
out.4 >> lock
inp.4 << 19:07:04.678 [main] INFO Env - @{4 SEND 1} Message(Ask)
inp.4 << 19:07:04.678 [main] INFO Env - @{4 SEND 2} Message(Ask)
inp.4 << 19:07:04.679 [main] INFO Env - @{4 SEND 3} Message(Ask)
inp.4 << 19:07:04.679 [main] INFO Env - @{4 SEND 5} Message(Ask)
inp.5 << 19:07:04.679 [main] INFO Env - @{5 RCVD 4} Message(Ask)
inp.1 << 19:07:04.679 [main] INFO Env - @{1 RCVD 4} Message(Ask)
inp.2 << 19:07:04.679 [main] INFO Env - @{2 RCVD 4} Message(Ask)
inp.5 << 19:07:04.679 [main] INFO Env - @{5 SEND 4} Message(Share)
inp.2 << 19:07:04.679 [main] INFO Env - @{2 SEND 4} Message(Share)
inp.1 << 19:07:04.679 [main] INFO Env - @{1 SEND 4} Message(Share)
inp.4 << 19:07:04.679 [main] INFO Env - @{4 RCVD 2} Message(Share)
inp.4 << 19:07:04.679 [main] INFO Env - @{4 RCVD 1} Message(Share)
inp.4 << 19:07:04.679 [main] INFO Env - @{4 RCVD 5} Message(Share)
inp.3 << 19:07:04.679 [main] INFO Env - @{3 RCVD 4} Message(Ask)
inp.3 << 19:07:04.679 [main] INFO Env - @{3 SEND 4} Message(Share)
inp.4 << 19:07:04.679 [main] INFO Env - @{4 RCVD 3} Message(Share)
inp.4 << 19:07:04.679 [main] INFO Env - @{4 LOCKED}
out.4 >> unlock
inp.4 << 19:07:04.679 [main] INFO Env - @{4 UNLOCKED}
out.1 >> ping
out.2 >> ping
out.3 >> ping
out.4 >> ping
out.5 >> ping
inp.2 << 19:07:04.679 [main] INFO Env - @{2 PONG}
inp.5 << 19:07:04.679 [main] INFO Env - @{5 PONG}
inp.4 << 19:07:04.680 [main] INFO Env - @{4 PONG}
inp.1 << 19:07:04.680 [main] INFO Env - @{1 PONG}
inp.3 << 19:07:04.680 [main] INFO Env - @{3 PONG}
out.5 >> lock
inp.5 << 19:07:04.680 [main] INFO Env - @{5 SEND 1} Message(Ask)
inp.5 << 19:07:04.680 [main] INFO Env - @{5 SEND 2} Message(Ask)
inp.5 << 19:07:04.680 [main] INFO Env - @{5 SEND 3} Message(Ask)
inp.5 << 19:07:04.680 [main] INFO Env - @{5 SEND 4} Message(Ask)
inp.2 << 19:07:04.680 [main] INFO Env - @{2 RCVD 5} Message(Ask)
inp.2 << 19:07:04.680 [main] INFO Env - @{2 SEND 5} Message(Share)
inp.5 << 19:07:04.680 [main] INFO Env - @{5 RCVD 2} Message(Share)
inp.4 << 19:07:04.680 [main] INFO Env - @{4 RCVD 5} Message(Ask)
inp.4 << 19:07:04.680 [main] INFO Env - @{4 SEND 5} Message(Share)
inp.5 << 19:07:04.680 [main] INFO Env - @{5 RCVD 4} Message(Share)
inp.1 << 19:07:04.680 [main] INFO Env - @{1 RCVD 5} Message(Ask)
inp.1 << 19:07:04.680 [main] INFO Env - @{1 SEND 5} Message(Share)
inp.5 << 19:07:04.681 [main] INFO Env - @{5 RCVD 1} Message(Share)
inp.3 << 19:07:04.681 [main] INFO Env - @{3 RCVD 5} Message(Ask)
inp.3 << 19:07:04.681 [main] INFO Env - @{3 SEND 5} Message(Share)
inp.5 << 19:07:04.681 [main] INFO Env - @{5 RCVD 3} Message(Share)
inp.5 << 19:07:04.681 [main] INFO Env - @{5 LOCKED}
out.5 >> unlock
inp.5 << 19:07:04.681 [main] INFO Env - @{5 UNLOCKED}
out.1 >> ping
out.2 >> ping
out.3 >> ping
out.4 >> ping
out.5 >> ping
inp.5 << 19:07:04.681 [main] INFO Env - @{5 PONG}
inp.2 << 19:07:04.681 [main] INFO Env - @{2 PONG}
inp.4 << 19:07:04.681 [main] INFO Env - @{4 PONG}
inp.1 << 19:07:04.681 [main] INFO Env - @{1 PONG}
inp.3 << 19:07:04.681 [main] INFO Env - @{3 PONG}
out.3 >> lock
out.4 >> lock
out.5 >> lock
out.2 >> lock
out.1 >> lock
inp.5 << 19:07:04.682 [main] INFO Env - @{5 LOCKED}
inp.4 << 19:07:04.682 [main] INFO Env - @{4 SEND 5} Message(Ask)
out.5 >> unlock
inp.5 << 19:07:04.682 [main] INFO Env - @{5 RCVD 4} Message(Ask)
inp.5 << 19:07:04.682 [main] INFO Env - @{5 UNLOCKED}
inp.5 << 19:07:04.682 [main] INFO Env - @{5 SEND 4} Message(Share)
inp.4 << 19:07:04.682 [main] INFO Env - @{4 RCVD 5} Message(Share)
inp.4 << 19:07:04.682 [main] INFO Env - @{4 LOCKED}
inp.2 << 19:07:04.682 [main] INFO Env - @{2 SEND 3} Message(Ask)
out.4 >> unlock
inp.2 << 19:07:04.682 [main] INFO Env - @{2 SEND 4} Message(Ask)
inp.2 << 19:07:04.682 [main] INFO Env - @{2 SEND 5} Message(Ask)
inp.5 << 19:07:04.682 [main] INFO Env - @{5 RCVD 2} Message(Ask)
inp.4 << 19:07:04.682 [main] INFO Env - @{4 UNLOCKED}
inp.5 << 19:07:04.682 [main] INFO Env - @{5 SEND 2} Message(Share)
inp.4 << 19:07:04.682 [main] INFO Env - @{4 RCVD 2} Message(Ask)
inp.4 << 19:07:04.682 [main] INFO Env - @{4 SEND 2} Message(Share)
inp.2 << 19:07:04.682 [main] INFO Env - @{2 RCVD 5} Message(Share)
inp.2 << 19:07:04.682 [main] INFO Env - @{2 RCVD 4} Message(Share)
inp.3 << 19:07:04.682 [main] INFO Env - @{3 SEND 4} Message(Ask)
inp.3 << 19:07:04.683 [main] INFO Env - @{3 SEND 5} Message(Ask)
inp.1 << 19:07:04.682 [main] INFO Env - @{1 SEND 2} Message(Ask)
inp.4 << 19:07:04.683 [main] INFO Env - @{4 RCVD 3} Message(Ask)
inp.4 << 19:07:04.683 [main] INFO Env - @{4 SEND 3} Message(Share)
inp.2 << 19:07:04.683 [main] INFO Env - @{2 RCVD 1} Message(Ask)
inp.2 << 19:07:04.683 [main] INFO Env - @{2 SEND 1} Message(Share)
inp.3 << 19:07:04.683 [main] INFO Env - @{3 RCVD 2} Message(Ask)
inp.3 << 19:07:04.683 [main] INFO Env - @{3 SEND 2} Message(Share)
inp.3 << 19:07:04.683 [main] INFO Env - @{3 SEND 2} Message(Ask)
inp.3 << 19:07:04.683 [main] INFO Env - @{3 RCVD 4} Message(Share)
inp.5 << 19:07:04.683 [main] INFO Env - @{5 RCVD 3} Message(Ask)
inp.2 << 19:07:04.683 [main] INFO Env - @{2 SEND 1} Message(Ask)
inp.5 << 19:07:04.683 [main] INFO Env - @{5 SEND 3} Message(Share)
inp.2 << 19:07:04.683 [main] INFO Env - @{2 RCVD 3} Message(Share)
inp.3 << 19:07:04.683 [main] INFO Env - @{3 RCVD 5} Message(Share)
inp.2 << 19:07:04.683 [main] INFO Env - @{2 RCVD 3} Message(Ask)
inp.1 << 19:07:04.683 [main] INFO Env - @{1 SEND 3} Message(Ask)
inp.3 << 19:07:04.683 [main] INFO Env - @{3 RCVD 1} Message(Ask)
inp.1 << 19:07:04.683 [main] INFO Env - @{1 SEND 4} Message(Ask)
inp.1 << 19:07:04.683 [main] INFO Env - @{1 SEND 5} Message(Ask)
inp.1 << 19:07:04.683 [main] INFO Env - @{1 RCVD 2} Message(Share)
inp.1 << 19:07:04.683 [main] INFO Env - @{1 RCVD 2} Message(Ask)
inp.5 << 19:07:04.683 [main] INFO Env - @{5 RCVD 1} Message(Ask)
inp.5 << 19:07:04.683 [main] INFO Env - @{5 SEND 1} Message(Share)
inp.4 << 19:07:04.683 [main] INFO Env - @{4 RCVD 1} Message(Ask)
inp.4 << 19:07:04.683 [main] INFO Env - @{4 SEND 1} Message(Share)
inp.3 << 19:07:04.683 [main] INFO Env - @{3 SEND 1} Message(Share)
inp.3 << 19:07:04.683 [main] INFO Env - @{3 SEND 1} Message(Ask)
inp.1 << 19:07:04.683 [main] INFO Env - @{1 RCVD 5} Message(Share)
inp.1 << 19:07:04.683 [main] INFO Env - @{1 RCVD 4} Message(Share)
inp.1 << 19:07:04.683 [main] INFO Env - @{1 RCVD 3} Message(Share)
inp.1 << 19:07:04.683 [main] INFO Env - @{1 LOCKED}
inp.1 << 19:07:04.683 [main] INFO Env - @{1 RCVD 3} Message(Ask)
out.1 >> unlock
inp.1 << 19:07:04.684 [main] INFO Env - @{1 UNLOCKED}
inp.1 << 19:07:04.684 [main] INFO Env - @{1 SEND 2} Message(Share)
inp.1 << 19:07:04.684 [main] INFO Env - @{1 SEND 3} Message(Share)
inp.2 << 19:07:04.684 [main] INFO Env - @{2 RCVD 1} Message(Share)
inp.2 << 19:07:04.684 [main] INFO Env - @{2 LOCKED}
inp.3 << 19:07:04.684 [main] INFO Env - @{3 RCVD 1} Message(Share)
out.2 >> unlock
inp.2 << 19:07:04.684 [main] INFO Env - @{2 UNLOCKED}
inp.2 << 19:07:04.684 [main] INFO Env - @{2 SEND 3} Message(Share)
inp.3 << 19:07:04.684 [main] INFO Env - @{3 RCVD 2} Message(Share)
inp.3 << 19:07:04.684 [main] INFO Env - @{3 LOCKED}
out.3 >> unlock
inp.3 << 19:07:04.684 [main] INFO Env - @{3 UNLOCKED}
out.1 >> ping
out.2 >> ping
out.3 >> ping
out.4 >> ping
out.5 >> ping
inp.1 << 19:07:04.684 [main] INFO Env - @{1 PONG}
inp.5 << 19:07:04.685 [main] INFO Env - @{5 PONG}
inp.2 << 19:07:04.685 [main] INFO Env - @{2 PONG}
inp.3 << 19:07:04.685 [main] INFO Env - @{3 PONG}
inp.4 << 19:07:04.685 [main] INFO Env - @{4 PONG}
out.3 >> lock
inp.3 << 19:07:04.685 [main] INFO Env - @{3 LOCKED}
out.3 >> unlock
inp.3 << 19:07:04.685 [main] INFO Env - @{3 UNLOCKED}
out.1 >> ping
out.2 >> ping
out.3 >> ping
out.4 >> ping
out.5 >> ping
inp.2 << 19:07:04.685 [main] INFO Env - @{2 PONG}
inp.5 << 19:07:04.685 [main] INFO Env - @{5 PONG}
inp.4 << 19:07:04.685 [main] INFO Env - @{4 PONG}
inp.1 << 19:07:04.685 [main] INFO Env - @{1 PONG}
inp.3 << 19:07:04.685 [main] INFO Env - @{3 PONG}
out.3 >> lock
inp.3 << 19:07:04.686 [main] INFO Env - @{3 LOCKED}
out.3 >> unlock
inp.3 << 19:07:04.686 [main] INFO Env - @{3 UNLOCKED}
out.1 >> ping
out.2 >> ping
out.3 >> ping
out.4 >> ping
out.5 >> ping
inp.5 << 19:07:04.686 [main] INFO Env - @{5 PONG}
inp.2 << 19:07:04.686 [main] INFO Env - @{2 PONG}
inp.4 << 19:07:04.686 [main] INFO Env - @{4 PONG}
inp.1 << 19:07:04.686 [main] INFO Env - @{1 PONG}
inp.3 << 19:07:04.686 [main] INFO Env - @{3 PONG}
out.3 >> lock
inp.3 << 19:07:04.686 [main] INFO Env - @{3 LOCKED}
out.3 >> unlock
inp.3 << 19:07:04.686 [main] INFO Env - @{3 UNLOCKED}
out.1 >> ping
out.2 >> ping
out.3 >> ping
out.4 >> ping
out.5 >> ping
inp.5 << 19:07:04.687 [main] INFO Env - @{5 PONG}
inp.2 << 19:07:04.687 [main] INFO Env - @{2 PONG}
inp.4 << 19:07:04.687 [main] INFO Env - @{4 PONG}
inp.1 << 19:07:04.687 [main] INFO Env - @{1 PONG}
inp.3 << 19:07:04.687 [main] INFO Env - @{3 PONG}
out.3 >> lock
out.2 >> lock
inp.3 << 19:07:04.687 [main] INFO Env - @{3 LOCKED}
inp.2 << 19:07:04.687 [main] INFO Env - @{2 SEND 3} Message(Ask)
out.3 >> unlock
inp.3 << 19:07:04.687 [main] INFO Env - @{3 RCVD 2} Message(Ask)
inp.3 << 19:07:04.687 [main] INFO Env - @{3 UNLOCKED}
inp.3 << 19:07:04.687 [main] INFO Env - @{3 SEND 2} Message(Share)
inp.2 << 19:07:04.687 [main] INFO Env - @{2 RCVD 3} Message(Share)
inp.2 << 19:07:04.687 [main] INFO Env - @{2 LOCKED}
out.2 >> unlock
inp.2 << 19:07:04.688 [main] INFO Env - @{2 UNLOCKED}
out.1 >> ping
out.2 >> ping
out.3 >> ping
out.4 >> ping
out.5 >> ping
inp.2 << 19:07:04.688 [main] INFO Env - @{2 PONG}
inp.4 << 19:07:04.688 [main] INFO Env - @{4 PONG}
inp.5 << 19:07:04.688 [main] INFO Env - @{5 PONG}
inp.1 << 19:07:04.688 [main] INFO Env - @{1 PONG}
inp.3 << 19:07:04.688 [main] INFO Env - @{3 PONG}
out.3 >> lock
out.2 >> lock
inp.2 << 19:07:04.688 [main] INFO Env - @{2 LOCKED}
inp.3 << 19:07:04.688 [main] INFO Env - @{3 SEND 2} Message(Ask)
out.2 >> unlock
inp.2 << 19:07:04.688 [main] INFO Env - @{2 RCVD 3} Message(Ask)
inp.2 << 19:07:04.688 [main] INFO Env - @{2 UNLOCKED}
inp.2 << 19:07:04.688 [main] INFO Env - @{2 SEND 3} Message(Share)
inp.3 << 19:07:04.689 [main] INFO Env - @{3 RCVD 2} Message(Share)
inp.3 << 19:07:04.689 [main] INFO Env - @{3 LOCKED}
out.3 >> unlock
inp.3 << 19:07:04.689 [main] INFO Env - @{3 UNLOCKED}
out.1 >> ping
out.2 >> ping
out.3 >> ping
out.4 >> ping
out.5 >> ping
inp.2 << 19:07:04.689 [main] INFO Env - @{2 PONG}
inp.5 << 19:07:04.689 [main] INFO Env - @{5 PONG}
inp.4 << 19:07:04.689 [main] INFO Env - @{4 PONG}
inp.1 << 19:07:04.689 [main] INFO Env - @{1 PONG}
inp.3 << 19:07:04.689 [main] INFO Env - @{3 PONG}
out.3 >> lock
out.2 >> lock
inp.3 << 19:07:04.689 [main] INFO Env - @{3 LOCKED}
inp.2 << 19:07:04.689 [main] INFO Env - @{2 SEND 3} Message(Ask)
out.3 >> unlock
inp.3 << 19:07:04.690 [main] INFO Env - @{3 RCVD 2} Message(Ask)
inp.3 << 19:07:04.690 [main] INFO Env - @{3 UNLOCKED}
inp.3 << 19:07:04.690 [main] INFO Env - @{3 SEND 2} Message(Share)
inp.2 << 19:07:04.690 [main] INFO Env - @{2 RCVD 3} Message(Share)
inp.2 << 19:07:04.690 [main] INFO Env - @{2 LOCKED}
out.2 >> unlock
inp.2 << 19:07:04.690 [main] INFO Env - @{2 UNLOCKED}
out.1 >> ping
out.2 >> ping
out.3 >> ping
out.4 >> ping
inp.2 << 19:07:04.690 [main] INFO Env - @{2 PONG}
inp.4 << 19:07:04.690 [main] INFO Env - @{4 PONG}
inp.3 << 19:07:04.690 [main] INFO Env - @{3 PONG}
inp.1 << 19:07:04.690 [main] INFO Env - @{1 PONG}
out.5 >> ping
inp.5 << 19:07:04.691 [main] INFO Env - @{5 PONG}
out.1 >> ping
out.2 >> ping
out.3 >> ping
out.4 >> ping
out.5 >> ping
inp.2 << 19:07:04.691 [main] INFO Env - @{2 PONG}
inp.5 << 19:07:04.691 [main] INFO Env - @{5 PONG}
inp.4 << 19:07:04.691 [main] INFO Env - @{4 PONG}
inp.1 << 19:07:04.691 [main] INFO Env - @{1 PONG}
inp.3 << 19:07:04.691 [main] INFO Env - @{3 PONG}
out.1 >> lock
inp.1 << 19:07:04.691 [main] INFO Env - @{1 SEND 2} Message(Ask)
inp.1 << 19:07:04.692 [main] INFO Env - @{1 SEND 3} Message(Ask)
inp.2 << 19:07:04.692 [main] INFO Env - @{2 RCVD 1} Message(Ask)
inp.2 << 19:07:04.692 [main] INFO Env - @{2 SEND 1} Message(Share)
inp.3 << 19:07:04.692 [main] INFO Env - @{3 RCVD 1} Message(Ask)
inp.3 << 19:07:04.692 [main] INFO Env - @{3 SEND 1} Message(Share)
inp.1 << 19:07:04.692 [main] INFO Env - @{1 RCVD 2} Message(Share)
inp.1 << 19:07:04.692 [main] INFO Env - @{1 RCVD 3} Message(Share)
inp.1 << 19:07:04.692 [main] INFO Env - @{1 LOCKED}
out.1 >> unlock
inp.1 << 19:07:04.692 [main] INFO Env - @{1 UNLOCKED}
out.1 >> ping
out.2 >> ping
out.3 >> ping
out.4 >> ping
out.5 >> ping
inp.5 << 19:07:04.692 [main] INFO Env - @{5 PONG}
inp.2 << 19:07:04.692 [main] INFO Env - @{2 PONG}
inp.1 << 19:07:04.693 [main] INFO Env - @{1 PONG}
inp.4 << 19:07:04.693 [main] INFO Env - @{4 PONG}
inp.3 << 19:07:04.693 [main] INFO Env - @{3 PONG}
out.2 >> lock
inp.2 << 19:07:04.693 [main] INFO Env - @{2 SEND 1} Message(Ask)
inp.1 << 19:07:04.693 [main] INFO Env - @{1 RCVD 2} Message(Ask)
inp.1 << 19:07:04.693 [main] INFO Env - @{1 SEND 2} Message(Share)
inp.2 << 19:07:04.693 [main] INFO Env - @{2 RCVD 1} Message(Share)
inp.2 << 19:07:04.693 [main] INFO Env - @{2 LOCKED}
out.2 >> unlock
inp.2 << 19:07:04.693 [main] INFO Env - @{2 UNLOCKED}
out.1 >> ping
out.2 >> ping
out.3 >> ping
out.4 >> ping
out.5 >> ping
inp.2 << 19:07:04.693 [main] INFO Env - @{2 PONG}
inp.5 << 19:07:04.693 [main] INFO Env - @{5 PONG}
inp.4 << 19:07:04.693 [main] INFO Env - @{4 PONG}
inp.1 << 19:07:04.694 [main] INFO Env - @{1 PONG}
inp.3 << 19:07:04.694 [main] INFO Env - @{3 PONG}
out.3 >> lock
inp.3 << 19:07:04.694 [main] INFO Env - @{3 SEND 1} Message(Ask)
inp.3 << 19:07:04.694 [main] INFO Env - @{3 SEND 2} Message(Ask)
inp.2 << 19:07:04.694 [main] INFO Env - @{2 RCVD 3} Message(Ask)
inp.2 << 19:07:04.694 [main] INFO Env - @{2 SEND 3} Message(Share)
inp.1 << 19:07:04.694 [main] INFO Env - @{1 RCVD 3} Message(Ask)
inp.1 << 19:07:04.694 [main] INFO Env - @{1 SEND 3} Message(Share)
inp.3 << 19:07:04.694 [main] INFO Env - @{3 RCVD 1} Message(Share)
inp.3 << 19:07:04.694 [main] INFO Env - @{3 RCVD 2} Message(Share)
inp.3 << 19:07:04.694 [main] INFO Env - @{3 LOCKED}
out.3 >> unlock
inp.3 << 19:07:04.694 [main] INFO Env - @{3 UNLOCKED}
out.1 >> ping
out.2 >> ping
out.3 >> ping
out.4 >> ping
out.5 >> ping
inp.2 << 19:07:04.695 [main] INFO Env - @{2 PONG}
inp.4 << 19:07:04.695 [main] INFO Env - @{4 PONG}
inp.1 << 19:07:04.695 [main] INFO Env - @{1 PONG}
inp.5 << 19:07:04.694 [main] INFO Env - @{5 PONG}
inp.3 << 19:07:04.695 [main] INFO Env - @{3 PONG}
out.4 >> lock
inp.4 << 19:07:04.695 [main] INFO Env - @{4 SEND 1} Message(Ask)
inp.4 << 19:07:04.695 [main] INFO Env - @{4 SEND 2} Message(Ask)
inp.4 << 19:07:04.695 [main] INFO Env - @{4 SEND 3} Message(Ask)
inp.2 << 19:07:04.695 [main] INFO Env - @{2 RCVD 4} Message(Ask)
inp.2 << 19:07:04.695 [main] INFO Env - @{2 SEND 4} Message(Share)
inp.1 << 19:07:04.695 [main] INFO Env - @{1 RCVD 4} Message(Ask)
inp.1 << 19:07:04.695 [main] INFO Env - @{1 SEND 4} Message(Share)
inp.4 << 19:07:04.695 [main] INFO Env - @{4 RCVD 2} Message(Share)
inp.4 << 19:07:04.695 [main] INFO Env - @{4 RCVD 1} Message(Share)
inp.3 << 19:07:04.695 [main] INFO Env - @{3 RCVD 4} Message(Ask)
inp.3 << 19:07:04.695 [main] INFO Env - @{3 SEND 4} Message(Share)
inp.4 << 19:07:04.695 [main] INFO Env - @{4 RCVD 3} Message(Share)
inp.4 << 19:07:04.695 [main] INFO Env - @{4 LOCKED}
out.4 >> unlock
inp.4 << 19:07:04.696 [main] INFO Env - @{4 UNLOCKED}
out.1 >> ping
out.2 >> ping
out.3 >> ping
out.4 >> ping
out.5 >> ping
inp.5 << 19:07:04.696 [main] INFO Env - @{5 PONG}
inp.2 << 19:07:04.696 [main] INFO Env - @{2 PONG}
inp.4 << 19:07:04.696 [main] INFO Env - @{4 PONG}
inp.1 << 19:07:04.696 [main] INFO Env - @{1 PONG}
inp.3 << 19:07:04.696 [main] INFO Env - @{3 PONG}
out.5 >> lock
inp.5 << 19:07:04.697 [main] INFO Env - @{5 SEND 1} Message(Ask)
inp.5 << 19:07:04.697 [main] INFO Env - @{5 SEND 2} Message(Ask)
inp.5 << 19:07:04.697 [main] INFO Env - @{5 SEND 3} Message(Ask)
inp.5 << 19:07:04.697 [main] INFO Env - @{5 SEND 4} Message(Ask)
inp.2 << 19:07:04.697 [main] INFO Env - @{2 RCVD 5} Message(Ask)
inp.4 << 19:07:04.697 [main] INFO Env - @{4 RCVD 5} Message(Ask)
inp.2 << 19:07:04.697 [main] INFO Env - @{2 SEND 5} Message(Share)
inp.1 << 19:07:04.697 [main] INFO Env - @{1 RCVD 5} Message(Ask)
inp.1 << 19:07:04.697 [main] INFO Env - @{1 SEND 5} Message(Share)
inp.4 << 19:07:04.697 [main] INFO Env - @{4 SEND 5} Message(Share)
inp.5 << 19:07:04.697 [main] INFO Env - @{5 RCVD 2} Message(Share)
inp.5 << 19:07:04.697 [main] INFO Env - @{5 RCVD 4} Message(Share)
inp.5 << 19:07:04.697 [main] INFO Env - @{5 RCVD 1} Message(Share)
inp.3 << 19:07:04.697 [main] INFO Env - @{3 RCVD 5} Message(Ask)
inp.3 << 19:07:04.697 [main] INFO Env - @{3 SEND 5} Message(Share)
inp.5 << 19:07:04.698 [main] INFO Env - @{5 RCVD 3} Message(Share)
inp.5 << 19:07:04.698 [main] INFO Env - @{5 LOCKED}
out.5 >> unlock
inp.5 << 19:07:04.698 [main] INFO Env - @{5 UNLOCKED}
out.1 >> ping
out.2 >> ping
out.3 >> ping
out.4 >> ping
out.5 >> ping
inp.5 << 19:07:04.698 [main] INFO Env - @{5 PONG}
inp.4 << 19:07:04.698 [main] INFO Env - @{4 PONG}
inp.2 << 19:07:04.698 [main] INFO Env - @{2 PONG}
inp.1 << 19:07:04.698 [main] INFO Env - @{1 PONG}
inp.3 << 19:07:04.698 [main] INFO Env - @{3 PONG}
out.4 >> lock
out.3 >> lock
out.5 >> lock
out.1 >> lock
out.2 >> lock
inp.5 << 19:07:04.698 [main] INFO Env - @{5 LOCKED}
inp.4 << 19:07:04.698 [main] INFO Env - @{4 SEND 5} Message(Ask)
out.5 >> unlock
inp.5 << 19:07:04.699 [main] INFO Env - @{5 RCVD 4} Message(Ask)
inp.5 << 19:07:04.699 [main] INFO Env - @{5 UNLOCKED}
inp.2 << 19:07:04.699 [main] INFO Env - @{2 SEND 3} Message(Ask)
inp.3 << 19:07:04.699 [main] INFO Env - @{3 SEND 4} Message(Ask)
inp.5 << 19:07:04.699 [main] INFO Env - @{5 SEND 4} Message(Share)
inp.3 << 19:07:04.699 [main] INFO Env - @{3 SEND 5} Message(Ask)
inp.3 << 19:07:04.699 [main] INFO Env - @{3 RCVD 2} Message(Ask)
inp.3 << 19:07:04.699 [main] INFO Env - @{3 SEND 2} Message(Share)
inp.5 << 19:07:04.699 [main] INFO Env - @{5 RCVD 3} Message(Ask)
inp.3 << 19:07:04.699 [main] INFO Env - @{3 SEND 2} Message(Ask)
inp.5 << 19:07:04.699 [main] INFO Env - @{5 SEND 3} Message(Share)
inp.2 << 19:07:04.699 [main] INFO Env - @{2 SEND 4} Message(Ask)
inp.4 << 19:07:04.699 [main] INFO Env - @{4 RCVD 3} Message(Ask)
inp.2 << 19:07:04.699 [main] INFO Env - @{2 SEND 5} Message(Ask)
inp.2 << 19:07:04.699 [main] INFO Env - @{2 RCVD 3} Message(Share)
inp.5 << 19:07:04.699 [main] INFO Env - @{5 RCVD 2} Message(Ask)
inp.5 << 19:07:04.699 [main] INFO Env - @{5 SEND 2} Message(Share)
inp.4 << 19:07:04.699 [main] INFO Env - @{4 SEND 3} Message(Share)
inp.4 << 19:07:04.699 [main] INFO Env - @{4 SEND 3} Message(Ask)
inp.4 << 19:07:04.699 [main] INFO Env - @{4 RCVD 5} Message(Share)
inp.4 << 19:07:04.699 [main] INFO Env - @{4 RCVD 2} Message(Ask)
inp.4 << 19:07:04.699 [main] INFO Env - @{4 SEND 2} Message(Share)
inp.4 << 19:07:04.699 [main] INFO Env - @{4 SEND 2} Message(Ask)
inp.2 << 19:07:04.699 [main] INFO Env - @{2 RCVD 3} Message(Ask)
inp.2 << 19:07:04.699 [main] INFO Env - @{2 RCVD 5} Message(Share)
inp.2 << 19:07:04.699 [main] INFO Env - @{2 RCVD 4} Message(Share)
inp.2 << 19:07:04.699 [main] INFO Env - @{2 LOCKED}
inp.1 << 19:07:04.699 [main] INFO Env - @{1 SEND 2} Message(Ask)
inp.2 << 19:07:04.699 [main] INFO Env - @{2 RCVD 4} Message(Ask)
out.2 >> unlock
inp.1 << 19:07:04.699 [main] INFO Env - @{1 SEND 3} Message(Ask)
inp.2 << 19:07:04.699 [main] INFO Env - @{2 RCVD 1} Message(Ask)
inp.2 << 19:07:04.699 [main] INFO Env - @{2 UNLOCKED}
inp.2 << 19:07:04.699 [main] INFO Env - @{2 SEND 1} Message(Share)
inp.1 << 19:07:04.699 [main] INFO Env - @{1 SEND 4} Message(Ask)
inp.2 << 19:07:04.699 [main] INFO Env - @{2 SEND 3} Message(Share)
inp.2 << 19:07:04.699 [main] INFO Env - @{2 SEND 4} Message(Share)
inp.4 << 19:07:04.699 [main] INFO Env - @{4 RCVD 1} Message(Ask)
inp.1 << 19:07:04.699 [main] INFO Env - @{1 SEND 5} Message(Ask)
inp.4 << 19:07:04.699 [main] INFO Env - @{4 SEND 1} Message(Share)
inp.4 << 19:07:04.699 [main] INFO Env - @{4 SEND 1} Message(Ask)
inp.4 << 19:07:04.700 [main] INFO Env - @{4 RCVD 2} Message(Share)
inp.1 << 19:07:04.700 [main] INFO Env - @{1 RCVD 2} Message(Share)
inp.1 << 19:07:04.700 [main] INFO Env - @{1 RCVD 4} Message(Share)
inp.1 << 19:07:04.700 [main] INFO Env - @{1 RCVD 4} Message(Ask)
inp.5 << 19:07:04.700 [main] INFO Env - @{5 RCVD 1} Message(Ask)
inp.5 << 19:07:04.700 [main] INFO Env - @{5 SEND 1} Message(Share)
inp.1 << 19:07:04.700 [main] INFO Env - @{1 RCVD 5} Message(Share)
inp.3 << 19:07:04.700 [main] INFO Env - @{3 RCVD 5} Message(Share)
inp.3 << 19:07:04.700 [main] INFO Env - @{3 RCVD 4} Message(Share)
inp.3 << 19:07:04.700 [main] INFO Env - @{3 RCVD 4} Message(Ask)
inp.3 << 19:07:04.700 [main] INFO Env - @{3 RCVD 1} Message(Ask)
inp.3 << 19:07:04.700 [main] INFO Env - @{3 SEND 1} Message(Share)
inp.1 << 19:07:04.700 [main] INFO Env - @{1 RCVD 3} Message(Share)
inp.3 << 19:07:04.700 [main] INFO Env - @{3 SEND 1} Message(Ask)
inp.3 << 19:07:04.700 [main] INFO Env - @{3 RCVD 2} Message(Share)
inp.1 << 19:07:04.700 [main] INFO Env - @{1 LOCKED}
inp.1 << 19:07:04.700 [main] INFO Env - @{1 RCVD 3} Message(Ask)
out.1 >> unlock
inp.1 << 19:07:04.700 [main] INFO Env - @{1 UNLOCKED}
inp.1 << 19:07:04.700 [main] INFO Env - @{1 SEND 3} Message(Share)
inp.1 << 19:07:04.700 [main] INFO Env - @{1 SEND 4} Message(Share)
inp.4 << 19:07:04.700 [main] INFO Env - @{4 RCVD 1} Message(Share)
inp.3 << 19:07:04.700 [main] INFO Env - @{3 RCVD 1} Message(Share)
inp.3 << 19:07:04.700 [main] INFO Env - @{3 LOCKED}
out.3 >> unlock
inp.3 << 19:07:04.700 [main] INFO Env - @{3 UNLOCKED}
inp.3 << 19:07:04.700 [main] INFO Env - @{3 SEND 4} Message(Share)
inp.4 << 19:07:04.701 [main] INFO Env - @{4 RCVD 3} Message(Share)
inp.4 << 19:07:04.701 [main] INFO Env - @{4 LOCKED}
out.4 >> unlock
inp.4 << 19:07:04.701 [main] INFO Env - @{4 UNLOCKED}
out.1 >> ping
out.2 >> ping
out.3 >> ping
out.4 >> ping
out.5 >> ping
inp.2 << 19:07:04.701 [main] INFO Env - @{2 PONG}
inp.5 << 19:07:04.702 [main] INFO Env - @{5 PONG}
inp.1 << 19:07:04.702 [main] INFO Env - @{1 PONG}
inp.4 << 19:07:04.701 [main] INFO Env - @{4 PONG}
inp.3 << 19:07:04.702 [main] INFO Env - @{3 PONG}
out.3 >> lock
inp.3 << 19:07:04.702 [main] INFO Env - @{3 SEND 4} Message(Ask)
inp.4 << 19:07:04.702 [main] INFO Env - @{4 RCVD 3} Message(Ask)
inp.4 << 19:07:04.702 [main] INFO Env - @{4 SEND 3} Message(Share)
inp.3 << 19:07:04.702 [main] INFO Env - @{3 RCVD 4} Message(Share)
inp.3 << 19:07:04.702 [main] INFO Env - @{3 LOCKED}
out.3 >> unlock
inp.3 << 19:07:04.703 [main] INFO Env - @{3 UNLOCKED}
out.1 >> ping
out.2 >> ping
out.3 >> ping
out.4 >> ping
out.5 >> ping
inp.5 << 19:07:04.703 [main] INFO Env - @{5 PONG}
inp.2 << 19:07:04.703 [main] INFO Env - @{2 PONG}
inp.4 << 19:07:04.703 [main] INFO Env - @{4 PONG}
inp.1 << 19:07:04.703 [main] INFO Env - @{1 PONG}
inp.3 << 19:07:04.703 [main] INFO Env - @{3 PONG}
out.3 >> lock
inp.3 << 19:07:04.703 [main] INFO Env - @{3 LOCKED}
out.3 >> unlock
inp.3 << 19:07:04.704 [main] INFO Env - @{3 UNLOCKED}
out.1 >> ping
out.2 >> ping
out.3 >> ping
out.4 >> ping
out.5 >> ping
inp.5 << 19:07:04.704 [main] INFO Env - @{5 PONG}
inp.2 << 19:07:04.704 [main] INFO Env - @{2 PONG}
inp.4 << 19:07:04.704 [main] INFO Env - @{4 PONG}
inp.1 << 19:07:04.704 [main] INFO Env - @{1 PONG}
inp.3 << 19:07:04.704 [main] INFO Env - @{3 PONG}
out.3 >> lock
inp.3 << 19:07:04.704 [main] INFO Env - @{3 LOCKED}
out.3 >> unlock
inp.3 << 19:07:04.704 [main] INFO Env - @{3 UNLOCKED}
out.1 >> ping
out.2 >> ping
out.3 >> ping
out.4 >> ping
out.5 >> ping
inp.5 << 19:07:04.705 [main] INFO Env - @{5 PONG}
inp.2 << 19:07:04.705 [main] INFO Env - @{2 PONG}
inp.4 << 19:07:04.705 [main] INFO Env - @{4 PONG}
inp.1 << 19:07:04.705 [main] INFO Env - @{1 PONG}
inp.3 << 19:07:04.705 [main] INFO Env - @{3 PONG}
out.3 >> lock
out.2 >> lock
inp.3 << 19:07:04.705 [main] INFO Env - @{3 LOCKED}
out.3 >> unlock
inp.2 << 19:07:04.705 [main] INFO Env - @{2 SEND 1} Message(Ask)
inp.2 << 19:07:04.705 [main] INFO Env - @{2 SEND 3} Message(Ask)
inp.2 << 19:07:04.706 [main] INFO Env - @{2 SEND 4} Message(Ask)
inp.3 << 19:07:04.706 [main] INFO Env - @{3 UNLOCKED}
inp.3 << 19:07:04.706 [main] INFO Env - @{3 RCVD 2} Message(Ask)
inp.3 << 19:07:04.706 [main] INFO Env - @{3 SEND 2} Message(Share)
inp.1 << 19:07:04.706 [main] INFO Env - @{1 RCVD 2} Message(Ask)
inp.1 << 19:07:04.706 [main] INFO Env - @{1 SEND 2} Message(Share)
inp.2 << 19:07:04.706 [main] INFO Env - @{2 RCVD 3} Message(Share)
inp.2 << 19:07:04.706 [main] INFO Env - @{2 RCVD 1} Message(Share)
inp.4 << 19:07:04.706 [main] INFO Env - @{4 RCVD 2} Message(Ask)
inp.4 << 19:07:04.706 [main] INFO Env - @{4 SEND 2} Message(Share)
inp.2 << 19:07:04.706 [main] INFO Env - @{2 RCVD 4} Message(Share)
inp.2 << 19:07:04.706 [main] INFO Env - @{2 LOCKED}
out.2 >> unlock
inp.2 << 19:07:04.706 [main] INFO Env - @{2 UNLOCKED}
out.1 >> ping
out.2 >> ping
out.3 >> ping
out.4 >> ping
out.5 >> ping
inp.2 << 19:07:04.706 [main] INFO Env - @{2 PONG}
inp.4 << 19:07:04.706 [main] INFO Env - @{4 PONG}
inp.5 << 19:07:04.706 [main] INFO Env - @{5 PONG}
inp.1 << 19:07:04.706 [main] INFO Env - @{1 PONG}
inp.3 << 19:07:04.706 [main] INFO Env - @{3 PONG}
out.3 >> lock
out.2 >> lock
inp.2 << 19:07:04.707 [main] INFO Env - @{2 LOCKED}
inp.3 << 19:07:04.707 [main] INFO Env - @{3 SEND 2} Message(Ask)
out.2 >> unlock
inp.2 << 19:07:04.707 [main] INFO Env - @{2 RCVD 3} Message(Ask)
inp.2 << 19:07:04.707 [main] INFO Env - @{2 UNLOCKED}
inp.2 << 19:07:04.707 [main] INFO Env - @{2 SEND 3} Message(Share)
inp.3 << 19:07:04.707 [main] INFO Env - @{3 RCVD 2} Message(Share)
inp.3 << 19:07:04.707 [main] INFO Env - @{3 LOCKED}
out.3 >> unlock
inp.3 << 19:07:04.707 [main] INFO Env - @{3 UNLOCKED}
out.1 >> ping
out.2 >> ping
out.3 >> ping
out.4 >> ping
out.5 >> ping
inp.2 << 19:07:04.707 [main] INFO Env - @{2 PONG}
inp.5 << 19:07:04.707 [main] INFO Env - @{5 PONG}
inp.4 << 19:07:04.707 [main] INFO Env - @{4 PONG}
inp.1 << 19:07:04.707 [main] INFO Env - @{1 PONG}
inp.3 << 19:07:04.707 [main] INFO Env - @{3 PONG}
out.3 >> lock
out.2 >> lock
inp.3 << 19:07:04.707 [main] INFO Env - @{3 LOCKED}
inp.2 << 19:07:04.707 [main] INFO Env - @{2 SEND 3} Message(Ask)
out.3 >> unlock
inp.3 << 19:07:04.708 [main] INFO Env - @{3 RCVD 2} Message(Ask)
inp.3 << 19:07:04.708 [main] INFO Env - @{3 UNLOCKED}
inp.3 << 19:07:04.708 [main] INFO Env - @{3 SEND 2} Message(Share)
inp.2 << 19:07:04.708 [main] INFO Env - @{2 RCVD 3} Message(Share)
inp.2 << 19:07:04.708 [main] INFO Env - @{2 LOCKED}
out.2 >> unlock
inp.2 << 19:07:04.708 [main] INFO Env - @{2 UNLOCKED}
out.1 >> ping
out.2 >> ping
out.3 >> ping
out.4 >> ping
out.5 >> ping
inp.2 << 19:07:04.708 [main] INFO Env - @{2 PONG}
inp.5 << 19:07:04.708 [main] INFO Env - @{5 PONG}
inp.4 << 19:07:04.708 [main] INFO Env - @{4 PONG}
inp.1 << 19:07:04.708 [main] INFO Env - @{1 PONG}
inp.3 << 19:07:04.708 [main] INFO Env - @{3 PONG}
out.1 >> ping
out.2 >> ping
out.3 >> ping
out.4 >> ping
out.5 >> ping
inp.5 << 19:07:04.709 [main] INFO Env - @{5 PONG}
inp.2 << 19:07:04.709 [main] INFO Env - @{2 PONG}
inp.4 << 19:07:04.709 [main] INFO Env - @{4 PONG}
inp.1 << 19:07:04.709 [main] INFO Env - @{1 PONG}
inp.3 << 19:07:04.709 [main] INFO Env - @{3 PONG}
out.1 >> lock
inp.1 << 19:07:04.709 [main] INFO Env - @{1 SEND 2} Message(Ask)
inp.1 << 19:07:04.709 [main] INFO Env - @{1 SEND 3} Message(Ask)
inp.1 << 19:07:04.709 [main] INFO Env - @{1 SEND 4} Message(Ask)
inp.2 << 19:07:04.709 [main] INFO Env - @{2 RCVD 1} Message(Ask)
inp.2 << 19:07:04.709 [main] INFO Env - @{2 SEND 1} Message(Share)
inp.4 << 19:07:04.709 [main] INFO Env - @{4 RCVD 1} Message(Ask)
inp.4 << 19:07:04.709 [main] INFO Env - @{4 SEND 1} Message(Share)
inp.3 << 19:07:04.709 [main] INFO Env - @{3 RCVD 1} Message(Ask)
inp.1 << 19:07:04.709 [main] INFO Env - @{1 RCVD 2} Message(Share)
inp.3 << 19:07:04.709 [main] INFO Env - @{3 SEND 1} Message(Share)
inp.1 << 19:07:04.709 [main] INFO Env - @{1 RCVD 3} Message(Share)
inp.1 << 19:07:04.709 [main] INFO Env - @{1 RCVD 4} Message(Share)
inp.1 << 19:07:04.709 [main] INFO Env - @{1 LOCKED}
out.1 >> unlock
inp.1 << 19:07:04.710 [main] INFO Env - @{1 UNLOCKED}
out.1 >> ping
out.2 >> ping
out.3 >> ping
out.4 >> ping
out.5 >> ping
inp.5 << 19:07:04.710 [main] INFO Env - @{5 PONG}
inp.2 << 19:07:04.710 [main] INFO Env - @{2 PONG}
inp.1 << 19:07:04.710 [main] INFO Env - @{1 PONG}
inp.4 << 19:07:04.710 [main] INFO Env - @{4 PONG}
inp.3 << 19:07:04.710 [main] INFO Env - @{3 PONG}
out.2 >> lock
inp.2 << 19:07:04.710 [main] INFO Env - @{2 SEND 1} Message(Ask)
inp.1 << 19:07:04.710 [main] INFO Env - @{1 RCVD 2} Message(Ask)
inp.1 << 19:07:04.710 [main] INFO Env - @{1 SEND 2} Message(Share)
inp.2 << 19:07:04.710 [main] INFO Env - @{2 RCVD 1} Message(Share)
inp.2 << 19:07:04.710 [main] INFO Env - @{2 LOCKED}
out.2 >> unlock
inp.2 << 19:07:04.710 [main] INFO Env - @{2 UNLOCKED}
out.1 >> ping
out.2 >> ping
out.3 >> ping
out.4 >> ping
out.5 >> ping
inp.2 << 19:07:04.711 [main] INFO Env - @{2 PONG}
inp.5 << 19:07:04.711 [main] INFO Env - @{5 PONG}
inp.4 << 19:07:04.711 [main] INFO Env - @{4 PONG}
inp.1 << 19:07:04.711 [main] INFO Env - @{1 PONG}
inp.3 << 19:07:04.711 [main] INFO Env - @{3 PONG}
out.3 >> lock
inp.3 << 19:07:04.711 [main] INFO Env - @{3 SEND 1} Message(Ask)
inp.3 << 19:07:04.711 [main] INFO Env - @{3 SEND 2} Message(Ask)
inp.1 << 19:07:04.711 [main] INFO Env - @{1 RCVD 3} Message(Ask)
inp.1 << 19:07:04.711 [main] INFO Env - @{1 SEND 3} Message(Share)
inp.2 << 19:07:04.711 [main] INFO Env - @{2 RCVD 3} Message(Ask)
inp.2 << 19:07:04.711 [main] INFO Env - @{2 SEND 3} Message(Share)
inp.3 << 19:07:04.711 [main] INFO Env - @{3 RCVD 1} Message(Share)
inp.3 << 19:07:04.711 [main] INFO Env - @{3 RCVD 2} Message(Share)
inp.3 << 19:07:04.711 [main] INFO Env - @{3 LOCKED}
out.3 >> unlock
inp.3 << 19:07:04.711 [main] INFO Env - @{3 UNLOCKED}
out.1 >> ping
out.2 >> ping
out.3 >> ping
out.4 >> ping
out.5 >> ping
inp.5 << 19:07:04.712 [main] INFO Env - @{5 PONG}
inp.2 << 19:07:04.712 [main] INFO Env - @{2 PONG}
inp.4 << 19:07:04.712 [main] INFO Env - @{4 PONG}
inp.1 << 19:07:04.712 [main] INFO Env - @{1 PONG}
inp.3 << 19:07:04.712 [main] INFO Env - @{3 PONG}
out.4 >> lock
inp.4 << 19:07:04.712 [main] INFO Env - @{4 SEND 1} Message(Ask)
inp.4 << 19:07:04.712 [main] INFO Env - @{4 SEND 2} Message(Ask)
inp.4 << 19:07:04.712 [main] INFO Env - @{4 SEND 3} Message(Ask)
inp.2 << 19:07:04.712 [main] INFO Env - @{2 RCVD 4} Message(Ask)
inp.1 << 19:07:04.712 [main] INFO Env - @{1 RCVD 4} Message(Ask)
inp.1 << 19:07:04.712 [main] INFO Env - @{1 SEND 4} Message(Share)
inp.2 << 19:07:04.712 [main] INFO Env - @{2 SEND 4} Message(Share)
inp.4 << 19:07:04.713 [main] INFO Env - @{4 RCVD 1} Message(Share)
inp.4 << 19:07:04.713 [main] INFO Env - @{4 RCVD 2} Message(Share)
inp.3 << 19:07:04.713 [main] INFO Env - @{3 RCVD 4} Message(Ask)
inp.3 << 19:07:04.713 [main] INFO Env - @{3 SEND 4} Message(Share)
inp.4 << 19:07:04.713 [main] INFO Env - @{4 RCVD 3} Message(Share)
inp.4 << 19:07:04.713 [main] INFO Env - @{4 LOCKED}
out.4 >> unlock
inp.4 << 19:07:04.713 [main] INFO Env - @{4 UNLOCKED}
out.1 >> ping
out.2 >> ping
out.3 >> ping
out.4 >> ping
out.5 >> ping
inp.4 << 19:07:04.713 [main] INFO Env - @{4 PONG}
inp.2 << 19:07:04.713 [main] INFO Env - @{2 PONG}
inp.5 << 19:07:04.713 [main] INFO Env - @{5 PONG}
inp.1 << 19:07:04.713 [main] INFO Env - @{1 PONG}
inp.3 << 19:07:04.713 [main] INFO Env - @{3 PONG}
out.5 >> lock
inp.5 << 19:07:04.713 [main] INFO Env - @{5 SEND 1} Message(Ask)
inp.5 << 19:07:04.714 [main] INFO Env - @{5 SEND 2} Message(Ask)
inp.1 << 19:07:04.714 [main] INFO Env - @{1 RCVD 5} Message(Ask)
inp.5 << 19:07:04.714 [main] INFO Env - @{5 SEND 3} Message(Ask)
inp.1 << 19:07:04.714 [main] INFO Env - @{1 SEND 5} Message(Share)
inp.5 << 19:07:04.714 [main] INFO Env - @{5 SEND 4} Message(Ask)
inp.5 << 19:07:04.714 [main] INFO Env - @{5 RCVD 1} Message(Share)
inp.2 << 19:07:04.714 [main] INFO Env - @{2 RCVD 5} Message(Ask)
inp.2 << 19:07:04.714 [main] INFO Env - @{2 SEND 5} Message(Share)
inp.5 << 19:07:04.714 [main] INFO Env - @{5 RCVD 2} Message(Share)
inp.4 << 19:07:04.714 [main] INFO Env - @{4 RCVD 5} Message(Ask)
inp.4 << 19:07:04.714 [main] INFO Env - @{4 SEND 5} Message(Share)
inp.5 << 19:07:04.714 [main] INFO Env - @{5 RCVD 4} Message(Share)
inp.3 << 19:07:04.714 [main] INFO Env - @{3 RCVD 5} Message(Ask)
inp.3 << 19:07:04.714 [main] INFO Env - @{3 SEND 5} Message(Share)
inp.5 << 19:07:04.714 [main] INFO Env - @{5 RCVD 3} Message(Share)
inp.5 << 19:07:04.714 [main] INFO Env - @{5 LOCKED}
out.5 >> unlock
inp.5 << 19:07:04.714 [main] INFO Env - @{5 UNLOCKED}
out.1 >> ping
out.2 >> ping
out.3 >> ping
out.4 >> ping
out.5 >> ping
inp.5 << 19:07:04.714 [main] INFO Env - @{5 PONG}
inp.2 << 19:07:04.714 [main] INFO Env - @{2 PONG}
inp.4 << 19:07:04.714 [main] INFO Env - @{4 PONG}
inp.1 << 19:07:04.714 [main] INFO Env - @{1 PONG}
inp.3 << 19:07:04.714 [main] INFO Env - @{3 PONG}
out.1 >> lock
out.5 >> lock
out.3 >> lock
out.2 >> lock
out.4 >> lock
inp.5 << 19:07:04.715 [main] INFO Env - @{5 LOCKED}
inp.2 << 19:07:04.715 [main] INFO Env - @{2 SEND 3} Message(Ask)
inp.4 << 19:07:04.715 [main] INFO Env - @{4 SEND 5} Message(Ask)
out.5 >> unlock
inp.5 << 19:07:04.715 [main] INFO Env - @{5 RCVD 4} Message(Ask)
inp.5 << 19:07:04.715 [main] INFO Env - @{5 UNLOCKED}
inp.2 << 19:07:04.715 [main] INFO Env - @{2 SEND 4} Message(Ask)
inp.1 << 19:07:04.715 [main] INFO Env - @{1 SEND 2} Message(Ask)
inp.1 << 19:07:04.715 [main] INFO Env - @{1 SEND 3} Message(Ask)
inp.1 << 19:07:04.715 [main] INFO Env - @{1 SEND 4} Message(Ask)
inp.1 << 19:07:04.715 [main] INFO Env - @{1 SEND 5} Message(Ask)
inp.5 << 19:07:04.715 [main] INFO Env - @{5 SEND 4} Message(Share)
inp.5 << 19:07:04.715 [main] INFO Env - @{5 RCVD 1} Message(Ask)
inp.5 << 19:07:04.715 [main] INFO Env - @{5 SEND 1} Message(Share)
inp.2 << 19:07:04.715 [main] INFO Env - @{2 SEND 5} Message(Ask)
inp.5 << 19:07:04.715 [main] INFO Env - @{5 RCVD 2} Message(Ask)
inp.5 << 19:07:04.715 [main] INFO Env - @{5 SEND 2} Message(Share)
inp.2 << 19:07:04.715 [main] INFO Env - @{2 RCVD 1} Message(Ask)
inp.2 << 19:07:04.715 [main] INFO Env - @{2 SEND 1} Message(Share)
inp.2 << 19:07:04.715 [main] INFO Env - @{2 SEND 1} Message(Ask)
inp.2 << 19:07:04.715 [main] INFO Env - @{2 RCVD 5} Message(Share)
inp.2 << 19:07:04.715 [main] INFO Env - @{2 RCVD 4} Message(Share)
inp.2 << 19:07:04.715 [main] INFO Env - @{2 RCVD 4} Message(Ask)
inp.3 << 19:07:04.715 [main] INFO Env - @{3 SEND 4} Message(Ask)
inp.3 << 19:07:04.716 [main] INFO Env - @{3 SEND 5} Message(Ask)
inp.3 << 19:07:04.716 [main] INFO Env - @{3 RCVD 2} Message(Ask)
inp.3 << 19:07:04.716 [main] INFO Env - @{3 SEND 2} Message(Share)
inp.3 << 19:07:04.716 [main] INFO Env - @{3 SEND 2} Message(Ask)
inp.3 << 19:07:04.716 [main] INFO Env - @{3 RCVD 1} Message(Ask)
inp.3 << 19:07:04.716 [main] INFO Env - @{3 SEND 1} Message(Share)
inp.3 << 19:07:04.716 [main] INFO Env - @{3 SEND 1} Message(Ask)
inp.5 << 19:07:04.716 [main] INFO Env - @{5 RCVD 3} Message(Ask)
inp.5 << 19:07:04.716 [main] INFO Env - @{5 SEND 3} Message(Share)
inp.2 << 19:07:04.716 [main] INFO Env - @{2 RCVD 3} Message(Share)
inp.2 << 19:07:04.716 [main] INFO Env - @{2 RCVD 3} Message(Ask)
inp.1 << 19:07:04.716 [main] INFO Env - @{1 RCVD 5} Message(Share)
inp.1 << 19:07:04.716 [main] INFO Env - @{1 RCVD 2} Message(Share)
inp.1 << 19:07:04.716 [main] INFO Env - @{1 RCVD 2} Message(Ask)
inp.1 << 19:07:04.716 [main] INFO Env - @{1 RCVD 4} Message(Share)
inp.1 << 19:07:04.716 [main] INFO Env - @{1 RCVD 3} Message(Share)
inp.1 << 19:07:04.716 [main] INFO Env - @{1 LOCKED}
inp.4 << 19:07:04.715 [main] INFO Env - @{4 RCVD 2} Message(Ask)
inp.4 << 19:07:04.715 [main] INFO Env - @{4 SEND 2} Message(Share)
inp.4 << 19:07:04.715 [main] INFO Env - @{4 SEND 2} Message(Ask)
inp.4 << 19:07:04.715 [main] INFO Env - @{4 RCVD 1} Message(Ask)
inp.4 << 19:07:04.715 [main] INFO Env - @{4 SEND 1} Message(Share)
inp.4 << 19:07:04.716 [main] INFO Env - @{4 SEND 1} Message(Ask)
inp.4 << 19:07:04.716 [main] INFO Env - @{4 RCVD 5} Message(Share)
inp.4 << 19:07:04.716 [main] INFO Env - @{4 RCVD 3} Message(Ask)
inp.4 << 19:07:04.716 [main] INFO Env - @{4 SEND 3} Message(Share)
inp.4 << 19:07:04.716 [main] INFO Env - @{4 SEND 3} Message(Ask)
inp.1 << 19:07:04.716 [main] INFO Env - @{1 RCVD 3} Message(Ask)
inp.1 << 19:07:04.716 [main] INFO Env - @{1 RCVD 4} Message(Ask)
inp.3 << 19:07:04.716 [main] INFO Env - @{3 RCVD 5} Message(Share)
inp.3 << 19:07:04.716 [main] INFO Env - @{3 RCVD 4} Message(Share)
out.1 >> unlock
inp.3 << 19:07:04.716 [main] INFO Env - @{3 RCVD 4} Message(Ask)
inp.1 << 19:07:04.730 [main] INFO Env - @{1 UNLOCKED}
inp.1 << 19:07:04.730 [main] INFO Env - @{1 SEND 2} Message(Share)
inp.1 << 19:07:04.730 [main] INFO Env - @{1 SEND 3} Message(Share)
inp.1 << 19:07:04.730 [main] INFO Env - @{1 SEND 4} Message(Share)
inp.2 << 19:07:04.730 [main] INFO Env - @{2 RCVD 1} Message(Share)
inp.2 << 19:07:04.730 [main] INFO Env - @{2 LOCKED}
out.2 >> unlock
inp.4 << 19:07:04.730 [main] INFO Env - @{4 RCVD 1} Message(Share)
inp.2 << 19:07:04.731 [main] INFO Env - @{2 UNLOCKED}
inp.2 << 19:07:04.731 [main] INFO Env - @{2 SEND 3} Message(Share)
inp.2 << 19:07:04.731 [main] INFO Env - @{2 SEND 4} Message(Share)
inp.4 << 19:07:04.734 [main] INFO Env - @{4 RCVD 2} Message(Share)
inp.3 << 19:07:04.747 [main] INFO Env - @{3 RCVD 1} Message(Share)
inp.3 << 19:07:04.747 [main] INFO Env - @{3 RCVD 2} Message(Share)
inp.3 << 19:07:04.747 [main] INFO Env - @{3 LOCKED}
out.3 >> unlock
inp.3 << 19:07:04.766 [main] INFO Env - @{3 UNLOCKED}
inp.3 << 19:07:04.766 [main] INFO Env - @{3 SEND 4} Message(Share)
inp.4 << 19:07:04.766 [main] INFO Env - @{4 RCVD 3} Message(Share)
inp.4 << 19:07:04.766 [main] INFO Env - @{4 LOCKED}
out.4 >> unlock
inp.4 << 19:07:04.766 [main] INFO Env - @{4 UNLOCKED}
out.1 >> ping
out.2 >> ping
out.3 >> ping
out.4 >> ping
out.5 >> ping
inp.5 << 19:07:04.767 [main] INFO Env - @{5 PONG}
inp.1 << 19:07:04.767 [main] INFO Env - @{1 PONG}
inp.2 << 19:07:04.767 [main] INFO Env - @{2 PONG}
inp.4 << 19:07:04.767 [main] INFO Env - @{4 PONG}
inp.3 << 19:07:04.767 [main] INFO Env - @{3 PONG}
out.1 >> lock
inp.1 << 19:07:04.768 [main] INFO Env - @{1 SEND 2} Message(Ask)
inp.1 << 19:07:04.768 [main] INFO Env - @{1 SEND 3} Message(Ask)
inp.1 << 19:07:04.768 [main] INFO Env - @{1 SEND 4} Message(Ask)
inp.4 << 19:07:04.769 [main] INFO Env - @{4 RCVD 1} Message(Ask)
inp.4 << 19:07:04.769 [main] INFO Env - @{4 SEND 1} Message(Share)
inp.1 << 19:07:04.769 [main] INFO Env - @{1 RCVD 4} Message(Share)
inp.1 << 19:07:04.769 [main] INFO Env - @{1 RCVD 2} Message(Share)
inp.3 << 19:07:04.769 [main] INFO Env - @{3 RCVD 1} Message(Ask)
inp.3 << 19:07:04.769 [main] INFO Env - @{3 SEND 1} Message(Share)
inp.1 << 19:07:04.770 [main] INFO Env - @{1 RCVD 3} Message(Share)
inp.1 << 19:07:04.770 [main] INFO Env - @{1 LOCKED}
inp.2 << 19:07:04.769 [main] INFO Env - @{2 RCVD 1} Message(Ask)
inp.2 << 19:07:04.769 [main] INFO Env - @{2 SEND 1} Message(Share)
out.1 >> unlock
inp.1 << 19:07:04.865 [main] INFO Env - @{1 UNLOCKED}
out.1 >> ping
out.2 >> ping
out.3 >> ping
out.4 >> ping
out.5 >> ping
inp.1 << 19:07:04.870 [main] INFO Env - @{1 PONG}
inp.2 << 19:07:04.870 [main] INFO Env - @{2 PONG}
inp.5 << 19:07:04.870 [main] INFO Env - @{5 PONG}
inp.4 << 19:07:04.871 [main] INFO Env - @{4 PONG}
inp.3 << 19:07:04.873 [main] INFO Env - @{3 PONG}
out.1 >> lock
inp.1 << 19:07:04.874 [main] INFO Env - @{1 LOCKED}
out.1 >> unlock
inp.1 << 19:07:04.875 [main] INFO Env - @{1 UNLOCKED}
out.1 >> ping
out.2 >> ping
out.3 >> ping
out.4 >> ping
out.5 >> ping
inp.1 << 19:07:04.875 [main] INFO Env - @{1 PONG}
inp.5 << 19:07:04.876 [main] INFO Env - @{5 PONG}
inp.2 << 19:07:04.876 [main] INFO Env - @{2 PONG}
inp.4 << 19:07:04.876 [main] INFO Env - @{4 PONG}
inp.3 << 19:07:04.878 [main] INFO Env - @{3 PONG}
out.1 >> lock
inp.1 << 19:07:04.879 [main] INFO Env - @{1 LOCKED}
out.1 >> unlock
inp.1 << 19:07:04.880 [main] INFO Env - @{1 UNLOCKED}
out.1 >> ping
out.2 >> ping
out.3 >> ping
out.4 >> ping
out.5 >> ping
inp.5 << 19:07:04.885 [main] INFO Env - @{5 PONG}
inp.1 << 19:07:04.883 [main] INFO Env - @{1 PONG}
inp.2 << 19:07:04.886 [main] INFO Env - @{2 PONG}
inp.4 << 19:07:04.886 [main] INFO Env - @{4 PONG}
inp.3 << 19:07:04.889 [main] INFO Env - @{3 PONG}
out.1 >> lock
out.4 >> lock
inp.4 << 19:07:04.893 [main] INFO Env - @{4 SEND 1} Message(Ask)
inp.1 << 19:07:04.893 [main] INFO Env - @{1 LOCKED}
out.1 >> unlock
inp.1 << 19:07:04.894 [main] INFO Env - @{1 RCVD 4} Message(Ask)
inp.1 << 19:07:04.894 [main] INFO Env - @{1 UNLOCKED}
inp.1 << 19:07:04.894 [main] INFO Env - @{1 SEND 4} Message(Share)
inp.4 << 19:07:04.894 [main] INFO Env - @{4 RCVD 1} Message(Share)
inp.4 << 19:07:04.894 [main] INFO Env - @{4 LOCKED}
out.4 >> unlock
inp.4 << 19:07:04.894 [main] INFO Env - @{4 UNLOCKED}
out.1 >> ping
out.2 >> ping
out.3 >> ping
out.4 >> ping
out.5 >> ping
inp.5 << 19:07:04.895 [main] INFO Env - @{5 PONG}
inp.1 << 19:07:04.895 [main] INFO Env - @{1 PONG}
inp.2 << 19:07:04.895 [main] INFO Env - @{2 PONG}
inp.4 << 19:07:04.895 [main] INFO Env - @{4 PONG}
inp.3 << 19:07:04.895 [main] INFO Env - @{3 PONG}
out.1 >> lock
out.4 >> lock
inp.4 << 19:07:04.896 [main] INFO Env - @{4 LOCKED}
out.4 >> unlock
inp.1 << 19:07:04.896 [main] INFO Env - @{1 SEND 4} Message(Ask)
inp.4 << 19:07:04.896 [main] INFO Env - @{4 RCVD 1} Message(Ask)
inp.4 << 19:07:04.897 [main] INFO Env - @{4 UNLOCKED}
inp.4 << 19:07:04.897 [main] INFO Env - @{4 SEND 1} Message(Share)
inp.1 << 19:07:04.898 [main] INFO Env - @{1 RCVD 4} Message(Share)
inp.1 << 19:07:04.898 [main] INFO Env - @{1 LOCKED}
out.1 >> unlock
inp.1 << 19:07:04.898 [main] INFO Env - @{1 UNLOCKED}
out.1 >> ping
out.2 >> ping
out.3 >> ping
out.4 >> ping
out.5 >> ping
inp.1 << 19:07:04.899 [main] INFO Env - @{1 PONG}
inp.5 << 19:07:04.899 [main] INFO Env - @{5 PONG}
inp.2 << 19:07:04.899 [main] INFO Env - @{2 PONG}
inp.4 << 19:07:04.899 [main] INFO Env - @{4 PONG}
inp.3 << 19:07:04.899 [main] INFO Env - @{3 PONG}
out.1 >> lock
out.4 >> lock
inp.4 << 19:07:04.900 [main] INFO Env - @{4 SEND 1} Message(Ask)
inp.1 << 19:07:04.900 [main] INFO Env - @{1 LOCKED}
inp.1 << 19:07:04.900 [main] INFO Env - @{1 RCVD 4} Message(Ask)
out.1 >> unlock
inp.1 << 19:07:04.900 [main] INFO Env - @{1 UNLOCKED}
inp.1 << 19:07:04.900 [main] INFO Env - @{1 SEND 4} Message(Share)
inp.4 << 19:07:04.901 [main] INFO Env - @{4 RCVD 1} Message(Share)
inp.4 << 19:07:04.901 [main] INFO Env - @{4 LOCKED}
out.4 >> unlock
inp.4 << 19:07:04.901 [main] INFO Env - @{4 UNLOCKED}
out.1 >> ping
out.2 >> ping
out.3 >> ping
out.4 >> ping
out.5 >> ping
inp.5 << 19:07:04.902 [main] INFO Env - @{5 PONG}
inp.1 << 19:07:04.902 [main] INFO Env - @{1 PONG}
inp.2 << 19:07:04.903 [main] INFO Env - @{2 PONG}
inp.4 << 19:07:04.903 [main] INFO Env - @{4 PONG}
inp.3 << 19:07:04.904 [main] INFO Env - @{3 PONG}
out.1 >> ping
out.2 >> ping
out.3 >> ping
out.4 >> ping
out.5 >> ping
inp.2 << 19:07:04.905 [main] INFO Env - @{2 PONG}
inp.5 << 19:07:04.906 [main] INFO Env - @{5 PONG}
inp.1 << 19:07:04.906 [main] INFO Env - @{1 PONG}
inp.4 << 19:07:04.906 [main] INFO Env - @{4 PONG}
inp.3 << 19:07:04.907 [main] INFO Env - @{3 PONG}
out.1 >> lock
inp.1 << 19:07:04.908 [main] INFO Env - @{1 SEND 4} Message(Ask)
inp.4 << 19:07:04.908 [main] INFO Env - @{4 RCVD 1} Message(Ask)
inp.4 << 19:07:04.908 [main] INFO Env - @{4 SEND 1} Message(Share)
inp.1 << 19:07:04.908 [main] INFO Env - @{1 RCVD 4} Message(Share)
inp.1 << 19:07:04.908 [main] INFO Env - @{1 LOCKED}
out.1 >> unlock
inp.1 << 19:07:04.909 [main] INFO Env - @{1 UNLOCKED}
out.1 >> ping
out.2 >> ping
out.3 >> ping
out.4 >> ping
out.5 >> ping
inp.1 << 19:07:04.909 [main] INFO Env - @{1 PONG}
inp.2 << 19:07:04.909 [main] INFO Env - @{2 PONG}
inp.5 << 19:07:04.909 [main] INFO Env - @{5 PONG}
inp.4 << 19:07:04.910 [main] INFO Env - @{4 PONG}
inp.3 << 19:07:04.910 [main] INFO Env - @{3 PONG}
out.2 >> lock
inp.2 << 19:07:04.912 [main] INFO Env - @{2 SEND 1} Message(Ask)
inp.2 << 19:07:04.912 [main] INFO Env - @{2 SEND 3} Message(Ask)
inp.1 << 19:07:04.912 [main] INFO Env - @{1 RCVD 2} Message(Ask)
inp.2 << 19:07:04.912 [main] INFO Env - @{2 SEND 4} Message(Ask)
inp.1 << 19:07:04.912 [main] INFO Env - @{1 SEND 2} Message(Share)
inp.4 << 19:07:04.912 [main] INFO Env - @{4 RCVD 2} Message(Ask)
inp.4 << 19:07:04.912 [main] INFO Env - @{4 SEND 2} Message(Share)
inp.2 << 19:07:04.912 [main] INFO Env - @{2 RCVD 1} Message(Share)
inp.2 << 19:07:04.913 [main] INFO Env - @{2 RCVD 4} Message(Share)
inp.3 << 19:07:04.913 [main] INFO Env - @{3 RCVD 2} Message(Ask)
inp.3 << 19:07:04.913 [main] INFO Env - @{3 SEND 2} Message(Share)
inp.2 << 19:07:04.913 [main] INFO Env - @{2 RCVD 3} Message(Share)
inp.2 << 19:07:04.913 [main] INFO Env - @{2 LOCKED}
out.2 >> unlock
inp.2 << 19:07:04.913 [main] INFO Env - @{2 UNLOCKED}
out.1 >> ping
out.2 >> ping
out.3 >> ping
out.4 >> ping
out.5 >> ping
inp.1 << 19:07:04.914 [main] INFO Env - @{1 PONG}
inp.5 << 19:07:04.914 [main] INFO Env - @{5 PONG}
inp.2 << 19:07:04.915 [main] INFO Env - @{2 PONG}
inp.4 << 19:07:04.915 [main] INFO Env - @{4 PONG}
inp.3 << 19:07:04.915 [main] INFO Env - @{3 PONG}
out.3 >> lock
inp.3 << 19:07:04.915 [main] INFO Env - @{3 SEND 1} Message(Ask)
inp.3 << 19:07:04.915 [main] INFO Env - @{3 SEND 2} Message(Ask)
inp.3 << 19:07:04.915 [main] INFO Env - @{3 SEND 4} Message(Ask)
inp.2 << 19:07:04.916 [main] INFO Env - @{2 RCVD 3} Message(Ask)
inp.1 << 19:07:04.916 [main] INFO Env - @{1 RCVD 3} Message(Ask)
inp.2 << 19:07:04.916 [main] INFO Env - @{2 SEND 3} Message(Share)
inp.1 << 19:07:04.916 [main] INFO Env - @{1 SEND 3} Message(Share)
inp.4 << 19:07:04.916 [main] INFO Env - @{4 RCVD 3} Message(Ask)
inp.3 << 19:07:04.916 [main] INFO Env - @{3 RCVD 1} Message(Share)
inp.4 << 19:07:04.916 [main] INFO Env - @{4 SEND 3} Message(Share)
inp.3 << 19:07:04.916 [main] INFO Env - @{3 RCVD 2} Message(Share)
inp.3 << 19:07:04.916 [main] INFO Env - @{3 RCVD 4} Message(Share)
inp.3 << 19:07:04.916 [main] INFO Env - @{3 LOCKED}
out.3 >> unlock
inp.3 << 19:07:04.917 [main] INFO Env - @{3 UNLOCKED}
out.1 >> ping
out.2 >> ping
out.3 >> ping
out.4 >> ping
out.5 >> ping
inp.1 << 19:07:04.917 [main] INFO Env - @{1 PONG}
inp.5 << 19:07:04.917 [main] INFO Env - @{5 PONG}
inp.2 << 19:07:04.917 [main] INFO Env - @{2 PONG}
inp.4 << 19:07:04.917 [main] INFO Env - @{4 PONG}
inp.3 << 19:07:04.918 [main] INFO Env - @{3 PONG}
out.4 >> lock
inp.4 << 19:07:04.918 [main] INFO Env - @{4 SEND 1} Message(Ask)
inp.4 << 19:07:04.918 [main] INFO Env - @{4 SEND 2} Message(Ask)
inp.4 << 19:07:04.918 [main] INFO Env - @{4 SEND 3} Message(Ask)
inp.1 << 19:07:04.918 [main] INFO Env - @{1 RCVD 4} Message(Ask)
inp.2 << 19:07:04.918 [main] INFO Env - @{2 RCVD 4} Message(Ask)
inp.1 << 19:07:04.918 [main] INFO Env - @{1 SEND 4} Message(Share)
inp.2 << 19:07:04.918 [main] INFO Env - @{2 SEND 4} Message(Share)
inp.4 << 19:07:04.919 [main] INFO Env - @{4 RCVD 2} Message(Share)
inp.4 << 19:07:04.919 [main] INFO Env - @{4 RCVD 1} Message(Share)
inp.3 << 19:07:04.919 [main] INFO Env - @{3 RCVD 4} Message(Ask)
inp.3 << 19:07:04.919 [main] INFO Env - @{3 SEND 4} Message(Share)
inp.4 << 19:07:04.919 [main] INFO Env - @{4 RCVD 3} Message(Share)
inp.4 << 19:07:04.919 [main] INFO Env - @{4 LOCKED}
out.4 >> unlock
inp.4 << 19:07:04.920 [main] INFO Env - @{4 UNLOCKED}
out.1 >> ping
out.2 >> ping
out.3 >> ping
out.4 >> ping
out.5 >> ping
inp.1 << 19:07:04.921 [main] INFO Env - @{1 PONG}
inp.5 << 19:07:04.921 [main] INFO Env - @{5 PONG}
inp.2 << 19:07:04.921 [main] INFO Env - @{2 PONG}
inp.4 << 19:07:04.921 [main] INFO Env - @{4 PONG}
inp.3 << 19:07:04.921 [main] INFO Env - @{3 PONG}
out.5 >> lock
inp.5 << 19:07:04.922 [main] INFO Env - @{5 SEND 1} Message(Ask)
inp.5 << 19:07:04.922 [main] INFO Env - @{5 SEND 2} Message(Ask)
inp.5 << 19:07:04.922 [main] INFO Env - @{5 SEND 3} Message(Ask)
inp.5 << 19:07:04.922 [main] INFO Env - @{5 SEND 4} Message(Ask)
inp.1 << 19:07:04.923 [main] INFO Env - @{1 RCVD 5} Message(Ask)
inp.2 << 19:07:04.923 [main] INFO Env - @{2 RCVD 5} Message(Ask)
inp.2 << 19:07:04.923 [main] INFO Env - @{2 SEND 5} Message(Share)
inp.1 << 19:07:04.923 [main] INFO Env - @{1 SEND 5} Message(Share)
inp.5 << 19:07:04.923 [main] INFO Env - @{5 RCVD 2} Message(Share)
inp.5 << 19:07:04.923 [main] INFO Env - @{5 RCVD 1} Message(Share)
inp.4 << 19:07:04.923 [main] INFO Env - @{4 RCVD 5} Message(Ask)
inp.4 << 19:07:04.923 [main] INFO Env - @{4 SEND 5} Message(Share)
inp.5 << 19:07:04.924 [main] INFO Env - @{5 RCVD 4} Message(Share)
inp.3 << 19:07:04.924 [main] INFO Env - @{3 RCVD 5} Message(Ask)
inp.3 << 19:07:04.924 [main] INFO Env - @{3 SEND 5} Message(Share)
inp.5 << 19:07:04.924 [main] INFO Env - @{5 RCVD 3} Message(Share)
inp.5 << 19:07:04.924 [main] INFO Env - @{5 LOCKED}
out.5 >> unlock
inp.5 << 19:07:04.924 [main] INFO Env - @{5 UNLOCKED}
out.1 >> ping
out.2 >> ping
out.3 >> ping
out.4 >> ping
out.5 >> ping
inp.5 << 19:07:04.925 [main] INFO Env - @{5 PONG}
inp.2 << 19:07:04.925 [main] INFO Env - @{2 PONG}
inp.1 << 19:07:04.925 [main] INFO Env - @{1 PONG}
inp.4 << 19:07:04.925 [main] INFO Env - @{4 PONG}
inp.3 << 19:07:04.925 [main] INFO Env - @{3 PONG}
out.3 >> lock
out.4 >> lock
out.5 >> lock
out.2 >> lock
out.1 >> lock
inp.5 << 19:07:04.926 [main] INFO Env - @{5 LOCKED}
out.5 >> unlock
inp.4 << 19:07:04.927 [main] INFO Env - @{4 SEND 5} Message(Ask)
inp.5 << 19:07:04.927 [main] INFO Env - @{5 UNLOCKED}
inp.2 << 19:07:04.927 [main] INFO Env - @{2 SEND 3} Message(Ask)
inp.5 << 19:07:04.927 [main] INFO Env - @{5 RCVD 4} Message(Ask)
inp.2 << 19:07:04.927 [main] INFO Env - @{2 SEND 4} Message(Ask)
inp.5 << 19:07:04.927 [main] INFO Env - @{5 SEND 4} Message(Share)
inp.1 << 19:07:04.927 [main] INFO Env - @{1 SEND 2} Message(Ask)
inp.2 << 19:07:04.927 [main] INFO Env - @{2 SEND 5} Message(Ask)
inp.1 << 19:07:04.927 [main] INFO Env - @{1 SEND 3} Message(Ask)
inp.2 << 19:07:04.927 [main] INFO Env - @{2 RCVD 1} Message(Ask)
inp.5 << 19:07:04.927 [main] INFO Env - @{5 RCVD 2} Message(Ask)
inp.2 << 19:07:04.927 [main] INFO Env - @{2 SEND 1} Message(Share)
inp.5 << 19:07:04.927 [main] INFO Env - @{5 SEND 2} Message(Share)
inp.1 << 19:07:04.927 [main] INFO Env - @{1 SEND 4} Message(Ask)
inp.1 << 19:07:04.927 [main] INFO Env - @{1 SEND 5} Message(Ask)
inp.4 << 19:07:04.928 [main] INFO Env - @{4 RCVD 2} Message(Ask)
inp.4 << 19:07:04.928 [main] INFO Env - @{4 SEND 2} Message(Share)
inp.1 << 19:07:04.928 [main] INFO Env - @{1 RCVD 2} Message(Share)
inp.1 << 19:07:04.928 [main] INFO Env - @{1 RCVD 2} Message(Ask)
inp.5 << 19:07:04.928 [main] INFO Env - @{5 RCVD 1} Message(Ask)
inp.5 << 19:07:04.928 [main] INFO Env - @{5 SEND 1} Message(Share)
inp.4 << 19:07:04.928 [main] INFO Env - @{4 SEND 2} Message(Ask)
inp.4 << 19:07:04.928 [main] INFO Env - @{4 RCVD 5} Message(Share)
inp.4 << 19:07:04.928 [main] INFO Env - @{4 RCVD 1} Message(Ask)
inp.4 << 19:07:04.928 [main] INFO Env - @{4 SEND 1} Message(Share)
inp.1 << 19:07:04.928 [main] INFO Env - @{1 RCVD 5} Message(Share)
inp.4 << 19:07:04.929 [main] INFO Env - @{4 SEND 1} Message(Ask)
inp.1 << 19:07:04.929 [main] INFO Env - @{1 RCVD 4} Message(Share)
inp.1 << 19:07:04.929 [main] INFO Env - @{1 RCVD 4} Message(Ask)
inp.2 << 19:07:04.927 [main] INFO Env - @{2 SEND 1} Message(Ask)
inp.2 << 19:07:04.928 [main] INFO Env - @{2 RCVD 5} Message(Share)
inp.2 << 19:07:04.929 [main] INFO Env - @{2 RCVD 4} Message(Share)
inp.2 << 19:07:04.929 [main] INFO Env - @{2 RCVD 4} Message(Ask)
inp.3 << 19:07:04.929 [main] INFO Env - @{3 SEND 4} Message(Ask)
inp.4 << 19:07:04.930 [main] INFO Env - @{4 RCVD 3} Message(Ask)
inp.4 << 19:07:04.930 [main] INFO Env - @{4 SEND 3} Message(Share)
inp.3 << 19:07:04.930 [main] INFO Env - @{3 SEND 5} Message(Ask)
inp.5 << 19:07:04.930 [main] INFO Env - @{5 RCVD 3} Message(Ask)
inp.5 << 19:07:04.930 [main] INFO Env - @{5 SEND 3} Message(Share)
inp.4 << 19:07:04.930 [main] INFO Env - @{4 SEND 3} Message(Ask)
inp.3 << 19:07:04.930 [main] INFO Env - @{3 RCVD 2} Message(Ask)
inp.3 << 19:07:04.930 [main] INFO Env - @{3 SEND 2} Message(Share)
inp.3 << 19:07:04.930 [main] INFO Env - @{3 SEND 2} Message(Ask)
inp.3 << 19:07:04.930 [main] INFO Env - @{3 RCVD 1} Message(Ask)
inp.3 << 19:07:04.930 [main] INFO Env - @{3 SEND 1} Message(Share)
inp.2 << 19:07:04.930 [main] INFO Env - @{2 RCVD 3} Message(Share)
inp.2 << 19:07:04.931 [main] INFO Env - @{2 RCVD 3} Message(Ask)
inp.3 << 19:07:04.931 [main] INFO Env - @{3 SEND 1} Message(Ask)
inp.1 << 19:07:04.931 [main] INFO Env - @{1 RCVD 3} Message(Share)
inp.1 << 19:07:04.931 [main] INFO Env - @{1 LOCKED}
inp.3 << 19:07:04.931 [main] INFO Env - @{3 RCVD 4} Message(Share)
inp.3 << 19:07:04.931 [main] INFO Env - @{3 RCVD 5} Message(Share)
out.1 >> unlock
inp.3 << 19:07:04.931 [main] INFO Env - @{3 RCVD 4} Message(Ask)
inp.1 << 19:07:04.931 [main] INFO Env - @{1 RCVD 3} Message(Ask)
inp.1 << 19:07:04.931 [main] INFO Env - @{1 UNLOCKED}
inp.1 << 19:07:04.931 [main] INFO Env - @{1 SEND 2} Message(Share)
inp.1 << 19:07:04.931 [main] INFO Env - @{1 SEND 3} Message(Share)
inp.1 << 19:07:04.931 [main] INFO Env - @{1 SEND 4} Message(Share)
inp.2 << 19:07:04.931 [main] INFO Env - @{2 RCVD 1} Message(Share)
inp.2 << 19:07:04.931 [main] INFO Env - @{2 LOCKED}
out.2 >> unlock
inp.4 << 19:07:04.931 [main] INFO Env - @{4 RCVD 1} Message(Share)
inp.2 << 19:07:04.932 [main] INFO Env - @{2 UNLOCKED}
inp.3 << 19:07:04.932 [main] INFO Env - @{3 RCVD 1} Message(Share)
inp.2 << 19:07:04.932 [main] INFO Env - @{2 SEND 3} Message(Share)
inp.2 << 19:07:04.932 [main] INFO Env - @{2 SEND 4} Message(Share)
inp.4 << 19:07:04.932 [main] INFO Env - @{4 RCVD 2} Message(Share)
inp.3 << 19:07:04.932 [main] INFO Env - @{3 RCVD 2} Message(Share)
inp.3 << 19:07:04.932 [main] INFO Env - @{3 LOCKED}
out.3 >> unlock
inp.3 << 19:07:04.932 [main] INFO Env - @{3 UNLOCKED}
inp.3 << 19:07:04.933 [main] INFO Env - @{3 SEND 4} Message(Share)
inp.4 << 19:07:04.933 [main] INFO Env - @{4 RCVD 3} Message(Share)
inp.4 << 19:07:04.933 [main] INFO Env - @{4 LOCKED}
out.4 >> unlock
inp.4 << 19:07:04.933 [main] INFO Env - @{4 UNLOCKED}
out.1 >> ping
out.2 >> ping
out.3 >> ping
out.4 >> ping
out.5 >> ping
inp.1 << 19:07:04.934 [main] INFO Env - @{1 PONG}
inp.5 << 19:07:04.934 [main] INFO Env - @{5 PONG}
inp.2 << 19:07:04.934 [main] INFO Env - @{2 PONG}
inp.4 << 19:07:04.934 [main] INFO Env - @{4 PONG}
inp.3 << 19:07:04.935 [main] INFO Env - @{3 PONG}
out.4 >> lock
inp.4 << 19:07:04.935 [main] INFO Env - @{4 LOCKED}
out.4 >> unlock
inp.4 << 19:07:04.935 [main] INFO Env - @{4 UNLOCKED}
out.1 >> ping
out.2 >> ping
out.3 >> ping
out.4 >> ping
out.5 >> ping
inp.1 << 19:07:04.936 [main] INFO Env - @{1 PONG}
inp.2 << 19:07:04.937 [main] INFO Env - @{2 PONG}
inp.5 << 19:07:04.936 [main] INFO Env - @{5 PONG}
inp.4 << 19:07:04.937 [main] INFO Env - @{4 PONG}
inp.3 << 19:07:04.937 [main] INFO Env - @{3 PONG}
out.4 >> lock
inp.4 << 19:07:04.937 [main] INFO Env - @{4 LOCKED}
out.4 >> unlock
inp.4 << 19:07:04.938 [main] INFO Env - @{4 UNLOCKED}
out.1 >> ping
out.2 >> ping
out.3 >> ping
out.4 >> ping
out.5 >> ping
inp.5 << 19:07:04.938 [main] INFO Env - @{5 PONG}
inp.1 << 19:07:04.938 [main] INFO Env - @{1 PONG}
inp.2 << 19:07:04.938 [main] INFO Env - @{2 PONG}
inp.4 << 19:07:04.939 [main] INFO Env - @{4 PONG}
inp.3 << 19:07:04.939 [main] INFO Env - @{3 PONG}
out.4 >> lock
inp.4 << 19:07:04.939 [main] INFO Env - @{4 LOCKED}
out.4 >> unlock
inp.4 << 19:07:04.939 [main] INFO Env - @{4 UNLOCKED}
out.1 >> ping
out.2 >> ping
out.3 >> ping
out.4 >> ping
out.5 >> ping
inp.5 << 19:07:04.940 [main] INFO Env - @{5 PONG}
inp.1 << 19:07:04.940 [main] INFO Env - @{1 PONG}
inp.2 << 19:07:04.940 [main] INFO Env - @{2 PONG}
inp.4 << 19:07:04.940 [main] INFO Env - @{4 PONG}
inp.3 << 19:07:04.941 [main] INFO Env - @{3 PONG}
out.4 >> lock
out.2 >> lock
inp.4 << 19:07:04.941 [main] INFO Env - @{4 LOCKED}
out.4 >> unlock
inp.2 << 19:07:04.941 [main] INFO Env - @{2 SEND 3} Message(Ask)
inp.2 << 19:07:04.941 [main] INFO Env - @{2 SEND 4} Message(Ask)
inp.4 << 19:07:04.941 [main] INFO Env - @{4 UNLOCKED}
inp.4 << 19:07:04.941 [main] INFO Env - @{4 RCVD 2} Message(Ask)
inp.4 << 19:07:04.942 [main] INFO Env - @{4 SEND 2} Message(Share)
inp.2 << 19:07:04.942 [main] INFO Env - @{2 RCVD 4} Message(Share)
inp.3 << 19:07:04.942 [main] INFO Env - @{3 RCVD 2} Message(Ask)
inp.3 << 19:07:04.942 [main] INFO Env - @{3 SEND 2} Message(Share)
inp.2 << 19:07:04.943 [main] INFO Env - @{2 RCVD 3} Message(Share)
inp.2 << 19:07:04.943 [main] INFO Env - @{2 LOCKED}
out.2 >> unlock
inp.2 << 19:07:04.943 [main] INFO Env - @{2 UNLOCKED}
out.1 >> ping
out.2 >> ping
out.3 >> ping
out.4 >> ping
out.5 >> ping
inp.5 << 19:07:04.943 [main] INFO Env - @{5 PONG}
inp.2 << 19:07:04.944 [main] INFO Env - @{2 PONG}
inp.4 << 19:07:04.944 [main] INFO Env - @{4 PONG}
inp.3 << 19:07:04.944 [main] INFO Env - @{3 PONG}
inp.1 << 19:07:04.944 [main] INFO Env - @{1 PONG}
out.4 >> lock
out.2 >> lock
inp.2 << 19:07:04.944 [main] INFO Env - @{2 LOCKED}
inp.4 << 19:07:04.944 [main] INFO Env - @{4 SEND 2} Message(Ask)
out.2 >> unlock
inp.2 << 19:07:04.944 [main] INFO Env - @{2 RCVD 4} Message(Ask)
inp.2 << 19:07:04.944 [main] INFO Env - @{2 UNLOCKED}
inp.2 << 19:07:04.944 [main] INFO Env - @{2 SEND 4} Message(Share)
inp.4 << 19:07:04.945 [main] INFO Env - @{4 RCVD 2} Message(Share)
inp.4 << 19:07:04.945 [main] INFO Env - @{4 LOCKED}
out.4 >> unlock
inp.4 << 19:07:04.945 [main] INFO Env - @{4 UNLOCKED}
out.1 >> ping
out.2 >> ping
out.3 >> ping
out.4 >> ping
out.5 >> ping
inp.5 << 19:07:04.945 [main] INFO Env - @{5 PONG}
inp.2 << 19:07:04.945 [main] INFO Env - @{2 PONG}
inp.4 << 19:07:04.945 [main] INFO Env - @{4 PONG}
inp.1 << 19:07:04.945 [main] INFO Env - @{1 PONG}
inp.3 << 19:07:04.946 [main] INFO Env - @{3 PONG}
out.4 >> lock
out.2 >> lock
inp.4 << 19:07:04.946 [main] INFO Env - @{4 LOCKED}
out.4 >> unlock
inp.2 << 19:07:04.946 [main] INFO Env - @{2 SEND 4} Message(Ask)
inp.4 << 19:07:04.946 [main] INFO Env - @{4 UNLOCKED}
inp.4 << 19:07:04.946 [main] INFO Env - @{4 RCVD 2} Message(Ask)
inp.4 << 19:07:04.947 [main] INFO Env - @{4 SEND 2} Message(Share)
inp.2 << 19:07:04.947 [main] INFO Env - @{2 RCVD 4} Message(Share)
inp.2 << 19:07:04.947 [main] INFO Env - @{2 LOCKED}
out.2 >> unlock
inp.2 << 19:07:04.947 [main] INFO Env - @{2 UNLOCKED}
out.1 >> ping
out.2 >> ping
out.3 >> ping
out.4 >> ping
out.5 >> ping
inp.2 << 19:07:04.947 [main] INFO Env - @{2 PONG}
inp.1 << 19:07:04.948 [main] INFO Env - @{1 PONG}
inp.4 << 19:07:04.948 [main] INFO Env - @{4 PONG}
inp.5 << 19:07:04.948 [main] INFO Env - @{5 PONG}
inp.3 << 19:07:04.948 [main] INFO Env - @{3 PONG}
out.1 >> ping
out.2 >> ping
out.3 >> ping
out.4 >> ping
out.5 >> ping
inp.5 << 19:07:04.948 [main] INFO Env - @{5 PONG}
inp.1 << 19:07:04.948 [main] INFO Env - @{1 PONG}
inp.2 << 19:07:04.948 [main] INFO Env - @{2 PONG}
inp.4 << 19:07:04.948 [main] INFO Env - @{4 PONG}
inp.3 << 19:07:04.948 [main] INFO Env - @{3 PONG}
out.1 >> lock
inp.1 << 19:07:04.949 [main] INFO Env - @{1 SEND 2} Message(Ask)
inp.1 << 19:07:04.949 [main] INFO Env - @{1 SEND 3} Message(Ask)
inp.2 << 19:07:04.949 [main] INFO Env - @{2 RCVD 1} Message(Ask)
inp.2 << 19:07:04.949 [main] INFO Env - @{2 SEND 1} Message(Share)
inp.1 << 19:07:04.949 [main] INFO Env - @{1 SEND 4} Message(Ask)
inp.1 << 19:07:04.949 [main] INFO Env - @{1 RCVD 2} Message(Share)
inp.4 << 19:07:04.949 [main] INFO Env - @{4 RCVD 1} Message(Ask)
inp.4 << 19:07:04.949 [main] INFO Env - @{4 SEND 1} Message(Share)
inp.3 << 19:07:04.949 [main] INFO Env - @{3 RCVD 1} Message(Ask)
inp.3 << 19:07:04.949 [main] INFO Env - @{3 SEND 1} Message(Share)
inp.1 << 19:07:04.949 [main] INFO Env - @{1 RCVD 4} Message(Share)
inp.1 << 19:07:04.949 [main] INFO Env - @{1 RCVD 3} Message(Share)
inp.1 << 19:07:04.949 [main] INFO Env - @{1 LOCKED}
out.1 >> unlock
inp.1 << 19:07:04.950 [main] INFO Env - @{1 UNLOCKED}
out.1 >> ping
out.2 >> ping
out.3 >> ping
out.4 >> ping
out.5 >> ping
inp.1 << 19:07:04.950 [main] INFO Env - @{1 PONG}
inp.5 << 19:07:04.950 [main] INFO Env - @{5 PONG}
inp.2 << 19:07:04.950 [main] INFO Env - @{2 PONG}
inp.4 << 19:07:04.950 [main] INFO Env - @{4 PONG}
inp.3 << 19:07:04.950 [main] INFO Env - @{3 PONG}
out.2 >> lock
inp.2 << 19:07:04.951 [main] INFO Env - @{2 SEND 1} Message(Ask)
inp.1 << 19:07:04.951 [main] INFO Env - @{1 RCVD 2} Message(Ask)
inp.1 << 19:07:04.951 [main] INFO Env - @{1 SEND 2} Message(Share)
inp.2 << 19:07:04.951 [main] INFO Env - @{2 RCVD 1} Message(Share)
inp.2 << 19:07:04.951 [main] INFO Env - @{2 LOCKED}
out.2 >> unlock
inp.2 << 19:07:04.951 [main] INFO Env - @{2 UNLOCKED}
out.1 >> ping
out.2 >> ping
out.3 >> ping
out.4 >> ping
out.5 >> ping
inp.2 << 19:07:04.952 [main] INFO Env - @{2 PONG}
inp.5 << 19:07:04.952 [main] INFO Env - @{5 PONG}
inp.1 << 19:07:04.952 [main] INFO Env - @{1 PONG}
inp.4 << 19:07:04.952 [main] INFO Env - @{4 PONG}
inp.3 << 19:07:04.952 [main] INFO Env - @{3 PONG}
out.3 >> lock
inp.3 << 19:07:04.952 [main] INFO Env - @{3 SEND 1} Message(Ask)
inp.3 << 19:07:04.952 [main] INFO Env - @{3 SEND 2} Message(Ask)
inp.1 << 19:07:04.952 [main] INFO Env - @{1 RCVD 3} Message(Ask)
inp.3 << 19:07:04.952 [main] INFO Env - @{3 SEND 4} Message(Ask)
inp.1 << 19:07:04.953 [main] INFO Env - @{1 SEND 3} Message(Share)
inp.4 << 19:07:04.953 [main] INFO Env - @{4 RCVD 3} Message(Ask)
inp.4 << 19:07:04.953 [main] INFO Env - @{4 SEND 3} Message(Share)
inp.2 << 19:07:04.953 [main] INFO Env - @{2 RCVD 3} Message(Ask)
inp.2 << 19:07:04.953 [main] INFO Env - @{2 SEND 3} Message(Share)
inp.3 << 19:07:04.953 [main] INFO Env - @{3 RCVD 1} Message(Share)
inp.3 << 19:07:04.953 [main] INFO Env - @{3 RCVD 4} Message(Share)
inp.3 << 19:07:04.953 [main] INFO Env - @{3 RCVD 2} Message(Share)
inp.3 << 19:07:04.953 [main] INFO Env - @{3 LOCKED}
out.3 >> unlock
inp.3 << 19:07:04.953 [main] INFO Env - @{3 UNLOCKED}
out.1 >> ping
out.2 >> ping
out.3 >> ping
out.4 >> ping
out.5 >> ping
inp.1 << 19:07:04.954 [main] INFO Env - @{1 PONG}
inp.5 << 19:07:04.954 [main] INFO Env - @{5 PONG}
inp.2 << 19:07:04.954 [main] INFO Env - @{2 PONG}
inp.4 << 19:07:04.954 [main] INFO Env - @{4 PONG}
inp.3 << 19:07:04.954 [main] INFO Env - @{3 PONG}
out.4 >> lock
inp.4 << 19:07:04.954 [main] INFO Env - @{4 SEND 1} Message(Ask)
inp.4 << 19:07:04.954 [main] INFO Env - @{4 SEND 2} Message(Ask)
inp.4 << 19:07:04.954 [main] INFO Env - @{4 SEND 3} Message(Ask)
inp.1 << 19:07:04.954 [main] INFO Env - @{1 RCVD 4} Message(Ask)
inp.2 << 19:07:04.954 [main] INFO Env - @{2 RCVD 4} Message(Ask)
inp.3 << 19:07:04.954 [main] INFO Env - @{3 RCVD 4} Message(Ask)
inp.2 << 19:07:04.954 [main] INFO Env - @{2 SEND 4} Message(Share)
inp.3 << 19:07:04.955 [main] INFO Env - @{3 SEND 4} Message(Share)
inp.1 << 19:07:04.954 [main] INFO Env - @{1 SEND 4} Message(Share)
inp.4 << 19:07:04.955 [main] INFO Env - @{4 RCVD 1} Message(Share)
inp.4 << 19:07:04.955 [main] INFO Env - @{4 RCVD 2} Message(Share)
inp.4 << 19:07:04.955 [main] INFO Env - @{4 RCVD 3} Message(Share)
inp.4 << 19:07:04.955 [main] INFO Env - @{4 LOCKED}
out.4 >> unlock
inp.4 << 19:07:04.955 [main] INFO Env - @{4 UNLOCKED}
out.1 >> ping
out.2 >> ping
out.3 >> ping
out.4 >> ping
out.5 >> ping
inp.1 << 19:07:04.956 [main] INFO Env - @{1 PONG}
inp.5 << 19:07:04.956 [main] INFO Env - @{5 PONG}
inp.2 << 19:07:04.956 [main] INFO Env - @{2 PONG}
inp.4 << 19:07:04.956 [main] INFO Env - @{4 PONG}
inp.3 << 19:07:04.956 [main] INFO Env - @{3 PONG}
out.5 >> lock
inp.5 << 19:07:04.956 [main] INFO Env - @{5 SEND 1} Message(Ask)
inp.5 << 19:07:04.957 [main] INFO Env - @{5 SEND 2} Message(Ask)
inp.5 << 19:07:04.957 [main] INFO Env - @{5 SEND 3} Message(Ask)
inp.5 << 19:07:04.958 [main] INFO Env - @{5 SEND 4} Message(Ask)
inp.1 << 19:07:04.959 [main] INFO Env - @{1 RCVD 5} Message(Ask)
inp.2 << 19:07:04.959 [main] INFO Env - @{2 RCVD 5} Message(Ask)
inp.2 << 19:07:04.959 [main] INFO Env - @{2 SEND 5} Message(Share)
inp.1 << 19:07:04.959 [main] INFO Env - @{1 SEND 5} Message(Share)
inp.5 << 19:07:04.959 [main] INFO Env - @{5 RCVD 2} Message(Share)
inp.5 << 19:07:04.959 [main] INFO Env - @{5 RCVD 1} Message(Share)
inp.4 << 19:07:04.959 [main] INFO Env - @{4 RCVD 5} Message(Ask)
inp.4 << 19:07:04.960 [main] INFO Env - @{4 SEND 5} Message(Share)
inp.5 << 19:07:04.960 [main] INFO Env - @{5 RCVD 4} Message(Share)
inp.3 << 19:07:04.960 [main] INFO Env - @{3 RCVD 5} Message(Ask)
inp.3 << 19:07:04.960 [main] INFO Env - @{3 SEND 5} Message(Share)
inp.5 << 19:07:04.960 [main] INFO Env - @{5 RCVD 3} Message(Share)
inp.5 << 19:07:04.960 [main] INFO Env - @{5 LOCKED}
out.5 >> unlock
inp.5 << 19:07:04.960 [main] INFO Env - @{5 UNLOCKED}
out.1 >> ping
out.2 >> ping
out.3 >> ping
out.4 >> ping
out.5 >> ping
inp.5 << 19:07:04.961 [main] INFO Env - @{5 PONG}
inp.2 << 19:07:04.961 [main] INFO Env - @{2 PONG}
inp.4 << 19:07:04.961 [main] INFO Env - @{4 PONG}
inp.1 << 19:07:04.961 [main] INFO Env - @{1 PONG}
inp.3 << 19:07:04.961 [main] INFO Env - @{3 PONG}
out.4 >> lock
out.5 >> lock
out.2 >> lock
out.3 >> lock
out.1 >> lock
inp.5 << 19:07:04.962 [main] INFO Env - @{5 LOCKED}
out.5 >> unlock
inp.5 << 19:07:04.963 [main] INFO Env - @{5 UNLOCKED}
inp.4 << 19:07:04.963 [main] INFO Env - @{4 SEND 5} Message(Ask)
inp.5 << 19:07:04.964 [main] INFO Env - @{5 RCVD 4} Message(Ask)
inp.5 << 19:07:04.964 [main] INFO Env - @{5 SEND 4} Message(Share)
inp.2 << 19:07:04.964 [main] INFO Env - @{2 SEND 3} Message(Ask)
inp.2 << 19:07:04.964 [main] INFO Env - @{2 SEND 4} Message(Ask)
inp.2 << 19:07:04.964 [main] INFO Env - @{2 SEND 5} Message(Ask)
inp.1 << 19:07:04.964 [main] INFO Env - @{1 SEND 2} Message(Ask)
inp.1 << 19:07:04.964 [main] INFO Env - @{1 SEND 3} Message(Ask)
inp.1 << 19:07:04.964 [main] INFO Env - @{1 SEND 4} Message(Ask)
inp.4 << 19:07:04.964 [main] INFO Env - @{4 RCVD 5} Message(Share)
inp.4 << 19:07:04.964 [main] INFO Env - @{4 LOCKED}
out.4 >> unlock
inp.2 << 19:07:04.965 [main] INFO Env - @{2 RCVD 1} Message(Ask)
inp.2 << 19:07:04.965 [main] INFO Env - @{2 SEND 1} Message(Share)
inp.5 << 19:07:04.965 [main] INFO Env - @{5 RCVD 2} Message(Ask)
inp.5 << 19:07:04.965 [main] INFO Env - @{5 SEND 2} Message(Share)
inp.1 << 19:07:04.964 [main] INFO Env - @{1 SEND 5} Message(Ask)
inp.5 << 19:07:04.965 [main] INFO Env - @{5 RCVD 1} Message(Ask)
inp.2 << 19:07:04.965 [main] INFO Env - @{2 SEND 1} Message(Ask)
inp.2 << 19:07:04.965 [main] INFO Env - @{2 RCVD 5} Message(Share)
inp.1 << 19:07:04.965 [main] INFO Env - @{1 RCVD 2} Message(Share)
inp.5 << 19:07:04.965 [main] INFO Env - @{5 SEND 1} Message(Share)
inp.1 << 19:07:04.965 [main] INFO Env - @{1 RCVD 2} Message(Ask)
inp.4 << 19:07:04.965 [main] INFO Env - @{4 RCVD 2} Message(Ask)
inp.4 << 19:07:04.965 [main] INFO Env - @{4 RCVD 1} Message(Ask)
inp.1 << 19:07:04.965 [main] INFO Env - @{1 RCVD 5} Message(Share)
inp.4 << 19:07:04.965 [main] INFO Env - @{4 UNLOCKED}
inp.4 << 19:07:04.965 [main] INFO Env - @{4 SEND 1} Message(Share)
inp.4 << 19:07:04.965 [main] INFO Env - @{4 SEND 2} Message(Share)
inp.1 << 19:07:04.965 [main] INFO Env - @{1 RCVD 4} Message(Share)
inp.2 << 19:07:04.966 [main] INFO Env - @{2 RCVD 4} Message(Share)
inp.3 << 19:07:04.966 [main] INFO Env - @{3 SEND 4} Message(Ask)
inp.3 << 19:07:04.966 [main] INFO Env - @{3 SEND 5} Message(Ask)
inp.3 << 19:07:04.966 [main] INFO Env - @{3 RCVD 2} Message(Ask)
inp.3 << 19:07:04.966 [main] INFO Env - @{3 SEND 2} Message(Share)
inp.4 << 19:07:04.966 [main] INFO Env - @{4 RCVD 3} Message(Ask)
inp.4 << 19:07:04.966 [main] INFO Env - @{4 SEND 3} Message(Share)
inp.5 << 19:07:04.966 [main] INFO Env - @{5 RCVD 3} Message(Ask)
inp.5 << 19:07:04.967 [main] INFO Env - @{5 SEND 3} Message(Share)
inp.3 << 19:07:04.970 [main] INFO Env - @{3 SEND 2} Message(Ask)
inp.3 << 19:07:04.971 [main] INFO Env - @{3 RCVD 1} Message(Ask)
inp.3 << 19:07:04.971 [main] INFO Env - @{3 SEND 1} Message(Share)
inp.3 << 19:07:04.971 [main] INFO Env - @{3 SEND 1} Message(Ask)
inp.3 << 19:07:04.971 [main] INFO Env - @{3 RCVD 5} Message(Share)
inp.2 << 19:07:04.978 [main] INFO Env - @{2 RCVD 3} Message(Share)
inp.2 << 19:07:04.978 [main] INFO Env - @{2 RCVD 3} Message(Ask)
inp.3 << 19:07:04.979 [main] INFO Env - @{3 RCVD 4} Message(Share)
inp.1 << 19:07:04.979 [main] INFO Env - @{1 RCVD 3} Message(Share)
inp.1 << 19:07:04.979 [main] INFO Env - @{1 LOCKED}
inp.1 << 19:07:04.979 [main] INFO Env - @{1 RCVD 3} Message(Ask)
out.1 >> unlock
inp.1 << 19:07:04.982 [main] INFO Env - @{1 UNLOCKED}
inp.1 << 19:07:04.982 [main] INFO Env - @{1 SEND 2} Message(Share)
inp.2 << 19:07:04.983 [main] INFO Env - @{2 RCVD 1} Message(Share)
inp.2 << 19:07:04.983 [main] INFO Env - @{2 LOCKED}
out.2 >> unlock
inp.2 << 19:07:04.983 [main] INFO Env - @{2 UNLOCKED}
inp.2 << 19:07:04.983 [main] INFO Env - @{2 SEND 3} Message(Share)
inp.3 << 19:07:04.983 [main] INFO Env - @{3 RCVD 2} Message(Share)
inp.1 << 19:07:04.983 [main] INFO Env - @{1 SEND 3} Message(Share)
inp.3 << 19:07:04.984 [main] INFO Env - @{3 RCVD 1} Message(Share)
inp.3 << 19:07:04.984 [main] INFO Env - @{3 LOCKED}
out.3 >> unlock
inp.3 << 19:07:04.984 [main] INFO Env - @{3 UNLOCKED}
out.1 >> ping
out.2 >> ping
out.3 >> ping
out.4 >> ping
out.5 >> ping
inp.5 << 19:07:04.984 [main] INFO Env - @{5 PONG}
inp.3 << 19:07:04.985 [main] INFO Env - @{3 PONG}
inp.2 << 19:07:04.985 [main] INFO Env - @{2 PONG}
inp.1 << 19:07:04.985 [main] INFO Env - @{1 PONG}
inp.4 << 19:07:04.985 [main] INFO Env - @{4 PONG}
out.5 >> lock
inp.5 << 19:07:04.985 [main] INFO Env - @{5 SEND 1} Message(Ask)
inp.5 << 19:07:04.985 [main] INFO Env - @{5 SEND 2} Message(Ask)
inp.5 << 19:07:04.985 [main] INFO Env - @{5 SEND 3} Message(Ask)
inp.5 << 19:07:04.986 [main] INFO Env - @{5 SEND 4} Message(Ask)
inp.3 << 19:07:04.986 [main] INFO Env - @{3 RCVD 5} Message(Ask)
inp.2 << 19:07:04.986 [main] INFO Env - @{2 RCVD 5} Message(Ask)
inp.2 << 19:07:04.986 [main] INFO Env - @{2 SEND 5} Message(Share)
inp.5 << 19:07:04.986 [main] INFO Env - @{5 RCVD 2} Message(Share)
inp.3 << 19:07:04.986 [main] INFO Env - @{3 SEND 5} Message(Share)
inp.5 << 19:07:04.986 [main] INFO Env - @{5 RCVD 3} Message(Share)
inp.1 << 19:07:04.986 [main] INFO Env - @{1 RCVD 5} Message(Ask)
inp.1 << 19:07:04.986 [main] INFO Env - @{1 SEND 5} Message(Share)
inp.5 << 19:07:04.986 [main] INFO Env - @{5 RCVD 1} Message(Share)
inp.4 << 19:07:04.986 [main] INFO Env - @{4 RCVD 5} Message(Ask)
inp.4 << 19:07:04.987 [main] INFO Env - @{4 SEND 5} Message(Share)
inp.5 << 19:07:04.987 [main] INFO Env - @{5 RCVD 4} Message(Share)
inp.5 << 19:07:04.987 [main] INFO Env - @{5 LOCKED}
out.5 >> unlock
inp.5 << 19:07:04.987 [main] INFO Env - @{5 UNLOCKED}
out.1 >> ping
out.2 >> ping
out.3 >> ping
out.4 >> ping
out.5 >> ping
inp.5 << 19:07:04.987 [main] INFO Env - @{5 PONG}
inp.2 << 19:07:04.987 [main] INFO Env - @{2 PONG}
inp.3 << 19:07:04.988 [main] INFO Env - @{3 PONG}
inp.1 << 19:07:04.988 [main] INFO Env - @{1 PONG}
inp.4 << 19:07:04.988 [main] INFO Env - @{4 PONG}
out.5 >> lock
inp.5 << 19:07:04.988 [main] INFO Env - @{5 LOCKED}
out.5 >> unlock
inp.5 << 19:07:04.988 [main] INFO Env - @{5 UNLOCKED}
out.1 >> ping
out.2 >> ping
out.3 >> ping
out.4 >> ping
out.5 >> ping
inp.2 << 19:07:04.989 [main] INFO Env - @{2 PONG}
inp.5 << 19:07:04.989 [main] INFO Env - @{5 PONG}
inp.3 << 19:07:04.989 [main] INFO Env - @{3 PONG}
inp.1 << 19:07:04.989 [main] INFO Env - @{1 PONG}
inp.4 << 19:07:04.989 [main] INFO Env - @{4 PONG}
out.5 >> lock
inp.5 << 19:07:04.989 [main] INFO Env - @{5 LOCKED}
out.5 >> unlock
inp.5 << 19:07:04.989 [main] INFO Env - @{5 UNLOCKED}
out.1 >> ping
out.2 >> ping
out.3 >> ping
out.4 >> ping
out.5 >> ping
inp.5 << 19:07:04.990 [main] INFO Env - @{5 PONG}
inp.2 << 19:07:04.990 [main] INFO Env - @{2 PONG}
inp.3 << 19:07:04.990 [main] INFO Env - @{3 PONG}
inp.1 << 19:07:04.990 [main] INFO Env - @{1 PONG}
inp.4 << 19:07:04.990 [main] INFO Env - @{4 PONG}
out.5 >> lock
out.4 >> lock
inp.5 << 19:07:04.990 [main] INFO Env - @{5 LOCKED}
out.5 >> unlock
inp.5 << 19:07:04.991 [main] INFO Env - @{5 UNLOCKED}
inp.4 << 19:07:04.991 [main] INFO Env - @{4 SEND 1} Message(Ask)
inp.4 << 19:07:04.991 [main] INFO Env - @{4 SEND 2} Message(Ask)
inp.4 << 19:07:04.991 [main] INFO Env - @{4 SEND 3} Message(Ask)
inp.4 << 19:07:04.991 [main] INFO Env - @{4 SEND 5} Message(Ask)
inp.5 << 19:07:04.991 [main] INFO Env - @{5 RCVD 4} Message(Ask)
inp.5 << 19:07:04.991 [main] INFO Env - @{5 SEND 4} Message(Share)
inp.2 << 19:07:04.991 [main] INFO Env - @{2 RCVD 4} Message(Ask)
inp.3 << 19:07:04.991 [main] INFO Env - @{3 RCVD 4} Message(Ask)
inp.2 << 19:07:04.991 [main] INFO Env - @{2 SEND 4} Message(Share)
inp.3 << 19:07:04.991 [main] INFO Env - @{3 SEND 4} Message(Share)
inp.4 << 19:07:04.991 [main] INFO Env - @{4 RCVD 2} Message(Share)
inp.4 << 19:07:04.991 [main] INFO Env - @{4 RCVD 5} Message(Share)
inp.4 << 19:07:04.991 [main] INFO Env - @{4 RCVD 3} Message(Share)
inp.1 << 19:07:04.991 [main] INFO Env - @{1 RCVD 4} Message(Ask)
inp.1 << 19:07:04.991 [main] INFO Env - @{1 SEND 4} Message(Share)
inp.4 << 19:07:04.992 [main] INFO Env - @{4 RCVD 1} Message(Share)
inp.4 << 19:07:04.992 [main] INFO Env - @{4 LOCKED}
out.4 >> unlock
inp.4 << 19:07:04.992 [main] INFO Env - @{4 UNLOCKED}
out.1 >> ping
out.2 >> ping
out.3 >> ping
out.4 >> ping
out.5 >> ping
inp.5 << 19:07:04.992 [main] INFO Env - @{5 PONG}
inp.2 << 19:07:04.992 [main] INFO Env - @{2 PONG}
inp.3 << 19:07:04.992 [main] INFO Env - @{3 PONG}
inp.1 << 19:07:04.992 [main] INFO Env - @{1 PONG}
inp.4 << 19:07:04.993 [main] INFO Env - @{4 PONG}
out.5 >> lock
out.4 >> lock
inp.5 << 19:07:04.993 [main] INFO Env - @{5 SEND 4} Message(Ask)
inp.4 << 19:07:04.993 [main] INFO Env - @{4 LOCKED}
out.4 >> unlock
inp.4 << 19:07:04.993 [main] INFO Env - @{4 RCVD 5} Message(Ask)
inp.4 << 19:07:04.993 [main] INFO Env - @{4 UNLOCKED}
inp.4 << 19:07:04.993 [main] INFO Env - @{4 SEND 5} Message(Share)
inp.5 << 19:07:04.993 [main] INFO Env - @{5 RCVD 4} Message(Share)
inp.5 << 19:07:04.993 [main] INFO Env - @{5 LOCKED}
out.5 >> unlock
inp.5 << 19:07:04.993 [main] INFO Env - @{5 UNLOCKED}
out.1 >> ping
out.2 >> ping
out.3 >> ping
out.4 >> ping
out.5 >> ping
inp.5 << 19:07:04.994 [main] INFO Env - @{5 PONG}
inp.2 << 19:07:04.994 [main] INFO Env - @{2 PONG}
inp.3 << 19:07:04.994 [main] INFO Env - @{3 PONG}
inp.1 << 19:07:04.994 [main] INFO Env - @{1 PONG}
inp.4 << 19:07:04.994 [main] INFO Env - @{4 PONG}
out.5 >> lock
out.4 >> lock
inp.5 << 19:07:04.994 [main] INFO Env - @{5 LOCKED}
out.5 >> unlock
inp.5 << 19:07:04.995 [main] INFO Env - @{5 UNLOCKED}
inp.4 << 19:07:04.995 [main] INFO Env - @{4 SEND 5} Message(Ask)
inp.5 << 19:07:04.995 [main] INFO Env - @{5 RCVD 4} Message(Ask)
inp.5 << 19:07:04.995 [main] INFO Env - @{5 SEND 4} Message(Share)
inp.4 << 19:07:04.995 [main] INFO Env - @{4 RCVD 5} Message(Share)
inp.4 << 19:07:04.995 [main] INFO Env - @{4 LOCKED}
out.4 >> unlock
inp.4 << 19:07:04.995 [main] INFO Env - @{4 UNLOCKED}
out.1 >> ping
out.2 >> ping
out.3 >> ping
out.4 >> ping
out.5 >> ping
inp.5 << 19:07:04.996 [main] INFO Env - @{5 PONG}
inp.2 << 19:07:04.996 [main] INFO Env - @{2 PONG}
inp.3 << 19:07:04.996 [main] INFO Env - @{3 PONG}
inp.1 << 19:07:04.996 [main] INFO Env - @{1 PONG}
inp.4 << 19:07:04.996 [main] INFO Env - @{4 PONG}
out.1 >> ping
out.2 >> ping
out.3 >> ping
out.4 >> ping
out.5 >> ping
inp.5 << 19:07:04.996 [main] INFO Env - @{5 PONG}
inp.2 << 19:07:04.996 [main] INFO Env - @{2 PONG}
inp.3 << 19:07:04.996 [main] INFO Env - @{3 PONG}
inp.1 << 19:07:04.997 [main] INFO Env - @{1 PONG}
inp.4 << 19:07:04.997 [main] INFO Env - @{4 PONG}
out.1 >> lock
inp.1 << 19:07:04.997 [main] INFO Env - @{1 SEND 2} Message(Ask)
inp.1 << 19:07:04.997 [main] INFO Env - @{1 SEND 3} Message(Ask)
inp.3 << 19:07:04.997 [main] INFO Env - @{3 RCVD 1} Message(Ask)
inp.2 << 19:07:04.997 [main] INFO Env - @{2 RCVD 1} Message(Ask)
inp.3 << 19:07:04.997 [main] INFO Env - @{3 SEND 1} Message(Share)
inp.1 << 19:07:04.997 [main] INFO Env - @{1 SEND 4} Message(Ask)
inp.2 << 19:07:04.997 [main] INFO Env - @{2 SEND 1} Message(Share)
inp.1 << 19:07:04.997 [main] INFO Env - @{1 SEND 5} Message(Ask)
inp.1 << 19:07:04.997 [main] INFO Env - @{1 RCVD 2} Message(Share)
inp.1 << 19:07:04.997 [main] INFO Env - @{1 RCVD 3} Message(Share)
inp.4 << 19:07:04.997 [main] INFO Env - @{4 RCVD 1} Message(Ask)
inp.5 << 19:07:04.998 [main] INFO Env - @{5 RCVD 1} Message(Ask)
inp.4 << 19:07:04.998 [main] INFO Env - @{4 SEND 1} Message(Share)
inp.5 << 19:07:04.998 [main] INFO Env - @{5 SEND 1} Message(Share)
inp.1 << 19:07:04.998 [main] INFO Env - @{1 RCVD 4} Message(Share)
inp.1 << 19:07:04.998 [main] INFO Env - @{1 RCVD 5} Message(Share)
inp.1 << 19:07:04.998 [main] INFO Env - @{1 LOCKED}
out.1 >> unlock
inp.1 << 19:07:04.998 [main] INFO Env - @{1 UNLOCKED}
out.1 >> ping
out.2 >> ping
out.3 >> ping
out.4 >> ping
out.5 >> ping
inp.5 << 19:07:04.998 [main] INFO Env - @{5 PONG}
inp.2 << 19:07:04.998 [main] INFO Env - @{2 PONG}
inp.3 << 19:07:04.999 [main] INFO Env - @{3 PONG}
inp.1 << 19:07:04.999 [main] INFO Env - @{1 PONG}
inp.4 << 19:07:04.999 [main] INFO Env - @{4 PONG}
out.2 >> lock
inp.2 << 19:07:04.999 [main] INFO Env - @{2 SEND 1} Message(Ask)
inp.2 << 19:07:04.999 [main] INFO Env - @{2 SEND 3} Message(Ask)
inp.2 << 19:07:04.999 [main] INFO Env - @{2 SEND 4} Message(Ask)
inp.3 << 19:07:04.999 [main] INFO Env - @{3 RCVD 2} Message(Ask)
inp.3 << 19:07:04.999 [main] INFO Env - @{3 SEND 2} Message(Share)
inp.2 << 19:07:04.999 [main] INFO Env - @{2 SEND 5} Message(Ask)
inp.2 << 19:07:04.999 [main] INFO Env - @{2 RCVD 3} Message(Share)
inp.5 << 19:07:04.999 [main] INFO Env - @{5 RCVD 2} Message(Ask)
inp.1 << 19:07:04.999 [main] INFO Env - @{1 RCVD 2} Message(Ask)
inp.5 << 19:07:05.000 [main] INFO Env - @{5 SEND 2} Message(Share)
inp.1 << 19:07:04.999 [main] INFO Env - @{1 SEND 2} Message(Share)
inp.4 << 19:07:04.999 [main] INFO Env - @{4 RCVD 2} Message(Ask)
inp.4 << 19:07:05.000 [main] INFO Env - @{4 SEND 2} Message(Share)
inp.2 << 19:07:05.000 [main] INFO Env - @{2 RCVD 1} Message(Share)
inp.2 << 19:07:05.000 [main] INFO Env - @{2 RCVD 5} Message(Share)
inp.2 << 19:07:05.000 [main] INFO Env - @{2 RCVD 4} Message(Share)
inp.2 << 19:07:05.000 [main] INFO Env - @{2 LOCKED}
out.2 >> unlock
inp.2 << 19:07:05.000 [main] INFO Env - @{2 UNLOCKED}
out.1 >> ping
out.2 >> ping
out.3 >> ping
out.4 >> ping
out.5 >> ping
inp.5 << 19:07:05.000 [main] INFO Env - @{5 PONG}
inp.2 << 19:07:05.000 [main] INFO Env - @{2 PONG}
inp.3 << 19:07:05.000 [main] INFO Env - @{3 PONG}
inp.1 << 19:07:05.001 [main] INFO Env - @{1 PONG}
inp.4 << 19:07:05.001 [main] INFO Env - @{4 PONG}
out.3 >> lock
inp.3 << 19:07:05.001 [main] INFO Env - @{3 SEND 1} Message(Ask)
inp.3 << 19:07:05.001 [main] INFO Env - @{3 SEND 2} Message(Ask)
inp.3 << 19:07:05.001 [main] INFO Env - @{3 SEND 4} Message(Ask)
inp.1 << 19:07:05.001 [main] INFO Env - @{1 RCVD 3} Message(Ask)
inp.3 << 19:07:05.001 [main] INFO Env - @{3 SEND 5} Message(Ask)
inp.1 << 19:07:05.001 [main] INFO Env - @{1 SEND 3} Message(Share)
inp.2 << 19:07:05.001 [main] INFO Env - @{2 RCVD 3} Message(Ask)
inp.4 << 19:07:05.001 [main] INFO Env - @{4 RCVD 3} Message(Ask)
inp.4 << 19:07:05.001 [main] INFO Env - @{4 SEND 3} Message(Share)
inp.5 << 19:07:05.001 [main] INFO Env - @{5 RCVD 3} Message(Ask)
inp.2 << 19:07:05.002 [main] INFO Env - @{2 SEND 3} Message(Share)
inp.5 << 19:07:05.002 [main] INFO Env - @{5 SEND 3} Message(Share)
inp.3 << 19:07:05.002 [main] INFO Env - @{3 RCVD 1} Message(Share)
inp.3 << 19:07:05.002 [main] INFO Env - @{3 RCVD 4} Message(Share)
inp.3 << 19:07:05.002 [main] INFO Env - @{3 RCVD 2} Message(Share)
inp.3 << 19:07:05.002 [main] INFO Env - @{3 RCVD 5} Message(Share)
inp.3 << 19:07:05.002 [main] INFO Env - @{3 LOCKED}
out.3 >> unlock
inp.3 << 19:07:05.002 [main] INFO Env - @{3 UNLOCKED}
out.1 >> ping
out.2 >> ping
out.3 >> ping
out.4 >> ping
out.5 >> ping
inp.1 << 19:07:05.002 [main] INFO Env - @{1 PONG}
inp.3 << 19:07:05.002 [main] INFO Env - @{3 PONG}
inp.2 << 19:07:05.002 [main] INFO Env - @{2 PONG}
inp.4 << 19:07:05.002 [main] INFO Env - @{4 PONG}
inp.5 << 19:07:05.002 [main] INFO Env - @{5 PONG}
out.4 >> lock
inp.4 << 19:07:05.003 [main] INFO Env - @{4 SEND 1} Message(Ask)
inp.4 << 19:07:05.003 [main] INFO Env - @{4 SEND 2} Message(Ask)
inp.4 << 19:07:05.003 [main] INFO Env - @{4 SEND 3} Message(Ask)
inp.2 << 19:07:05.003 [main] INFO Env - @{2 RCVD 4} Message(Ask)
inp.2 << 19:07:05.003 [main] INFO Env - @{2 SEND 4} Message(Share)
inp.4 << 19:07:05.003 [main] INFO Env - @{4 RCVD 2} Message(Share)
inp.3 << 19:07:05.003 [main] INFO Env - @{3 RCVD 4} Message(Ask)
inp.3 << 19:07:05.003 [main] INFO Env - @{3 SEND 4} Message(Share)
inp.4 << 19:07:05.003 [main] INFO Env - @{4 RCVD 3} Message(Share)
inp.1 << 19:07:05.003 [main] INFO Env - @{1 RCVD 4} Message(Ask)
inp.1 << 19:07:05.004 [main] INFO Env - @{1 SEND 4} Message(Share)
inp.4 << 19:07:05.004 [main] INFO Env - @{4 RCVD 1} Message(Share)
inp.4 << 19:07:05.004 [main] INFO Env - @{4 LOCKED}
out.4 >> unlock
inp.4 << 19:07:05.004 [main] INFO Env - @{4 UNLOCKED}
out.1 >> ping
out.2 >> ping
out.3 >> ping
out.4 >> ping
out.5 >> ping
inp.5 << 19:07:05.004 [main] INFO Env - @{5 PONG}
inp.2 << 19:07:05.004 [main] INFO Env - @{2 PONG}
inp.3 << 19:07:05.004 [main] INFO Env - @{3 PONG}
inp.1 << 19:07:05.004 [main] INFO Env - @{1 PONG}
inp.4 << 19:07:05.005 [main] INFO Env - @{4 PONG}
out.5 >> lock
inp.5 << 19:07:05.005 [main] INFO Env - @{5 SEND 1} Message(Ask)
inp.5 << 19:07:05.005 [main] INFO Env - @{5 SEND 2} Message(Ask)
inp.5 << 19:07:05.005 [main] INFO Env - @{5 SEND 3} Message(Ask)
inp.5 << 19:07:05.005 [main] INFO Env - @{5 SEND 4} Message(Ask)
inp.2 << 19:07:05.005 [main] INFO Env - @{2 RCVD 5} Message(Ask)
inp.2 << 19:07:05.005 [main] INFO Env - @{2 SEND 5} Message(Share)
inp.3 << 19:07:05.005 [main] INFO Env - @{3 RCVD 5} Message(Ask)
inp.3 << 19:07:05.005 [main] INFO Env - @{3 SEND 5} Message(Share)
inp.1 << 19:07:05.005 [main] INFO Env - @{1 RCVD 5} Message(Ask)
inp.5 << 19:07:05.005 [main] INFO Env - @{5 RCVD 2} Message(Share)
inp.5 << 19:07:05.005 [main] INFO Env - @{5 RCVD 3} Message(Share)
inp.1 << 19:07:05.005 [main] INFO Env - @{1 SEND 5} Message(Share)
inp.4 << 19:07:05.005 [main] INFO Env - @{4 RCVD 5} Message(Ask)
inp.4 << 19:07:05.005 [main] INFO Env - @{4 SEND 5} Message(Share)
inp.5 << 19:07:05.005 [main] INFO Env - @{5 RCVD 1} Message(Share)
inp.5 << 19:07:05.005 [main] INFO Env - @{5 RCVD 4} Message(Share)
inp.5 << 19:07:05.005 [main] INFO Env - @{5 LOCKED}
out.5 >> unlock
inp.5 << 19:07:05.006 [main] INFO Env - @{5 UNLOCKED}
out.1 >> ping
out.2 >> ping
out.3 >> ping
out.4 >> ping
out.5 >> ping
inp.5 << 19:07:05.006 [main] INFO Env - @{5 PONG}
inp.3 << 19:07:05.006 [main] INFO Env - @{3 PONG}
inp.1 << 19:07:05.006 [main] INFO Env - @{1 PONG}
inp.4 << 19:07:05.006 [main] INFO Env - @{4 PONG}
inp.2 << 19:07:05.006 [main] INFO Env - @{2 PONG}
out.3 >> lock
out.4 >> lock
out.5 >> lock
out.1 >> lock
out.2 >> lock
inp.5 << 19:07:05.006 [main] INFO Env - @{5 LOCKED}
inp.3 << 19:07:05.007 [main] INFO Env - @{3 SEND 4} Message(Ask)
inp.3 << 19:07:05.007 [main] INFO Env - @{3 SEND 5} Message(Ask)
inp.2 << 19:07:05.007 [main] INFO Env - @{2 SEND 3} Message(Ask)
inp.5 << 19:07:05.007 [main] INFO Env - @{5 RCVD 3} Message(Ask)
inp.2 << 19:07:05.007 [main] INFO Env - @{2 SEND 4} Message(Ask)
inp.3 << 19:07:05.007 [main] INFO Env - @{3 RCVD 2} Message(Ask)
inp.2 << 19:07:05.007 [main] INFO Env - @{2 SEND 5} Message(Ask)
inp.5 << 19:07:05.007 [main] INFO Env - @{5 RCVD 2} Message(Ask)
inp.3 << 19:07:05.007 [main] INFO Env - @{3 SEND 2} Message(Share)
inp.3 << 19:07:05.007 [main] INFO Env - @{3 SEND 2} Message(Ask)
inp.2 << 19:07:05.007 [main] INFO Env - @{2 RCVD 3} Message(Share)
out.5 >> unlock
inp.2 << 19:07:05.007 [main] INFO Env - @{2 RCVD 3} Message(Ask)
inp.5 << 19:07:05.007 [main] INFO Env - @{5 UNLOCKED}
inp.5 << 19:07:05.007 [main] INFO Env - @{5 SEND 2} Message(Share)
inp.5 << 19:07:05.007 [main] INFO Env - @{5 SEND 3} Message(Share)
inp.2 << 19:07:05.007 [main] INFO Env - @{2 RCVD 5} Message(Share)
inp.3 << 19:07:05.008 [main] INFO Env - @{3 RCVD 5} Message(Share)
inp.4 << 19:07:05.007 [main] INFO Env - @{4 SEND 5} Message(Ask)
inp.5 << 19:07:05.008 [main] INFO Env - @{5 RCVD 4} Message(Ask)
inp.5 << 19:07:05.008 [main] INFO Env - @{5 SEND 4} Message(Share)
inp.4 << 19:07:05.008 [main] INFO Env - @{4 RCVD 3} Message(Ask)
inp.4 << 19:07:05.008 [main] INFO Env - @{4 SEND 3} Message(Share)
inp.4 << 19:07:05.008 [main] INFO Env - @{4 SEND 3} Message(Ask)
inp.3 << 19:07:05.008 [main] INFO Env - @{3 RCVD 4} Message(Share)
inp.3 << 19:07:05.008 [main] INFO Env - @{3 RCVD 4} Message(Ask)
inp.4 << 19:07:05.008 [main] INFO Env - @{4 RCVD 2} Message(Ask)
inp.4 << 19:07:05.008 [main] INFO Env - @{4 SEND 2} Message(Share)
inp.4 << 19:07:05.008 [main] INFO Env - @{4 SEND 2} Message(Ask)
inp.2 << 19:07:05.008 [main] INFO Env - @{2 RCVD 4} Message(Share)
inp.2 << 19:07:05.008 [main] INFO Env - @{2 LOCKED}
inp.2 << 19:07:05.008 [main] INFO Env - @{2 RCVD 4} Message(Ask)
inp.4 << 19:07:05.008 [main] INFO Env - @{4 RCVD 5} Message(Share)
out.2 >> unlock
inp.2 << 19:07:05.008 [main] INFO Env - @{2 UNLOCKED}
inp.1 << 19:07:05.008 [main] INFO Env - @{1 SEND 2} Message(Ask)
inp.2 << 19:07:05.008 [main] INFO Env - @{2 SEND 3} Message(Share)
inp.2 << 19:07:05.008 [main] INFO Env - @{2 SEND 4} Message(Share)
inp.2 << 19:07:05.008 [main] INFO Env - @{2 RCVD 1} Message(Ask)
inp.2 << 19:07:05.009 [main] INFO Env - @{2 SEND 1} Message(Share)
inp.3 << 19:07:05.008 [main] INFO Env - @{3 RCVD 2} Message(Share)
inp.3 << 19:07:05.009 [main] INFO Env - @{3 LOCKED}
inp.3 << 19:07:05.009 [main] INFO Env - @{3 RCVD 1} Message(Ask)
out.3 >> unlock
inp.4 << 19:07:05.009 [main] INFO Env - @{4 RCVD 2} Message(Share)
inp.3 << 19:07:05.009 [main] INFO Env - @{3 UNLOCKED}
inp.3 << 19:07:05.009 [main] INFO Env - @{3 SEND 1} Message(Share)
inp.3 << 19:07:05.009 [main] INFO Env - @{3 SEND 4} Message(Share)
inp.4 << 19:07:05.009 [main] INFO Env - @{4 RCVD 1} Message(Ask)
inp.4 << 19:07:05.009 [main] INFO Env - @{4 SEND 1} Message(Share)
inp.4 << 19:07:05.009 [main] INFO Env - @{4 SEND 1} Message(Ask)
inp.5 << 19:07:05.009 [main] INFO Env - @{5 RCVD 1} Message(Ask)
inp.5 << 19:07:05.009 [main] INFO Env - @{5 SEND 1} Message(Share)
inp.4 << 19:07:05.009 [main] INFO Env - @{4 RCVD 3} Message(Share)
inp.1 << 19:07:05.008 [main] INFO Env - @{1 SEND 3} Message(Ask)
inp.1 << 19:07:05.009 [main] INFO Env - @{1 SEND 4} Message(Ask)
inp.1 << 19:07:05.009 [main] INFO Env - @{1 SEND 5} Message(Ask)
inp.1 << 19:07:05.009 [main] INFO Env - @{1 RCVD 2} Message(Share)
inp.1 << 19:07:05.009 [main] INFO Env - @{1 RCVD 3} Message(Share)
inp.1 << 19:07:05.009 [main] INFO Env - @{1 RCVD 4} Message(Share)
inp.1 << 19:07:05.009 [main] INFO Env - @{1 RCVD 4} Message(Ask)
inp.1 << 19:07:05.009 [main] INFO Env - @{1 RCVD 5} Message(Share)
inp.1 << 19:07:05.009 [main] INFO Env - @{1 LOCKED}
out.1 >> unlock
inp.1 << 19:07:05.010 [main] INFO Env - @{1 UNLOCKED}
inp.1 << 19:07:05.010 [main] INFO Env - @{1 SEND 4} Message(Share)
inp.4 << 19:07:05.010 [main] INFO Env - @{4 RCVD 1} Message(Share)
inp.4 << 19:07:05.010 [main] INFO Env - @{4 LOCKED}
out.4 >> unlock
inp.4 << 19:07:05.010 [main] INFO Env - @{4 UNLOCKED}
out.1 >> ping
out.2 >> ping
out.3 >> ping
out.4 >> ping
out.5 >> ping
inp.2 << 19:07:05.010 [main] INFO Env - @{2 PONG}
inp.5 << 19:07:05.010 [main] INFO Env - @{5 PONG}
inp.3 << 19:07:05.010 [main] INFO Env - @{3 PONG}
inp.1 << 19:07:05.010 [main] INFO Env - @{1 PONG}
inp.4 << 19:07:05.010 [main] INFO Env - @{4 PONG}
out.4 >> lock
inp.4 << 19:07:05.011 [main] INFO Env - @{4 LOCKED}
out.4 >> unlock
inp.4 << 19:07:05.011 [main] INFO Env - @{4 UNLOCKED}
out.1 >> ping
out.2 >> ping
out.3 >> ping
out.4 >> ping
out.5 >> ping
inp.2 << 19:07:05.011 [main] INFO Env - @{2 PONG}
inp.5 << 19:07:05.011 [main] INFO Env - @{5 PONG}
inp.3 << 19:07:05.011 [main] INFO Env - @{3 PONG}
inp.1 << 19:07:05.011 [main] INFO Env - @{1 PONG}
inp.4 << 19:07:05.011 [main] INFO Env - @{4 PONG}
out.4 >> lock
inp.4 << 19:07:05.011 [main] INFO Env - @{4 LOCKED}
out.4 >> unlock
inp.4 << 19:07:05.011 [main] INFO Env - @{4 UNLOCKED}
out.1 >> ping
out.2 >> ping
out.3 >> ping
out.4 >> ping
out.5 >> ping
inp.5 << 19:07:05.012 [main] INFO Env - @{5 PONG}
inp.2 << 19:07:05.012 [main] INFO Env - @{2 PONG}
inp.3 << 19:07:05.012 [main] INFO Env - @{3 PONG}
inp.1 << 19:07:05.012 [main] INFO Env - @{1 PONG}
inp.4 << 19:07:05.012 [main] INFO Env - @{4 PONG}
out.4 >> lock
inp.4 << 19:07:05.012 [main] INFO Env - @{4 LOCKED}
out.4 >> unlock
inp.4 << 19:07:05.012 [main] INFO Env - @{4 UNLOCKED}
out.1 >> ping
out.2 >> ping
out.3 >> ping
out.4 >> ping
out.5 >> ping
inp.5 << 19:07:05.013 [main] INFO Env - @{5 PONG}
inp.2 << 19:07:05.013 [main] INFO Env - @{2 PONG}
inp.3 << 19:07:05.013 [main] INFO Env - @{3 PONG}
inp.1 << 19:07:05.013 [main] INFO Env - @{1 PONG}
inp.4 << 19:07:05.013 [main] INFO Env - @{4 PONG}
out.4 >> lock
out.2 >> lock
inp.2 << 19:07:05.013 [main] INFO Env - @{2 SEND 1} Message(Ask)
inp.2 << 19:07:05.014 [main] INFO Env - @{2 SEND 3} Message(Ask)
inp.2 << 19:07:05.014 [main] INFO Env - @{2 SEND 4} Message(Ask)
inp.3 << 19:07:05.014 [main] INFO Env - @{3 RCVD 2} Message(Ask)
inp.3 << 19:07:05.014 [main] INFO Env - @{3 SEND 2} Message(Share)
inp.4 << 19:07:05.014 [main] INFO Env - @{4 LOCKED}
inp.4 << 19:07:05.014 [main] INFO Env - @{4 RCVD 2} Message(Ask)
inp.1 << 19:07:05.014 [main] INFO Env - @{1 RCVD 2} Message(Ask)
inp.1 << 19:07:05.014 [main] INFO Env - @{1 SEND 2} Message(Share)
out.4 >> unlock
inp.2 << 19:07:05.014 [main] INFO Env - @{2 RCVD 3} Message(Share)
inp.2 << 19:07:05.014 [main] INFO Env - @{2 RCVD 1} Message(Share)
inp.4 << 19:07:05.014 [main] INFO Env - @{4 UNLOCKED}
inp.4 << 19:07:05.014 [main] INFO Env - @{4 SEND 2} Message(Share)
inp.2 << 19:07:05.014 [main] INFO Env - @{2 RCVD 4} Message(Share)
inp.2 << 19:07:05.014 [main] INFO Env - @{2 LOCKED}
out.2 >> unlock
inp.2 << 19:07:05.014 [main] INFO Env - @{2 UNLOCKED}
out.1 >> ping
out.2 >> ping
out.3 >> ping
out.4 >> ping
out.5 >> ping
inp.2 << 19:07:05.015 [main] INFO Env - @{2 PONG}
inp.5 << 19:07:05.015 [main] INFO Env - @{5 PONG}
inp.3 << 19:07:05.015 [main] INFO Env - @{3 PONG}
inp.1 << 19:07:05.015 [main] INFO Env - @{1 PONG}
inp.4 << 19:07:05.015 [main] INFO Env - @{4 PONG}
out.4 >> lock
out.2 >> lock
inp.4 << 19:07:05.016 [main] INFO Env - @{4 SEND 2} Message(Ask)
inp.2 << 19:07:05.016 [main] INFO Env - @{2 LOCKED}
inp.2 << 19:07:05.016 [main] INFO Env - @{2 RCVD 4} Message(Ask)
out.2 >> unlock
inp.2 << 19:07:05.017 [main] INFO Env - @{2 UNLOCKED}
inp.2 << 19:07:05.017 [main] INFO Env - @{2 SEND 4} Message(Share)
inp.4 << 19:07:05.017 [main] INFO Env - @{4 RCVD 2} Message(Share)
inp.4 << 19:07:05.017 [main] INFO Env - @{4 LOCKED}
out.4 >> unlock
inp.4 << 19:07:05.017 [main] INFO Env - @{4 UNLOCKED}
out.1 >> ping
out.2 >> ping
out.3 >> ping
out.4 >> ping
out.5 >> ping
inp.2 << 19:07:05.017 [main] INFO Env - @{2 PONG}
inp.3 << 19:07:05.017 [main] INFO Env - @{3 PONG}
inp.5 << 19:07:05.017 [main] INFO Env - @{5 PONG}
inp.1 << 19:07:05.017 [main] INFO Env - @{1 PONG}
inp.4 << 19:07:05.017 [main] INFO Env - @{4 PONG}
out.4 >> lock
out.2 >> lock
inp.4 << 19:07:05.018 [main] INFO Env - @{4 LOCKED}
inp.2 << 19:07:05.018 [main] INFO Env - @{2 SEND 4} Message(Ask)
out.4 >> unlock
inp.4 << 19:07:05.018 [main] INFO Env - @{4 RCVD 2} Message(Ask)
inp.4 << 19:07:05.018 [main] INFO Env - @{4 UNLOCKED}
inp.4 << 19:07:05.018 [main] INFO Env - @{4 SEND 2} Message(Share)
inp.2 << 19:07:05.018 [main] INFO Env - @{2 RCVD 4} Message(Share)
inp.2 << 19:07:05.018 [main] INFO Env - @{2 LOCKED}
out.2 >> unlock
inp.2 << 19:07:05.018 [main] INFO Env - @{2 UNLOCKED}
out.1 >> ping
out.2 >> ping
out.3 >> ping
out.4 >> ping
out.5 >> ping
inp.2 << 19:07:05.018 [main] INFO Env - @{2 PONG}
inp.5 << 19:07:05.018 [main] INFO Env - @{5 PONG}
inp.3 << 19:07:05.018 [main] INFO Env - @{3 PONG}
inp.1 << 19:07:05.019 [main] INFO Env - @{1 PONG}
inp.4 << 19:07:05.019 [main] INFO Env - @{4 PONG}
out.1 >> ping
out.2 >> ping
out.3 >> ping
out.4 >> ping
out.5 >> ping
inp.3 << 19:07:05.019 [main] INFO Env - @{3 PONG}
inp.2 << 19:07:05.019 [main] INFO Env - @{2 PONG}
inp.5 << 19:07:05.019 [main] INFO Env - @{5 PONG}
inp.1 << 19:07:05.019 [main] INFO Env - @{1 PONG}
inp.4 << 19:07:05.019 [main] INFO Env - @{4 PONG}
out.1 >> lock
inp.1 << 19:07:05.019 [main] INFO Env - @{1 SEND 2} Message(Ask)
inp.1 << 19:07:05.019 [main] INFO Env - @{1 SEND 4} Message(Ask)
inp.2 << 19:07:05.019 [main] INFO Env - @{2 RCVD 1} Message(Ask)
inp.2 << 19:07:05.019 [main] INFO Env - @{2 SEND 1} Message(Share)
inp.4 << 19:07:05.019 [main] INFO Env - @{4 RCVD 1} Message(Ask)
inp.4 << 19:07:05.019 [main] INFO Env - @{4 SEND 1} Message(Share)
inp.1 << 19:07:05.020 [main] INFO Env - @{1 RCVD 2} Message(Share)
inp.1 << 19:07:05.020 [main] INFO Env - @{1 RCVD 4} Message(Share)
inp.1 << 19:07:05.020 [main] INFO Env - @{1 LOCKED}
out.1 >> unlock
inp.1 << 19:07:05.020 [main] INFO Env - @{1 UNLOCKED}
out.1 >> ping
out.2 >> ping
out.3 >> ping
out.4 >> ping
out.5 >> ping
inp.5 << 19:07:05.020 [main] INFO Env - @{5 PONG}
inp.2 << 19:07:05.020 [main] INFO Env - @{2 PONG}
inp.3 << 19:07:05.020 [main] INFO Env - @{3 PONG}
inp.1 << 19:07:05.020 [main] INFO Env - @{1 PONG}
inp.4 << 19:07:05.020 [main] INFO Env - @{4 PONG}
out.2 >> lock
inp.2 << 19:07:05.021 [main] INFO Env - @{2 SEND 1} Message(Ask)
inp.1 << 19:07:05.021 [main] INFO Env - @{1 RCVD 2} Message(Ask)
inp.1 << 19:07:05.021 [main] INFO Env - @{1 SEND 2} Message(Share)
inp.2 << 19:07:05.021 [main] INFO Env - @{2 RCVD 1} Message(Share)
inp.2 << 19:07:05.021 [main] INFO Env - @{2 LOCKED}
out.2 >> unlock
inp.2 << 19:07:05.021 [main] INFO Env - @{2 UNLOCKED}
out.1 >> ping
out.2 >> ping
out.3 >> ping
out.4 >> ping
out.5 >> ping
inp.2 << 19:07:05.022 [main] INFO Env - @{2 PONG}
inp.5 << 19:07:05.022 [main] INFO Env - @{5 PONG}
inp.3 << 19:07:05.022 [main] INFO Env - @{3 PONG}
inp.1 << 19:07:05.022 [main] INFO Env - @{1 PONG}
inp.4 << 19:07:05.022 [main] INFO Env - @{4 PONG}
out.3 >> lock
inp.3 << 19:07:05.023 [main] INFO Env - @{3 SEND 1} Message(Ask)
inp.3 << 19:07:05.023 [main] INFO Env - @{3 SEND 2} Message(Ask)
inp.3 << 19:07:05.024 [main] INFO Env - @{3 SEND 4} Message(Ask)
inp.2 << 19:07:05.024 [main] INFO Env - @{2 RCVD 3} Message(Ask)
inp.2 << 19:07:05.024 [main] INFO Env - @{2 SEND 3} Message(Share)
inp.1 << 19:07:05.024 [main] INFO Env - @{1 RCVD 3} Message(Ask)
inp.1 << 19:07:05.024 [main] INFO Env - @{1 SEND 3} Message(Share)
inp.4 << 19:07:05.024 [main] INFO Env - @{4 RCVD 3} Message(Ask)
inp.4 << 19:07:05.024 [main] INFO Env - @{4 SEND 3} Message(Share)
inp.3 << 19:07:05.024 [main] INFO Env - @{3 RCVD 2} Message(Share)
inp.3 << 19:07:05.024 [main] INFO Env - @{3 RCVD 1} Message(Share)
inp.3 << 19:07:05.024 [main] INFO Env - @{3 RCVD 4} Message(Share)
inp.3 << 19:07:05.024 [main] INFO Env - @{3 LOCKED}
out.3 >> unlock
inp.3 << 19:07:05.025 [main] INFO Env - @{3 UNLOCKED}
out.1 >> ping
out.2 >> ping
out.3 >> ping
out.4 >> ping
out.5 >> ping
inp.2 << 19:07:05.025 [main] INFO Env - @{2 PONG}
inp.3 << 19:07:05.025 [main] INFO Env - @{3 PONG}
inp.5 << 19:07:05.025 [main] INFO Env - @{5 PONG}
inp.1 << 19:07:05.025 [main] INFO Env - @{1 PONG}
inp.4 << 19:07:05.025 [main] INFO Env - @{4 PONG}
out.4 >> lock
inp.4 << 19:07:05.025 [main] INFO Env - @{4 SEND 1} Message(Ask)
inp.4 << 19:07:05.025 [main] INFO Env - @{4 SEND 2} Message(Ask)
inp.2 << 19:07:05.027 [main] INFO Env - @{2 RCVD 4} Message(Ask)
inp.2 << 19:07:05.027 [main] INFO Env - @{2 SEND 4} Message(Share)
inp.4 << 19:07:05.025 [main] INFO Env - @{4 SEND 3} Message(Ask)
inp.3 << 19:07:05.028 [main] INFO Env - @{3 RCVD 4} Message(Ask)
inp.3 << 19:07:05.028 [main] INFO Env - @{3 SEND 4} Message(Share)
inp.1 << 19:07:05.028 [main] INFO Env - @{1 RCVD 4} Message(Ask)
inp.4 << 19:07:05.028 [main] INFO Env - @{4 RCVD 2} Message(Share)
inp.4 << 19:07:05.028 [main] INFO Env - @{4 RCVD 3} Message(Share)
inp.1 << 19:07:05.028 [main] INFO Env - @{1 SEND 4} Message(Share)
inp.4 << 19:07:05.028 [main] INFO Env - @{4 RCVD 1} Message(Share)
inp.4 << 19:07:05.029 [main] INFO Env - @{4 LOCKED}
out.4 >> unlock
inp.4 << 19:07:05.029 [main] INFO Env - @{4 UNLOCKED}
out.1 >> ping
out.2 >> ping
out.3 >> ping
out.4 >> ping
out.5 >> ping
inp.5 << 19:07:05.029 [main] INFO Env - @{5 PONG}
inp.3 << 19:07:05.029 [main] INFO Env - @{3 PONG}
inp.2 << 19:07:05.029 [main] INFO Env - @{2 PONG}
inp.4 << 19:07:05.029 [main] INFO Env - @{4 PONG}
inp.1 << 19:07:05.029 [main] INFO Env - @{1 PONG}
out.5 >> lock
inp.5 << 19:07:05.029 [main] INFO Env - @{5 SEND 1} Message(Ask)
inp.5 << 19:07:05.029 [main] INFO Env - @{5 SEND 2} Message(Ask)
inp.5 << 19:07:05.029 [main] INFO Env - @{5 SEND 3} Message(Ask)
inp.5 << 19:07:05.029 [main] INFO Env - @{5 SEND 4} Message(Ask)
inp.3 << 19:07:05.030 [main] INFO Env - @{3 RCVD 5} Message(Ask)
inp.3 << 19:07:05.030 [main] INFO Env - @{3 SEND 5} Message(Share)
inp.2 << 19:07:05.030 [main] INFO Env - @{2 RCVD 5} Message(Ask)
inp.1 << 19:07:05.030 [main] INFO Env - @{1 RCVD 5} Message(Ask)
inp.2 << 19:07:05.030 [main] INFO Env - @{2 SEND 5} Message(Share)
inp.5 << 19:07:05.030 [main] INFO Env - @{5 RCVD 2} Message(Share)
inp.5 << 19:07:05.030 [main] INFO Env - @{5 RCVD 3} Message(Share)
inp.4 << 19:07:05.030 [main] INFO Env - @{4 RCVD 5} Message(Ask)
inp.1 << 19:07:05.030 [main] INFO Env - @{1 SEND 5} Message(Share)
inp.4 << 19:07:05.030 [main] INFO Env - @{4 SEND 5} Message(Share)
inp.5 << 19:07:05.030 [main] INFO Env - @{5 RCVD 1} Message(Share)
inp.5 << 19:07:05.030 [main] INFO Env - @{5 RCVD 4} Message(Share)
inp.5 << 19:07:05.030 [main] INFO Env - @{5 LOCKED}
out.5 >> unlock
inp.5 << 19:07:05.030 [main] INFO Env - @{5 UNLOCKED}
out.1 >> ping
out.2 >> ping
out.3 >> ping
out.4 >> ping
out.5 >> ping
inp.5 << 19:07:05.030 [main] INFO Env - @{5 PONG}
inp.2 << 19:07:05.030 [main] INFO Env - @{2 PONG}
inp.3 << 19:07:05.030 [main] INFO Env - @{3 PONG}
inp.1 << 19:07:05.030 [main] INFO Env - @{1 PONG}
inp.4 << 19:07:05.030 [main] INFO Env - @{4 PONG}
out.3 >> lock
out.5 >> lock
out.4 >> lock
out.1 >> lock
out.2 >> lock
inp.5 << 19:07:05.031 [main] INFO Env - @{5 LOCKED}
inp.3 << 19:07:05.031 [main] INFO Env - @{3 SEND 4} Message(Ask)
inp.3 << 19:07:05.031 [main] INFO Env - @{3 SEND 5} Message(Ask)
inp.5 << 19:07:05.031 [main] INFO Env - @{5 RCVD 3} Message(Ask)
inp.2 << 19:07:05.031 [main] INFO Env - @{2 SEND 3} Message(Ask)
out.5 >> unlock
inp.2 << 19:07:05.031 [main] INFO Env - @{2 SEND 4} Message(Ask)
inp.5 << 19:07:05.031 [main] INFO Env - @{5 UNLOCKED}
inp.2 << 19:07:05.031 [main] INFO Env - @{2 SEND 5} Message(Ask)
inp.5 << 19:07:05.031 [main] INFO Env - @{5 SEND 3} Message(Share)
inp.5 << 19:07:05.031 [main] INFO Env - @{5 RCVD 2} Message(Ask)
inp.3 << 19:07:05.031 [main] INFO Env - @{3 RCVD 2} Message(Ask)
inp.3 << 19:07:05.031 [main] INFO Env - @{3 SEND 2} Message(Share)
inp.3 << 19:07:05.031 [main] INFO Env - @{3 SEND 2} Message(Ask)
inp.5 << 19:07:05.031 [main] INFO Env - @{5 SEND 2} Message(Share)
inp.4 << 19:07:05.031 [main] INFO Env - @{4 SEND 5} Message(Ask)
inp.3 << 19:07:05.032 [main] INFO Env - @{3 RCVD 5} Message(Share)
inp.5 << 19:07:05.032 [main] INFO Env - @{5 RCVD 4} Message(Ask)
inp.5 << 19:07:05.032 [main] INFO Env - @{5 SEND 4} Message(Share)
inp.2 << 19:07:05.032 [main] INFO Env - @{2 RCVD 5} Message(Share)
inp.4 << 19:07:05.032 [main] INFO Env - @{4 RCVD 3} Message(Ask)
inp.4 << 19:07:05.032 [main] INFO Env - @{4 SEND 3} Message(Share)
inp.2 << 19:07:05.032 [main] INFO Env - @{2 RCVD 3} Message(Share)
inp.2 << 19:07:05.032 [main] INFO Env - @{2 RCVD 3} Message(Ask)
inp.3 << 19:07:05.032 [main] INFO Env - @{3 RCVD 4} Message(Share)
inp.4 << 19:07:05.032 [main] INFO Env - @{4 SEND 3} Message(Ask)
inp.3 << 19:07:05.032 [main] INFO Env - @{3 RCVD 4} Message(Ask)
inp.4 << 19:07:05.032 [main] INFO Env - @{4 RCVD 2} Message(Ask)
inp.4 << 19:07:05.032 [main] INFO Env - @{4 SEND 2} Message(Share)
inp.4 << 19:07:05.032 [main] INFO Env - @{4 SEND 2} Message(Ask)
inp.4 << 19:07:05.032 [main] INFO Env - @{4 RCVD 5} Message(Share)
inp.2 << 19:07:05.032 [main] INFO Env - @{2 RCVD 4} Message(Share)
inp.2 << 19:07:05.032 [main] INFO Env - @{2 LOCKED}
inp.2 << 19:07:05.032 [main] INFO Env - @{2 RCVD 4} Message(Ask)
inp.1 << 19:07:05.032 [main] INFO Env - @{1 SEND 2} Message(Ask)
inp.1 << 19:07:05.032 [main] INFO Env - @{1 SEND 3} Message(Ask)
out.2 >> unlock
inp.1 << 19:07:05.032 [main] INFO Env - @{1 SEND 4} Message(Ask)
inp.3 << 19:07:05.032 [main] INFO Env - @{3 RCVD 1} Message(Ask)
inp.3 << 19:07:05.032 [main] INFO Env - @{3 SEND 1} Message(Share)
inp.2 << 19:07:05.032 [main] INFO Env - @{2 RCVD 1} Message(Ask)
inp.3 << 19:07:05.032 [main] INFO Env - @{3 SEND 1} Message(Ask)
inp.2 << 19:07:05.032 [main] INFO Env - @{2 UNLOCKED}
inp.1 << 19:07:05.032 [main] INFO Env - @{1 SEND 5} Message(Ask)
inp.2 << 19:07:05.032 [main] INFO Env - @{2 SEND 1} Message(Share)
inp.5 << 19:07:05.032 [main] INFO Env - @{5 RCVD 1} Message(Ask)
inp.2 << 19:07:05.032 [main] INFO Env - @{2 SEND 3} Message(Share)
inp.2 << 19:07:05.032 [main] INFO Env - @{2 SEND 4} Message(Share)
inp.5 << 19:07:05.032 [main] INFO Env - @{5 SEND 1} Message(Share)
inp.3 << 19:07:05.032 [main] INFO Env - @{3 RCVD 2} Message(Share)
inp.1 << 19:07:05.032 [main] INFO Env - @{1 RCVD 3} Message(Share)
inp.1 << 19:07:05.032 [main] INFO Env - @{1 RCVD 3} Message(Ask)
inp.4 << 19:07:05.032 [main] INFO Env - @{4 RCVD 1} Message(Ask)
inp.4 << 19:07:05.032 [main] INFO Env - @{4 SEND 1} Message(Share)
inp.1 << 19:07:05.032 [main] INFO Env - @{1 RCVD 2} Message(Share)
inp.1 << 19:07:05.032 [main] INFO Env - @{1 RCVD 5} Message(Share)
inp.4 << 19:07:05.032 [main] INFO Env - @{4 SEND 1} Message(Ask)
inp.4 << 19:07:05.032 [main] INFO Env - @{4 RCVD 2} Message(Share)
inp.1 << 19:07:05.033 [main] INFO Env - @{1 RCVD 4} Message(Share)
inp.1 << 19:07:05.033 [main] INFO Env - @{1 LOCKED}
inp.1 << 19:07:05.033 [main] INFO Env - @{1 RCVD 4} Message(Ask)
out.1 >> unlock
inp.1 << 19:07:05.033 [main] INFO Env - @{1 UNLOCKED}
inp.1 << 19:07:05.033 [main] INFO Env - @{1 SEND 3} Message(Share)
inp.1 << 19:07:05.033 [main] INFO Env - @{1 SEND 4} Message(Share)
inp.4 << 19:07:05.033 [main] INFO Env - @{4 RCVD 1} Message(Share)
inp.3 << 19:07:05.033 [main] INFO Env - @{3 RCVD 1} Message(Share)
inp.3 << 19:07:05.033 [main] INFO Env - @{3 LOCKED}
out.3 >> unlock
inp.3 << 19:07:05.033 [main] INFO Env - @{3 UNLOCKED}
inp.3 << 19:07:05.033 [main] INFO Env - @{3 SEND 4} Message(Share)
inp.4 << 19:07:05.033 [main] INFO Env - @{4 RCVD 3} Message(Share)
inp.4 << 19:07:05.033 [main] INFO Env - @{4 LOCKED}
out.4 >> unlock
inp.4 << 19:07:05.033 [main] INFO Env - @{4 UNLOCKED}
out.1 >> ping
out.2 >> ping
out.3 >> ping
out.4 >> ping
out.5 >> ping
inp.3 << 19:07:05.034 [main] INFO Env - @{3 PONG}
inp.5 << 19:07:05.034 [main] INFO Env - @{5 PONG}
inp.2 << 19:07:05.034 [main] INFO Env - @{2 PONG}
inp.4 << 19:07:05.034 [main] INFO Env - @{4 PONG}
inp.1 << 19:07:05.034 [main] INFO Env - @{1 PONG}
out.5 >> lock
inp.5 << 19:07:05.035 [main] INFO Env - @{5 SEND 1} Message(Ask)
inp.5 << 19:07:05.035 [main] INFO Env - @{5 SEND 2} Message(Ask)
inp.5 << 19:07:05.035 [main] INFO Env - @{5 SEND 3} Message(Ask)
inp.5 << 19:07:05.035 [main] INFO Env - @{5 SEND 4} Message(Ask)
inp.2 << 19:07:05.036 [main] INFO Env - @{2 RCVD 5} Message(Ask)
inp.2 << 19:07:05.036 [main] INFO Env - @{2 SEND 5} Message(Share)
inp.3 << 19:07:05.036 [main] INFO Env - @{3 RCVD 5} Message(Ask)
inp.3 << 19:07:05.036 [main] INFO Env - @{3 SEND 5} Message(Share)
inp.5 << 19:07:05.036 [main] INFO Env - @{5 RCVD 2} Message(Share)
inp.5 << 19:07:05.036 [main] INFO Env - @{5 RCVD 3} Message(Share)
inp.1 << 19:07:05.036 [main] INFO Env - @{1 RCVD 5} Message(Ask)
inp.1 << 19:07:05.036 [main] INFO Env - @{1 SEND 5} Message(Share)
inp.4 << 19:07:05.036 [main] INFO Env - @{4 RCVD 5} Message(Ask)
inp.4 << 19:07:05.036 [main] INFO Env - @{4 SEND 5} Message(Share)
inp.5 << 19:07:05.036 [main] INFO Env - @{5 RCVD 4} Message(Share)
inp.5 << 19:07:05.036 [main] INFO Env - @{5 RCVD 1} Message(Share)
inp.5 << 19:07:05.036 [main] INFO Env - @{5 LOCKED}
out.5 >> unlock
inp.5 << 19:07:05.036 [main] INFO Env - @{5 UNLOCKED}
out.1 >> ping
out.2 >> ping
out.3 >> ping
out.4 >> ping
out.5 >> ping
inp.5 << 19:07:05.037 [main] INFO Env - @{5 PONG}
inp.2 << 19:07:05.037 [main] INFO Env - @{2 PONG}
inp.3 << 19:07:05.037 [main] INFO Env - @{3 PONG}
inp.1 << 19:07:05.037 [main] INFO Env - @{1 PONG}
inp.4 << 19:07:05.037 [main] INFO Env - @{4 PONG}
out.5 >> lock
inp.5 << 19:07:05.037 [main] INFO Env - @{5 LOCKED}
out.5 >> unlock
inp.5 << 19:07:05.037 [main] INFO Env - @{5 UNLOCKED}
out.1 >> ping
out.2 >> ping
out.3 >> ping
out.4 >> ping
out.5 >> ping
inp.5 << 19:07:05.038 [main] INFO Env - @{5 PONG}
inp.2 << 19:07:05.038 [main] INFO Env - @{2 PONG}
inp.3 << 19:07:05.038 [main] INFO Env - @{3 PONG}
inp.1 << 19:07:05.038 [main] INFO Env - @{1 PONG}
inp.4 << 19:07:05.038 [main] INFO Env - @{4 PONG}
out.5 >> lock
inp.5 << 19:07:05.038 [main] INFO Env - @{5 LOCKED}
out.5 >> unlock
inp.5 << 19:07:05.038 [main] INFO Env - @{5 UNLOCKED}
out.1 >> ping
out.2 >> ping
out.3 >> ping
out.4 >> ping
out.5 >> ping
inp.5 << 19:07:05.038 [main] INFO Env - @{5 PONG}
inp.3 << 19:07:05.038 [main] INFO Env - @{3 PONG}
inp.2 << 19:07:05.038 [main] INFO Env - @{2 PONG}
inp.4 << 19:07:05.038 [main] INFO Env - @{4 PONG}
inp.1 << 19:07:05.038 [main] INFO Env - @{1 PONG}
out.5 >> lock
out.2 >> lock
inp.5 << 19:07:05.039 [main] INFO Env - @{5 LOCKED}
inp.2 << 19:07:05.039 [main] INFO Env - @{2 SEND 1} Message(Ask)
inp.2 << 19:07:05.039 [main] INFO Env - @{2 SEND 3} Message(Ask)
inp.2 << 19:07:05.039 [main] INFO Env - @{2 SEND 4} Message(Ask)
inp.2 << 19:07:05.039 [main] INFO Env - @{2 SEND 5} Message(Ask)
out.5 >> unlock
inp.5 << 19:07:05.039 [main] INFO Env - @{5 RCVD 2} Message(Ask)
inp.3 << 19:07:05.039 [main] INFO Env - @{3 RCVD 2} Message(Ask)
inp.5 << 19:07:05.039 [main] INFO Env - @{5 UNLOCKED}
inp.5 << 19:07:05.039 [main] INFO Env - @{5 SEND 2} Message(Share)
inp.3 << 19:07:05.039 [main] INFO Env - @{3 SEND 2} Message(Share)
inp.1 << 19:07:05.039 [main] INFO Env - @{1 RCVD 2} Message(Ask)
inp.1 << 19:07:05.039 [main] INFO Env - @{1 SEND 2} Message(Share)
inp.2 << 19:07:05.039 [main] INFO Env - @{2 RCVD 5} Message(Share)
inp.4 << 19:07:05.039 [main] INFO Env - @{4 RCVD 2} Message(Ask)
inp.2 << 19:07:05.039 [main] INFO Env - @{2 RCVD 3} Message(Share)
inp.4 << 19:07:05.040 [main] INFO Env - @{4 SEND 2} Message(Share)
inp.2 << 19:07:05.040 [main] INFO Env - @{2 RCVD 1} Message(Share)
inp.2 << 19:07:05.040 [main] INFO Env - @{2 RCVD 4} Message(Share)
inp.2 << 19:07:05.040 [main] INFO Env - @{2 LOCKED}
out.2 >> unlock
inp.2 << 19:07:05.040 [main] INFO Env - @{2 UNLOCKED}
out.1 >> ping
out.2 >> ping
out.3 >> ping
out.4 >> ping
out.5 >> ping
inp.2 << 19:07:05.040 [main] INFO Env - @{2 PONG}
inp.5 << 19:07:05.040 [main] INFO Env - @{5 PONG}
inp.3 << 19:07:05.040 [main] INFO Env - @{3 PONG}
inp.1 << 19:07:05.040 [main] INFO Env - @{1 PONG}
inp.4 << 19:07:05.040 [main] INFO Env - @{4 PONG}
out.5 >> lock
out.2 >> lock
inp.2 << 19:07:05.041 [main] INFO Env - @{2 LOCKED}
inp.5 << 19:07:05.041 [main] INFO Env - @{5 SEND 2} Message(Ask)
out.2 >> unlock
inp.2 << 19:07:05.041 [main] INFO Env - @{2 RCVD 5} Message(Ask)
inp.2 << 19:07:05.041 [main] INFO Env - @{2 UNLOCKED}
inp.2 << 19:07:05.041 [main] INFO Env - @{2 SEND 5} Message(Share)
inp.5 << 19:07:05.041 [main] INFO Env - @{5 RCVD 2} Message(Share)
inp.5 << 19:07:05.041 [main] INFO Env - @{5 LOCKED}
out.5 >> unlock
inp.5 << 19:07:05.042 [main] INFO Env - @{5 UNLOCKED}
out.1 >> ping
out.2 >> ping
out.3 >> ping
out.4 >> ping
out.5 >> ping
inp.2 << 19:07:05.043 [main] INFO Env - @{2 PONG}
inp.5 << 19:07:05.043 [main] INFO Env - @{5 PONG}
inp.3 << 19:07:05.043 [main] INFO Env - @{3 PONG}
inp.1 << 19:07:05.043 [main] INFO Env - @{1 PONG}
inp.4 << 19:07:05.043 [main] INFO Env - @{4 PONG}
out.5 >> lock
out.2 >> lock
inp.5 << 19:07:05.043 [main] INFO Env - @{5 LOCKED}
out.5 >> unlock
inp.2 << 19:07:05.043 [main] INFO Env - @{2 SEND 5} Message(Ask)
inp.5 << 19:07:05.043 [main] INFO Env - @{5 UNLOCKED}
inp.5 << 19:07:05.043 [main] INFO Env - @{5 RCVD 2} Message(Ask)
inp.5 << 19:07:05.043 [main] INFO Env - @{5 SEND 2} Message(Share)
inp.2 << 19:07:05.044 [main] INFO Env - @{2 RCVD 5} Message(Share)
inp.2 << 19:07:05.044 [main] INFO Env - @{2 LOCKED}
out.2 >> unlock
inp.2 << 19:07:05.044 [main] INFO Env - @{2 UNLOCKED}
out.1 >> ping
out.2 >> ping
out.3 >> ping
out.4 >> ping
out.5 >> ping
inp.5 << 19:07:05.044 [main] INFO Env - @{5 PONG}
inp.2 << 19:07:05.044 [main] INFO Env - @{2 PONG}
inp.3 << 19:07:05.044 [main] INFO Env - @{3 PONG}
inp.1 << 19:07:05.044 [main] INFO Env - @{1 PONG}
inp.4 << 19:07:05.045 [main] INFO Env - @{4 PONG}
out.1 >> ping
out.2 >> ping
out.3 >> ping
out.4 >> ping
out.5 >> ping
inp.5 << 19:07:05.045 [main] INFO Env - @{5 PONG}
inp.3 << 19:07:05.045 [main] INFO Env - @{3 PONG}
inp.2 << 19:07:05.045 [main] INFO Env - @{2 PONG}
inp.1 << 19:07:05.045 [main] INFO Env - @{1 PONG}
inp.4 << 19:07:05.045 [main] INFO Env - @{4 PONG}
out.1 >> lock
inp.1 << 19:07:05.046 [main] INFO Env - @{1 SEND 2} Message(Ask)
inp.1 << 19:07:05.046 [main] INFO Env - @{1 SEND 3} Message(Ask)
inp.3 << 19:07:05.046 [main] INFO Env - @{3 RCVD 1} Message(Ask)
inp.3 << 19:07:05.046 [main] INFO Env - @{3 SEND 1} Message(Share)
inp.2 << 19:07:05.046 [main] INFO Env - @{2 RCVD 1} Message(Ask)
inp.2 << 19:07:05.046 [main] INFO Env - @{2 SEND 1} Message(Share)
inp.1 << 19:07:05.046 [main] INFO Env - @{1 SEND 4} Message(Ask)
inp.1 << 19:07:05.046 [main] INFO Env - @{1 SEND 5} Message(Ask)
inp.1 << 19:07:05.046 [main] INFO Env - @{1 RCVD 2} Message(Share)
inp.1 << 19:07:05.046 [main] INFO Env - @{1 RCVD 3} Message(Share)
inp.5 << 19:07:05.046 [main] INFO Env - @{5 RCVD 1} Message(Ask)
inp.5 << 19:07:05.046 [main] INFO Env - @{5 SEND 1} Message(Share)
inp.4 << 19:07:05.046 [main] INFO Env - @{4 RCVD 1} Message(Ask)
inp.4 << 19:07:05.046 [main] INFO Env - @{4 SEND 1} Message(Share)
inp.1 << 19:07:05.046 [main] INFO Env - @{1 RCVD 5} Message(Share)
inp.1 << 19:07:05.046 [main] INFO Env - @{1 RCVD 4} Message(Share)
inp.1 << 19:07:05.046 [main] INFO Env - @{1 LOCKED}
out.1 >> unlock
inp.1 << 19:07:05.047 [main] INFO Env - @{1 UNLOCKED}
out.1 >> ping
out.2 >> ping
out.3 >> ping
out.4 >> ping
out.5 >> ping
inp.2 << 19:07:05.047 [main] INFO Env - @{2 PONG}
inp.5 << 19:07:05.047 [main] INFO Env - @{5 PONG}
inp.1 << 19:07:05.047 [main] INFO Env - @{1 PONG}
inp.3 << 19:07:05.047 [main] INFO Env - @{3 PONG}
inp.4 << 19:07:05.047 [main] INFO Env - @{4 PONG}
out.2 >> lock
inp.2 << 19:07:05.047 [main] INFO Env - @{2 SEND 1} Message(Ask)
inp.1 << 19:07:05.047 [main] INFO Env - @{1 RCVD 2} Message(Ask)
inp.1 << 19:07:05.047 [main] INFO Env - @{1 SEND 2} Message(Share)
inp.2 << 19:07:05.047 [main] INFO Env - @{2 RCVD 1} Message(Share)
inp.2 << 19:07:05.047 [main] INFO Env - @{2 LOCKED}
out.2 >> unlock
inp.2 << 19:07:05.048 [main] INFO Env - @{2 UNLOCKED}
out.1 >> ping
out.2 >> ping
out.3 >> ping
out.4 >> ping
out.5 >> ping
inp.2 << 19:07:05.048 [main] INFO Env - @{2 PONG}
inp.3 << 19:07:05.048 [main] INFO Env - @{3 PONG}
inp.5 << 19:07:05.048 [main] INFO Env - @{5 PONG}
inp.1 << 19:07:05.048 [main] INFO Env - @{1 PONG}
inp.4 << 19:07:05.048 [main] INFO Env - @{4 PONG}
out.3 >> lock
inp.3 << 19:07:05.048 [main] INFO Env - @{3 SEND 1} Message(Ask)
inp.3 << 19:07:05.048 [main] INFO Env - @{3 SEND 2} Message(Ask)
inp.3 << 19:07:05.048 [main] INFO Env - @{3 SEND 4} Message(Ask)
inp.3 << 19:07:05.048 [main] INFO Env - @{3 SEND 5} Message(Ask)
inp.2 << 19:07:05.048 [main] INFO Env - @{2 RCVD 3} Message(Ask)
inp.2 << 19:07:05.048 [main] INFO Env - @{2 SEND 3} Message(Share)
inp.1 << 19:07:05.048 [main] INFO Env - @{1 RCVD 3} Message(Ask)
inp.4 << 19:07:05.048 [main] INFO Env - @{4 RCVD 3} Message(Ask)
inp.1 << 19:07:05.048 [main] INFO Env - @{1 SEND 3} Message(Share)
inp.4 << 19:07:05.048 [main] INFO Env - @{4 SEND 3} Message(Share)
inp.5 << 19:07:05.048 [main] INFO Env - @{5 RCVD 3} Message(Ask)
inp.5 << 19:07:05.048 [main] INFO Env - @{5 SEND 3} Message(Share)
inp.3 << 19:07:05.049 [main] INFO Env - @{3 RCVD 1} Message(Share)
inp.3 << 19:07:05.049 [main] INFO Env - @{3 RCVD 2} Message(Share)
inp.3 << 19:07:05.049 [main] INFO Env - @{3 RCVD 5} Message(Share)
inp.3 << 19:07:05.049 [main] INFO Env - @{3 RCVD 4} Message(Share)
inp.3 << 19:07:05.049 [main] INFO Env - @{3 LOCKED}
out.3 >> unlock
inp.3 << 19:07:05.049 [main] INFO Env - @{3 UNLOCKED}
out.1 >> ping
out.2 >> ping
out.3 >> ping
out.4 >> ping
out.5 >> ping
inp.5 << 19:07:05.049 [main] INFO Env - @{5 PONG}
inp.2 << 19:07:05.049 [main] INFO Env - @{2 PONG}
inp.3 << 19:07:05.049 [main] INFO Env - @{3 PONG}
inp.1 << 19:07:05.049 [main] INFO Env - @{1 PONG}
inp.4 << 19:07:05.049 [main] INFO Env - @{4 PONG}
out.4 >> lock
inp.4 << 19:07:05.049 [main] INFO Env - @{4 SEND 1} Message(Ask)
inp.4 << 19:07:05.049 [main] INFO Env - @{4 SEND 2} Message(Ask)
inp.4 << 19:07:05.050 [main] INFO Env - @{4 SEND 3} Message(Ask)
inp.2 << 19:07:05.050 [main] INFO Env - @{2 RCVD 4} Message(Ask)
inp.2 << 19:07:05.050 [main] INFO Env - @{2 SEND 4} Message(Share)
inp.4 << 19:07:05.050 [main] INFO Env - @{4 SEND 5} Message(Ask)
inp.3 << 19:07:05.050 [main] INFO Env - @{3 RCVD 4} Message(Ask)
inp.3 << 19:07:05.050 [main] INFO Env - @{3 SEND 4} Message(Share)
inp.4 << 19:07:05.050 [main] INFO Env - @{4 RCVD 2} Message(Share)
inp.4 << 19:07:05.050 [main] INFO Env - @{4 RCVD 3} Message(Share)
inp.5 << 19:07:05.050 [main] INFO Env - @{5 RCVD 4} Message(Ask)
inp.5 << 19:07:05.050 [main] INFO Env - @{5 SEND 4} Message(Share)
inp.1 << 19:07:05.050 [main] INFO Env - @{1 RCVD 4} Message(Ask)
inp.1 << 19:07:05.050 [main] INFO Env - @{1 SEND 4} Message(Share)
inp.4 << 19:07:05.050 [main] INFO Env - @{4 RCVD 1} Message(Share)
inp.4 << 19:07:05.050 [main] INFO Env - @{4 RCVD 5} Message(Share)
inp.4 << 19:07:05.050 [main] INFO Env - @{4 LOCKED}
out.4 >> unlock
inp.4 << 19:07:05.050 [main] INFO Env - @{4 UNLOCKED}
out.1 >> ping
out.2 >> ping
out.3 >> ping
out.4 >> ping
out.5 >> ping
inp.2 << 19:07:05.051 [main] INFO Env - @{2 PONG}
inp.5 << 19:07:05.051 [main] INFO Env - @{5 PONG}
inp.3 << 19:07:05.051 [main] INFO Env - @{3 PONG}
inp.1 << 19:07:05.051 [main] INFO Env - @{1 PONG}
inp.4 << 19:07:05.051 [main] INFO Env - @{4 PONG}
out.5 >> lock
inp.5 << 19:07:05.051 [main] INFO Env - @{5 SEND 1} Message(Ask)
inp.5 << 19:07:05.051 [main] INFO Env - @{5 SEND 2} Message(Ask)
inp.5 << 19:07:05.051 [main] INFO Env - @{5 SEND 3} Message(Ask)
inp.5 << 19:07:05.051 [main] INFO Env - @{5 SEND 4} Message(Ask)
inp.3 << 19:07:05.051 [main] INFO Env - @{3 RCVD 5} Message(Ask)
inp.2 << 19:07:05.051 [main] INFO Env - @{2 RCVD 5} Message(Ask)
inp.2 << 19:07:05.051 [main] INFO Env - @{2 SEND 5} Message(Share)
inp.5 << 19:07:05.051 [main] INFO Env - @{5 RCVD 2} Message(Share)
inp.3 << 19:07:05.051 [main] INFO Env - @{3 SEND 5} Message(Share)
inp.5 << 19:07:05.051 [main] INFO Env - @{5 RCVD 3} Message(Share)
inp.1 << 19:07:05.051 [main] INFO Env - @{1 RCVD 5} Message(Ask)
inp.1 << 19:07:05.051 [main] INFO Env - @{1 SEND 5} Message(Share)
inp.4 << 19:07:05.051 [main] INFO Env - @{4 RCVD 5} Message(Ask)
inp.4 << 19:07:05.051 [main] INFO Env - @{4 SEND 5} Message(Share)
inp.5 << 19:07:05.052 [main] INFO Env - @{5 RCVD 1} Message(Share)
inp.5 << 19:07:05.052 [main] INFO Env - @{5 RCVD 4} Message(Share)
inp.5 << 19:07:05.052 [main] INFO Env - @{5 LOCKED}
out.5 >> unlock
inp.5 << 19:07:05.052 [main] INFO Env - @{5 UNLOCKED}
out.1 >> ping
out.2 >> ping
out.3 >> ping
out.4 >> ping
out.5 >> ping
inp.5 << 19:07:05.052 [main] INFO Env - @{5 PONG}
inp.3 << 19:07:05.052 [main] INFO Env - @{3 PONG}
inp.2 << 19:07:05.052 [main] INFO Env - @{2 PONG}
inp.1 << 19:07:05.052 [main] INFO Env - @{1 PONG}
inp.4 << 19:07:05.052 [main] INFO Env - @{4 PONG}
out.1 >> lock
out.5 >> lock
out.2 >> lock
out.4 >> lock
out.3 >> lock
inp.5 << 19:07:05.052 [main] INFO Env - @{5 LOCKED}
inp.2 << 19:07:05.052 [main] INFO Env - @{2 SEND 3} Message(Ask)
inp.3 << 19:07:05.052 [main] INFO Env - @{3 SEND 4} Message(Ask)
inp.3 << 19:07:05.053 [main] INFO Env - @{3 SEND 5} Message(Ask)
inp.3 << 19:07:05.053 [main] INFO Env - @{3 RCVD 2} Message(Ask)
inp.3 << 19:07:05.053 [main] INFO Env - @{3 SEND 2} Message(Share)
inp.5 << 19:07:05.053 [main] INFO Env - @{5 RCVD 3} Message(Ask)
inp.3 << 19:07:05.053 [main] INFO Env - @{3 SEND 2} Message(Ask)
inp.2 << 19:07:05.053 [main] INFO Env - @{2 SEND 4} Message(Ask)
out.5 >> unlock
inp.2 << 19:07:05.053 [main] INFO Env - @{2 SEND 5} Message(Ask)
inp.2 << 19:07:05.053 [main] INFO Env - @{2 RCVD 3} Message(Share)
inp.2 << 19:07:05.053 [main] INFO Env - @{2 RCVD 3} Message(Ask)
inp.5 << 19:07:05.053 [main] INFO Env - @{5 RCVD 2} Message(Ask)
inp.5 << 19:07:05.053 [main] INFO Env - @{5 UNLOCKED}
inp.5 << 19:07:05.053 [main] INFO Env - @{5 SEND 2} Message(Share)
inp.1 << 19:07:05.053 [main] INFO Env - @{1 SEND 2} Message(Ask)
inp.5 << 19:07:05.053 [main] INFO Env - @{5 SEND 3} Message(Share)
inp.2 << 19:07:05.053 [main] INFO Env - @{2 RCVD 1} Message(Ask)
inp.2 << 19:07:05.053 [main] INFO Env - @{2 SEND 1} Message(Share)
inp.2 << 19:07:05.053 [main] INFO Env - @{2 SEND 1} Message(Ask)
inp.1 << 19:07:05.053 [main] INFO Env - @{1 SEND 3} Message(Ask)
inp.2 << 19:07:05.053 [main] INFO Env - @{2 RCVD 5} Message(Share)
inp.1 << 19:07:05.053 [main] INFO Env - @{1 SEND 4} Message(Ask)
inp.3 << 19:07:05.053 [main] INFO Env - @{3 RCVD 5} Message(Share)
inp.1 << 19:07:05.053 [main] INFO Env - @{1 SEND 5} Message(Ask)
inp.3 << 19:07:05.053 [main] INFO Env - @{3 RCVD 1} Message(Ask)
inp.3 << 19:07:05.053 [main] INFO Env - @{3 SEND 1} Message(Share)
inp.3 << 19:07:05.053 [main] INFO Env - @{3 SEND 1} Message(Ask)
inp.1 << 19:07:05.053 [main] INFO Env - @{1 RCVD 2} Message(Share)
inp.1 << 19:07:05.053 [main] INFO Env - @{1 RCVD 2} Message(Ask)
inp.1 << 19:07:05.053 [main] INFO Env - @{1 RCVD 3} Message(Share)
inp.5 << 19:07:05.053 [main] INFO Env - @{5 RCVD 1} Message(Ask)
inp.1 << 19:07:05.053 [main] INFO Env - @{1 RCVD 3} Message(Ask)
inp.5 << 19:07:05.053 [main] INFO Env - @{5 SEND 1} Message(Share)
inp.4 << 19:07:05.053 [main] INFO Env - @{4 SEND 5} Message(Ask)
inp.4 << 19:07:05.054 [main] INFO Env - @{4 RCVD 3} Message(Ask)
inp.5 << 19:07:05.054 [main] INFO Env - @{5 RCVD 4} Message(Ask)
inp.4 << 19:07:05.054 [main] INFO Env - @{4 SEND 3} Message(Share)
inp.5 << 19:07:05.054 [main] INFO Env - @{5 SEND 4} Message(Share)
inp.1 << 19:07:05.054 [main] INFO Env - @{1 RCVD 5} Message(Share)
inp.4 << 19:07:05.054 [main] INFO Env - @{4 SEND 3} Message(Ask)
inp.3 << 19:07:05.054 [main] INFO Env - @{3 RCVD 4} Message(Share)
inp.3 << 19:07:05.054 [main] INFO Env - @{3 RCVD 4} Message(Ask)
inp.4 << 19:07:05.054 [main] INFO Env - @{4 RCVD 2} Message(Ask)
inp.4 << 19:07:05.054 [main] INFO Env - @{4 SEND 2} Message(Share)
inp.4 << 19:07:05.054 [main] INFO Env - @{4 SEND 2} Message(Ask)
inp.4 << 19:07:05.054 [main] INFO Env - @{4 RCVD 1} Message(Ask)
inp.4 << 19:07:05.054 [main] INFO Env - @{4 SEND 1} Message(Share)
inp.4 << 19:07:05.054 [main] INFO Env - @{4 SEND 1} Message(Ask)
inp.4 << 19:07:05.054 [main] INFO Env - @{4 RCVD 5} Message(Share)
inp.1 << 19:07:05.054 [main] INFO Env - @{1 RCVD 4} Message(Share)
inp.2 << 19:07:05.054 [main] INFO Env - @{2 RCVD 4} Message(Share)
inp.2 << 19:07:05.054 [main] INFO Env - @{2 RCVD 4} Message(Ask)
inp.1 << 19:07:05.054 [main] INFO Env - @{1 LOCKED}
inp.1 << 19:07:05.054 [main] INFO Env - @{1 RCVD 4} Message(Ask)
out.1 >> unlock
inp.1 << 19:07:05.054 [main] INFO Env - @{1 UNLOCKED}
inp.1 << 19:07:05.054 [main] INFO Env - @{1 SEND 2} Message(Share)
inp.2 << 19:07:05.054 [main] INFO Env - @{2 RCVD 1} Message(Share)
inp.2 << 19:07:05.054 [main] INFO Env - @{2 LOCKED}
out.2 >> unlock
inp.2 << 19:07:05.054 [main] INFO Env - @{2 UNLOCKED}
inp.2 << 19:07:05.054 [main] INFO Env - @{2 SEND 3} Message(Share)
inp.2 << 19:07:05.054 [main] INFO Env - @{2 SEND 4} Message(Share)
inp.3 << 19:07:05.055 [main] INFO Env - @{3 RCVD 2} Message(Share)
inp.1 << 19:07:05.055 [main] INFO Env - @{1 SEND 3} Message(Share)
inp.3 << 19:07:05.055 [main] INFO Env - @{3 RCVD 1} Message(Share)
inp.3 << 19:07:05.055 [main] INFO Env - @{3 LOCKED}
inp.1 << 19:07:05.055 [main] INFO Env - @{1 SEND 4} Message(Share)
out.3 >> unlock
inp.3 << 19:07:05.055 [main] INFO Env - @{3 UNLOCKED}
inp.3 << 19:07:05.055 [main] INFO Env - @{3 SEND 4} Message(Share)
inp.4 << 19:07:05.055 [main] INFO Env - @{4 RCVD 2} Message(Share)
inp.4 << 19:07:05.055 [main] INFO Env - @{4 RCVD 1} Message(Share)
inp.4 << 19:07:05.055 [main] INFO Env - @{4 RCVD 3} Message(Share)
inp.4 << 19:07:05.055 [main] INFO Env - @{4 LOCKED}
out.4 >> unlock
inp.4 << 19:07:05.055 [main] INFO Env - @{4 UNLOCKED}
out.1 >> ping
out.2 >> ping
out.3 >> ping
out.4 >> ping
out.5 >> ping
inp.3 << 19:07:05.055 [main] INFO Env - @{3 PONG}
inp.2 << 19:07:05.055 [main] INFO Env - @{2 PONG}
inp.5 << 19:07:05.055 [main] INFO Env - @{5 PONG}
inp.1 << 19:07:05.055 [main] INFO Env - @{1 PONG}
inp.4 << 19:07:05.055 [main] INFO Env - @{4 PONG}
out.2 >> lock
inp.2 << 19:07:05.056 [main] INFO Env - @{2 SEND 3} Message(Ask)
inp.2 << 19:07:05.056 [main] INFO Env - @{2 SEND 4} Message(Ask)
inp.3 << 19:07:05.056 [main] INFO Env - @{3 RCVD 2} Message(Ask)
inp.3 << 19:07:05.056 [main] INFO Env - @{3 SEND 2} Message(Share)
inp.4 << 19:07:05.056 [main] INFO Env - @{4 RCVD 2} Message(Ask)
inp.4 << 19:07:05.056 [main] INFO Env - @{4 SEND 2} Message(Share)
inp.2 << 19:07:05.056 [main] INFO Env - @{2 RCVD 3} Message(Share)
inp.2 << 19:07:05.056 [main] INFO Env - @{2 RCVD 4} Message(Share)
inp.2 << 19:07:05.056 [main] INFO Env - @{2 LOCKED}
out.2 >> unlock
inp.2 << 19:07:05.056 [main] INFO Env - @{2 UNLOCKED}
out.1 >> ping
out.2 >> ping
out.3 >> ping
out.4 >> ping
out.5 >> ping
inp.2 << 19:07:05.056 [main] INFO Env - @{2 PONG}
inp.3 << 19:07:05.056 [main] INFO Env - @{3 PONG}
inp.1 << 19:07:05.056 [main] INFO Env - @{1 PONG}
inp.5 << 19:07:05.056 [main] INFO Env - @{5 PONG}
inp.4 << 19:07:05.056 [main] INFO Env - @{4 PONG}
out.2 >> lock
inp.2 << 19:07:05.057 [main] INFO Env - @{2 LOCKED}
out.2 >> unlock
inp.2 << 19:07:05.057 [main] INFO Env - @{2 UNLOCKED}
out.1 >> ping
out.2 >> ping
out.3 >> ping
out.4 >> ping
out.5 >> ping
inp.2 << 19:07:05.057 [main] INFO Env - @{2 PONG}
inp.5 << 19:07:05.057 [main] INFO Env - @{5 PONG}
inp.3 << 19:07:05.057 [main] INFO Env - @{3 PONG}
inp.1 << 19:07:05.057 [main] INFO Env - @{1 PONG}
inp.4 << 19:07:05.057 [main] INFO Env - @{4 PONG}
out.2 >> lock
inp.2 << 19:07:05.057 [main] INFO Env - @{2 LOCKED}
out.2 >> unlock
inp.2 << 19:07:05.057 [main] INFO Env - @{2 UNLOCKED}
out.1 >> ping
out.2 >> ping
out.3 >> ping
out.4 >> ping
out.5 >> ping
inp.2 << 19:07:05.057 [main] INFO Env - @{2 PONG}
inp.5 << 19:07:05.057 [main] INFO Env - @{5 PONG}
inp.3 << 19:07:05.058 [main] INFO Env - @{3 PONG}
inp.1 << 19:07:05.058 [main] INFO Env - @{1 PONG}
inp.4 << 19:07:05.058 [main] INFO Env - @{4 PONG}
out.2 >> lock
out.4 >> lock
inp.2 << 19:07:05.058 [main] INFO Env - @{2 LOCKED}
inp.4 << 19:07:05.058 [main] INFO Env - @{4 SEND 2} Message(Ask)
out.2 >> unlock
inp.2 << 19:07:05.058 [main] INFO Env - @{2 RCVD 4} Message(Ask)
inp.2 << 19:07:05.058 [main] INFO Env - @{2 UNLOCKED}
inp.2 << 19:07:05.058 [main] INFO Env - @{2 SEND 4} Message(Share)
inp.4 << 19:07:05.058 [main] INFO Env - @{4 RCVD 2} Message(Share)
inp.4 << 19:07:05.058 [main] INFO Env - @{4 LOCKED}
out.4 >> unlock
inp.4 << 19:07:05.058 [main] INFO Env - @{4 UNLOCKED}
out.1 >> ping
out.2 >> ping
out.3 >> ping
out.4 >> ping
out.5 >> ping
inp.2 << 19:07:05.058 [main] INFO Env - @{2 PONG}
inp.5 << 19:07:05.058 [main] INFO Env - @{5 PONG}
inp.3 << 19:07:05.058 [main] INFO Env - @{3 PONG}
inp.4 << 19:07:05.059 [main] INFO Env - @{4 PONG}
inp.1 << 19:07:05.059 [main] INFO Env - @{1 PONG}
out.2 >> lock
out.4 >> lock
inp.2 << 19:07:05.059 [main] INFO Env - @{2 SEND 4} Message(Ask)
inp.4 << 19:07:05.059 [main] INFO Env - @{4 LOCKED}
inp.4 << 19:07:05.059 [main] INFO Env - @{4 RCVD 2} Message(Ask)
out.4 >> unlock
inp.4 << 19:07:05.059 [main] INFO Env - @{4 UNLOCKED}
inp.4 << 19:07:05.059 [main] INFO Env - @{4 SEND 2} Message(Share)
inp.2 << 19:07:05.060 [main] INFO Env - @{2 RCVD 4} Message(Share)
inp.2 << 19:07:05.060 [main] INFO Env - @{2 LOCKED}
out.2 >> unlock
inp.2 << 19:07:05.062 [main] INFO Env - @{2 UNLOCKED}
out.1 >> ping
out.2 >> ping
out.3 >> ping
out.4 >> ping
out.5 >> ping
inp.3 << 19:07:05.063 [main] INFO Env - @{3 PONG}
inp.2 << 19:07:05.063 [main] INFO Env - @{2 PONG}
inp.1 << 19:07:05.063 [main] INFO Env - @{1 PONG}
inp.5 << 19:07:05.063 [main] INFO Env - @{5 PONG}
inp.4 << 19:07:05.064 [main] INFO Env - @{4 PONG}
out.2 >> lock
out.4 >> lock
inp.2 << 19:07:05.065 [main] INFO Env - @{2 LOCKED}
out.2 >> unlock
inp.2 << 19:07:05.066 [main] INFO Env - @{2 UNLOCKED}
inp.4 << 19:07:05.066 [main] INFO Env - @{4 SEND 2} Message(Ask)
inp.2 << 19:07:05.066 [main] INFO Env - @{2 RCVD 4} Message(Ask)
inp.2 << 19:07:05.067 [main] INFO Env - @{2 SEND 4} Message(Share)
inp.4 << 19:07:05.067 [main] INFO Env - @{4 RCVD 2} Message(Share)
inp.4 << 19:07:05.067 [main] INFO Env - @{4 LOCKED}
out.4 >> unlock
inp.4 << 19:07:05.067 [main] INFO Env - @{4 UNLOCKED}
out.1 >> ping
out.2 >> ping
out.3 >> ping
out.4 >> ping
out.5 >> ping
inp.2 << 19:07:05.067 [main] INFO Env - @{2 PONG}
inp.3 << 19:07:05.067 [main] INFO Env - @{3 PONG}
inp.5 << 19:07:05.067 [main] INFO Env - @{5 PONG}
inp.1 << 19:07:05.067 [main] INFO Env - @{1 PONG}
inp.4 << 19:07:05.067 [main] INFO Env - @{4 PONG}
out.1 >> ping
out.2 >> ping
out.3 >> ping
out.4 >> ping
out.5 >> ping
inp.2 << 19:07:05.067 [main] INFO Env - @{2 PONG}
inp.3 << 19:07:05.067 [main] INFO Env - @{3 PONG}
inp.5 << 19:07:05.068 [main] INFO Env - @{5 PONG}
inp.1 << 19:07:05.068 [main] INFO Env - @{1 PONG}
inp.4 << 19:07:05.068 [main] INFO Env - @{4 PONG}
out.1 >> lock
inp.1 << 19:07:05.070 [main] INFO Env - @{1 SEND 2} Message(Ask)
inp.1 << 19:07:05.071 [main] INFO Env - @{1 SEND 3} Message(Ask)
inp.1 << 19:07:05.071 [main] INFO Env - @{1 SEND 4} Message(Ask)
inp.2 << 19:07:05.071 [main] INFO Env - @{2 RCVD 1} Message(Ask)
inp.2 << 19:07:05.072 [main] INFO Env - @{2 SEND 1} Message(Share)
inp.1 << 19:07:05.072 [main] INFO Env - @{1 RCVD 2} Message(Share)
inp.3 << 19:07:05.072 [main] INFO Env - @{3 RCVD 1} Message(Ask)
inp.3 << 19:07:05.073 [main] INFO Env - @{3 SEND 1} Message(Share)
inp.1 << 19:07:05.074 [main] INFO Env - @{1 RCVD 4} Message(Share)
inp.1 << 19:07:05.074 [main] INFO Env - @{1 RCVD 3} Message(Share)
inp.1 << 19:07:05.074 [main] INFO Env - @{1 LOCKED}
inp.4 << 19:07:05.072 [main] INFO Env - @{4 RCVD 1} Message(Ask)
inp.4 << 19:07:05.072 [main] INFO Env - @{4 SEND 1} Message(Share)
out.1 >> unlock
inp.1 << 19:07:05.075 [main] INFO Env - @{1 UNLOCKED}
out.1 >> ping
out.2 >> ping
out.3 >> ping
out.4 >> ping
out.5 >> ping
inp.2 << 19:07:05.076 [main] INFO Env - @{2 PONG}
inp.1 << 19:07:05.076 [main] INFO Env - @{1 PONG}
inp.3 << 19:07:05.076 [main] INFO Env - @{3 PONG}
inp.5 << 19:07:05.076 [main] INFO Env - @{5 PONG}
inp.4 << 19:07:05.076 [main] INFO Env - @{4 PONG}
out.2 >> lock
inp.2 << 19:07:05.077 [main] INFO Env - @{2 SEND 1} Message(Ask)
inp.2 << 19:07:05.077 [main] INFO Env - @{2 SEND 4} Message(Ask)
inp.4 << 19:07:05.077 [main] INFO Env - @{4 RCVD 2} Message(Ask)
inp.1 << 19:07:05.077 [main] INFO Env - @{1 RCVD 2} Message(Ask)
inp.4 << 19:07:05.077 [main] INFO Env - @{4 SEND 2} Message(Share)
inp.1 << 19:07:05.077 [main] INFO Env - @{1 SEND 2} Message(Share)
inp.2 << 19:07:05.077 [main] INFO Env - @{2 RCVD 4} Message(Share)
inp.2 << 19:07:05.077 [main] INFO Env - @{2 RCVD 1} Message(Share)
inp.2 << 19:07:05.077 [main] INFO Env - @{2 LOCKED}
out.2 >> unlock
inp.2 << 19:07:05.078 [main] INFO Env - @{2 UNLOCKED}
out.1 >> ping
out.2 >> ping
out.3 >> ping
out.4 >> ping
out.5 >> ping
inp.5 << 19:07:05.078 [main] INFO Env - @{5 PONG}
inp.2 << 19:07:05.078 [main] INFO Env - @{2 PONG}
inp.3 << 19:07:05.078 [main] INFO Env - @{3 PONG}
inp.1 << 19:07:05.078 [main] INFO Env - @{1 PONG}
inp.4 << 19:07:05.078 [main] INFO Env - @{4 PONG}
out.3 >> lock
inp.3 << 19:07:05.078 [main] INFO Env - @{3 SEND 1} Message(Ask)
inp.3 << 19:07:05.078 [main] INFO Env - @{3 SEND 2} Message(Ask)
inp.3 << 19:07:05.078 [main] INFO Env - @{3 SEND 4} Message(Ask)
inp.1 << 19:07:05.079 [main] INFO Env - @{1 RCVD 3} Message(Ask)
inp.1 << 19:07:05.079 [main] INFO Env - @{1 SEND 3} Message(Share)
inp.2 << 19:07:05.079 [main] INFO Env - @{2 RCVD 3} Message(Ask)
inp.4 << 19:07:05.079 [main] INFO Env - @{4 RCVD 3} Message(Ask)
inp.2 << 19:07:05.079 [main] INFO Env - @{2 SEND 3} Message(Share)
inp.4 << 19:07:05.079 [main] INFO Env - @{4 SEND 3} Message(Share)
inp.3 << 19:07:05.079 [main] INFO Env - @{3 RCVD 1} Message(Share)
inp.3 << 19:07:05.079 [main] INFO Env - @{3 RCVD 2} Message(Share)
inp.3 << 19:07:05.079 [main] INFO Env - @{3 RCVD 4} Message(Share)
inp.3 << 19:07:05.079 [main] INFO Env - @{3 LOCKED}
out.3 >> unlock
inp.3 << 19:07:05.079 [main] INFO Env - @{3 UNLOCKED}
out.1 >> ping
out.2 >> ping
out.3 >> ping
out.4 >> ping
out.5 >> ping
inp.2 << 19:07:05.079 [main] INFO Env - @{2 PONG}
inp.5 << 19:07:05.079 [main] INFO Env - @{5 PONG}
inp.3 << 19:07:05.079 [main] INFO Env - @{3 PONG}
inp.4 << 19:07:05.079 [main] INFO Env - @{4 PONG}
inp.1 << 19:07:05.079 [main] INFO Env - @{1 PONG}
out.4 >> lock
inp.4 << 19:07:05.079 [main] INFO Env - @{4 SEND 1} Message(Ask)
inp.4 << 19:07:05.079 [main] INFO Env - @{4 SEND 2} Message(Ask)
inp.2 << 19:07:05.080 [main] INFO Env - @{2 RCVD 4} Message(Ask)
inp.2 << 19:07:05.080 [main] INFO Env - @{2 SEND 4} Message(Share)
inp.4 << 19:07:05.080 [main] INFO Env - @{4 SEND 3} Message(Ask)
inp.1 << 19:07:05.080 [main] INFO Env - @{1 RCVD 4} Message(Ask)
inp.3 << 19:07:05.080 [main] INFO Env - @{3 RCVD 4} Message(Ask)
inp.1 << 19:07:05.080 [main] INFO Env - @{1 SEND 4} Message(Share)
inp.3 << 19:07:05.080 [main] INFO Env - @{3 SEND 4} Message(Share)
inp.4 << 19:07:05.080 [main] INFO Env - @{4 RCVD 2} Message(Share)
inp.4 << 19:07:05.080 [main] INFO Env - @{4 RCVD 1} Message(Share)
inp.4 << 19:07:05.080 [main] INFO Env - @{4 RCVD 3} Message(Share)
inp.4 << 19:07:05.080 [main] INFO Env - @{4 LOCKED}
out.4 >> unlock
inp.4 << 19:07:05.080 [main] INFO Env - @{4 UNLOCKED}
out.1 >> ping
out.2 >> ping
out.3 >> ping
out.4 >> ping
out.5 >> ping
inp.2 << 19:07:05.080 [main] INFO Env - @{2 PONG}
inp.5 << 19:07:05.080 [main] INFO Env - @{5 PONG}
inp.3 << 19:07:05.081 [main] INFO Env - @{3 PONG}
inp.1 << 19:07:05.081 [main] INFO Env - @{1 PONG}
inp.4 << 19:07:05.081 [main] INFO Env - @{4 PONG}
out.5 >> lock
inp.5 << 19:07:05.081 [main] INFO Env - @{5 SEND 1} Message(Ask)
inp.5 << 19:07:05.081 [main] INFO Env - @{5 SEND 2} Message(Ask)
inp.5 << 19:07:05.081 [main] INFO Env - @{5 SEND 3} Message(Ask)
inp.5 << 19:07:05.081 [main] INFO Env - @{5 SEND 4} Message(Ask)
inp.3 << 19:07:05.081 [main] INFO Env - @{3 RCVD 5} Message(Ask)
inp.2 << 19:07:05.081 [main] INFO Env - @{2 RCVD 5} Message(Ask)
inp.2 << 19:07:05.081 [main] INFO Env - @{2 SEND 5} Message(Share)
inp.5 << 19:07:05.081 [main] INFO Env - @{5 RCVD 2} Message(Share)
inp.3 << 19:07:05.081 [main] INFO Env - @{3 SEND 5} Message(Share)
inp.5 << 19:07:05.081 [main] INFO Env - @{5 RCVD 3} Message(Share)
inp.4 << 19:07:05.081 [main] INFO Env - @{4 RCVD 5} Message(Ask)
inp.4 << 19:07:05.081 [main] INFO Env - @{4 SEND 5} Message(Share)
inp.5 << 19:07:05.082 [main] INFO Env - @{5 RCVD 1} Message(Share)
inp.5 << 19:07:05.082 [main] INFO Env - @{5 RCVD 4} Message(Share)
inp.5 << 19:07:05.082 [main] INFO Env - @{5 LOCKED}
inp.1 << 19:07:05.081 [main] INFO Env - @{1 RCVD 5} Message(Ask)
inp.1 << 19:07:05.081 [main] INFO Env - @{1 SEND 5} Message(Share)
out.5 >> unlock
inp.5 << 19:07:05.082 [main] INFO Env - @{5 UNLOCKED}
out.1 >> ping
out.2 >> ping
out.3 >> ping
out.4 >> ping
out.5 >> ping
inp.5 << 19:07:05.082 [main] INFO Env - @{5 PONG}
inp.2 << 19:07:05.082 [main] INFO Env - @{2 PONG}
inp.3 << 19:07:05.082 [main] INFO Env - @{3 PONG}
inp.1 << 19:07:05.082 [main] INFO Env - @{1 PONG}
inp.4 << 19:07:05.082 [main] INFO Env - @{4 PONG}
out.4 >> lock
out.1 >> lock
out.2 >> lock
out.5 >> lock
out.3 >> lock
inp.5 << 19:07:05.082 [main] INFO Env - @{5 LOCKED}
inp.2 << 19:07:05.082 [main] INFO Env - @{2 SEND 3} Message(Ask)
inp.2 << 19:07:05.083 [main] INFO Env - @{2 SEND 4} Message(Ask)
inp.2 << 19:07:05.083 [main] INFO Env - @{2 SEND 5} Message(Ask)
inp.3 << 19:07:05.083 [main] INFO Env - @{3 SEND 4} Message(Ask)
out.5 >> unlock
inp.3 << 19:07:05.083 [main] INFO Env - @{3 SEND 5} Message(Ask)
inp.5 << 19:07:05.083 [main] INFO Env - @{5 RCVD 2} Message(Ask)
inp.3 << 19:07:05.083 [main] INFO Env - @{3 RCVD 2} Message(Ask)
inp.3 << 19:07:05.083 [main] INFO Env - @{3 SEND 2} Message(Share)
inp.5 << 19:07:05.083 [main] INFO Env - @{5 RCVD 3} Message(Ask)
inp.5 << 19:07:05.083 [main] INFO Env - @{5 UNLOCKED}
inp.1 << 19:07:05.083 [main] INFO Env - @{1 SEND 2} Message(Ask)
inp.4 << 19:07:05.083 [main] INFO Env - @{4 SEND 5} Message(Ask)
inp.4 << 19:07:05.083 [main] INFO Env - @{4 RCVD 2} Message(Ask)
inp.4 << 19:07:05.083 [main] INFO Env - @{4 SEND 2} Message(Share)
inp.4 << 19:07:05.083 [main] INFO Env - @{4 SEND 2} Message(Ask)
inp.4 << 19:07:05.083 [main] INFO Env - @{4 RCVD 3} Message(Ask)
inp.4 << 19:07:05.083 [main] INFO Env - @{4 SEND 3} Message(Share)
inp.4 << 19:07:05.083 [main] INFO Env - @{4 SEND 3} Message(Ask)
inp.5 << 19:07:05.083 [main] INFO Env - @{5 SEND 2} Message(Share)
inp.3 << 19:07:05.083 [main] INFO Env - @{3 SEND 2} Message(Ask)
inp.5 << 19:07:05.083 [main] INFO Env - @{5 SEND 3} Message(Share)
inp.5 << 19:07:05.083 [main] INFO Env - @{5 RCVD 4} Message(Ask)
inp.5 << 19:07:05.083 [main] INFO Env - @{5 SEND 4} Message(Share)
inp.2 << 19:07:05.083 [main] INFO Env - @{2 RCVD 3} Message(Share)
inp.2 << 19:07:05.083 [main] INFO Env - @{2 RCVD 1} Message(Ask)
inp.2 << 19:07:05.083 [main] INFO Env - @{2 SEND 1} Message(Share)
inp.1 << 19:07:05.083 [main] INFO Env - @{1 SEND 3} Message(Ask)
inp.4 << 19:07:05.083 [main] INFO Env - @{4 RCVD 5} Message(Share)
inp.2 << 19:07:05.083 [main] INFO Env - @{2 SEND 1} Message(Ask)
inp.1 << 19:07:05.083 [main] INFO Env - @{1 SEND 4} Message(Ask)
inp.2 << 19:07:05.083 [main] INFO Env - @{2 RCVD 4} Message(Share)
inp.1 << 19:07:05.083 [main] INFO Env - @{1 SEND 5} Message(Ask)
inp.1 << 19:07:05.083 [main] INFO Env - @{1 RCVD 2} Message(Share)
inp.2 << 19:07:05.083 [main] INFO Env - @{2 RCVD 4} Message(Ask)
inp.2 << 19:07:05.083 [main] INFO Env - @{2 RCVD 5} Message(Share)
inp.2 << 19:07:05.083 [main] INFO Env - @{2 RCVD 3} Message(Ask)
inp.5 << 19:07:05.083 [main] INFO Env - @{5 RCVD 1} Message(Ask)
inp.1 << 19:07:05.083 [main] INFO Env - @{1 RCVD 2} Message(Ask)
inp.5 << 19:07:05.083 [main] INFO Env - @{5 SEND 1} Message(Share)
inp.1 << 19:07:05.083 [main] INFO Env - @{1 RCVD 3} Message(Share)
inp.3 << 19:07:05.083 [main] INFO Env - @{3 RCVD 4} Message(Share)
inp.3 << 19:07:05.083 [main] INFO Env - @{3 RCVD 4} Message(Ask)
inp.3 << 19:07:05.083 [main] INFO Env - @{3 RCVD 5} Message(Share)
inp.3 << 19:07:05.083 [main] INFO Env - @{3 RCVD 1} Message(Ask)
inp.1 << 19:07:05.083 [main] INFO Env - @{1 RCVD 3} Message(Ask)
inp.3 << 19:07:05.083 [main] INFO Env - @{3 SEND 1} Message(Share)
inp.3 << 19:07:05.083 [main] INFO Env - @{3 SEND 1} Message(Ask)
inp.1 << 19:07:05.083 [main] INFO Env - @{1 RCVD 5} Message(Share)
inp.4 << 19:07:05.083 [main] INFO Env - @{4 RCVD 1} Message(Ask)
inp.4 << 19:07:05.083 [main] INFO Env - @{4 SEND 1} Message(Share)
inp.4 << 19:07:05.083 [main] INFO Env - @{4 SEND 1} Message(Ask)
inp.1 << 19:07:05.084 [main] INFO Env - @{1 RCVD 4} Message(Share)
inp.1 << 19:07:05.084 [main] INFO Env - @{1 LOCKED}
inp.1 << 19:07:05.084 [main] INFO Env - @{1 RCVD 4} Message(Ask)
out.1 >> unlock
inp.1 << 19:07:05.084 [main] INFO Env - @{1 UNLOCKED}
inp.1 << 19:07:05.084 [main] INFO Env - @{1 SEND 2} Message(Share)
inp.1 << 19:07:05.084 [main] INFO Env - @{1 SEND 3} Message(Share)
inp.1 << 19:07:05.084 [main] INFO Env - @{1 SEND 4} Message(Share)
inp.2 << 19:07:05.084 [main] INFO Env - @{2 RCVD 1} Message(Share)
inp.2 << 19:07:05.084 [main] INFO Env - @{2 LOCKED}
inp.3 << 19:07:05.084 [main] INFO Env - @{3 RCVD 1} Message(Share)
inp.4 << 19:07:05.084 [main] INFO Env - @{4 RCVD 1} Message(Share)
out.2 >> unlock
inp.2 << 19:07:05.084 [main] INFO Env - @{2 UNLOCKED}
inp.2 << 19:07:05.084 [main] INFO Env - @{2 SEND 3} Message(Share)
inp.2 << 19:07:05.084 [main] INFO Env - @{2 SEND 4} Message(Share)
inp.3 << 19:07:05.084 [main] INFO Env - @{3 RCVD 2} Message(Share)
inp.3 << 19:07:05.084 [main] INFO Env - @{3 LOCKED}
out.3 >> unlock
inp.4 << 19:07:05.084 [main] INFO Env - @{4 RCVD 2} Message(Share)
inp.3 << 19:07:05.084 [main] INFO Env - @{3 UNLOCKED}
inp.3 << 19:07:05.084 [main] INFO Env - @{3 SEND 4} Message(Share)
inp.4 << 19:07:05.084 [main] INFO Env - @{4 RCVD 3} Message(Share)
inp.4 << 19:07:05.084 [main] INFO Env - @{4 LOCKED}
out.4 >> unlock
inp.4 << 19:07:05.085 [main] INFO Env - @{4 UNLOCKED}
out.1 >> ping
out.2 >> ping
out.3 >> ping
out.4 >> ping
out.5 >> ping
inp.5 << 19:07:05.085 [main] INFO Env - @{5 PONG}
inp.2 << 19:07:05.085 [main] INFO Env - @{2 PONG}
inp.3 << 19:07:05.085 [main] INFO Env - @{3 PONG}
inp.1 << 19:07:05.085 [main] INFO Env - @{1 PONG}
inp.4 << 19:07:05.086 [main] INFO Env - @{4 PONG}
out.1 >> lock
inp.1 << 19:07:05.086 [main] INFO Env - @{1 SEND 2} Message(Ask)
inp.1 << 19:07:05.086 [main] INFO Env - @{1 SEND 3} Message(Ask)
inp.3 << 19:07:05.086 [main] INFO Env - @{3 RCVD 1} Message(Ask)
inp.3 << 19:07:05.086 [main] INFO Env - @{3 SEND 1} Message(Share)
inp.1 << 19:07:05.086 [main] INFO Env - @{1 SEND 4} Message(Ask)
inp.2 << 19:07:05.086 [main] INFO Env - @{2 RCVD 1} Message(Ask)
inp.2 << 19:07:05.086 [main] INFO Env - @{2 SEND 1} Message(Share)
inp.1 << 19:07:05.086 [main] INFO Env - @{1 RCVD 3} Message(Share)
inp.4 << 19:07:05.086 [main] INFO Env - @{4 RCVD 1} Message(Ask)
inp.4 << 19:07:05.086 [main] INFO Env - @{4 SEND 1} Message(Share)
inp.1 << 19:07:05.086 [main] INFO Env - @{1 RCVD 2} Message(Share)
inp.1 << 19:07:05.086 [main] INFO Env - @{1 RCVD 4} Message(Share)
inp.1 << 19:07:05.086 [main] INFO Env - @{1 LOCKED}
out.1 >> unlock
inp.1 << 19:07:05.087 [main] INFO Env - @{1 UNLOCKED}
out.1 >> ping
out.2 >> ping
out.3 >> ping
out.4 >> ping
out.5 >> ping
inp.5 << 19:07:05.087 [main] INFO Env - @{5 PONG}
inp.2 << 19:07:05.088 [main] INFO Env - @{2 PONG}
inp.3 << 19:07:05.088 [main] INFO Env - @{3 PONG}
inp.1 << 19:07:05.088 [main] INFO Env - @{1 PONG}
inp.4 << 19:07:05.088 [main] INFO Env - @{4 PONG}
out.1 >> lock
inp.1 << 19:07:05.088 [main] INFO Env - @{1 LOCKED}
out.1 >> unlock
inp.1 << 19:07:05.088 [main] INFO Env - @{1 UNLOCKED}
out.1 >> ping
out.2 >> ping
out.3 >> ping
out.4 >> ping
out.5 >> ping
inp.5 << 19:07:05.089 [main] INFO Env - @{5 PONG}
inp.2 << 19:07:05.089 [main] INFO Env - @{2 PONG}
inp.3 << 19:07:05.089 [main] INFO Env - @{3 PONG}
inp.1 << 19:07:05.089 [main] INFO Env - @{1 PONG}
inp.4 << 19:07:05.089 [main] INFO Env - @{4 PONG}
out.1 >> lock
inp.1 << 19:07:05.089 [main] INFO Env - @{1 LOCKED}
out.1 >> unlock
inp.1 << 19:07:05.089 [main] INFO Env - @{1 UNLOCKED}
out.1 >> ping
out.2 >> ping
out.3 >> ping
out.4 >> ping
out.5 >> ping
inp.2 << 19:07:05.090 [main] INFO Env - @{2 PONG}
inp.5 << 19:07:05.090 [main] INFO Env - @{5 PONG}
inp.3 << 19:07:05.090 [main] INFO Env - @{3 PONG}
inp.1 << 19:07:05.090 [main] INFO Env - @{1 PONG}
inp.4 << 19:07:05.090 [main] INFO Env - @{4 PONG}
out.1 >> lock
out.4 >> lock
inp.1 << 19:07:05.090 [main] INFO Env - @{1 LOCKED}
out.1 >> unlock
inp.4 << 19:07:05.090 [main] INFO Env - @{4 SEND 1} Message(Ask)
inp.1 << 19:07:05.090 [main] INFO Env - @{1 UNLOCKED}
inp.1 << 19:07:05.090 [main] INFO Env - @{1 RCVD 4} Message(Ask)
inp.1 << 19:07:05.090 [main] INFO Env - @{1 SEND 4} Message(Share)
inp.4 << 19:07:05.090 [main] INFO Env - @{4 RCVD 1} Message(Share)
inp.4 << 19:07:05.090 [main] INFO Env - @{4 LOCKED}
out.4 >> unlock
inp.4 << 19:07:05.091 [main] INFO Env - @{4 UNLOCKED}
out.1 >> ping
out.2 >> ping
out.3 >> ping
out.4 >> ping
out.5 >> ping
inp.2 << 19:07:05.091 [main] INFO Env - @{2 PONG}
inp.5 << 19:07:05.091 [main] INFO Env - @{5 PONG}
inp.3 << 19:07:05.091 [main] INFO Env - @{3 PONG}
inp.4 << 19:07:05.091 [main] INFO Env - @{4 PONG}
inp.1 << 19:07:05.091 [main] INFO Env - @{1 PONG}
out.1 >> lock
out.4 >> lock
inp.4 << 19:07:05.091 [main] INFO Env - @{4 LOCKED}
inp.1 << 19:07:05.091 [main] INFO Env - @{1 SEND 4} Message(Ask)
out.4 >> unlock
inp.4 << 19:07:05.102 [main] INFO Env - @{4 RCVD 1} Message(Ask)
inp.4 << 19:07:05.102 [main] INFO Env - @{4 UNLOCKED}
inp.4 << 19:07:05.102 [main] INFO Env - @{4 SEND 1} Message(Share)
inp.1 << 19:07:05.105 [main] INFO Env - @{1 RCVD 4} Message(Share)
inp.1 << 19:07:05.105 [main] INFO Env - @{1 LOCKED}
out.1 >> unlock
inp.1 << 19:07:05.107 [main] INFO Env - @{1 UNLOCKED}
out.1 >> ping
out.2 >> ping
out.3 >> ping
out.4 >> ping
out.5 >> ping
inp.5 << 19:07:05.108 [main] INFO Env - @{5 PONG}
inp.3 << 19:07:05.108 [main] INFO Env - @{3 PONG}
inp.2 << 19:07:05.108 [main] INFO Env - @{2 PONG}
inp.1 << 19:07:05.108 [main] INFO Env - @{1 PONG}
inp.4 << 19:07:05.108 [main] INFO Env - @{4 PONG}
out.1 >> lock
out.4 >> lock
inp.1 << 19:07:05.109 [main] INFO Env - @{1 LOCKED}
out.1 >> unlock
inp.4 << 19:07:05.109 [main] INFO Env - @{4 SEND 1} Message(Ask)
inp.1 << 19:07:05.109 [main] INFO Env - @{1 UNLOCKED}
inp.1 << 19:07:05.109 [main] INFO Env - @{1 RCVD 4} Message(Ask)
inp.1 << 19:07:05.109 [main] INFO Env - @{1 SEND 4} Message(Share)
inp.4 << 19:07:05.109 [main] INFO Env - @{4 RCVD 1} Message(Share)
inp.4 << 19:07:05.109 [main] INFO Env - @{4 LOCKED}
out.4 >> unlock
inp.4 << 19:07:05.110 [main] INFO Env - @{4 UNLOCKED}
out.1 >> ping
out.2 >> ping
out.3 >> ping
out.4 >> ping
out.5 >> ping
inp.5 << 19:07:05.110 [main] INFO Env - @{5 PONG}
inp.3 << 19:07:05.110 [main] INFO Env - @{3 PONG}
inp.2 << 19:07:05.110 [main] INFO Env - @{2 PONG}
inp.1 << 19:07:05.110 [main] INFO Env - @{1 PONG}
inp.4 << 19:07:05.110 [main] INFO Env - @{4 PONG}
out.1 >> ping
out.2 >> ping
out.3 >> ping
out.4 >> ping
out.5 >> ping
inp.5 << 19:07:05.111 [main] INFO Env - @{5 PONG}
inp.3 << 19:07:05.111 [main] INFO Env - @{3 PONG}
inp.2 << 19:07:05.111 [main] INFO Env - @{2 PONG}
inp.1 << 19:07:05.111 [main] INFO Env - @{1 PONG}
inp.4 << 19:07:05.111 [main] INFO Env - @{4 PONG}
out.1 >> lock
inp.1 << 19:07:05.111 [main] INFO Env - @{1 SEND 4} Message(Ask)
inp.4 << 19:07:05.112 [main] INFO Env - @{4 RCVD 1} Message(Ask)
inp.4 << 19:07:05.112 [main] INFO Env - @{4 SEND 1} Message(Share)
inp.1 << 19:07:05.112 [main] INFO Env - @{1 RCVD 4} Message(Share)
inp.1 << 19:07:05.112 [main] INFO Env - @{1 LOCKED}
out.1 >> unlock
inp.1 << 19:07:05.112 [main] INFO Env - @{1 UNLOCKED}
out.1 >> ping
out.2 >> ping
out.3 >> ping
out.4 >> ping
out.5 >> ping
inp.5 << 19:07:05.112 [main] INFO Env - @{5 PONG}
inp.3 << 19:07:05.112 [main] INFO Env - @{3 PONG}
inp.1 << 19:07:05.112 [main] INFO Env - @{1 PONG}
inp.2 << 19:07:05.112 [main] INFO Env - @{2 PONG}
inp.4 << 19:07:05.113 [main] INFO Env - @{4 PONG}
out.2 >> lock
inp.2 << 19:07:05.113 [main] INFO Env - @{2 SEND 1} Message(Ask)
inp.2 << 19:07:05.113 [main] INFO Env - @{2 SEND 3} Message(Ask)
inp.1 << 19:07:05.113 [main] INFO Env - @{1 RCVD 2} Message(Ask)
inp.1 << 19:07:05.113 [main] INFO Env - @{1 SEND 2} Message(Share)
inp.2 << 19:07:05.113 [main] INFO Env - @{2 SEND 4} Message(Ask)
inp.2 << 19:07:05.113 [main] INFO Env - @{2 RCVD 1} Message(Share)
inp.3 << 19:07:05.113 [main] INFO Env - @{3 RCVD 2} Message(Ask)
inp.3 << 19:07:05.113 [main] INFO Env - @{3 SEND 2} Message(Share)
inp.2 << 19:07:05.113 [main] INFO Env - @{2 RCVD 3} Message(Share)
inp.4 << 19:07:05.113 [main] INFO Env - @{4 RCVD 2} Message(Ask)
inp.4 << 19:07:05.113 [main] INFO Env - @{4 SEND 2} Message(Share)
inp.2 << 19:07:05.113 [main] INFO Env - @{2 RCVD 4} Message(Share)
inp.2 << 19:07:05.113 [main] INFO Env - @{2 LOCKED}
out.2 >> unlock
inp.2 << 19:07:05.113 [main] INFO Env - @{2 UNLOCKED}
out.1 >> ping
out.2 >> ping
out.3 >> ping
out.4 >> ping
out.5 >> ping
inp.5 << 19:07:05.114 [main] INFO Env - @{5 PONG}
inp.3 << 19:07:05.114 [main] INFO Env - @{3 PONG}
inp.2 << 19:07:05.114 [main] INFO Env - @{2 PONG}
inp.1 << 19:07:05.114 [main] INFO Env - @{1 PONG}
inp.4 << 19:07:05.114 [main] INFO Env - @{4 PONG}
out.3 >> lock
inp.3 << 19:07:05.114 [main] INFO Env - @{3 SEND 1} Message(Ask)
inp.3 << 19:07:05.114 [main] INFO Env - @{3 SEND 2} Message(Ask)
inp.3 << 19:07:05.115 [main] INFO Env - @{3 SEND 4} Message(Ask)
inp.1 << 19:07:05.115 [main] INFO Env - @{1 RCVD 3} Message(Ask)
inp.1 << 19:07:05.115 [main] INFO Env - @{1 SEND 3} Message(Share)
inp.2 << 19:07:05.115 [main] INFO Env - @{2 RCVD 3} Message(Ask)
inp.2 << 19:07:05.115 [main] INFO Env - @{2 SEND 3} Message(Share)
inp.3 << 19:07:05.115 [main] INFO Env - @{3 RCVD 1} Message(Share)
inp.3 << 19:07:05.115 [main] INFO Env - @{3 RCVD 2} Message(Share)
inp.4 << 19:07:05.115 [main] INFO Env - @{4 RCVD 3} Message(Ask)
inp.4 << 19:07:05.115 [main] INFO Env - @{4 SEND 3} Message(Share)
inp.3 << 19:07:05.115 [main] INFO Env - @{3 RCVD 4} Message(Share)
inp.3 << 19:07:05.115 [main] INFO Env - @{3 LOCKED}
out.3 >> unlock
inp.3 << 19:07:05.115 [main] INFO Env - @{3 UNLOCKED}
out.1 >> ping
out.2 >> ping
out.3 >> ping
out.4 >> ping
out.5 >> ping
inp.3 << 19:07:05.115 [main] INFO Env - @{3 PONG}
inp.2 << 19:07:05.115 [main] INFO Env - @{2 PONG}
inp.5 << 19:07:05.115 [main] INFO Env - @{5 PONG}
inp.1 << 19:07:05.115 [main] INFO Env - @{1 PONG}
inp.4 << 19:07:05.115 [main] INFO Env - @{4 PONG}
out.4 >> lock
inp.4 << 19:07:05.116 [main] INFO Env - @{4 SEND 1} Message(Ask)
inp.4 << 19:07:05.116 [main] INFO Env - @{4 SEND 2} Message(Ask)
inp.4 << 19:07:05.116 [main] INFO Env - @{4 SEND 3} Message(Ask)
inp.2 << 19:07:05.116 [main] INFO Env - @{2 RCVD 4} Message(Ask)
inp.2 << 19:07:05.116 [main] INFO Env - @{2 SEND 4} Message(Share)
inp.1 << 19:07:05.116 [main] INFO Env - @{1 RCVD 4} Message(Ask)
inp.3 << 19:07:05.116 [main] INFO Env - @{3 RCVD 4} Message(Ask)
inp.3 << 19:07:05.116 [main] INFO Env - @{3 SEND 4} Message(Share)
inp.4 << 19:07:05.116 [main] INFO Env - @{4 RCVD 2} Message(Share)
inp.4 << 19:07:05.116 [main] INFO Env - @{4 RCVD 1} Message(Share)
inp.4 << 19:07:05.116 [main] INFO Env - @{4 RCVD 3} Message(Share)
inp.4 << 19:07:05.116 [main] INFO Env - @{4 LOCKED}
inp.1 << 19:07:05.116 [main] INFO Env - @{1 SEND 4} Message(Share)
out.4 >> unlock
inp.4 << 19:07:05.117 [main] INFO Env - @{4 UNLOCKED}
out.1 >> ping
out.2 >> ping
out.3 >> ping
out.4 >> ping
out.5 >> ping
inp.5 << 19:07:05.118 [main] INFO Env - @{5 PONG}
inp.3 << 19:07:05.118 [main] INFO Env - @{3 PONG}
inp.2 << 19:07:05.118 [main] INFO Env - @{2 PONG}
inp.1 << 19:07:05.118 [main] INFO Env - @{1 PONG}
inp.4 << 19:07:05.118 [main] INFO Env - @{4 PONG}
out.5 >> lock
inp.5 << 19:07:05.118 [main] INFO Env - @{5 SEND 1} Message(Ask)
inp.5 << 19:07:05.118 [main] INFO Env - @{5 SEND 2} Message(Ask)
inp.5 << 19:07:05.119 [main] INFO Env - @{5 SEND 3} Message(Ask)
inp.5 << 19:07:05.119 [main] INFO Env - @{5 SEND 4} Message(Ask)
inp.2 << 19:07:05.119 [main] INFO Env - @{2 RCVD 5} Message(Ask)
inp.2 << 19:07:05.119 [main] INFO Env - @{2 SEND 5} Message(Share)
inp.5 << 19:07:05.119 [main] INFO Env - @{5 RCVD 2} Message(Share)
inp.3 << 19:07:05.119 [main] INFO Env - @{3 RCVD 5} Message(Ask)
inp.3 << 19:07:05.119 [main] INFO Env - @{3 SEND 5} Message(Share)
inp.4 << 19:07:05.119 [main] INFO Env - @{4 RCVD 5} Message(Ask)
inp.4 << 19:07:05.119 [main] INFO Env - @{4 SEND 5} Message(Share)
inp.1 << 19:07:05.119 [main] INFO Env - @{1 RCVD 5} Message(Ask)
inp.1 << 19:07:05.119 [main] INFO Env - @{1 SEND 5} Message(Share)
inp.5 << 19:07:05.119 [main] INFO Env - @{5 RCVD 3} Message(Share)
inp.5 << 19:07:05.119 [main] INFO Env - @{5 RCVD 1} Message(Share)
inp.5 << 19:07:05.119 [main] INFO Env - @{5 RCVD 4} Message(Share)
inp.5 << 19:07:05.119 [main] INFO Env - @{5 LOCKED}
out.5 >> unlock
inp.5 << 19:07:05.119 [main] INFO Env - @{5 UNLOCKED}
out.1 >> ping
out.2 >> ping
out.3 >> ping
out.4 >> ping
out.5 >> ping
inp.5 << 19:07:05.120 [main] INFO Env - @{5 PONG}
inp.3 << 19:07:05.120 [main] INFO Env - @{3 PONG}
inp.2 << 19:07:05.120 [main] INFO Env - @{2 PONG}
inp.1 << 19:07:05.120 [main] INFO Env - @{1 PONG}
inp.4 << 19:07:05.120 [main] INFO Env - @{4 PONG}
out.4 >> lock
out.5 >> lock
out.3 >> lock
out.1 >> lock
out.2 >> lock
inp.5 << 19:07:05.120 [main] INFO Env - @{5 LOCKED}
inp.3 << 19:07:05.120 [main] INFO Env - @{3 SEND 4} Message(Ask)
inp.3 << 19:07:05.121 [main] INFO Env - @{3 SEND 5} Message(Ask)
inp.5 << 19:07:05.121 [main] INFO Env - @{5 RCVD 3} Message(Ask)
inp.2 << 19:07:05.121 [main] INFO Env - @{2 SEND 3} Message(Ask)
out.5 >> unlock
inp.2 << 19:07:05.121 [main] INFO Env - @{2 SEND 4} Message(Ask)
inp.5 << 19:07:05.121 [main] INFO Env - @{5 UNLOCKED}
inp.2 << 19:07:05.121 [main] INFO Env - @{2 SEND 5} Message(Ask)
inp.5 << 19:07:05.121 [main] INFO Env - @{5 SEND 3} Message(Share)
inp.5 << 19:07:05.121 [main] INFO Env - @{5 RCVD 2} Message(Ask)
inp.5 << 19:07:05.121 [main] INFO Env - @{5 SEND 2} Message(Share)
inp.3 << 19:07:05.121 [main] INFO Env - @{3 RCVD 2} Message(Ask)
inp.3 << 19:07:05.121 [main] INFO Env - @{3 SEND 2} Message(Share)
inp.3 << 19:07:05.121 [main] INFO Env - @{3 SEND 2} Message(Ask)
inp.3 << 19:07:05.121 [main] INFO Env - @{3 RCVD 5} Message(Share)
inp.2 << 19:07:05.121 [main] INFO Env - @{2 RCVD 5} Message(Share)
inp.2 << 19:07:05.121 [main] INFO Env - @{2 RCVD 3} Message(Share)
inp.2 << 19:07:05.121 [main] INFO Env - @{2 RCVD 3} Message(Ask)
inp.4 << 19:07:05.121 [main] INFO Env - @{4 SEND 5} Message(Ask)
inp.4 << 19:07:05.121 [main] INFO Env - @{4 RCVD 3} Message(Ask)
inp.4 << 19:07:05.121 [main] INFO Env - @{4 SEND 3} Message(Share)
inp.4 << 19:07:05.121 [main] INFO Env - @{4 SEND 3} Message(Ask)
inp.4 << 19:07:05.121 [main] INFO Env - @{4 RCVD 2} Message(Ask)
inp.1 << 19:07:05.121 [main] INFO Env - @{1 SEND 2} Message(Ask)
inp.4 << 19:07:05.121 [main] INFO Env - @{4 SEND 2} Message(Share)
inp.4 << 19:07:05.121 [main] INFO Env - @{4 SEND 2} Message(Ask)
inp.5 << 19:07:05.122 [main] INFO Env - @{5 RCVD 4} Message(Ask)
inp.5 << 19:07:05.122 [main] INFO Env - @{5 SEND 4} Message(Share)
inp.3 << 19:07:05.122 [main] INFO Env - @{3 RCVD 4} Message(Share)
inp.3 << 19:07:05.122 [main] INFO Env - @{3 RCVD 4} Message(Ask)
inp.2 << 19:07:05.122 [main] INFO Env - @{2 RCVD 1} Message(Ask)
inp.2 << 19:07:05.122 [main] INFO Env - @{2 SEND 1} Message(Share)
inp.2 << 19:07:05.122 [main] INFO Env - @{2 SEND 1} Message(Ask)
inp.2 << 19:07:05.122 [main] INFO Env - @{2 RCVD 4} Message(Share)
inp.4 << 19:07:05.122 [main] INFO Env - @{4 RCVD 5} Message(Share)
inp.2 << 19:07:05.122 [main] INFO Env - @{2 RCVD 4} Message(Ask)
inp.1 << 19:07:05.122 [main] INFO Env - @{1 SEND 3} Message(Ask)
inp.1 << 19:07:05.122 [main] INFO Env - @{1 SEND 4} Message(Ask)
inp.1 << 19:07:05.122 [main] INFO Env - @{1 SEND 5} Message(Ask)
inp.1 << 19:07:05.122 [main] INFO Env - @{1 RCVD 2} Message(Share)
inp.1 << 19:07:05.122 [main] INFO Env - @{1 RCVD 2} Message(Ask)
inp.3 << 19:07:05.122 [main] INFO Env - @{3 RCVD 1} Message(Ask)
inp.3 << 19:07:05.122 [main] INFO Env - @{3 SEND 1} Message(Share)
inp.5 << 19:07:05.122 [main] INFO Env - @{5 RCVD 1} Message(Ask)
inp.5 << 19:07:05.122 [main] INFO Env - @{5 SEND 1} Message(Share)
inp.3 << 19:07:05.122 [main] INFO Env - @{3 SEND 1} Message(Ask)
inp.4 << 19:07:05.122 [main] INFO Env - @{4 RCVD 1} Message(Ask)
inp.1 << 19:07:05.122 [main] INFO Env - @{1 RCVD 3} Message(Share)
inp.4 << 19:07:05.122 [main] INFO Env - @{4 SEND 1} Message(Share)
inp.1 << 19:07:05.122 [main] INFO Env - @{1 RCVD 3} Message(Ask)
inp.1 << 19:07:05.122 [main] INFO Env - @{1 RCVD 5} Message(Share)
inp.4 << 19:07:05.122 [main] INFO Env - @{4 SEND 1} Message(Ask)
inp.1 << 19:07:05.122 [main] INFO Env - @{1 RCVD 4} Message(Share)
inp.1 << 19:07:05.122 [main] INFO Env - @{1 LOCKED}
out.1 >> unlock
inp.1 << 19:07:05.122 [main] INFO Env - @{1 RCVD 4} Message(Ask)
inp.1 << 19:07:05.122 [main] INFO Env - @{1 UNLOCKED}
inp.1 << 19:07:05.122 [main] INFO Env - @{1 SEND 2} Message(Share)
inp.1 << 19:07:05.122 [main] INFO Env - @{1 SEND 3} Message(Share)
inp.2 << 19:07:05.122 [main] INFO Env - @{2 RCVD 1} Message(Share)
inp.2 << 19:07:05.122 [main] INFO Env - @{2 LOCKED}
out.2 >> unlock
inp.3 << 19:07:05.122 [main] INFO Env - @{3 RCVD 1} Message(Share)
inp.2 << 19:07:05.123 [main] INFO Env - @{2 UNLOCKED}
inp.2 << 19:07:05.123 [main] INFO Env - @{2 SEND 3} Message(Share)
inp.1 << 19:07:05.123 [main] INFO Env - @{1 SEND 4} Message(Share)
inp.2 << 19:07:05.123 [main] INFO Env - @{2 SEND 4} Message(Share)
inp.3 << 19:07:05.123 [main] INFO Env - @{3 RCVD 2} Message(Share)
inp.3 << 19:07:05.123 [main] INFO Env - @{3 LOCKED}
out.3 >> unlock
inp.4 << 19:07:05.123 [main] INFO Env - @{4 RCVD 1} Message(Share)
inp.4 << 19:07:05.123 [main] INFO Env - @{4 RCVD 2} Message(Share)
inp.3 << 19:07:05.123 [main] INFO Env - @{3 UNLOCKED}
inp.3 << 19:07:05.123 [main] INFO Env - @{3 SEND 4} Message(Share)
inp.4 << 19:07:05.123 [main] INFO Env - @{4 RCVD 3} Message(Share)
inp.4 << 19:07:05.123 [main] INFO Env - @{4 LOCKED}
out.4 >> unlock
inp.4 << 19:07:05.123 [main] INFO Env - @{4 UNLOCKED}
out.1 >> ping
out.2 >> ping
out.3 >> ping
out.4 >> ping
out.5 >> ping
inp.5 << 19:07:05.123 [main] INFO Env - @{5 PONG}
inp.3 << 19:07:05.124 [main] INFO Env - @{3 PONG}
inp.2 << 19:07:05.124 [main] INFO Env - @{2 PONG}
inp.1 << 19:07:05.124 [main] INFO Env - @{1 PONG}
inp.4 << 19:07:05.124 [main] INFO Env - @{4 PONG}
out.1 >> lock
inp.1 << 19:07:05.124 [main] INFO Env - @{1 SEND 2} Message(Ask)
inp.2 << 19:07:05.124 [main] INFO Env - @{2 RCVD 1} Message(Ask)
inp.1 << 19:07:05.124 [main] INFO Env - @{1 SEND 3} Message(Ask)
inp.2 << 19:07:05.124 [main] INFO Env - @{2 SEND 1} Message(Share)
inp.3 << 19:07:05.124 [main] INFO Env - @{3 RCVD 1} Message(Ask)
inp.1 << 19:07:05.124 [main] INFO Env - @{1 SEND 4} Message(Ask)
inp.3 << 19:07:05.124 [main] INFO Env - @{3 SEND 1} Message(Share)
inp.1 << 19:07:05.124 [main] INFO Env - @{1 RCVD 2} Message(Share)
inp.1 << 19:07:05.124 [main] INFO Env - @{1 RCVD 3} Message(Share)
inp.4 << 19:07:05.124 [main] INFO Env - @{4 RCVD 1} Message(Ask)
inp.4 << 19:07:05.124 [main] INFO Env - @{4 SEND 1} Message(Share)
inp.1 << 19:07:05.124 [main] INFO Env - @{1 RCVD 4} Message(Share)
inp.1 << 19:07:05.125 [main] INFO Env - @{1 LOCKED}
out.1 >> unlock
inp.1 << 19:07:05.125 [main] INFO Env - @{1 UNLOCKED}
out.1 >> ping
out.2 >> ping
out.3 >> ping
out.4 >> ping
out.5 >> ping
inp.2 << 19:07:05.125 [main] INFO Env - @{2 PONG}
inp.5 << 19:07:05.125 [main] INFO Env - @{5 PONG}
inp.3 << 19:07:05.125 [main] INFO Env - @{3 PONG}
inp.1 << 19:07:05.125 [main] INFO Env - @{1 PONG}
inp.4 << 19:07:05.125 [main] INFO Env - @{4 PONG}
out.1 >> lock
inp.1 << 19:07:05.125 [main] INFO Env - @{1 LOCKED}
out.1 >> unlock
inp.1 << 19:07:05.125 [main] INFO Env - @{1 UNLOCKED}
out.1 >> ping
out.2 >> ping
out.3 >> ping
out.4 >> ping
out.5 >> ping
inp.5 << 19:07:05.126 [main] INFO Env - @{5 PONG}
inp.3 << 19:07:05.126 [main] INFO Env - @{3 PONG}
inp.2 << 19:07:05.126 [main] INFO Env - @{2 PONG}
inp.1 << 19:07:05.126 [main] INFO Env - @{1 PONG}
inp.4 << 19:07:05.126 [main] INFO Env - @{4 PONG}
out.1 >> lock
inp.1 << 19:07:05.126 [main] INFO Env - @{1 LOCKED}
out.1 >> unlock
inp.1 << 19:07:05.126 [main] INFO Env - @{1 UNLOCKED}
out.1 >> ping
out.2 >> ping
out.3 >> ping
out.4 >> ping
out.5 >> ping
inp.5 << 19:07:05.126 [main] INFO Env - @{5 PONG}
inp.3 << 19:07:05.126 [main] INFO Env - @{3 PONG}
inp.2 << 19:07:05.126 [main] INFO Env - @{2 PONG}
inp.1 << 19:07:05.126 [main] INFO Env - @{1 PONG}
inp.4 << 19:07:05.127 [main] INFO Env - @{4 PONG}
out.1 >> lock
out.5 >> lock
inp.5 << 19:07:05.127 [main] INFO Env - @{5 SEND 1} Message(Ask)
inp.5 << 19:07:05.127 [main] INFO Env - @{5 SEND 2} Message(Ask)
inp.5 << 19:07:05.127 [main] INFO Env - @{5 SEND 3} Message(Ask)
inp.5 << 19:07:05.127 [main] INFO Env - @{5 SEND 4} Message(Ask)
inp.2 << 19:07:05.127 [main] INFO Env - @{2 RCVD 5} Message(Ask)
inp.2 << 19:07:05.127 [main] INFO Env - @{2 SEND 5} Message(Share)
inp.3 << 19:07:05.127 [main] INFO Env - @{3 RCVD 5} Message(Ask)
inp.3 << 19:07:05.127 [main] INFO Env - @{3 SEND 5} Message(Share)
inp.1 << 19:07:05.127 [main] INFO Env - @{1 LOCKED}
inp.1 << 19:07:05.127 [main] INFO Env - @{1 RCVD 5} Message(Ask)
inp.4 << 19:07:05.127 [main] INFO Env - @{4 RCVD 5} Message(Ask)
out.1 >> unlock
inp.4 << 19:07:05.127 [main] INFO Env - @{4 SEND 5} Message(Share)
inp.5 << 19:07:05.127 [main] INFO Env - @{5 RCVD 2} Message(Share)
inp.5 << 19:07:05.127 [main] INFO Env - @{5 RCVD 3} Message(Share)
inp.5 << 19:07:05.127 [main] INFO Env - @{5 RCVD 4} Message(Share)
inp.1 << 19:07:05.127 [main] INFO Env - @{1 UNLOCKED}
inp.1 << 19:07:05.127 [main] INFO Env - @{1 SEND 5} Message(Share)
inp.5 << 19:07:05.127 [main] INFO Env - @{5 RCVD 1} Message(Share)
inp.5 << 19:07:05.127 [main] INFO Env - @{5 LOCKED}
out.5 >> unlock
inp.5 << 19:07:05.127 [main] INFO Env - @{5 UNLOCKED}
out.1 >> ping
out.2 >> ping
out.3 >> ping
out.4 >> ping
out.5 >> ping
inp.3 << 19:07:05.128 [main] INFO Env - @{3 PONG}
inp.5 << 19:07:05.128 [main] INFO Env - @{5 PONG}
inp.2 << 19:07:05.128 [main] INFO Env - @{2 PONG}
inp.1 << 19:07:05.128 [main] INFO Env - @{1 PONG}
inp.4 << 19:07:05.128 [main] INFO Env - @{4 PONG}
out.1 >> lock
out.5 >> lock
inp.5 << 19:07:05.128 [main] INFO Env - @{5 LOCKED}
inp.1 << 19:07:05.128 [main] INFO Env - @{1 SEND 5} Message(Ask)
out.5 >> unlock
inp.5 << 19:07:05.128 [main] INFO Env - @{5 RCVD 1} Message(Ask)
inp.5 << 19:07:05.128 [main] INFO Env - @{5 UNLOCKED}
inp.5 << 19:07:05.128 [main] INFO Env - @{5 SEND 1} Message(Share)
inp.1 << 19:07:05.128 [main] INFO Env - @{1 RCVD 5} Message(Share)
inp.1 << 19:07:05.128 [main] INFO Env - @{1 LOCKED}
out.1 >> unlock
inp.1 << 19:07:05.128 [main] INFO Env - @{1 UNLOCKED}
out.1 >> ping
out.2 >> ping
out.3 >> ping
out.4 >> ping
out.5 >> ping
inp.5 << 19:07:05.129 [main] INFO Env - @{5 PONG}
inp.3 << 19:07:05.129 [main] INFO Env - @{3 PONG}
inp.2 << 19:07:05.129 [main] INFO Env - @{2 PONG}
inp.1 << 19:07:05.129 [main] INFO Env - @{1 PONG}
inp.4 << 19:07:05.129 [main] INFO Env - @{4 PONG}
out.1 >> lock
out.5 >> lock
inp.5 << 19:07:05.129 [main] INFO Env - @{5 SEND 1} Message(Ask)
inp.1 << 19:07:05.129 [main] INFO Env - @{1 LOCKED}
out.1 >> unlock
inp.1 << 19:07:05.129 [main] INFO Env - @{1 RCVD 5} Message(Ask)
inp.1 << 19:07:05.129 [main] INFO Env - @{1 UNLOCKED}
inp.1 << 19:07:05.129 [main] INFO Env - @{1 SEND 5} Message(Share)
inp.5 << 19:07:05.129 [main] INFO Env - @{5 RCVD 1} Message(Share)
inp.5 << 19:07:05.129 [main] INFO Env - @{5 LOCKED}
out.5 >> unlock
inp.5 << 19:07:05.130 [main] INFO Env - @{5 UNLOCKED}
out.1 >> ping
out.2 >> ping
out.3 >> ping
out.4 >> ping
out.5 >> ping
inp.5 << 19:07:05.130 [main] INFO Env - @{5 PONG}
inp.3 << 19:07:05.130 [main] INFO Env - @{3 PONG}
inp.2 << 19:07:05.130 [main] INFO Env - @{2 PONG}
inp.1 << 19:07:05.130 [main] INFO Env - @{1 PONG}
inp.4 << 19:07:05.130 [main] INFO Env - @{4 PONG}
out.1 >> ping
out.2 >> ping
out.3 >> ping
out.4 >> ping
out.5 >> ping
inp.5 << 19:07:05.130 [main] INFO Env - @{5 PONG}
inp.3 << 19:07:05.130 [main] INFO Env - @{3 PONG}
inp.2 << 19:07:05.130 [main] INFO Env - @{2 PONG}
inp.1 << 19:07:05.130 [main] INFO Env - @{1 PONG}
inp.4 << 19:07:05.130 [main] INFO Env - @{4 PONG}
out.1 >> lock
inp.1 << 19:07:05.130 [main] INFO Env - @{1 SEND 5} Message(Ask)
inp.5 << 19:07:05.131 [main] INFO Env - @{5 RCVD 1} Message(Ask)
inp.5 << 19:07:05.131 [main] INFO Env - @{5 SEND 1} Message(Share)
inp.1 << 19:07:05.131 [main] INFO Env - @{1 RCVD 5} Message(Share)
inp.1 << 19:07:05.131 [main] INFO Env - @{1 LOCKED}
out.1 >> unlock
inp.1 << 19:07:05.131 [main] INFO Env - @{1 UNLOCKED}
out.1 >> ping
out.2 >> ping
out.3 >> ping
out.4 >> ping
out.5 >> ping
inp.5 << 19:07:05.131 [main] INFO Env - @{5 PONG}
inp.3 << 19:07:05.131 [main] INFO Env - @{3 PONG}
inp.2 << 19:07:05.131 [main] INFO Env - @{2 PONG}
inp.1 << 19:07:05.131 [main] INFO Env - @{1 PONG}
inp.4 << 19:07:05.131 [main] INFO Env - @{4 PONG}
out.2 >> lock
inp.2 << 19:07:05.131 [main] INFO Env - @{2 SEND 1} Message(Ask)
inp.2 << 19:07:05.131 [main] INFO Env - @{2 SEND 3} Message(Ask)
inp.2 << 19:07:05.132 [main] INFO Env - @{2 SEND 4} Message(Ask)
inp.3 << 19:07:05.132 [main] INFO Env - @{3 RCVD 2} Message(Ask)
inp.3 << 19:07:05.132 [main] INFO Env - @{3 SEND 2} Message(Share)
inp.2 << 19:07:05.132 [main] INFO Env - @{2 SEND 5} Message(Ask)
inp.2 << 19:07:05.132 [main] INFO Env - @{2 RCVD 3} Message(Share)
inp.5 << 19:07:05.132 [main] INFO Env - @{5 RCVD 2} Message(Ask)
inp.1 << 19:07:05.132 [main] INFO Env - @{1 RCVD 2} Message(Ask)
inp.1 << 19:07:05.132 [main] INFO Env - @{1 SEND 2} Message(Share)
inp.5 << 19:07:05.132 [main] INFO Env - @{5 SEND 2} Message(Share)
inp.4 << 19:07:05.132 [main] INFO Env - @{4 RCVD 2} Message(Ask)
inp.4 << 19:07:05.132 [main] INFO Env - @{4 SEND 2} Message(Share)
inp.2 << 19:07:05.132 [main] INFO Env - @{2 RCVD 5} Message(Share)
inp.2 << 19:07:05.132 [main] INFO Env - @{2 RCVD 1} Message(Share)
inp.2 << 19:07:05.132 [main] INFO Env - @{2 RCVD 4} Message(Share)
inp.2 << 19:07:05.132 [main] INFO Env - @{2 LOCKED}
out.2 >> unlock
inp.2 << 19:07:05.132 [main] INFO Env - @{2 UNLOCKED}
out.1 >> ping
out.2 >> ping
out.3 >> ping
out.4 >> ping
out.5 >> ping
inp.3 << 19:07:05.132 [main] INFO Env - @{3 PONG}
inp.5 << 19:07:05.132 [main] INFO Env - @{5 PONG}
inp.2 << 19:07:05.132 [main] INFO Env - @{2 PONG}
inp.1 << 19:07:05.132 [main] INFO Env - @{1 PONG}
inp.4 << 19:07:05.133 [main] INFO Env - @{4 PONG}
out.3 >> lock
inp.3 << 19:07:05.133 [main] INFO Env - @{3 SEND 1} Message(Ask)
inp.3 << 19:07:05.133 [main] INFO Env - @{3 SEND 2} Message(Ask)
inp.3 << 19:07:05.133 [main] INFO Env - @{3 SEND 4} Message(Ask)
inp.3 << 19:07:05.133 [main] INFO Env - @{3 SEND 5} Message(Ask)
inp.2 << 19:07:05.133 [main] INFO Env - @{2 RCVD 3} Message(Ask)
inp.2 << 19:07:05.133 [main] INFO Env - @{2 SEND 3} Message(Share)
inp.5 << 19:07:05.134 [main] INFO Env - @{5 RCVD 3} Message(Ask)
inp.5 << 19:07:05.134 [main] INFO Env - @{5 SEND 3} Message(Share)
inp.3 << 19:07:05.134 [main] INFO Env - @{3 RCVD 2} Message(Share)
inp.3 << 19:07:05.134 [main] INFO Env - @{3 RCVD 5} Message(Share)
inp.1 << 19:07:05.134 [main] INFO Env - @{1 RCVD 3} Message(Ask)
inp.1 << 19:07:05.134 [main] INFO Env - @{1 SEND 3} Message(Share)
inp.4 << 19:07:05.134 [main] INFO Env - @{4 RCVD 3} Message(Ask)
inp.3 << 19:07:05.134 [main] INFO Env - @{3 RCVD 1} Message(Share)
inp.4 << 19:07:05.134 [main] INFO Env - @{4 SEND 3} Message(Share)
inp.3 << 19:07:05.134 [main] INFO Env - @{3 RCVD 4} Message(Share)
inp.3 << 19:07:05.134 [main] INFO Env - @{3 LOCKED}
out.3 >> unlock
inp.3 << 19:07:05.134 [main] INFO Env - @{3 UNLOCKED}
out.1 >> ping
out.2 >> ping
out.3 >> ping
out.4 >> ping
out.5 >> ping
inp.5 << 19:07:05.134 [main] INFO Env - @{5 PONG}
inp.3 << 19:07:05.134 [main] INFO Env - @{3 PONG}
inp.2 << 19:07:05.135 [main] INFO Env - @{2 PONG}
inp.1 << 19:07:05.135 [main] INFO Env - @{1 PONG}
inp.4 << 19:07:05.135 [main] INFO Env - @{4 PONG}
out.4 >> lock
inp.4 << 19:07:05.135 [main] INFO Env - @{4 SEND 1} Message(Ask)
inp.4 << 19:07:05.135 [main] INFO Env - @{4 SEND 2} Message(Ask)
inp.4 << 19:07:05.135 [main] INFO Env - @{4 SEND 3} Message(Ask)
inp.3 << 19:07:05.135 [main] INFO Env - @{3 RCVD 4} Message(Ask)
inp.2 << 19:07:05.135 [main] INFO Env - @{2 RCVD 4} Message(Ask)
inp.2 << 19:07:05.135 [main] INFO Env - @{2 SEND 4} Message(Share)
inp.3 << 19:07:05.135 [main] INFO Env - @{3 SEND 4} Message(Share)
inp.4 << 19:07:05.135 [main] INFO Env - @{4 SEND 5} Message(Ask)
inp.4 << 19:07:05.135 [main] INFO Env - @{4 RCVD 2} Message(Share)
inp.4 << 19:07:05.135 [main] INFO Env - @{4 RCVD 3} Message(Share)
inp.1 << 19:07:05.135 [main] INFO Env - @{1 RCVD 4} Message(Ask)
inp.1 << 19:07:05.135 [main] INFO Env - @{1 SEND 4} Message(Share)
inp.5 << 19:07:05.135 [main] INFO Env - @{5 RCVD 4} Message(Ask)
inp.5 << 19:07:05.135 [main] INFO Env - @{5 SEND 4} Message(Share)
inp.4 << 19:07:05.135 [main] INFO Env - @{4 RCVD 1} Message(Share)
inp.4 << 19:07:05.136 [main] INFO Env - @{4 RCVD 5} Message(Share)
inp.4 << 19:07:05.136 [main] INFO Env - @{4 LOCKED}
out.4 >> unlock
inp.4 << 19:07:05.136 [main] INFO Env - @{4 UNLOCKED}
out.1 >> ping
out.2 >> ping
out.3 >> ping
out.4 >> ping
out.5 >> ping
inp.3 << 19:07:05.136 [main] INFO Env - @{3 PONG}
inp.2 << 19:07:05.136 [main] INFO Env - @{2 PONG}
inp.5 << 19:07:05.136 [main] INFO Env - @{5 PONG}
inp.4 << 19:07:05.136 [main] INFO Env - @{4 PONG}
inp.1 << 19:07:05.136 [main] INFO Env - @{1 PONG}
out.5 >> lock
inp.5 << 19:07:05.136 [main] INFO Env - @{5 SEND 1} Message(Ask)
inp.5 << 19:07:05.136 [main] INFO Env - @{5 SEND 2} Message(Ask)
inp.5 << 19:07:05.136 [main] INFO Env - @{5 SEND 3} Message(Ask)
inp.1 << 19:07:05.136 [main] INFO Env - @{1 RCVD 5} Message(Ask)
inp.1 << 19:07:05.136 [main] INFO Env - @{1 SEND 5} Message(Share)
inp.2 << 19:07:05.136 [main] INFO Env - @{2 RCVD 5} Message(Ask)
inp.2 << 19:07:05.136 [main] INFO Env - @{2 SEND 5} Message(Share)
inp.5 << 19:07:05.136 [main] INFO Env - @{5 SEND 4} Message(Ask)
inp.5 << 19:07:05.137 [main] INFO Env - @{5 RCVD 1} Message(Share)
inp.5 << 19:07:05.137 [main] INFO Env - @{5 RCVD 2} Message(Share)
inp.3 << 19:07:05.137 [main] INFO Env - @{3 RCVD 5} Message(Ask)
inp.4 << 19:07:05.137 [main] INFO Env - @{4 RCVD 5} Message(Ask)
inp.4 << 19:07:05.137 [main] INFO Env - @{4 SEND 5} Message(Share)
inp.5 << 19:07:05.137 [main] INFO Env - @{5 RCVD 3} Message(Share)
inp.5 << 19:07:05.137 [main] INFO Env - @{5 RCVD 4} Message(Share)
inp.3 << 19:07:05.137 [main] INFO Env - @{3 SEND 5} Message(Share)
inp.5 << 19:07:05.137 [main] INFO Env - @{5 LOCKED}
out.5 >> unlock
inp.5 << 19:07:05.137 [main] INFO Env - @{5 UNLOCKED}
out.1 >> ping
out.2 >> ping
out.3 >> ping
out.4 >> ping
out.5 >> ping
inp.5 << 19:07:05.137 [main] INFO Env - @{5 PONG}
inp.3 << 19:07:05.137 [main] INFO Env - @{3 PONG}
inp.4 << 19:07:05.137 [main] INFO Env - @{4 PONG}
inp.2 << 19:07:05.137 [main] INFO Env - @{2 PONG}
inp.1 << 19:07:05.137 [main] INFO Env - @{1 PONG}
out.3 >> lock
out.1 >> lock
out.4 >> lock
out.2 >> lock
out.5 >> lock
inp.5 << 19:07:05.138 [main] INFO Env - @{5 LOCKED}
inp.3 << 19:07:05.138 [main] INFO Env - @{3 SEND 4} Message(Ask)
inp.3 << 19:07:05.138 [main] INFO Env - @{3 SEND 5} Message(Ask)
inp.2 << 19:07:05.138 [main] INFO Env - @{2 SEND 3} Message(Ask)
out.5 >> unlock
inp.5 << 19:07:05.138 [main] INFO Env - @{5 RCVD 3} Message(Ask)
inp.2 << 19:07:05.138 [main] INFO Env - @{2 SEND 4} Message(Ask)
inp.2 << 19:07:05.138 [main] INFO Env - @{2 SEND 5} Message(Ask)
inp.5 << 19:07:05.138 [main] INFO Env - @{5 UNLOCKED}
inp.5 << 19:07:05.138 [main] INFO Env - @{5 SEND 3} Message(Share)
inp.3 << 19:07:05.138 [main] INFO Env - @{3 RCVD 2} Message(Ask)
inp.3 << 19:07:05.138 [main] INFO Env - @{3 SEND 2} Message(Share)
inp.5 << 19:07:05.138 [main] INFO Env - @{5 RCVD 2} Message(Ask)
inp.5 << 19:07:05.138 [main] INFO Env - @{5 SEND 2} Message(Share)
inp.3 << 19:07:05.138 [main] INFO Env - @{3 SEND 2} Message(Ask)
inp.2 << 19:07:05.138 [main] INFO Env - @{2 RCVD 3} Message(Share)
inp.1 << 19:07:05.138 [main] INFO Env - @{1 SEND 2} Message(Ask)
inp.2 << 19:07:05.138 [main] INFO Env - @{2 RCVD 5} Message(Share)
inp.3 << 19:07:05.138 [main] INFO Env - @{3 RCVD 5} Message(Share)
inp.2 << 19:07:05.138 [main] INFO Env - @{2 RCVD 3} Message(Ask)
inp.1 << 19:07:05.138 [main] INFO Env - @{1 SEND 3} Message(Ask)
inp.2 << 19:07:05.138 [main] INFO Env - @{2 RCVD 1} Message(Ask)
inp.2 << 19:07:05.138 [main] INFO Env - @{2 SEND 1} Message(Share)
inp.2 << 19:07:05.138 [main] INFO Env - @{2 SEND 1} Message(Ask)
inp.3 << 19:07:05.138 [main] INFO Env - @{3 RCVD 1} Message(Ask)
inp.1 << 19:07:05.138 [main] INFO Env - @{1 SEND 4} Message(Ask)
inp.3 << 19:07:05.138 [main] INFO Env - @{3 SEND 1} Message(Share)
inp.4 << 19:07:05.138 [main] INFO Env - @{4 SEND 5} Message(Ask)
inp.3 << 19:07:05.139 [main] INFO Env - @{3 SEND 1} Message(Ask)
inp.5 << 19:07:05.139 [main] INFO Env - @{5 RCVD 4} Message(Ask)
inp.4 << 19:07:05.139 [main] INFO Env - @{4 RCVD 3} Message(Ask)
inp.5 << 19:07:05.139 [main] INFO Env - @{5 SEND 4} Message(Share)
inp.2 << 19:07:05.139 [main] INFO Env - @{2 RCVD 4} Message(Share)
inp.2 << 19:07:05.139 [main] INFO Env - @{2 RCVD 4} Message(Ask)
inp.4 << 19:07:05.139 [main] INFO Env - @{4 SEND 3} Message(Share)
inp.4 << 19:07:05.139 [main] INFO Env - @{4 SEND 3} Message(Ask)
inp.4 << 19:07:05.139 [main] INFO Env - @{4 RCVD 2} Message(Ask)
inp.4 << 19:07:05.139 [main] INFO Env - @{4 SEND 2} Message(Share)
inp.4 << 19:07:05.139 [main] INFO Env - @{4 SEND 2} Message(Ask)
inp.1 << 19:07:05.139 [main] INFO Env - @{1 SEND 5} Message(Ask)
inp.4 << 19:07:05.139 [main] INFO Env - @{4 RCVD 1} Message(Ask)
inp.1 << 19:07:05.139 [main] INFO Env - @{1 RCVD 2} Message(Share)
inp.1 << 19:07:05.139 [main] INFO Env - @{1 RCVD 2} Message(Ask)
inp.3 << 19:07:05.139 [main] INFO Env - @{3 RCVD 4} Message(Share)
inp.4 << 19:07:05.139 [main] INFO Env - @{4 SEND 1} Message(Share)
inp.4 << 19:07:05.139 [main] INFO Env - @{4 SEND 1} Message(Ask)
inp.4 << 19:07:05.139 [main] INFO Env - @{4 RCVD 5} Message(Share)
inp.5 << 19:07:05.139 [main] INFO Env - @{5 RCVD 1} Message(Ask)
inp.5 << 19:07:05.139 [main] INFO Env - @{5 SEND 1} Message(Share)
inp.1 << 19:07:05.139 [main] INFO Env - @{1 RCVD 3} Message(Share)
inp.3 << 19:07:05.139 [main] INFO Env - @{3 RCVD 4} Message(Ask)
inp.1 << 19:07:05.139 [main] INFO Env - @{1 RCVD 3} Message(Ask)
inp.1 << 19:07:05.139 [main] INFO Env - @{1 RCVD 4} Message(Share)
inp.1 << 19:07:05.139 [main] INFO Env - @{1 RCVD 4} Message(Ask)
inp.1 << 19:07:05.139 [main] INFO Env - @{1 RCVD 5} Message(Share)
inp.1 << 19:07:05.139 [main] INFO Env - @{1 LOCKED}
out.1 >> unlock
inp.1 << 19:07:05.139 [main] INFO Env - @{1 UNLOCKED}
inp.1 << 19:07:05.139 [main] INFO Env - @{1 SEND 2} Message(Share)
inp.1 << 19:07:05.139 [main] INFO Env - @{1 SEND 3} Message(Share)
inp.1 << 19:07:05.139 [main] INFO Env - @{1 SEND 4} Message(Share)
inp.2 << 19:07:05.140 [main] INFO Env - @{2 RCVD 1} Message(Share)
inp.3 << 19:07:05.140 [main] INFO Env - @{3 RCVD 1} Message(Share)
inp.2 << 19:07:05.140 [main] INFO Env - @{2 LOCKED}
out.2 >> unlock
inp.4 << 19:07:05.140 [main] INFO Env - @{4 RCVD 1} Message(Share)
inp.2 << 19:07:05.140 [main] INFO Env - @{2 UNLOCKED}
inp.2 << 19:07:05.140 [main] INFO Env - @{2 SEND 3} Message(Share)
inp.2 << 19:07:05.140 [main] INFO Env - @{2 SEND 4} Message(Share)
inp.3 << 19:07:05.140 [main] INFO Env - @{3 RCVD 2} Message(Share)
inp.4 << 19:07:05.140 [main] INFO Env - @{4 RCVD 2} Message(Share)
inp.3 << 19:07:05.140 [main] INFO Env - @{3 LOCKED}
out.3 >> unlock
inp.3 << 19:07:05.140 [main] INFO Env - @{3 UNLOCKED}
inp.3 << 19:07:05.140 [main] INFO Env - @{3 SEND 4} Message(Share)
inp.4 << 19:07:05.140 [main] INFO Env - @{4 RCVD 3} Message(Share)
inp.4 << 19:07:05.140 [main] INFO Env - @{4 LOCKED}
out.4 >> unlock
inp.4 << 19:07:05.140 [main] INFO Env - @{4 UNLOCKED}
out.1 >> ping
out.2 >> ping
out.3 >> ping
out.4 >> ping
out.5 >> ping
inp.5 << 19:07:05.141 [main] INFO Env - @{5 PONG}
inp.3 << 19:07:05.141 [main] INFO Env - @{3 PONG}
inp.2 << 19:07:05.141 [main] INFO Env - @{2 PONG}
inp.1 << 19:07:05.141 [main] INFO Env - @{1 PONG}
inp.4 << 19:07:05.141 [main] INFO Env - @{4 PONG}
out.4 >> lock
inp.4 << 19:07:05.141 [main] INFO Env - @{4 LOCKED}
out.4 >> unlock
inp.4 << 19:07:05.142 [main] INFO Env - @{4 UNLOCKED}
out.1 >> ping
out.2 >> ping
out.3 >> ping
out.4 >> ping
out.5 >> ping
inp.5 << 19:07:05.142 [main] INFO Env - @{5 PONG}
inp.3 << 19:07:05.142 [main] INFO Env - @{3 PONG}
inp.2 << 19:07:05.142 [main] INFO Env - @{2 PONG}
inp.1 << 19:07:05.142 [main] INFO Env - @{1 PONG}
inp.4 << 19:07:05.142 [main] INFO Env - @{4 PONG}
out.4 >> lock
inp.4 << 19:07:05.143 [main] INFO Env - @{4 LOCKED}
out.4 >> unlock
inp.4 << 19:07:05.143 [main] INFO Env - @{4 UNLOCKED}
out.1 >> ping
out.2 >> ping
out.3 >> ping
out.4 >> ping
out.5 >> ping
inp.5 << 19:07:05.143 [main] INFO Env - @{5 PONG}
inp.3 << 19:07:05.143 [main] INFO Env - @{3 PONG}
inp.2 << 19:07:05.143 [main] INFO Env - @{2 PONG}
inp.4 << 19:07:05.143 [main] INFO Env - @{4 PONG}
inp.1 << 19:07:05.143 [main] INFO Env - @{1 PONG}
out.4 >> lock
inp.4 << 19:07:05.143 [main] INFO Env - @{4 LOCKED}
out.4 >> unlock
inp.4 << 19:07:05.143 [main] INFO Env - @{4 UNLOCKED}
out.1 >> ping
out.2 >> ping
out.3 >> ping
out.4 >> ping
out.5 >> ping
inp.5 << 19:07:05.144 [main] INFO Env - @{5 PONG}
inp.2 << 19:07:05.144 [main] INFO Env - @{2 PONG}
inp.3 << 19:07:05.144 [main] INFO Env - @{3 PONG}
inp.1 << 19:07:05.144 [main] INFO Env - @{1 PONG}
inp.4 << 19:07:05.144 [main] INFO Env - @{4 PONG}
out.4 >> lock
out.5 >> lock
inp.4 << 19:07:05.144 [main] INFO Env - @{4 LOCKED}
out.4 >> unlock
inp.5 << 19:07:05.144 [main] INFO Env - @{5 SEND 1} Message(Ask)
inp.5 << 19:07:05.144 [main] INFO Env - @{5 SEND 2} Message(Ask)
inp.5 << 19:07:05.144 [main] INFO Env - @{5 SEND 3} Message(Ask)
inp.5 << 19:07:05.144 [main] INFO Env - @{5 SEND 4} Message(Ask)
inp.4 << 19:07:05.144 [main] INFO Env - @{4 UNLOCKED}
inp.2 << 19:07:05.144 [main] INFO Env - @{2 RCVD 5} Message(Ask)
inp.2 << 19:07:05.145 [main] INFO Env - @{2 SEND 5} Message(Share)
inp.3 << 19:07:05.145 [main] INFO Env - @{3 RCVD 5} Message(Ask)
inp.3 << 19:07:05.145 [main] INFO Env - @{3 SEND 5} Message(Share)
inp.1 << 19:07:05.145 [main] INFO Env - @{1 RCVD 5} Message(Ask)
inp.1 << 19:07:05.145 [main] INFO Env - @{1 SEND 5} Message(Share)
inp.5 << 19:07:05.145 [main] INFO Env - @{5 RCVD 2} Message(Share)
inp.5 << 19:07:05.145 [main] INFO Env - @{5 RCVD 3} Message(Share)
inp.4 << 19:07:05.145 [main] INFO Env - @{4 RCVD 5} Message(Ask)
inp.5 << 19:07:05.145 [main] INFO Env - @{5 RCVD 1} Message(Share)
inp.4 << 19:07:05.145 [main] INFO Env - @{4 SEND 5} Message(Share)
inp.5 << 19:07:05.145 [main] INFO Env - @{5 RCVD 4} Message(Share)
inp.5 << 19:07:05.145 [main] INFO Env - @{5 LOCKED}
out.5 >> unlock
inp.5 << 19:07:05.145 [main] INFO Env - @{5 UNLOCKED}
out.1 >> ping
out.2 >> ping
out.3 >> ping
out.4 >> ping
out.5 >> ping
inp.3 << 19:07:05.145 [main] INFO Env - @{3 PONG}
inp.2 << 19:07:05.145 [main] INFO Env - @{2 PONG}
inp.5 << 19:07:05.145 [main] INFO Env - @{5 PONG}
inp.4 << 19:07:05.145 [main] INFO Env - @{4 PONG}
inp.1 << 19:07:05.145 [main] INFO Env - @{1 PONG}
out.4 >> lock
out.5 >> lock
inp.5 << 19:07:05.146 [main] INFO Env - @{5 LOCKED}
out.5 >> unlock
inp.4 << 19:07:05.146 [main] INFO Env - @{4 SEND 5} Message(Ask)
inp.5 << 19:07:05.146 [main] INFO Env - @{5 UNLOCKED}
inp.5 << 19:07:05.147 [main] INFO Env - @{5 RCVD 4} Message(Ask)
inp.5 << 19:07:05.147 [main] INFO Env - @{5 SEND 4} Message(Share)
inp.4 << 19:07:05.147 [main] INFO Env - @{4 RCVD 5} Message(Share)
inp.4 << 19:07:05.147 [main] INFO Env - @{4 LOCKED}
out.4 >> unlock
inp.4 << 19:07:05.147 [main] INFO Env - @{4 UNLOCKED}
out.1 >> ping
out.2 >> ping
out.3 >> ping
out.4 >> ping
out.5 >> ping
inp.5 << 19:07:05.148 [main] INFO Env - @{5 PONG}
inp.3 << 19:07:05.148 [main] INFO Env - @{3 PONG}
inp.2 << 19:07:05.148 [main] INFO Env - @{2 PONG}
inp.1 << 19:07:05.148 [main] INFO Env - @{1 PONG}
inp.4 << 19:07:05.148 [main] INFO Env - @{4 PONG}
out.4 >> lock
out.5 >> lock
inp.5 << 19:07:05.148 [main] INFO Env - @{5 SEND 4} Message(Ask)
inp.4 << 19:07:05.148 [main] INFO Env - @{4 LOCKED}
inp.4 << 19:07:05.148 [main] INFO Env - @{4 RCVD 5} Message(Ask)
out.4 >> unlock
inp.4 << 19:07:05.149 [main] INFO Env - @{4 UNLOCKED}
inp.4 << 19:07:05.149 [main] INFO Env - @{4 SEND 5} Message(Share)
inp.5 << 19:07:05.149 [main] INFO Env - @{5 RCVD 4} Message(Share)
inp.5 << 19:07:05.149 [main] INFO Env - @{5 LOCKED}
out.5 >> unlock
inp.5 << 19:07:05.149 [main] INFO Env - @{5 UNLOCKED}
out.1 >> ping
out.2 >> ping
out.3 >> ping
out.4 >> ping
out.5 >> ping
inp.5 << 19:07:05.149 [main] INFO Env - @{5 PONG}
inp.3 << 19:07:05.149 [main] INFO Env - @{3 PONG}
inp.2 << 19:07:05.150 [main] INFO Env - @{2 PONG}
inp.1 << 19:07:05.150 [main] INFO Env - @{1 PONG}
inp.4 << 19:07:05.150 [main] INFO Env - @{4 PONG}
out.1 >> ping
out.2 >> ping
out.3 >> ping
out.4 >> ping
out.5 >> ping
inp.5 << 19:07:05.150 [main] INFO Env - @{5 PONG}
inp.3 << 19:07:05.151 [main] INFO Env - @{3 PONG}
inp.1 << 19:07:05.151 [main] INFO Env - @{1 PONG}
inp.2 << 19:07:05.151 [main] INFO Env - @{2 PONG}
inp.4 << 19:07:05.151 [main] INFO Env - @{4 PONG}
out.1 >> lock
inp.1 << 19:07:05.151 [main] INFO Env - @{1 SEND 2} Message(Ask)
inp.1 << 19:07:05.151 [main] INFO Env - @{1 SEND 3} Message(Ask)
inp.2 << 19:07:05.151 [main] INFO Env - @{2 RCVD 1} Message(Ask)
inp.2 << 19:07:05.151 [main] INFO Env - @{2 SEND 1} Message(Share)
inp.1 << 19:07:05.151 [main] INFO Env - @{1 SEND 4} Message(Ask)
inp.3 << 19:07:05.152 [main] INFO Env - @{3 RCVD 1} Message(Ask)
inp.3 << 19:07:05.152 [main] INFO Env - @{3 SEND 1} Message(Share)
inp.1 << 19:07:05.152 [main] INFO Env - @{1 SEND 5} Message(Ask)
inp.5 << 19:07:05.152 [main] INFO Env - @{5 RCVD 1} Message(Ask)
inp.5 << 19:07:05.152 [main] INFO Env - @{5 SEND 1} Message(Share)
inp.1 << 19:07:05.152 [main] INFO Env - @{1 RCVD 2} Message(Share)
inp.1 << 19:07:05.152 [main] INFO Env - @{1 RCVD 3} Message(Share)
inp.4 << 19:07:05.152 [main] INFO Env - @{4 RCVD 1} Message(Ask)
inp.1 << 19:07:05.152 [main] INFO Env - @{1 RCVD 5} Message(Share)
inp.4 << 19:07:05.152 [main] INFO Env - @{4 SEND 1} Message(Share)
inp.1 << 19:07:05.152 [main] INFO Env - @{1 RCVD 4} Message(Share)
inp.1 << 19:07:05.152 [main] INFO Env - @{1 LOCKED}
out.1 >> unlock
inp.1 << 19:07:05.153 [main] INFO Env - @{1 UNLOCKED}
out.1 >> ping
out.2 >> ping
out.3 >> ping
out.4 >> ping
out.5 >> ping
inp.3 << 19:07:05.154 [main] INFO Env - @{3 PONG}
inp.2 << 19:07:05.154 [main] INFO Env - @{2 PONG}
inp.1 << 19:07:05.154 [main] INFO Env - @{1 PONG}
inp.5 << 19:07:05.154 [main] INFO Env - @{5 PONG}
inp.4 << 19:07:05.155 [main] INFO Env - @{4 PONG}
out.2 >> lock
inp.2 << 19:07:05.156 [main] INFO Env - @{2 SEND 1} Message(Ask)
inp.1 << 19:07:05.157 [main] INFO Env - @{1 RCVD 2} Message(Ask)
inp.2 << 19:07:05.157 [main] INFO Env - @{2 SEND 3} Message(Ask)
inp.1 << 19:07:05.157 [main] INFO Env - @{1 SEND 2} Message(Share)
inp.2 << 19:07:05.158 [main] INFO Env - @{2 SEND 4} Message(Ask)
inp.2 << 19:07:05.158 [main] INFO Env - @{2 SEND 5} Message(Ask)
inp.3 << 19:07:05.158 [main] INFO Env - @{3 RCVD 2} Message(Ask)
inp.2 << 19:07:05.158 [main] INFO Env - @{2 RCVD 1} Message(Share)
inp.3 << 19:07:05.159 [main] INFO Env - @{3 SEND 2} Message(Share)
inp.5 << 19:07:05.159 [main] INFO Env - @{5 RCVD 2} Message(Ask)
inp.5 << 19:07:05.160 [main] INFO Env - @{5 SEND 2} Message(Share)
inp.2 << 19:07:05.160 [main] INFO Env - @{2 RCVD 3} Message(Share)
inp.2 << 19:07:05.160 [main] INFO Env - @{2 RCVD 5} Message(Share)
inp.4 << 19:07:05.160 [main] INFO Env - @{4 RCVD 2} Message(Ask)
inp.4 << 19:07:05.160 [main] INFO Env - @{4 SEND 2} Message(Share)
inp.2 << 19:07:05.160 [main] INFO Env - @{2 RCVD 4} Message(Share)
inp.2 << 19:07:05.160 [main] INFO Env - @{2 LOCKED}
out.2 >> unlock
inp.2 << 19:07:05.160 [main] INFO Env - @{2 UNLOCKED}
out.1 >> ping
out.2 >> ping
out.3 >> ping
out.4 >> ping
out.5 >> ping
inp.5 << 19:07:05.160 [main] INFO Env - @{5 PONG}
inp.3 << 19:07:05.160 [main] INFO Env - @{3 PONG}
inp.2 << 19:07:05.160 [main] INFO Env - @{2 PONG}
inp.4 << 19:07:05.160 [main] INFO Env - @{4 PONG}
inp.1 << 19:07:05.160 [main] INFO Env - @{1 PONG}
out.3 >> lock
inp.3 << 19:07:05.161 [main] INFO Env - @{3 SEND 1} Message(Ask)
inp.3 << 19:07:05.161 [main] INFO Env - @{3 SEND 2} Message(Ask)
inp.3 << 19:07:05.161 [main] INFO Env - @{3 SEND 4} Message(Ask)
inp.3 << 19:07:05.161 [main] INFO Env - @{3 SEND 5} Message(Ask)
inp.2 << 19:07:05.161 [main] INFO Env - @{2 RCVD 3} Message(Ask)
inp.2 << 19:07:05.161 [main] INFO Env - @{2 SEND 3} Message(Share)
inp.3 << 19:07:05.161 [main] INFO Env - @{3 RCVD 2} Message(Share)
inp.5 << 19:07:05.161 [main] INFO Env - @{5 RCVD 3} Message(Ask)
inp.5 << 19:07:05.161 [main] INFO Env - @{5 SEND 3} Message(Share)
inp.1 << 19:07:05.161 [main] INFO Env - @{1 RCVD 3} Message(Ask)
inp.1 << 19:07:05.161 [main] INFO Env - @{1 SEND 3} Message(Share)
inp.3 << 19:07:05.161 [main] INFO Env - @{3 RCVD 1} Message(Share)
inp.3 << 19:07:05.161 [main] INFO Env - @{3 RCVD 5} Message(Share)
inp.4 << 19:07:05.161 [main] INFO Env - @{4 RCVD 3} Message(Ask)
inp.4 << 19:07:05.161 [main] INFO Env - @{4 SEND 3} Message(Share)
inp.3 << 19:07:05.161 [main] INFO Env - @{3 RCVD 4} Message(Share)
inp.3 << 19:07:05.161 [main] INFO Env - @{3 LOCKED}
out.3 >> unlock
inp.3 << 19:07:05.161 [main] INFO Env - @{3 UNLOCKED}
out.1 >> ping
out.2 >> ping
out.3 >> ping
out.4 >> ping
out.5 >> ping
inp.3 << 19:07:05.162 [main] INFO Env - @{3 PONG}
inp.5 << 19:07:05.162 [main] INFO Env - @{5 PONG}
inp.2 << 19:07:05.162 [main] INFO Env - @{2 PONG}
inp.4 << 19:07:05.162 [main] INFO Env - @{4 PONG}
inp.1 << 19:07:05.162 [main] INFO Env - @{1 PONG}
out.4 >> lock
inp.4 << 19:07:05.162 [main] INFO Env - @{4 SEND 1} Message(Ask)
inp.4 << 19:07:05.162 [main] INFO Env - @{4 SEND 2} Message(Ask)
inp.4 << 19:07:05.162 [main] INFO Env - @{4 SEND 3} Message(Ask)
inp.4 << 19:07:05.162 [main] INFO Env - @{4 SEND 5} Message(Ask)
inp.3 << 19:07:05.162 [main] INFO Env - @{3 RCVD 4} Message(Ask)
inp.5 << 19:07:05.162 [main] INFO Env - @{5 RCVD 4} Message(Ask)
inp.2 << 19:07:05.162 [main] INFO Env - @{2 RCVD 4} Message(Ask)
inp.1 << 19:07:05.162 [main] INFO Env - @{1 RCVD 4} Message(Ask)
inp.1 << 19:07:05.162 [main] INFO Env - @{1 SEND 4} Message(Share)
inp.5 << 19:07:05.162 [main] INFO Env - @{5 SEND 4} Message(Share)
inp.2 << 19:07:05.162 [main] INFO Env - @{2 SEND 4} Message(Share)
inp.3 << 19:07:05.162 [main] INFO Env - @{3 SEND 4} Message(Share)
inp.4 << 19:07:05.162 [main] INFO Env - @{4 RCVD 3} Message(Share)
inp.4 << 19:07:05.162 [main] INFO Env - @{4 RCVD 2} Message(Share)
inp.4 << 19:07:05.162 [main] INFO Env - @{4 RCVD 5} Message(Share)
inp.4 << 19:07:05.162 [main] INFO Env - @{4 RCVD 1} Message(Share)
inp.4 << 19:07:05.162 [main] INFO Env - @{4 LOCKED}
out.4 >> unlock
inp.4 << 19:07:05.163 [main] INFO Env - @{4 UNLOCKED}
out.1 >> ping
out.2 >> ping
out.3 >> ping
out.4 >> ping
out.5 >> ping
inp.3 << 19:07:05.163 [main] INFO Env - @{3 PONG}
inp.5 << 19:07:05.163 [main] INFO Env - @{5 PONG}
inp.2 << 19:07:05.163 [main] INFO Env - @{2 PONG}
inp.1 << 19:07:05.163 [main] INFO Env - @{1 PONG}
inp.4 << 19:07:05.163 [main] INFO Env - @{4 PONG}
out.5 >> lock
inp.5 << 19:07:05.163 [main] INFO Env - @{5 SEND 1} Message(Ask)
inp.5 << 19:07:05.163 [main] INFO Env - @{5 SEND 2} Message(Ask)
inp.5 << 19:07:05.163 [main] INFO Env - @{5 SEND 3} Message(Ask)
inp.5 << 19:07:05.163 [main] INFO Env - @{5 SEND 4} Message(Ask)
inp.3 << 19:07:05.163 [main] INFO Env - @{3 RCVD 5} Message(Ask)
inp.2 << 19:07:05.163 [main] INFO Env - @{2 RCVD 5} Message(Ask)
inp.1 << 19:07:05.163 [main] INFO Env - @{1 RCVD 5} Message(Ask)
inp.4 << 19:07:05.163 [main] INFO Env - @{4 RCVD 5} Message(Ask)
inp.2 << 19:07:05.163 [main] INFO Env - @{2 SEND 5} Message(Share)
inp.4 << 19:07:05.163 [main] INFO Env - @{4 SEND 5} Message(Share)
inp.1 << 19:07:05.163 [main] INFO Env - @{1 SEND 5} Message(Share)
inp.3 << 19:07:05.163 [main] INFO Env - @{3 SEND 5} Message(Share)
inp.5 << 19:07:05.164 [main] INFO Env - @{5 RCVD 2} Message(Share)
inp.5 << 19:07:05.164 [main] INFO Env - @{5 RCVD 1} Message(Share)
inp.5 << 19:07:05.164 [main] INFO Env - @{5 RCVD 4} Message(Share)
inp.5 << 19:07:05.164 [main] INFO Env - @{5 RCVD 3} Message(Share)
inp.5 << 19:07:05.164 [main] INFO Env - @{5 LOCKED}
out.5 >> unlock
inp.5 << 19:07:05.164 [main] INFO Env - @{5 UNLOCKED}
out.1 >> ping
out.2 >> ping
out.3 >> ping
out.4 >> ping
out.5 >> ping
inp.5 << 19:07:05.164 [main] INFO Env - @{5 PONG}
inp.3 << 19:07:05.164 [main] INFO Env - @{3 PONG}
inp.2 << 19:07:05.164 [main] INFO Env - @{2 PONG}
inp.1 << 19:07:05.164 [main] INFO Env - @{1 PONG}
inp.4 << 19:07:05.164 [main] INFO Env - @{4 PONG}
out.4 >> lock
out.5 >> lock
out.1 >> lock
out.3 >> lock
out.2 >> lock
inp.5 << 19:07:05.165 [main] INFO Env - @{5 LOCKED}
inp.3 << 19:07:05.165 [main] INFO Env - @{3 SEND 4} Message(Ask)
out.5 >> unlock
inp.2 << 19:07:05.165 [main] INFO Env - @{2 SEND 3} Message(Ask)
inp.2 << 19:07:05.165 [main] INFO Env - @{2 SEND 4} Message(Ask)
inp.5 << 19:07:05.165 [main] INFO Env - @{5 UNLOCKED}
inp.2 << 19:07:05.165 [main] INFO Env - @{2 SEND 5} Message(Ask)
inp.3 << 19:07:05.165 [main] INFO Env - @{3 SEND 5} Message(Ask)
inp.3 << 19:07:05.165 [main] INFO Env - @{3 RCVD 2} Message(Ask)
inp.3 << 19:07:05.165 [main] INFO Env - @{3 SEND 2} Message(Share)
inp.5 << 19:07:05.165 [main] INFO Env - @{5 RCVD 2} Message(Ask)
inp.5 << 19:07:05.165 [main] INFO Env - @{5 SEND 2} Message(Share)
inp.3 << 19:07:05.165 [main] INFO Env - @{3 SEND 2} Message(Ask)
inp.5 << 19:07:05.165 [main] INFO Env - @{5 RCVD 3} Message(Ask)
inp.5 << 19:07:05.165 [main] INFO Env - @{5 SEND 3} Message(Share)
inp.2 << 19:07:05.165 [main] INFO Env - @{2 RCVD 5} Message(Share)
inp.2 << 19:07:05.165 [main] INFO Env - @{2 RCVD 3} Message(Share)
inp.2 << 19:07:05.165 [main] INFO Env - @{2 RCVD 3} Message(Ask)
inp.3 << 19:07:05.166 [main] INFO Env - @{3 RCVD 5} Message(Share)
inp.4 << 19:07:05.165 [main] INFO Env - @{4 SEND 5} Message(Ask)
inp.4 << 19:07:05.166 [main] INFO Env - @{4 RCVD 3} Message(Ask)
inp.4 << 19:07:05.166 [main] INFO Env - @{4 SEND 3} Message(Share)
inp.4 << 19:07:05.166 [main] INFO Env - @{4 SEND 3} Message(Ask)
inp.4 << 19:07:05.166 [main] INFO Env - @{4 RCVD 2} Message(Ask)
inp.4 << 19:07:05.166 [main] INFO Env - @{4 SEND 2} Message(Share)
inp.4 << 19:07:05.166 [main] INFO Env - @{4 SEND 2} Message(Ask)
inp.3 << 19:07:05.166 [main] INFO Env - @{3 RCVD 4} Message(Share)
inp.3 << 19:07:05.166 [main] INFO Env - @{3 RCVD 4} Message(Ask)
inp.5 << 19:07:05.166 [main] INFO Env - @{5 RCVD 4} Message(Ask)
inp.5 << 19:07:05.166 [main] INFO Env - @{5 SEND 4} Message(Share)
inp.2 << 19:07:05.166 [main] INFO Env - @{2 RCVD 4} Message(Share)
inp.2 << 19:07:05.166 [main] INFO Env - @{2 LOCKED}
inp.2 << 19:07:05.166 [main] INFO Env - @{2 RCVD 4} Message(Ask)
inp.4 << 19:07:05.166 [main] INFO Env - @{4 RCVD 5} Message(Share)
inp.1 << 19:07:05.166 [main] INFO Env - @{1 SEND 2} Message(Ask)
out.2 >> unlock
inp.2 << 19:07:05.166 [main] INFO Env - @{2 RCVD 1} Message(Ask)
inp.2 << 19:07:05.166 [main] INFO Env - @{2 UNLOCKED}
inp.2 << 19:07:05.166 [main] INFO Env - @{2 SEND 1} Message(Share)
inp.2 << 19:07:05.166 [main] INFO Env - @{2 SEND 3} Message(Share)
inp.2 << 19:07:05.166 [main] INFO Env - @{2 SEND 4} Message(Share)
inp.1 << 19:07:05.166 [main] INFO Env - @{1 SEND 3} Message(Ask)
inp.1 << 19:07:05.166 [main] INFO Env - @{1 SEND 4} Message(Ask)
inp.3 << 19:07:05.166 [main] INFO Env - @{3 RCVD 1} Message(Ask)
inp.3 << 19:07:05.166 [main] INFO Env - @{3 SEND 1} Message(Share)
inp.3 << 19:07:05.167 [main] INFO Env - @{3 SEND 1} Message(Ask)
inp.3 << 19:07:05.167 [main] INFO Env - @{3 RCVD 2} Message(Share)
inp.1 << 19:07:05.167 [main] INFO Env - @{1 SEND 5} Message(Ask)
inp.4 << 19:07:05.167 [main] INFO Env - @{4 RCVD 2} Message(Share)
inp.4 << 19:07:05.167 [main] INFO Env - @{4 RCVD 1} Message(Ask)
inp.4 << 19:07:05.167 [main] INFO Env - @{4 SEND 1} Message(Share)
inp.4 << 19:07:05.167 [main] INFO Env - @{4 SEND 1} Message(Ask)
inp.5 << 19:07:05.167 [main] INFO Env - @{5 RCVD 1} Message(Ask)
inp.5 << 19:07:05.167 [main] INFO Env - @{5 SEND 1} Message(Share)
inp.1 << 19:07:05.167 [main] INFO Env - @{1 RCVD 2} Message(Share)
inp.1 << 19:07:05.167 [main] INFO Env - @{1 RCVD 3} Message(Share)
inp.1 << 19:07:05.167 [main] INFO Env - @{1 RCVD 3} Message(Ask)
inp.1 << 19:07:05.167 [main] INFO Env - @{1 RCVD 4} Message(Share)
inp.1 << 19:07:05.167 [main] INFO Env - @{1 RCVD 4} Message(Ask)
inp.1 << 19:07:05.167 [main] INFO Env - @{1 RCVD 5} Message(Share)
inp.1 << 19:07:05.167 [main] INFO Env - @{1 LOCKED}
out.1 >> unlock
inp.1 << 19:07:05.167 [main] INFO Env - @{1 UNLOCKED}
inp.1 << 19:07:05.167 [main] INFO Env - @{1 SEND 3} Message(Share)
inp.1 << 19:07:05.167 [main] INFO Env - @{1 SEND 4} Message(Share)
inp.4 << 19:07:05.167 [main] INFO Env - @{4 RCVD 1} Message(Share)
inp.3 << 19:07:05.167 [main] INFO Env - @{3 RCVD 1} Message(Share)
inp.3 << 19:07:05.167 [main] INFO Env - @{3 LOCKED}
out.3 >> unlock
inp.3 << 19:07:05.167 [main] INFO Env - @{3 UNLOCKED}
inp.3 << 19:07:05.167 [main] INFO Env - @{3 SEND 4} Message(Share)
inp.4 << 19:07:05.168 [main] INFO Env - @{4 RCVD 3} Message(Share)
inp.4 << 19:07:05.168 [main] INFO Env - @{4 LOCKED}
out.4 >> unlock
inp.4 << 19:07:05.168 [main] INFO Env - @{4 UNLOCKED}
out.1 >> ping
out.2 >> ping
out.3 >> ping
out.4 >> ping
out.5 >> ping
inp.3 << 19:07:05.169 [main] INFO Env - @{3 PONG}
inp.5 << 19:07:05.170 [main] INFO Env - @{5 PONG}
inp.4 << 19:07:05.170 [main] INFO Env - @{4 PONG}
inp.1 << 19:07:05.170 [main] INFO Env - @{1 PONG}
inp.2 << 19:07:05.169 [main] INFO Env - @{2 PONG}
out.4 >> lock
inp.4 << 19:07:05.171 [main] INFO Env - @{4 LOCKED}
out.4 >> unlock
inp.4 << 19:07:05.171 [main] INFO Env - @{4 UNLOCKED}
out.1 >> ping
out.2 >> ping
out.3 >> ping
out.4 >> ping
out.5 >> ping
inp.3 << 19:07:05.172 [main] INFO Env - @{3 PONG}
inp.2 << 19:07:05.172 [main] INFO Env - @{2 PONG}
inp.5 << 19:07:05.172 [main] INFO Env - @{5 PONG}
inp.1 << 19:07:05.172 [main] INFO Env - @{1 PONG}
inp.4 << 19:07:05.173 [main] INFO Env - @{4 PONG}
out.4 >> lock
inp.4 << 19:07:05.173 [main] INFO Env - @{4 LOCKED}
out.4 >> unlock
inp.4 << 19:07:05.174 [main] INFO Env - @{4 UNLOCKED}
out.1 >> ping
out.2 >> ping
out.3 >> ping
out.4 >> ping
out.5 >> ping
inp.3 << 19:07:05.175 [main] INFO Env - @{3 PONG}
inp.5 << 19:07:05.175 [main] INFO Env - @{5 PONG}
inp.2 << 19:07:05.175 [main] INFO Env - @{2 PONG}
inp.4 << 19:07:05.176 [main] INFO Env - @{4 PONG}
inp.1 << 19:07:05.176 [main] INFO Env - @{1 PONG}
out.4 >> lock
inp.4 << 19:07:05.176 [main] INFO Env - @{4 LOCKED}
out.4 >> unlock
inp.4 << 19:07:05.176 [main] INFO Env - @{4 UNLOCKED}
out.1 >> ping
out.2 >> ping
out.3 >> ping
out.4 >> ping
out.5 >> ping
inp.3 << 19:07:05.177 [main] INFO Env - @{3 PONG}
inp.5 << 19:07:05.177 [main] INFO Env - @{5 PONG}
inp.2 << 19:07:05.177 [main] INFO Env - @{2 PONG}
inp.4 << 19:07:05.177 [main] INFO Env - @{4 PONG}
inp.1 << 19:07:05.177 [main] INFO Env - @{1 PONG}
out.4 >> lock
out.2 >> lock
inp.4 << 19:07:05.178 [main] INFO Env - @{4 LOCKED}
out.4 >> unlock
inp.2 << 19:07:05.178 [main] INFO Env - @{2 SEND 1} Message(Ask)
inp.2 << 19:07:05.178 [main] INFO Env - @{2 SEND 3} Message(Ask)
inp.4 << 19:07:05.178 [main] INFO Env - @{4 UNLOCKED}
inp.1 << 19:07:05.178 [main] INFO Env - @{1 RCVD 2} Message(Ask)
inp.1 << 19:07:05.178 [main] INFO Env - @{1 SEND 2} Message(Share)
inp.2 << 19:07:05.178 [main] INFO Env - @{2 SEND 4} Message(Ask)
inp.4 << 19:07:05.178 [main] INFO Env - @{4 RCVD 2} Message(Ask)
inp.2 << 19:07:05.178 [main] INFO Env - @{2 RCVD 1} Message(Share)
inp.4 << 19:07:05.178 [main] INFO Env - @{4 SEND 2} Message(Share)
inp.3 << 19:07:05.178 [main] INFO Env - @{3 RCVD 2} Message(Ask)
inp.3 << 19:07:05.178 [main] INFO Env - @{3 SEND 2} Message(Share)
inp.2 << 19:07:05.178 [main] INFO Env - @{2 RCVD 4} Message(Share)
inp.2 << 19:07:05.178 [main] INFO Env - @{2 RCVD 3} Message(Share)
inp.2 << 19:07:05.178 [main] INFO Env - @{2 LOCKED}
out.2 >> unlock
inp.2 << 19:07:05.179 [main] INFO Env - @{2 UNLOCKED}
out.1 >> ping
out.2 >> ping
out.3 >> ping
out.4 >> ping
out.5 >> ping
inp.3 << 19:07:05.179 [main] INFO Env - @{3 PONG}
inp.5 << 19:07:05.179 [main] INFO Env - @{5 PONG}
inp.2 << 19:07:05.179 [main] INFO Env - @{2 PONG}
inp.1 << 19:07:05.179 [main] INFO Env - @{1 PONG}
inp.4 << 19:07:05.179 [main] INFO Env - @{4 PONG}
out.4 >> lock
out.2 >> lock
inp.2 << 19:07:05.179 [main] INFO Env - @{2 LOCKED}
out.2 >> unlock
inp.4 << 19:07:05.179 [main] INFO Env - @{4 SEND 2} Message(Ask)
inp.2 << 19:07:05.179 [main] INFO Env - @{2 UNLOCKED}
inp.2 << 19:07:05.179 [main] INFO Env - @{2 RCVD 4} Message(Ask)
inp.2 << 19:07:05.179 [main] INFO Env - @{2 SEND 4} Message(Share)
inp.4 << 19:07:05.179 [main] INFO Env - @{4 RCVD 2} Message(Share)
inp.4 << 19:07:05.179 [main] INFO Env - @{4 LOCKED}
out.4 >> unlock
inp.4 << 19:07:05.180 [main] INFO Env - @{4 UNLOCKED}
out.1 >> ping
out.2 >> ping
out.3 >> ping
out.4 >> ping
out.5 >> ping
inp.3 << 19:07:05.180 [main] INFO Env - @{3 PONG}
inp.5 << 19:07:05.180 [main] INFO Env - @{5 PONG}
inp.2 << 19:07:05.180 [main] INFO Env - @{2 PONG}
inp.4 << 19:07:05.180 [main] INFO Env - @{4 PONG}
inp.1 << 19:07:05.180 [main] INFO Env - @{1 PONG}
out.4 >> lock
out.2 >> lock
inp.2 << 19:07:05.180 [main] INFO Env - @{2 SEND 4} Message(Ask)
inp.4 << 19:07:05.180 [main] INFO Env - @{4 LOCKED}
inp.4 << 19:07:05.180 [main] INFO Env - @{4 RCVD 2} Message(Ask)
out.4 >> unlock
inp.4 << 19:07:05.180 [main] INFO Env - @{4 UNLOCKED}
inp.4 << 19:07:05.180 [main] INFO Env - @{4 SEND 2} Message(Share)
inp.2 << 19:07:05.180 [main] INFO Env - @{2 RCVD 4} Message(Share)
inp.2 << 19:07:05.180 [main] INFO Env - @{2 LOCKED}
out.2 >> unlock
inp.2 << 19:07:05.181 [main] INFO Env - @{2 UNLOCKED}
out.1 >> ping
out.2 >> ping
out.3 >> ping
out.4 >> ping
out.5 >> ping
inp.5 << 19:07:05.181 [main] INFO Env - @{5 PONG}
inp.3 << 19:07:05.181 [main] INFO Env - @{3 PONG}
inp.2 << 19:07:05.181 [main] INFO Env - @{2 PONG}
inp.1 << 19:07:05.181 [main] INFO Env - @{1 PONG}
inp.4 << 19:07:05.181 [main] INFO Env - @{4 PONG}
out.1 >> ping
out.2 >> ping
out.3 >> ping
out.4 >> ping
out.5 >> ping
inp.5 << 19:07:05.181 [main] INFO Env - @{5 PONG}
inp.3 << 19:07:05.181 [main] INFO Env - @{3 PONG}
inp.1 << 19:07:05.181 [main] INFO Env - @{1 PONG}
inp.4 << 19:07:05.181 [main] INFO Env - @{4 PONG}
inp.2 << 19:07:05.181 [main] INFO Env - @{2 PONG}
out.1 >> lock
inp.1 << 19:07:05.182 [main] INFO Env - @{1 SEND 2} Message(Ask)
inp.1 << 19:07:05.182 [main] INFO Env - @{1 SEND 3} Message(Ask)
inp.3 << 19:07:05.182 [main] INFO Env - @{3 RCVD 1} Message(Ask)
inp.3 << 19:07:05.182 [main] INFO Env - @{3 SEND 1} Message(Share)
inp.1 << 19:07:05.182 [main] INFO Env - @{1 SEND 4} Message(Ask)
inp.2 << 19:07:05.182 [main] INFO Env - @{2 RCVD 1} Message(Ask)
inp.1 << 19:07:05.182 [main] INFO Env - @{1 RCVD 3} Message(Share)
inp.2 << 19:07:05.182 [main] INFO Env - @{2 SEND 1} Message(Share)
inp.1 << 19:07:05.182 [main] INFO Env - @{1 RCVD 2} Message(Share)
inp.4 << 19:07:05.182 [main] INFO Env - @{4 RCVD 1} Message(Ask)
inp.4 << 19:07:05.182 [main] INFO Env - @{4 SEND 1} Message(Share)
inp.1 << 19:07:05.182 [main] INFO Env - @{1 RCVD 4} Message(Share)
inp.1 << 19:07:05.182 [main] INFO Env - @{1 LOCKED}
out.1 >> unlock
inp.1 << 19:07:05.183 [main] INFO Env - @{1 UNLOCKED}
out.1 >> ping
out.2 >> ping
out.3 >> ping
out.4 >> ping
out.5 >> ping
inp.3 << 19:07:05.183 [main] INFO Env - @{3 PONG}
inp.5 << 19:07:05.183 [main] INFO Env - @{5 PONG}
inp.1 << 19:07:05.183 [main] INFO Env - @{1 PONG}
inp.2 << 19:07:05.183 [main] INFO Env - @{2 PONG}
inp.4 << 19:07:05.183 [main] INFO Env - @{4 PONG}
out.2 >> lock
inp.2 << 19:07:05.183 [main] INFO Env - @{2 SEND 1} Message(Ask)
inp.1 << 19:07:05.183 [main] INFO Env - @{1 RCVD 2} Message(Ask)
inp.1 << 19:07:05.183 [main] INFO Env - @{1 SEND 2} Message(Share)
inp.2 << 19:07:05.184 [main] INFO Env - @{2 RCVD 1} Message(Share)
inp.2 << 19:07:05.184 [main] INFO Env - @{2 LOCKED}
out.2 >> unlock
inp.2 << 19:07:05.184 [main] INFO Env - @{2 UNLOCKED}
out.1 >> ping
out.2 >> ping
out.3 >> ping
out.4 >> ping
out.5 >> ping
inp.2 << 19:07:05.184 [main] INFO Env - @{2 PONG}
inp.3 << 19:07:05.184 [main] INFO Env - @{3 PONG}
inp.5 << 19:07:05.184 [main] INFO Env - @{5 PONG}
inp.1 << 19:07:05.184 [main] INFO Env - @{1 PONG}
inp.4 << 19:07:05.184 [main] INFO Env - @{4 PONG}
out.3 >> lock
inp.3 << 19:07:05.184 [main] INFO Env - @{3 SEND 1} Message(Ask)
inp.3 << 19:07:05.184 [main] INFO Env - @{3 SEND 2} Message(Ask)
inp.3 << 19:07:05.184 [main] INFO Env - @{3 SEND 4} Message(Ask)
inp.1 << 19:07:05.184 [main] INFO Env - @{1 RCVD 3} Message(Ask)
inp.2 << 19:07:05.184 [main] INFO Env - @{2 RCVD 3} Message(Ask)
inp.2 << 19:07:05.184 [main] INFO Env - @{2 SEND 3} Message(Share)
inp.1 << 19:07:05.184 [main] INFO Env - @{1 SEND 3} Message(Share)
inp.4 << 19:07:05.184 [main] INFO Env - @{4 RCVD 3} Message(Ask)
inp.4 << 19:07:05.185 [main] INFO Env - @{4 SEND 3} Message(Share)
inp.3 << 19:07:05.185 [main] INFO Env - @{3 RCVD 1} Message(Share)
inp.3 << 19:07:05.185 [main] INFO Env - @{3 RCVD 2} Message(Share)
inp.3 << 19:07:05.185 [main] INFO Env - @{3 RCVD 4} Message(Share)
inp.3 << 19:07:05.185 [main] INFO Env - @{3 LOCKED}
out.3 >> unlock
inp.3 << 19:07:05.185 [main] INFO Env - @{3 UNLOCKED}
out.1 >> ping
out.2 >> ping
out.3 >> ping
out.4 >> ping
out.5 >> ping
inp.5 << 19:07:05.185 [main] INFO Env - @{5 PONG}
inp.3 << 19:07:05.185 [main] INFO Env - @{3 PONG}
inp.2 << 19:07:05.185 [main] INFO Env - @{2 PONG}
inp.1 << 19:07:05.185 [main] INFO Env - @{1 PONG}
inp.4 << 19:07:05.185 [main] INFO Env - @{4 PONG}
out.4 >> lock
inp.4 << 19:07:05.186 [main] INFO Env - @{4 SEND 1} Message(Ask)
inp.4 << 19:07:05.186 [main] INFO Env - @{4 SEND 2} Message(Ask)
inp.4 << 19:07:05.186 [main] INFO Env - @{4 SEND 3} Message(Ask)
inp.3 << 19:07:05.186 [main] INFO Env - @{3 RCVD 4} Message(Ask)
inp.2 << 19:07:05.186 [main] INFO Env - @{2 RCVD 4} Message(Ask)
inp.1 << 19:07:05.186 [main] INFO Env - @{1 RCVD 4} Message(Ask)
inp.3 << 19:07:05.186 [main] INFO Env - @{3 SEND 4} Message(Share)
inp.2 << 19:07:05.186 [main] INFO Env - @{2 SEND 4} Message(Share)
inp.1 << 19:07:05.186 [main] INFO Env - @{1 SEND 4} Message(Share)
inp.4 << 19:07:05.186 [main] INFO Env - @{4 RCVD 2} Message(Share)
inp.4 << 19:07:05.186 [main] INFO Env - @{4 RCVD 1} Message(Share)
inp.4 << 19:07:05.186 [main] INFO Env - @{4 RCVD 3} Message(Share)
inp.4 << 19:07:05.186 [main] INFO Env - @{4 LOCKED}
out.4 >> unlock
inp.4 << 19:07:05.186 [main] INFO Env - @{4 UNLOCKED}
out.1 >> ping
out.2 >> ping
out.3 >> ping
out.4 >> ping
out.5 >> ping
inp.3 << 19:07:05.186 [main] INFO Env - @{3 PONG}
inp.2 << 19:07:05.186 [main] INFO Env - @{2 PONG}
inp.5 << 19:07:05.186 [main] INFO Env - @{5 PONG}
inp.1 << 19:07:05.187 [main] INFO Env - @{1 PONG}
inp.4 << 19:07:05.187 [main] INFO Env - @{4 PONG}
out.5 >> lock
inp.5 << 19:07:05.187 [main] INFO Env - @{5 SEND 1} Message(Ask)
inp.5 << 19:07:05.187 [main] INFO Env - @{5 SEND 2} Message(Ask)
inp.5 << 19:07:05.187 [main] INFO Env - @{5 SEND 3} Message(Ask)
inp.5 << 19:07:05.187 [main] INFO Env - @{5 SEND 4} Message(Ask)
inp.2 << 19:07:05.187 [main] INFO Env - @{2 RCVD 5} Message(Ask)
inp.2 << 19:07:05.187 [main] INFO Env - @{2 SEND 5} Message(Share)
inp.3 << 19:07:05.187 [main] INFO Env - @{3 RCVD 5} Message(Ask)
inp.1 << 19:07:05.187 [main] INFO Env - @{1 RCVD 5} Message(Ask)
inp.1 << 19:07:05.187 [main] INFO Env - @{1 SEND 5} Message(Share)
inp.3 << 19:07:05.187 [main] INFO Env - @{3 SEND 5} Message(Share)
inp.5 << 19:07:05.187 [main] INFO Env - @{5 RCVD 2} Message(Share)
inp.5 << 19:07:05.187 [main] INFO Env - @{5 RCVD 1} Message(Share)
inp.5 << 19:07:05.187 [main] INFO Env - @{5 RCVD 3} Message(Share)
inp.4 << 19:07:05.187 [main] INFO Env - @{4 RCVD 5} Message(Ask)
inp.4 << 19:07:05.187 [main] INFO Env - @{4 SEND 5} Message(Share)
inp.5 << 19:07:05.188 [main] INFO Env - @{5 RCVD 4} Message(Share)
inp.5 << 19:07:05.188 [main] INFO Env - @{5 LOCKED}
out.5 >> unlock
inp.5 << 19:07:05.188 [main] INFO Env - @{5 UNLOCKED}
out.1 >> ping
out.2 >> ping
out.3 >> ping
out.4 >> ping
out.5 >> ping
inp.5 << 19:07:05.188 [main] INFO Env - @{5 PONG}
inp.3 << 19:07:05.188 [main] INFO Env - @{3 PONG}
inp.2 << 19:07:05.188 [main] INFO Env - @{2 PONG}
inp.1 << 19:07:05.188 [main] INFO Env - @{1 PONG}
inp.4 << 19:07:05.188 [main] INFO Env - @{4 PONG}
out.3 >> lock
out.5 >> lock
out.1 >> lock
out.2 >> lock
out.4 >> lock
inp.5 << 19:07:05.189 [main] INFO Env - @{5 LOCKED}
inp.3 << 19:07:05.189 [main] INFO Env - @{3 SEND 4} Message(Ask)
inp.3 << 19:07:05.189 [main] INFO Env - @{3 SEND 5} Message(Ask)
out.5 >> unlock
inp.5 << 19:07:05.189 [main] INFO Env - @{5 RCVD 3} Message(Ask)
inp.5 << 19:07:05.189 [main] INFO Env - @{5 UNLOCKED}
inp.2 << 19:07:05.189 [main] INFO Env - @{2 SEND 3} Message(Ask)
inp.5 << 19:07:05.189 [main] INFO Env - @{5 SEND 3} Message(Share)
inp.2 << 19:07:05.189 [main] INFO Env - @{2 SEND 4} Message(Ask)
inp.3 << 19:07:05.189 [main] INFO Env - @{3 RCVD 2} Message(Ask)
inp.2 << 19:07:05.189 [main] INFO Env - @{2 SEND 5} Message(Ask)
inp.3 << 19:07:05.190 [main] INFO Env - @{3 SEND 2} Message(Share)
inp.3 << 19:07:05.190 [main] INFO Env - @{3 SEND 2} Message(Ask)
inp.3 << 19:07:05.190 [main] INFO Env - @{3 RCVD 5} Message(Share)
inp.5 << 19:07:05.190 [main] INFO Env - @{5 RCVD 2} Message(Ask)
inp.1 << 19:07:05.189 [main] INFO Env - @{1 SEND 2} Message(Ask)
inp.2 << 19:07:05.190 [main] INFO Env - @{2 RCVD 3} Message(Share)
inp.2 << 19:07:05.190 [main] INFO Env - @{2 RCVD 3} Message(Ask)
inp.2 << 19:07:05.190 [main] INFO Env - @{2 RCVD 1} Message(Ask)
inp.5 << 19:07:05.190 [main] INFO Env - @{5 SEND 2} Message(Share)
inp.4 << 19:07:05.190 [main] INFO Env - @{4 SEND 5} Message(Ask)
inp.4 << 19:07:05.190 [main] INFO Env - @{4 RCVD 3} Message(Ask)
inp.5 << 19:07:05.190 [main] INFO Env - @{5 RCVD 4} Message(Ask)
inp.5 << 19:07:05.190 [main] INFO Env - @{5 SEND 4} Message(Share)
inp.2 << 19:07:05.190 [main] INFO Env - @{2 SEND 1} Message(Share)
inp.4 << 19:07:05.190 [main] INFO Env - @{4 SEND 3} Message(Share)
inp.2 << 19:07:05.190 [main] INFO Env - @{2 SEND 1} Message(Ask)
inp.2 << 19:07:05.190 [main] INFO Env - @{2 RCVD 5} Message(Share)
inp.3 << 19:07:05.190 [main] INFO Env - @{3 RCVD 4} Message(Share)
inp.4 << 19:07:05.190 [main] INFO Env - @{4 SEND 3} Message(Ask)
inp.1 << 19:07:05.190 [main] INFO Env - @{1 SEND 3} Message(Ask)
inp.1 << 19:07:05.190 [main] INFO Env - @{1 SEND 4} Message(Ask)
inp.3 << 19:07:05.190 [main] INFO Env - @{3 RCVD 4} Message(Ask)
inp.1 << 19:07:05.190 [main] INFO Env - @{1 SEND 5} Message(Ask)
inp.1 << 19:07:05.190 [main] INFO Env - @{1 RCVD 2} Message(Share)
inp.4 << 19:07:05.190 [main] INFO Env - @{4 RCVD 2} Message(Ask)
inp.4 << 19:07:05.190 [main] INFO Env - @{4 SEND 2} Message(Share)
inp.1 << 19:07:05.190 [main] INFO Env - @{1 RCVD 2} Message(Ask)
inp.4 << 19:07:05.190 [main] INFO Env - @{4 SEND 2} Message(Ask)
inp.4 << 19:07:05.190 [main] INFO Env - @{4 RCVD 5} Message(Share)
inp.4 << 19:07:05.190 [main] INFO Env - @{4 RCVD 1} Message(Ask)
inp.4 << 19:07:05.190 [main] INFO Env - @{4 SEND 1} Message(Share)
inp.4 << 19:07:05.190 [main] INFO Env - @{4 SEND 1} Message(Ask)
inp.5 << 19:07:05.190 [main] INFO Env - @{5 RCVD 1} Message(Ask)
inp.5 << 19:07:05.190 [main] INFO Env - @{5 SEND 1} Message(Share)
inp.3 << 19:07:05.190 [main] INFO Env - @{3 RCVD 1} Message(Ask)
inp.2 << 19:07:05.190 [main] INFO Env - @{2 RCVD 4} Message(Share)
inp.1 << 19:07:05.190 [main] INFO Env - @{1 RCVD 4} Message(Share)
inp.1 << 19:07:05.190 [main] INFO Env - @{1 RCVD 4} Message(Ask)
inp.3 << 19:07:05.190 [main] INFO Env - @{3 SEND 1} Message(Share)
inp.2 << 19:07:05.190 [main] INFO Env - @{2 RCVD 4} Message(Ask)
inp.1 << 19:07:05.190 [main] INFO Env - @{1 RCVD 5} Message(Share)
inp.3 << 19:07:05.190 [main] INFO Env - @{3 SEND 1} Message(Ask)
inp.1 << 19:07:05.190 [main] INFO Env - @{1 RCVD 3} Message(Share)
inp.1 << 19:07:05.190 [main] INFO Env - @{1 LOCKED}
inp.1 << 19:07:05.190 [main] INFO Env - @{1 RCVD 3} Message(Ask)
out.1 >> unlock
inp.1 << 19:07:05.191 [main] INFO Env - @{1 UNLOCKED}
inp.1 << 19:07:05.191 [main] INFO Env - @{1 SEND 2} Message(Share)
inp.1 << 19:07:05.191 [main] INFO Env - @{1 SEND 3} Message(Share)
inp.2 << 19:07:05.191 [main] INFO Env - @{2 RCVD 1} Message(Share)
inp.2 << 19:07:05.191 [main] INFO Env - @{2 LOCKED}
inp.1 << 19:07:05.191 [main] INFO Env - @{1 SEND 4} Message(Share)
out.2 >> unlock
inp.3 << 19:07:05.191 [main] INFO Env - @{3 RCVD 1} Message(Share)
inp.4 << 19:07:05.191 [main] INFO Env - @{4 RCVD 1} Message(Share)
inp.2 << 19:07:05.191 [main] INFO Env - @{2 UNLOCKED}
inp.2 << 19:07:05.191 [main] INFO Env - @{2 SEND 3} Message(Share)
inp.2 << 19:07:05.191 [main] INFO Env - @{2 SEND 4} Message(Share)
inp.3 << 19:07:05.191 [main] INFO Env - @{3 RCVD 2} Message(Share)
inp.3 << 19:07:05.191 [main] INFO Env - @{3 LOCKED}
inp.4 << 19:07:05.191 [main] INFO Env - @{4 RCVD 2} Message(Share)
out.3 >> unlock
inp.3 << 19:07:05.191 [main] INFO Env - @{3 UNLOCKED}
inp.3 << 19:07:05.191 [main] INFO Env - @{3 SEND 4} Message(Share)
inp.4 << 19:07:05.191 [main] INFO Env - @{4 RCVD 3} Message(Share)
inp.4 << 19:07:05.191 [main] INFO Env - @{4 LOCKED}
out.4 >> unlock
inp.4 << 19:07:05.192 [main] INFO Env - @{4 UNLOCKED}
out.1 >> ping
out.2 >> ping
out.3 >> ping
out.4 >> ping
out.5 >> ping
inp.5 << 19:07:05.192 [main] INFO Env - @{5 PONG}
inp.3 << 19:07:05.192 [main] INFO Env - @{3 PONG}
inp.2 << 19:07:05.192 [main] INFO Env - @{2 PONG}
inp.1 << 19:07:05.192 [main] INFO Env - @{1 PONG}
inp.4 << 19:07:05.192 [main] INFO Env - @{4 PONG}
out.1 >> lock
inp.1 << 19:07:05.193 [main] INFO Env - @{1 SEND 2} Message(Ask)
inp.1 << 19:07:05.193 [main] INFO Env - @{1 SEND 3} Message(Ask)
inp.3 << 19:07:05.193 [main] INFO Env - @{3 RCVD 1} Message(Ask)
inp.2 << 19:07:05.193 [main] INFO Env - @{2 RCVD 1} Message(Ask)
inp.2 << 19:07:05.193 [main] INFO Env - @{2 SEND 1} Message(Share)
inp.3 << 19:07:05.193 [main] INFO Env - @{3 SEND 1} Message(Share)
inp.1 << 19:07:05.193 [main] INFO Env - @{1 SEND 4} Message(Ask)
inp.1 << 19:07:05.193 [main] INFO Env - @{1 RCVD 2} Message(Share)
inp.1 << 19:07:05.193 [main] INFO Env - @{1 RCVD 3} Message(Share)
inp.4 << 19:07:05.193 [main] INFO Env - @{4 RCVD 1} Message(Ask)
inp.4 << 19:07:05.193 [main] INFO Env - @{4 SEND 1} Message(Share)
inp.1 << 19:07:05.194 [main] INFO Env - @{1 RCVD 4} Message(Share)
inp.1 << 19:07:05.194 [main] INFO Env - @{1 LOCKED}
out.1 >> unlock
inp.1 << 19:07:05.194 [main] INFO Env - @{1 UNLOCKED}
out.1 >> ping
out.2 >> ping
out.3 >> ping
out.4 >> ping
out.5 >> ping
inp.5 << 19:07:05.194 [main] INFO Env - @{5 PONG}
inp.3 << 19:07:05.194 [main] INFO Env - @{3 PONG}
inp.2 << 19:07:05.194 [main] INFO Env - @{2 PONG}
inp.1 << 19:07:05.194 [main] INFO Env - @{1 PONG}
inp.4 << 19:07:05.194 [main] INFO Env - @{4 PONG}
out.1 >> lock
inp.1 << 19:07:05.194 [main] INFO Env - @{1 LOCKED}
out.1 >> unlock
inp.1 << 19:07:05.195 [main] INFO Env - @{1 UNLOCKED}
out.1 >> ping
out.2 >> ping
out.3 >> ping
out.4 >> ping
out.5 >> ping
inp.5 << 19:07:05.195 [main] INFO Env - @{5 PONG}
inp.3 << 19:07:05.195 [main] INFO Env - @{3 PONG}
inp.1 << 19:07:05.195 [main] INFO Env - @{1 PONG}
inp.2 << 19:07:05.195 [main] INFO Env - @{2 PONG}
inp.4 << 19:07:05.195 [main] INFO Env - @{4 PONG}
out.1 >> lock
inp.1 << 19:07:05.195 [main] INFO Env - @{1 LOCKED}
out.1 >> unlock
inp.1 << 19:07:05.195 [main] INFO Env - @{1 UNLOCKED}
out.1 >> ping
out.2 >> ping
out.3 >> ping
out.4 >> ping
out.5 >> ping
inp.3 << 19:07:05.195 [main] INFO Env - @{3 PONG}
inp.5 << 19:07:05.195 [main] INFO Env - @{5 PONG}
inp.2 << 19:07:05.195 [main] INFO Env - @{2 PONG}
inp.1 << 19:07:05.196 [main] INFO Env - @{1 PONG}
inp.4 << 19:07:05.196 [main] INFO Env - @{4 PONG}
out.1 >> lock
out.3 >> lock
inp.3 << 19:07:05.196 [main] INFO Env - @{3 SEND 1} Message(Ask)
inp.3 << 19:07:05.196 [main] INFO Env - @{3 SEND 4} Message(Ask)
inp.1 << 19:07:05.196 [main] INFO Env - @{1 LOCKED}
inp.1 << 19:07:05.196 [main] INFO Env - @{1 RCVD 3} Message(Ask)
out.1 >> unlock
inp.1 << 19:07:05.196 [main] INFO Env - @{1 UNLOCKED}
inp.1 << 19:07:05.196 [main] INFO Env - @{1 SEND 3} Message(Share)
inp.4 << 19:07:05.196 [main] INFO Env - @{4 RCVD 3} Message(Ask)
inp.4 << 19:07:05.196 [main] INFO Env - @{4 SEND 3} Message(Share)
inp.3 << 19:07:05.196 [main] INFO Env - @{3 RCVD 1} Message(Share)
inp.3 << 19:07:05.196 [main] INFO Env - @{3 RCVD 4} Message(Share)
inp.3 << 19:07:05.196 [main] INFO Env - @{3 LOCKED}
out.3 >> unlock
inp.3 << 19:07:05.196 [main] INFO Env - @{3 UNLOCKED}
out.1 >> ping
out.2 >> ping
out.3 >> ping
out.4 >> ping
out.5 >> ping
inp.3 << 19:07:05.197 [main] INFO Env - @{3 PONG}
inp.5 << 19:07:05.197 [main] INFO Env - @{5 PONG}
inp.2 << 19:07:05.197 [main] INFO Env - @{2 PONG}
inp.1 << 19:07:05.197 [main] INFO Env - @{1 PONG}
inp.4 << 19:07:05.197 [main] INFO Env - @{4 PONG}
out.1 >> lock
out.3 >> lock
inp.3 << 19:07:05.197 [main] INFO Env - @{3 LOCKED}
out.3 >> unlock
inp.3 << 19:07:05.197 [main] INFO Env - @{3 UNLOCKED}
inp.1 << 19:07:05.197 [main] INFO Env - @{1 SEND 3} Message(Ask)
inp.3 << 19:07:05.197 [main] INFO Env - @{3 RCVD 1} Message(Ask)
inp.3 << 19:07:05.197 [main] INFO Env - @{3 SEND 1} Message(Share)
inp.1 << 19:07:05.197 [main] INFO Env - @{1 RCVD 3} Message(Share)
inp.1 << 19:07:05.197 [main] INFO Env - @{1 LOCKED}
out.1 >> unlock
inp.1 << 19:07:05.197 [main] INFO Env - @{1 UNLOCKED}
out.1 >> ping
out.2 >> ping
out.3 >> ping
out.4 >> ping
out.5 >> ping
inp.5 << 19:07:05.198 [main] INFO Env - @{5 PONG}
inp.3 << 19:07:05.198 [main] INFO Env - @{3 PONG}
inp.2 << 19:07:05.198 [main] INFO Env - @{2 PONG}
inp.1 << 19:07:05.198 [main] INFO Env - @{1 PONG}
inp.4 << 19:07:05.198 [main] INFO Env - @{4 PONG}
out.1 >> lock
out.3 >> lock
inp.1 << 19:07:05.198 [main] INFO Env - @{1 LOCKED}
out.1 >> unlock
inp.3 << 19:07:05.198 [main] INFO Env - @{3 SEND 1} Message(Ask)
inp.1 << 19:07:05.198 [main] INFO Env - @{1 RCVD 3} Message(Ask)
inp.1 << 19:07:05.198 [main] INFO Env - @{1 UNLOCKED}
inp.1 << 19:07:05.198 [main] INFO Env - @{1 SEND 3} Message(Share)
inp.3 << 19:07:05.199 [main] INFO Env - @{3 RCVD 1} Message(Share)
inp.3 << 19:07:05.199 [main] INFO Env - @{3 LOCKED}
out.3 >> unlock
inp.3 << 19:07:05.199 [main] INFO Env - @{3 UNLOCKED}
out.1 >> ping
out.2 >> ping
out.3 >> ping
out.4 >> ping
out.5 >> ping
inp.5 << 19:07:05.199 [main] INFO Env - @{5 PONG}
inp.3 << 19:07:05.199 [main] INFO Env - @{3 PONG}
inp.2 << 19:07:05.199 [main] INFO Env - @{2 PONG}
inp.1 << 19:07:05.199 [main] INFO Env - @{1 PONG}
inp.4 << 19:07:05.199 [main] INFO Env - @{4 PONG}
out.1 >> ping
out.2 >> ping
out.3 >> ping
out.4 >> ping
out.5 >> ping
inp.5 << 19:07:05.200 [main] INFO Env - @{5 PONG}
inp.3 << 19:07:05.200 [main] INFO Env - @{3 PONG}
inp.2 << 19:07:05.200 [main] INFO Env - @{2 PONG}
inp.1 << 19:07:05.200 [main] INFO Env - @{1 PONG}
inp.4 << 19:07:05.200 [main] INFO Env - @{4 PONG}
out.1 >> lock
inp.1 << 19:07:05.200 [main] INFO Env - @{1 SEND 3} Message(Ask)
inp.3 << 19:07:05.200 [main] INFO Env - @{3 RCVD 1} Message(Ask)
inp.3 << 19:07:05.200 [main] INFO Env - @{3 SEND 1} Message(Share)
inp.1 << 19:07:05.201 [main] INFO Env - @{1 RCVD 3} Message(Share)
inp.1 << 19:07:05.201 [main] INFO Env - @{1 LOCKED}
out.1 >> unlock
inp.1 << 19:07:05.201 [main] INFO Env - @{1 UNLOCKED}
out.1 >> ping
out.2 >> ping
out.3 >> ping
out.4 >> ping
out.5 >> ping
inp.5 << 19:07:05.201 [main] INFO Env - @{5 PONG}
inp.3 << 19:07:05.201 [main] INFO Env - @{3 PONG}
inp.2 << 19:07:05.201 [main] INFO Env - @{2 PONG}
inp.1 << 19:07:05.201 [main] INFO Env - @{1 PONG}
inp.4 << 19:07:05.201 [main] INFO Env - @{4 PONG}
out.2 >> lock
inp.2 << 19:07:05.201 [main] INFO Env - @{2 SEND 1} Message(Ask)
inp.2 << 19:07:05.201 [main] INFO Env - @{2 SEND 3} Message(Ask)
inp.2 << 19:07:05.202 [main] INFO Env - @{2 SEND 4} Message(Ask)
inp.1 << 19:07:05.202 [main] INFO Env - @{1 RCVD 2} Message(Ask)
inp.3 << 19:07:05.202 [main] INFO Env - @{3 RCVD 2} Message(Ask)
inp.1 << 19:07:05.202 [main] INFO Env - @{1 SEND 2} Message(Share)
inp.4 << 19:07:05.202 [main] INFO Env - @{4 RCVD 2} Message(Ask)
inp.3 << 19:07:05.202 [main] INFO Env - @{3 SEND 2} Message(Share)
inp.2 << 19:07:05.202 [main] INFO Env - @{2 RCVD 3} Message(Share)
inp.4 << 19:07:05.202 [main] INFO Env - @{4 SEND 2} Message(Share)
inp.2 << 19:07:05.202 [main] INFO Env - @{2 RCVD 1} Message(Share)
inp.2 << 19:07:05.202 [main] INFO Env - @{2 RCVD 4} Message(Share)
inp.2 << 19:07:05.202 [main] INFO Env - @{2 LOCKED}
out.2 >> unlock
inp.2 << 19:07:05.202 [main] INFO Env - @{2 UNLOCKED}
out.1 >> ping
out.2 >> ping
out.3 >> ping
out.4 >> ping
out.5 >> ping
inp.3 << 19:07:05.202 [main] INFO Env - @{3 PONG}
inp.2 << 19:07:05.202 [main] INFO Env - @{2 PONG}
inp.5 << 19:07:05.202 [main] INFO Env - @{5 PONG}
inp.1 << 19:07:05.202 [main] INFO Env - @{1 PONG}
inp.4 << 19:07:05.202 [main] INFO Env - @{4 PONG}
out.3 >> lock
inp.3 << 19:07:05.203 [main] INFO Env - @{3 SEND 1} Message(Ask)
inp.3 << 19:07:05.203 [main] INFO Env - @{3 SEND 2} Message(Ask)
inp.1 << 19:07:05.203 [main] INFO Env - @{1 RCVD 3} Message(Ask)
inp.1 << 19:07:05.203 [main] INFO Env - @{1 SEND 3} Message(Share)
inp.2 << 19:07:05.203 [main] INFO Env - @{2 RCVD 3} Message(Ask)
inp.2 << 19:07:05.203 [main] INFO Env - @{2 SEND 3} Message(Share)
inp.3 << 19:07:05.203 [main] INFO Env - @{3 RCVD 1} Message(Share)
inp.3 << 19:07:05.203 [main] INFO Env - @{3 RCVD 2} Message(Share)
inp.3 << 19:07:05.203 [main] INFO Env - @{3 LOCKED}
out.3 >> unlock
inp.3 << 19:07:05.203 [main] INFO Env - @{3 UNLOCKED}
out.1 >> ping
out.2 >> ping
out.3 >> ping
out.4 >> ping
out.5 >> ping
inp.3 << 19:07:05.203 [main] INFO Env - @{3 PONG}
inp.5 << 19:07:05.203 [main] INFO Env - @{5 PONG}
inp.2 << 19:07:05.203 [main] INFO Env - @{2 PONG}
inp.1 << 19:07:05.203 [main] INFO Env - @{1 PONG}
inp.4 << 19:07:05.203 [main] INFO Env - @{4 PONG}
out.4 >> lock
inp.4 << 19:07:05.204 [main] INFO Env - @{4 SEND 1} Message(Ask)
inp.4 << 19:07:05.204 [main] INFO Env - @{4 SEND 2} Message(Ask)
inp.4 << 19:07:05.204 [main] INFO Env - @{4 SEND 3} Message(Ask)
inp.1 << 19:07:05.204 [main] INFO Env - @{1 RCVD 4} Message(Ask)
inp.3 << 19:07:05.204 [main] INFO Env - @{3 RCVD 4} Message(Ask)
inp.2 << 19:07:05.204 [main] INFO Env - @{2 RCVD 4} Message(Ask)
inp.2 << 19:07:05.204 [main] INFO Env - @{2 SEND 4} Message(Share)
inp.3 << 19:07:05.204 [main] INFO Env - @{3 SEND 4} Message(Share)
inp.1 << 19:07:05.204 [main] INFO Env - @{1 SEND 4} Message(Share)
inp.4 << 19:07:05.204 [main] INFO Env - @{4 RCVD 2} Message(Share)
inp.4 << 19:07:05.204 [main] INFO Env - @{4 RCVD 3} Message(Share)
inp.4 << 19:07:05.204 [main] INFO Env - @{4 RCVD 1} Message(Share)
inp.4 << 19:07:05.204 [main] INFO Env - @{4 LOCKED}
out.4 >> unlock
inp.4 << 19:07:05.204 [main] INFO Env - @{4 UNLOCKED}
out.1 >> ping
out.2 >> ping
out.3 >> ping
out.4 >> ping
out.5 >> ping
inp.3 << 19:07:05.204 [main] INFO Env - @{3 PONG}
inp.2 << 19:07:05.205 [main] INFO Env - @{2 PONG}
inp.1 << 19:07:05.205 [main] INFO Env - @{1 PONG}
inp.5 << 19:07:05.205 [main] INFO Env - @{5 PONG}
inp.4 << 19:07:05.205 [main] INFO Env - @{4 PONG}
out.5 >> lock
inp.5 << 19:07:05.205 [main] INFO Env - @{5 SEND 1} Message(Ask)
inp.5 << 19:07:05.205 [main] INFO Env - @{5 SEND 2} Message(Ask)
inp.5 << 19:07:05.205 [main] INFO Env - @{5 SEND 3} Message(Ask)
inp.5 << 19:07:05.205 [main] INFO Env - @{5 SEND 4} Message(Ask)
inp.2 << 19:07:05.205 [main] INFO Env - @{2 RCVD 5} Message(Ask)
inp.2 << 19:07:05.205 [main] INFO Env - @{2 SEND 5} Message(Share)
inp.3 << 19:07:05.205 [main] INFO Env - @{3 RCVD 5} Message(Ask)
inp.3 << 19:07:05.205 [main] INFO Env - @{3 SEND 5} Message(Share)
inp.5 << 19:07:05.205 [main] INFO Env - @{5 RCVD 2} Message(Share)
inp.5 << 19:07:05.205 [main] INFO Env - @{5 RCVD 3} Message(Share)
inp.1 << 19:07:05.205 [main] INFO Env - @{1 RCVD 5} Message(Ask)
inp.1 << 19:07:05.205 [main] INFO Env - @{1 SEND 5} Message(Share)
inp.4 << 19:07:05.205 [main] INFO Env - @{4 RCVD 5} Message(Ask)
inp.5 << 19:07:05.206 [main] INFO Env - @{5 RCVD 1} Message(Share)
inp.4 << 19:07:05.206 [main] INFO Env - @{4 SEND 5} Message(Share)
inp.5 << 19:07:05.206 [main] INFO Env - @{5 RCVD 4} Message(Share)
inp.5 << 19:07:05.206 [main] INFO Env - @{5 LOCKED}
out.5 >> unlock
inp.5 << 19:07:05.206 [main] INFO Env - @{5 UNLOCKED}
out.1 >> ping
out.2 >> ping
out.3 >> ping
out.4 >> ping
out.5 >> ping
inp.5 << 19:07:05.206 [main] INFO Env - @{5 PONG}
inp.3 << 19:07:05.206 [main] INFO Env - @{3 PONG}
inp.2 << 19:07:05.206 [main] INFO Env - @{2 PONG}
inp.4 << 19:07:05.206 [main] INFO Env - @{4 PONG}
inp.1 << 19:07:05.206 [main] INFO Env - @{1 PONG}
out.1 >> lock
out.4 >> lock
out.3 >> lock
out.2 >> lock
out.5 >> lock
inp.3 << 19:07:05.207 [main] INFO Env - @{3 SEND 4} Message(Ask)
inp.5 << 19:07:05.207 [main] INFO Env - @{5 LOCKED}
inp.3 << 19:07:05.207 [main] INFO Env - @{3 SEND 5} Message(Ask)
inp.5 << 19:07:05.207 [main] INFO Env - @{5 RCVD 3} Message(Ask)
inp.2 << 19:07:05.207 [main] INFO Env - @{2 SEND 3} Message(Ask)
out.5 >> unlock
inp.2 << 19:07:05.207 [main] INFO Env - @{2 SEND 4} Message(Ask)
inp.5 << 19:07:05.207 [main] INFO Env - @{5 UNLOCKED}
inp.2 << 19:07:05.207 [main] INFO Env - @{2 SEND 5} Message(Ask)
inp.5 << 19:07:05.207 [main] INFO Env - @{5 SEND 3} Message(Share)
inp.5 << 19:07:05.207 [main] INFO Env - @{5 RCVD 2} Message(Ask)
inp.5 << 19:07:05.207 [main] INFO Env - @{5 SEND 2} Message(Share)
inp.3 << 19:07:05.207 [main] INFO Env - @{3 RCVD 2} Message(Ask)
inp.3 << 19:07:05.207 [main] INFO Env - @{3 SEND 2} Message(Share)
inp.3 << 19:07:05.207 [main] INFO Env - @{3 SEND 2} Message(Ask)
inp.3 << 19:07:05.208 [main] INFO Env - @{3 RCVD 5} Message(Share)
inp.2 << 19:07:05.208 [main] INFO Env - @{2 RCVD 5} Message(Share)
inp.2 << 19:07:05.208 [main] INFO Env - @{2 RCVD 3} Message(Share)
inp.2 << 19:07:05.208 [main] INFO Env - @{2 RCVD 3} Message(Ask)
inp.1 << 19:07:05.208 [main] INFO Env - @{1 SEND 2} Message(Ask)
inp.2 << 19:07:05.208 [main] INFO Env - @{2 RCVD 1} Message(Ask)
inp.2 << 19:07:05.208 [main] INFO Env - @{2 SEND 1} Message(Share)
inp.2 << 19:07:05.208 [main] INFO Env - @{2 SEND 1} Message(Ask)
inp.1 << 19:07:05.208 [main] INFO Env - @{1 SEND 3} Message(Ask)
inp.4 << 19:07:05.208 [main] INFO Env - @{4 SEND 5} Message(Ask)
inp.1 << 19:07:05.208 [main] INFO Env - @{1 SEND 4} Message(Ask)
inp.1 << 19:07:05.208 [main] INFO Env - @{1 SEND 5} Message(Ask)
inp.3 << 19:07:05.208 [main] INFO Env - @{3 RCVD 1} Message(Ask)
inp.5 << 19:07:05.208 [main] INFO Env - @{5 RCVD 4} Message(Ask)
inp.5 << 19:07:05.208 [main] INFO Env - @{5 SEND 4} Message(Share)
inp.5 << 19:07:05.208 [main] INFO Env - @{5 RCVD 1} Message(Ask)
inp.5 << 19:07:05.208 [main] INFO Env - @{5 SEND 1} Message(Share)
inp.3 << 19:07:05.208 [main] INFO Env - @{3 SEND 1} Message(Share)
inp.3 << 19:07:05.208 [main] INFO Env - @{3 SEND 1} Message(Ask)
inp.1 << 19:07:05.208 [main] INFO Env - @{1 RCVD 2} Message(Share)
inp.4 << 19:07:05.208 [main] INFO Env - @{4 RCVD 3} Message(Ask)
inp.1 << 19:07:05.208 [main] INFO Env - @{1 RCVD 2} Message(Ask)
inp.4 << 19:07:05.208 [main] INFO Env - @{4 SEND 3} Message(Share)
inp.1 << 19:07:05.208 [main] INFO Env - @{1 RCVD 5} Message(Share)
inp.4 << 19:07:05.208 [main] INFO Env - @{4 SEND 3} Message(Ask)
inp.1 << 19:07:05.208 [main] INFO Env - @{1 RCVD 3} Message(Share)
inp.4 << 19:07:05.208 [main] INFO Env - @{4 RCVD 2} Message(Ask)
inp.4 << 19:07:05.209 [main] INFO Env - @{4 SEND 2} Message(Share)
inp.4 << 19:07:05.209 [main] INFO Env - @{4 SEND 2} Message(Ask)
inp.4 << 19:07:05.209 [main] INFO Env - @{4 RCVD 1} Message(Ask)
inp.4 << 19:07:05.209 [main] INFO Env - @{4 SEND 1} Message(Share)
inp.1 << 19:07:05.208 [main] INFO Env - @{1 RCVD 3} Message(Ask)
inp.4 << 19:07:05.209 [main] INFO Env - @{4 SEND 1} Message(Ask)
inp.4 << 19:07:05.209 [main] INFO Env - @{4 RCVD 5} Message(Share)
inp.3 << 19:07:05.209 [main] INFO Env - @{3 RCVD 4} Message(Share)
inp.3 << 19:07:05.209 [main] INFO Env - @{3 RCVD 4} Message(Ask)
inp.2 << 19:07:05.209 [main] INFO Env - @{2 RCVD 4} Message(Share)
inp.2 << 19:07:05.209 [main] INFO Env - @{2 RCVD 4} Message(Ask)
inp.1 << 19:07:05.209 [main] INFO Env - @{1 RCVD 4} Message(Share)
inp.1 << 19:07:05.209 [main] INFO Env - @{1 LOCKED}
inp.1 << 19:07:05.209 [main] INFO Env - @{1 RCVD 4} Message(Ask)
out.1 >> unlock
inp.1 << 19:07:05.209 [main] INFO Env - @{1 UNLOCKED}
inp.1 << 19:07:05.209 [main] INFO Env - @{1 SEND 2} Message(Share)
inp.1 << 19:07:05.209 [main] INFO Env - @{1 SEND 3} Message(Share)
inp.1 << 19:07:05.209 [main] INFO Env - @{1 SEND 4} Message(Share)
inp.2 << 19:07:05.209 [main] INFO Env - @{2 RCVD 1} Message(Share)
inp.2 << 19:07:05.209 [main] INFO Env - @{2 LOCKED}
out.2 >> unlock
inp.3 << 19:07:05.209 [main] INFO Env - @{3 RCVD 1} Message(Share)
inp.4 << 19:07:05.209 [main] INFO Env - @{4 RCVD 1} Message(Share)
inp.2 << 19:07:05.209 [main] INFO Env - @{2 UNLOCKED}
inp.2 << 19:07:05.209 [main] INFO Env - @{2 SEND 3} Message(Share)
inp.2 << 19:07:05.209 [main] INFO Env - @{2 SEND 4} Message(Share)
inp.3 << 19:07:05.210 [main] INFO Env - @{3 RCVD 2} Message(Share)
inp.3 << 19:07:05.210 [main] INFO Env - @{3 LOCKED}
inp.4 << 19:07:05.210 [main] INFO Env - @{4 RCVD 2} Message(Share)
out.3 >> unlock
inp.3 << 19:07:05.210 [main] INFO Env - @{3 UNLOCKED}
inp.3 << 19:07:05.210 [main] INFO Env - @{3 SEND 4} Message(Share)
inp.4 << 19:07:05.210 [main] INFO Env - @{4 RCVD 3} Message(Share)
inp.4 << 19:07:05.210 [main] INFO Env - @{4 LOCKED}
out.4 >> unlock
inp.4 << 19:07:05.210 [main] INFO Env - @{4 UNLOCKED}
out.1 >> ping
out.2 >> ping
out.3 >> ping
out.4 >> ping
out.5 >> ping
inp.3 << 19:07:05.210 [main] INFO Env - @{3 PONG}
inp.2 << 19:07:05.210 [main] INFO Env - @{2 PONG}
inp.5 << 19:07:05.210 [main] INFO Env - @{5 PONG}
inp.4 << 19:07:05.210 [main] INFO Env - @{4 PONG}
inp.1 << 19:07:05.210 [main] INFO Env - @{1 PONG}
out.5 >> lock
inp.5 << 19:07:05.210 [main] INFO Env - @{5 SEND 1} Message(Ask)
inp.5 << 19:07:05.211 [main] INFO Env - @{5 SEND 2} Message(Ask)
inp.5 << 19:07:05.211 [main] INFO Env - @{5 SEND 3} Message(Ask)
inp.5 << 19:07:05.211 [main] INFO Env - @{5 SEND 4} Message(Ask)
inp.3 << 19:07:05.211 [main] INFO Env - @{3 RCVD 5} Message(Ask)
inp.2 << 19:07:05.211 [main] INFO Env - @{2 RCVD 5} Message(Ask)
inp.2 << 19:07:05.211 [main] INFO Env - @{2 SEND 5} Message(Share)
inp.5 << 19:07:05.211 [main] INFO Env - @{5 RCVD 2} Message(Share)
inp.3 << 19:07:05.211 [main] INFO Env - @{3 SEND 5} Message(Share)
inp.5 << 19:07:05.211 [main] INFO Env - @{5 RCVD 3} Message(Share)
inp.1 << 19:07:05.211 [main] INFO Env - @{1 RCVD 5} Message(Ask)
inp.1 << 19:07:05.211 [main] INFO Env - @{1 SEND 5} Message(Share)
inp.5 << 19:07:05.211 [main] INFO Env - @{5 RCVD 1} Message(Share)
inp.4 << 19:07:05.211 [main] INFO Env - @{4 RCVD 5} Message(Ask)
inp.4 << 19:07:05.211 [main] INFO Env - @{4 SEND 5} Message(Share)
inp.5 << 19:07:05.211 [main] INFO Env - @{5 RCVD 4} Message(Share)
inp.5 << 19:07:05.211 [main] INFO Env - @{5 LOCKED}
out.5 >> unlock
inp.5 << 19:07:05.211 [main] INFO Env - @{5 UNLOCKED}
out.1 >> ping
out.2 >> ping
out.3 >> ping
out.4 >> ping
out.5 >> ping
inp.3 << 19:07:05.212 [main] INFO Env - @{3 PONG}
inp.5 << 19:07:05.212 [main] INFO Env - @{5 PONG}
inp.2 << 19:07:05.212 [main] INFO Env - @{2 PONG}
inp.1 << 19:07:05.212 [main] INFO Env - @{1 PONG}
inp.4 << 19:07:05.212 [main] INFO Env - @{4 PONG}
out.5 >> lock
inp.5 << 19:07:05.212 [main] INFO Env - @{5 LOCKED}
out.5 >> unlock
inp.5 << 19:07:05.212 [main] INFO Env - @{5 UNLOCKED}
out.1 >> ping
out.2 >> ping
out.3 >> ping
out.4 >> ping
out.5 >> ping
inp.3 << 19:07:05.212 [main] INFO Env - @{3 PONG}
inp.5 << 19:07:05.212 [main] INFO Env - @{5 PONG}
inp.2 << 19:07:05.212 [main] INFO Env - @{2 PONG}
inp.1 << 19:07:05.213 [main] INFO Env - @{1 PONG}
inp.4 << 19:07:05.213 [main] INFO Env - @{4 PONG}
out.5 >> lock
inp.5 << 19:07:05.213 [main] INFO Env - @{5 LOCKED}
out.5 >> unlock
inp.5 << 19:07:05.213 [main] INFO Env - @{5 UNLOCKED}
out.1 >> ping
out.2 >> ping
out.3 >> ping
out.4 >> ping
out.5 >> ping
inp.5 << 19:07:05.213 [main] INFO Env - @{5 PONG}
inp.3 << 19:07:05.213 [main] INFO Env - @{3 PONG}
inp.2 << 19:07:05.213 [main] INFO Env - @{2 PONG}
inp.1 << 19:07:05.213 [main] INFO Env - @{1 PONG}
inp.4 << 19:07:05.213 [main] INFO Env - @{4 PONG}
out.5 >> lock
out.3 >> lock
inp.5 << 19:07:05.213 [main] INFO Env - @{5 LOCKED}
out.5 >> unlock
inp.3 << 19:07:05.214 [main] INFO Env - @{3 SEND 4} Message(Ask)
inp.3 << 19:07:05.214 [main] INFO Env - @{3 SEND 5} Message(Ask)
inp.5 << 19:07:05.214 [main] INFO Env - @{5 UNLOCKED}
inp.5 << 19:07:05.214 [main] INFO Env - @{5 RCVD 3} Message(Ask)
inp.4 << 19:07:05.214 [main] INFO Env - @{4 RCVD 3} Message(Ask)
inp.4 << 19:07:05.214 [main] INFO Env - @{4 SEND 3} Message(Share)
inp.5 << 19:07:05.214 [main] INFO Env - @{5 SEND 3} Message(Share)
inp.3 << 19:07:05.214 [main] INFO Env - @{3 RCVD 5} Message(Share)
inp.3 << 19:07:05.214 [main] INFO Env - @{3 RCVD 4} Message(Share)
inp.3 << 19:07:05.214 [main] INFO Env - @{3 LOCKED}
out.3 >> unlock
inp.3 << 19:07:05.214 [main] INFO Env - @{3 UNLOCKED}
out.1 >> ping
out.2 >> ping
out.3 >> ping
out.4 >> ping
out.5 >> ping
inp.5 << 19:07:05.214 [main] INFO Env - @{5 PONG}
inp.3 << 19:07:05.214 [main] INFO Env - @{3 PONG}
inp.2 << 19:07:05.214 [main] INFO Env - @{2 PONG}
inp.1 << 19:07:05.215 [main] INFO Env - @{1 PONG}
inp.4 << 19:07:05.215 [main] INFO Env - @{4 PONG}
out.5 >> lock
out.3 >> lock
inp.5 << 19:07:05.215 [main] INFO Env - @{5 SEND 3} Message(Ask)
inp.3 << 19:07:05.215 [main] INFO Env - @{3 LOCKED}
inp.3 << 19:07:05.215 [main] INFO Env - @{3 RCVD 5} Message(Ask)
out.3 >> unlock
inp.3 << 19:07:05.215 [main] INFO Env - @{3 UNLOCKED}
inp.3 << 19:07:05.215 [main] INFO Env - @{3 SEND 5} Message(Share)
inp.5 << 19:07:05.216 [main] INFO Env - @{5 RCVD 3} Message(Share)
inp.5 << 19:07:05.216 [main] INFO Env - @{5 LOCKED}
out.5 >> unlock
inp.5 << 19:07:05.216 [main] INFO Env - @{5 UNLOCKED}
out.1 >> ping
out.2 >> ping
out.3 >> ping
out.4 >> ping
out.5 >> ping
inp.5 << 19:07:05.216 [main] INFO Env - @{5 PONG}
inp.3 << 19:07:05.216 [main] INFO Env - @{3 PONG}
inp.2 << 19:07:05.216 [main] INFO Env - @{2 PONG}
inp.1 << 19:07:05.228 [main] INFO Env - @{1 PONG}
inp.4 << 19:07:05.228 [main] INFO Env - @{4 PONG}
out.5 >> lock
out.3 >> lock
inp.5 << 19:07:05.228 [main] INFO Env - @{5 LOCKED}
inp.3 << 19:07:05.229 [main] INFO Env - @{3 SEND 5} Message(Ask)
inp.5 << 19:07:05.230 [main] INFO Env - @{5 RCVD 3} Message(Ask)
out.5 >> unlock
inp.5 << 19:07:05.230 [main] INFO Env - @{5 UNLOCKED}
inp.5 << 19:07:05.230 [main] INFO Env - @{5 SEND 3} Message(Share)
inp.3 << 19:07:05.230 [main] INFO Env - @{3 RCVD 5} Message(Share)
inp.3 << 19:07:05.230 [main] INFO Env - @{3 LOCKED}
out.3 >> unlock
inp.3 << 19:07:05.231 [main] INFO Env - @{3 UNLOCKED}
out.1 >> ping
out.2 >> ping
out.3 >> ping
out.4 >> ping
out.5 >> ping
inp.5 << 19:07:05.231 [main] INFO Env - @{5 PONG}
inp.2 << 19:07:05.231 [main] INFO Env - @{2 PONG}
inp.3 << 19:07:05.231 [main] INFO Env - @{3 PONG}
inp.1 << 19:07:05.237 [main] INFO Env - @{1 PONG}
inp.4 << 19:07:05.237 [main] INFO Env - @{4 PONG}
19:07:05.238 [Test worker] INFO System - Requesting exit for all nodes
out.1 >> exit
out.2 >> exit
out.3 >> exit
out.4 >> exit
out.5 >> exit
inp.2 << 19:07:05.241 [main] INFO Env - Shutting down
inp.3 << 19:07:05.242 [main] INFO Env - Shutting down
inp.1 << 19:07:05.245 [InConn-127.0.0.1:57925] INFO InConn - Closed connection with remote process 2 at 127.0.0.1:57925
inp.4 << 19:07:05.245 [InConn-127.0.0.1:57935] INFO InConn - Closed connection with remote process 2 at 127.0.0.1:57935
inp.3 << 19:07:05.247 [InConn-127.0.0.1:57930] INFO InConn - Closed connection with remote process 2 at 127.0.0.1:57930
inp.1 << 19:07:05.248 [InConn-127.0.0.1:57927] INFO InConn - Closed connection with remote process 3 at 127.0.0.1:57927
inp.4 << 19:07:05.248 [InConn-127.0.0.1:57936] INFO InConn - Closed connection with remote process 3 at 127.0.0.1:57936
inp.1 << 19:07:05.252 [main] INFO Env - Shutting down
inp.4 << 19:07:05.254 [InConn-127.0.0.1:57934] INFO InConn - Closed connection with remote process 1 at 127.0.0.1:57934
inp.5 << 19:07:05.242 [main] INFO Env - Shutting down
inp.5 << 19:07:05.258 [InConn-127.0.0.1:57938] INFO InConn - Closed connection with remote process 1 at 127.0.0.1:57938
inp.5 << 19:07:05.258 [InConn-127.0.0.1:57943] INFO InConn - Closed connection with remote process 3 at 127.0.0.1:57943
inp.5 << 19:07:05.258 [InConn-127.0.0.1:57940] INFO InConn - Closed connection with remote process 2 at 127.0.0.1:57940
inp.4 << 19:07:05.260 [InConn-127.0.0.1:57942] INFO InConn - Closed connection with remote process 5 at 127.0.0.1:57942
inp.3 << 19:07:05.261 [InConn-127.0.0.1:57928] INFO InConn - Closed connection with remote process 1 at 127.0.0.1:57928
inp.3 << 19:07:05.261 [InConn-127.0.0.1:57941] INFO InConn - Closed connection with remote process 5 at 127.0.0.1:57941
inp.3 << 19:07:05.261 [InConn-127.0.0.1:57933] INFO InConn - Closed connection with remote process 4 at 127.0.0.1:57933
inp.2 << 19:07:05.262 [InConn-127.0.0.1:57939] INFO InConn - Closed connection with remote process 5 at 127.0.0.1:57939
inp.2 << 19:07:05.262 [InConn-127.0.0.1:57932] INFO InConn - Closed connection with remote process 4 at 127.0.0.1:57932
inp.2 << 19:07:05.262 [InConn-127.0.0.1:57926] INFO InConn - Closed connection with remote process 1 at 127.0.0.1:57926
inp.2 << 19:07:05.262 [InConn-127.0.0.1:57929] INFO InConn - Closed connection with remote process 3 at 127.0.0.1:57929
inp.4 << 19:07:05.263 [main] INFO Env - Shutting down
inp.5 << 19:07:05.265 [InConn-127.0.0.1:57944] INFO InConn - Closed connection with remote process 4 at 127.0.0.1:57944
inp.1 << 19:07:05.267 [InConn-127.0.0.1:57937] INFO InConn - Closed connection with remote process 5 at 127.0.0.1:57937
inp.1 << 19:07:05.267 [InConn-127.0.0.1:57931] INFO InConn - Closed connection with remote process 4 at 127.0.0.1:57931
19:07:05.283 [Waiter-1] INFO Waiter - Process for node.1(localhost:11001) exited with code 0
19:07:05.296 [Waiter-4] INFO Waiter - Process for node.4(localhost:11004) exited with code 0
19:07:05.356 [Waiter-3] INFO Waiter - Process for node.3(localhost:11003) exited with code 0
19:07:05.385 [Waiter-5] INFO Waiter - Process for node.5(localhost:11005) exited with code 0
19:07:05.389 [Waiter-2] INFO Waiter - Process for node.2(localhost:11002) exited with code 0
19:07:05.389 [Test worker] INFO System - System has terminated
]]></system-out>
  <system-err><![CDATA[]]></system-err>
</testsuite>
